calculator chosen: 7
func chosen: 1
cache dir chosen: /scratch/ob749/GA/cache/
FunctionName, Calculator,N,Init time (s), Calc.time(s), Calc.Freq(hz), Bytes, MaxError, FirstBlank, Err1, Err2, Err3, Blank
Smooth exp(-Ar^2-b*rho^2),linear interp; GPU Sparse Matrix   ,8,0.154,395876,2526.04,8, 0.484378,,0.484378,0.431963,0.429232,
Smooth exp(-Ar^2-b*rho^2),linear interp; GPU Sparse Matrix   ,12,0.003,94686,10561.2,8, 0.356146,,0.356146,0.253128,0.345279,
Smooth exp(-Ar^2-b*rho^2),linear interp; GPU Sparse Matrix   ,16,0.007,105272,9499.2,8, 0.226154,,0.226154,0.172341,0.177257,
Smooth exp(-Ar^2-b*rho^2),linear interp; GPU Sparse Matrix   ,20,0.012,100654,9935.02,8, 0.133817,,0.133817,0.0873799,0.106037,
Smooth exp(-Ar^2-b*rho^2),linear interp; GPU Sparse Matrix   ,24,0.021,109918,9097.69,8, 0.151253,,0.0725848,0.0748252,0.151253,
Smooth exp(-Ar^2-b*rho^2),linear interp; GPU Sparse Matrix   ,28,0.034,121810,8209.51,8, 0.140176,,0.0326052,0.0632784,0.140176,
Smooth exp(-Ar^2-b*rho^2),linear interp; GPU Sparse Matrix   ,32,0.054,142924,6996.73,8, 0.0664518,,0.00859651,0.0582343,0.0664518,
Smooth exp(-Ar^2-b*rho^2),linear interp; GPU Sparse Matrix   ,36,0.078,168979,5917.9,8, 0.0567508,,0.0567508,0.0515696,0.0382994,
Smooth exp(-Ar^2-b*rho^2),linear interp; GPU Sparse Matrix   ,40,0.144,201173,4970.85,8, 0.0590504,,0.0590504,0.0433342,0.0572677,
Smooth exp(-Ar^2-b*rho^2),linear interp; GPU Sparse Matrix   ,44,0.219,227973,4386.48,8, 0.0498321,,0.0498321,0.0397137,0.0363609,
Smooth exp(-Ar^2-b*rho^2),linear interp; GPU Sparse Matrix   ,48,0.28,251931,3969.34,8, 0.0479461,,0.0371243,0.0317729,0.0479461,
Smooth exp(-Ar^2-b*rho^2),linear interp; GPU Sparse Matrix   ,52,0.341,301529,3316.43,8, 0.0242294,,0.0242294,0.0209756,0.0171082,
Smooth exp(-Ar^2-b*rho^2),linear interp; GPU Sparse Matrix   ,56,0.405,321069,3114.6,8, 0.0279435,,0.0126459,0.0157086,0.0279435,
Smooth exp(-Ar^2-b*rho^2),linear interp; GPU Sparse Matrix   ,60,0.518,322199,3103.67,8, 0.030447,,0.00322269,0.0237876,0.030447,
Smooth exp(-Ar^2-b*rho^2),linear interp; GPU Sparse Matrix   ,64,0.593,350521,2852.9,8, 0.0432505,,0.00682585,0.0335824,0.0432505,
Smooth exp(-Ar^2-b*rho^2),linear interp; GPU Sparse Matrix   ,68,0.629,414737,2411.17,8, 0.0265041,,0.0169187,0.0265041,0.0160425,
Smooth exp(-Ar^2-b*rho^2),linear interp; GPU Sparse Matrix   ,72,0.901,441268,2266.2,8, 0.0208525,,0.0208525,0.0204293,0.0131264,
Smooth exp(-Ar^2-b*rho^2),linear interp; GPU Sparse Matrix   ,76,1.048,500736,1997.06,8, 0.0212107,,0.0186929,0.0148614,0.0212107,
Smooth exp(-Ar^2-b*rho^2),linear interp; GPU Sparse Matrix   ,80,1.198,540137,1851.38,8, 0.0146704,,0.0146704,0.0108375,0.00847181,
Smooth exp(-Ar^2-b*rho^2),linear interp; GPU Sparse Matrix   ,84,1.401,599589,1667.81,8, 0.0183917,,0.00990249,0.00739809,0.0183917,
Smooth exp(-Ar^2-b*rho^2),linear interp; GPU Sparse Matrix   ,88,1.678,658930,1517.61,8, 0.00670949,,0.00485488,0.0052814,0.00670949,
Smooth exp(-Ar^2-b*rho^2),linear interp; GPU Sparse Matrix   ,92,1.952,735858,1358.96,8, 0.013736,,0.00157267,0.0053001,0.013736,
Smooth exp(-Ar^2-b*rho^2),linear interp; GPU Sparse Matrix   ,96,2.192,788709,1267.89,8, 0.0122446,,0.00539787,0.00531133,0.0122446,
Smooth exp(-Ar^2-b*rho^2),linear interp; GPU Sparse Matrix   ,100,2.437,853213,1172.04,8, 0.020388,,0.00800949,0.00632537,0.020388,
Smooth exp(-Ar^2-b*rho^2),linear interp; GPU Sparse Matrix   ,104,2.738,953555,1048.71,8, 0.0106119,,0.0106119,0.00722809,0.00607009,
Smooth exp(-Ar^2-b*rho^2),linear interp; GPU Sparse Matrix   ,108,3.035,1.04195e+06,959.735,8, 0.010025,,0.010025,0.00762036,0.00807772,
Smooth exp(-Ar^2-b*rho^2),linear interp; GPU Sparse Matrix   ,112,3.555,1.12809e+06,886.457,8, 0.0115419,,0.00813691,0.00795508,0.0115419,
Smooth exp(-Ar^2-b*rho^2),linear interp; GPU Sparse Matrix   ,116,3.91,1.23514e+06,809.623,8, 0.008111,,0.0055584,0.008111,0.00591403,
Smooth exp(-Ar^2-b*rho^2),linear interp; GPU Sparse Matrix   ,120,4.225,1.35899e+06,735.841,8, 0.00909203,,0.0024263,0.00747252,0.00909203,
Smooth exp(-Ar^2-b*rho^2),linear interp; GPU Sparse Matrix   ,124,4.634,1.48824e+06,671.935,8, 0.00662682,,0.00115863,0.00662682,0.00360907,
Smooth exp(-Ar^2-b*rho^2),linear interp; GPU Sparse Matrix   ,128,5.105,1.6363e+06,611.135,8, 0.0086747,,0.00416343,0.00556,0.0086747,
Smooth exp(-Ar^2-b*rho^2),linear interp; GPU Sparse Matrix   ,132,5.712,1.80406e+06,554.306,8, 0.00620568,,0.00471148,0.00372077,0.00620568,
Smooth exp(-Ar^2-b*rho^2),linear interp; GPU Sparse Matrix   ,136,6.418,1.99485e+06,501.291,8, 0.0117794,,0.00662395,0.00270754,0.0117794,
Smooth exp(-Ar^2-b*rho^2),linear interp; GPU Sparse Matrix   ,140,7.043,2.16909e+06,461.023,8, 0.00641224,,0.00641224,0.00620466,0.00279317,
Smooth exp(-Ar^2-b*rho^2),linear interp; GPU Sparse Matrix   ,144,7.411,2.37821e+06,420.484,8, 0.00967928,,0.00525354,0.00967928,0.00567236,
Smooth exp(-Ar^2-b*rho^2),linear interp; GPU Sparse Matrix   ,148,8.188,2.57376e+06,388.536,8, 0.00770758,,0.00346458,0.00770758,0.00708273,
Smooth exp(-Ar^2-b*rho^2),linear interp; GPU Sparse Matrix   ,152,8.803,2.80952e+06,355.933,8, 0.00891466,,0.00138536,0.00602933,0.00891466,
Smooth exp(-Ar^2-b*rho^2),linear interp; GPU Sparse Matrix   ,156,9.366,3.07439e+06,325.267,8, 0.00520161,,0.000924359,0.00453694,0.00520161,
Smooth exp(-Ar^2-b*rho^2),linear interp; GPU Sparse Matrix   ,160,10.294,3.31278e+06,301.861,8, 0.0033109,,0.00322789,0.0033109,0.00297571,
Smooth exp(-Ar^2-b*rho^2),linear interp; GPU Sparse Matrix   ,164,11.243,3.58346e+06,279.06,8, 0.00611439,,0.00312657,0.00235004,0.00611439,
Smooth exp(-Ar^2-b*rho^2),linear interp; GPU Sparse Matrix   ,168,11.877,3.83901e+06,260.484,8, 0.00454419,,0.00454419,0.00154511,0.00331062,
Smooth exp(-Ar^2-b*rho^2),linear interp; GPU Sparse Matrix   ,172,13.349,4.47425e+06,223.501,8, 0.00743838,,0.00448147,0.00147934,0.00743838,
Smooth exp(-Ar^2-b*rho^2),linear interp; GPU Sparse Matrix   ,176,14.217,4.99215e+06,200.315,8, 0.00366567,,0.00366567,0.00198125,0.00161243,
Smooth exp(-Ar^2-b*rho^2),linear interp; GPU Sparse Matrix   ,180,15.132,5.15853e+06,193.854,8, 0.00444354,,0.00242321,0.00249443,0.00444354,
Smooth exp(-Ar^2-b*rho^2),linear interp; GPU Sparse Matrix   ,184,16.044,5.53281e+06,180.74,8, 0.00483353,,0.000907696,0.00297781,0.00483353,
Smooth exp(-Ar^2-b*rho^2),linear interp; GPU Sparse Matrix   ,188,16.836,5.77771e+06,173.079,8, 0.0094091,,0.000796642,0.00328797,0.0094091,
Smooth exp(-Ar^2-b*rho^2),linear interp; GPU Sparse Matrix   ,192,18.134,6.22195e+06,160.721,8, 0.00339258,,0.00264849,0.00339258,0.00305807,
Smooth exp(-Ar^2-b*rho^2),linear interp; GPU Sparse Matrix   ,196,16.883,6.52894e+06,153.164,8, 0.00343183,,0.00220769,0.00343183,0.00253286,
Smooth exp(-Ar^2-b*rho^2),linear interp; GPU Sparse Matrix   ,200,20.644,6.87958e+06,145.358,8, 0.00456578,,0.00335848,0.00329582,0.00456578,
Smooth exp(-Ar^2-b*rho^2),linear interp; GPU Sparse Matrix   ,204,21.536,7.80139e+06,128.182,8, 0.00335941,,0.00335941,0.00294713,0.00157679,
Smooth exp(-Ar^2-b*rho^2),linear interp; GPU Sparse Matrix   ,208,22.869,8.09988e+06,123.459,8, 0.00495566,,0.00274872,0.00248547,0.00495566,
Smooth exp(-Ar^2-b*rho^2),linear interp; GPU Sparse Matrix   ,212,24.228,8.83029e+06,113.247,8, 0.0017909,,0.0017909,0.00168499,0.0010917,
Smooth exp(-Ar^2-b*rho^2),linear interp; GPU Sparse Matrix   ,216,26.979,9.10228e+06,109.863,8, 0.0035222,,0.000613014,0.000955071,0.0035222,
Smooth exp(-Ar^2-b*rho^2),linear interp; GPU Sparse Matrix   ,220,28.514,9.35674e+06,106.875,8, 0.00336947,,0.000744184,0.00307355,0.00336947,
Smooth exp(-Ar^2-b*rho^2),linear interp; GPU Sparse Matrix   ,224,29.778,9.93936e+06,100.61,8, 0.00665419,,0.00219914,0.0049726,0.00665419,
Smooth exp(-Ar^2-b*rho^2),linear interp; GPU Sparse Matrix   ,228,31.532,1.02981e+07,97.1051,8, 0.00401117,,0.00167446,0.00401117,0.0018732,
Smooth exp(-Ar^2-b*rho^2),linear interp; GPU Sparse Matrix   ,232,33.169,1.07059e+07,93.4065,8, 0.00314816,,0.00261428,0.00314816,0.00224561,
Smooth exp(-Ar^2-b*rho^2),linear interp; GPU Sparse Matrix   ,236,34.526,1.11238e+07,89.8975,8, 0.00349508,,0.00260225,0.00234452,0.00349508,
Smooth exp(-Ar^2-b*rho^2),linear interp; GPU Sparse Matrix   ,240,36.331,1.19284e+07,83.8334,8, 0.00213274,,0.00213274,0.00163897,0.000850211,
Smooth exp(-Ar^2-b*rho^2),linear interp; GPU Sparse Matrix   ,244,38.354,1.2513e+07,79.9166,8, 0.003378,,0.00138725,0.00106292,0.003378,
Smooth exp(-Ar^2-b*rho^2),linear interp; GPU Sparse Matrix   ,248,40.278,1.38008e+07,72.4595,8, 0.000885366,,0.000434357,0.000703351,0.000885366,
Smooth exp(-Ar^2-b*rho^2),linear interp; GPU Sparse Matrix   ,252,42.097,1.38444e+07,72.2314,8, 0.00293207,,0.000659191,0.000675137,0.00293207,
Smooth exp(-Ar^2-b*rho^2),linear interp; GPU Sparse Matrix   ,256,39.726,1.38901e+07,71.9936,8, 0.00237638,,0.00186122,0.00107226,0.00237638,
Smooth exp(-Ar^2-b*rho^2),linear interp; GPU Sparse Matrix   ,260,47.203,1.52215e+07,65.6964,8, 0.00484035,,0.00130407,0.00138222,0.00484035,
Smooth exp(-Ar^2-b*rho^2),linear interp; GPU Sparse Matrix   ,264,48.538,1.59964e+07,62.5141,8, 0.00207994,,0.00207994,0.0016472,0.00110254,
Smooth exp(-Ar^2-b*rho^2),linear interp; GPU Sparse Matrix   ,268,51.894,1.68075e+07,59.4972,8, 0.00209321,,0.00209321,0.00185468,0.00201282,
Smooth exp(-Ar^2-b*rho^2),linear interp; GPU Sparse Matrix   ,272,55.111,1.75813e+07,56.8786,8, 0.00277374,,0.00172974,0.00196507,0.00277374,
Smooth exp(-Ar^2-b*rho^2),linear interp; GPU Sparse Matrix   ,276,52.197,1.85805e+07,53.8197,8, 0.00201721,,0.00111561,0.00201721,0.00155219,
Smooth exp(-Ar^2-b*rho^2),linear interp; GPU Sparse Matrix   ,280,53.164,1.91452e+07,52.2324,8, 0.00234338,,0.000314508,0.00195824,0.00234338,
Smooth exp(-Ar^2-b*rho^2),linear interp; GPU Sparse Matrix   ,284,56.673,1.98852e+07,50.2886,8, 0.00175976,,0.000601654,0.00175976,0.000989926,
Smooth exp(-Ar^2-b*rho^2),linear interp; GPU Sparse Matrix   ,288,59.273,2.10212e+07,47.5711,8, 0.00247151,,0.00160557,0.00146236,0.00247151,
Smooth exp(-Ar^2-b*rho^2),linear interp; GPU Sparse Matrix   ,292,60.992,2.25825e+07,44.2821,8, 0.0016306,,0.00104791,0.000983104,0.0016306,
Smooth exp(-Ar^2-b*rho^2),linear interp; GPU Sparse Matrix   ,296,63.789,2.27659e+07,43.9254,8, 0.00360139,,0.00171921,0.000533635,0.00360139,
Smooth exp(-Ar^2-b*rho^2),linear interp; GPU Sparse Matrix   ,300,66.286,2.39453e+07,41.7618,8, 0.00191001,,0.00173399,0.00191001,0.000656333,
Smooth exp(-Ar^2-b*rho^2),linear interp; GPU Sparse Matrix   ,304,68.401,2.48508e+07,40.2401,8, 0.00313521,,0.00142853,0.00313521,0.00182929,
Smooth exp(-Ar^2-b*rho^2),linear interp; GPU Sparse Matrix   ,308,71.829,2.5867e+07,38.6593,8, 0.00252009,,0.000901906,0.00252009,0.00221051,
Smooth exp(-Ar^2-b*rho^2),linear interp; GPU Sparse Matrix   ,312,74.286,2.71291e+07,36.8607,8, 0.00303899,,0.000234508,0.00197227,0.00303899,
Smooth exp(-Ar^2-b*rho^2),linear interp; GPU Sparse Matrix   ,316,77.92,2.87509e+07,34.7815,8, 0.00163646,,0.000536317,0.00146855,0.00163646,
Smooth exp(-Ar^2-b*rho^2),linear interp; GPU Sparse Matrix   ,320,81.676,2.89986e+07,34.4844,8, 0.001399,,0.001399,0.00102479,0.00100983,
Smooth exp(-Ar^2-b*rho^2),linear interp; GPU Sparse Matrix   ,324,85.476,3.08994e+07,32.3631,8, 0.00211316,,0.00086415,0.000667207,0.00211316,
Smooth exp(-Ar^2-b*rho^2),linear interp; GPU Sparse Matrix   ,328,88.07,3.13504e+07,31.8975,8, 0.00143662,,0.00143662,0.000439018,0.00102783,
Smooth exp(-Ar^2-b*rho^2),linear interp; GPU Sparse Matrix   ,332,90.805,3.32126e+07,30.109,8, 0.0026989,,0.001459,0.000421885,0.0026989,
Smooth exp(-Ar^2-b*rho^2),linear interp; GPU Sparse Matrix   ,336,95.812,3.45165e+07,28.9717,8, 0.00119975,,0.00119975,0.000697379,0.000400496,
Smooth exp(-Ar^2-b*rho^2),linear interp; GPU Sparse Matrix   ,340,99.894,3.49786e+07,28.5889,8, 0.0016629,,0.000757957,0.000928916,0.0016629,
Smooth exp(-Ar^2-b*rho^2),linear interp; GPU Sparse Matrix   ,344,107.494,3.57493e+07,27.9726,8, 0.00177974,,0.000185582,0.00110184,0.00177974,
Smooth exp(-Ar^2-b*rho^2),linear interp; GPU Sparse Matrix   ,348,112.1,3.71844e+07,26.893,8, 0.00374584,,0.000488962,0.00124229,0.00374584,
Smooth exp(-Ar^2-b*rho^2),linear interp; GPU Sparse Matrix   ,352,117.915,3.90978e+07,25.5769,8, 0.00132286,,0.00124317,0.00132286,0.00112791,
Smooth exp(-Ar^2-b*rho^2),linear interp; GPU Sparse Matrix   ,356,121.136,4.10785e+07,24.3436,8, 0.00134057,,0.000724247,0.00134057,0.00102714,
Smooth exp(-Ar^2-b*rho^2),linear interp; GPU Sparse Matrix   ,360,127.617,4.18887e+07,23.8728,8, 0.00181637,,0.00122808,0.00130406,0.00181637,
Smooth exp(-Ar^2-b*rho^2),linear interp; GPU Sparse Matrix   ,364,131.046,4.4292e+07,22.5774,8, 0.00125325,,0.00125325,0.00118734,0.00052113,
Smooth exp(-Ar^2-b*rho^2),linear interp; GPU Sparse Matrix   ,368,135.695,4.52569e+07,22.0961,8, 0.00204116,,0.00102834,0.000982635,0.00204116,
Smooth exp(-Ar^2-b*rho^2),linear interp; GPU Sparse Matrix   ,372,141.44,4.747e+07,21.0659,8, 0.000662014,,0.000642645,0.000662014,0.000351433,
Smooth exp(-Ar^2-b*rho^2),linear interp; GPU Sparse Matrix   ,376,146.119,4.95328e+07,20.1887,8, 0.00150921,,0.000142542,0.000320422,0.00150921,
Smooth exp(-Ar^2-b*rho^2),linear interp; GPU Sparse Matrix   ,380,151.44,5.09522e+07,19.6262,8, 0.00140587,,0.000450086,0.00132294,0.00140587,
Smooth exp(-Ar^2-b*rho^2),linear interp; GPU Sparse Matrix   ,384,150.861,5.22114e+07,19.1529,8, 0.00295397,,0.00110649,0.00219347,0.00295397,
Smooth exp(-Ar^2-b*rho^2),linear interp; GPU Sparse Matrix   ,388,157.157,5.51308e+07,18.1387,8, 0.00177191,,0.000623331,0.00177191,0.000757667,
Smooth exp(-Ar^2-b*rho^2),linear interp; GPU Sparse Matrix   ,392,164.623,5.69874e+07,17.5477,8, 0.0013896,,0.00106342,0.0013896,0.00100645,
Smooth exp(-Ar^2-b*rho^2),linear interp; GPU Sparse Matrix   ,396,169.522,5.89024e+07,16.9772,8, 0.00156626,,0.0010847,0.00103611,0.00156626,
Smooth exp(-Ar^2-b*rho^2),linear interp; GPU Sparse Matrix   ,400,178.735,5.98844e+07,16.6988,8, 0.00089027,,0.00089027,0.000711983,0.000333525,
Smooth exp(-Ar^2-b*rho^2),linear interp; GPU Sparse Matrix   ,404,183.471,6.15826e+07,16.2383,8, 0.00154179,,0.000554203,0.000440682,0.00154179,
Smooth exp(-Ar^2-b*rho^2),linear interp; GPU Sparse Matrix   ,408,188.379,6.30122e+07,15.8699,8, 0.000414741,,0.000113153,0.000282638,0.000414741,
Smooth exp(-Ar^2-b*rho^2),linear interp; GPU Sparse Matrix   ,412,192.003,6.498e+07,15.3893,8, 0.00137609,,0.000409484,0.000294212,0.00137609,
Smooth exp(-Ar^2-b*rho^2),linear interp; GPU Sparse Matrix   ,416,203.421,6.85635e+07,14.585,8, 0.00108915,,0.000994551,0.000490268,0.00108915,
Smooth exp(-Ar^2-b*rho^2),linear interp; GPU Sparse Matrix   ,420,211.52,7.0562e+07,14.1719,8, 0.00234137,,0.000535123,0.000662049,0.00234137,
Smooth exp(-Ar^2-b*rho^2),linear interp; GPU Sparse Matrix   ,424,218.828,7.22617e+07,13.8386,8, 0.000928082,,0.000928082,0.000794855,0.000492332,
Smooth exp(-Ar^2-b*rho^2),linear interp; GPU Sparse Matrix   ,428,220.981,7.19295e+07,13.9025,8, 0.000989589,,0.000954299,0.000902179,0.000989589,
Smooth exp(-Ar^2-b*rho^2),linear interp; GPU Sparse Matrix   ,432,242.191,7.69679e+07,12.9924,8, 0.0013496,,0.000784726,0.000966116,0.0013496,
Smooth exp(-Ar^2-b*rho^2),linear interp; GPU Sparse Matrix   ,436,247.461,7.96177e+07,12.56,8, 0.000985456,,0.000485028,0.000985456,0.000775689,
Smooth exp(-Ar^2-b*rho^2),linear interp; GPU Sparse Matrix   ,440,253.848,8.41806e+07,11.8792,8, 0.00115099,,8.77456e-05,0.000961497,0.00115099,
Smooth exp(-Ar^2-b*rho^2),linear interp; GPU Sparse Matrix   ,444,261.175,8.60662e+07,11.619,8, 0.000877824,,0.000378297,0.000877824,0.0004891,
Smooth exp(-Ar^2-b*rho^2),linear interp; GPU Sparse Matrix   ,448,272.585,8.95944e+07,11.1614,8, 0.00125194,,0.000902326,0.000717474,0.00125194,
Smooth exp(-Ar^2-b*rho^2),linear interp; GPU Sparse Matrix   ,452,282.651,9.23512e+07,10.8282,8, 0.000799818,,0.000468066,0.000472231,0.000799818,
Smooth exp(-Ar^2-b*rho^2),linear interp; GPU Sparse Matrix   ,456,288.755,9.5265e+07,10.497,8, 0.00186321,,0.000824568,0.000239771,0.00186321,
Smooth exp(-Ar^2-b*rho^2),linear interp; GPU Sparse Matrix   ,460,290.448,9.60714e+07,10.4089,8, 0.000990467,,0.000846953,0.000990467,0.000294945,
Smooth exp(-Ar^2-b*rho^2),linear interp; GPU Sparse Matrix   ,464,302.804,9.915e+07,10.0857,8, 0.00164858,,0.000692759,0.00164858,0.000954485,
Smooth exp(-Ar^2-b*rho^2),linear interp; GPU Sparse Matrix   ,468,311.362,1.06224e+08,9.41408,8, 0.00133021,,0.000423776,0.00133021,0.00114999,
Smooth exp(-Ar^2-b*rho^2),linear interp; GPU Sparse Matrix   ,472,317.446,1.07001e+08,9.34572,8, 0.00163213,,7.08764e-05,0.00103565,0.00163213,
Smooth exp(-Ar^2-b*rho^2),linear interp; GPU Sparse Matrix   ,476,326.451,1.12382e+08,8.89823,8, 0.000853809,,0.000347139,0.000769854,0.000853809,
Smooth exp(-Ar^2-b*rho^2),linear interp; GPU Sparse Matrix   ,480,337.084,1.15396e+08,8.66578,8, 0.000821827,,0.000821827,0.000528198,0.000542586,
Smooth exp(-Ar^2-b*rho^2),linear interp; GPU Sparse Matrix   ,484,350.991,1.20578e+08,8.29338,8, 0.00113543,,0.000412729,0.000326999,0.00113543,
Smooth exp(-Ar^2-b*rho^2),linear interp; GPU Sparse Matrix   ,488,365.112,1.24581e+08,8.02691,8, 0.000734809,,0.000734809,0.000202034,0.000530365,
Smooth exp(-Ar^2-b*rho^2),linear interp; GPU Sparse Matrix   ,492,386.13,1.27294e+08,7.85585,8, 0.00147848,,0.000755183,0.00022202,0.00147848,
