calculator chosen: 9
func chosen: 1
cache dir chosen: /scratch/ob749/GA/cache/
FunctionName, Calculator,N,Init time (s), Calc.time(s), Calc.Freq(hz), Bytes, MaxError, FirstBlank, Err1, Err2, Err3, Blank
Smooth exp(-Ar^2-b*rho^2),chebyshev interp; GPU Dense Matrix ,8,0.137,114699,8718.47,8, 0.692435,,0.670663,0.692435,0.677015,
Smooth exp(-Ar^2-b*rho^2),chebyshev interp; GPU Dense Matrix ,12,0.009,120574,8293.66,8, 0.239812,,0.239812,0.197559,0.204463,
Smooth exp(-Ar^2-b*rho^2),chebyshev interp; GPU Dense Matrix ,16,0.024,133015,7517.95,8, 0.0614392,,0.0597624,0.0614392,0.0583091,
Smooth exp(-Ar^2-b*rho^2),chebyshev interp; GPU Dense Matrix ,20,0.022,186607,5358.86,8, 0.011308,,0.0109348,0.0101213,0.011308,
Smooth exp(-Ar^2-b*rho^2),chebyshev interp; GPU Dense Matrix ,24,0.034,235091,4253.67,8, 0.0019714,,0.00177997,0.00171022,0.0019714,
Smooth exp(-Ar^2-b*rho^2),chebyshev interp; GPU Dense Matrix ,28,0.071,279347,3579.78,8, 0.00039512,,0.000199943,0.00039512,0.000261599,
Smooth exp(-Ar^2-b*rho^2),chebyshev interp; GPU Dense Matrix ,32,0.248,515099,1941.37,8, 3.1775e-05,,1.50327e-05,2.78867e-05,3.1775e-05,
Smooth exp(-Ar^2-b*rho^2),chebyshev interp; GPU Dense Matrix ,36,0.38,543744,1839.1,8, 2.90858e-06,,5.99514e-07,2.90858e-06,2.6313e-06,
Smooth exp(-Ar^2-b*rho^2),chebyshev interp; GPU Dense Matrix ,40,42.014,664029,1505.96,8, 3.63794e-07,,3.86566e-08,3.63794e-07,2.20994e-07,
Smooth exp(-Ar^2-b*rho^2),chebyshev interp; GPU Dense Matrix ,44,46.439,974865,1025.78,8, 1.39764e-08,,5.11908e-09,1.25458e-08,1.39764e-08,
Smooth exp(-Ar^2-b*rho^2),chebyshev interp; GPU Dense Matrix ,48,216.193,1.20986e+06,826.542,8, 1.11919e-09,,4.8709e-10,1.11919e-09,8.03417e-10,
Smooth exp(-Ar^2-b*rho^2),chebyshev interp; GPU Dense Matrix ,52,432.99,1.36821e+06,730.88,8, 6.09443e-11,,3.16497e-11,6.09443e-11,3.77828e-11,
Smooth exp(-Ar^2-b*rho^2),chebyshev interp; GPU Dense Matrix ,56,538.047,1.58301e+06,631.708,8, 2.47714e-11,,5.01314e-12,5.91326e-12,2.47714e-11,
Smooth exp(-Ar^2-b*rho^2),chebyshev interp; GPU Dense Matrix ,60,758.521,2.46958e+06,404.927,8, 2.43015e-11,,4.31473e-12,5.09732e-12,2.43015e-11,
Smooth exp(-Ar^2-b*rho^2),chebyshev interp; GPU Dense Matrix ,64,1020.37,2.35214e+06,425.145,8, 1.38934e-11,,3.73459e-12,5.31982e-12,1.38934e-11,
Smooth exp(-Ar^2-b*rho^2),chebyshev interp; GPU Dense Matrix ,68,1258.29,3.75719e+06,266.156,8, 1.98055e-11,,3.75135e-12,7.00677e-12,1.98055e-11,
Smooth exp(-Ar^2-b*rho^2),chebyshev interp; GPU Dense Matrix ,72,1605.28,4.41653e+06,226.422,8, 2.31933e-11,,4.81423e-12,8.83527e-12,2.31933e-11,
Smooth exp(-Ar^2-b*rho^2),chebyshev interp; GPU Dense Matrix ,76,2023.82,4.38327e+06,228.14,8, 2.44753e-11,,5.0898e-12,1.07746e-11,2.44753e-11,
Smooth exp(-Ar^2-b*rho^2),chebyshev interp; GPU Dense Matrix ,80,2273.07,6.38508e+06,156.615,8, 1.50018e-11,,5.13573e-12,6.45267e-12,1.50018e-11,
Smooth exp(-Ar^2-b*rho^2),chebyshev interp; GPU Dense Matrix ,84,2878,7.7089e+06,129.72,8, 1.71119e-11,,4.83057e-12,7.86703e-12,1.71119e-11,
