calculator chosen: 3
func chosen: 1
cache dir chosen: /scratch/ob749/GA/cache/
FunctionName, Calculator,N,Init time (s), Calc.time(s), Calc.Freq(hz), Bytes, MaxError, FirstBlank, Err1, Err2, Err3, Blank
Smooth exp(-Ar^2-b*rho^2),bicubic interp; CPU Sparse Matrix  ,8,0.001,4.09018e+06,244.488,8, 0.245828,,0.0392071,0.245828,0.205864,
Smooth exp(-Ar^2-b*rho^2),bicubic interp; CPU Sparse Matrix  ,12,0.005,1.52556e+06,655.496,8, 0.0586456,,0.0126693,0.0586456,0.0514305,
Smooth exp(-Ar^2-b*rho^2),bicubic interp; CPU Sparse Matrix  ,16,0.011,800500,1249.22,8, 0.0193905,,0.00899919,0.0159025,0.0193905,
Smooth exp(-Ar^2-b*rho^2),bicubic interp; CPU Sparse Matrix  ,20,0.025,5.56094e+06,179.826,8, 0.00567773,,0.00550951,0.0049656,0.00567773,
Smooth exp(-Ar^2-b*rho^2),bicubic interp; CPU Sparse Matrix  ,24,0.057,1.2108e+07,82.5899,8, 0.002965,,0.002965,0.00178686,0.00105544,
Smooth exp(-Ar^2-b*rho^2),bicubic interp; CPU Sparse Matrix  ,28,0.093,1.32892e+07,75.2488,8, 0.00144903,,0.00144903,0.000714873,0.000637616,
Smooth exp(-Ar^2-b*rho^2),bicubic interp; CPU Sparse Matrix  ,32,0.144,1.24835e+07,80.1059,8, 0.000633744,,0.000633744,0.00031026,0.000526117,
Smooth exp(-Ar^2-b*rho^2),bicubic interp; CPU Sparse Matrix  ,36,0.235,1.27856e+06,782.132,8, 0.000302831,,0.000246881,0.000143485,0.000302831,
Smooth exp(-Ar^2-b*rho^2),bicubic interp; CPU Sparse Matrix  ,40,0.301,7.56329e+06,132.218,8, 0.000112498,,0.000112498,7.05117e-05,0.000106884,
Smooth exp(-Ar^2-b*rho^2),bicubic interp; CPU Sparse Matrix  ,44,0.476,2.20024e+06,454.495,8, 7.63503e-05,,7.63503e-05,4.77616e-05,5.71695e-05,
Smooth exp(-Ar^2-b*rho^2),bicubic interp; CPU Sparse Matrix  ,48,0.581,2.61852e+06,381.896,8, 6.65586e-05,,6.65586e-05,3.17894e-05,5.66148e-05,
Smooth exp(-Ar^2-b*rho^2),bicubic interp; CPU Sparse Matrix  ,52,0.719,3.45113e+06,289.76,8, 5.88226e-05,,5.88226e-05,2.20331e-05,4.92571e-05,
Smooth exp(-Ar^2-b*rho^2),bicubic interp; CPU Sparse Matrix  ,56,1.043,1.54442e+07,64.7494,8, 4.80017e-05,,4.80017e-05,1.60513e-05,2.69847e-05,
Smooth exp(-Ar^2-b*rho^2),bicubic interp; CPU Sparse Matrix  ,60,1.243,9.92781e+06,100.727,8, 3.52337e-05,,3.52337e-05,1.20685e-05,1.27894e-05,
Smooth exp(-Ar^2-b*rho^2),bicubic interp; CPU Sparse Matrix  ,64,1.458,5.8414e+06,171.192,8, 2.2946e-05,,2.2946e-05,1.03376e-05,1.18131e-05,
Smooth exp(-Ar^2-b*rho^2),bicubic interp; CPU Sparse Matrix  ,68,1.801,1.59965e+07,62.5139,8, 1.36715e-05,,1.36715e-05,8.78288e-06,1.28963e-05,
Smooth exp(-Ar^2-b*rho^2),bicubic interp; CPU Sparse Matrix  ,72,2.299,1.27952e+07,78.1543,8, 9.70003e-06,,9.19614e-06,7.3662e-06,9.70003e-06,
Smooth exp(-Ar^2-b*rho^2),bicubic interp; CPU Sparse Matrix  ,76,2.698,1.71727e+07,58.232,8, 7.66304e-06,,7.66304e-06,6.12559e-06,4.69522e-06,
Smooth exp(-Ar^2-b*rho^2),bicubic interp; CPU Sparse Matrix  ,80,3.128,2.67225e+07,37.4216,8, 7.21992e-06,,7.21992e-06,5.05965e-06,3.77809e-06,
Smooth exp(-Ar^2-b*rho^2),bicubic interp; CPU Sparse Matrix  ,84,3.581,2.00893e+07,49.7779,8, 6.82136e-06,,6.82136e-06,4.15302e-06,4.39858e-06,
Smooth exp(-Ar^2-b*rho^2),bicubic interp; CPU Sparse Matrix  ,88,4.59,1.46082e+07,68.4547,8, 6.067e-06,,6.067e-06,3.38713e-06,4.13897e-06,
Smooth exp(-Ar^2-b*rho^2),bicubic interp; CPU Sparse Matrix  ,92,5.095,2.4021e+07,41.6302,8, 4.95465e-06,,4.95465e-06,2.74925e-06,2.59784e-06,
Smooth exp(-Ar^2-b*rho^2),bicubic interp; CPU Sparse Matrix  ,96,5.93,2.37728e+07,42.0648,8, 3.68809e-06,,3.68809e-06,2.22687e-06,1.63217e-06,
Smooth exp(-Ar^2-b*rho^2),bicubic interp; CPU Sparse Matrix  ,100,6.678,3.24144e+07,30.8505,8, 2.60626e-06,,2.60626e-06,1.78625e-06,1.66191e-06,
Smooth exp(-Ar^2-b*rho^2),bicubic interp; CPU Sparse Matrix  ,104,7.572,2.82095e+07,35.449,8, 2.03652e-06,,2.03652e-06,1.42012e-06,1.92356e-06,
Smooth exp(-Ar^2-b*rho^2),bicubic interp; CPU Sparse Matrix  ,108,8.464,3.11247e+07,32.1288,8, 1.83199e-06,,1.83199e-06,1.12034e-06,1.51733e-06,
Smooth exp(-Ar^2-b*rho^2),bicubic interp; CPU Sparse Matrix  ,112,10.39,3.7621e+07,26.5809,8, 1.77396e-06,,1.77396e-06,8.79363e-07,8.57712e-07,
Smooth exp(-Ar^2-b*rho^2),bicubic interp; CPU Sparse Matrix  ,116,11.502,4.27311e+07,23.4022,8, 1.70995e-06,,1.70995e-06,6.97624e-07,7.78917e-07,
Smooth exp(-Ar^2-b*rho^2),bicubic interp; CPU Sparse Matrix  ,120,12.607,4.08436e+07,24.4837,8, 1.56724e-06,,1.56724e-06,5.62554e-07,9.44695e-07,
Smooth exp(-Ar^2-b*rho^2),bicubic interp; CPU Sparse Matrix  ,124,13.937,4.47054e+07,22.3687,8, 1.33876e-06,,1.33876e-06,4.92644e-07,9.019e-07,
Smooth exp(-Ar^2-b*rho^2),bicubic interp; CPU Sparse Matrix  ,128,15.349,4.90178e+07,20.4008,8, 1.06364e-06,,1.06364e-06,4.34792e-07,5.95038e-07,
Smooth exp(-Ar^2-b*rho^2),bicubic interp; CPU Sparse Matrix  ,132,17.088,5.2793e+07,18.9419,8, 8.20552e-07,,8.20552e-07,3.84993e-07,4.33869e-07,
Smooth exp(-Ar^2-b*rho^2),bicubic interp; CPU Sparse Matrix  ,136,19.558,5.41046e+07,18.4827,8, 6.90194e-07,,6.90194e-07,3.40637e-07,4.6631e-07,
Smooth exp(-Ar^2-b*rho^2),bicubic interp; CPU Sparse Matrix  ,140,21.726,6.86794e+07,14.5604,8, 6.44528e-07,,6.44528e-07,3.03946e-07,5.37246e-07,
Smooth exp(-Ar^2-b*rho^2),bicubic interp; CPU Sparse Matrix  ,144,23.465,6.3847e+07,15.6624,8, 6.32844e-07,,6.32844e-07,2.92593e-07,4.25659e-07,
Smooth exp(-Ar^2-b*rho^2),bicubic interp; CPU Sparse Matrix  ,148,25.389,7.09929e+07,14.0859,8, 6.16011e-07,,6.16011e-07,2.83386e-07,2.71144e-07,
Smooth exp(-Ar^2-b*rho^2),bicubic interp; CPU Sparse Matrix  ,152,27.371,7.41516e+07,13.4859,8, 5.73418e-07,,5.73418e-07,2.72174e-07,2.5662e-07,
Smooth exp(-Ar^2-b*rho^2),bicubic interp; CPU Sparse Matrix  ,156,29.72,7.99752e+07,12.5039,8, 5.02377e-07,,5.02377e-07,2.5923e-07,3.16693e-07,
Smooth exp(-Ar^2-b*rho^2),bicubic interp; CPU Sparse Matrix  ,160,31.952,8.9051e+07,11.2295,8, 4.14964e-07,,4.14964e-07,2.43728e-07,2.98598e-07,
Smooth exp(-Ar^2-b*rho^2),bicubic interp; CPU Sparse Matrix  ,164,34.881,9.45394e+07,10.5776,8, 3.37341e-07,,3.37341e-07,2.26044e-07,2.02161e-07,
Smooth exp(-Ar^2-b*rho^2),bicubic interp; CPU Sparse Matrix  ,168,37.469,1.01189e+08,9.88246,8, 2.96056e-07,,2.96056e-07,2.06816e-07,1.61999e-07,
Smooth exp(-Ar^2-b*rho^2),bicubic interp; CPU Sparse Matrix  ,172,41.947,1.12558e+08,8.88432,8, 2.82483e-07,,2.82483e-07,1.86644e-07,1.8239e-07,
Smooth exp(-Ar^2-b*rho^2),bicubic interp; CPU Sparse Matrix  ,176,45.701,1.14775e+08,8.71271,8, 2.79699e-07,,2.79699e-07,1.6637e-07,2.04575e-07,
Smooth exp(-Ar^2-b*rho^2),bicubic interp; CPU Sparse Matrix  ,180,49.905,1.25012e+08,7.99926,8, 2.73922e-07,,2.73922e-07,1.46592e-07,1.61162e-07,
Smooth exp(-Ar^2-b*rho^2),bicubic interp; CPU Sparse Matrix  ,184,52.488,1.32622e+08,7.5402,8, 2.57511e-07,,2.57511e-07,1.27846e-07,1.1139e-07,
Smooth exp(-Ar^2-b*rho^2),bicubic interp; CPU Sparse Matrix  ,188,55.254,1.4211e+08,7.03681,8, 2.29404e-07,,2.29404e-07,1.10605e-07,1.09217e-07,
Smooth exp(-Ar^2-b*rho^2),bicubic interp; CPU Sparse Matrix  ,192,58.815,1.50558e+08,6.64198,8, 1.94495e-07,,1.94495e-07,9.51886e-08,1.35266e-07,
Smooth exp(-Ar^2-b*rho^2),bicubic interp; CPU Sparse Matrix  ,196,62.797,1.61599e+08,6.18814,8, 1.63662e-07,,1.63662e-07,8.18556e-08,1.25224e-07,
Smooth exp(-Ar^2-b*rho^2),bicubic interp; CPU Sparse Matrix  ,200,67.243,1.73098e+08,5.77708,8, 1.47588e-07,,1.47588e-07,7.11429e-08,8.65953e-08,
Smooth exp(-Ar^2-b*rho^2),bicubic interp; CPU Sparse Matrix  ,204,71.712,1.84905e+08,5.40818,8, 1.42769e-07,,1.42769e-07,6.39153e-08,7.40019e-08,
Smooth exp(-Ar^2-b*rho^2),bicubic interp; CPU Sparse Matrix  ,208,75.665,1.93512e+08,5.16764,8, 1.42151e-07,,1.42151e-07,5.92721e-08,8.62481e-08,
Smooth exp(-Ar^2-b*rho^2),bicubic interp; CPU Sparse Matrix  ,212,79.842,2.08524e+08,4.79562,8, 1.39809e-07,,1.39809e-07,5.49775e-08,9.37685e-08,
Smooth exp(-Ar^2-b*rho^2),bicubic interp; CPU Sparse Matrix  ,216,90.771,1.69643e+08,5.89473,8, 1.32362e-07,,1.32362e-07,5.11205e-08,7.35069e-08,
Smooth exp(-Ar^2-b*rho^2),bicubic interp; CPU Sparse Matrix  ,220,94.65,2.1161e+08,4.72568,8, 1.19346e-07,,1.19346e-07,4.82872e-08,5.40852e-08,
Smooth exp(-Ar^2-b*rho^2),bicubic interp; CPU Sparse Matrix  ,224,98.085,2.34756e+08,4.25974,8, 1.03108e-07,,1.03108e-07,4.78442e-08,5.48747e-08,
Smooth exp(-Ar^2-b*rho^2),bicubic interp; CPU Sparse Matrix  ,228,104.532,2.42049e+08,4.13139,8, 8.89005e-08,,8.89005e-08,4.75662e-08,6.72392e-08,
Smooth exp(-Ar^2-b*rho^2),bicubic interp; CPU Sparse Matrix  ,232,109.782,2.55691e+08,3.91097,8, 8.16801e-08,,8.16801e-08,4.70994e-08,6.10043e-08,
Smooth exp(-Ar^2-b*rho^2),bicubic interp; CPU Sparse Matrix  ,236,115.686,2.72902e+08,3.66432,8, 7.97583e-08,,7.97583e-08,4.61885e-08,4.29371e-08,
Smooth exp(-Ar^2-b*rho^2),bicubic interp; CPU Sparse Matrix  ,240,119.892,2.80764e+08,3.5617,8, 7.9725e-08,,7.9725e-08,4.47671e-08,3.86377e-08,
Smooth exp(-Ar^2-b*rho^2),bicubic interp; CPU Sparse Matrix  ,244,127.158,2.99123e+08,3.34311,8, 7.86618e-08,,7.86618e-08,4.29263e-08,4.61945e-08,
Smooth exp(-Ar^2-b*rho^2),bicubic interp; CPU Sparse Matrix  ,248,132.658,3.14e+08,3.18471,8, 7.48734e-08,,7.48734e-08,4.06923e-08,4.8781e-08,
Smooth exp(-Ar^2-b*rho^2),bicubic interp; CPU Sparse Matrix  ,252,138.714,3.30861e+08,3.02242,8, 6.81374e-08,,6.81374e-08,3.79322e-08,3.79135e-08,
Smooth exp(-Ar^2-b*rho^2),bicubic interp; CPU Sparse Matrix  ,256,146.179,3.4951e+08,2.86115,8, 5.9714e-08,,5.9714e-08,3.49333e-08,2.93179e-08,
Smooth exp(-Ar^2-b*rho^2),bicubic interp; CPU Sparse Matrix  ,260,153.892,3.6551e+08,2.7359,8, 5.24255e-08,,5.24255e-08,3.19013e-08,3.09235e-08,
Smooth exp(-Ar^2-b*rho^2),bicubic interp; CPU Sparse Matrix  ,264,165.283,3.82805e+08,2.61229,8, 4.88241e-08,,4.88241e-08,2.89397e-08,3.70444e-08,
Smooth exp(-Ar^2-b*rho^2),bicubic interp; CPU Sparse Matrix  ,268,170.476,4.03595e+08,2.47773,8, 4.79973e-08,,4.79973e-08,2.6079e-08,3.30658e-08,
Smooth exp(-Ar^2-b*rho^2),bicubic interp; CPU Sparse Matrix  ,272,186.764,4.17785e+08,2.39357,8, 4.81149e-08,,4.81149e-08,2.32374e-08,2.38063e-08,
Smooth exp(-Ar^2-b*rho^2),bicubic interp; CPU Sparse Matrix  ,276,196.13,4.41346e+08,2.2658,8, 4.75906e-08,,4.75906e-08,2.06883e-08,2.22241e-08,
Smooth exp(-Ar^2-b*rho^2),bicubic interp; CPU Sparse Matrix  ,280,205.038,4.57973e+08,2.18353,8, 4.54939e-08,,4.54939e-08,1.85659e-08,2.69599e-08,
Smooth exp(-Ar^2-b*rho^2),bicubic interp; CPU Sparse Matrix  ,284,214.284,4.81515e+08,2.07678,8, 4.17062e-08,,4.17062e-08,1.69403e-08,2.75939e-08,
Smooth exp(-Ar^2-b*rho^2),bicubic interp; CPU Sparse Matrix  ,288,221.894,5.10941e+08,1.95717,8, 3.69667e-08,,3.69667e-08,1.58335e-08,2.13129e-08,
Smooth exp(-Ar^2-b*rho^2),bicubic interp; CPU Sparse Matrix  ,292,237.775,5.31498e+08,1.88147,8, 3.29089e-08,,3.29089e-08,1.50458e-08,1.74039e-08,
Smooth exp(-Ar^2-b*rho^2),bicubic interp; CPU Sparse Matrix  ,296,238.216,5.55721e+08,1.79947,8, 3.09627e-08,,3.09627e-08,1.42933e-08,1.90905e-08,
Smooth exp(-Ar^2-b*rho^2),bicubic interp; CPU Sparse Matrix  ,300,254.19,5.66987e+08,1.76371,8, 3.0592e-08,,3.0592e-08,1.40408e-08,2.20999e-08,
Smooth exp(-Ar^2-b*rho^2),bicubic interp; CPU Sparse Matrix  ,304,259.826,5.96978e+08,1.6751,8, 3.07333e-08,,3.07333e-08,1.3947e-08,1.9215e-08,
Smooth exp(-Ar^2-b*rho^2),bicubic interp; CPU Sparse Matrix  ,308,269.095,6.1565e+08,1.6243,8, 3.04592e-08,,3.04592e-08,1.41441e-08,1.43951e-08,
Smooth exp(-Ar^2-b*rho^2),bicubic interp; CPU Sparse Matrix  ,312,279.386,6.59471e+08,1.51637,8, 2.92184e-08,,2.92184e-08,1.42669e-08,1.40475e-08,
Smooth exp(-Ar^2-b*rho^2),bicubic interp; CPU Sparse Matrix  ,316,289.834,6.79069e+08,1.4726,8, 2.69498e-08,,2.69498e-08,1.40038e-08,1.68949e-08,
Smooth exp(-Ar^2-b*rho^2),bicubic interp; CPU Sparse Matrix  ,320,298.935,7.03341e+08,1.42178,8, 2.41079e-08,,2.41079e-08,1.39185e-08,1.69978e-08,
Smooth exp(-Ar^2-b*rho^2),bicubic interp; CPU Sparse Matrix  ,324,326.727,7.42208e+08,1.34733,8, 2.16986e-08,,2.16986e-08,1.347e-08,1.30936e-08,
Smooth exp(-Ar^2-b*rho^2),bicubic interp; CPU Sparse Matrix  ,328,342.337,9.17318e+08,1.09013,8, 2.0578e-08,,2.0578e-08,1.29992e-08,1.11403e-08,
Smooth exp(-Ar^2-b*rho^2),bicubic interp; CPU Sparse Matrix  ,332,348.959,7.95108e+08,1.25769,8, 2.04096e-08,,2.04096e-08,1.23341e-08,1.25771e-08,
Smooth exp(-Ar^2-b*rho^2),bicubic interp; CPU Sparse Matrix  ,336,379.429,8.32775e+08,1.2008,8, 2.05398e-08,,2.05398e-08,1.14311e-08,1.38226e-08,
Smooth exp(-Ar^2-b*rho^2),bicubic interp; CPU Sparse Matrix  ,340,392.095,8.97759e+08,1.11389,8, 2.03902e-08,,2.03902e-08,1.06305e-08,1.1838e-08,
