calculator chosen: 6
func chosen: 1
cache dir chosen: /scratch/ob749/GA/cache/
FunctionName, Calculator,N,Init time (s), Calc.time(s), Calc.Freq(hz), Bytes, MaxError, FirstBlank, Err1, Err2, Err3, Blank
Smooth exp(-Ar^2-b*rho^2),chebyshev interp; CPU Dense Matrix ,8,0.134,79751,12539,8, 0.692435,,0.670663,0.692435,0.677015,
Smooth exp(-Ar^2-b*rho^2),chebyshev interp; CPU Dense Matrix ,12,0.411,239355,4177.89,8, 0.239812,,0.239812,0.197559,0.204463,
Smooth exp(-Ar^2-b*rho^2),chebyshev interp; CPU Dense Matrix ,16,1.185,1.23879e+06,807.239,8, 0.0614392,,0.0597624,0.0614392,0.0583091,
Smooth exp(-Ar^2-b*rho^2),chebyshev interp; CPU Dense Matrix ,20,2.82,1.02292e+06,977.598,8, 0.011308,,0.0109348,0.0101213,0.011308,
Smooth exp(-Ar^2-b*rho^2),chebyshev interp; CPU Dense Matrix ,24,5.93,5.88788e+06,169.84,8, 0.0019714,,0.00177997,0.00171022,0.0019714,
Smooth exp(-Ar^2-b*rho^2),chebyshev interp; CPU Dense Matrix ,28,10.862,8.02455e+06,124.618,8, 0.00039512,,0.000199943,0.00039512,0.000261599,
Smooth exp(-Ar^2-b*rho^2),chebyshev interp; CPU Dense Matrix ,32,19.224,1.51687e+07,65.9251,8, 3.1775e-05,,1.50327e-05,2.78867e-05,3.1775e-05,
Smooth exp(-Ar^2-b*rho^2),chebyshev interp; CPU Dense Matrix ,36,29.871,2.47589e+07,40.3895,8, 2.90858e-06,,5.99514e-07,2.90858e-06,2.6313e-06,
Smooth exp(-Ar^2-b*rho^2),chebyshev interp; CPU Dense Matrix ,40,46.945,3.95081e+07,25.3113,8, 3.63794e-07,,3.86566e-08,3.63794e-07,2.20994e-07,
Smooth exp(-Ar^2-b*rho^2),chebyshev interp; CPU Dense Matrix ,44,73.397,4.30968e+07,23.2036,8, 1.39764e-08,,5.11908e-09,1.25458e-08,1.39764e-08,
Smooth exp(-Ar^2-b*rho^2),chebyshev interp; CPU Dense Matrix ,48,323.768,1.00674e+08,9.93307,8, 1.11919e-09,,4.87089e-10,1.11919e-09,8.03418e-10,
Smooth exp(-Ar^2-b*rho^2),chebyshev interp; CPU Dense Matrix ,52,423.458,1.00882e+08,9.91258,8, 6.09446e-11,,3.16489e-11,6.09446e-11,3.77833e-11,
Smooth exp(-Ar^2-b*rho^2),chebyshev interp; CPU Dense Matrix ,56,556.593,1.98457e+08,5.03887,8, 2.47715e-11,,5.01307e-12,5.91335e-12,2.47715e-11,
Smooth exp(-Ar^2-b*rho^2),chebyshev interp; CPU Dense Matrix ,60,755.098,1.55122e+08,6.44655,8, 2.43015e-11,,4.31467e-12,5.09695e-12,2.43015e-11,
Smooth exp(-Ar^2-b*rho^2),chebyshev interp; CPU Dense Matrix ,64,1002.74,3.88337e+08,2.57508,8, 1.38935e-11,,3.73461e-12,5.32009e-12,1.38935e-11,
Smooth exp(-Ar^2-b*rho^2),chebyshev interp; CPU Dense Matrix ,68,1268.09,2.87899e+08,3.47344,8, 1.98057e-11,,3.75134e-12,7.00632e-12,1.98057e-11,
Smooth exp(-Ar^2-b*rho^2),chebyshev interp; CPU Dense Matrix ,72,1588.98,5.21968e+08,1.91583,8, 2.31934e-11,,4.81429e-12,8.83527e-12,2.31934e-11,
