calculator chosen: 1
func chosen: 2
cache dir chosen: /scratch/ob749/GA/cache/
FunctionName, Calculator,N,Init time (s), Calc.time(s), Calc.Freq(hz), Bytes, MaxError, FirstBlank, Err1, Err2, Err3, Blank
Non-smooth: Wendland CSRBF+Runge,linear interp; CPU Sparse Matrix   ,8,0.002,1.39965e+06,714.466,8, 0.499171,,0.499171,0.265678,0.336057,
Non-smooth: Wendland CSRBF+Runge,linear interp; CPU Sparse Matrix   ,12,0.003,5.96676e+06,167.595,8, 0.387365,,0.387365,0.270488,0.32152,
Non-smooth: Wendland CSRBF+Runge,linear interp; CPU Sparse Matrix   ,16,0.005,5.51827e+06,181.216,8, 0.307666,,0.307666,0.175008,0.20158,
Non-smooth: Wendland CSRBF+Runge,linear interp; CPU Sparse Matrix   ,20,0.01,6.266e+06,159.591,8, 0.224949,,0.224949,0.134997,0.161779,
Non-smooth: Wendland CSRBF+Runge,linear interp; CPU Sparse Matrix   ,24,0.014,5.77512e+06,173.157,8, 0.178047,,0.132652,0.131739,0.178047,
Non-smooth: Wendland CSRBF+Runge,linear interp; CPU Sparse Matrix   ,28,0.023,6.46614e+06,154.652,8, 0.140668,,0.0555343,0.0845073,0.140668,
Non-smooth: Wendland CSRBF+Runge,linear interp; CPU Sparse Matrix   ,32,0.033,8.80729e+06,113.542,8, 0.0946747,,0.0261592,0.0888658,0.0946747,
Non-smooth: Wendland CSRBF+Runge,linear interp; CPU Sparse Matrix   ,36,0.06,1.11647e+07,89.5677,8, 0.0890716,,0.0820832,0.0890716,0.0784359,
Non-smooth: Wendland CSRBF+Runge,linear interp; CPU Sparse Matrix   ,40,0.089,1.43696e+07,69.5915,8, 0.10527,,0.10527,0.0813614,0.0743792,
Non-smooth: Wendland CSRBF+Runge,linear interp; CPU Sparse Matrix   ,44,0.143,1.10105e+07,90.8223,8, 0.0965602,,0.0965602,0.0763646,0.0829041,
Non-smooth: Wendland CSRBF+Runge,linear interp; CPU Sparse Matrix   ,48,0.182,1.39105e+07,71.8882,8, 0.0760789,,0.0760789,0.0675828,0.0642897,
Non-smooth: Wendland CSRBF+Runge,linear interp; CPU Sparse Matrix   ,52,0.232,1.46384e+07,68.3134,8, 0.0469639,,0.043222,0.0469639,0.0410058,
Non-smooth: Wendland CSRBF+Runge,linear interp; CPU Sparse Matrix   ,56,0.319,8.61405e+06,116.089,8, 0.039512,,0.0223082,0.0381002,0.039512,
Non-smooth: Wendland CSRBF+Runge,linear interp; CPU Sparse Matrix   ,60,0.357,1.41069e+07,70.8871,8, 0.0554773,,0.0165644,0.0351765,0.0554773,
Non-smooth: Wendland CSRBF+Runge,linear interp; CPU Sparse Matrix   ,64,0.381,1.44166e+07,69.3644,8, 0.0535924,,0.0361169,0.0458439,0.0535924,
Non-smooth: Wendland CSRBF+Runge,linear interp; CPU Sparse Matrix   ,68,0.419,1.50208e+07,66.5745,8, 0.038415,,0.0295194,0.038415,0.0328443,
Non-smooth: Wendland CSRBF+Runge,linear interp; CPU Sparse Matrix   ,72,0.629,1.05277e+07,94.9876,8, 0.0461823,,0.0461823,0.031409,0.0226974,
Non-smooth: Wendland CSRBF+Runge,linear interp; CPU Sparse Matrix   ,76,0.743,1.43216e+07,69.8245,8, 0.0390091,,0.0390091,0.024773,0.0341364,
Non-smooth: Wendland CSRBF+Runge,linear interp; CPU Sparse Matrix   ,80,0.774,7.76071e+06,128.854,8, 0.0312721,,0.0286818,0.0202494,0.0312721,
Non-smooth: Wendland CSRBF+Runge,linear interp; CPU Sparse Matrix   ,84,0.858,7.78189e+06,128.503,8, 0.0305685,,0.0172173,0.0162484,0.0305685,
Non-smooth: Wendland CSRBF+Runge,linear interp; CPU Sparse Matrix   ,88,1.15,7.46568e+06,133.946,8, 0.018613,,0.0088555,0.0118108,0.018613,
Non-smooth: Wendland CSRBF+Runge,linear interp; CPU Sparse Matrix   ,92,1.146,7.95785e+06,125.662,8, 0.0221913,,0.00831511,0.0128394,0.0221913,
Non-smooth: Wendland CSRBF+Runge,linear interp; CPU Sparse Matrix   ,96,1.275,8.28312e+06,120.727,8, 0.0264868,,0.0246403,0.0141684,0.0264868,
Non-smooth: Wendland CSRBF+Runge,linear interp; CPU Sparse Matrix   ,100,1.448,1.10678e+07,90.3518,8, 0.0299442,,0.0145589,0.0139086,0.0299442,
Non-smooth: Wendland CSRBF+Runge,linear interp; CPU Sparse Matrix   ,104,1.628,9.55825e+06,104.622,8, 0.0222236,,0.0222236,0.0153077,0.0176533,
Non-smooth: Wendland CSRBF+Runge,linear interp; CPU Sparse Matrix   ,108,1.61,8.95138e+06,111.715,8, 0.0211001,,0.0211001,0.0146169,0.0132225,
Non-smooth: Wendland CSRBF+Runge,linear interp; CPU Sparse Matrix   ,112,2.087,9.14659e+06,109.33,8, 0.0204166,,0.0172025,0.0153696,0.0204166,
Non-smooth: Wendland CSRBF+Runge,linear interp; CPU Sparse Matrix   ,116,2.41,9.29097e+06,107.631,8, 0.0155301,,0.0117357,0.0155301,0.0118319,
Non-smooth: Wendland CSRBF+Runge,linear interp; CPU Sparse Matrix   ,120,2.393,9.64784e+06,103.65,8, 0.0180185,,0.00468821,0.0145777,0.0180185,
Non-smooth: Wendland CSRBF+Runge,linear interp; CPU Sparse Matrix   ,124,2.659,3.52825e+06,283.427,8, 0.0133664,,0.00811629,0.0133664,0.00891759,
Non-smooth: Wendland CSRBF+Runge,linear interp; CPU Sparse Matrix   ,128,2.895,9.50028e+06,105.26,8, 0.0181257,,0.0181257,0.0123894,0.0137254,
Non-smooth: Wendland CSRBF+Runge,linear interp; CPU Sparse Matrix   ,132,3.32,9.65681e+06,103.554,8, 0.0154508,,0.00882279,0.0102311,0.0154508,
Non-smooth: Wendland CSRBF+Runge,linear interp; CPU Sparse Matrix   ,136,3.822,9.92931e+06,100.712,8, 0.0195279,,0.0147081,0.00676006,0.0195279,
Non-smooth: Wendland CSRBF+Runge,linear interp; CPU Sparse Matrix   ,140,4.121,4.85111e+06,206.138,8, 0.0145117,,0.0145117,0.00954635,0.00978052,
Non-smooth: Wendland CSRBF+Runge,linear interp; CPU Sparse Matrix   ,144,4.457,1.06514e+07,93.8844,8, 0.0154035,,0.0119317,0.0154035,0.00894366,
Non-smooth: Wendland CSRBF+Runge,linear interp; CPU Sparse Matrix   ,148,4.785,5.64226e+06,177.234,8, 0.0133029,,0.0063856,0.012911,0.0133029,
Non-smooth: Wendland CSRBF+Runge,linear interp; CPU Sparse Matrix   ,152,5.201,1.13698e+07,87.9524,8, 0.0127011,,0.00317821,0.0104341,0.0127011,
Non-smooth: Wendland CSRBF+Runge,linear interp; CPU Sparse Matrix   ,156,5.424,1.2019e+07,83.2017,8, 0.0117653,,0.00614206,0.00853402,0.0117653,
Non-smooth: Wendland CSRBF+Runge,linear interp; CPU Sparse Matrix   ,160,5.955,1.7859e+07,55.9942,8, 0.012711,,0.012711,0.00662322,0.00953044,
Non-smooth: Wendland CSRBF+Runge,linear interp; CPU Sparse Matrix   ,164,6.508,1.32537e+07,75.4504,8, 0.0105046,,0.00619653,0.0049453,0.0105046,
Non-smooth: Wendland CSRBF+Runge,linear interp; CPU Sparse Matrix   ,168,7.298,1.35571e+07,73.7623,8, 0.00995777,,0.00995777,0.00356825,0.00957187,
Non-smooth: Wendland CSRBF+Runge,linear interp; CPU Sparse Matrix   ,172,8.327,1.80954e+07,55.2627,8, 0.0135805,,0.0102208,0.00439717,0.0135805,
Non-smooth: Wendland CSRBF+Runge,linear interp; CPU Sparse Matrix   ,176,9.182,1.47295e+07,67.891,8, 0.00801954,,0.00801954,0.00487436,0.00665897,
Non-smooth: Wendland CSRBF+Runge,linear interp; CPU Sparse Matrix   ,180,8.997,1.55225e+07,64.4228,8, 0.00705219,,0.00465434,0.00507508,0.00705219,
Non-smooth: Wendland CSRBF+Runge,linear interp; CPU Sparse Matrix   ,184,10.149,1.6426e+07,60.8792,8, 0.00987608,,0.00189882,0.00619259,0.00987608,
Non-smooth: Wendland CSRBF+Runge,linear interp; CPU Sparse Matrix   ,188,10.858,1.55967e+07,64.116,8, 0.0151382,,0.00453967,0.00681349,0.0151382,
Non-smooth: Wendland CSRBF+Runge,linear interp; CPU Sparse Matrix   ,192,11.084,1.6805e+07,59.5063,8, 0.0440362,,0.0104199,0.0440362,0.00812142,
Non-smooth: Wendland CSRBF+Runge,linear interp; CPU Sparse Matrix   ,196,10.827,1.73015e+07,57.7984,8, 0.00684525,,0.00407387,0.00684525,0.00420457,
Non-smooth: Wendland CSRBF+Runge,linear interp; CPU Sparse Matrix   ,200,11.752,1.84988e+07,54.0574,8, 0.00806258,,0.00753973,0.00677565,0.00806258,
Non-smooth: Wendland CSRBF+Runge,linear interp; CPU Sparse Matrix   ,204,13.693,1.9051e+07,52.4907,8, 0.00804424,,0.00804424,0.00602793,0.00567617,
Non-smooth: Wendland CSRBF+Runge,linear interp; CPU Sparse Matrix   ,208,13.041,2.1702e+07,46.0788,8, 0.00916448,,0.00626028,0.00528253,0.00916448,
Non-smooth: Wendland CSRBF+Runge,linear interp; CPU Sparse Matrix   ,212,13.594,2.49921e+07,40.0127,8, 0.00430145,,0.00346223,0.00430145,0.0034488,
Non-smooth: Wendland CSRBF+Runge,linear interp; CPU Sparse Matrix   ,216,16.116,2.51928e+07,39.6939,8, 0.00582053,,0.00139454,0.00242465,0.00582053,
Non-smooth: Wendland CSRBF+Runge,linear interp; CPU Sparse Matrix   ,220,16.547,2.2966e+07,43.5426,8, 0.00736055,,0.0041112,0.00508598,0.00736055,
Non-smooth: Wendland CSRBF+Runge,linear interp; CPU Sparse Matrix   ,224,17.044,3.25683e+07,30.7047,8, 0.0114894,,0.00843457,0.00830699,0.0114894,
Non-smooth: Wendland CSRBF+Runge,linear interp; CPU Sparse Matrix   ,228,19.2,2.50705e+07,39.8875,8, 0.00693211,,0.00334482,0.00693211,0.00593601,
Non-smooth: Wendland CSRBF+Runge,linear interp; CPU Sparse Matrix   ,232,19.378,2.53038e+07,39.5197,8, 0.00622394,,0.00622394,0.00573036,0.00384159,
Non-smooth: Wendland CSRBF+Runge,linear interp; CPU Sparse Matrix   ,236,21.262,2.63869e+07,37.8976,8, 0.00622645,,0.00609421,0.00454965,0.00622645,
Non-smooth: Wendland CSRBF+Runge,linear interp; CPU Sparse Matrix   ,240,20.31,2.85861e+07,34.9821,8, 0.00472529,,0.00472529,0.00345726,0.00307187,
Non-smooth: Wendland CSRBF+Runge,linear interp; CPU Sparse Matrix   ,244,23.511,3.13931e+07,31.8541,8, 0.00725844,,0.00275141,0.0023958,0.00725844,
Non-smooth: Wendland CSRBF+Runge,linear interp; CPU Sparse Matrix   ,248,22.721,3.18505e+07,31.3966,8, 0.00293789,,0.00105626,0.00225045,0.00293789,
Non-smooth: Wendland CSRBF+Runge,linear interp; CPU Sparse Matrix   ,252,25.146,3.33729e+07,29.9644,8, 0.00512529,,0.00326231,0.00218795,0.00512529,
Non-smooth: Wendland CSRBF+Runge,linear interp; CPU Sparse Matrix   ,256,24.971,5.79172e+07,17.266,8, 0.00694751,,0.00694751,0.00296754,0.00531875,
Non-smooth: Wendland CSRBF+Runge,linear interp; CPU Sparse Matrix   ,260,27.277,3.37851e+07,29.5988,8, 0.00886668,,0.00256048,0.00307629,0.00886668,
Non-smooth: Wendland CSRBF+Runge,linear interp; CPU Sparse Matrix   ,264,27.066,4.01539e+07,24.9042,8, 0.00480282,,0.00480282,0.00359231,0.00420404,
Non-smooth: Wendland CSRBF+Runge,linear interp; CPU Sparse Matrix   ,268,29.968,3.62221e+07,27.6075,8, 0.0049063,,0.0049063,0.00402907,0.00352353,
Non-smooth: Wendland CSRBF+Runge,linear interp; CPU Sparse Matrix   ,272,32.163,4.57202e+07,21.8722,8, 0.00557651,,0.00404289,0.00396439,0.00557651,
Non-smooth: Wendland CSRBF+Runge,linear interp; CPU Sparse Matrix   ,276,35.694,4.19423e+07,23.8423,8, 0.00425328,,0.00236979,0.00425328,0.00383092,
Non-smooth: Wendland CSRBF+Runge,linear interp; CPU Sparse Matrix   ,280,34.824,4.69754e+07,21.2878,8, 0.00558188,,0.000866004,0.00416895,0.00558188,
Non-smooth: Wendland CSRBF+Runge,linear interp; CPU Sparse Matrix   ,284,39,5.74187e+07,17.4159,8, 0.00380779,,0.0029324,0.00380779,0.00274327,
Non-smooth: Wendland CSRBF+Runge,linear interp; CPU Sparse Matrix   ,288,41.312,4.98478e+07,20.0611,8, 0.00591712,,0.00591712,0.00337572,0.00437724,
Non-smooth: Wendland CSRBF+Runge,linear interp; CPU Sparse Matrix   ,292,48.444,5.51476e+07,18.1332,8, 0.00409834,,0.00203407,0.00264947,0.00409834,
Non-smooth: Wendland CSRBF+Runge,linear interp; CPU Sparse Matrix   ,296,46.744,5.60373e+07,17.8453,8, 0.00678799,,0.00415902,0.00169069,0.00678799,
Non-smooth: Wendland CSRBF+Runge,linear interp; CPU Sparse Matrix   ,300,49.211,6.06419e+07,16.4903,8, 0.00418599,,0.00418599,0.0032237,0.00325947,
Non-smooth: Wendland CSRBF+Runge,linear interp; CPU Sparse Matrix   ,304,50.014,6.24984e+07,16.0004,8, 0.00529377,,0.00337147,0.00529377,0.00313015,
Non-smooth: Wendland CSRBF+Runge,linear interp; CPU Sparse Matrix   ,308,51.705,6.62727e+07,15.0892,8, 0.00456278,,0.00175008,0.00456278,0.00454353,
Non-smooth: Wendland CSRBF+Runge,linear interp; CPU Sparse Matrix   ,312,54.554,8.7076e+07,11.4842,8, 0.00570381,,0.000718317,0.0037376,0.00570381,
Non-smooth: Wendland CSRBF+Runge,linear interp; CPU Sparse Matrix   ,316,55.212,6.83694e+07,14.6264,8, 0.00459397,,0.00242372,0.00288798,0.00459397,
Non-smooth: Wendland CSRBF+Runge,linear interp; CPU Sparse Matrix   ,320,56.906,7.03578e+07,14.2131,8, 0.00502657,,0.00502657,0.00227278,0.00264268,
Non-smooth: Wendland CSRBF+Runge,linear interp; CPU Sparse Matrix   ,324,56.344,7.49995e+07,13.3334,8, 0.00399294,,0.00169983,0.00161098,0.00399294,
Non-smooth: Wendland CSRBF+Runge,linear interp; CPU Sparse Matrix   ,328,58.161,7.65578e+07,13.062,8, 0.00340938,,0.00340938,0.00166786,0.00305629,
Non-smooth: Wendland CSRBF+Runge,linear interp; CPU Sparse Matrix   ,332,59.936,7.90357e+07,12.6525,8, 0.00566625,,0.00351354,0.00264267,0.00566625,
Non-smooth: Wendland CSRBF+Runge,linear interp; CPU Sparse Matrix   ,336,62.286,8.12517e+07,12.3074,8, 0.00279427,,0.00279427,0.00202897,0.00244633,
Non-smooth: Wendland CSRBF+Runge,linear interp; CPU Sparse Matrix   ,340,64.745,8.6061e+07,11.6197,8, 0.00322084,,0.0015482,0.00229011,0.00322084,
Non-smooth: Wendland CSRBF+Runge,linear interp; CPU Sparse Matrix   ,344,74.857,8.76632e+07,11.4073,8, 0.00372071,,0.000515456,0.00253095,0.00372071,
Non-smooth: Wendland CSRBF+Runge,linear interp; CPU Sparse Matrix   ,348,79.693,9.16504e+07,10.911,8, 0.00696392,,0.00216074,0.00255245,0.00696392,
Non-smooth: Wendland CSRBF+Runge,linear interp; CPU Sparse Matrix   ,352,77.666,9.44384e+07,10.5889,8, 0.00450777,,0.00450777,0.0027341,0.00333532,
Non-smooth: Wendland CSRBF+Runge,linear interp; CPU Sparse Matrix   ,356,83.494,9.75257e+07,10.2537,8, 0.00282539,,0.00140642,0.00282539,0.00265096,
Non-smooth: Wendland CSRBF+Runge,linear interp; CPU Sparse Matrix   ,360,87.934,9.9551e+07,10.0451,8, 0.0035775,,0.00296075,0.0027695,0.0035775,
Non-smooth: Wendland CSRBF+Runge,linear interp; CPU Sparse Matrix   ,364,87.47,1.18518e+08,8.43757,8, 0.00309183,,0.00309183,0.00249904,0.00276478,
Non-smooth: Wendland CSRBF+Runge,linear interp; CPU Sparse Matrix   ,368,86.236,9.03258e+07,11.071,8, 0.00462919,,0.00243401,0.00231434,0.00462919,
Non-smooth: Wendland CSRBF+Runge,linear interp; CPU Sparse Matrix   ,372,92.47,9.79454e+07,10.2098,8, 0.037006,,0.0013031,0.037006,0.00294003,
Non-smooth: Wendland CSRBF+Runge,linear interp; CPU Sparse Matrix   ,376,96.676,9.73214e+07,10.2752,8, 0.00302423,,0.00045393,0.00180169,0.00302423,
Non-smooth: Wendland CSRBF+Runge,linear interp; CPU Sparse Matrix   ,380,99.267,9.92895e+07,10.0716,8, 0.00321313,,0.00199445,0.00243492,0.00321313,
Non-smooth: Wendland CSRBF+Runge,linear interp; CPU Sparse Matrix   ,384,97.964,1.0513e+08,9.512,8, 0.0056667,,0.00393751,0.00393612,0.0056667,
Non-smooth: Wendland CSRBF+Runge,linear interp; CPU Sparse Matrix   ,388,103.718,9.77266e+07,10.2326,8, 0.00329065,,0.00130636,0.00329065,0.00268751,
Non-smooth: Wendland CSRBF+Runge,linear interp; CPU Sparse Matrix   ,392,113.45,1.05473e+08,9.4811,8, 0.00288449,,0.00258759,0.00288449,0.00284456,
Non-smooth: Wendland CSRBF+Runge,linear interp; CPU Sparse Matrix   ,396,112.245,1.0913e+08,9.16336,8, 0.00321489,,0.00264355,0.00218154,0.00321489,
Non-smooth: Wendland CSRBF+Runge,linear interp; CPU Sparse Matrix   ,400,108.848,1.25258e+08,7.98349,8, 0.00298812,,0.00208802,0.00161187,0.00298812,
Non-smooth: Wendland CSRBF+Runge,linear interp; CPU Sparse Matrix   ,404,118.413,1.15111e+08,8.68725,8, 0.00384524,,0.00113875,0.00158419,0.00384524,
Non-smooth: Wendland CSRBF+Runge,linear interp; CPU Sparse Matrix   ,408,122.09,1.27045e+08,7.87124,8, 0.00265401,,0.000375563,0.00157575,0.00265401,
Non-smooth: Wendland CSRBF+Runge,linear interp; CPU Sparse Matrix   ,412,124.734,1.26679e+08,7.89397,8, 0.00286116,,0.00173284,0.00185722,0.00286116,
Non-smooth: Wendland CSRBF+Runge,linear interp; CPU Sparse Matrix   ,416,121.589,1.18556e+08,8.43481,8, 0.00349579,,0.00349579,0.00179007,0.00289873,
Non-smooth: Wendland CSRBF+Runge,linear interp; CPU Sparse Matrix   ,420,138.471,1.4451e+08,6.91995,8, 0.00464197,,0.0010716,0.00194566,0.00464197,
Non-smooth: Wendland CSRBF+Runge,linear interp; CPU Sparse Matrix   ,424,140.075,1.34307e+08,7.44564,8, 0.0113935,,0.00221679,0.00190291,0.0113935,
Non-smooth: Wendland CSRBF+Runge,linear interp; CPU Sparse Matrix   ,428,141.262,1.40653e+08,7.10969,8, 0.00298938,,0.00236575,0.00211371,0.00298938,
Non-smooth: Wendland CSRBF+Runge,linear interp; CPU Sparse Matrix   ,432,148.909,1.55946e+08,6.41248,8, 0.00291018,,0.00190566,0.00224131,0.00291018,
Non-smooth: Wendland CSRBF+Runge,linear interp; CPU Sparse Matrix   ,436,160.189,1.58245e+08,6.31932,8, 0.00267502,,0.00103641,0.00218054,0.00267502,
Non-smooth: Wendland CSRBF+Runge,linear interp; CPU Sparse Matrix   ,440,168.932,1.50307e+08,6.65304,8, 0.00273218,,0.000349706,0.0021351,0.00273218,
Non-smooth: Wendland CSRBF+Runge,linear interp; CPU Sparse Matrix   ,444,169.654,1.54237e+08,6.48352,8, 0.00291474,,0.00159056,0.00211078,0.00291474,
Non-smooth: Wendland CSRBF+Runge,linear interp; CPU Sparse Matrix   ,448,164.159,1.60594e+08,6.22687,8, 0.00316592,,0.00316592,0.00207606,0.00268819,
Non-smooth: Wendland CSRBF+Runge,linear interp; CPU Sparse Matrix   ,452,177.371,1.67607e+08,5.96632,8, 0.00298856,,0.000947213,0.00188932,0.00298856,
Non-smooth: Wendland CSRBF+Runge,linear interp; CPU Sparse Matrix   ,456,185.071,1.62584e+08,6.15067,8, 0.0041819,,0.00203549,0.00164358,0.0041819,
Non-smooth: Wendland CSRBF+Runge,linear interp; CPU Sparse Matrix   ,460,185.371,1.81074e+08,5.52262,8, 0.00278593,,0.00212515,0.00200105,0.00278593,
Non-smooth: Wendland CSRBF+Runge,linear interp; CPU Sparse Matrix   ,464,185.902,1.81857e+08,5.49883,8, 0.00305059,,0.00165231,0.00305059,0.00288194,
Non-smooth: Wendland CSRBF+Runge,linear interp; CPU Sparse Matrix   ,468,198.771,1.72633e+08,5.79263,8, 0.00285671,,0.000859216,0.00256233,0.00285671,
Non-smooth: Wendland CSRBF+Runge,linear interp; CPU Sparse Matrix   ,472,202.777,1.93925e+08,5.15664,8, 0.00646802,,0.000295451,0.00646802,0.00342294,
Non-smooth: Wendland CSRBF+Runge,linear interp; CPU Sparse Matrix   ,476,211.139,1.89192e+08,5.28563,8, 0.00259395,,0.00140231,0.00167654,0.00259395,
Non-smooth: Wendland CSRBF+Runge,linear interp; CPU Sparse Matrix   ,480,201.142,2.4301e+08,4.11506,8, 0.00285059,,0.00285059,0.00155585,0.00271712,
Non-smooth: Wendland CSRBF+Runge,linear interp; CPU Sparse Matrix   ,484,228.5,1.94066e+08,5.15288,8, 0.00668099,,0.000835617,0.00668099,0.00302409,
Non-smooth: Wendland CSRBF+Runge,linear interp; CPU Sparse Matrix   ,488,222.003,3.50145e+08,2.85596,8, 0.00283786,,0.00180801,0.00157111,0.00283786,
Non-smooth: Wendland CSRBF+Runge,linear interp; CPU Sparse Matrix   ,492,224.234,2.09993e+08,4.76207,8, 0.00314441,,0.0018707,0.0017238,0.00314441,
Non-smooth: Wendland CSRBF+Runge,linear interp; CPU Sparse Matrix   ,496,228.045,2.72231e+08,3.67335,8, 0.00277958,,0.00148299,0.00176022,0.00277958,
Non-smooth: Wendland CSRBF+Runge,linear interp; CPU Sparse Matrix   ,500,240.089,2.67376e+08,3.74005,8, 0.00287182,,0.000812951,0.00160257,0.00287182,
Non-smooth: Wendland CSRBF+Runge,linear interp; CPU Sparse Matrix   ,504,252.156,2.53044e+08,3.95188,8, 0.00289568,,0.000260123,0.00180031,0.00289568,
