calculator chosen: 2
func chosen: 2
cache dir chosen: /scratch/ob749/GA/cache/
FunctionName, Calculator,N,Init time (s), Calc.time(s), Calc.Freq(hz), Bytes, MaxError, FirstBlank, Err1, Err2, Err3, Blank
Non-smooth: Wendland CSRBF+Runge,bicubic interp; trapezoid rule; CPU,8,0,9.84234e+06,101.602,8, 0.29981,,0.0625577,0.29981,0.265174,
Non-smooth: Wendland CSRBF+Runge,bicubic interp; trapezoid rule; CPU,12,0,1.75894e+06,568.525,8, 0.173445,,0.0683756,0.170412,0.173445,
Non-smooth: Wendland CSRBF+Runge,bicubic interp; trapezoid rule; CPU,16,0,3.09287e+06,323.324,8, 0.0800992,,0.0394318,0.0800992,0.0768321,
Non-smooth: Wendland CSRBF+Runge,bicubic interp; trapezoid rule; CPU,20,0,4.65227e+06,214.949,8, 0.0500249,,0.032766,0.0500249,0.0436058,
Non-smooth: Wendland CSRBF+Runge,bicubic interp; trapezoid rule; CPU,24,0,6.31189e+06,158.431,8, 0.021737,,0.0153421,0.021737,0.0177962,
Non-smooth: Wendland CSRBF+Runge,bicubic interp; trapezoid rule; CPU,28,0,7.92158e+06,126.237,8, 0.0141279,,0.0121663,0.0141279,0.0126548,
Non-smooth: Wendland CSRBF+Runge,bicubic interp; trapezoid rule; CPU,32,0,9.32301e+06,107.262,8, 0.0119117,,0.00851692,0.0112507,0.0119117,
Non-smooth: Wendland CSRBF+Runge,bicubic interp; trapezoid rule; CPU,36,0,1.15146e+07,86.8461,8, 0.00930023,,0.00338439,0.00601211,0.00930023,
Non-smooth: Wendland CSRBF+Runge,bicubic interp; trapezoid rule; CPU,40,0,1.42371e+07,70.2389,8, 0.00600177,,0.00206372,0.00455404,0.00600177,
Non-smooth: Wendland CSRBF+Runge,bicubic interp; trapezoid rule; CPU,44,0,1.73897e+07,57.5055,8, 0.00476555,,0.00208916,0.00347952,0.00476555,
Non-smooth: Wendland CSRBF+Runge,bicubic interp; trapezoid rule; CPU,48,0,2.11632e+07,47.2518,8, 0.00401862,,0.00235991,0.0033431,0.00401862,
Non-smooth: Wendland CSRBF+Runge,bicubic interp; trapezoid rule; CPU,52,0,2.55254e+07,39.1766,8, 0.00396693,,0.00193669,0.00261846,0.00396693,
Non-smooth: Wendland CSRBF+Runge,bicubic interp; trapezoid rule; CPU,56,0,2.96213e+07,33.7595,8, 0.00303926,,0.00152946,0.00213246,0.00303926,
Non-smooth: Wendland CSRBF+Runge,bicubic interp; trapezoid rule; CPU,60,0,3.44614e+07,29.018,8, 0.00274395,,0.00112539,0.00210991,0.00274395,
Non-smooth: Wendland CSRBF+Runge,bicubic interp; trapezoid rule; CPU,64,0,3.9425e+07,25.3646,8, 0.00261245,,0.000994494,0.00166535,0.00261245,
Non-smooth: Wendland CSRBF+Runge,bicubic interp; trapezoid rule; CPU,68,0,4.39769e+07,22.7392,8, 0.00277227,,0.000793799,0.00151616,0.00277227,
Non-smooth: Wendland CSRBF+Runge,bicubic interp; trapezoid rule; CPU,72,0,5.00791e+07,19.9684,8, 0.00241542,,0.000844843,0.00159752,0.00241542,
Non-smooth: Wendland CSRBF+Runge,bicubic interp; trapezoid rule; CPU,76,0,5.5765e+07,17.9324,8, 0.00199301,,0.000873312,0.0015548,0.00199301,
Non-smooth: Wendland CSRBF+Runge,bicubic interp; trapezoid rule; CPU,80,0,6.39859e+07,15.6284,8, 0.00214195,,0.000712949,0.00214195,0.00190216,
Non-smooth: Wendland CSRBF+Runge,bicubic interp; trapezoid rule; CPU,84,0,6.35703e+07,15.7306,8, 0.00273268,,0.000658903,0.00149008,0.00273268,
Non-smooth: Wendland CSRBF+Runge,bicubic interp; trapezoid rule; CPU,88,0,6.5055e+07,15.3716,8, 0.00260394,,0.000670102,0.00143606,0.00260394,
Non-smooth: Wendland CSRBF+Runge,bicubic interp; trapezoid rule; CPU,92,0,7.23072e+07,13.8299,8, 0.00226831,,0.000651508,0.00197632,0.00226831,
Non-smooth: Wendland CSRBF+Runge,bicubic interp; trapezoid rule; CPU,96,0,7.91922e+07,12.6275,8, 0.00195484,,0.000580432,0.00133143,0.00195484,
Non-smooth: Wendland CSRBF+Runge,bicubic interp; trapezoid rule; CPU,100,0,8.69428e+07,11.5018,8, 0.00275061,,0.00047782,0.00187777,0.00275061,
Non-smooth: Wendland CSRBF+Runge,bicubic interp; trapezoid rule; CPU,104,0,9.53445e+07,10.4883,8, 0.00262544,,0.000353351,0.00123941,0.00262544,
Non-smooth: Wendland CSRBF+Runge,bicubic interp; trapezoid rule; CPU,108,0,1.02344e+08,9.77099,8, 0.00303207,,0.000388869,0.00303207,0.00246094,
Non-smooth: Wendland CSRBF+Runge,bicubic interp; trapezoid rule; CPU,112,0,1.13973e+08,8.77398,8, 0.00215807,,0.000403597,0.00177101,0.00215807,
Non-smooth: Wendland CSRBF+Runge,bicubic interp; trapezoid rule; CPU,116,0,1.22615e+08,8.1556,8, 0.00208873,,0.000408624,0.00172942,0.00208873,
Non-smooth: Wendland CSRBF+Runge,bicubic interp; trapezoid rule; CPU,120,0,1.32526e+08,7.54571,8, 0.00269649,,0.000527242,0.001699,0.00269649,
Non-smooth: Wendland CSRBF+Runge,bicubic interp; trapezoid rule; CPU,124,0,1.42048e+08,7.03988,8, 0.00249632,,0.000524727,0.0010803,0.00249632,
Non-smooth: Wendland CSRBF+Runge,bicubic interp; trapezoid rule; CPU,128,0,1.70894e+08,5.85158,8, 0.00231891,,0.000378658,0.00106637,0.00231891,
Non-smooth: Wendland CSRBF+Runge,bicubic interp; trapezoid rule; CPU,132,0,1.92516e+08,5.19436,8, 0.00211094,,0.000282233,0.0016486,0.00211094,
Non-smooth: Wendland CSRBF+Runge,bicubic interp; trapezoid rule; CPU,136,0,1.86326e+08,5.36693,8, 0.00269657,,0.000255851,0.0016425,0.00269657,
Non-smooth: Wendland CSRBF+Runge,bicubic interp; trapezoid rule; CPU,140,0,1.96305e+08,5.09411,8, 0.00258664,,0.000272958,0.00163994,0.00258664,
Non-smooth: Wendland CSRBF+Runge,bicubic interp; trapezoid rule; CPU,144,0,1.93597e+08,5.16538,8, 0.00237103,,0.000265326,0.00138716,0.00237103,
Non-smooth: Wendland CSRBF+Runge,bicubic interp; trapezoid rule; CPU,148,0,2.5252e+08,3.96008,8, 0.00226322,,0.000255059,0.0019958,0.00226322,
Non-smooth: Wendland CSRBF+Runge,bicubic interp; trapezoid rule; CPU,152,0,2.95131e+08,3.38832,8, 0.00338506,,0.000283311,0.00338506,0.0021251,
Non-smooth: Wendland CSRBF+Runge,bicubic interp; trapezoid rule; CPU,156,0,3.08577e+08,3.24068,8, 0.00298117,,0.000309083,0.00298117,0.00263525,
Non-smooth: Wendland CSRBF+Runge,bicubic interp; trapezoid rule; CPU,160,0,3.39186e+08,2.94824,8, 0.00960417,,0.000307646,0.00137234,0.00960417,
Non-smooth: Wendland CSRBF+Runge,bicubic interp; trapezoid rule; CPU,164,0,3.13952e+08,3.1852,8, 0.00292817,,0.000282505,0.00195471,0.00292817,
Non-smooth: Wendland CSRBF+Runge,bicubic interp; trapezoid rule; CPU,168,0,3.20302e+08,3.12205,8, 0.00669996,,0.000265918,0.00133681,0.00669996,
Non-smooth: Wendland CSRBF+Runge,bicubic interp; trapezoid rule; CPU,172,0,3.3036e+08,3.027,8, 0.00261151,,0.000242734,0.00131613,0.00261151,
Non-smooth: Wendland CSRBF+Runge,bicubic interp; trapezoid rule; CPU,176,0,3.33335e+08,2.99998,8, 0.0025431,,0.000232769,0.00189787,0.0025431,
Non-smooth: Wendland CSRBF+Runge,bicubic interp; trapezoid rule; CPU,180,0,3.48527e+08,2.86922,8, 0.00235635,,0.000267515,0.00127884,0.00235635,
Non-smooth: Wendland CSRBF+Runge,bicubic interp; trapezoid rule; CPU,184,0,3.99684e+08,2.50197,8, 0.00226855,,0.000289803,0.00185924,0.00226855,
Non-smooth: Wendland CSRBF+Runge,bicubic interp; trapezoid rule; CPU,188,0,3.78972e+08,2.63871,8, 0.00263834,,0.000302959,0.00183559,0.00263834,
Non-smooth: Wendland CSRBF+Runge,bicubic interp; trapezoid rule; CPU,192,0,3.99793e+08,2.50129,8, 0.0450458,,0.00028883,0.0450458,0.00259248,
Non-smooth: Wendland CSRBF+Runge,bicubic interp; trapezoid rule; CPU,196,0,3.9018e+08,2.56292,8, 0.00238863,,0.000243243,0.0011849,0.00238863,
Non-smooth: Wendland CSRBF+Runge,bicubic interp; trapezoid rule; CPU,200,0,4.18354e+08,2.39032,8, 0.00232528,,0.000259774,0.00177825,0.00232528,
Non-smooth: Wendland CSRBF+Runge,bicubic interp; trapezoid rule; CPU,204,0,4.44264e+08,2.25091,8, 0.00222679,,0.000263546,0.00116283,0.00222679,
Non-smooth: Wendland CSRBF+Runge,bicubic interp; trapezoid rule; CPU,208,0,4.71945e+08,2.11889,8, 0.00262047,,0.000260765,0.00174602,0.00262047,
Non-smooth: Wendland CSRBF+Runge,bicubic interp; trapezoid rule; CPU,212,0,4.85457e+08,2.05992,8, 0.00244374,,0.000272013,0.00114474,0.00244374,
Non-smooth: Wendland CSRBF+Runge,bicubic interp; trapezoid rule; CPU,216,0,5.00844e+08,1.99663,8, 0.00232398,,0.000279854,0.00113895,0.00232398,
Non-smooth: Wendland CSRBF+Runge,bicubic interp; trapezoid rule; CPU,220,0,5.24077e+08,1.90812,8, 0.00224216,,0.000290598,0.00113992,0.00224216,
Non-smooth: Wendland CSRBF+Runge,bicubic interp; trapezoid rule; CPU,224,0,5.44333e+08,1.83711,8, 0.0026121,,0.000278531,0.00193626,0.0026121,
Non-smooth: Wendland CSRBF+Runge,bicubic interp; trapezoid rule; CPU,228,0,5.6423e+08,1.77233,8, 0.0024915,,0.000313807,0.00133587,0.0024915,
Non-smooth: Wendland CSRBF+Runge,bicubic interp; trapezoid rule; CPU,232,0,5.71683e+08,1.74922,8, 0.00243675,,0.000225256,0.00193944,0.00243675,
Non-smooth: Wendland CSRBF+Runge,bicubic interp; trapezoid rule; CPU,236,0,5.99589e+08,1.66781,8, 0.00233021,,0.000241832,0.0019353,0.00233021,
Non-smooth: Wendland CSRBF+Runge,bicubic interp; trapezoid rule; CPU,240,0,6.21183e+08,1.60983,8, 0.00228056,,0.000252306,0.00191668,0.00228056,
Non-smooth: Wendland CSRBF+Runge,bicubic interp; trapezoid rule; CPU,244,0,6.37837e+08,1.5678,8, 0.00253139,,0.000262511,0.00129473,0.00253139,
Non-smooth: Wendland CSRBF+Runge,bicubic interp; trapezoid rule; CPU,248,0,6.41498e+08,1.55885,8, 0.0024391,,0.00027363,0.00129623,0.0024391,
Non-smooth: Wendland CSRBF+Runge,bicubic interp; trapezoid rule; CPU,252,0,6.6344e+08,1.5073,8, 0.00234164,,0.000280117,0.00128137,0.00234164,
Non-smooth: Wendland CSRBF+Runge,bicubic interp; trapezoid rule; CPU,256,0,7.17074e+08,1.39456,8, 0.00228307,,0.000275167,0.0012642,0.00228307,
Non-smooth: Wendland CSRBF+Runge,bicubic interp; trapezoid rule; CPU,260,0,7.32014e+08,1.36609,8, 0.00255482,,0.000238693,0.00124918,0.00255482,
Non-smooth: Wendland CSRBF+Runge,bicubic interp; trapezoid rule; CPU,264,0,7.64503e+08,1.30804,8, 0.00249378,,0.000232107,0.00123904,0.00249378,
Non-smooth: Wendland CSRBF+Runge,bicubic interp; trapezoid rule; CPU,268,0,7.82179e+08,1.27848,8, 0.00243691,,0.000234405,0.00181998,0.00243691,
Non-smooth: Wendland CSRBF+Runge,bicubic interp; trapezoid rule; CPU,272,0,8.01946e+08,1.24697,8, 0.00235045,,0.000266848,0.0018225,0.00235045,
Non-smooth: Wendland CSRBF+Runge,bicubic interp; trapezoid rule; CPU,276,0,8.33204e+08,1.20019,8, 0.00231733,,0.000268019,0.0018163,0.00231733,
Non-smooth: Wendland CSRBF+Runge,bicubic interp; trapezoid rule; CPU,280,0,8.52496e+08,1.17303,8, 0.0182483,,0.000283654,0.00121471,0.0182483,
Non-smooth: Wendland CSRBF+Runge,bicubic interp; trapezoid rule; CPU,284,0,9.25172e+08,1.08088,8, 0.00248659,,0.000298215,0.0018133,0.00248659,
Non-smooth: Wendland CSRBF+Runge,bicubic interp; trapezoid rule; CPU,288,0,8.97281e+08,1.11448,8, 0.00240689,,0.000286691,0.00179821,0.00240689,
Non-smooth: Wendland CSRBF+Runge,bicubic interp; trapezoid rule; CPU,292,0,9.31303e+08,1.07376,8, 0.0023079,,0.000246647,0.0011816,0.0023079,
Non-smooth: Wendland CSRBF+Runge,bicubic interp; trapezoid rule; CPU,296,0,9.66407e+08,1.03476,8, 0.0025715,,0.000255014,0.00179169,0.0025715,
Non-smooth: Wendland CSRBF+Runge,bicubic interp; trapezoid rule; CPU,300,0,9.46273e+08,1.05678,8, 0.00248421,,0.000255972,0.00118468,0.00248421,
Non-smooth: Wendland CSRBF+Runge,bicubic interp; trapezoid rule; CPU,304,0,1.01107e+09,0.989055,8, 0.00242031,,0.000262261,0.00131236,0.00242031,
Non-smooth: Wendland CSRBF+Runge,bicubic interp; trapezoid rule; CPU,308,0,1.03465e+09,0.966514,8, 0.00239065,,0.000252408,0.00190328,0.00239065,
Non-smooth: Wendland CSRBF+Runge,bicubic interp; trapezoid rule; CPU,312,0,1.10912e+09,0.901619,8, 0.00234743,,0.000275113,0.00191918,0.00234743,
Non-smooth: Wendland CSRBF+Runge,bicubic interp; trapezoid rule; CPU,316,0,1.09371e+09,0.914321,8, 0.00248833,,0.000290495,0.00133712,0.00248833,
Non-smooth: Wendland CSRBF+Runge,bicubic interp; trapezoid rule; CPU,320,0,1.15552e+09,0.865412,8, 0.00249312,,0.000290002,0.00190563,0.00249312,
Non-smooth: Wendland CSRBF+Runge,bicubic interp; trapezoid rule; CPU,324,0,1.21136e+09,0.825517,8, 0.00239529,,0.000240371,0.00126911,0.00239529,
Non-smooth: Wendland CSRBF+Runge,bicubic interp; trapezoid rule; CPU,328,0,1.17959e+09,0.847749,8, 0.0024762,,0.000261521,0.0018961,0.0024762,
Non-smooth: Wendland CSRBF+Runge,bicubic interp; trapezoid rule; CPU,332,0,1.21439e+09,0.82346,8, 0.00252437,,0.000272755,0.00129487,0.00252437,
Non-smooth: Wendland CSRBF+Runge,bicubic interp; trapezoid rule; CPU,336,0,1.25299e+09,0.798091,8, 0.0024354,,0.000263725,0.0012336,0.0024354,
Non-smooth: Wendland CSRBF+Runge,bicubic interp; trapezoid rule; CPU,340,0,1.26725e+09,0.789112,8, 0.00242612,,0.000316705,0.00130926,0.00242612,
Non-smooth: Wendland CSRBF+Runge,bicubic interp; trapezoid rule; CPU,344,0,1.30539e+09,0.766055,8, 0.00239573,,0.000252901,0.00122505,0.00239573,
Non-smooth: Wendland CSRBF+Runge,bicubic interp; trapezoid rule; CPU,348,0,1.36984e+09,0.730013,8, 0.00249618,,0.000292512,0.00123662,0.00249618,
Non-smooth: Wendland CSRBF+Runge,bicubic interp; trapezoid rule; CPU,352,0,1.38027e+09,0.724496,8, 0.00251238,,0.00027031,0.00178406,0.00251238,
Non-smooth: Wendland CSRBF+Runge,bicubic interp; trapezoid rule; CPU,356,0,1.49466e+09,0.669048,8, 0.00242941,,0.000280205,0.00119632,0.00242941,
Non-smooth: Wendland CSRBF+Runge,bicubic interp; trapezoid rule; CPU,360,0,1.45985e+09,0.685,8, 0.00367009,,0.000254474,0.00177453,0.00367009,
Non-smooth: Wendland CSRBF+Runge,bicubic interp; trapezoid rule; CPU,364,0,1.50402e+09,0.664885,8, 0.00239076,,0.000262002,0.00178021,0.00239076,
Non-smooth: Wendland CSRBF+Runge,bicubic interp; trapezoid rule; CPU,368,0,1.71612e+09,0.582712,8, 0.00245352,,0.000240232,0.00118045,0.00245352,
Non-smooth: Wendland CSRBF+Runge,bicubic interp; trapezoid rule; CPU,372,0,1.72197e+09,0.580729,8, 0.0370376,,0.000279804,0.0370376,0.00246258,
Non-smooth: Wendland CSRBF+Runge,bicubic interp; trapezoid rule; CPU,376,0,1.64554e+09,0.607701,8, 0.00240564,,0.000308806,0.00117321,0.00240564,
Non-smooth: Wendland CSRBF+Runge,bicubic interp; trapezoid rule; CPU,380,0,1.68904e+09,0.592051,8, 0.00334529,,0.000316805,0.00119963,0.00334529,
Non-smooth: Wendland CSRBF+Runge,bicubic interp; trapezoid rule; CPU,384,0,1.73236e+09,0.577247,8, 0.0025602,,0.000319002,0.00195537,0.0025602,
Non-smooth: Wendland CSRBF+Runge,bicubic interp; trapezoid rule; CPU,388,0,1.77916e+09,0.562063,8, 0.00250432,,0.000226637,0.00188325,0.00250432,
Non-smooth: Wendland CSRBF+Runge,bicubic interp; trapezoid rule; CPU,392,0,1.83672e+09,0.544448,8, 0.00293042,,0.000304052,0.00293042,0.00241178,
Non-smooth: Wendland CSRBF+Runge,bicubic interp; trapezoid rule; CPU,396,0,1.85394e+09,0.539392,8, 0.00241867,,0.000318923,0.00188379,0.00241867,
Non-smooth: Wendland CSRBF+Runge,bicubic interp; trapezoid rule; CPU,400,0,1.87345e+09,0.533776,8, 0.002344,,0.000290181,0.00123774,0.002344,
Non-smooth: Wendland CSRBF+Runge,bicubic interp; trapezoid rule; CPU,404,0,1.9108e+09,0.52334,8, 0.00251967,,0.000272572,0.00186017,0.00251967,
Non-smooth: Wendland CSRBF+Runge,bicubic interp; trapezoid rule; CPU,408,0,2.01035e+09,0.497425,8, 0.00250938,,0.000299891,0.00190187,0.00250938,
Non-smooth: Wendland CSRBF+Runge,bicubic interp; trapezoid rule; CPU,412,0,2.10005e+09,0.476178,8, 0.00392684,,0.000316405,0.00130543,0.00392684,
Non-smooth: Wendland CSRBF+Runge,bicubic interp; trapezoid rule; CPU,416,0,2.12945e+09,0.469604,8, 0.00246308,,0.000313902,0.00186232,0.00246308,
Non-smooth: Wendland CSRBF+Runge,bicubic interp; trapezoid rule; CPU,420,0,2.20528e+09,0.453458,8, 0.00247553,,0.00024129,0.00118306,0.00247553,
Non-smooth: Wendland CSRBF+Runge,bicubic interp; trapezoid rule; CPU,424,0,2.27921e+09,0.438748,8, 0.00254611,,0.000278192,0.00183554,0.00254611,
Non-smooth: Wendland CSRBF+Runge,bicubic interp; trapezoid rule; CPU,428,0,2.35207e+09,0.425157,8, 0.00246136,,0.000280277,0.00184398,0.00246136,
Non-smooth: Wendland CSRBF+Runge,bicubic interp; trapezoid rule; CPU,432,0,2.42131e+09,0.413,8, 0.00244683,,0.000308536,0.00181323,0.00244683,
Non-smooth: Wendland CSRBF+Runge,bicubic interp; trapezoid rule; CPU,436,0,2.49996e+09,0.400007,8, 0.00237934,,0.000345077,0.00126901,0.00237934,
Non-smooth: Wendland CSRBF+Runge,bicubic interp; trapezoid rule; CPU,440,0,2.48159e+09,0.402968,8, 0.00240585,,0.000272116,0.00198723,0.00240585,
Non-smooth: Wendland CSRBF+Runge,bicubic interp; trapezoid rule; CPU,444,0,2.52637e+09,0.395825,8, 0.00560618,,0.00039487,0.00560618,0.00249505,
Non-smooth: Wendland CSRBF+Runge,bicubic interp; trapezoid rule; CPU,448,0,2.56585e+09,0.389734,8, 0.00234975,,0.000265176,0.00119378,0.00234975,
Non-smooth: Wendland CSRBF+Runge,bicubic interp; trapezoid rule; CPU,452,0,2.66698e+09,0.374955,8, 0.00234069,,0.000256054,0.00114801,0.00234069,
Non-smooth: Wendland CSRBF+Runge,bicubic interp; trapezoid rule; CPU,456,0,2.66983e+09,0.374555,8, 0.00242101,,0.000288399,0.00118759,0.00242101,
Non-smooth: Wendland CSRBF+Runge,bicubic interp; trapezoid rule; CPU,460,0,2.77715e+09,0.360081,8, 0.00244444,,0.000363494,0.0011896,0.00244444,
Non-smooth: Wendland CSRBF+Runge,bicubic interp; trapezoid rule; CPU,464,0,2.8221e+09,0.354346,8, 0.00242907,,0.000378052,0.00194903,0.00242907,
Non-smooth: Wendland CSRBF+Runge,bicubic interp; trapezoid rule; CPU,468,0,3.06531e+09,0.326232,8, 0.00246263,,0.000324205,0.00195666,0.00246263,
Non-smooth: Wendland CSRBF+Runge,bicubic interp; trapezoid rule; CPU,472,0,3.07405e+09,0.325304,8, 0.0065249,,0.000302274,0.0065249,0.00231463,
Non-smooth: Wendland CSRBF+Runge,bicubic interp; trapezoid rule; CPU,476,0,3.0329e+09,0.329718,8, 0.00253241,,0.000301697,0.00127518,0.00253241,
Non-smooth: Wendland CSRBF+Runge,bicubic interp; trapezoid rule; CPU,480,0,3.0941e+09,0.323195,8, 0.00239639,,0.000329335,0.00133832,0.00239639,
Non-smooth: Wendland CSRBF+Runge,bicubic interp; trapezoid rule; CPU,484,0,3.23016e+09,0.309582,8, 0.00689302,,0.000411786,0.00689302,0.00233134,
Non-smooth: Wendland CSRBF+Runge,bicubic interp; trapezoid rule; CPU,488,0,3.27411e+09,0.305427,8, 0.00237903,,0.000373113,0.00133758,0.00237903,
Non-smooth: Wendland CSRBF+Runge,bicubic interp; trapezoid rule; CPU,492,0,3.33162e+09,0.300155,8, 0.0024752,,0.000316562,0.00128361,0.0024752,
Non-smooth: Wendland CSRBF+Runge,bicubic interp; trapezoid rule; CPU,496,0,3.50169e+09,0.285577,8, 0.00793116,,0.000388266,0.00793116,0.00258034,
Non-smooth: Wendland CSRBF+Runge,bicubic interp; trapezoid rule; CPU,500,0,3.39963e+09,0.29415,8, 0.0371071,,0.00041041,0.0371071,0.00257157,
Non-smooth: Wendland CSRBF+Runge,bicubic interp; trapezoid rule; CPU,504,0,3.66765e+09,0.272654,8, 0.00259875,,0.000298691,0.00192644,0.00259875,
Non-smooth: Wendland CSRBF+Runge,bicubic interp; trapezoid rule; CPU,508,0,3.77365e+09,0.264995,8, 0.00263823,,0.00035001,0.00183823,0.00263823,
Non-smooth: Wendland CSRBF+Runge,bicubic interp; trapezoid rule; CPU,512,0,3.74488e+09,0.267031,8, 0.0025742,,0.000334904,0.00119912,0.0025742,
Non-smooth: Wendland CSRBF+Runge,bicubic interp; trapezoid rule; CPU,516,0,3.87565e+09,0.258021,8, 0.00245626,,0.000411239,0.00117814,0.00245626,
