calculator chosen: 6
func chosen: 2
cache dir chosen: /scratch/ob749/GA/cache/
FunctionName, Calculator,N,Init time (s), Calc.time(s), Calc.Freq(hz), Bytes, MaxError, FirstBlank, Err1, Err2, Err3, Blank
Non-smooth: Wendland CSRBF+Runge,chebyshev interp; CPU Dense Matrix ,8,0.091,37416,26726.5,8, 0.388045,,0.388045,0.257386,0.36278,
Non-smooth: Wendland CSRBF+Runge,chebyshev interp; CPU Dense Matrix ,12,0.495,149966,6668.18,8, 0.290809,,0.262559,0.290809,0.286287,
Non-smooth: Wendland CSRBF+Runge,chebyshev interp; CPU Dense Matrix ,16,1.32,570504,1752.84,8, 0.251783,,0.251783,0.153174,0.177527,
Non-smooth: Wendland CSRBF+Runge,chebyshev interp; CPU Dense Matrix ,20,3.17,1.07645e+06,928.978,8, 0.165419,,0.165419,0.123532,0.124864,
Non-smooth: Wendland CSRBF+Runge,chebyshev interp; CPU Dense Matrix ,24,5.965,5.54683e+06,180.283,8, 0.0882351,,0.0674527,0.0882351,0.0701531,
Non-smooth: Wendland CSRBF+Runge,chebyshev interp; CPU Dense Matrix ,28,10.636,1.70941e+07,58.4998,8, 0.065695,,0.0442604,0.0609359,0.065695,
Non-smooth: Wendland CSRBF+Runge,chebyshev interp; CPU Dense Matrix ,32,18.037,3.04758e+07,32.8129,8, 0.0452458,,0.0203919,0.0452458,0.0446643,
Non-smooth: Wendland CSRBF+Runge,chebyshev interp; CPU Dense Matrix ,36,30.35,4.26655e+07,23.4381,8, 0.0519717,,0.0200555,0.0353673,0.0519717,
Non-smooth: Wendland CSRBF+Runge,chebyshev interp; CPU Dense Matrix ,40,47.489,6.92824e+07,14.4337,8, 0.0448273,,0.0234305,0.0318937,0.0448273,
Non-smooth: Wendland CSRBF+Runge,chebyshev interp; CPU Dense Matrix ,44,74.21,9.71825e+07,10.2899,8, 0.0288614,,0.0266712,0.0254104,0.0288614,
Non-smooth: Wendland CSRBF+Runge,chebyshev interp; CPU Dense Matrix ,48,310.493,1.66652e+08,6.00052,8, 0.0338816,,0.0267606,0.0241866,0.0338816,
Non-smooth: Wendland CSRBF+Runge,chebyshev interp; CPU Dense Matrix ,52,409.821,2.08786e+08,4.78959,8, 0.0392167,,0.0242054,0.0211978,0.0392167,
Non-smooth: Wendland CSRBF+Runge,chebyshev interp; CPU Dense Matrix ,56,541.592,3.40535e+08,2.93656,8, 0.037668,,0.0205713,0.0189672,0.037668,
Non-smooth: Wendland CSRBF+Runge,chebyshev interp; CPU Dense Matrix ,60,746.294,4.71582e+08,2.12052,8, 0.0310232,,0.0166728,0.0169082,0.0310232,
Non-smooth: Wendland CSRBF+Runge,chebyshev interp; CPU Dense Matrix ,64,1025.38,6.36203e+08,1.57183,8, 0.0257343,,0.0122755,0.017435,0.0257343,
Non-smooth: Wendland CSRBF+Runge,chebyshev interp; CPU Dense Matrix ,68,1224.66,7.96265e+08,1.25586,8, 0.0328543,,0.015122,0.016271,0.0328543,
Non-smooth: Wendland CSRBF+Runge,chebyshev interp; CPU Dense Matrix ,72,1585.46,1.01288e+09,0.987284,8, 0.0337365,,0.0171683,0.0173263,0.0337365,
Non-smooth: Wendland CSRBF+Runge,chebyshev interp; CPU Dense Matrix ,80,2196.23,1.69595e+09,0.58964,8, 0.0214514,,0.0202267,0.0179382,0.0214514,
