functionName, calculator,N,initTime, calcTime, calcHz, bytes, maxError, blankColumn, err1, err2, err3, Blank
NonsmoothSqrt,CPULinearSparse,8,0.009,37803,26452.9,8, 0.140203,,0.140203,0.0280518,0.018559,
NonsmoothSqrt,CPULinearSparse,12,0.022,13897,71958,8, 0.0870173,,0.0870173,0.018028,0.0128247,
NonsmoothSqrt,CPULinearSparse,16,0,15177,65889.2,8, 0.0611646,,0.0611646,0.0114984,0.00630446,
NonsmoothSqrt,CPULinearSparse,20,0.025,28006,35706.6,8, 0.0424922,,0.0424922,0.0105588,0.00649969,
NonsmoothSqrt,CPULinearSparse,24,0.027,31688,31557.7,8, 0.022176,,0.022176,0.00827356,0.00408335,
NonsmoothSqrt,CPULinearSparse,28,0.026,42425,23571,8, 0.0126838,,0.0126838,0.00729018,0.00359502,
NonsmoothSqrt,CPULinearSparse,32,0.029,58485,17098.4,8, 0.00665559,,0.00665559,0.00590009,0.0023535,
NonsmoothSqrt,CPULinearSparse,36,0.018,79657,12553.8,8, 0.0178522,,0.0178522,0.00513366,0.00341666,
NonsmoothSqrt,CPULinearSparse,40,0.028,100388,9961.35,8, 0.0194846,,0.0194846,0.00365435,0.00195375,
NonsmoothSqrt,CPULinearSparse,44,0.018,124650,8022.46,8, 0.0194069,,0.0194069,0.00289129,0.0015934,
NonsmoothSqrt,CPULinearSparse,48,0.051,166181,6017.54,8, 0.0156433,,0.0156433,0.00271663,0.00136321,
NonsmoothSqrt,CPULinearSparse,52,0.076,205072,4876.34,8, 0.0100522,,0.0100522,0.00280003,0.00176529,
NonsmoothSqrt,CPULinearSparse,56,0.033,259312,3856.36,8, 0.00742297,,0.00742297,0.00190847,0.00152239,
NonsmoothSqrt,CPULinearSparse,60,0.033,292822,3415.04,8, 0.00704867,,0.00704867,0.00192366,0.00118842,
NonsmoothSqrt,CPULinearSparse,64,0.041,402364,2485.31,8, 0.0102224,,0.0102224,0.00143473,0.000909849,
NonsmoothSqrt,CPULinearSparse,68,0.048,508916,1964.96,8, 0.00749387,,0.00749387,0.00121007,0.00131281,
NonsmoothSqrt,CPULinearSparse,72,0.039,688371,1452.71,8, 0.010161,,0.010161,0.00118584,0.00107553,
NonsmoothSqrt,CPULinearSparse,76,0.083,760935,1314.17,8, 0.00835845,,0.00835845,0.00111428,0.000757857,
NonsmoothSqrt,CPULinearSparse,80,0.087,912245,1096.2,8, 0.00648636,,0.00648636,0.00122163,0.000733869,
NonsmoothSqrt,CPULinearSparse,84,0.11,1.08647e+06,920.409,8, 0.00503846,,0.00503846,0.00130311,0.0010143,
NonsmoothSqrt,CPULinearSparse,88,0.11,1.16603e+06,857.612,8, 0.0041027,,0.0041027,0.00145132,0.000809758,
NonsmoothSqrt,CPULinearSparse,92,0.099,1.52529e+06,655.615,8, 0.00342104,,0.00342104,0.00131345,0.000634991,
NonsmoothSqrt,CPULinearSparse,96,0.099,1.64513e+06,607.855,8, 0.00582528,,0.00582528,0.00129733,0.000658113,
NonsmoothSqrt,CPULinearSparse,100,0.159,1.92912e+06,518.372,8, 0.00452491,,0.00452491,0.00129155,0.000794956,
NonsmoothSqrt,CPULinearSparse,104,0.184,2.33503e+06,428.26,8, 0.00506637,,0.00506637,0.00110631,0.000635674,
NonsmoothSqrt,CPULinearSparse,108,0.162,2.64297e+06,378.362,8, 0.00481268,,0.00481268,0.00105436,0.000480896,
NonsmoothSqrt,CPULinearSparse,112,0.2,2.91785e+06,342.718,8, 0.00436306,,0.00436306,0.000795528,0.000459829,
NonsmoothSqrt,CPULinearSparse,116,0.247,5.93105e+06,168.604,8, 0.00310935,,0.00310935,0.000942902,0.000682141,
NonsmoothSqrt,CPULinearSparse,120,0.191,3.58937e+06,278.601,8, 0.00273086,,0.00273086,0.000803138,0.000536713,
NonsmoothSqrt,CPULinearSparse,124,0.247,1.88088e+07,53.1666,8, 0.0024079,,0.0024079,0.000615442,0.000395392,
NonsmoothSqrt,CPULinearSparse,128,0.2,1.90908e+07,52.3812,8, 0.00390945,,0.00390945,0.000541892,0.000435759,
NonsmoothSqrt,CPULinearSparse,132,0.247,4.5978e+06,217.495,8, 0.00300387,,0.00300387,0.000518417,0.000583589,
NonsmoothSqrt,CPULinearSparse,136,0.357,5.2094e+06,191.961,8, 0.00361411,,0.00361411,0.000480408,0.000511944,
NonsmoothSqrt,CPULinearSparse,140,0.335,5.77278e+06,173.227,8, 0.00357681,,0.00357681,0.000535257,0.00034875,
NonsmoothSqrt,CPULinearSparse,144,0.355,6.06939e+06,164.761,8, 0.00296192,,0.00296192,0.000606638,0.000340884,
NonsmoothSqrt,CPULinearSparse,148,0.4,6.84486e+06,146.095,8, 0.00256142,,0.00256142,0.000584128,0.000479747,
NonsmoothSqrt,CPULinearSparse,152,0.43,7.40133e+06,135.111,8, 0.00226116,,0.00226116,0.000642684,0.000416183,
NonsmoothSqrt,CPULinearSparse,156,0.424,4.95868e+06,201.667,8, 0.0017484,,0.0017484,0.000749885,0.000277507,
NonsmoothSqrt,CPULinearSparse,160,0.491,8.53887e+06,117.112,8, 0.00274577,,0.00274577,0.000646066,0.000314186,
NonsmoothSqrt,CPULinearSparse,164,0.477,9.31531e+06,107.35,8, 0.00245765,,0.00245765,0.000713073,0.000438299,
NonsmoothSqrt,CPULinearSparse,168,0.54,6.24198e+06,160.206,8, 0.0026067,,0.0026067,0.000613032,0.00039853,
NonsmoothSqrt,CPULinearSparse,172,0.504,1.06541e+07,93.8608,8, 0.00265657,,0.00265657,0.000525139,0.000272207,
NonsmoothSqrt,CPULinearSparse,176,0.592,1.03142e+07,96.9541,8, 0.0022403,,0.0022403,0.000385182,0.000293716,
NonsmoothSqrt,CPULinearSparse,180,0.599,7.51132e+06,133.132,8, 0.00180217,,0.00180217,0.000532007,0.000399034,
NonsmoothSqrt,CPULinearSparse,184,0.642,1.30508e+07,76.6236,8, 0.00146402,,0.00146402,0.00041068,0.000342396,
NonsmoothSqrt,CPULinearSparse,188,0.715,8.8828e+06,112.577,8, 0.00124141,,0.00124141,0.000366596,0.00023202,
NonsmoothSqrt,CPULinearSparse,192,0.67,1.45083e+07,68.9259,8, 0.00218698,,0.00218698,0.000340109,0.000240408,
NonsmoothSqrt,CPULinearSparse,196,0.802,9.82408e+06,101.791,8, 0.00209548,,0.00209548,0.000292295,0.000361245,
NonsmoothSqrt,CPULinearSparse,200,0.764,1.14365e+07,87.4391,8, 0.00210654,,0.00210654,0.000285757,0.000290275,
NonsmoothSqrt,CPULinearSparse,204,0.853,1.20428e+07,83.0373,8, 0.00212074,,0.00212074,0.000304294,0.000200357,
NonsmoothSqrt,CPULinearSparse,208,0.881,1.86538e+07,53.6083,8, 0.00166129,,0.00166129,0.000392518,0.000244472,
NonsmoothSqrt,CPULinearSparse,212,0.913,2.01128e+07,49.7195,8, 0.0014155,,0.0014155,0.000383963,0.000303938,
NonsmoothSqrt,CPULinearSparse,216,0.945,1.51307e+07,66.0909,8, 0.0011857,,0.0011857,0.000440155,0.000273982,
NonsmoothSqrt,CPULinearSparse,220,1.133,1.38718e+07,72.0887,8, 0.00131854,,0.00131854,0.000437425,0.000193452,
NonsmoothSqrt,CPULinearSparse,224,1.066,1.55815e+07,64.1785,8, 0.00180689,,0.00180689,0.00044658,0.000197957,
NonsmoothSqrt,CPULinearSparse,228,1.131,1.78606e+07,55.989,8, 0.00153223,,0.00153223,0.000424619,0.000296732,
NonsmoothSqrt,CPULinearSparse,232,1.223,2.18907e+07,45.6815,8, 0.00172422,,0.00172422,0.000431036,0.000240959,
NonsmoothSqrt,CPULinearSparse,236,1.265,1.87143e+07,53.435,8, 0.0017516,,0.0017516,0.000405802,0.00016007,
NonsmoothSqrt,CPULinearSparse,240,1.37,3.23599e+07,30.9024,8, 0.00141867,,0.00141867,0.00029144,0.000191865,
NonsmoothSqrt,CPULinearSparse,244,1.36,2.14667e+07,46.5839,8, 0.00105458,,0.00105458,0.00035901,0.000274815,
NonsmoothSqrt,CPULinearSparse,248,1.469,2.30012e+07,43.476,8, 0.0010498,,0.0010498,0.000291796,0.000228678,
NonsmoothSqrt,CPULinearSparse,252,1.518,3.2726e+07,30.5567,8, 0.00100742,,0.00100742,0.000265553,0.000166165,
NonsmoothSqrt,CPULinearSparse,256,1.599,2.88389e+07,34.6754,8, 0.00153232,,0.00153232,0.000200994,0.00019024,
NonsmoothSqrt,CPULinearSparse,260,1.67,2.72997e+07,36.6304,8, 0.00121731,,0.00121731,0.000199671,0.000234637,
NonsmoothSqrt,CPULinearSparse,264,1.841,2.44113e+07,40.9646,8, 0.00156473,,0.00156473,0.000203887,0.000219925,
NonsmoothSqrt,CPULinearSparse,268,1.852,2.60041e+07,38.4555,8, 0.00141006,,0.00141006,0.000211569,0.000137152,
NonsmoothSqrt,CPULinearSparse,272,2.004,2.74595e+07,36.4172,8, 0.00114698,,0.00114698,0.000261311,0.000156699,
NonsmoothSqrt,CPULinearSparse,276,2.044,2.85526e+07,35.023,8, 0.000896157,,0.000896157,0.000293542,0.000235125,
NonsmoothSqrt,CPULinearSparse,280,2.12,3.06544e+07,32.6218,8, 0.000933503,,0.000933503,0.00030518,0.00020017,
NonsmoothSqrt,CPULinearSparse,284,2.199,4.27202e+07,23.4081,8, 0.000799716,,0.000799716,0.000312734,0.000131266,
NonsmoothSqrt,CPULinearSparse,288,2.275,4.34947e+07,22.9913,8, 0.00125562,,0.00125562,0.000342411,0.00015889,
NonsmoothSqrt,CPULinearSparse,292,2.377,3.46323e+07,28.8748,8, 0.00100588,,0.00100588,0.000313777,0.000213358,
NonsmoothSqrt,CPULinearSparse,296,2.557,5.50969e+07,18.1499,8, 0.00147731,,0.00147731,0.000306678,0.000210675,
NonsmoothSqrt,CPULinearSparse,300,2.553,5.49705e+07,18.1916,8, 0.00115848,,0.00115848,0.000263026,0.000127337,
NonsmoothSqrt,CPULinearSparse,304,2.751,3.93369e+07,25.4214,8, 0.00107181,,0.00107181,0.000186226,0.000145758,
NonsmoothSqrt,CPULinearSparse,308,2.798,4.10376e+07,24.3679,8, 0.000944712,,0.000944712,0.000265392,0.000201205,
NonsmoothSqrt,CPULinearSparse,312,2.895,4.35532e+07,22.9604,8, 0.000811113,,0.000811113,0.000222371,0.000177444,
NonsmoothSqrt,CPULinearSparse,316,2.996,4.90712e+07,20.3786,8, 0.000666969,,0.000666969,0.000166728,0.000108097,
NonsmoothSqrt,CPULinearSparse,320,3.11,4.53074e+07,22.0715,8, 0.00111105,,0.00111105,0.000167801,0.000128613,
NonsmoothSqrt,CPULinearSparse,324,3.252,4.83985e+07,20.6618,8, 0.000902776,,0.000902776,0.000133578,0.000182822,
NonsmoothSqrt,CPULinearSparse,328,3.301,5.18266e+07,19.2951,8, 0.00118508,,0.00118508,0.000157443,0.000162806,
NonsmoothSqrt,CPULinearSparse,332,3.474,5.77961e+07,17.3022,8, 0.00102645,,0.00102645,0.00016762,0.000114502,
NonsmoothSqrt,CPULinearSparse,336,3.621,7.70559e+07,12.9776,8, 0.000977759,,0.000977759,0.000230266,0.000139532,
NonsmoothSqrt,CPULinearSparse,340,3.767,6.34105e+07,15.7703,8, 0.000705168,,0.000705168,0.000209031,0.000170442,
NonsmoothSqrt,CPULinearSparse,344,3.877,6.17725e+07,16.1884,8, 0.000627231,,0.000627231,0.000249118,0.000152779,
NonsmoothSqrt,CPULinearSparse,348,4.072,7.29059e+07,13.7163,8, 0.000606924,,0.000606924,0.000241273,9.71798e-05,
NonsmoothSqrt,CPULinearSparse,352,4.219,8.38115e+07,11.9315,8, 0.000981776,,0.000981776,0.000241906,0.000120346,
NonsmoothSqrt,CPULinearSparse,356,4.303,8.17843e+07,12.2273,8, 0.000864957,,0.000864957,0.000266684,0.000178643,
NonsmoothSqrt,CPULinearSparse,360,4.514,7.52463e+07,13.2897,8, 0.000987443,,0.000987443,0.000237108,0.000142452,
NonsmoothSqrt,CPULinearSparse,364,4.66,7.06283e+07,14.1586,8, 0.000943814,,0.000943814,0.000207503,9.37205e-05,
NonsmoothSqrt,CPULinearSparse,368,4.821,7.27068e+07,13.7539,8, 0.000808189,,0.000808189,0.000152191,0.000107185,
NonsmoothSqrt,CPULinearSparse,372,4.984,7.61681e+07,13.1288,8, 0.000628816,,0.000628816,0.000208064,0.000158315,
NonsmoothSqrt,CPULinearSparse,376,5.1,1.04764e+08,9.54525,8, 0.000585669,,0.000585669,0.000162896,0.00014168,
NonsmoothSqrt,CPULinearSparse,380,5.152,8.95437e+07,11.1677,8, 0.000612103,,0.000612103,0.000152591,9.31566e-05,
NonsmoothSqrt,CPULinearSparse,384,5.302,1.14973e+08,8.69768,8, 0.000874914,,0.000874914,0.000118168,0.000108735,
NonsmoothSqrt,CPULinearSparse,388,5.558,1.05328e+08,9.49419,8, 0.000708176,,0.000708176,0.000107489,0.000146323,
NonsmoothSqrt,CPULinearSparse,392,5.734,1.25467e+08,7.97023,8, 0.00084564,,0.00084564,0.000115325,0.000127029,
NonsmoothSqrt,CPULinearSparse,396,5.929,1.37287e+08,7.284,8, 0.000933007,,0.000933007,0.000145474,8.04356e-05,
NonsmoothSqrt,CPULinearSparse,400,6.003,1.14694e+08,8.71882,8, 0.000691199,,0.000691199,0.000159602,0.000105951,
NonsmoothSqrt,CPULinearSparse,404,6.296,1.2242e+08,8.16859,8, 0.000516438,,0.000516438,0.000176853,0.000137303,
NonsmoothSqrt,CPULinearSparse,408,7.101,1.16752e+08,8.56516,8, 0.000528382,,0.000528382,0.000183979,0.000125588,
NonsmoothSqrt,CPULinearSparse,412,7.735,1.0789e+08,9.26866,8, 0.000516954,,0.000516954,0.000200755,8.64113e-05,
NonsmoothSqrt,CPULinearSparse,416,6.939,1.09212e+08,9.15654,8, 0.000802743,,0.000802743,0.000215794,0.000100805,
NonsmoothSqrt,CPULinearSparse,420,7.204,1.16077e+08,8.61494,8, 0.000645985,,0.000645985,0.000196989,0.000131983,
NonsmoothSqrt,CPULinearSparse,424,7.4,1.17663e+08,8.49884,8, 0.000767999,,0.000767999,0.00019533,0.000123451,
NonsmoothSqrt,CPULinearSparse,428,7.614,1.23741e+08,8.08137,8, 0.000838096,,0.000838096,0.000180793,7.40691e-05,
NonsmoothSqrt,CPULinearSparse,432,123.863,1.25346e+08,7.97793,8, 0.000600392,,0.000600392,0.000128219,8.93643e-05,
NonsmoothSqrt,CPULinearSparse,436,128.882,1.40871e+08,7.09869,8, 0.000548916,,0.000548916,0.000169684,0.000139653,
NonsmoothSqrt,CPULinearSparse,440,134.878,1.53588e+08,6.51091,8, 0.00052288,,0.00052288,0.000142372,0.000114869,
NonsmoothSqrt,CPULinearSparse,444,135.695,2.17156e+08,4.60498,8, 0.000451892,,0.000451892,0.000110643,7.30205e-05,
NonsmoothSqrt,CPULinearSparse,448,138.041,2.24011e+08,4.46407,8, 0.000713899,,0.000713899,9.54533e-05,9.1015e-05,
NonsmoothSqrt,CPULinearSparse,452,145.072,1.5554e+08,6.42921,8, 0.000598226,,0.000598226,9.2836e-05,0.000123908,
NonsmoothSqrt,CPULinearSparse,456,148.699,2.20153e+08,4.5423,8, 0.000731757,,0.000731757,0.000105254,0.000122957,
NonsmoothSqrt,CPULinearSparse,460,150.125,1.53977e+08,6.49447,8, 0.000705153,,0.000705153,0.000116616,7.21356e-05,
NonsmoothSqrt,CPULinearSparse,464,10.353,1.60077e+08,6.247,8, 0.000565555,,0.000565555,0.000130096,9.02339e-05,
NonsmoothSqrt,CPULinearSparse,468,161.932,1.73972e+08,5.74806,8, 0.000513077,,0.000513077,0.00015497,0.000115111,
NonsmoothSqrt,CPULinearSparse,472,175.189,1.77815e+08,5.62383,8, 0.000443807,,0.000443807,0.000154474,0.000107875,
NonsmoothSqrt,CPULinearSparse,476,184.997,2.769e+08,3.61141,8, 0.000387104,,0.000387104,0.000167406,6.33036e-05,
NonsmoothSqrt,CPULinearSparse,480,189.797,1.8713e+08,5.34387,8, 0.000656205,,0.000656205,0.000166431,7.84551e-05,
NonsmoothSqrt,CPULinearSparse,484,197.071,1.92259e+08,5.20131,8, 0.00056433,,0.00056433,0.000173601,0.000110627,
NonsmoothSqrt,CPULinearSparse,488,12.234,2.10985e+08,4.73968,8, 0.000635389,,0.000635389,0.000160516,0.000102104,
NonsmoothSqrt,CPULinearSparse,492,215.633,3.25446e+08,3.07271,8, 0.000614627,,0.000614627,0.00014275,6.81111e-05,
NonsmoothSqrt,CPULinearSparse,496,223.682,2.05389e+08,4.86881,8, 0.000568784,,0.000568784,0.000108916,8.11764e-05,
NonsmoothSqrt,CPULinearSparse,500,229.767,2.08946e+08,4.78592,8, 0.000403696,,0.000403696,0.00014202,0.000106213,
NonsmoothSqrt,CPULinearSparse,504,12.325,2.0637e+08,4.84567,8, 0.000369034,,0.000369034,0.000112339,9.80297e-05,
NonsmoothSqrt,CPULinearSparse,508,241.348,2.22545e+08,4.49348,8, 0.000374859,,0.000374859,9.08825e-05,5.89981e-05,
NonsmoothSqrt,CPULinearSparse,512,263.431,2.19065e+08,4.56486,8, 0.00060184,,0.00060184,8.7661e-05,7.42402e-05,
NonsmoothSqrt,CPULinearSparse,516,260.09,2.33716e+08,4.27869,8, 0.000563863,,0.000563863,8.44139e-05,0.000112112,
