calculator chosen: 5
func chosen: 1
cache dir chosen: /scratch/ob749/GA/cache/
FunctionName, Calculator,N,Init time (s), Calc.time(s), Calc.Freq(hz), Bytes, MaxError, FirstBlank, Err1, Err2, Err3, Blank
Smooth exp(-Ar^2-b*rho^2),DCT+Bessel+IDCT; on padded grid    ,8,0.008,1.0158e+07,98.4447,8, 0.181673,,0.0259268,0.181673,0.152593,
Smooth exp(-Ar^2-b*rho^2),DCT+Bessel+IDCT; on padded grid    ,12,0.031,1.01847e+07,98.1864,8, 0.0166351,,0.00145873,0.0166351,0.0164818,
Smooth exp(-Ar^2-b*rho^2),DCT+Bessel+IDCT; on padded grid    ,16,0.016,1.01794e+07,98.2379,8, 0.00108391,,6.68458e-05,0.000767412,0.00108391,
Smooth exp(-Ar^2-b*rho^2),DCT+Bessel+IDCT; on padded grid    ,20,0.051,1.41578e+07,70.6325,8, 2.09681e-05,,1.29618e-06,1.47861e-05,2.09681e-05,
Smooth exp(-Ar^2-b*rho^2),DCT+Bessel+IDCT; on padded grid    ,24,0.05,1.98121e+07,50.4742,8, 1.23883e-07,,1.13263e-08,1.23883e-07,6.97342e-08,
Smooth exp(-Ar^2-b*rho^2),DCT+Bessel+IDCT; on padded grid    ,28,0.031,9.03845e+06,110.638,8, 5.69205e-10,,3.99197e-11,4.4694e-10,5.69205e-10,
Smooth exp(-Ar^2-b*rho^2),DCT+Bessel+IDCT; on padded grid    ,32,0.03,8.49583e+06,117.705,8, 1.50117e-11,,3.95946e-12,1.40709e-11,1.50117e-11,
Smooth exp(-Ar^2-b*rho^2),DCT+Bessel+IDCT; on padded grid    ,36,0.076,1.4267e+07,70.0919,8, 2.07853e-11,,4.65597e-12,1.08872e-11,2.07853e-11,
Smooth exp(-Ar^2-b*rho^2),DCT+Bessel+IDCT; on padded grid    ,40,0.084,2.01338e+07,49.6678,8, 2.66793e-11,,5.65679e-12,1.36235e-11,2.66793e-11,
Smooth exp(-Ar^2-b*rho^2),DCT+Bessel+IDCT; on padded grid    ,44,0.028,1.35057e+07,74.043,8, 2.15578e-11,,5.75708e-12,1.63605e-11,2.15578e-11,
Smooth exp(-Ar^2-b*rho^2),DCT+Bessel+IDCT; on padded grid    ,48,0.09,1.96299e+07,50.9428,8, 1.48758e-11,,5.50473e-12,1.05053e-11,1.48758e-11,
Smooth exp(-Ar^2-b*rho^2),DCT+Bessel+IDCT; on padded grid    ,52,0.028,1.38085e+06,724.191,8, 2.09636e-11,,5.19224e-12,1.20098e-11,2.09636e-11,
Smooth exp(-Ar^2-b*rho^2),DCT+Bessel+IDCT; on padded grid    ,56,0.05,1.49216e+06,670.169,8, 2.42826e-11,,4.79729e-12,6.60378e-12,2.42826e-11,
Smooth exp(-Ar^2-b*rho^2),DCT+Bessel+IDCT; on padded grid    ,60,0.156,2.1132e+06,473.216,8, 2.4319e-11,,4.31034e-12,5.05335e-12,2.4319e-11,
Smooth exp(-Ar^2-b*rho^2),DCT+Bessel+IDCT; on padded grid    ,64,0.035,1.79268e+06,557.824,8, 1.38928e-11,,3.73464e-12,5.32101e-12,1.38928e-11,
Smooth exp(-Ar^2-b*rho^2),DCT+Bessel+IDCT; on padded grid    ,68,0.075,2.8171e+06,354.975,8, 1.98056e-11,,3.75133e-12,7.00668e-12,1.98056e-11,
Smooth exp(-Ar^2-b*rho^2),DCT+Bessel+IDCT; on padded grid    ,72,0.125,2.35291e+06,425.005,8, 2.31931e-11,,4.8142e-12,8.83463e-12,2.31931e-11,
Smooth exp(-Ar^2-b*rho^2),DCT+Bessel+IDCT; on padded grid    ,76,0.092,3.88758e+06,257.229,8, 2.44753e-11,,5.08978e-12,1.07739e-11,2.44753e-11,
Smooth exp(-Ar^2-b*rho^2),DCT+Bessel+IDCT; on padded grid    ,80,0.087,3.13416e+06,319.065,8, 1.50017e-11,,5.13585e-12,6.45184e-12,1.50017e-11,
Smooth exp(-Ar^2-b*rho^2),DCT+Bessel+IDCT; on padded grid    ,84,0.11,3.10032e+06,322.547,8, 1.71118e-11,,4.83056e-12,7.8663e-12,1.71118e-11,
Smooth exp(-Ar^2-b*rho^2),DCT+Bessel+IDCT; on padded grid    ,88,0.081,3.67389e+06,272.191,8, 2.1498e-11,,4.35992e-12,9.32728e-12,2.1498e-11,
Smooth exp(-Ar^2-b*rho^2),DCT+Bessel+IDCT; on padded grid    ,92,0.098,6.16553e+06,162.192,8, 2.46851e-11,,3.90434e-12,1.08226e-11,2.46851e-11,
Smooth exp(-Ar^2-b*rho^2),DCT+Bessel+IDCT; on padded grid    ,96,0.103,4.81378e+06,207.737,8, 2.20602e-11,,3.33474e-12,1.23371e-11,2.20602e-11,
Smooth exp(-Ar^2-b*rho^2),DCT+Bessel+IDCT; on padded grid    ,100,0.155,4.54784e+06,219.884,8, 1.38536e-11,,3.28584e-12,1.38536e-11,1.37238e-11,
Smooth exp(-Ar^2-b*rho^2),DCT+Bessel+IDCT; on padded grid    ,104,0.064,7.38179e+06,135.469,8, 1.94764e-11,,4.25833e-12,7.59357e-12,1.94764e-11,
Smooth exp(-Ar^2-b*rho^2),DCT+Bessel+IDCT; on padded grid    ,108,0.154,5.77405e+06,173.189,8, 2.20404e-11,,4.58878e-12,8.59502e-12,2.20404e-11,
Smooth exp(-Ar^2-b*rho^2),DCT+Bessel+IDCT; on padded grid    ,112,0.086,7.52778e+06,132.841,8, 2.24666e-11,,4.49588e-12,9.5764e-12,2.24666e-11,
Smooth exp(-Ar^2-b*rho^2),DCT+Bessel+IDCT; on padded grid    ,116,0.13,1.15105e+07,86.8772,8, 1.23982e-11,,4.33321e-12,1.05317e-11,1.23982e-11,
Smooth exp(-Ar^2-b*rho^2),DCT+Bessel+IDCT; on padded grid    ,120,0.284,9.85625e+06,101.458,8, 1.73142e-11,,3.97487e-12,1.14524e-11,1.73142e-11,
Smooth exp(-Ar^2-b*rho^2),DCT+Bessel+IDCT; on padded grid    ,124,0.152,1.3635e+07,73.3408,8, 1.93832e-11,,3.61009e-12,1.23334e-11,1.93832e-11,
Smooth exp(-Ar^2-b*rho^2),DCT+Bessel+IDCT; on padded grid    ,128,0.138,1.01441e+07,98.5798,8, 2.27579e-11,,3.11263e-12,1.31732e-11,2.27579e-11,
Smooth exp(-Ar^2-b*rho^2),DCT+Bessel+IDCT; on padded grid    ,132,0.158,1.07421e+07,93.0919,8, 1.73683e-11,,2.88053e-12,4.71986e-12,1.73683e-11,
Smooth exp(-Ar^2-b*rho^2),DCT+Bessel+IDCT; on padded grid    ,136,0.204,1.48004e+07,67.5659,8, 1.51431e-11,,3.80732e-12,5.10731e-12,1.51431e-11,
Smooth exp(-Ar^2-b*rho^2),DCT+Bessel+IDCT; on padded grid    ,140,0.243,1.09843e+07,91.0393,8, 1.94427e-11,,4.09888e-12,5.59737e-12,1.94427e-11,
Smooth exp(-Ar^2-b*rho^2),DCT+Bessel+IDCT; on padded grid    ,144,0.161,1.25375e+07,79.7608,8, 2.00081e-11,,4.11966e-12,6.74738e-12,2.00081e-11,
Smooth exp(-Ar^2-b*rho^2),DCT+Bessel+IDCT; on padded grid    ,148,0.186,2.13683e+07,46.7984,8, 1.8304e-11,,3.90204e-12,7.93025e-12,1.8304e-11,
Smooth exp(-Ar^2-b*rho^2),DCT+Bessel+IDCT; on padded grid    ,152,0.208,1.86234e+07,53.6958,8, 1.30652e-11,,3.63575e-12,9.1379e-12,1.30652e-11,
Smooth exp(-Ar^2-b*rho^2),DCT+Bessel+IDCT; on padded grid    ,156,0.175,1.57371e+07,63.5443,8, 1.6791e-11,,3.19513e-12,1.03619e-11,1.6791e-11,
Smooth exp(-Ar^2-b*rho^2),DCT+Bessel+IDCT; on padded grid    ,160,0.181,1.5792e+07,63.3232,8, 2.01236e-11,,2.7695e-12,1.15983e-11,2.01236e-11,
Smooth exp(-Ar^2-b*rho^2),DCT+Bessel+IDCT; on padded grid    ,164,0.205,2.76721e+07,36.1375,8, 1.89602e-11,,2.59725e-12,4.971e-12,1.89602e-11,
Smooth exp(-Ar^2-b*rho^2),DCT+Bessel+IDCT; on padded grid    ,168,0.248,1.79199e+07,55.8038,8, 1.50301e-11,,3.43302e-12,5.89336e-12,1.50301e-11,
Smooth exp(-Ar^2-b*rho^2),DCT+Bessel+IDCT; on padded grid    ,172,0.232,3.08767e+07,32.3869,8, 1.42452e-11,,3.80401e-12,6.80893e-12,1.42452e-11,
Smooth exp(-Ar^2-b*rho^2),DCT+Bessel+IDCT; on padded grid    ,176,0.225,1.97421e+07,50.6531,8, 1.73302e-11,,3.74514e-12,7.71187e-12,1.73302e-11,
Smooth exp(-Ar^2-b*rho^2),DCT+Bessel+IDCT; on padded grid    ,180,0.391,2.01766e+07,49.5623,8, 1.94071e-11,,3.60453e-12,8.59008e-12,1.94071e-11,
Smooth exp(-Ar^2-b*rho^2),DCT+Bessel+IDCT; on padded grid    ,184,0.274,2.96873e+07,33.6845,8, 1.63581e-11,,3.41132e-12,9.4485e-12,1.63581e-11,
Smooth exp(-Ar^2-b*rho^2),DCT+Bessel+IDCT; on padded grid    ,188,0.23,3.99025e+07,25.0611,8, 1.18595e-11,,3.03781e-12,1.0274e-11,1.18595e-11,
Smooth exp(-Ar^2-b*rho^2),DCT+Bessel+IDCT; on padded grid    ,192,0.203,1.96552e+07,50.8771,8, 1.48366e-11,,2.67331e-12,1.10694e-11,1.48366e-11,
Smooth exp(-Ar^2-b*rho^2),DCT+Bessel+IDCT; on padded grid    ,196,0.154,2.21486e+07,45.1496,8, 1.97191e-11,,2.45715e-12,1.18259e-11,1.97191e-11,
Smooth exp(-Ar^2-b*rho^2),DCT+Bessel+IDCT; on padded grid    ,200,0.209,2.04367e+07,48.9315,8, 1.73438e-11,,3.17973e-12,1.25409e-11,1.73438e-11,
Smooth exp(-Ar^2-b*rho^2),DCT+Bessel+IDCT; on padded grid    ,204,0.392,2.83726e+07,35.2453,8, 1.23175e-11,,3.44727e-12,5.32163e-12,1.23175e-11,
Smooth exp(-Ar^2-b*rho^2),DCT+Bessel+IDCT; on padded grid    ,208,0.203,2.44198e+07,40.9504,8, 1.47729e-11,,3.60788e-12,6.24691e-12,1.47729e-11,
Smooth exp(-Ar^2-b*rho^2),DCT+Bessel+IDCT; on padded grid    ,212,0.284,4.55781e+07,21.9404,8, 1.69736e-11,,3.36769e-12,7.20535e-12,1.69736e-11,
Smooth exp(-Ar^2-b*rho^2),DCT+Bessel+IDCT; on padded grid    ,216,0.236,2.64298e+07,37.8361,8, 1.8065e-11,,3.23347e-12,8.19292e-12,1.8065e-11,
Smooth exp(-Ar^2-b*rho^2),DCT+Bessel+IDCT; on padded grid    ,220,0.273,2.77004e+07,36.1005,8, 1.39869e-11,,2.75684e-12,9.20925e-12,1.39869e-11,
Smooth exp(-Ar^2-b*rho^2),DCT+Bessel+IDCT; on padded grid    ,224,0.221,3.90016e+07,25.6399,8, 1.22618e-11,,2.44422e-12,3.54676e-12,1.22618e-11,
Smooth exp(-Ar^2-b*rho^2),DCT+Bessel+IDCT; on padded grid    ,228,0.397,3.89714e+07,25.6599,8, 1.42684e-11,,2.30761e-12,3.25904e-12,1.42684e-11,
Smooth exp(-Ar^2-b*rho^2),DCT+Bessel+IDCT; on padded grid    ,232,0.315,4.30893e+07,23.2076,8, 1.86005e-11,,3.06566e-12,3.98875e-12,1.86005e-11,
Smooth exp(-Ar^2-b*rho^2),DCT+Bessel+IDCT; on padded grid    ,236,0.341,6.04573e+07,16.5406,8, 1.52752e-11,,3.37605e-12,4.8283e-12,1.52752e-11,
Smooth exp(-Ar^2-b*rho^2),DCT+Bessel+IDCT; on padded grid    ,240,0.311,3.2581e+07,30.6927,8, 9.95699e-12,,3.42314e-12,5.66822e-12,9.95699e-12,
Smooth exp(-Ar^2-b*rho^2),DCT+Bessel+IDCT; on padded grid    ,244,0.335,6.64069e+07,15.0587,8, 1.45242e-11,,3.23084e-12,6.50174e-12,1.45242e-11,
Smooth exp(-Ar^2-b*rho^2),DCT+Bessel+IDCT; on padded grid    ,248,0.346,5.0953e+07,19.6259,8, 1.59816e-11,,2.98534e-12,7.32717e-12,1.59816e-11,
Smooth exp(-Ar^2-b*rho^2),DCT+Bessel+IDCT; on padded grid    ,252,0.413,3.76923e+07,26.5306,8, 1.62579e-11,,2.71437e-12,8.13485e-12,1.62579e-11,
Smooth exp(-Ar^2-b*rho^2),DCT+Bessel+IDCT; on padded grid    ,256,0.264,5.17039e+07,19.3409,8, 1.45846e-11,,2.28723e-12,8.92421e-12,1.45846e-11,
Smooth exp(-Ar^2-b*rho^2),DCT+Bessel+IDCT; on padded grid    ,260,0.334,5.10641e+07,19.5832,8, 1.19855e-11,,2.15271e-12,9.6936e-12,1.19855e-11,
Smooth exp(-Ar^2-b*rho^2),DCT+Bessel+IDCT; on padded grid    ,264,0.383,4.28436e+07,23.3407,8, 1.33682e-11,,2.77737e-12,1.04364e-11,1.33682e-11,
Smooth exp(-Ar^2-b*rho^2),DCT+Bessel+IDCT; on padded grid    ,268,0.506,8.59247e+07,11.6381,8, 1.70135e-11,,3.12208e-12,1.11477e-11,1.70135e-11,
Smooth exp(-Ar^2-b*rho^2),DCT+Bessel+IDCT; on padded grid    ,272,0.4,5.42702e+07,18.4263,8, 1.6092e-11,,3.20748e-12,1.18233e-11,1.6092e-11,
Smooth exp(-Ar^2-b*rho^2),DCT+Bessel+IDCT; on padded grid    ,276,0.508,6.2085e+07,16.1069,8, 9.63278e-12,,3.05514e-12,6.56035e-12,9.63278e-12,
Smooth exp(-Ar^2-b*rho^2),DCT+Bessel+IDCT; on padded grid    ,280,0.466,4.70116e+07,21.2713,8, 1.37264e-11,,2.85011e-12,3.87847e-12,1.37264e-11,
Smooth exp(-Ar^2-b*rho^2),DCT+Bessel+IDCT; on padded grid    ,284,0.569,9.99094e+07,10.0091,8, 1.45532e-11,,2.45957e-12,4.27049e-12,1.45532e-11,
Smooth exp(-Ar^2-b*rho^2),DCT+Bessel+IDCT; on padded grid    ,288,0.343,4.99566e+07,20.0174,8, 1.72921e-11,,2.22923e-12,4.62478e-12,1.72921e-11,
Smooth exp(-Ar^2-b*rho^2),DCT+Bessel+IDCT; on padded grid    ,292,0.58,1.31203e+08,7.62178,8, 1.17885e-11,,1.99496e-12,4.93583e-12,1.17885e-11,
Smooth exp(-Ar^2-b*rho^2),DCT+Bessel+IDCT; on padded grid    ,296,0.439,7.96895e+07,12.5487,8, 1.12164e-11,,2.64158e-12,5.21428e-12,1.12164e-11,
Smooth exp(-Ar^2-b*rho^2),DCT+Bessel+IDCT; on padded grid    ,300,0.535,5.39526e+07,18.5348,8, 1.50635e-11,,3.01444e-12,5.45004e-12,1.50635e-11,
Smooth exp(-Ar^2-b*rho^2),DCT+Bessel+IDCT; on padded grid    ,304,0.52,1.01821e+08,9.82114,8, 1.51064e-11,,2.97081e-12,3.7517e-12,1.51064e-11,
Smooth exp(-Ar^2-b*rho^2),DCT+Bessel+IDCT; on padded grid    ,308,0.365,8.68703e+07,11.5114,8, 1.35389e-11,,2.85235e-12,4.50442e-12,1.35389e-11,
Smooth exp(-Ar^2-b*rho^2),DCT+Bessel+IDCT; on padded grid    ,312,0.393,6.18185e+07,16.1764,8, 8.8656e-12,,2.68186e-12,5.26521e-12,8.8656e-12,
Smooth exp(-Ar^2-b*rho^2),DCT+Bessel+IDCT; on padded grid    ,316,0.687,1.34392e+08,7.44094,8, 1.25336e-11,,2.32564e-12,6.02672e-12,1.25336e-11,
Smooth exp(-Ar^2-b*rho^2),DCT+Bessel+IDCT; on padded grid    ,320,0.493,7.97831e+07,12.534,8, 1.58882e-11,,2.12799e-12,6.78841e-12,1.58882e-11,
Smooth exp(-Ar^2-b*rho^2),DCT+Bessel+IDCT; on padded grid    ,324,0.361,9.0218e+07,11.0843,8, 1.49577e-11,,1.99652e-12,7.54516e-12,1.49577e-11,
Smooth exp(-Ar^2-b*rho^2),DCT+Bessel+IDCT; on padded grid    ,328,0.541,1.17217e+08,8.53118,8, 1.36386e-11,,2.50019e-12,8.28506e-12,1.36386e-11,
Smooth exp(-Ar^2-b*rho^2),DCT+Bessel+IDCT; on padded grid    ,332,0.774,1.54257e+08,6.48268,8, 1.00837e-11,,2.89664e-12,9.01324e-12,1.00837e-11,
Smooth exp(-Ar^2-b*rho^2),DCT+Bessel+IDCT; on padded grid    ,336,0.595,7.21809e+07,13.8541,8, 1.34698e-11,,2.87949e-12,9.72089e-12,1.34698e-11,
Smooth exp(-Ar^2-b*rho^2),DCT+Bessel+IDCT; on padded grid    ,340,0.665,1.13142e+08,8.83848,8, 1.61112e-11,,2.78983e-12,1.04003e-11,1.61112e-11,
Smooth exp(-Ar^2-b*rho^2),DCT+Bessel+IDCT; on padded grid    ,344,0.608,1.47036e+08,6.80106,8, 1.66021e-11,,2.64947e-12,1.10584e-11,1.66021e-11,
Smooth exp(-Ar^2-b*rho^2),DCT+Bessel+IDCT; on padded grid    ,348,0.674,1.31814e+08,7.58643,8, 1.16885e-11,,2.32216e-12,1.16885e-11,1.07022e-11,
Smooth exp(-Ar^2-b*rho^2),DCT+Bessel+IDCT; on padded grid    ,352,0.551,9.60579e+07,10.4104,8, 1.40869e-11,,1.99408e-12,3.57428e-12,1.40869e-11,
Smooth exp(-Ar^2-b*rho^2),DCT+Bessel+IDCT; on padded grid    ,356,0.887,1.86815e+08,5.35289,8, 1.39191e-11,,1.8353e-12,3.60588e-12,1.39191e-11,
Smooth exp(-Ar^2-b*rho^2),DCT+Bessel+IDCT; on padded grid    ,360,0.726,1.09089e+08,9.16686,8, 1.56687e-11,,2.51608e-12,4.00322e-12,1.56687e-11,
Smooth exp(-Ar^2-b*rho^2),DCT+Bessel+IDCT; on padded grid    ,364,0.462,1.22358e+08,8.17272,8, 1.48722e-11,,2.77125e-12,4.3564e-12,1.48722e-11,
Smooth exp(-Ar^2-b*rho^2),DCT+Bessel+IDCT; on padded grid    ,368,0.65,1.36763e+08,7.31191,8, 1.16609e-11,,2.77721e-12,4.67863e-12,1.16609e-11,
Smooth exp(-Ar^2-b*rho^2),DCT+Bessel+IDCT; on padded grid    ,372,0.744,1.44163e+08,6.93659,8, 1.47326e-11,,2.71267e-12,4.95598e-12,1.47326e-11,
Smooth exp(-Ar^2-b*rho^2),DCT+Bessel+IDCT; on padded grid    ,376,0.696,1.76439e+08,5.66767,8, 1.37948e-11,,2.43796e-12,5.20713e-12,1.37948e-11,
Smooth exp(-Ar^2-b*rho^2),DCT+Bessel+IDCT; on padded grid    ,380,0.726,1.42685e+08,7.00847,8, 1.12556e-11,,2.13748e-12,5.41597e-12,1.12556e-11,
Smooth exp(-Ar^2-b*rho^2),DCT+Bessel+IDCT; on padded grid    ,384,0.526,1.19968e+08,8.33554,8, 1.06943e-11,,1.99468e-12,4.82518e-12,1.06943e-11,
Smooth exp(-Ar^2-b*rho^2),DCT+Bessel+IDCT; on padded grid    ,388,1.099,2.66178e+08,3.75688,8, 1.23696e-11,,1.83482e-12,5.51617e-12,1.23696e-11,
Smooth exp(-Ar^2-b*rho^2),DCT+Bessel+IDCT; on padded grid    ,392,0.429,1.24846e+08,8.00987,8, 1.49074e-11,,2.36759e-12,6.21338e-12,1.49074e-11,
Smooth exp(-Ar^2-b*rho^2),DCT+Bessel+IDCT; on padded grid    ,396,0.686,1.20116e+08,8.32527,8, 1.30366e-11,,2.64026e-12,6.92104e-12,1.30366e-11,
Smooth exp(-Ar^2-b*rho^2),DCT+Bessel+IDCT; on padded grid    ,400,0.553,1.17546e+08,8.50734,8, 9.77172e-12,,2.66654e-12,7.61331e-12,9.77172e-12,
Smooth exp(-Ar^2-b*rho^2),DCT+Bessel+IDCT; on padded grid    ,404,1.163,2.84953e+08,3.50935,8, 1.0035e-11,,2.62417e-12,8.30229e-12,1.0035e-11,
Smooth exp(-Ar^2-b*rho^2),DCT+Bessel+IDCT; on padded grid    ,408,0.97,1.66631e+08,6.00127,8, 1.27189e-11,,2.37246e-12,8.97843e-12,1.27189e-11,
Smooth exp(-Ar^2-b*rho^2),DCT+Bessel+IDCT; on padded grid    ,412,1.248,2.93885e+08,3.40269,8, 1.45301e-11,,2.09502e-12,9.63993e-12,1.45301e-11,
Smooth exp(-Ar^2-b*rho^2),DCT+Bessel+IDCT; on padded grid    ,416,0.619,1.40341e+08,7.12548,8, 1.16166e-11,,1.81524e-12,1.02825e-11,1.16166e-11,
Smooth exp(-Ar^2-b*rho^2),DCT+Bessel+IDCT; on padded grid    ,420,1.087,1.43583e+08,6.96462,8, 1.09021e-11,,1.67235e-12,1.09021e-11,1.07972e-11,
Smooth exp(-Ar^2-b*rho^2),DCT+Bessel+IDCT; on padded grid    ,424,0.943,2.18883e+08,4.56865,8, 1.35756e-11,,2.21698e-12,3.97766e-12,1.35756e-11,
Smooth exp(-Ar^2-b*rho^2),DCT+Bessel+IDCT; on padded grid    ,428,1.395,3.36181e+08,2.97459,8, 1.26089e-11,,2.50498e-12,4.20463e-12,1.26089e-11,
Smooth exp(-Ar^2-b*rho^2),DCT+Bessel+IDCT; on padded grid    ,432,0.646,1.57438e+08,6.35172,8, 1.62872e-11,,2.54905e-12,4.18146e-12,1.62872e-11,
Smooth exp(-Ar^2-b*rho^2),DCT+Bessel+IDCT; on padded grid    ,436,1.455,3.46161e+08,2.88883,8, 8.62587e-12,,2.52638e-12,4.40733e-12,8.62587e-12,
Smooth exp(-Ar^2-b*rho^2),DCT+Bessel+IDCT; on padded grid    ,440,0.817,1.57643e+08,6.34343,8, 1.12845e-11,,2.2953e-12,4.64877e-12,1.12845e-11,
Smooth exp(-Ar^2-b*rho^2),DCT+Bessel+IDCT; on padded grid    ,444,1.022,2.17318e+08,4.60156,8, 1.36946e-11,,2.03878e-12,4.88747e-12,1.36946e-11,
Smooth exp(-Ar^2-b*rho^2),DCT+Bessel+IDCT; on padded grid    ,448,0.611,1.48967e+08,6.71288,8, 1.19617e-11,,1.77947e-12,5.13441e-12,1.19617e-11,
Smooth exp(-Ar^2-b*rho^2),DCT+Bessel+IDCT; on padded grid    ,452,1.531,3.95473e+08,2.52861,8, 9.14463e-12,,1.67137e-12,5.38482e-12,9.14463e-12,
Smooth exp(-Ar^2-b*rho^2),DCT+Bessel+IDCT; on padded grid    ,456,1.142,1.9176e+08,5.21486,8, 9.05278e-12,,2.226e-12,5.1868e-12,9.05278e-12,
Smooth exp(-Ar^2-b*rho^2),DCT+Bessel+IDCT; on padded grid    ,460,0.98,2.2562e+08,4.43222,8, 1.15237e-11,,2.36623e-12,5.37915e-12,1.15237e-11,
Smooth exp(-Ar^2-b*rho^2),DCT+Bessel+IDCT; on padded grid    ,464,0.98,2.31698e+08,4.31596,8, 1.33651e-11,,2.42634e-12,5.66254e-12,1.33651e-11,
Smooth exp(-Ar^2-b*rho^2),DCT+Bessel+IDCT; on padded grid    ,468,0.875,1.86875e+08,5.35117,8, 1.07265e-11,,2.42121e-12,6.29967e-12,1.07265e-11,
Smooth exp(-Ar^2-b*rho^2),DCT+Bessel+IDCT; on padded grid    ,472,1.172,2.98074e+08,3.35488,8, 6.95218e-12,,2.20884e-12,6.95218e-12,6.92995e-12,
Smooth exp(-Ar^2-b*rho^2),DCT+Bessel+IDCT; on padded grid    ,476,0.93,2.04662e+08,4.88611,8, 1.24387e-11,,1.97127e-12,7.60379e-12,1.24387e-11,
Smooth exp(-Ar^2-b*rho^2),DCT+Bessel+IDCT; on padded grid    ,480,0.847,1.77022e+08,5.64901,8, 1.14092e-11,,1.73053e-12,8.24788e-12,1.14092e-11,
Smooth exp(-Ar^2-b*rho^2),DCT+Bessel+IDCT; on padded grid    ,484,0.893,2.03058e+08,4.92469,8, 1.25146e-11,,1.66995e-12,8.88482e-12,1.25146e-11,
Smooth exp(-Ar^2-b*rho^2),DCT+Bessel+IDCT; on padded grid    ,488,1.246,3.09241e+08,3.23372,8, 9.97145e-12,,2.07225e-12,9.50601e-12,9.97145e-12,
Smooth exp(-Ar^2-b*rho^2),DCT+Bessel+IDCT; on padded grid    ,492,1.223,2.817e+08,3.54988,8, 1.0237e-11,,2.38589e-12,1.01171e-11,1.0237e-11,
Smooth exp(-Ar^2-b*rho^2),DCT+Bessel+IDCT; on padded grid    ,496,1.114,2.57898e+08,3.8775,8, 1.24866e-11,,2.46032e-12,4.75612e-12,1.24866e-11,
Smooth exp(-Ar^2-b*rho^2),DCT+Bessel+IDCT; on padded grid    ,500,0.768,1.87846e+08,5.32351,8, 1.40537e-11,,2.31001e-12,4.995e-12,1.40537e-11,
Smooth exp(-Ar^2-b*rho^2),DCT+Bessel+IDCT; on padded grid    ,504,0.788,2.0154e+08,4.96179,8, 1.10967e-11,,2.11466e-12,5.23241e-12,1.10967e-11,
Smooth exp(-Ar^2-b*rho^2),DCT+Bessel+IDCT; on padded grid    ,508,1.513,5.27919e+08,1.89423,8, 9.50617e-12,,1.89411e-12,5.47056e-12,9.50617e-12,
Smooth exp(-Ar^2-b*rho^2),DCT+Bessel+IDCT; on padded grid    ,512,0.779,1.92614e+08,5.19174,8, 1.03509e-11,,1.67024e-12,5.69771e-12,1.03509e-11,
Smooth exp(-Ar^2-b*rho^2),DCT+Bessel+IDCT; on padded grid    ,516,1.372,3.08655e+08,3.23986,8, 1.21829e-11,,1.50664e-12,3.89981e-12,1.21829e-11,
