calculator chosen: 0
func chosen: 1
cache dir chosen: /scratch/ob749/GA/cache/
FunctionName, Calculator,N,Init time (s), Calc.time(s), Calc.Freq(hz), Bytes, MaxError, FirstBlank, Err1, Err2, Err3, Blank
Smooth exp(-Ar^2-b*rho^2),linear interp; trapezoid rule; CPU ,8,0,509082,1964.32,8, 0.483627,,0.483627,0.434975,0.418711,
Smooth exp(-Ar^2-b*rho^2),linear interp; trapezoid rule; CPU ,12,0,1.08946e+06,917.882,8, 0.355607,,0.355607,0.249676,0.342877,
Smooth exp(-Ar^2-b*rho^2),linear interp; trapezoid rule; CPU ,16,0,1.93146e+06,517.744,8, 0.225834,,0.225834,0.179934,0.185758,
Smooth exp(-Ar^2-b*rho^2),linear interp; trapezoid rule; CPU ,20,0,3.00164e+06,333.151,8, 0.133995,,0.133995,0.0972216,0.106851,
Smooth exp(-Ar^2-b*rho^2),linear interp; trapezoid rule; CPU ,24,0,4.4707e+06,223.679,8, 0.154679,,0.072676,0.0755718,0.154679,
Smooth exp(-Ar^2-b*rho^2),linear interp; trapezoid rule; CPU ,28,0,6.14814e+06,162.651,8, 0.145688,,0.0328816,0.0653325,0.145688,
Smooth exp(-Ar^2-b*rho^2),linear interp; trapezoid rule; CPU ,32,0,8.21358e+06,121.75,8, 0.0724516,,0.0089889,0.0608515,0.0724516,
Smooth exp(-Ar^2-b*rho^2),linear interp; trapezoid rule; CPU ,36,0,1.03629e+07,96.4978,8, 0.0559532,,0.0559532,0.053624,0.0479491,
Smooth exp(-Ar^2-b*rho^2),linear interp; trapezoid rule; CPU ,40,0,1.28088e+07,78.0715,8, 0.0649707,,0.0591063,0.0447921,0.0649707,
Smooth exp(-Ar^2-b*rho^2),linear interp; trapezoid rule; CPU ,44,0,1.56905e+07,63.7327,8, 0.0498296,,0.0498296,0.0408635,0.0379796,
Smooth exp(-Ar^2-b*rho^2),linear interp; trapezoid rule; CPU ,48,0,1.87755e+07,53.2608,8, 0.0534356,,0.03671,0.0323784,0.0534356,
Smooth exp(-Ar^2-b*rho^2),linear interp; trapezoid rule; CPU ,52,0,3.03155e+07,32.9865,8, 0.0240955,,0.0240955,0.0235162,0.0191354,
Smooth exp(-Ar^2-b*rho^2),linear interp; trapezoid rule; CPU ,56,0,3.77531e+07,26.4879,8, 0.0326795,,0.012848,0.0154047,0.0326795,
Smooth exp(-Ar^2-b*rho^2),linear interp; trapezoid rule; CPU ,60,0,3.48657e+07,28.6815,8, 0.0353548,,0.00344684,0.0251205,0.0353548,
Smooth exp(-Ar^2-b*rho^2),linear interp; trapezoid rule; CPU ,64,0,4.38358e+07,22.8124,8, 0.0477036,,0.00684228,0.0351261,0.0477036,
Smooth exp(-Ar^2-b*rho^2),linear interp; trapezoid rule; CPU ,68,0,5.36698e+07,18.6324,8, 0.0281112,,0.0171197,0.0281112,0.0198501,
Smooth exp(-Ar^2-b*rho^2),linear interp; trapezoid rule; CPU ,72,0,6.71613e+07,14.8895,8, 0.0222521,,0.0207227,0.0222521,0.0160633,
Smooth exp(-Ar^2-b*rho^2),linear interp; trapezoid rule; CPU ,76,0,5.96336e+07,16.7691,8, 0.0235125,,0.0187932,0.0159992,0.0235125,
Smooth exp(-Ar^2-b*rho^2),linear interp; trapezoid rule; CPU ,80,0,5.53662e+07,18.0616,8, 0.0153945,,0.0153945,0.0119651,0.00910241,
Smooth exp(-Ar^2-b*rho^2),linear interp; trapezoid rule; CPU ,84,0,6.15056e+07,16.2587,8, 0.0196486,,0.0100851,0.00843161,0.0196486,
Smooth exp(-Ar^2-b*rho^2),linear interp; trapezoid rule; CPU ,88,0,6.74582e+07,14.824,8, 0.00911866,,0.00489189,0.00617209,0.00911866,
Smooth exp(-Ar^2-b*rho^2),linear interp; trapezoid rule; CPU ,92,0,7.4222e+07,13.4731,8, 0.0198535,,0.00171633,0.00731877,0.0198535,
Smooth exp(-Ar^2-b*rho^2),linear interp; trapezoid rule; CPU ,96,0,8.11956e+07,12.3159,8, 0.0201589,,0.00535725,0.00670657,0.0201589,
Smooth exp(-Ar^2-b*rho^2),linear interp; trapezoid rule; CPU ,100,0,8.88935e+07,11.2494,8, 0.0223201,,0.00840886,0.00882558,0.0223201,
Smooth exp(-Ar^2-b*rho^2),linear interp; trapezoid rule; CPU ,104,0,9.68854e+07,10.3215,8, 0.0111325,,0.0110539,0.00747402,0.0111325,
Smooth exp(-Ar^2-b*rho^2),linear interp; trapezoid rule; CPU ,108,0,1.0494e+08,9.52923,8, 0.0121944,,0.0101905,0.00808952,0.0121944,
Smooth exp(-Ar^2-b*rho^2),linear interp; trapezoid rule; CPU ,112,0,1.14446e+08,8.73775,8, 0.0157804,,0.0077998,0.00810922,0.0157804,
Smooth exp(-Ar^2-b*rho^2),linear interp; trapezoid rule; CPU ,116,0,1.23069e+08,8.12554,8, 0.0122263,,0.00551692,0.00886704,0.0122263,
Smooth exp(-Ar^2-b*rho^2),linear interp; trapezoid rule; CPU ,120,0,1.33107e+08,7.51277,8, 0.0165701,,0.00231314,0.00899466,0.0165701,
Smooth exp(-Ar^2-b*rho^2),linear interp; trapezoid rule; CPU ,124,0,1.43343e+08,6.97625,8, 0.00786705,,0.0011362,0.00657893,0.00786705,
Smooth exp(-Ar^2-b*rho^2),linear interp; trapezoid rule; CPU ,128,0,1.53164e+08,6.52896,8, 0.0104025,,0.00406137,0.00636024,0.0104025,
Smooth exp(-Ar^2-b*rho^2),linear interp; trapezoid rule; CPU ,132,0,1.63321e+08,6.1229,8, 0.00901146,,0.00449216,0.00422196,0.00901146,
Smooth exp(-Ar^2-b*rho^2),linear interp; trapezoid rule; CPU ,136,0,1.73237e+08,5.77244,8, 0.0131267,,0.00666457,0.00400738,0.0131267,
Smooth exp(-Ar^2-b*rho^2),linear interp; trapezoid rule; CPU ,140,0,1.8292e+08,5.46688,8, 0.00642354,,0.00642354,0.00612365,0.0057083,
Smooth exp(-Ar^2-b*rho^2),linear interp; trapezoid rule; CPU ,144,0,1.93539e+08,5.16692,8, 0.0105408,,0.00548596,0.0105408,0.00618943,
Smooth exp(-Ar^2-b*rho^2),linear interp; trapezoid rule; CPU ,148,0,2.03896e+08,4.90446,8, 0.0105114,,0.00360004,0.00838423,0.0105114,
Smooth exp(-Ar^2-b*rho^2),linear interp; trapezoid rule; CPU ,152,0,2.16266e+08,4.62394,8, 0.00824788,,0.00128219,0.00738142,0.00824788,
Smooth exp(-Ar^2-b*rho^2),linear interp; trapezoid rule; CPU ,156,0,2.28459e+08,4.37714,8, 0.00769944,,0.00103549,0.00461761,0.00769944,
Smooth exp(-Ar^2-b*rho^2),linear interp; trapezoid rule; CPU ,160,0,2.40489e+08,4.1582,8, 0.00645002,,0.00313877,0.00411528,0.00645002,
Smooth exp(-Ar^2-b*rho^2),linear interp; trapezoid rule; CPU ,164,0,2.53596e+08,3.94329,8, 0.00866769,,0.00310116,0.00308435,0.00866769,
Smooth exp(-Ar^2-b*rho^2),linear interp; trapezoid rule; CPU ,168,0,2.66123e+08,3.75766,8, 0.0055873,,0.00439741,0.00240896,0.0055873,
Smooth exp(-Ar^2-b*rho^2),linear interp; trapezoid rule; CPU ,172,0,3.64959e+08,2.74003,8, 0.0084027,,0.00470638,0.00597674,0.0084027,
Smooth exp(-Ar^2-b*rho^2),linear interp; trapezoid rule; CPU ,176,0,3.13092e+08,3.19394,8, 0.00585893,,0.00359942,0.00585893,0.00553494,
Smooth exp(-Ar^2-b*rho^2),linear interp; trapezoid rule; CPU ,180,0,3.08567e+08,3.24079,8, 0.00761567,,0.00239957,0.00268409,0.00761567,
Smooth exp(-Ar^2-b*rho^2),linear interp; trapezoid rule; CPU ,184,0,3.23527e+08,3.09094,8, 0.0166664,,0.00068294,0.00534139,0.0166664,
Smooth exp(-Ar^2-b*rho^2),linear interp; trapezoid rule; CPU ,188,0,3.38105e+08,2.95766,8, 0.0199176,,0.000740549,0.00701762,0.0199176,
Smooth exp(-Ar^2-b*rho^2),linear interp; trapezoid rule; CPU ,192,0,3.54423e+08,2.82149,8, 0.00751638,,0.00216403,0.00751638,0.00598136,
Smooth exp(-Ar^2-b*rho^2),linear interp; trapezoid rule; CPU ,196,0,3.70722e+08,2.69744,8, 0.00903184,,0.0023078,0.00391965,0.00903184,
Smooth exp(-Ar^2-b*rho^2),linear interp; trapezoid rule; CPU ,200,0,3.89077e+08,2.57018,8, 0.00701064,,0.00318985,0.0042806,0.00701064,
Smooth exp(-Ar^2-b*rho^2),linear interp; trapezoid rule; CPU ,204,0,4.23418e+08,2.36173,8, 0.00569863,,0.00329872,0.00361626,0.00569863,
Smooth exp(-Ar^2-b*rho^2),linear interp; trapezoid rule; CPU ,208,0,4.24058e+08,2.35817,8, 0.00732991,,0.00300156,0.00258293,0.00732991,
Smooth exp(-Ar^2-b*rho^2),linear interp; trapezoid rule; CPU ,212,0,4.41587e+08,2.26456,8, 0.00604715,,0.00139645,0.00292884,0.00604715,
Smooth exp(-Ar^2-b*rho^2),linear interp; trapezoid rule; CPU ,216,0,4.61308e+08,2.16775,8, 0.00444421,,0.000941307,0.0037788,0.00444421,
Smooth exp(-Ar^2-b*rho^2),linear interp; trapezoid rule; CPU ,220,0,4.97227e+08,2.01116,8, 0.0200489,,0.000668351,0.00546941,0.0200489,
Smooth exp(-Ar^2-b*rho^2),linear interp; trapezoid rule; CPU ,224,0,5.02683e+08,1.98932,8, 0.0163735,,0.00218275,0.00520794,0.0163735,
Smooth exp(-Ar^2-b*rho^2),linear interp; trapezoid rule; CPU ,228,0,5.28046e+08,1.89377,8, 0.0118788,,0.00180972,0.00945398,0.0118788,
Smooth exp(-Ar^2-b*rho^2),linear interp; trapezoid rule; CPU ,232,0,5.38632e+08,1.85655,8, 0.00340472,,0.00308742,0.00340472,0.00329944,
Smooth exp(-Ar^2-b*rho^2),linear interp; trapezoid rule; CPU ,236,0,5.57483e+08,1.79378,8, 0.00800601,,0.00285078,0.00435261,0.00800601,
Smooth exp(-Ar^2-b*rho^2),linear interp; trapezoid rule; CPU ,240,0,5.76574e+08,1.73438,8, 0.00799036,,0.00216991,0.00316676,0.00799036,
Smooth exp(-Ar^2-b*rho^2),linear interp; trapezoid rule; CPU ,244,0,6.1209e+08,1.63375,8, 0.00852915,,0.00128442,0.00249119,0.00852915,
Smooth exp(-Ar^2-b*rho^2),linear interp; trapezoid rule; CPU ,248,0,6.34507e+08,1.57603,8, 0.00369637,,0.000517329,0.00355577,0.00369637,
Smooth exp(-Ar^2-b*rho^2),linear interp; trapezoid rule; CPU ,252,0,6.46684e+08,1.54635,8, 0.00556576,,0.000445816,0.00275533,0.00556576,
Smooth exp(-Ar^2-b*rho^2),linear interp; trapezoid rule; CPU ,256,0,6.64698e+08,1.50444,8, 0.00757846,,0.00187002,0.00757846,0.00360817,
Smooth exp(-Ar^2-b*rho^2),linear interp; trapezoid rule; CPU ,260,0,6.91216e+08,1.44673,8, 0.00662514,,0.00103754,0.00174238,0.00662514,
Smooth exp(-Ar^2-b*rho^2),linear interp; trapezoid rule; CPU ,264,0,7.06109e+08,1.41621,8, 0.0051309,,0.0018115,0.00186116,0.0051309,
Smooth exp(-Ar^2-b*rho^2),linear interp; trapezoid rule; CPU ,268,0,7.48084e+08,1.33675,8, 0.00381399,,0.00208483,0.00261819,0.00381399,
Smooth exp(-Ar^2-b*rho^2),linear interp; trapezoid rule; CPU ,272,0,7.70617e+08,1.29766,8, 0.00362069,,0.00161769,0.00227608,0.00362069,
Smooth exp(-Ar^2-b*rho^2),linear interp; trapezoid rule; CPU ,276,0,7.87578e+08,1.26972,8, 0.00626621,,0.00121296,0.00291573,0.00626621,
Smooth exp(-Ar^2-b*rho^2),linear interp; trapezoid rule; CPU ,280,0,7.97241e+08,1.25433,8, 0.0045999,,0.000732672,0.00263697,0.0045999,
Smooth exp(-Ar^2-b*rho^2),linear interp; trapezoid rule; CPU ,284,0,8.24769e+08,1.21246,8, 0.00515461,,0.000649981,0.00293393,0.00515461,
Smooth exp(-Ar^2-b*rho^2),linear interp; trapezoid rule; CPU ,288,0,8.43321e+08,1.18579,8, 0.0046403,,0.00136834,0.00139788,0.0046403,
Smooth exp(-Ar^2-b*rho^2),linear interp; trapezoid rule; CPU ,292,0,8.8608e+08,1.12857,8, 0.00536412,,0.00101476,0.00165903,0.00536412,
Smooth exp(-Ar^2-b*rho^2),linear interp; trapezoid rule; CPU ,296,0,8.97948e+08,1.11365,8, 0.00508274,,0.00171053,0.00179207,0.00508274,
Smooth exp(-Ar^2-b*rho^2),linear interp; trapezoid rule; CPU ,300,0,9.30339e+08,1.07488,8, 0.0030097,,0.00175431,0.0030097,0.00267959,
Smooth exp(-Ar^2-b*rho^2),linear interp; trapezoid rule; CPU ,304,0,9.42691e+08,1.06079,8, 0.00861549,,0.00134675,0.00293822,0.00861549,
Smooth exp(-Ar^2-b*rho^2),linear interp; trapezoid rule; CPU ,308,0,9.86697e+08,1.01348,8, 0.00321076,,0.000724856,0.00321076,0.00226687,
Smooth exp(-Ar^2-b*rho^2),linear interp; trapezoid rule; CPU ,312,0,1.01267e+09,0.987486,8, 0.00548622,,0.000239623,0.00266131,0.00548622,
Smooth exp(-Ar^2-b*rho^2),linear interp; trapezoid rule; CPU ,316,0,1.0281e+09,0.972669,8, 0.00923687,,0.000803599,0.00137159,0.00923687,
Smooth exp(-Ar^2-b*rho^2),linear interp; trapezoid rule; CPU ,320,0,1.04937e+09,0.952953,8, 0.0034448,,0.00111526,0.00240019,0.0034448,
Smooth exp(-Ar^2-b*rho^2),linear interp; trapezoid rule; CPU ,324,0,1.07856e+09,0.927165,8, 0.00404722,,0.001026,0.000905862,0.00404722,
Smooth exp(-Ar^2-b*rho^2),linear interp; trapezoid rule; CPU ,328,0,1.11975e+09,0.893054,8, 0.00349793,,0.00133411,0.00142244,0.00349793,
Smooth exp(-Ar^2-b*rho^2),linear interp; trapezoid rule; CPU ,332,0,1.13003e+09,0.884931,8, 0.00368853,,0.00137897,0.00163078,0.00368853,
Smooth exp(-Ar^2-b*rho^2),linear interp; trapezoid rule; CPU ,336,0,1.16407e+09,0.859052,8, 0.0107954,,0.00142064,0.0107954,0.00187388,
Smooth exp(-Ar^2-b*rho^2),linear interp; trapezoid rule; CPU ,340,0,1.2045e+09,0.830222,8, 0.00393754,,0.000836744,0.00393754,0.00273526,
Smooth exp(-Ar^2-b*rho^2),linear interp; trapezoid rule; CPU ,344,0,1.24139e+09,0.805546,8, 0.00475321,,0.000302429,0.00387481,0.00475321,
Smooth exp(-Ar^2-b*rho^2),linear interp; trapezoid rule; CPU ,348,0,1.26172e+09,0.79257,8, 0.00330574,,0.000400047,0.00308914,0.00330574,
Smooth exp(-Ar^2-b*rho^2),linear interp; trapezoid rule; CPU ,352,0,1.29e+09,0.775195,8, 0.00464712,,0.00126668,0.00464712,0.00239567,
Smooth exp(-Ar^2-b*rho^2),linear interp; trapezoid rule; CPU ,356,0,1.31762e+09,0.758943,8, 0.00450949,,0.000600687,0.00335728,0.00450949,
Smooth exp(-Ar^2-b*rho^2),linear interp; trapezoid rule; CPU ,360,0,1.35336e+09,0.7389,8, 0.00285375,,0.00163188,0.00260214,0.00285375,
Smooth exp(-Ar^2-b*rho^2),linear interp; trapezoid rule; CPU ,364,0,1.38293e+09,0.723102,8, 0.00236252,,0.00219629,0.00168531,0.00236252,
Smooth exp(-Ar^2-b*rho^2),linear interp; trapezoid rule; CPU ,368,0,1.41656e+09,0.705935,8, 0.00757483,,0.00112955,0.00374381,0.00757483,
Smooth exp(-Ar^2-b*rho^2),linear interp; trapezoid rule; CPU ,372,0,1.46375e+09,0.683177,8, 0.00730219,,0.000687295,0.00188778,0.00730219,
Smooth exp(-Ar^2-b*rho^2),linear interp; trapezoid rule; CPU ,376,0,1.48208e+09,0.674727,8, 0.00437428,,0.000118637,0.00111704,0.00437428,
Smooth exp(-Ar^2-b*rho^2),linear interp; trapezoid rule; CPU ,380,0,1.51348e+09,0.660731,8, 0.00485133,,0.00266693,0.00399487,0.00485133,
Smooth exp(-Ar^2-b*rho^2),linear interp; trapezoid rule; CPU ,384,0,1.54537e+09,0.647093,8, 0.00586704,,0.000866794,0.00586704,0.00418895,
Smooth exp(-Ar^2-b*rho^2),linear interp; trapezoid rule; CPU ,388,0,1.57801e+09,0.633708,8, 0.00441796,,0.00363422,0.00319457,0.00441796,
Smooth exp(-Ar^2-b*rho^2),linear interp; trapezoid rule; CPU ,392,0,1.61338e+09,0.619819,8, 0.00332238,,0.000927719,0.00186713,0.00332238,
Smooth exp(-Ar^2-b*rho^2),linear interp; trapezoid rule; CPU ,396,0,1.64829e+09,0.606688,8, 0.00363865,,0.00124747,0.00363865,0.00161853,
Smooth exp(-Ar^2-b*rho^2),linear interp; trapezoid rule; CPU ,400,0,1.68351e+09,0.593995,8, 0.00194661,,0.00104971,0.00106063,0.00194661,
Smooth exp(-Ar^2-b*rho^2),linear interp; trapezoid rule; CPU ,404,0,1.72295e+09,0.5804,8, 0.00363295,,0.000639433,0.00347648,0.00363295,
Smooth exp(-Ar^2-b*rho^2),linear interp; trapezoid rule; CPU ,408,0,1.77846e+09,0.562285,8, 0.00337354,,0.000118851,0.00150592,0.00337354,
Smooth exp(-Ar^2-b*rho^2),linear interp; trapezoid rule; CPU ,412,0,1.80439e+09,0.554205,8, 0.00629483,,0.000267517,0.00250718,0.00629483,
Smooth exp(-Ar^2-b*rho^2),linear interp; trapezoid rule; CPU ,416,0,1.83791e+09,0.544098,8, 0.00352278,,0.00110231,0.00169901,0.00352278,
Smooth exp(-Ar^2-b*rho^2),linear interp; trapezoid rule; CPU ,420,0,1.87728e+09,0.532687,8, 0.0083307,,0.000664583,0.0024868,0.0083307,
Smooth exp(-Ar^2-b*rho^2),linear interp; trapezoid rule; CPU ,424,0,1.91988e+09,0.520867,8, 0.00228292,,0.00162011,0.00228292,0.00213558,
Smooth exp(-Ar^2-b*rho^2),linear interp; trapezoid rule; CPU ,428,0,1.95531e+09,0.511428,8, 0.00344789,,0.000733015,0.00182407,0.00344789,
Smooth exp(-Ar^2-b*rho^2),linear interp; trapezoid rule; CPU ,432,0,1.9982e+09,0.50045,8, 0.00532923,,0.000913103,0.0047052,0.00532923,
Smooth exp(-Ar^2-b*rho^2),linear interp; trapezoid rule; CPU ,436,0,2.04223e+09,0.489661,8, 0.00318318,,0.000793134,0.00238752,0.00318318,
Smooth exp(-Ar^2-b*rho^2),linear interp; trapezoid rule; CPU ,440,0,2.07697e+09,0.481471,8, 0.00708225,,0.000278145,0.00708225,0.00335084,
Smooth exp(-Ar^2-b*rho^2),linear interp; trapezoid rule; CPU ,444,0,2.12048e+09,0.471592,8, 0.00386718,,0.000852768,0.00160221,0.00386718,
Smooth exp(-Ar^2-b*rho^2),linear interp; trapezoid rule; CPU ,448,0,2.16196e+09,0.462544,8, 0.00399806,,0.000943217,0.00220949,0.00399806,
Smooth exp(-Ar^2-b*rho^2),linear interp; trapezoid rule; CPU ,452,0,2.20267e+09,0.453995,8, 0.00439047,,0.000472635,0.00439047,0.0028105,
Smooth exp(-Ar^2-b*rho^2),linear interp; trapezoid rule; CPU ,456,0,2.24547e+09,0.44534,8, 0.00241412,,0.000908364,0.00106751,0.00241412,
Smooth exp(-Ar^2-b*rho^2),linear interp; trapezoid rule; CPU ,460,0,2.28126e+09,0.438354,8, 0.00330511,,0.000666136,0.00238511,0.00330511,
Smooth exp(-Ar^2-b*rho^2),linear interp; trapezoid rule; CPU ,464,0,2.31458e+09,0.432044,8, 0.00486742,,0.000760377,0.00295214,0.00486742,
Smooth exp(-Ar^2-b*rho^2),linear interp; trapezoid rule; CPU ,468,0,2.36452e+09,0.422918,8, 0.00312656,,0.000496961,0.00200151,0.00312656,
Smooth exp(-Ar^2-b*rho^2),linear interp; trapezoid rule; CPU ,472,0,2.40218e+09,0.416289,8, 0.00492678,,0.000137203,0.00176717,0.00492678,
Smooth exp(-Ar^2-b*rho^2),linear interp; trapezoid rule; CPU ,476,0,2.44689e+09,0.408682,8, 0.0146723,,0.000415947,0.00168152,0.0146723,
Smooth exp(-Ar^2-b*rho^2),linear interp; trapezoid rule; CPU ,480,0,2.49515e+09,0.400777,8, 0.00511617,,0.000661919,0.00511617,0.00377541,
Smooth exp(-Ar^2-b*rho^2),linear interp; trapezoid rule; CPU ,484,0,2.54182e+09,0.393418,8, 0.00522378,,0.000509183,0.00154842,0.00522378,
Smooth exp(-Ar^2-b*rho^2),linear interp; trapezoid rule; CPU ,488,0,2.58971e+09,0.386143,8, 0.00259644,,0.00155993,0.00138667,0.00259644,
Smooth exp(-Ar^2-b*rho^2),linear interp; trapezoid rule; CPU ,492,0,2.64003e+09,0.378783,8, 0.00848485,,0.000710643,0.00848485,0.00330564,
Smooth exp(-Ar^2-b*rho^2),linear interp; trapezoid rule; CPU ,496,0,2.68259e+09,0.372774,8, 0.00295685,,0.000562328,0.00236262,0.00295685,
Smooth exp(-Ar^2-b*rho^2),linear interp; trapezoid rule; CPU ,500,0,2.72561e+09,0.36689,8, 0.0029862,,0.000493172,0.00137203,0.0029862,
Smooth exp(-Ar^2-b*rho^2),linear interp; trapezoid rule; CPU ,504,0,2.79972e+09,0.357179,8, 0.00306627,,6.82696e-05,0.00183071,0.00306627,
Smooth exp(-Ar^2-b*rho^2),linear interp; trapezoid rule; CPU ,508,0,2.84007e+09,0.352104,8, 0.0026699,,0.000522276,0.00202514,0.0026699,
Smooth exp(-Ar^2-b*rho^2),linear interp; trapezoid rule; CPU ,512,0,2.88439e+09,0.346694,8, 0.00270732,,0.000727512,0.00270732,0.0020607,
Smooth exp(-Ar^2-b*rho^2),linear interp; trapezoid rule; CPU ,516,0,2.91754e+09,0.342755,8, 0.0027456,,0.000426167,0.0027456,0.00227094,
