calculator chosen: 8
func chosen: 1
cache dir chosen: /scratch/ob749/GA/cache/
FunctionName, Calculator,N,Init time (s), Calc.time(s), Calc.Freq(hz), Bytes, MaxError, FirstBlank, Err1, Err2, Err3, Blank
Smooth exp(-Ar^2-b*rho^2),bicubic interp; GPU Sparse Matrix  ,8,0.171,413978,2415.59,8, 0.245828,,0.0392071,0.245828,0.205864,
Smooth exp(-Ar^2-b*rho^2),bicubic interp; GPU Sparse Matrix  ,12,0.015,176557,5663.89,8, 0.0586456,,0.0126693,0.0586456,0.0514305,
Smooth exp(-Ar^2-b*rho^2),bicubic interp; GPU Sparse Matrix  ,16,0.04,283247,3530.49,8, 0.0193905,,0.00899919,0.0159025,0.0193905,
Smooth exp(-Ar^2-b*rho^2),bicubic interp; GPU Sparse Matrix  ,20,0.086,424211,2357.32,8, 0.00567773,,0.00550951,0.0049656,0.00567773,
Smooth exp(-Ar^2-b*rho^2),bicubic interp; GPU Sparse Matrix  ,24,0.201,623649,1603.47,8, 0.002965,,0.002965,0.00178686,0.00105544,
Smooth exp(-Ar^2-b*rho^2),bicubic interp; GPU Sparse Matrix  ,28,0.338,744046,1344,8, 0.00144903,,0.00144903,0.000714873,0.000637616,
Smooth exp(-Ar^2-b*rho^2),bicubic interp; GPU Sparse Matrix  ,32,0.515,1.01777e+06,982.541,8, 0.000633744,,0.000633744,0.00031026,0.000526117,
Smooth exp(-Ar^2-b*rho^2),bicubic interp; GPU Sparse Matrix  ,36,0.742,1.12842e+06,886.196,8, 0.000302831,,0.000246881,0.000143485,0.000302831,
Smooth exp(-Ar^2-b*rho^2),bicubic interp; GPU Sparse Matrix  ,40,1.013,1.34192e+06,745.204,8, 0.000112498,,0.000112498,7.05117e-05,0.000106884,
Smooth exp(-Ar^2-b*rho^2),bicubic interp; GPU Sparse Matrix  ,44,1.395,1.54495e+06,647.269,8, 7.63503e-05,,7.63503e-05,4.77616e-05,5.71695e-05,
Smooth exp(-Ar^2-b*rho^2),bicubic interp; GPU Sparse Matrix  ,48,1.748,1.82066e+06,549.251,8, 6.65586e-05,,6.65586e-05,3.17894e-05,5.66148e-05,
Smooth exp(-Ar^2-b*rho^2),bicubic interp; GPU Sparse Matrix  ,52,2.104,2.06162e+06,485.055,8, 5.88226e-05,,5.88226e-05,2.20331e-05,4.92571e-05,
Smooth exp(-Ar^2-b*rho^2),bicubic interp; GPU Sparse Matrix  ,56,2.873,2.34503e+06,426.434,8, 4.80017e-05,,4.80017e-05,1.60513e-05,2.69847e-05,
Smooth exp(-Ar^2-b*rho^2),bicubic interp; GPU Sparse Matrix  ,60,3.621,2.63819e+06,379.048,8, 3.52337e-05,,3.52337e-05,1.20685e-05,1.27894e-05,
Smooth exp(-Ar^2-b*rho^2),bicubic interp; GPU Sparse Matrix  ,64,3.722,3.0191e+06,331.225,8, 2.2946e-05,,2.2946e-05,1.03376e-05,1.18131e-05,
Smooth exp(-Ar^2-b*rho^2),bicubic interp; GPU Sparse Matrix  ,68,4.714,4.07054e+06,245.668,8, 1.36715e-05,,1.36715e-05,8.78288e-06,1.28963e-05,
Smooth exp(-Ar^2-b*rho^2),bicubic interp; GPU Sparse Matrix  ,72,6.548,4.33238e+06,230.82,8, 9.70003e-06,,9.19614e-06,7.3662e-06,9.70003e-06,
Smooth exp(-Ar^2-b*rho^2),bicubic interp; GPU Sparse Matrix  ,76,7.717,4.90623e+06,203.823,8, 7.66304e-06,,7.66304e-06,6.12559e-06,4.69522e-06,
Smooth exp(-Ar^2-b*rho^2),bicubic interp; GPU Sparse Matrix  ,80,8.638,5.53804e+06,180.569,8, 7.21992e-06,,7.21992e-06,5.05965e-06,3.77809e-06,
Smooth exp(-Ar^2-b*rho^2),bicubic interp; GPU Sparse Matrix  ,84,10.393,6.02467e+06,165.984,8, 6.82136e-06,,6.82136e-06,4.15302e-06,4.39858e-06,
Smooth exp(-Ar^2-b*rho^2),bicubic interp; GPU Sparse Matrix  ,88,11.682,6.96349e+06,143.606,8, 6.067e-06,,6.067e-06,3.38713e-06,4.13897e-06,
Smooth exp(-Ar^2-b*rho^2),bicubic interp; GPU Sparse Matrix  ,92,13.944,7.49536e+06,133.416,8, 4.95465e-06,,4.95465e-06,2.74925e-06,2.59784e-06,
Smooth exp(-Ar^2-b*rho^2),bicubic interp; GPU Sparse Matrix  ,96,15.863,2.72808e+07,36.6558,8, 3.68809e-06,,3.68809e-06,2.22687e-06,1.63217e-06,
Smooth exp(-Ar^2-b*rho^2),bicubic interp; GPU Sparse Matrix  ,100,17.814,9.17301e+06,109.016,8, 2.60626e-06,,2.60626e-06,1.78625e-06,1.66191e-06,
Smooth exp(-Ar^2-b*rho^2),bicubic interp; GPU Sparse Matrix  ,104,19.981,1.00821e+07,99.1855,8, 2.03652e-06,,2.03652e-06,1.42012e-06,1.92356e-06,
Smooth exp(-Ar^2-b*rho^2),bicubic interp; GPU Sparse Matrix  ,108,22.557,1.10363e+07,90.6099,8, 1.83199e-06,,1.83199e-06,1.12034e-06,1.51733e-06,
Smooth exp(-Ar^2-b*rho^2),bicubic interp; GPU Sparse Matrix  ,112,27.022,1.20657e+07,82.8794,8, 1.77396e-06,,1.77396e-06,8.79363e-07,8.57712e-07,
Smooth exp(-Ar^2-b*rho^2),bicubic interp; GPU Sparse Matrix  ,116,28.964,1.34125e+07,74.5575,8, 1.70995e-06,,1.70995e-06,6.97624e-07,7.78917e-07,
Smooth exp(-Ar^2-b*rho^2),bicubic interp; GPU Sparse Matrix  ,120,32.722,1.4502e+07,68.9561,8, 1.56724e-06,,1.56724e-06,5.62554e-07,9.44695e-07,
Smooth exp(-Ar^2-b*rho^2),bicubic interp; GPU Sparse Matrix  ,124,35.266,1.56077e+07,64.0711,8, 1.33876e-06,,1.33876e-06,4.92644e-07,9.019e-07,
Smooth exp(-Ar^2-b*rho^2),bicubic interp; GPU Sparse Matrix  ,128,41.002,1.72167e+07,58.0832,8, 1.06364e-06,,1.06364e-06,4.34792e-07,5.95038e-07,
Smooth exp(-Ar^2-b*rho^2),bicubic interp; GPU Sparse Matrix  ,132,45.955,1.90329e+07,52.5407,8, 8.20552e-07,,8.20552e-07,3.84993e-07,4.33869e-07,
Smooth exp(-Ar^2-b*rho^2),bicubic interp; GPU Sparse Matrix  ,136,49.737,2.0676e+07,48.3653,8, 6.90194e-07,,6.90194e-07,3.40637e-07,4.6631e-07,
Smooth exp(-Ar^2-b*rho^2),bicubic interp; GPU Sparse Matrix  ,140,48.288,2.21383e+07,45.1706,8, 6.44528e-07,,6.44528e-07,3.03946e-07,5.37246e-07,
Smooth exp(-Ar^2-b*rho^2),bicubic interp; GPU Sparse Matrix  ,144,52.327,2.41864e+07,41.3455,8, 6.32844e-07,,6.32844e-07,2.92593e-07,4.25659e-07,
Smooth exp(-Ar^2-b*rho^2),bicubic interp; GPU Sparse Matrix  ,148,58.066,2.6359e+07,37.9377,8, 6.16011e-07,,6.16011e-07,2.83386e-07,2.71144e-07,
Smooth exp(-Ar^2-b*rho^2),bicubic interp; GPU Sparse Matrix  ,152,63.109,2.83636e+07,35.2564,8, 5.73418e-07,,5.73418e-07,2.72174e-07,2.5662e-07,
Smooth exp(-Ar^2-b*rho^2),bicubic interp; GPU Sparse Matrix  ,156,67.348,3.14367e+07,31.81,8, 5.02377e-07,,5.02377e-07,2.5923e-07,3.16693e-07,
Smooth exp(-Ar^2-b*rho^2),bicubic interp; GPU Sparse Matrix  ,160,72.803,3.53527e+07,28.2864,8, 4.14964e-07,,4.14964e-07,2.43728e-07,2.98598e-07,
Smooth exp(-Ar^2-b*rho^2),bicubic interp; GPU Sparse Matrix  ,164,81.038,3.91857e+07,25.5195,8, 3.37341e-07,,3.37341e-07,2.26043e-07,2.02161e-07,
Smooth exp(-Ar^2-b*rho^2),bicubic interp; GPU Sparse Matrix  ,168,86.861,5.73012e+07,17.4517,8, 2.96056e-07,,2.96056e-07,2.06816e-07,1.61999e-07,
Smooth exp(-Ar^2-b*rho^2),bicubic interp; GPU Sparse Matrix  ,172,96.776,4.10073e+07,24.3859,8, 2.82483e-07,,2.82483e-07,1.86644e-07,1.8239e-07,
Smooth exp(-Ar^2-b*rho^2),bicubic interp; GPU Sparse Matrix  ,176,103.931,4.43146e+07,22.5659,8, 2.79699e-07,,2.79699e-07,1.6637e-07,2.04575e-07,
Smooth exp(-Ar^2-b*rho^2),bicubic interp; GPU Sparse Matrix  ,180,111.812,4.73757e+07,21.1079,8, 2.73922e-07,,2.73922e-07,1.46592e-07,1.61162e-07,
Smooth exp(-Ar^2-b*rho^2),bicubic interp; GPU Sparse Matrix  ,184,119.628,5.09013e+07,19.6458,8, 2.57511e-07,,2.57511e-07,1.27846e-07,1.1139e-07,
Smooth exp(-Ar^2-b*rho^2),bicubic interp; GPU Sparse Matrix  ,188,127.155,5.733e+07,17.4429,8, 2.29404e-07,,2.29404e-07,1.10605e-07,1.09217e-07,
Smooth exp(-Ar^2-b*rho^2),bicubic interp; GPU Sparse Matrix  ,192,137.666,5.76505e+07,17.3459,8, 1.94495e-07,,1.94495e-07,9.51885e-08,1.35266e-07,
Smooth exp(-Ar^2-b*rho^2),bicubic interp; GPU Sparse Matrix  ,196,148.139,6.08803e+07,16.4257,8, 1.63662e-07,,1.63662e-07,8.18556e-08,1.25224e-07,
Smooth exp(-Ar^2-b*rho^2),bicubic interp; GPU Sparse Matrix  ,200,158.221,6.46158e+07,15.4761,8, 1.47588e-07,,1.47588e-07,7.11429e-08,8.65953e-08,
Smooth exp(-Ar^2-b*rho^2),bicubic interp; GPU Sparse Matrix  ,204,169.109,6.8396e+07,14.6207,8, 1.42769e-07,,1.42769e-07,6.39153e-08,7.40019e-08,
Smooth exp(-Ar^2-b*rho^2),bicubic interp; GPU Sparse Matrix  ,208,179.508,7.21272e+07,13.8644,8, 1.42151e-07,,1.42151e-07,5.92721e-08,8.62481e-08,
Smooth exp(-Ar^2-b*rho^2),bicubic interp; GPU Sparse Matrix  ,212,193.938,7.54123e+07,13.2604,8, 1.39809e-07,,1.39809e-07,5.49775e-08,9.37685e-08,
Smooth exp(-Ar^2-b*rho^2),bicubic interp; GPU Sparse Matrix  ,216,211.106,7.77714e+07,12.8582,8, 1.32362e-07,,1.32362e-07,5.11205e-08,7.35069e-08,
Smooth exp(-Ar^2-b*rho^2),bicubic interp; GPU Sparse Matrix  ,220,226.74,8.23834e+07,12.1384,8, 1.19346e-07,,1.19346e-07,4.82872e-08,5.40852e-08,
Smooth exp(-Ar^2-b*rho^2),bicubic interp; GPU Sparse Matrix  ,224,234.4,8.65958e+07,11.5479,8, 1.03108e-07,,1.03108e-07,4.78441e-08,5.48747e-08,
Smooth exp(-Ar^2-b*rho^2),bicubic interp; GPU Sparse Matrix  ,228,253.58,9.1433e+07,10.937,8, 8.89005e-08,,8.89005e-08,4.75662e-08,6.72392e-08,
Smooth exp(-Ar^2-b*rho^2),bicubic interp; GPU Sparse Matrix  ,232,264.243,1.12329e+08,8.90241,8, 8.16801e-08,,8.16801e-08,4.70994e-08,6.10043e-08,
Smooth exp(-Ar^2-b*rho^2),bicubic interp; GPU Sparse Matrix  ,236,284.559,1.04554e+08,9.56445,8, 7.97583e-08,,7.97583e-08,4.61886e-08,4.29371e-08,
Smooth exp(-Ar^2-b*rho^2),bicubic interp; GPU Sparse Matrix  ,240,296.594,1.07959e+08,9.26275,8, 7.9725e-08,,7.9725e-08,4.47671e-08,3.86378e-08,
Smooth exp(-Ar^2-b*rho^2),bicubic interp; GPU Sparse Matrix  ,244,313.545,1.12964e+08,8.85238,8, 7.86618e-08,,7.86618e-08,4.29263e-08,4.61945e-08,
Smooth exp(-Ar^2-b*rho^2),bicubic interp; GPU Sparse Matrix  ,248,337.966,1.19658e+08,8.35716,8, 7.48734e-08,,7.48734e-08,4.06923e-08,4.8781e-08,
Smooth exp(-Ar^2-b*rho^2),bicubic interp; GPU Sparse Matrix  ,252,360.823,1.26869e+08,7.88213,8, 6.81374e-08,,6.81374e-08,3.79322e-08,3.79135e-08,
Smooth exp(-Ar^2-b*rho^2),bicubic interp; GPU Sparse Matrix  ,256,393.759,1.24547e+08,8.02908,8, 5.9714e-08,,5.9714e-08,3.49334e-08,2.93179e-08,
Smooth exp(-Ar^2-b*rho^2),bicubic interp; GPU Sparse Matrix  ,260,427.082,1.39302e+08,7.17864,8, 5.24255e-08,,5.24255e-08,3.19013e-08,3.09236e-08,
Smooth exp(-Ar^2-b*rho^2),bicubic interp; GPU Sparse Matrix  ,264,456.457,1.4659e+08,6.82174,8, 4.88241e-08,,4.88241e-08,2.89396e-08,3.70444e-08,
Smooth exp(-Ar^2-b*rho^2),bicubic interp; GPU Sparse Matrix  ,268,486.245,1.52861e+08,6.54187,8, 4.79973e-08,,4.79973e-08,2.60791e-08,3.30658e-08,
Smooth exp(-Ar^2-b*rho^2),bicubic interp; GPU Sparse Matrix  ,272,516.197,1.65342e+08,6.04806,8, 4.81149e-08,,4.81149e-08,2.32374e-08,2.38063e-08,
Smooth exp(-Ar^2-b*rho^2),bicubic interp; GPU Sparse Matrix  ,276,542.06,1.68874e+08,5.92157,8, 4.75906e-08,,4.75906e-08,2.06883e-08,2.22241e-08,
