functionName, calculator,N,initTime, calcTime, calcHz, bytes, maxError, blankColumn, err1, err2, err3, Blank
NonsmoothRungeAbs,CPULinearSparse,8,0,12745,78462.1,4, 0.318407,,0.318407,0.14501,0.261666,
NonsmoothRungeAbs,CPULinearSparse,12,0,13366,74816.7,4, 0.268269,,0.268269,0.121192,0.141011,
NonsmoothRungeAbs,CPULinearSparse,16,0,14498,68975,4, 0.190483,,0.190483,0.0787766,0.0878471,
NonsmoothRungeAbs,CPULinearSparse,20,0,21737,46004.5,4, 0.108484,,0.108484,0.0546759,0.0731621,
NonsmoothRungeAbs,CPULinearSparse,24,0,30832,32433.8,4, 0.0661562,,0.0661562,0.0524749,0.049247,
NonsmoothRungeAbs,CPULinearSparse,28,0,31948,31300.9,4, 0.0457684,,0.0293406,0.0457684,0.0406909,
NonsmoothRungeAbs,CPULinearSparse,32,0.001,43424,23028.7,4, 0.0411057,,0.0156181,0.0411057,0.0275525,
NonsmoothRungeAbs,CPULinearSparse,36,0.002,59038,16938.2,4, 0.0476684,,0.0476684,0.0333876,0.0283109,
NonsmoothRungeAbs,CPULinearSparse,40,0.007,80531,12417.6,4, 0.0498655,,0.0498655,0.0235718,0.0199406,
NonsmoothRungeAbs,CPULinearSparse,44,0.014,103300,9680.54,4, 0.0444493,,0.0444493,0.0127467,0.0190132,
NonsmoothRungeAbs,CPULinearSparse,48,0.013,130685,7651.99,4, 0.0331014,,0.0331014,0.013571,0.0142326,
NonsmoothRungeAbs,CPULinearSparse,52,0.028,159634,6264.33,4, 0.0225438,,0.0212568,0.0225438,0.0167258,
NonsmoothRungeAbs,CPULinearSparse,56,0.05,201400,4965.24,4, 0.0163604,,0.0134353,0.0163604,0.0111263,
NonsmoothRungeAbs,CPULinearSparse,60,0.036,238623,4190.71,4, 0.0117067,,0.0095676,0.0107356,0.0117067,
NonsmoothRungeAbs,CPULinearSparse,64,0.036,292640,3417.17,4, 0.0110192,,0.00930285,0.00817994,0.0110192,
NonsmoothRungeAbs,CPULinearSparse,68,0.046,359989,2777.86,4, 0.0147565,,0.0147565,0.00747087,0.0125968,
NonsmoothRungeAbs,CPULinearSparse,72,0.043,429680,2327.31,4, 0.0188925,,0.0188925,0.00719715,0.00698934,
NonsmoothRungeAbs,CPULinearSparse,76,0.047,496949,2012.28,4, 0.0168759,,0.0168759,0.00676279,0.00831064,
NonsmoothRungeAbs,CPULinearSparse,80,0.08,577381,1731.96,4, 0.0130436,,0.0130436,0.0075541,0.00929315,
NonsmoothRungeAbs,CPULinearSparse,84,0.077,665178,1503.36,4, 0.0107743,,0.0107743,0.00850487,0.0102303,
NonsmoothRungeAbs,CPULinearSparse,88,0.087,767669,1302.64,4, 0.00917235,,0.00917235,0.00894897,0.00493124,
NonsmoothRungeAbs,CPULinearSparse,92,0.123,859895,1162.93,4, 0.00844636,,0.00700919,0.00844636,0.00612586,
NonsmoothRungeAbs,CPULinearSparse,96,0.127,967405,1033.69,4, 0.00786471,,0.00567217,0.00774844,0.00786471,
NonsmoothRungeAbs,CPULinearSparse,100,0.114,1.11646e+06,895.688,4, 0.00897101,,0.00703471,0.00678006,0.00897101,
NonsmoothRungeAbs,CPULinearSparse,104,0.16,1.26622e+06,789.752,4, 0.00959606,,0.00959606,0.00509117,0.0038545,
NonsmoothRungeAbs,CPULinearSparse,108,0.137,1.39932e+06,714.633,4, 0.0090746,,0.0090746,0.00322262,0.00560526,
NonsmoothRungeAbs,CPULinearSparse,112,0.141,1.55615e+06,642.612,4, 0.00870678,,0.00870678,0.00392138,0.00665178,
NonsmoothRungeAbs,CPULinearSparse,116,0.15,1.73793e+06,575.398,4, 0.00833652,,0.00833652,0.00739753,0.00774487,
NonsmoothRungeAbs,CPULinearSparse,120,0.156,1.9311e+06,517.841,4, 0.00701241,,0.00701241,0.00538196,0.00331243,
NonsmoothRungeAbs,CPULinearSparse,124,0.22,5.66343e+06,176.571,4, 0.00536051,,0.00536051,0.00428746,0.00476835,
NonsmoothRungeAbs,CPULinearSparse,128,0.239,2.28016e+06,438.567,4, 0.00603719,,0.00432772,0.00397761,0.00603719,
NonsmoothRungeAbs,CPULinearSparse,132,0.219,2.51643e+06,397.389,4, 0.00676649,,0.00416966,0.00401544,0.00676649,
NonsmoothRungeAbs,CPULinearSparse,136,0.193,2.78547e+06,359.005,4, 0.00610064,,0.00610064,0.00385042,0.00281959,
NonsmoothRungeAbs,CPULinearSparse,140,0.269,3.00681e+06,332.578,4, 0.00686139,,0.00686139,0.00391023,0.00465861,
NonsmoothRungeAbs,CPULinearSparse,144,0.247,3.27884e+06,304.986,4, 0.00682084,,0.00682084,0.00402236,0.00547029,
NonsmoothRungeAbs,CPULinearSparse,148,0.264,3.54932e+06,281.744,4, 0.00642893,,0.00642893,0.00426277,0.00560997,
NonsmoothRungeAbs,CPULinearSparse,152,0.29,3.86758e+06,258.559,4, 0.00588836,,0.00588836,0.00438611,0.00270239,
NonsmoothRungeAbs,CPULinearSparse,156,0.29,4.13772e+06,241.679,4, 0.00444569,,0.00444569,0.00438445,0.00409258,
NonsmoothRungeAbs,CPULinearSparse,160,0.321,4.46988e+06,223.72,4, 0.0050021,,0.00325097,0.00405292,0.0050021,
NonsmoothRungeAbs,CPULinearSparse,164,0.384,8.79921e+06,113.647,4, 0.00504334,,0.00333927,0.00360104,0.00504334,
NonsmoothRungeAbs,CPULinearSparse,168,0.377,5.22559e+06,191.366,4, 0.00500836,,0.00500836,0.00275907,0.00246123,
NonsmoothRungeAbs,CPULinearSparse,172,0.393,5.57679e+06,179.315,4, 0.00566934,,0.00566934,0.00186374,0.00402941,
NonsmoothRungeAbs,CPULinearSparse,176,0.446,5.98226e+06,167.161,4, 0.00583542,,0.00583542,0.00212486,0.00485527,
NonsmoothRungeAbs,CPULinearSparse,180,0.455,6.3546e+06,157.366,4, 0.00553173,,0.00553173,0.00389015,0.00474292,
NonsmoothRungeAbs,CPULinearSparse,184,0.459,6.78836e+06,147.311,4, 0.00511524,,0.00511524,0.00288086,0.00227105,
NonsmoothRungeAbs,CPULinearSparse,188,0.547,7.19935e+06,138.901,4, 0.00380354,,0.00380354,0.00265725,0.00351251,
NonsmoothRungeAbs,CPULinearSparse,192,0.481,7.6406e+06,130.88,4, 0.00450791,,0.00269075,0.00270736,0.00450791,
NonsmoothRungeAbs,CPULinearSparse,196,0.564,8.1999e+06,121.953,4, 0.00418567,,0.00277638,0.0027429,0.00418567,
NonsmoothRungeAbs,CPULinearSparse,200,0.555,8.7208e+06,114.668,4, 0.00417043,,0.00417043,0.00262123,0.00192769,
NonsmoothRungeAbs,CPULinearSparse,204,0.587,1.85435e+07,53.9274,4, 0.00492324,,0.00492324,0.00284605,0.0035636,
NonsmoothRungeAbs,CPULinearSparse,208,0.625,9.81374e+06,101.898,4, 0.00504967,,0.00504967,0.00288347,0.00420369,
NonsmoothRungeAbs,CPULinearSparse,212,0.707,1.0375e+07,96.3852,4, 0.00493948,,0.00493948,0.00291279,0.00408227,
NonsmoothRungeAbs,CPULinearSparse,216,0.716,1.09896e+07,90.995,4, 0.00417588,,0.00417588,0.0028867,0.00186095,
NonsmoothRungeAbs,CPULinearSparse,220,0.774,1.56619e+07,63.8491,4, 0.00370952,,0.00370952,0.00285703,0.00336784,
NonsmoothRungeAbs,CPULinearSparse,224,0.754,1.22145e+07,81.87,4, 0.00381922,,0.00222096,0.00270398,0.00381922,
NonsmoothRungeAbs,CPULinearSparse,228,0.825,1.29669e+07,77.1193,4, 0.00375653,,0.00257352,0.00240047,0.00375653,
NonsmoothRungeAbs,CPULinearSparse,232,0.909,1.36747e+07,73.128,4, 0.0036488,,0.0036488,0.00194059,0.00174478,
NonsmoothRungeAbs,CPULinearSparse,236,0.889,1.43538e+07,69.6682,4, 0.00429197,,0.00429197,0.00133965,0.00314473,
NonsmoothRungeAbs,CPULinearSparse,240,0.94,1.5108e+07,66.1899,4, 0.00429757,,0.00429757,0.00141158,0.00361576,
NonsmoothRungeAbs,CPULinearSparse,244,0.968,1.57967e+07,63.3044,4, 0.00416325,,0.00416325,0.00244363,0.00337578,
NonsmoothRungeAbs,CPULinearSparse,248,1.022,1.65917e+07,60.2712,4, 0.00395199,,0.00395199,0.0019964,0.00182216,
NonsmoothRungeAbs,CPULinearSparse,252,1.081,1.73533e+07,57.626,4, 0.00305791,,0.00305791,0.00200985,0.00294133,
NonsmoothRungeAbs,CPULinearSparse,256,1.111,1.86162e+07,53.7167,4, 0.003446,,0.00188036,0.00209514,0.003446,
NonsmoothRungeAbs,CPULinearSparse,260,1.177,1.91715e+07,52.1609,4, 0.00335987,,0.00231954,0.00208354,0.00335987,
NonsmoothRungeAbs,CPULinearSparse,264,1.284,2.7861e+07,35.8925,4, 0.00320493,,0.00320493,0.00211167,0.00158463,
NonsmoothRungeAbs,CPULinearSparse,268,1.287,2.09872e+07,47.6482,4, 0.00371065,,0.00371065,0.00221082,0.00274546,
NonsmoothRungeAbs,CPULinearSparse,272,1.364,2.20073e+07,45.4395,4, 0.00384763,,0.00384763,0.00226806,0.00323271,
NonsmoothRungeAbs,CPULinearSparse,276,1.382,2.29055e+07,43.6576,4, 0.00371706,,0.00371706,0.0022608,0.0030158,
NonsmoothRungeAbs,CPULinearSparse,280,1.42,2.40371e+07,41.6023,4, 0.00365929,,0.00365929,0.00227406,0.00171453,
NonsmoothRungeAbs,CPULinearSparse,284,1.469,2.49987e+07,40.0022,4, 0.003005,,0.003005,0.00216222,0.00274591,
NonsmoothRungeAbs,CPULinearSparse,288,1.553,2.5958e+07,38.5238,4, 0.00307372,,0.00162898,0.00202525,0.00307372,
NonsmoothRungeAbs,CPULinearSparse,292,1.786,2.72404e+07,36.7102,4, 0.00287601,,0.00197084,0.00180781,0.00287601,
NonsmoothRungeAbs,CPULinearSparse,296,1.675,2.8424e+07,35.1815,4, 0.00297462,,0.00297462,0.0014804,0.00162473,
NonsmoothRungeAbs,CPULinearSparse,300,1.772,2.95389e+07,33.8537,4, 0.00331891,,0.00331891,0.00106538,0.00242789,
NonsmoothRungeAbs,CPULinearSparse,304,1.887,3.07891e+07,32.479,4, 0.00364707,,0.00364707,0.0011446,0.00314793,
NonsmoothRungeAbs,CPULinearSparse,308,1.881,3.18762e+07,31.3713,4, 0.00360788,,0.00360788,0.00176249,0.0029189,
NonsmoothRungeAbs,CPULinearSparse,312,1.975,3.3218e+07,30.1041,4, 0.00307565,,0.00307565,0.0015344,0.00141905,
NonsmoothRungeAbs,CPULinearSparse,316,2.097,4.06072e+07,24.6262,4, 0.00252283,,0.00252283,0.0016667,0.00243745,
NonsmoothRungeAbs,CPULinearSparse,320,2.09,3.57204e+07,27.9952,4, 0.00283999,,0.00152552,0.00168317,0.00283999,
NonsmoothRungeAbs,CPULinearSparse,324,2.273,3.71731e+07,26.9012,4, 0.00277876,,0.0019594,0.00178156,0.00277876,
NonsmoothRungeAbs,CPULinearSparse,328,2.252,3.86437e+07,25.8774,4, 0.00268535,,0.00268535,0.00182196,0.00149048,
NonsmoothRungeAbs,CPULinearSparse,332,2.343,4.00492e+07,24.9693,4, 0.00322072,,0.00322072,0.00189933,0.00245004,
NonsmoothRungeAbs,CPULinearSparse,336,2.517,4.15508e+07,24.0669,4, 0.00319451,,0.00319451,0.00188589,0.00268287,
NonsmoothRungeAbs,CPULinearSparse,340,2.491,4.30113e+07,23.2497,4, 0.00333017,,0.00333017,0.00195617,0.00267033,
NonsmoothRungeAbs,CPULinearSparse,344,2.521,4.45887e+07,22.4272,4, 0.00284949,,0.00284949,0.00184224,0.00128168,
NonsmoothRungeAbs,CPULinearSparse,348,2.783,4.61585e+07,21.6645,4, 0.00263134,,0.00263134,0.0018207,0.00235532,
NonsmoothRungeAbs,CPULinearSparse,352,2.87,4.76681e+07,20.9784,4, 0.00277898,,0.00172828,0.00167565,0.00277898,
NonsmoothRungeAbs,CPULinearSparse,356,2.845,4.95341e+07,20.1881,4, 0.00259392,,0.00184964,0.00155926,0.00259392,
NonsmoothRungeAbs,CPULinearSparse,360,2.967,5.12775e+07,19.5017,4, 0.00244427,,0.00244427,0.00122884,0.00125096,
NonsmoothRungeAbs,CPULinearSparse,364,3.118,5.31988e+07,18.7974,4, 0.00281345,,0.00281345,0.000872898,0.00208182,
NonsmoothRungeAbs,CPULinearSparse,368,3.185,5.47241e+07,18.2735,4, 0.00298572,,0.00298572,0.000971509,0.00265168,
NonsmoothRungeAbs,CPULinearSparse,372,3.329,5.61535e+07,17.8083,4, 0.00287896,,0.00287896,0.00134379,0.00235009,
NonsmoothRungeAbs,CPULinearSparse,376,3.351,5.81965e+07,17.1832,4, 0.002632,,0.002632,0.00130817,0.00118908,
NonsmoothRungeAbs,CPULinearSparse,380,3.452,5.98608e+07,16.7054,4, 0.00218602,,0.00218602,0.00138501,0.00201582,
NonsmoothRungeAbs,CPULinearSparse,384,58.954,6.16943e+07,16.2089,4, 0.00240584,,0.00129305,0.00137248,0.00240584,
NonsmoothRungeAbs,CPULinearSparse,388,59.635,6.44216e+07,15.5228,4, 0.00232768,,0.00164283,0.00153771,0.00232768,
NonsmoothRungeAbs,CPULinearSparse,392,63.154,6.61595e+07,15.115,4, 0.0023421,,0.0023421,0.00160284,0.00130649,
NonsmoothRungeAbs,CPULinearSparse,396,63.862,6.82581e+07,14.6503,4, 0.00268827,,0.00268827,0.00165263,0.00211389,
NonsmoothRungeAbs,CPULinearSparse,400,66.015,7.16533e+07,13.9561,4, 0.00279878,,0.00279878,0.00163816,0.00235327,
NonsmoothRungeAbs,CPULinearSparse,404,68.724,7.23416e+07,13.8233,4, 0.00292089,,0.00292089,0.00170929,0.00228295,
NonsmoothRungeAbs,CPULinearSparse,408,70.031,8.84305e+07,11.3083,4, 0.00241966,,0.00241966,0.00158322,0.00112955,
NonsmoothRungeAbs,CPULinearSparse,412,72.544,7.74176e+07,12.917,4, 0.00223233,,0.00223233,0.00154462,0.00203965,
NonsmoothRungeAbs,CPULinearSparse,416,73.778,7.94476e+07,12.5869,4, 0.00230977,,0.00121614,0.00142298,0.00230977,
NonsmoothRungeAbs,CPULinearSparse,420,78.713,9.92402e+07,10.0766,4, 0.00211027,,0.00140636,0.00127369,0.00211027,
NonsmoothRungeAbs,CPULinearSparse,424,79.509,8.7872e+07,11.3802,4, 0.00223146,,0.00223146,0.00112953,0.00123914,
NonsmoothRungeAbs,CPULinearSparse,428,80.851,8.68836e+07,11.5097,4, 0.00255746,,0.00255746,0.000941148,0.00203929,
NonsmoothRungeAbs,CPULinearSparse,432,92.129,9.00266e+07,11.1078,4, 0.00284802,,0.00284802,0.000832853,0.00238041,
NonsmoothRungeAbs,CPULinearSparse,436,93.58,9.72907e+07,10.2785,4, 0.00276358,,0.00276358,0.00109092,0.00215084,
NonsmoothRungeAbs,CPULinearSparse,440,97.493,1.04312e+08,9.58664,4, 0.00261925,,0.00261925,0.00117746,0.00121267,
NonsmoothRungeAbs,CPULinearSparse,444,98.254,1.06877e+08,9.35656,4, 0.00224866,,0.00224866,0.00122548,0.00196207,
NonsmoothRungeAbs,CPULinearSparse,448,101.506,1.00269e+08,9.97318,4, 0.00226264,,0.00150889,0.0013506,0.00226264,
NonsmoothRungeAbs,CPULinearSparse,452,104.819,1.13458e+08,8.8138,4, 0.00198865,,0.00131428,0.00134336,0.00198865,
NonsmoothRungeAbs,CPULinearSparse,456,108.529,1.05854e+08,9.44696,4, 0.00200379,,0.00200379,0.00139342,0.00107286,
NonsmoothRungeAbs,CPULinearSparse,460,109.828,1.09127e+08,9.16366,4, 0.00227314,,0.00227314,0.0014058,0.0017282,
NonsmoothRungeAbs,CPULinearSparse,464,114.216,1.11205e+08,8.99238,4, 0.00264206,,0.00264206,0.00154562,0.00219182,
NonsmoothRungeAbs,CPULinearSparse,468,117.719,1.4193e+08,7.04572,4, 0.00238898,,0.00238898,0.00145974,0.00187662,
NonsmoothRungeAbs,CPULinearSparse,472,120.815,1.29487e+08,7.72281,4, 0.00236947,,0.00236947,0.0014725,0.0011433,
NonsmoothRungeAbs,CPULinearSparse,476,123.626,1.20372e+08,8.30755,4, 0.00204271,,0.00204271,0.00140119,0.00184228,
NonsmoothRungeAbs,CPULinearSparse,480,125.564,1.23247e+08,8.11377,4, 0.0021115,,0.00112287,0.0012674,0.0021115,
NonsmoothRungeAbs,CPULinearSparse,484,131.171,1.28214e+08,7.79945,4, 0.00196691,,0.00145032,0.00119214,0.00196691,
NonsmoothRungeAbs,CPULinearSparse,488,135.72,1.42075e+08,7.03854,4, 0.00183211,,0.00183211,0.000956923,0.00100048,
NonsmoothRungeAbs,CPULinearSparse,492,136.626,1.35217e+08,7.39555,4, 0.00229759,,0.00229759,0.000984093,0.00179438,
NonsmoothRungeAbs,CPULinearSparse,496,141.158,1.46882e+08,6.8082,4, 0.00238969,,0.00238969,0.0007278,0.00210095,
NonsmoothRungeAbs,CPULinearSparse,500,143.126,1.52197e+08,6.57043,4, 0.00237322,,0.00237322,0.000905534,0.00180866,
NonsmoothRungeAbs,CPULinearSparse,504,153.001,1.57506e+08,6.34898,4, 0.00233101,,0.00233101,0.00102144,0.00108254,
NonsmoothRungeAbs,CPULinearSparse,508,156.178,1.80913e+08,5.52752,4, 0.00174868,,0.00174868,0.00117637,0.00157493,
NonsmoothRungeAbs,CPULinearSparse,512,155.204,1.62569e+08,6.15124,4, 0.00191493,,0.00105924,0.00110795,0.00191493,
NonsmoothRungeAbs,CPULinearSparse,516,160.277,1.58447e+08,6.31127,4, 0.00175362,,0.00121468,0.00118423,0.00175362,
