functionName, calculator,N,initTime, calcTime, calcHz, bytes, maxError, blankColumn, err1, err2, err3, Blank
SmoothPoly,GPUBicubicSparse,8,0.197,535585,1867.12,4, 0.0103227,,0.00243813,0.00866055,0.0103227,
SmoothPoly,GPUBicubicSparse,12,0.01,121809,8209.57,4, 0.0146098,,0.00819462,0.0129999,0.0146098,
SmoothPoly,GPUBicubicSparse,16,0.025,176759,5657.42,4, 0.0533254,,0.0377474,0.0305054,0.0533254,
SmoothPoly,GPUBicubicSparse,20,0.06,213373,4686.63,4, 0.148204,,0.102467,0.0788509,0.148204,
SmoothPoly,GPUBicubicSparse,24,0.094,288790,3462.72,4, 0.396592,,0.195405,0.167308,0.396592,
SmoothPoly,GPUBicubicSparse,28,0.152,408689,2446.85,4, 1.13819,,0.483413,0.431052,1.13819,
SmoothPoly,GPUBicubicSparse,32,0.236,556739,1796.17,4, 1.69613,,1.37845,1.34845,1.69613,
SmoothPoly,GPUBicubicSparse,36,0.397,713415,1401.71,4, 5.40254,,1.56283,2.41288,5.40254,
SmoothPoly,GPUBicubicSparse,40,0.536,723423,1382.32,4, 7.16007,,2.39134,2.39786,7.16007,
SmoothPoly,GPUBicubicSparse,44,0.667,861390,1160.91,4, 6.16982,,4.01884,3.37061,6.16982,
SmoothPoly,GPUBicubicSparse,48,0.898,961734,1039.79,4, 12.1848,,12.1848,6.18836,10.3262,
SmoothPoly,GPUBicubicSparse,52,1.123,1.07839e+06,927.305,4, 19.015,,9.06447,8.69016,19.015,
SmoothPoly,GPUBicubicSparse,56,1.508,1.25178e+06,798.866,4, 28.2303,,17.0834,7.83362,28.2303,
SmoothPoly,GPUBicubicSparse,60,1.831,1.40839e+06,710.029,4, 27.5874,,13.3045,13.0021,27.5874,
SmoothPoly,GPUBicubicSparse,64,2.276,1.59794e+06,625.806,4, 54.112,,22.1021,25.702,54.112,
SmoothPoly,GPUBicubicSparse,68,2.74,1.84419e+06,542.244,4, 53.3297,,20.5962,19.7458,53.3297,
SmoothPoly,GPUBicubicSparse,72,3.305,2.05482e+06,486.661,4, 56.6601,,38.1753,28.0184,56.6601,
SmoothPoly,GPUBicubicSparse,76,3.897,2.38592e+06,419.126,4, 93.6501,,39.0389,68.8822,93.6501,
SmoothPoly,GPUBicubicSparse,80,4.523,2.56017e+06,390.6,4, 127.121,,64.2676,44.7613,127.121,
SmoothPoly,GPUBicubicSparse,84,5.138,2.75643e+06,362.788,4, 197.655,,120.507,77.8738,197.655,
SmoothPoly,GPUBicubicSparse,88,6.106,3.04499e+06,328.409,4, 669.223,,305.275,265.267,669.223,
SmoothPoly,GPUBicubicSparse,92,6.693,3.29128e+06,303.833,4, 290.358,,220.91,224.134,290.358,
SmoothPoly,GPUBicubicSparse,96,7.178,3.91995e+06,255.105,4, 2082.09,,1188.91,862.781,2082.09,
SmoothPoly,GPUBicubicSparse,100,8.615,4.45001e+06,224.719,4, 3502.39,,3502.39,2121.56,2543.78,
SmoothPoly,GPUBicubicSparse,104,9.474,4.88109e+06,204.872,4, 831.687,,500.065,418.54,831.687,
SmoothPoly,GPUBicubicSparse,108,10.652,5.0942e+06,196.302,4, 1579.42,,1072.37,418.28,1579.42,
SmoothPoly,GPUBicubicSparse,112,12.01,5.50701e+06,181.587,4, 3484.81,,1879.65,1283.03,3484.81,
SmoothPoly,GPUBicubicSparse,116,13.309,5.89507e+06,169.633,4, 1541.97,,827.363,574.744,1541.97,
SmoothPoly,GPUBicubicSparse,120,14.791,6.37112e+06,156.958,4, 2270.42,,1064.3,860.149,2270.42,
SmoothPoly,GPUBicubicSparse,124,16.329,6.81853e+06,146.659,4, 7630.04,,2506.15,1950.88,7630.04,
SmoothPoly,GPUBicubicSparse,128,18.057,7.30953e+06,136.808,4, 3655.98,,1992.06,2920.15,3655.98,
SmoothPoly,GPUBicubicSparse,132,20.321,7.83742e+06,127.593,4, 883.517,,883.517,804.734,0,
SmoothPoly,GPUBicubicSparse,136,22.316,8.42607e+06,118.679,4, 10893.9,,2281.18,8300.75,10893.9,
SmoothPoly,GPUBicubicSparse,140,24.83,8.98033e+06,111.354,4, 8077.45,,4554.25,1739.74,8077.45,
SmoothPoly,GPUBicubicSparse,144,25.993,9.72424e+06,102.836,4, 4168.69,,4168.69,1099.35,3442.12,
SmoothPoly,GPUBicubicSparse,148,26.897,1.03993e+07,96.1601,4, 2626.51,,2626.51,1047.79,2440.79,
SmoothPoly,GPUBicubicSparse,152,28.391,1.0919e+07,91.5834,4, 6509.53,,3501.97,2813.18,6509.53,
SmoothPoly,GPUBicubicSparse,156,30.196,1.17544e+07,85.0749,4, 5183.01,,3421.63,2226.04,5183.01,
SmoothPoly,GPUBicubicSparse,160,33.057,1.243e+07,80.4508,4, 6862,,4112.42,2254.22,6862,
SmoothPoly,GPUBicubicSparse,164,36.524,1.3246e+07,75.4942,4, 28339.4,,4248.91,4900.01,28339.4,
SmoothPoly,GPUBicubicSparse,168,39.028,1.4251e+07,70.1704,4, 15672,,3815.15,5980.51,15672,
SmoothPoly,GPUBicubicSparse,172,41.352,1.48677e+07,67.2597,4, 17554,,7035.96,6466.31,17554,
SmoothPoly,GPUBicubicSparse,176,44.747,1.59263e+07,62.7893,4, 5746.62,,4027.98,3078.34,5746.62,
SmoothPoly,GPUBicubicSparse,180,48.614,1.71613e+07,58.2706,4, 15219.8,,4674.58,13076,15219.8,
SmoothPoly,GPUBicubicSparse,184,52.482,1.80796e+07,55.3109,4, 6104.2,,6104.2,1877.74,0,
SmoothPoly,GPUBicubicSparse,188,56.67,1.88459e+07,53.062,4, 18698.1,,4176.56,10136.8,18698.1,
SmoothPoly,GPUBicubicSparse,192,60.622,2.00934e+07,49.7676,4, 5718.65,,5718.65,5300.74,0,
SmoothPoly,GPUBicubicSparse,196,65.856,2.12e+07,47.1699,4, 6939.46,,6939.46,955.996,0,
SmoothPoly,GPUBicubicSparse,200,70.055,2.29737e+07,43.528,4, 21267.8,,5814.96,21267.8,18062.3,
SmoothPoly,GPUBicubicSparse,204,73.994,2.31111e+07,43.2692,4, 13467.2,,7035.82,8508.51,13467.2,
SmoothPoly,GPUBicubicSparse,208,79.054,2.48869e+07,40.1818,4, 3128.29,,3128.29,2563.27,0,
SmoothPoly,GPUBicubicSparse,212,84.573,2.69454e+07,37.1121,4, 15027.4,,6618.13,10454.3,15027.4,
SmoothPoly,GPUBicubicSparse,216,89.458,3.04712e+07,32.8179,4, 29325.9,,4786.92,29325.9,21909.2,
SmoothPoly,GPUBicubicSparse,220,95.717,3.06684e+07,32.6069,4, 78621.7,,6409.35,25528,78621.7,
SmoothPoly,GPUBicubicSparse,224,102.164,3.44277e+07,29.0464,4, 7051.85,,7051.85,9.45578,14.6685,
SmoothPoly,GPUBicubicSparse,228,108.817,3.4984e+07,28.5845,4, 10569.7,,10569.7,274.928,0,
SmoothPoly,GPUBicubicSparse,232,115.353,3.87533e+07,25.8042,4, 4159.01,,3598.14,4159.01,0,
SmoothPoly,GPUBicubicSparse,236,123.699,3.98968e+07,25.0647,4, 3212.74,,3212.74,0,0,
SmoothPoly,GPUBicubicSparse,240,130.991,4.25978e+07,23.4754,4, 10791.4,,2072.18,3067.97,10791.4,
SmoothPoly,GPUBicubicSparse,244,135.684,4.4907e+07,22.2683,4, 252.754,,252.754,215.168,0,
SmoothPoly,GPUBicubicSparse,248,143.735,4.81092e+07,20.786,4, 5284.76,,5284.76,16.8214,0,
