calculator chosen: 2
func chosen: 1
cache dir chosen: /scratch/ob749/GA/cache/
FunctionName, Calculator,N,Init time (s), Calc.time(s), Calc.Freq(hz), Bytes, MaxError, FirstBlank, Err1, Err2, Err3, Blank
Smooth exp(-Ar^2-b*rho^2),bicubic interp; trapezoid rule; CPU,8,0,569195,1756.87,8, 0.245828,,0.0392071,0.245828,0.205864,
Smooth exp(-Ar^2-b*rho^2),bicubic interp; trapezoid rule; CPU,12,0,1.12914e+06,885.627,8, 0.0586456,,0.0126693,0.0586456,0.0514312,
Smooth exp(-Ar^2-b*rho^2),bicubic interp; trapezoid rule; CPU,16,0,2.0305e+06,492.49,8, 0.0193909,,0.00899919,0.0159026,0.0193909,
Smooth exp(-Ar^2-b*rho^2),bicubic interp; trapezoid rule; CPU,20,0,3.20133e+06,312.37,8, 0.00567724,,0.00550951,0.00496567,0.00567724,
Smooth exp(-Ar^2-b*rho^2),bicubic interp; trapezoid rule; CPU,24,0,4.72754e+06,211.526,8, 0.002965,,0.002965,0.00178684,0.00105488,
Smooth exp(-Ar^2-b*rho^2),bicubic interp; trapezoid rule; CPU,28,0,6.55738e+06,152.5,8, 0.00144903,,0.00144903,0.000714805,0.000637997,
Smooth exp(-Ar^2-b*rho^2),bicubic interp; trapezoid rule; CPU,32,0,9.86838e+06,101.334,8, 0.000633743,,0.000633743,0.000310321,0.000525672,
Smooth exp(-Ar^2-b*rho^2),bicubic interp; trapezoid rule; CPU,36,0,2.61226e+07,38.281,8, 0.000302863,,0.000246881,0.000143449,0.000302863,
Smooth exp(-Ar^2-b*rho^2),bicubic interp; trapezoid rule; CPU,40,0,2.6774e+07,37.3496,8, 0.000112498,,0.000112498,7.04861e-05,0.000107057,
Smooth exp(-Ar^2-b*rho^2),bicubic interp; trapezoid rule; CPU,44,0,3.49712e+07,28.595,8, 7.63524e-05,,7.63524e-05,4.77736e-05,5.72098e-05,
Smooth exp(-Ar^2-b*rho^2),bicubic interp; trapezoid rule; CPU,48,0,3.41877e+07,29.2503,8, 6.65585e-05,,6.65585e-05,3.1788e-05,5.63681e-05,
Smooth exp(-Ar^2-b*rho^2),bicubic interp; trapezoid rule; CPU,52,0,4.2385e+07,23.5933,8, 5.88224e-05,,5.88224e-05,2.20223e-05,4.92661e-05,
Smooth exp(-Ar^2-b*rho^2),bicubic interp; trapezoid rule; CPU,56,0,3.59853e+07,27.7891,8, 4.80139e-05,,4.80139e-05,1.6055e-05,2.69781e-05,
Smooth exp(-Ar^2-b*rho^2),bicubic interp; trapezoid rule; CPU,60,0,3.69214e+07,27.0845,8, 3.52338e-05,,3.52338e-05,1.20796e-05,1.28073e-05,
Smooth exp(-Ar^2-b*rho^2),bicubic interp; trapezoid rule; CPU,64,0,3.61145e+07,27.6897,8, 2.2944e-05,,2.2944e-05,1.03383e-05,1.19032e-05,
Smooth exp(-Ar^2-b*rho^2),bicubic interp; trapezoid rule; CPU,68,0,4.01576e+07,24.9019,8, 1.36671e-05,,1.36671e-05,8.78099e-06,1.28885e-05,
Smooth exp(-Ar^2-b*rho^2),bicubic interp; trapezoid rule; CPU,72,0,4.58919e+07,21.7903,8, 9.70686e-06,,9.19559e-06,7.35834e-06,9.70686e-06,
Smooth exp(-Ar^2-b*rho^2),bicubic interp; trapezoid rule; CPU,76,0,5.06721e+07,19.7347,8, 7.66169e-06,,7.66169e-06,6.12814e-06,4.68022e-06,
Smooth exp(-Ar^2-b*rho^2),bicubic interp; trapezoid rule; CPU,80,0,5.68309e+07,17.5961,8, 7.22061e-06,,7.22061e-06,5.06286e-06,3.77845e-06,
Smooth exp(-Ar^2-b*rho^2),bicubic interp; trapezoid rule; CPU,84,0,6.51335e+07,15.3531,8, 6.8208e-06,,6.8208e-06,4.15185e-06,4.39742e-06,
Smooth exp(-Ar^2-b*rho^2),bicubic interp; trapezoid rule; CPU,88,0,7.23461e+07,13.8224,8, 6.06589e-06,,6.06589e-06,3.37685e-06,3.90133e-06,
Smooth exp(-Ar^2-b*rho^2),bicubic interp; trapezoid rule; CPU,92,0,7.90254e+07,12.6542,8, 4.95447e-06,,4.95447e-06,2.75185e-06,2.47358e-06,
Smooth exp(-Ar^2-b*rho^2),bicubic interp; trapezoid rule; CPU,96,0,8.64495e+07,11.5674,8, 3.68773e-06,,3.68773e-06,2.22404e-06,2.19655e-06,
Smooth exp(-Ar^2-b*rho^2),bicubic interp; trapezoid rule; CPU,100,0,9.35202e+07,10.6929,8, 2.80334e-06,,2.60625e-06,1.96115e-06,2.80334e-06,
Smooth exp(-Ar^2-b*rho^2),bicubic interp; trapezoid rule; CPU,104,0,1.02868e+08,9.72122,8, 2.03651e-06,,2.03651e-06,1.55233e-06,1.91061e-06,
Smooth exp(-Ar^2-b*rho^2),bicubic interp; trapezoid rule; CPU,108,0,1.09377e+08,9.14268,8, 1.83194e-06,,1.83194e-06,1.31604e-06,1.52164e-06,
Smooth exp(-Ar^2-b*rho^2),bicubic interp; trapezoid rule; CPU,112,0,1.16455e+08,8.587,8, 1.98895e-06,,1.98895e-06,8.86097e-07,1.16884e-06,
Smooth exp(-Ar^2-b*rho^2),bicubic interp; trapezoid rule; CPU,116,0,1.25635e+08,7.95955,8, 1.70967e-06,,1.70967e-06,7.33997e-07,8.01397e-07,
Smooth exp(-Ar^2-b*rho^2),bicubic interp; trapezoid rule; CPU,120,0,1.35156e+08,7.39888,8, 1.56743e-06,,1.56743e-06,5.60069e-07,9.449e-07,
Smooth exp(-Ar^2-b*rho^2),bicubic interp; trapezoid rule; CPU,124,0,1.41541e+08,7.06511,8, 1.33913e-06,,1.33913e-06,8.86542e-07,8.97003e-07,
Smooth exp(-Ar^2-b*rho^2),bicubic interp; trapezoid rule; CPU,128,0,1.48279e+08,6.74402,8, 1.06544e-06,,1.06544e-06,4.96373e-07,5.945e-07,
Smooth exp(-Ar^2-b*rho^2),bicubic interp; trapezoid rule; CPU,132,0,1.75689e+08,5.69187,8, 8.2393e-07,,8.2393e-07,4.36344e-07,5.88785e-07,
Smooth exp(-Ar^2-b*rho^2),bicubic interp; trapezoid rule; CPU,136,0,1.69093e+08,5.91391,8, 6.68964e-07,,6.68964e-07,5.05953e-07,4.85483e-07,
Smooth exp(-Ar^2-b*rho^2),bicubic interp; trapezoid rule; CPU,140,0,1.78582e+08,5.59966,8, 6.44179e-07,,6.44179e-07,5.68242e-07,5.35313e-07,
Smooth exp(-Ar^2-b*rho^2),bicubic interp; trapezoid rule; CPU,144,0,1.92514e+08,5.19444,8, 6.32905e-07,,6.32905e-07,4.95763e-07,4.73467e-07,
Smooth exp(-Ar^2-b*rho^2),bicubic interp; trapezoid rule; CPU,148,0,2.03533e+08,4.91322,8, 6.16255e-07,,6.16255e-07,2.83771e-07,3.48081e-07,
Smooth exp(-Ar^2-b*rho^2),bicubic interp; trapezoid rule; CPU,152,0,2.02256e+08,4.94422,8, 5.73188e-07,,5.73188e-07,2.72964e-07,2.56349e-07,
Smooth exp(-Ar^2-b*rho^2),bicubic interp; trapezoid rule; CPU,156,0,2.12751e+08,4.70033,8, 5.02227e-07,,5.02227e-07,2.59444e-07,3.1941e-07,
Smooth exp(-Ar^2-b*rho^2),bicubic interp; trapezoid rule; CPU,160,0,2.20899e+08,4.52696,8, 4.19996e-07,,4.19996e-07,2.41824e-07,3.35042e-07,
Smooth exp(-Ar^2-b*rho^2),bicubic interp; trapezoid rule; CPU,164,0,2.36802e+08,4.22293,8, 3.37058e-07,,3.37058e-07,2.23547e-07,2.02321e-07,
Smooth exp(-Ar^2-b*rho^2),bicubic interp; trapezoid rule; CPU,168,0,2.59334e+08,3.85603,8, 2.9563e-07,,2.9563e-07,2.06628e-07,2.09461e-07,
Smooth exp(-Ar^2-b*rho^2),bicubic interp; trapezoid rule; CPU,172,0,2.54393e+08,3.93093,8, 2.17851e-07,,1.52083e-07,2.1193e-07,2.17851e-07,
Smooth exp(-Ar^2-b*rho^2),bicubic interp; trapezoid rule; CPU,176,0,2.5671e+08,3.89545,8, 2.70241e-07,,2.70241e-07,2.17942e-07,1.99425e-07,
Smooth exp(-Ar^2-b*rho^2),bicubic interp; trapezoid rule; CPU,180,0,2.87429e+08,3.47912,8, 2.74186e-07,,2.74186e-07,2.20894e-07,1.63915e-07,
Smooth exp(-Ar^2-b*rho^2),bicubic interp; trapezoid rule; CPU,184,0,2.74484e+08,3.6432,8, 2.57611e-07,,2.57611e-07,1.69522e-07,1.67837e-07,
Smooth exp(-Ar^2-b*rho^2),bicubic interp; trapezoid rule; CPU,188,0,2.96214e+08,3.37594,8, 2.29328e-07,,2.29328e-07,1.57076e-07,1.2277e-07,
Smooth exp(-Ar^2-b*rho^2),bicubic interp; trapezoid rule; CPU,192,0,2.96205e+08,3.37604,8, 1.94307e-07,,1.94307e-07,1.11602e-07,1.57381e-07,
Smooth exp(-Ar^2-b*rho^2),bicubic interp; trapezoid rule; CPU,196,0,3.21735e+08,3.10815,8, 1.63722e-07,,1.63722e-07,1.04735e-07,1.57496e-07,
Smooth exp(-Ar^2-b*rho^2),bicubic interp; trapezoid rule; CPU,200,0,3.34697e+08,2.98778,8, 1.48274e-07,,1.48274e-07,9.912e-08,1.40876e-07,
Smooth exp(-Ar^2-b*rho^2),bicubic interp; trapezoid rule; CPU,204,0,3.28888e+08,3.04054,8, 1.82977e-07,,1.82977e-07,8.90094e-08,1.08631e-07,
Smooth exp(-Ar^2-b*rho^2),bicubic interp; trapezoid rule; CPU,208,0,3.31595e+08,3.01572,8, 1.78006e-07,,1.78006e-07,6.60299e-08,8.89197e-08,
Smooth exp(-Ar^2-b*rho^2),bicubic interp; trapezoid rule; CPU,212,0,3.56044e+08,2.80864,8, 1.57696e-07,,1.57696e-07,6.22715e-08,9.98673e-08,
Smooth exp(-Ar^2-b*rho^2),bicubic interp; trapezoid rule; CPU,216,0,4.00834e+08,2.4948,8, 1.32142e-07,,1.32142e-07,7.06627e-08,8.40152e-08,
Smooth exp(-Ar^2-b*rho^2),bicubic interp; trapezoid rule; CPU,220,0,3.67107e+08,2.724,8, 1.18978e-07,,1.18978e-07,5.29813e-08,6.67351e-08,
Smooth exp(-Ar^2-b*rho^2),bicubic interp; trapezoid rule; CPU,224,0,4.27822e+08,2.33742,8, 1.01263e-07,,1.01263e-07,6.79338e-08,6.50295e-08,
Smooth exp(-Ar^2-b*rho^2),bicubic interp; trapezoid rule; CPU,228,0,4.08358e+08,2.44883,8, 7.04665e-08,,7.04665e-08,6.16799e-08,6.84015e-08,
Smooth exp(-Ar^2-b*rho^2),bicubic interp; trapezoid rule; CPU,232,0,4.36846e+08,2.28914,8, 7.36074e-08,,5.52996e-08,6.38969e-08,7.36074e-08,
Smooth exp(-Ar^2-b*rho^2),bicubic interp; trapezoid rule; CPU,236,0,4.60533e+08,2.1714,8, 6.30634e-08,,5.65371e-08,6.30634e-08,5.24936e-08,
Smooth exp(-Ar^2-b*rho^2),bicubic interp; trapezoid rule; CPU,240,0,4.65971e+08,2.14606,8, 6.62538e-08,,6.62538e-08,6.21223e-08,4.42309e-08,
Smooth exp(-Ar^2-b*rho^2),bicubic interp; trapezoid rule; CPU,244,0,4.59737e+08,2.17516,8, 8.03478e-08,,8.03478e-08,6.05507e-08,6.4073e-08,
Smooth exp(-Ar^2-b*rho^2),bicubic interp; trapezoid rule; CPU,248,0,5.2331e+08,1.91091,8, 8.17404e-08,,8.17404e-08,4.60576e-08,5.7544e-08,
Smooth exp(-Ar^2-b*rho^2),bicubic interp; trapezoid rule; CPU,252,0,5.14593e+08,1.94328,8, 6.73347e-08,,6.73347e-08,4.32548e-08,3.93905e-08,
Smooth exp(-Ar^2-b*rho^2),bicubic interp; trapezoid rule; CPU,256,0,5.29746e+08,1.8877,8, 5.32221e-08,,5.32221e-08,3.68197e-08,3.53041e-08,
Smooth exp(-Ar^2-b*rho^2),bicubic interp; trapezoid rule; CPU,260,0,5.54994e+08,1.80182,8, 4.41541e-08,,4.41541e-08,3.21891e-08,3.87654e-08,
Smooth exp(-Ar^2-b*rho^2),bicubic interp; trapezoid rule; CPU,264,0,5.7465e+08,1.74019,8, 4.19269e-08,,4.19269e-08,2.82891e-08,4.04629e-08,
Smooth exp(-Ar^2-b*rho^2),bicubic interp; trapezoid rule; CPU,268,0,5.97178e+08,1.67454,8, 3.63917e-08,,3.63347e-08,2.76156e-08,3.63917e-08,
Smooth exp(-Ar^2-b*rho^2),bicubic interp; trapezoid rule; CPU,272,0,6.14086e+08,1.62844,8, 3.02941e-08,,3.02941e-08,2.82978e-08,2.09484e-08,
Smooth exp(-Ar^2-b*rho^2),bicubic interp; trapezoid rule; CPU,276,0,6.17721e+08,1.61885,8, 3.69268e-08,,2.60569e-08,3.69268e-08,3.0208e-08,
Smooth exp(-Ar^2-b*rho^2),bicubic interp; trapezoid rule; CPU,280,0,6.44448e+08,1.55172,8, 3.14335e-08,,2.65893e-08,2.08245e-08,3.14335e-08,
Smooth exp(-Ar^2-b*rho^2),bicubic interp; trapezoid rule; CPU,284,0,6.55206e+08,1.52624,8, 3.2427e-08,,3.2427e-08,1.79508e-08,2.936e-08,
Smooth exp(-Ar^2-b*rho^2),bicubic interp; trapezoid rule; CPU,288,0,6.96149e+08,1.43647,8, 4.00848e-08,,4.00848e-08,1.95443e-08,2.23103e-08,
Smooth exp(-Ar^2-b*rho^2),bicubic interp; trapezoid rule; CPU,292,0,7.31494e+08,1.36706,8, 4.28885e-08,,4.28885e-08,1.81858e-08,2.98745e-08,
Smooth exp(-Ar^2-b*rho^2),bicubic interp; trapezoid rule; CPU,296,0,7.37715e+08,1.35554,8, 4.93055e-08,,4.93055e-08,1.96576e-08,2.53445e-08,
Smooth exp(-Ar^2-b*rho^2),bicubic interp; trapezoid rule; CPU,300,0,7.56242e+08,1.32233,8, 4.74128e-08,,4.74128e-08,2.0794e-08,1.65076e-08,
Smooth exp(-Ar^2-b*rho^2),bicubic interp; trapezoid rule; CPU,304,0,7.78631e+08,1.28431,8, 3.9618e-08,,3.9618e-08,2.0676e-08,2.39916e-08,
Smooth exp(-Ar^2-b*rho^2),bicubic interp; trapezoid rule; CPU,308,0,8.35576e+08,1.19678,8, 2.9498e-08,,2.91271e-08,2.37397e-08,2.9498e-08,
Smooth exp(-Ar^2-b*rho^2),bicubic interp; trapezoid rule; CPU,312,0,8.58855e+08,1.16434,8, 2.2834e-08,,1.81763e-08,2.2834e-08,1.99506e-08,
Smooth exp(-Ar^2-b*rho^2),bicubic interp; trapezoid rule; CPU,316,0,8.8052e+08,1.13569,8, 1.66008e-08,,1.06235e-08,1.57758e-08,1.66008e-08,
Smooth exp(-Ar^2-b*rho^2),bicubic interp; trapezoid rule; CPU,320,0,8.85271e+08,1.1296,8, 2.14285e-08,,8.38973e-09,2.14285e-08,1.58307e-08,
Smooth exp(-Ar^2-b*rho^2),bicubic interp; trapezoid rule; CPU,324,0,9.41957e+08,1.06162,8, 1.45235e-08,,1.07335e-08,1.42616e-08,1.45235e-08,
Smooth exp(-Ar^2-b*rho^2),bicubic interp; trapezoid rule; CPU,328,0,9.66983e+08,1.03414,8, 1.62392e-08,,1.48633e-08,1.55717e-08,1.62392e-08,
Smooth exp(-Ar^2-b*rho^2),bicubic interp; trapezoid rule; CPU,332,0,9.96527e+08,1.00349,8, 1.83848e-08,,1.83848e-08,1.40346e-08,1.74235e-08,
Smooth exp(-Ar^2-b*rho^2),bicubic interp; trapezoid rule; CPU,336,0,1.0219e+09,0.978573,8, 2.36292e-08,,2.36292e-08,1.18176e-08,1.56953e-08,
Smooth exp(-Ar^2-b*rho^2),bicubic interp; trapezoid rule; CPU,340,0,1.04735e+09,0.954794,8, 2.49558e-08,,2.49558e-08,9.93849e-09,1.26782e-08,
Smooth exp(-Ar^2-b*rho^2),bicubic interp; trapezoid rule; CPU,344,0,1.0547e+09,0.948139,8, 2.23312e-08,,2.23312e-08,1.18288e-08,1.47265e-08,
Smooth exp(-Ar^2-b*rho^2),bicubic interp; trapezoid rule; CPU,348,0,1.09914e+09,0.9098,8, 1.68004e-08,,1.68004e-08,1.1968e-08,1.17962e-08,
Smooth exp(-Ar^2-b*rho^2),bicubic interp; trapezoid rule; CPU,352,0,1.10109e+09,0.908195,8, 1.07804e-08,,1.02776e-08,9.42165e-09,1.07804e-08,
Smooth exp(-Ar^2-b*rho^2),bicubic interp; trapezoid rule; CPU,356,0,1.12932e+09,0.885489,8, 1.45624e-08,,9.67867e-09,9.82948e-09,1.45624e-08,
Smooth exp(-Ar^2-b*rho^2),bicubic interp; trapezoid rule; CPU,360,0,1.16398e+09,0.859119,8, 1.39384e-08,,1.14936e-08,1.00689e-08,1.39384e-08,
Smooth exp(-Ar^2-b*rho^2),bicubic interp; trapezoid rule; CPU,364,0,1.18911e+09,0.840968,8, 1.33956e-08,,1.33956e-08,1.2669e-08,9.39993e-09,
Smooth exp(-Ar^2-b*rho^2),bicubic interp; trapezoid rule; CPU,368,0,1.2427e+09,0.804699,8, 1.49353e-08,,1.49353e-08,1.30253e-08,1.02113e-08,
Smooth exp(-Ar^2-b*rho^2),bicubic interp; trapezoid rule; CPU,372,0,1.27062e+09,0.787015,8, 1.53058e-08,,1.53058e-08,1.21474e-08,1.13171e-08,
Smooth exp(-Ar^2-b*rho^2),bicubic interp; trapezoid rule; CPU,376,0,1.30292e+09,0.767505,8, 1.42395e-08,,1.42395e-08,1.07137e-08,1.41361e-08,
Smooth exp(-Ar^2-b*rho^2),bicubic interp; trapezoid rule; CPU,380,0,1.33159e+09,0.750982,8, 1.2688e-08,,1.2688e-08,7.6627e-09,7.87636e-09,
Smooth exp(-Ar^2-b*rho^2),bicubic interp; trapezoid rule; CPU,384,0,1.35028e+09,0.740587,8, 1.14647e-08,,1.14647e-08,9.82469e-09,6.66168e-09,
Smooth exp(-Ar^2-b*rho^2),bicubic interp; trapezoid rule; CPU,388,0,1.39613e+09,0.716265,8, 1.16465e-08,,1.16465e-08,9.96587e-09,1.02984e-08,
Smooth exp(-Ar^2-b*rho^2),bicubic interp; trapezoid rule; CPU,392,0,1.41602e+09,0.706205,8, 1.22267e-08,,1.22267e-08,7.83415e-09,9.37302e-09,
Smooth exp(-Ar^2-b*rho^2),bicubic interp; trapezoid rule; CPU,396,0,1.47546e+09,0.677755,8, 1.19191e-08,,1.19191e-08,8.9493e-09,8.72632e-09,
Smooth exp(-Ar^2-b*rho^2),bicubic interp; trapezoid rule; CPU,400,0,1.49072e+09,0.670815,8, 1.04862e-08,,1.04862e-08,8.31586e-09,8.34697e-09,
Smooth exp(-Ar^2-b*rho^2),bicubic interp; trapezoid rule; CPU,404,0,1.51579e+09,0.659721,8, 9.05815e-09,,7.94229e-09,8.79544e-09,9.05815e-09,
Smooth exp(-Ar^2-b*rho^2),bicubic interp; trapezoid rule; CPU,408,0,1.57369e+09,0.635451,8, 8.89029e-09,,4.93014e-09,8.79703e-09,8.89029e-09,
Smooth exp(-Ar^2-b*rho^2),bicubic interp; trapezoid rule; CPU,412,0,1.58208e+09,0.632081,8, 1.01391e-08,,4.26899e-09,8.13272e-09,1.01391e-08,
Smooth exp(-Ar^2-b*rho^2),bicubic interp; trapezoid rule; CPU,416,0,1.62727e+09,0.614526,8, 9.90719e-09,,2.27589e-09,9.90719e-09,8.68087e-09,
Smooth exp(-Ar^2-b*rho^2),bicubic interp; trapezoid rule; CPU,420,0,1.69508e+09,0.589944,8, 9.83136e-09,,4.01444e-09,9.83136e-09,8.74477e-09,
Smooth exp(-Ar^2-b*rho^2),bicubic interp; trapezoid rule; CPU,424,0,1.71498e+09,0.583098,8, 1.00641e-08,,6.62617e-09,1.00641e-08,8.59882e-09,
Smooth exp(-Ar^2-b*rho^2),bicubic interp; trapezoid rule; CPU,428,0,1.75815e+09,0.568781,8, 9.64936e-09,,8.68694e-09,9.08616e-09,9.64936e-09,
Smooth exp(-Ar^2-b*rho^2),bicubic interp; trapezoid rule; CPU,432,0,1.80849e+09,0.552946,8, 1.01982e-08,,9.48456e-09,1.01982e-08,8.12198e-09,
Smooth exp(-Ar^2-b*rho^2),bicubic interp; trapezoid rule; CPU,436,0,1.84728e+09,0.541336,8, 1.06363e-08,,8.79218e-09,1.06363e-08,8.19712e-09,
Smooth exp(-Ar^2-b*rho^2),bicubic interp; trapezoid rule; CPU,440,0,1.86533e+09,0.536098,8, 1.10634e-08,,7.54564e-09,1.10634e-08,9.28163e-09,
Smooth exp(-Ar^2-b*rho^2),bicubic interp; trapezoid rule; CPU,444,0,1.91981e+09,0.520884,8, 1.27208e-08,,5.75739e-09,1.27208e-08,1.01632e-08,
Smooth exp(-Ar^2-b*rho^2),bicubic interp; trapezoid rule; CPU,448,0,1.96643e+09,0.508536,8, 1.15775e-08,,3.91121e-09,1.15775e-08,9.86937e-09,
Smooth exp(-Ar^2-b*rho^2),bicubic interp; trapezoid rule; CPU,452,0,2.02244e+09,0.494452,8, 1.24846e-08,,3.1208e-09,1.24846e-08,8.88186e-09,
Smooth exp(-Ar^2-b*rho^2),bicubic interp; trapezoid rule; CPU,456,0,2.04198e+09,0.489722,8, 1.03069e-08,,4.05839e-09,1.03069e-08,1.00869e-08,
Smooth exp(-Ar^2-b*rho^2),bicubic interp; trapezoid rule; CPU,460,0,2.0854e+09,0.479524,8, 1.23623e-08,,5.2763e-09,1.23623e-08,9.34786e-09,
Smooth exp(-Ar^2-b*rho^2),bicubic interp; trapezoid rule; CPU,464,0,2.12023e+09,0.471648,8, 1.30324e-08,,6.69657e-09,1.30324e-08,1.06814e-08,
Smooth exp(-Ar^2-b*rho^2),bicubic interp; trapezoid rule; CPU,468,0,2.17259e+09,0.460281,8, 1.39646e-08,,7.41762e-09,1.39646e-08,9.62711e-09,
Smooth exp(-Ar^2-b*rho^2),bicubic interp; trapezoid rule; CPU,472,0,2.19837e+09,0.454883,8, 1.33904e-08,,7.21849e-09,1.33904e-08,1.2055e-08,
Smooth exp(-Ar^2-b*rho^2),bicubic interp; trapezoid rule; CPU,476,0,2.19956e+09,0.454637,8, 1.31364e-08,,6.18369e-09,1.31364e-08,1.01562e-08,
Smooth exp(-Ar^2-b*rho^2),bicubic interp; trapezoid rule; CPU,480,0,2.25971e+09,0.442535,8, 1.47195e-08,,5.1759e-09,1.47195e-08,1.04524e-08,
Smooth exp(-Ar^2-b*rho^2),bicubic interp; trapezoid rule; CPU,484,0,2.32976e+09,0.429229,8, 1.80667e-08,,4.72181e-09,1.80667e-08,1.29571e-08,
Smooth exp(-Ar^2-b*rho^2),bicubic interp; trapezoid rule; CPU,488,0,2.40564e+09,0.41569,8, 1.98243e-08,,3.83436e-09,1.98243e-08,1.08224e-08,
Smooth exp(-Ar^2-b*rho^2),bicubic interp; trapezoid rule; CPU,492,0,2.41543e+09,0.414005,8, 1.40619e-08,,6.12749e-09,1.40619e-08,1.21746e-08,
Smooth exp(-Ar^2-b*rho^2),bicubic interp; trapezoid rule; CPU,496,0,2.52611e+09,0.395865,8, 1.48126e-08,,5.37525e-09,1.48126e-08,1.40181e-08,
Smooth exp(-Ar^2-b*rho^2),bicubic interp; trapezoid rule; CPU,500,0,2.50501e+09,0.399199,8, 1.80778e-08,,5.51646e-09,1.80778e-08,1.32116e-08,
Smooth exp(-Ar^2-b*rho^2),bicubic interp; trapezoid rule; CPU,504,0,2.55164e+09,0.391905,8, 1.55532e-08,,6.38636e-09,1.55532e-08,1.42058e-08,
Smooth exp(-Ar^2-b*rho^2),bicubic interp; trapezoid rule; CPU,508,0,2.5901e+09,0.386085,8, 1.7015e-08,,5.36593e-09,1.7015e-08,1.45515e-08,
Smooth exp(-Ar^2-b*rho^2),bicubic interp; trapezoid rule; CPU,512,0,2.65786e+09,0.376243,8, 1.61913e-08,,6.78502e-09,1.61913e-08,1.43384e-08,
Smooth exp(-Ar^2-b*rho^2),bicubic interp; trapezoid rule; CPU,516,0,2.74152e+09,0.364761,8, 1.54307e-08,,5.63485e-09,1.54307e-08,1.20162e-08,
