functionName, calculator,N,initTime, calcTime, calcHz, bytes, maxError, blankColumn, err1, err2, err3, Blank
NonsmoothSqrt,CPUDCTPadded,8,0.007,55289,18086.8,8, 0.80266,,0.80266,0.422994,0.249092,
NonsmoothSqrt,CPUDCTPadded,12,0.025,57484,17396.1,8, 0.708433,,0.708433,0.365156,0.25064,
NonsmoothSqrt,CPUDCTPadded,16,0.013,70755,14133.3,8, 0.618722,,0.618722,0.306125,0.238744,
NonsmoothSqrt,CPUDCTPadded,20,0.043,152606,6552.82,8, 0.52484,,0.52484,0.266533,0.198064,
NonsmoothSqrt,CPUDCTPadded,24,0.042,232919,4293.34,8, 0.429402,,0.429402,0.237094,0.123647,
NonsmoothSqrt,CPUDCTPadded,28,0.027,307039,3256.92,8, 0.337328,,0.337328,0.211216,0.148963,
NonsmoothSqrt,CPUDCTPadded,32,0.027,417235,2396.73,8, 0.25357,,0.25357,0.186666,0.159838,
NonsmoothSqrt,CPUDCTPadded,36,0.066,573711,1743.04,8, 0.296938,,0.296938,0.162242,0.143529,
NonsmoothSqrt,CPUDCTPadded,40,0.072,656885,1522.34,8, 0.387588,,0.387588,0.135729,0.0920623,
NonsmoothSqrt,CPUDCTPadded,44,0.022,855411,1169.03,8, 0.42036,,0.42036,0.108523,0.115609,
NonsmoothSqrt,CPUDCTPadded,48,0.078,970162,1030.76,8, 0.40845,,0.40845,0.112407,0.128102,
NonsmoothSqrt,CPUDCTPadded,52,0.024,1.21029e+06,826.248,8, 0.36368,,0.36368,0.113593,0.118131,
NonsmoothSqrt,CPUDCTPadded,56,0.045,1.33823e+06,747.257,8, 0.309268,,0.309268,0.117013,0.0764831,
NonsmoothSqrt,CPUDCTPadded,60,0.145,1.45063e+06,689.357,8, 0.250328,,0.250328,0.120119,0.0976992,
NonsmoothSqrt,CPUDCTPadded,64,0.031,1.60944e+06,621.333,8, 0.191664,,0.191664,0.122549,0.109878,
NonsmoothSqrt,CPUDCTPadded,68,0.065,2.59858e+06,384.825,8, 0.221735,,0.221735,0.124214,0.10273,
NonsmoothSqrt,CPUDCTPadded,72,0.114,2.38877e+06,418.625,8, 0.284362,,0.284362,0.125071,0.0667778,
NonsmoothSqrt,CPUDCTPadded,76,0.063,3.80016e+06,263.147,8, 0.312629,,0.312629,0.124879,0.08614,
NonsmoothSqrt,CPUDCTPadded,80,0.121,3.08068e+06,324.604,8, 0.316761,,0.316761,0.123542,0.097687,
NonsmoothSqrt,CPUDCTPadded,84,0.099,2.70052e+06,370.299,8, 0.303918,,0.303918,0.120986,0.0921139,
NonsmoothSqrt,CPUDCTPadded,88,0.059,3.6935e+06,270.746,8, 0.279131,,0.279131,0.117001,0.0600027,
NonsmoothSqrt,CPUDCTPadded,92,0.069,5.62749e+06,177.699,8, 0.24501,,0.24501,0.111441,0.0778937,
NonsmoothSqrt,CPUDCTPadded,96,0.086,4.06855e+06,245.788,8, 0.195777,,0.195777,0.104109,0.0888178,
NonsmoothSqrt,CPUDCTPadded,100,0.133,4.31673e+06,231.657,8, 0.179417,,0.179417,0.0945959,0.0842132,
NonsmoothSqrt,CPUDCTPadded,104,0.05,5.55774e+06,179.929,8, 0.233955,,0.233955,0.0822398,0.0549408,
NonsmoothSqrt,CPUDCTPadded,108,0.127,5.40206e+06,185.114,8, 0.258342,,0.258342,0.0662776,0.071625,
NonsmoothSqrt,CPUDCTPadded,112,0.06,5.15309e+06,194.058,8, 0.263149,,0.263149,0.0706736,0.082003,
NonsmoothSqrt,CPUDCTPadded,116,0.086,9.83856e+06,101.641,8, 0.254083,,0.254083,0.0742558,0.0780485,
NonsmoothSqrt,CPUDCTPadded,120,0.236,7.04056e+06,142.034,8, 0.235114,,0.235114,0.0783039,0.0509806,
NonsmoothSqrt,CPUDCTPadded,124,0.093,1.17763e+07,84.9161,8, 0.209634,,0.209634,0.0819876,0.0666559,
NonsmoothSqrt,CPUDCTPadded,128,0.09,7.08989e+06,141.046,8, 0.180739,,0.180739,0.0852044,0.0765443,
NonsmoothSqrt,CPUDCTPadded,132,0.117,8.66366e+06,115.425,8, 0.154056,,0.154056,0.0878494,0.0730728,
NonsmoothSqrt,CPUDCTPadded,136,0.133,1.24977e+07,80.0149,8, 0.203802,,0.203802,0.0897841,0.0477668,
NonsmoothSqrt,CPUDCTPadded,140,0.154,9.67943e+06,103.312,8, 0.225141,,0.225141,0.0909076,0.0625994,
NonsmoothSqrt,CPUDCTPadded,144,0.125,1.09031e+07,91.7168,8, 0.229464,,0.229464,0.0911147,0.0720422,
NonsmoothSqrt,CPUDCTPadded,148,0.119,1.97184e+07,50.7142,8, 0.221748,,0.221748,0.0902706,0.0689404,
NonsmoothSqrt,CPUDCTPadded,152,0.146,1.60199e+07,62.4225,8, 0.205503,,0.205503,0.0882592,0.0450862,
NonsmoothSqrt,CPUDCTPadded,156,0.135,1.37104e+07,72.9372,8, 0.183743,,0.183743,0.0849358,0.0592032,
NonsmoothSqrt,CPUDCTPadded,160,0.142,1.31401e+07,76.1028,8, 0.159182,,0.159182,0.0800874,0.0682526,
NonsmoothSqrt,CPUDCTPadded,164,0.144,2.51862e+07,39.7043,8, 0.138384,,0.138384,0.0734175,0.0654351,
NonsmoothSqrt,CPUDCTPadded,168,0.196,1.57001e+07,63.694,8, 0.183239,,0.183239,0.0643696,0.0428125,
NonsmoothSqrt,CPUDCTPadded,172,0.155,2.81732e+07,35.4947,8, 0.202661,,0.202661,0.0519226,0.056302,
NonsmoothSqrt,CPUDCTPadded,176,0.157,1.71378e+07,58.3506,8, 0.206732,,0.206732,0.0557754,0.0650059,
NonsmoothSqrt,CPUDCTPadded,180,0.328,1.75705e+07,56.9135,8, 0.199857,,0.199857,0.059216,0.0624158,
NonsmoothSqrt,CPUDCTPadded,184,0.179,2.49812e+07,40.03,8, 0.185187,,0.185187,0.0628318,0.0408539,
NonsmoothSqrt,CPUDCTPadded,188,0.178,3.49839e+07,28.5846,8, 0.165475,,0.165475,0.06619,0.0537892,
NonsmoothSqrt,CPUDCTPadded,192,0.169,1.96067e+07,51.0031,8, 0.143242,,0.143242,0.0691897,0.0621813,
NonsmoothSqrt,CPUDCTPadded,196,0.107,2.15901e+07,46.3176,8, 0.126369,,0.126369,0.0717195,0.0597804,
NonsmoothSqrt,CPUDCTPadded,200,0.245,2.1362e+07,46.812,8, 0.167516,,0.167516,0.0736837,0.0391403,
NonsmoothSqrt,CPUDCTPadded,204,0.339,3.03956e+07,32.8995,8, 0.185536,,0.185536,0.0749803,0.0515865,
NonsmoothSqrt,CPUDCTPadded,208,0.155,2.51087e+07,39.8269,8, 0.189561,,0.189561,0.0754992,0.0596945,
NonsmoothSqrt,CPUDCTPadded,212,0.235,4.79832e+07,20.8406,8, 0.183551,,0.183551,0.0751393,0.0574529,
NonsmoothSqrt,CPUDCTPadded,216,0.199,2.64307e+07,37.8348,8, 0.170329,,0.170329,0.0737843,0.0376243,
NonsmoothSqrt,CPUDCTPadded,220,0.251,2.76464e+07,36.1711,8, 0.152367,,0.152367,0.0712922,0.0496336,
NonsmoothSqrt,CPUDCTPadded,224,0.156,2.5951e+07,38.5341,8, 0.131954,,0.131954,0.0674893,0.0574842,
NonsmoothSqrt,CPUDCTPadded,228,0.368,3.86981e+07,25.8411,8, 0.117132,,0.117132,0.0621046,0.0553766,
NonsmoothSqrt,CPUDCTPadded,232,0.252,4.30471e+07,23.2304,8, 0.155231,,0.155231,0.0546447,0.0362722,
NonsmoothSqrt,CPUDCTPadded,236,0.29,5.98421e+07,16.7107,8, 0.17196,,0.17196,0.0440994,0.0478861,
NonsmoothSqrt,CPUDCTPadded,240,0.418,3.17969e+07,31.4496,8, 0.175768,,0.175768,0.0475288,0.0555033,
NonsmoothSqrt,CPUDCTPadded,244,0.324,6.9462e+07,14.3964,8, 0.170325,,0.170325,0.0506958,0.0535101,
NonsmoothSqrt,CPUDCTPadded,248,0.283,5.02774e+07,19.8896,8, 0.158235,,0.158235,0.0539554,0.0350567,
NonsmoothSqrt,CPUDCTPadded,252,0.37,3.66765e+07,27.2654,8, 0.141771,,0.141771,0.0570059,0.0463108,
NonsmoothSqrt,CPUDCTPadded,256,0.265,3.73316e+07,26.787,8, 0.12302,,0.12302,0.0597528,0.0537139,
NonsmoothSqrt,CPUDCTPadded,260,0.295,3.77238e+07,26.5084,8, 0.1098,,0.1098,0.0621079,0.0518216,
NonsmoothSqrt,CPUDCTPadded,264,0.328,4.10921e+07,24.3356,8, 0.1455,,0.1455,0.0639774,0.0339556,
NonsmoothSqrt,CPUDCTPadded,268,0.434,8.35567e+07,11.9679,8, 0.16119,,0.16119,0.0652651,0.044882,
NonsmoothSqrt,CPUDCTPadded,272,0.358,5.26823e+07,18.9817,8, 0.164756,,0.164756,0.0658799,0.052086,
NonsmoothSqrt,CPUDCTPadded,276,0.441,6.03723e+07,16.5639,8, 0.159638,,0.159638,0.0657221,0.0502835,
NonsmoothSqrt,CPUDCTPadded,280,0.418,4.56144e+07,21.9229,8, 0.148295,,0.148295,0.0646823,0.0329512,
NonsmoothSqrt,CPUDCTPadded,284,0.523,1.03905e+08,9.62417,8, 0.132874,,0.132874,0.0626382,0.0435779,
NonsmoothSqrt,CPUDCTPadded,288,0.395,4.9057e+07,20.3845,8, 0.115351,,0.115351,0.059425,0.0505979,
NonsmoothSqrt,CPUDCTPadded,292,0.525,1.12871e+08,8.85963,8, 0.103569,,0.103569,0.0547958,0.0488738,
NonsmoothSqrt,CPUDCTPadded,296,0.402,8.11201e+07,12.3274,8, 0.137325,,0.137325,0.0483135,0.032031,
NonsmoothSqrt,CPUDCTPadded,300,0.378,5.38255e+07,18.5786,8, 0.152229,,0.152229,0.0389997,0.0423806,
NonsmoothSqrt,CPUDCTPadded,304,0.413,6.80573e+07,14.6935,8, 0.155685,,0.155685,0.0421083,0.0492312,
NonsmoothSqrt,CPUDCTPadded,308,0.292,5.3306e+07,18.7596,8, 0.150916,,0.150916,0.0450388,0.0475765,
NonsmoothSqrt,CPUDCTPadded,312,0.361,5.93688e+07,16.8439,8, 0.140227,,0.140227,0.0480184,0.0311847,
NonsmoothSqrt,CPUDCTPadded,316,0.601,1.28618e+08,7.77498,8, 0.125646,,0.125646,0.0508177,0.0412766,
NonsmoothSqrt,CPUDCTPadded,320,0.425,5.73766e+07,17.4287,8, 0.109049,,0.109049,0.0533567,0.0479692,
NonsmoothSqrt,CPUDCTPadded,324,0.313,6.39545e+07,15.6361,8, 0.098258,,0.098258,0.0555496,0.0463777,
NonsmoothSqrt,CPUDCTPadded,328,0.496,1.06539e+08,9.38627,8, 0.130297,,0.130297,0.0573105,0.0304019,
NonsmoothSqrt,CPUDCTPadded,332,0.686,1.47771e+08,6.76725,8, 0.144483,,0.144483,0.0585555,0.0402552,
NonsmoothSqrt,CPUDCTPadded,336,0.59,6.53937e+07,15.292,8, 0.147831,,0.147831,0.0591957,0.0467992,
NonsmoothSqrt,CPUDCTPadded,340,0.554,8.72309e+07,11.4638,8, 0.143386,,0.143386,0.059139,0.0452652,
NonsmoothSqrt,CPUDCTPadded,344,0.537,1.15835e+08,8.63297,8, 0.133322,,0.133322,0.0582877,0.0296746,
NonsmoothSqrt,CPUDCTPadded,348,0.605,1.04376e+08,9.58078,8, 0.119548,,0.119548,0.056524,0.0393059,
NonsmoothSqrt,CPUDCTPadded,352,0.462,7.34067e+07,13.6227,8, 0.103828,,0.103828,0.0536961,0.045711,
NonsmoothSqrt,CPUDCTPadded,356,0.815,1.8064e+08,5.53586,8, 0.0937828,,0.0937828,0.0495801,0.0442288,
NonsmoothSqrt,CPUDCTPadded,360,0.502,7.32482e+07,13.6522,8, 0.124333,,0.124333,0.0437716,0.0289974,
NonsmoothSqrt,CPUDCTPadded,364,0.358,7.58073e+07,13.1913,8, 0.137858,,0.137858,0.0353376,0.0384205,
NonsmoothSqrt,CPUDCTPadded,368,0.552,1.03286e+08,9.68186,8, 0.141047,,0.141047,0.0382011,0.0446955,
NonsmoothSqrt,CPUDCTPadded,372,0.587,1.21058e+08,8.26051,8, 0.136811,,0.136811,0.0409319,0.0432605,
NonsmoothSqrt,CPUDCTPadded,376,0.64,1.44558e+08,6.91765,8, 0.127229,,0.127229,0.0436887,0.0283647,
NonsmoothSqrt,CPUDCTPadded,380,0.637,1.09336e+08,9.14614,8, 0.114124,,0.114124,0.0462886,0.0375924,
NonsmoothSqrt,CPUDCTPadded,384,0.571,8.68611e+07,11.5126,8, 0.0991782,,0.0991782,0.0486542,0.0437447,
NonsmoothSqrt,CPUDCTPadded,388,1.016,2.27944e+08,4.38704,8, 0.0898486,,0.0898486,0.0507077,0.0423533,
NonsmoothSqrt,CPUDCTPadded,392,0.388,8.61339e+07,11.6098,8, 0.119144,,0.119144,0.0523715,0.0277717,
NonsmoothSqrt,CPUDCTPadded,396,0.625,9.43177e+07,10.6025,8, 0.132133,,0.132133,0.0535642,0.0368158,
NonsmoothSqrt,CPUDCTPadded,400,0.448,9.12298e+07,10.9613,8, 0.135209,,0.135209,0.054204,0.0428519,
NonsmoothSqrt,CPUDCTPadded,404,1.102,2.57262e+08,3.88709,8, 0.131155,,0.131155,0.0542068,0.041501,
NonsmoothSqrt,CPUDCTPadded,408,0.908,1.27508e+08,7.84265,8, 0.121964,,0.121964,0.053478,0.0272141,
NonsmoothSqrt,CPUDCTPadded,412,1.17,2.70023e+08,3.70339,8, 0.10939,,0.10939,0.0519087,0.0360854,
NonsmoothSqrt,CPUDCTPadded,416,0.533,1.0448e+08,9.57123,8, 0.0950537,,0.0950537,0.0493587,0.0420117,
NonsmoothSqrt,CPUDCTPadded,420,0.824,1.03314e+08,9.67922,8, 0.0863149,,0.0863149,0.0456166,0.0406979,
NonsmoothSqrt,CPUDCTPadded,424,0.852,1.98479e+08,5.03832,8, 0.114485,,0.114485,0.0403085,0.0266888,
NonsmoothSqrt,CPUDCTPadded,428,1.333,3.0288e+08,3.30164,8, 0.127005,,0.127005,0.0325639,0.0353967,
NonsmoothSqrt,CPUDCTPadded,432,0.621,1.01591e+08,9.84339,8, 0.130008,,0.130008,0.0352117,0.0412193,
NonsmoothSqrt,CPUDCTPadded,436,1.402,3.20353e+08,3.12156,8, 0.126155,,0.126155,0.0377756,0.0399395,
NonsmoothSqrt,CPUDCTPadded,440,0.68,1.15042e+08,8.69249,8, 0.117353,,0.117353,0.040353,0.0261931,
NonsmoothSqrt,CPUDCTPadded,444,0.962,1.94806e+08,5.13331,8, 0.105282,,0.105282,0.0427878,0.0347458,
NonsmoothSqrt,CPUDCTPadded,448,0.538,1.19916e+08,8.33915,8, 0.091497,,0.091497,0.0450093,0.04047,
NonsmoothSqrt,CPUDCTPadded,452,1.496,3.54947e+08,2.81732,8, 0.0832069,,0.0832069,0.0469457,0.0392224,
NonsmoothSqrt,CPUDCTPadded,456,1.007,1.61615e+08,6.18755,8, 0.110347,,0.110347,0.0485222,0.025724,
NonsmoothSqrt,CPUDCTPadded,460,0.847,1.74604e+08,5.72725,8, 0.122414,,0.122414,0.0496639,0.0341298,
NonsmoothSqrt,CPUDCTPadded,464,0.834,1.78341e+08,5.60723,8, 0.125316,,0.125316,0.0502945,0.0397599,
NonsmoothSqrt,CPUDCTPadded,468,0.758,1.3732e+08,7.28227,8, 0.12162,,0.12162,0.0503327,0.0385425,
NonsmoothSqrt,CPUDCTPadded,472,1.101,2.61925e+08,3.81789,8, 0.113164,,0.113164,0.0496908,0.0252789,
NonsmoothSqrt,CPUDCTPadded,476,0.758,1.62766e+08,6.14379,8, 0.101561,,0.101561,0.0482668,0.0335455,
NonsmoothSqrt,CPUDCTPadded,480,0.721,1.35477e+08,7.38134,8, 0.0883045,,0.0883045,0.0459265,0.039086,
NonsmoothSqrt,CPUDCTPadded,484,0.712,1.52469e+08,6.55869,8, 0.0804352,,0.0804352,0.0424731,0.0378966,
NonsmoothSqrt,CPUDCTPadded,488,1.191,2.83382e+08,3.5288,8, 0.106671,,0.106671,0.0375562,0.0248562,
NonsmoothSqrt,CPUDCTPadded,492,1.162,2.44605e+08,4.08822,8, 0.118338,,0.118338,0.0303602,0.03299,
NonsmoothSqrt,CPUDCTPadded,496,0.96,2.10257e+08,4.75608,8, 0.121142,,0.121142,0.0328294,0.0384454,
NonsmoothSqrt,CPUDCTPadded,500,0.712,1.47461e+08,6.78144,8, 0.117565,,0.117565,0.0352529,0.0372822,
NonsmoothSqrt,CPUDCTPadded,504,0.771,1.39162e+08,7.18585,8, 0.109386,,0.109386,0.0376802,0.0244542,
NonsmoothSqrt,CPUDCTPadded,508,1.499,5.27977e+08,1.89402,8, 0.0981695,,0.0981695,0.0399772,0.0324612,
NonsmoothSqrt,CPUDCTPadded,512,0.843,1.50046e+08,6.66463,8, 0.0853635,,0.0853635,0.0420778,0.0378353,
NonsmoothSqrt,CPUDCTPadded,516,1.289,2.80443e+08,3.56579,8, 0.0778839,,0.0778839,0.0439129,0.0366968,
