function_name, calculator,N,init-time, calc-time, calc-hz, bytes, max-error, blank-column, err1, err2, err3, Blank
Smooth_exp,CPU-DCT-nopad,8,0.001,5212,191865,8, 0.147823,,0.0194662,0.147823,0.124489,
Smooth_exp,CPU-DCT-nopad,12,0.003,10441,95776.3,8, 0.105866,,0.000900493,0.0105911,0.105866,
Smooth_exp,CPU-DCT-nopad,16,0.003,16782,59587.7,8, 0.197138,,3.28036e-05,0.000335868,0.197138,
Smooth_exp,CPU-DCT-nopad,20,0.022,32320,30940.6,8, 0.272742,,4.29048e-07,8.3413e-05,0.272742,
Smooth_exp,CPU-DCT-nopad,24,0.03,116887,8555.27,8, 0.3296,,2.27924e-09,0.000139917,0.3296,
Smooth_exp,CPU-DCT-nopad,28,0.015,94450,10587.6,8, 0.373571,,7.45108e-11,0.000200454,0.373571,
Smooth_exp,CPU-DCT-nopad,32,0.014,72099,13869.8,8, 0.407977,,9.41199e-11,0.000260444,0.407977,
Smooth_exp,CPU-DCT-nopad,36,0.039,133346,7499.29,8, 0.435137,,1.16865e-10,0.000317326,0.435137,
Smooth_exp,CPU-DCT-nopad,40,0.05,158612,6304.69,8, 0.457275,,1.41365e-10,0.00037079,0.457275,
Smooth_exp,CPU-DCT-nopad,44,0.012,223436,4475.55,8, 0.475608,,1.66846e-10,0.000420389,0.475608,
Smooth_exp,CPU-DCT-nopad,48,0.054,389133,2569.82,8, 0.49097,,1.92711e-10,0.000466388,0.49097,
Smooth_exp,CPU-DCT-nopad,52,0.013,286023,3496.22,8, 0.504029,,2.1851e-10,0.00050831,0.504029,
Smooth_exp,CPU-DCT-nopad,56,0.028,347166,2880.47,8, 0.51526,,2.43909e-10,0.000547055,0.51526,
Smooth_exp,CPU-DCT-nopad,60,0.072,329517,3034.74,8, 0.525015,,2.68672e-10,0.00058274,0.525015,
Smooth_exp,CPU-DCT-nopad,64,0.029,296887,3368.28,8, 0.533559,,2.92641e-10,0.000615573,0.533559,
Smooth_exp,CPU-DCT-nopad,68,0.028,621772,1608.31,8, 0.541078,,3.15714e-10,0.000645956,0.541078,
Smooth_exp,CPU-DCT-nopad,72,0.071,544281,1837.29,8, 0.54778,,3.37837e-10,0.000674045,0.54778,
Smooth_exp,CPU-DCT-nopad,76,0.029,780677,1280.94,8, 0.553776,,3.58993e-10,0.000700101,0.553776,
Smooth_exp,CPU-DCT-nopad,80,0.083,674042,1483.59,8, 0.559179,,3.79189e-10,0.000724316,0.559179,
Smooth_exp,CPU-DCT-nopad,84,0.049,662994,1508.31,8, 0.564053,,3.98451e-10,0.000746834,0.564053,
Smooth_exp,CPU-DCT-nopad,88,0.024,712782,1402.95,8, 0.568489,,4.16814e-10,0.000767882,0.568489,
Smooth_exp,CPU-DCT-nopad,92,0.043,2.06518e+06,484.219,8, 0.572539,,4.34324e-10,0.000787493,0.572539,
Smooth_exp,CPU-DCT-nopad,96,0.083,1.00652e+06,993.527,8, 0.576247,,4.51028e-10,0.000805888,0.576247,
Smooth_exp,CPU-DCT-nopad,100,0.057,1.48852e+06,671.809,8, 0.579657,,4.66972e-10,0.000823145,0.579657,
Smooth_exp,CPU-DCT-nopad,104,0.027,1.21464e+06,823.292,8, 0.582818,,4.82203e-10,0.000839354,0.582818,
Smooth_exp,CPU-DCT-nopad,108,0.069,1.31151e+06,762.479,8, 0.585716,,4.96762e-10,0.000854622,0.585716,
Smooth_exp,CPU-DCT-nopad,112,0.05,1.35797e+06,736.393,8, 0.588418,,5.10692e-10,0.000869008,0.588418,
Smooth_exp,CPU-DCT-nopad,116,0.038,2.32479e+06,430.147,8, 0.590932,,5.24025e-10,0.000882605,0.590932,
Smooth_exp,CPU-DCT-nopad,120,0.157,1.28679e+06,777.129,8, 0.593279,,5.36798e-10,0.000895449,0.593279,
Smooth_exp,CPU-DCT-nopad,124,0.065,4.39113e+06,227.732,8, 0.595471,,5.49038e-10,0.000907622,0.595471,
Smooth_exp,CPU-DCT-nopad,128,0.034,1.46075e+06,684.58,8, 0.597526,,5.60775e-10,0.00091917,0.597526,
Smooth_exp,CPU-DCT-nopad,132,0.045,1.98491e+06,503.8,8, 0.599456,,5.72034e-10,0.000930125,0.599456,
Smooth_exp,CPU-DCT-nopad,136,0.074,2.77019e+06,360.986,8, 0.601272,,5.82839e-10,0.000940543,0.601272,
Smooth_exp,CPU-DCT-nopad,140,0.076,2.22988e+06,448.455,8, 0.602981,,5.93213e-10,0.000950461,0.602981,
Smooth_exp,CPU-DCT-nopad,144,0.124,2.23747e+06,446.934,8, 0.604596,,6.03179e-10,0.000959914,0.604596,
Smooth_exp,CPU-DCT-nopad,148,0.053,3.93506e+06,254.126,8, 0.606123,,6.12758e-10,0.000968928,0.606123,
Smooth_exp,CPU-DCT-nopad,152,0.088,3.60634e+06,277.29,8, 0.607568,,6.21971e-10,0.000977542,0.607568,
Smooth_exp,CPU-DCT-nopad,156,0.068,3.14796e+06,317.666,8, 0.608939,,6.30837e-10,0.000985768,0.608939,
Smooth_exp,CPU-DCT-nopad,160,0.09,2.91892e+06,342.592,8, 0.610241,,6.39375e-10,0.000993643,0.610241,
Smooth_exp,CPU-DCT-nopad,164,0.062,5.55359e+06,180.064,8, 0.611479,,6.47603e-10,0.00100119,0.611479,
Smooth_exp,CPU-DCT-nopad,168,0.11,3.18445e+06,314.026,8, 0.612657,,6.55537e-10,0.00100842,0.612657,
Smooth_exp,CPU-DCT-nopad,172,0.107,8.45926e+06,118.214,8, 0.61378,,6.63193e-10,0.00101535,0.61378,
Smooth_exp,CPU-DCT-nopad,176,0.081,3.53604e+06,282.802,8, 0.614852,,6.70585e-10,0.00102201,0.614852,
Smooth_exp,CPU-DCT-nopad,180,0.18,3.52581e+06,283.623,8, 0.615876,,6.77727e-10,0.00102841,0.615876,
Smooth_exp,CPU-DCT-nopad,184,0.084,5.4219e+06,184.437,8, 0.616854,,6.84632e-10,0.00103456,0.616854,
Smooth_exp,CPU-DCT-nopad,188,0.064,7.5572e+06,132.324,8, 0.617791,,6.91309e-10,0.00104049,0.617791,
Smooth_exp,CPU-DCT-nopad,192,0.097,4.30829e+06,232.111,8, 0.618689,,6.9777e-10,0.00104619,0.618689,
Smooth_exp,CPU-DCT-nopad,196,0.055,4.6359e+06,215.708,8, 0.61955,,7.04024e-10,0.00105169,0.61955,
Smooth_exp,CPU-DCT-nopad,200,0.146,4.34936e+06,229.919,8, 0.620375,,7.10081e-10,0.00105699,0.620375,
Smooth_exp,CPU-DCT-nopad,204,0.149,6.41751e+06,155.824,8, 0.621169,,7.15949e-10,0.0010621,0.621169,
Smooth_exp,CPU-DCT-nopad,208,0.061,5.40755e+06,184.927,8, 0.621931,,7.21637e-10,0.00106704,0.621931,
Smooth_exp,CPU-DCT-nopad,212,0.083,1.06137e+07,94.218,8, 0.622664,,7.27152e-10,0.00107181,0.622664,
Smooth_exp,CPU-DCT-nopad,216,0.139,5.64471e+06,177.157,8, 0.62337,,7.32501e-10,0.00107642,0.62337,
Smooth_exp,CPU-DCT-nopad,220,0.134,6.98896e+06,143.083,8, 0.624051,,7.37692e-10,0.00108088,0.624051,
Smooth_exp,CPU-DCT-nopad,224,0.076,5.96946e+06,167.519,8, 0.624706,,7.42732e-10,0.0010852,0.624706,
Smooth_exp,CPU-DCT-nopad,228,0.16,8.27916e+06,120.785,8, 0.625339,,7.47627e-10,0.00108938,0.625339,
Smooth_exp,CPU-DCT-nopad,232,0.105,9.11117e+06,109.755,8, 0.62595,,7.52384e-10,0.00109343,0.62595,
Smooth_exp,CPU-DCT-nopad,236,0.104,1.40056e+07,71.4,8, 0.62654,,7.57008e-10,0.00109735,0.62654,
Smooth_exp,CPU-DCT-nopad,240,0.167,6.57518e+06,152.087,8, 0.627109,,7.61505e-10,0.00110115,0.627109,
Smooth_exp,CPU-DCT-nopad,244,0.111,1.49552e+07,66.8665,8, 0.627661,,7.6588e-10,0.00110484,0.627661,
Smooth_exp,CPU-DCT-nopad,248,0.114,1.07962e+07,92.6255,8, 0.628195,,7.70138e-10,0.00110843,0.628195,
Smooth_exp,CPU-DCT-nopad,252,0.149,7.61237e+06,131.365,8, 0.62871,,7.74284e-10,0.0011119,0.62871,
Smooth_exp,CPU-DCT-nopad,256,0.11,7.79246e+06,128.329,8, 0.62921,,7.78321e-10,0.00111528,0.62921,
Smooth_exp,CPU-DCT-nopad,260,0.123,9.26062e+06,107.984,8, 0.629695,,7.82254e-10,0.00111857,0.629695,
Smooth_exp,CPU-DCT-nopad,264,0.132,8.48705e+06,117.827,8, 0.630164,,7.86088e-10,0.00112176,0.630164,
Smooth_exp,CPU-DCT-nopad,268,0.119,1.91058e+07,52.3401,8, 0.63062,,7.89824e-10,0.00112486,0.63062,
Smooth_exp,CPU-DCT-nopad,272,0.172,1.48886e+07,67.1654,8, 0.631062,,7.93467e-10,0.00112788,0.631062,
Smooth_exp,CPU-DCT-nopad,276,0.177,1.20101e+07,83.2631,8, 0.631491,,7.9702e-10,0.00113082,0.631491,
Smooth_exp,CPU-DCT-nopad,280,0.234,1.14163e+07,87.5944,8, 0.631908,,8.00487e-10,0.00113368,0.631908,
Smooth_exp,CPU-DCT-nopad,284,0.137,2.26887e+07,44.0749,8, 0.632313,,8.0387e-10,0.00113647,0.632313,
Smooth_exp,CPU-DCT-nopad,288,0.161,9.8566e+06,101.455,8, 0.632707,,8.07173e-10,0.00113918,0.632707,
Smooth_exp,CPU-DCT-nopad,292,0.144,2.40629e+07,41.5578,8, 0.63309,,8.10398e-10,0.00114183,0.63309,
Smooth_exp,CPU-DCT-nopad,296,0.178,1.95523e+07,51.1449,8, 0.633462,,8.13547e-10,0.00114441,0.633462,
Smooth_exp,CPU-DCT-nopad,300,0.241,1.02348e+07,97.7057,8, 0.633825,,8.16625e-10,0.00114693,0.633825,
Smooth_exp,CPU-DCT-nopad,304,0.217,1.50501e+07,66.4448,8, 0.634178,,8.19632e-10,0.00114938,0.634178,
Smooth_exp,CPU-DCT-nopad,308,0.142,1.25053e+07,79.9658,8, 0.634521,,8.22573e-10,0.00115178,0.634521,
Smooth_exp,CPU-DCT-nopad,312,0.155,1.1973e+07,83.5213,8, 0.634856,,8.25447e-10,0.00115412,0.634856,
Smooth_exp,CPU-DCT-nopad,316,0.233,3.06767e+07,32.5981,8, 0.635182,,8.28259e-10,0.0011564,0.635182,
Smooth_exp,CPU-DCT-nopad,320,0.19,1.27589e+07,78.3769,8, 0.6355,,8.3101e-10,0.00115863,0.6355,
Smooth_exp,CPU-DCT-nopad,324,0.155,1.27574e+07,78.3856,8, 0.63581,,8.33702e-10,0.00116081,0.63581,
Smooth_exp,CPU-DCT-nopad,328,0.162,2.16271e+07,46.2383,8, 0.636113,,8.36336e-10,0.00116293,0.636113,
Smooth_exp,CPU-DCT-nopad,332,0.196,3.49179e+07,28.6386,8, 0.636408,,8.38915e-10,0.00116502,0.636408,
Smooth_exp,CPU-DCT-nopad,336,0.224,1.39842e+07,71.5091,8, 0.636696,,8.4144e-10,0.00116705,0.636696,
Smooth_exp,CPU-DCT-nopad,340,0.218,1.74345e+07,57.3576,8, 0.636978,,8.43913e-10,0.00116904,0.636978,
Smooth_exp,CPU-DCT-nopad,344,0.227,2.59933e+07,38.4715,8, 0.637252,,8.46334e-10,0.00117098,0.637252,
Smooth_exp,CPU-DCT-nopad,348,0.222,2.37181e+07,42.1619,8, 0.637521,,8.48707e-10,0.00117289,0.637521,
Smooth_exp,CPU-DCT-nopad,352,0.216,1.78842e+07,55.9152,8, 0.637783,,8.51033e-10,0.00117475,0.637783,
Smooth_exp,CPU-DCT-nopad,356,0.276,4.41527e+07,22.6487,8, 0.638039,,8.53312e-10,0.00117657,0.638039,
Smooth_exp,CPU-DCT-nopad,360,0.374,1.86481e+07,53.6247,8, 0.63829,,8.55546e-10,0.00117836,0.63829,
Smooth_exp,CPU-DCT-nopad,364,0.142,2.01632e+07,49.5954,8, 0.638535,,8.57736e-10,0.00118011,0.638535,
Smooth_exp,CPU-DCT-nopad,368,0.232,2.57677e+07,38.8083,8, 0.638775,,8.59885e-10,0.00118182,0.638775,
Smooth_exp,CPU-DCT-nopad,372,0.233,2.77637e+07,36.0183,8, 0.639009,,8.61992e-10,0.0011835,0.639009,
Smooth_exp,CPU-DCT-nopad,376,0.256,3.39646e+07,29.4424,8, 0.639239,,8.6406e-10,0.00118514,0.639239,
Smooth_exp,CPU-DCT-nopad,380,0.24,2.60146e+07,38.44,8, 0.639463,,8.66088e-10,0.00118676,0.639463,
Smooth_exp,CPU-DCT-nopad,384,0.203,2.14069e+07,46.7139,8, 0.639683,,8.6808e-10,0.00118834,0.639683,
Smooth_exp,CPU-DCT-nopad,388,0.331,5.5382e+07,18.0564,8, 0.639899,,8.70034e-10,0.00118989,0.639899,
Smooth_exp,CPU-DCT-nopad,392,0.141,2.24509e+07,44.5417,8, 0.64011,,8.71953e-10,0.0011914,0.64011,
Smooth_exp,CPU-DCT-nopad,396,0.227,2.35619e+07,42.4413,8, 0.640316,,8.73837e-10,0.0011929,0.640316,
Smooth_exp,CPU-DCT-nopad,400,0.278,2.23981e+07,44.6466,8, 0.640519,,8.75688e-10,0.00119436,0.640519,
Smooth_exp,CPU-DCT-nopad,404,0.452,6.24899e+07,16.0026,8, 0.640717,,8.77505e-10,0.00119579,0.640717,
Smooth_exp,CPU-DCT-nopad,408,0.39,2.95331e+07,33.8603,8, 0.640912,,8.7929e-10,0.0011972,0.640912,
Smooth_exp,CPU-DCT-nopad,412,0.384,8.76005e+07,11.4155,8, 0.641103,,8.81044e-10,0.00119858,0.641103,
Smooth_exp,CPU-DCT-nopad,416,0.214,2.601e+07,38.4468,8, 0.64129,,8.82768e-10,0.00119994,0.64129,
Smooth_exp,CPU-DCT-nopad,420,0.364,2.49915e+07,40.0136,8, 0.641473,,8.84462e-10,0.00120127,0.641473,
Smooth_exp,CPU-DCT-nopad,424,0.25,4.57283e+07,21.8683,8, 0.641653,,8.86127e-10,0.00120258,0.641653,
Smooth_exp,CPU-DCT-nopad,428,0.414,7.29801e+07,13.7024,8, 0.64183,,8.87764e-10,0.00120386,0.64183,
Smooth_exp,CPU-DCT-nopad,432,0.219,2.6986e+07,37.0562,8, 0.642004,,8.89374e-10,0.00120513,0.642004,
Smooth_exp,CPU-DCT-nopad,436,0.523,7.67896e+07,13.0226,8, 0.642174,,8.90957e-10,0.00120637,0.642174,
Smooth_exp,CPU-DCT-nopad,440,0.278,2.79073e+07,35.8329,8, 0.642341,,8.92514e-10,0.00120759,0.642341,
Smooth_exp,CPU-DCT-nopad,444,0.332,4.31103e+07,23.1963,8, 0.642505,,8.94045e-10,0.00120878,0.642505,
Smooth_exp,CPU-DCT-nopad,448,0.228,2.90362e+07,34.4398,8, 0.642666,,8.95552e-10,0.00120996,0.642666,
Smooth_exp,CPU-DCT-nopad,452,0.494,8.51257e+07,11.7473,8, 0.642824,,8.97035e-10,0.00121112,0.642824,
Smooth_exp,CPU-DCT-nopad,456,0.414,3.89096e+07,25.7006,8, 0.64298,,8.98494e-10,0.00121226,0.64298,
Smooth_exp,CPU-DCT-nopad,460,0.322,3.96342e+07,25.2308,8, 0.643132,,8.99929e-10,0.00121338,0.643132,
Smooth_exp,CPU-DCT-nopad,464,0.281,5.66652e+07,17.6475,8, 0.643282,,9.01342e-10,0.00121448,0.643282,
Smooth_exp,CPU-DCT-nopad,468,0.28,3.33015e+07,30.0287,8, 0.64343,,9.02734e-10,0.00121556,0.64343,
Smooth_exp,CPU-DCT-nopad,472,0.313,6.02299e+07,16.6031,8, 0.643575,,9.04103e-10,0.00121663,0.643575,
Smooth_exp,CPU-DCT-nopad,476,0.337,5.67647e+07,17.6166,8, 0.643718,,9.05452e-10,0.00121768,0.643718,
Smooth_exp,CPU-DCT-nopad,480,0.325,3.24499e+07,30.8167,8, 0.643858,,9.0678e-10,0.00121871,0.643858,
Smooth_exp,CPU-DCT-nopad,484,0.291,5.14566e+07,19.4338,8, 0.643996,,9.08088e-10,0.00121972,0.643996,
Smooth_exp,CPU-DCT-nopad,488,0.34,6.5727e+07,15.2145,8, 0.644131,,9.09376e-10,0.00122072,0.644131,
Smooth_exp,CPU-DCT-nopad,492,0.366,5.48649e+07,18.2266,8, 0.644264,,9.10645e-10,0.00122171,0.644264,
Smooth_exp,CPU-DCT-nopad,496,0.321,6.55492e+07,15.2557,8, 0.644396,,9.11895e-10,0.00122268,0.644396,
Smooth_exp,CPU-DCT-nopad,500,0.268,3.50371e+07,28.5412,8, 0.644525,,9.13127e-10,0.00122363,0.644525,
Smooth_exp,CPU-DCT-nopad,504,0.402,4.97715e+07,20.0918,8, 0.644652,,9.14341e-10,0.00122457,0.644652,
Smooth_exp,CPU-DCT-nopad,508,0.649,1.38859e+08,7.20154,8, 0.644777,,9.15538e-10,0.00122549,0.644777,
Smooth_exp,CPU-DCT-nopad,512,0.24,4.9224e+07,20.3153,8, 0.6449,,9.16717e-10,0.00122641,0.6449,
Smooth_exp,CPU-DCT-nopad,516,0.422,7.8778e+07,12.6939,8, 0.645021,,9.17879e-10,0.0012273,0.645021,
