function_name, calculator,N,init_time, calc_time, calc_hz, bytes, max_error, blank_column, err1, err2, err3, Blank
Smooth_runge,linear interp; CPU Sparse Matrix   ,8,0.024,1.55291e+06,643.952,8, 0.432059,,0.432059,0.224373,0.302186,
Smooth_runge,linear interp; CPU Sparse Matrix   ,12,0.018,20673,48372.3,8, 0.285866,,0.285866,0.14927,0.214222,
Smooth_runge,linear interp; CPU Sparse Matrix   ,16,0.032,37589,26603.5,8, 0.205543,,0.205543,0.081655,0.103433,
Smooth_runge,linear interp; CPU Sparse Matrix   ,20,0.031,51749,19324,8, 0.119723,,0.119723,0.060917,0.0735326,
Smooth_runge,linear interp; CPU Sparse Matrix   ,24,0.038,59264,16873.7,8, 0.0883812,,0.0692912,0.0476476,0.0883812,
Smooth_runge,linear interp; CPU Sparse Matrix   ,28,0.042,85479,11698.8,8, 0.0773586,,0.030893,0.0399958,0.0773586,
Smooth_runge,linear interp; CPU Sparse Matrix   ,32,0.032,112895,8857.79,8, 0.0366868,,0.00820786,0.0357729,0.0366868,
Smooth_runge,linear interp; CPU Sparse Matrix   ,36,0.057,155276,6440.15,8, 0.050199,,0.050199,0.0322617,0.0271706,
Smooth_runge,linear interp; CPU Sparse Matrix   ,40,0.009,207798,4812.37,8, 0.0534612,,0.0534612,0.0275507,0.0353998,
Smooth_runge,linear interp; CPU Sparse Matrix   ,44,0.05,255597,3912.41,8, 0.0460506,,0.0460506,0.0243438,0.02475,
Smooth_runge,linear interp; CPU Sparse Matrix   ,48,0.043,292644,3417.12,8, 0.0348605,,0.0348605,0.0195733,0.0240218,
Smooth_runge,linear interp; CPU Sparse Matrix   ,52,0.024,436112,2292.99,8, 0.0221158,,0.0221158,0.0133747,0.0115037,
Smooth_runge,linear interp; CPU Sparse Matrix   ,56,0.078,531939,1879.91,8, 0.0175601,,0.01118,0.00868197,0.0175601,
Smooth_runge,linear interp; CPU Sparse Matrix   ,60,0.037,647921,1543.4,8, 0.019834,,0.00363956,0.0133936,0.019834,
Smooth_runge,linear interp; CPU Sparse Matrix   ,64,0.057,762099,1312.17,8, 0.0235329,,0.00753415,0.0189605,0.0235329,
Smooth_runge,linear interp; CPU Sparse Matrix   ,68,0.122,863961,1157.46,8, 0.0153188,,0.0153188,0.0151547,0.00890278,
Smooth_runge,linear interp; CPU Sparse Matrix   ,72,0.159,989927,1010.18,8, 0.019529,,0.019529,0.0115619,0.00864416,
Smooth_runge,linear interp; CPU Sparse Matrix   ,76,0.195,1.15072e+06,869.021,8, 0.0173541,,0.0173541,0.00850902,0.0135008,
Smooth_runge,linear interp; CPU Sparse Matrix   ,80,0.206,1.343e+06,744.604,8, 0.0135491,,0.0135491,0.00623866,0.00575216,
Smooth_runge,linear interp; CPU Sparse Matrix   ,84,0.115,7.21292e+06,138.64,8, 0.00922544,,0.00898756,0.00422385,0.00922544,
Smooth_runge,linear interp; CPU Sparse Matrix   ,88,0.119,1.72014e+06,581.349,8, 0.00440038,,0.00425443,0.00302929,0.00440038,
Smooth_runge,linear interp; CPU Sparse Matrix   ,92,0.134,1.97084e+06,507.398,8, 0.00871619,,0.00155323,0.00325617,0.00871619,
Smooth_runge,linear interp; CPU Sparse Matrix   ,96,0.248,2.24105e+06,446.22,8, 0.00816514,,0.00577384,0.00348037,0.00816514,
Smooth_runge,linear interp; CPU Sparse Matrix   ,100,0.173,2.54294e+06,393.246,8, 0.0113479,,0.00729691,0.00409956,0.0113479,
Smooth_runge,linear interp; CPU Sparse Matrix   ,104,0.183,2.89461e+06,345.47,8, 0.00990732,,0.00990732,0.00459606,0.00349419,
Smooth_runge,linear interp; CPU Sparse Matrix   ,108,0.241,3.22862e+06,309.73,8, 0.00939807,,0.00939807,0.00491225,0.00515803,
Smooth_runge,linear interp; CPU Sparse Matrix   ,112,0.374,3.5915e+06,278.436,8, 0.00761146,,0.00761146,0.00508275,0.00750645,
Smooth_runge,linear interp; CPU Sparse Matrix   ,116,0.442,3.97885e+06,251.329,8, 0.00523055,,0.00523055,0.00512616,0.00322273,
Smooth_runge,linear interp; CPU Sparse Matrix   ,120,0.293,2.28292e+07,43.8035,8, 0.0048085,,0.0021043,0.0048085,0.00459518,
Smooth_runge,linear interp; CPU Sparse Matrix   ,124,0.498,5.01254e+06,199.5,8, 0.00426617,,0.0011978,0.00426617,0.00245765,
Smooth_runge,linear interp; CPU Sparse Matrix   ,128,0.338,5.25513e+06,190.29,8, 0.00553994,,0.00443754,0.00357543,0.00553994,
Smooth_runge,linear interp; CPU Sparse Matrix   ,132,0.416,5.97389e+06,167.395,8, 0.00433537,,0.00433537,0.00248409,0.00421362,
Smooth_runge,linear interp; CPU Sparse Matrix   ,136,0.425,6.54572e+06,152.771,8, 0.00660217,,0.00626019,0.00149219,0.00660217,
Smooth_runge,linear interp; CPU Sparse Matrix   ,140,0.828,6.97007e+06,143.47,8, 0.00608275,,0.00608275,0.00351641,0.00170884,
Smooth_runge,linear interp; CPU Sparse Matrix   ,144,0.674,7.50844e+06,133.184,8, 0.0056525,,0.00497444,0.0056525,0.00361101,
Smooth_runge,linear interp; CPU Sparse Matrix   ,148,0.766,8.22336e+06,121.605,8, 0.00459012,,0.00320378,0.00440781,0.00459012,
Smooth_runge,linear interp; CPU Sparse Matrix   ,152,0.595,8.85341e+06,112.951,8, 0.00498026,,0.00116562,0.00346674,0.00498026,
Smooth_runge,linear interp; CPU Sparse Matrix   ,156,0.911,9.52141e+06,105.026,8, 0.00264603,,0.00106447,0.00262677,0.00264603,
Smooth_runge,linear interp; CPU Sparse Matrix   ,160,0.668,1.13326e+07,88.2412,8, 0.00337101,,0.00337101,0.0019221,0.00191206,
Smooth_runge,linear interp; CPU Sparse Matrix   ,164,0.695,1.57434e+07,63.5187,8, 0.00390604,,0.00289886,0.0013356,0.00390604,
Smooth_runge,linear interp; CPU Sparse Matrix   ,168,0.782,1.20122e+07,83.249,8, 0.00428979,,0.00428979,0.000868733,0.00227606,
Smooth_runge,linear interp; CPU Sparse Matrix   ,172,1.144,1.553e+07,64.3916,8, 0.00425912,,0.00425912,0.000909053,0.00415958,
Smooth_runge,linear interp; CPU Sparse Matrix   ,176,0.906,1.36735e+07,73.1343,8, 0.003458,,0.003458,0.00126089,0.00105267,
Smooth_runge,linear interp; CPU Sparse Matrix   ,180,1.191,1.46124e+07,68.4351,8, 0.00281266,,0.00225295,0.00160294,0.00281266,
Smooth_runge,linear interp; CPU Sparse Matrix   ,184,1.26,1.60495e+07,62.3074,8, 0.00313482,,0.000772253,0.0018928,0.00313482,
Smooth_runge,linear interp; CPU Sparse Matrix   ,188,1.13,1.97078e+07,50.7412,8, 0.00551628,,0.000911427,0.00209643,0.00551628,
Smooth_runge,linear interp; CPU Sparse Matrix   ,192,1.578,1.76282e+07,56.7274,8, 0.0027716,,0.0027716,0.00218443,0.00158556,
Smooth_runge,linear interp; CPU Sparse Matrix   ,196,1.721,1.89996e+07,52.6328,8, 0.00219851,,0.00202989,0.00219851,0.00161431,
Smooth_runge,linear interp; CPU Sparse Matrix   ,200,1.233,2.20966e+07,45.2558,8, 0.00318144,,0.00318144,0.00211907,0.00291376,
Smooth_runge,linear interp; CPU Sparse Matrix   ,204,1.671,2.16393e+07,46.2123,8, 0.00321421,,0.00321421,0.00190291,0.00113044,
Smooth_runge,linear interp; CPU Sparse Matrix   ,208,2.098,2.31524e+07,43.192,8, 0.00276197,,0.00260704,0.00159086,0.00276197,
Smooth_runge,linear interp; CPU Sparse Matrix   ,212,2.095,2.39935e+07,41.678,8, 0.00166349,,0.00166349,0.00108249,0.000709688,
Smooth_runge,linear interp; CPU Sparse Matrix   ,216,1.561,2.7138e+07,36.8487,8, 0.00224431,,0.000514808,0.000530875,0.00224431,
Smooth_runge,linear interp; CPU Sparse Matrix   ,220,1.925,2.79363e+07,35.7957,8, 0.00220429,,0.000845662,0.00175079,0.00220429,
Smooth_runge,linear interp; CPU Sparse Matrix   ,224,1.686,2.86565e+07,34.896,8, 0.00390018,,0.00228669,0.00294973,0.00390018,
Smooth_runge,linear interp; CPU Sparse Matrix   ,228,2.344,3.01942e+07,33.1189,8, 0.00232871,,0.00155642,0.00232871,0.000988197,
Smooth_runge,linear interp; CPU Sparse Matrix   ,232,2.354,3.578e+07,27.9486,8, 0.002497,,0.002497,0.00180997,0.00142729,
Smooth_runge,linear interp; CPU Sparse Matrix   ,236,2.533,3.35704e+07,29.7881,8, 0.00247941,,0.00247941,0.00135309,0.00225144,
Smooth_runge,linear interp; CPU Sparse Matrix   ,240,2.605,3.55923e+07,28.096,8, 0.00201877,,0.00201877,0.000950235,0.000525646,
Smooth_runge,linear interp; CPU Sparse Matrix   ,244,2.124,3.64279e+07,27.4515,8, 0.00186855,,0.00129426,0.000611704,0.00186855,
Smooth_runge,linear interp; CPU Sparse Matrix   ,248,2.221,3.77247e+07,26.5079,8, 0.000587973,,0.000362308,0.000400942,0.000587973,
Smooth_runge,linear interp; CPU Sparse Matrix   ,252,3.138,3.98024e+07,25.1241,8, 0.00186606,,0.000727602,0.000434176,0.00186606,
Smooth_runge,linear interp; CPU Sparse Matrix   ,256,2.51,4.38502e+07,22.8049,8, 0.00192341,,0.00192341,0.000682973,0.00155752,
Smooth_runge,linear interp; CPU Sparse Matrix   ,260,2.586,4.44047e+07,22.5201,8, 0.00282965,,0.00121057,0.000891147,0.00282965,
Smooth_runge,linear interp; CPU Sparse Matrix   ,264,2.642,4.6783e+07,21.3753,8, 0.0019802,,0.0019802,0.00105739,0.000606856,
Smooth_runge,linear interp; CPU Sparse Matrix   ,268,3.96,4.88242e+07,20.4816,8, 0.00199643,,0.00199643,0.00118549,0.00128018,
Smooth_runge,linear interp; CPU Sparse Matrix   ,272,3.827,5.48789e+07,18.2219,8, 0.00177989,,0.00165053,0.00126205,0.00177989,
Smooth_runge,linear interp; CPU Sparse Matrix   ,276,4.213,5.35089e+07,18.6885,8, 0.00128871,,0.00104961,0.00128871,0.000789079,
Smooth_runge,linear interp; CPU Sparse Matrix   ,280,4.379,5.47562e+07,18.2628,8, 0.00127639,,0.000262634,0.0012492,0.00127639,
Smooth_runge,linear interp; CPU Sparse Matrix   ,284,3.164,6.01034e+07,16.638,8, 0.00113175,,0.000661296,0.00113175,0.000632443,
Smooth_runge,linear interp; CPU Sparse Matrix   ,288,3.421,5.95692e+07,16.7872,8, 0.00165465,,0.00165465,0.000938423,0.00157297,
Smooth_runge,linear interp; CPU Sparse Matrix   ,292,3.523,6.14271e+07,16.2795,8, 0.00107352,,0.000971859,0.00063374,0.00107352,
Smooth_runge,linear interp; CPU Sparse Matrix   ,296,3.647,6.73203e+07,14.8544,8, 0.00209722,,0.00164777,0.000297894,0.00209722,
Smooth_runge,linear interp; CPU Sparse Matrix   ,300,3.764,6.6571e+07,15.0216,8, 0.00166117,,0.00166117,0.00108982,0.00038285,
Smooth_runge,linear interp; CPU Sparse Matrix   ,304,4.023,6.97243e+07,14.3422,8, 0.00187826,,0.00136507,0.00187826,0.00116132,
Smooth_runge,linear interp; CPU Sparse Matrix   ,308,4.072,7.53433e+07,13.2726,8, 0.00148782,,0.00083893,0.00148782,0.00142314,
Smooth_runge,linear interp; CPU Sparse Matrix   ,312,4.242,7.53482e+07,13.2717,8, 0.00176245,,0.000198898,0.00113118,0.00176245,
Smooth_runge,linear interp; CPU Sparse Matrix   ,316,4.396,7.86071e+07,12.7215,8, 0.000872132,,0.000578172,0.000847444,0.000872132,
Smooth_runge,linear interp; CPU Sparse Matrix   ,320,4.463,8.00068e+07,12.4989,8, 0.00143497,,0.00143497,0.000595166,0.00064299,
Smooth_runge,linear interp; CPU Sparse Matrix   ,324,4.8,9.18578e+07,10.8864,8, 0.00134848,,0.000802797,0.000384324,0.00134848,
Smooth_runge,linear interp; CPU Sparse Matrix   ,328,4.819,8.74623e+07,11.4335,8, 0.00137287,,0.00137287,0.000249146,0.000686689,
Smooth_runge,linear interp; CPU Sparse Matrix   ,332,4.965,9.02278e+07,11.0831,8, 0.0015647,,0.00139718,0.00027448,0.0015647,
Smooth_runge,linear interp; CPU Sparse Matrix   ,336,5.171,9.7181e+07,10.2901,8, 0.00114398,,0.00114398,0.000444691,0.000263031,
Smooth_runge,linear interp; CPU Sparse Matrix   ,340,5.434,1.04818e+08,9.5403,8, 0.00105653,,0.00070938,0.000592122,0.00105653,
Smooth_runge,linear interp; CPU Sparse Matrix   ,344,5.628,1.01114e+08,9.88985,8, 0.00114941,,0.000155773,0.000705413,0.00114941,
Smooth_runge,linear interp; CPU Sparse Matrix   ,348,5.65,1.03039e+08,9.70503,8, 0.00224125,,0.000524642,0.000792946,0.00224125,
Smooth_runge,linear interp; CPU Sparse Matrix   ,352,5.952,1.08794e+08,9.19169,8, 0.00127777,,0.00127777,0.000846581,0.000581465,
Smooth_runge,linear interp; CPU Sparse Matrix   ,356,6.339,1.11335e+08,8.9819,8, 0.000860093,,0.000672142,0.000860093,0.000652314,
Smooth_runge,linear interp; CPU Sparse Matrix   ,360,6.506,1.18347e+08,8.44975,8, 0.0011762,,0.0011762,0.00083456,0.00116273,
Smooth_runge,linear interp; CPU Sparse Matrix   ,364,6.647,1.18267e+08,8.45547,8, 0.00120475,,0.00120475,0.000762619,0.00035986,
Smooth_runge,linear interp; CPU Sparse Matrix   ,368,6.944,1.20894e+08,8.27173,8, 0.00117552,,0.000982394,0.000631365,0.00117552,
Smooth_runge,linear interp; CPU Sparse Matrix   ,372,7.113,1.23977e+08,8.06604,8, 0.00060115,,0.00060115,0.000423416,0.000229643,
Smooth_runge,linear interp; CPU Sparse Matrix   ,376,7.267,1.28684e+08,7.77097,8, 0.000959579,,0.000122947,0.000177622,0.000959579,
Smooth_runge,linear interp; CPU Sparse Matrix   ,380,7.465,1.33082e+08,7.51415,8, 0.000909228,,0.000483367,0.000765875,0.000909228,
Smooth_runge,linear interp; CPU Sparse Matrix   ,384,7.709,1.36647e+08,7.31813,8, 0.00176248,,0.00113277,0.00132441,0.00176248,
Smooth_runge,linear interp; CPU Sparse Matrix   ,388,8.251,9.9514e+07,10.0488,8, 0.00105416,,0.000584263,0.00105416,0.000390481,
Smooth_runge,linear interp; CPU Sparse Matrix   ,392,8.105,1.47945e+08,6.75929,8, 0.00102021,,0.00102021,0.000806072,0.000640023,
Smooth_runge,linear interp; CPU Sparse Matrix   ,396,8.499,1.49152e+08,6.70456,8, 0.00104105,,0.00104105,0.000596713,0.00100144,
Smooth_runge,linear interp; CPU Sparse Matrix   ,400,8.61,1.5334e+08,6.52144,8, 0.000849583,,0.000849583,0.000411627,0.000198362,
Smooth_runge,linear interp; CPU Sparse Matrix   ,404,8.907,1.65701e+08,6.03498,8, 0.000878486,,0.000519432,0.000255567,0.000878486,
Smooth_runge,linear interp; CPU Sparse Matrix   ,408,9.133,1.64509e+08,6.07868,8, 0.000267262,,9.90989e-05,0.000161627,0.000267262,
Smooth_runge,linear interp; CPU Sparse Matrix   ,412,9.434,1.26276e+08,7.91917,8, 0.000874908,,0.000435059,0.000190294,0.000874908,
Smooth_runge,linear interp; CPU Sparse Matrix   ,416,9.461,1.82175e+08,5.48921,8, 0.00101565,,0.00101565,0.000313921,0.000704889,
Smooth_runge,linear interp; CPU Sparse Matrix   ,420,9.807,1.79384e+08,5.57463,8, 0.00139321,,0.000498701,0.00042323,0.00139321,
Smooth_runge,linear interp; CPU Sparse Matrix   ,424,10.631,1.86268e+08,5.36861,8, 0.00088809,,0.00088809,0.000510654,0.000261951,
Smooth_runge,linear interp; CPU Sparse Matrix   ,428,10.739,1.94983e+08,5.12865,8, 0.0009183,,0.0009183,0.000577482,0.000626945,
Smooth_runge,linear interp; CPU Sparse Matrix   ,432,10.598,1.95908e+08,5.10443,8, 0.000864883,,0.000752764,0.000617063,0.000864883,
Smooth_runge,linear interp; CPU Sparse Matrix   ,436,11.483,2.00406e+08,4.98986,8, 0.000630972,,0.000456851,0.000630972,0.000410511,
Smooth_runge,linear interp; CPU Sparse Matrix   ,440,11.339,2.06649e+08,4.83912,8, 0.000647154,,8.21953e-05,0.000613942,0.000647154,
Smooth_runge,linear interp; CPU Sparse Matrix   ,444,11.506,2.21687e+08,4.51086,8, 0.000561218,,0.000401428,0.000561218,0.000312127,
Smooth_runge,linear interp; CPU Sparse Matrix   ,448,11.875,2.18025e+08,4.58662,8, 0.000921376,,0.000921376,0.000461486,0.000798831,
Smooth_runge,linear interp; CPU Sparse Matrix   ,452,12.292,2.26048e+08,4.42384,8, 0.000520753,,0.00043686,0.000303895,0.000520753,
Smooth_runge,linear interp; CPU Sparse Matrix   ,456,13.22,2.34335e+08,4.26739,8, 0.00110328,,0.000792861,0.000132413,0.00110328,
Smooth_runge,linear interp; CPU Sparse Matrix   ,460,13.432,2.37965e+08,4.20229,8, 0.000816378,,0.000816378,0.000578661,0.000167583,
Smooth_runge,linear interp; CPU Sparse Matrix   ,464,13.609,2.44655e+08,4.08739,8, 0.00100114,,0.000662725,0.00100114,0.000606548,
Smooth_runge,linear interp; CPU Sparse Matrix   ,468,14.301,2.29812e+08,4.35138,8, 0.00079692,,0.000396445,0.00079692,0.000738251,
Smooth_runge,linear interp; CPU Sparse Matrix   ,472,14.714,2.57184e+08,3.88827,8, 0.000962097,,6.82667e-05,0.000608078,0.000962097,
Smooth_runge,linear interp; CPU Sparse Matrix   ,476,14.634,2.63279e+08,3.79825,8, 0.000469909,,0.000364993,0.0004432,0.000469909,
Smooth_runge,linear interp; CPU Sparse Matrix   ,480,15.069,2.67107e+08,3.74382,8, 0.000837292,,0.000837292,0.00030573,0.000344638,
Smooth_runge,linear interp; CPU Sparse Matrix   ,484,15.98,2.77072e+08,3.60917,8, 0.000724358,,0.000385308,0.000189047,0.000724358,
Smooth_runge,linear interp; CPU Sparse Matrix   ,488,15.82,2.79612e+08,3.57639,8, 0.000706032,,0.000706032,0.000114472,0.000348121,
Smooth_runge,linear interp; CPU Sparse Matrix   ,492,17.275,2.92499e+08,3.41882,8, 0.000871467,,0.000726408,0.00014271,0.000871467,
Smooth_runge,linear interp; CPU Sparse Matrix   ,496,16.932,2.98391e+08,3.35131,8, 0.000592698,,0.000592698,0.000238589,0.000131884,
Smooth_runge,linear interp; CPU Sparse Matrix   ,500,19.574,3.08971e+08,3.23655,8, 0.000585676,,0.000357083,0.000323723,0.000585676,
Smooth_runge,linear interp; CPU Sparse Matrix   ,504,18.112,3.22055e+08,3.10506,8, 0.000626377,,5.69981e-05,0.000390362,0.000626377,
Smooth_runge,linear interp; CPU Sparse Matrix   ,508,18.275,3.33077e+08,3.00231,8, 0.00128015,,0.000340659,0.000442214,0.00128015,
Smooth_runge,linear interp; CPU Sparse Matrix   ,512,18.717,3.25279e+08,3.07428,8, 0.00077083,,0.00077083,0.000473964,0.000328687,
Smooth_runge,linear interp; CPU Sparse Matrix   ,516,18.917,3.35041e+08,2.98471,8, 0.000485066,,0.000344146,0.000485066,0.000367724,
