functionName, calculator,N,initTime, calcTime, calcHz, bytes, maxError, blankColumn, err1, err2, err3, Blank
SmoothPoly,GPUBicubicSparse,8,0.159,406118,2462.34,8, 0.0100547,,0.00243827,0.00865959,0.0100547,
SmoothPoly,GPUBicubicSparse,12,0.011,152934,6538.77,8, 0.014388,,0.00488779,0.00563779,0.014388,
SmoothPoly,GPUBicubicSparse,16,0.027,217832,4590.69,8, 0.00727065,,0.00650551,0.00338896,0.00727065,
SmoothPoly,GPUBicubicSparse,20,0.057,293553,3406.54,8, 0.00729605,,0.00729605,0.00203083,0.00180863,
SmoothPoly,GPUBicubicSparse,24,0.135,453777,2203.73,8, 0.00725853,,0.00725853,0.00119764,0.0035986,
SmoothPoly,GPUBicubicSparse,28,0.176,563876,1773.44,8, 0.00639196,,0.00639196,0.000678669,0.00509596,
SmoothPoly,GPUBicubicSparse,32,0.278,743214,1345.51,8, 0.00469558,,0.00469558,0.000357428,0.00290737,
SmoothPoly,GPUBicubicSparse,36,0.484,869899,1149.56,8, 0.00242076,,0.00242076,0.000301629,0.000805228,
SmoothPoly,GPUBicubicSparse,40,0.648,1.04169e+06,959.98,8, 0.00181098,,0.000621669,0.000554452,0.00181098,
SmoothPoly,GPUBicubicSparse,44,0.785,1.15016e+06,869.448,8, 0.00271325,,0.000866323,0.000791392,0.00271325,
SmoothPoly,GPUBicubicSparse,48,1.083,1.35544e+06,737.768,8, 0.00163864,,0.00141237,0.00095947,0.00163864,
SmoothPoly,GPUBicubicSparse,52,1.402,1.53492e+06,651.499,8, 0.00187208,,0.00187208,0.00103223,0.000476414,
SmoothPoly,GPUBicubicSparse,56,1.766,1.67212e+06,598.044,8, 0.00212889,,0.00212889,0.00101287,0.00112828,
SmoothPoly,GPUBicubicSparse,60,2.216,1.85548e+06,538.943,8, 0.00208587,,0.00208587,0.000937658,0.00173966,
SmoothPoly,GPUBicubicSparse,64,2.706,2.11447e+06,472.932,8, 0.00166319,,0.00166319,0.00083155,0.00108196,
SmoothPoly,GPUBicubicSparse,68,3.21,2.42746e+06,411.953,8, 0.000896166,,0.000896166,0.000711428,0.000322908,
SmoothPoly,GPUBicubicSparse,72,4.108,3.11985e+06,320.528,8, 0.000787148,,0.000200981,0.000588686,0.000787148,
SmoothPoly,GPUBicubicSparse,76,4.629,3.51195e+06,284.742,8, 0.0012346,,0.000390663,0.00047093,0.0012346,
SmoothPoly,GPUBicubicSparse,80,5.17,3.66469e+06,272.874,8, 0.000781632,,0.000668792,0.000363107,0.000781632,
SmoothPoly,GPUBicubicSparse,84,6.169,4.08655e+06,244.705,8, 0.000925071,,0.000925071,0.000268263,0.000237111,
SmoothPoly,GPUBicubicSparse,88,7.106,4.35074e+06,229.846,8, 0.00109216,,0.00109216,0.000188056,0.000588739,
SmoothPoly,GPUBicubicSparse,92,8.119,4.81818e+06,207.547,8, 0.00110577,,0.00110577,0.000123115,0.000933895,
SmoothPoly,GPUBicubicSparse,96,9.171,5.22202e+06,191.497,8, 0.000906248,,0.000906248,7.32764e-05,0.000598345,
SmoothPoly,GPUBicubicSparse,100,11.032,5.73204e+06,174.458,8, 0.000496392,,0.000496392,6.82788e-05,0.00018354,
SmoothPoly,GPUBicubicSparse,104,12.402,6.12767e+06,163.194,8, 0.00046157,,0.000117636,0.000139789,0.00046157,
SmoothPoly,GPUBicubicSparse,108,14.619,6.50685e+06,153.684,8, 0.000738055,,0.000232711,0.000215105,0.000738055,
SmoothPoly,GPUBicubicSparse,112,15.566,7.14661e+06,139.927,8, 0.000476923,,0.000406792,0.000279402,0.000476923,
SmoothPoly,GPUBicubicSparse,116,17.257,7.64612e+06,130.785,8, 0.000573542,,0.000573542,0.000319943,0.000147478,
SmoothPoly,GPUBicubicSparse,120,19.702,8.34822e+06,119.786,8, 0.000689095,,0.000689095,0.000332168,0.000374366,
SmoothPoly,GPUBicubicSparse,124,21.94,8.89495e+06,112.423,8, 0.00070884,,0.00070884,0.000323646,0.000602201,
SmoothPoly,GPUBicubicSparse,128,23.549,9.39781e+06,106.408,8, 0.00058898,,0.00058898,0.00030071,0.000391642,
SmoothPoly,GPUBicubicSparse,132,27.258,1.03834e+07,96.3076,8, 0.000325404,,0.000325404,0.000268465,0.000121848,
SmoothPoly,GPUBicubicSparse,136,26.768,1.10295e+07,90.6656,8, 0.000311523,,8.28323e-05,0.000231,0.000311523,
SmoothPoly,GPUBicubicSparse,140,28.298,1.17849e+07,84.8544,8, 0.000503444,,0.000158429,0.000191567,0.000503444,
SmoothPoly,GPUBicubicSparse,144,31.137,1.28658e+07,77.7256,8, 0.000329052,,0.000280173,0.000152704,0.000329052,
SmoothPoly,GPUBicubicSparse,148,35.18,1.35598e+07,73.7474,8, 0.000399331,,0.000399331,0.000116353,0.000102865,
SmoothPoly,GPUBicubicSparse,152,37.928,1.43921e+07,69.4824,8, 0.000484664,,0.000484664,8.39364e-05,0.000264481,
SmoothPoly,GPUBicubicSparse,156,41.277,1.54132e+07,64.8794,8, 0.00050322,,0.00050322,5.64365e-05,0.000428987,
SmoothPoly,GPUBicubicSparse,160,45.993,1.63416e+07,61.1935,8, 0.000421606,,0.000421606,3.44459e-05,0.00028151,
SmoothPoly,GPUBicubicSparse,164,50.943,1.76179e+07,56.7605,8, 0.000234151,,0.000234151,3.27711e-05,8.8352e-05,
SmoothPoly,GPUBicubicSparse,168,53.122,1.92174e+07,52.0361,8, 0.000228193,,6.20082e-05,6.89363e-05,0.000228193,
SmoothPoly,GPUBicubicSparse,172,57.889,2.01154e+07,49.7131,8, 0.000371255,,0.000116687,0.000108172,0.000371255,
SmoothPoly,GPUBicubicSparse,176,63.124,2.16236e+07,46.2459,8, 0.000244424,,0.000207897,0.000143207,0.000244424,
SmoothPoly,GPUBicubicSparse,180,68.281,2.31841e+07,43.133,8, 0.000298366,,0.000298366,0.000166982,7.69587e-05,
SmoothPoly,GPUBicubicSparse,184,72.752,2.38489e+07,41.9306,8, 0.000364534,,0.000364534,0.000176384,0.000199505,
SmoothPoly,GPUBicubicSparse,188,76.483,2.576e+07,38.8199,8, 0.000380823,,0.000380823,0.000174702,0.000325394,
SmoothPoly,GPUBicubicSparse,192,83.219,2.63422e+07,37.9618,8, 0.000320809,,0.000320809,0.000164873,0.000214816,
SmoothPoly,GPUBicubicSparse,196,89.393,2.85802e+07,34.9893,8, 0.000178816,,0.000178816,0.000149391,6.78158e-05,
SmoothPoly,GPUBicubicSparse,200,96.601,3.1321e+07,31.9274,8, 0.000176359,,4.85142e-05,0.000130366,0.000176359,
SmoothPoly,GPUBicubicSparse,204,102.873,3.62469e+07,27.5886,8, 0.000288233,,9.05177e-05,0.000109574,0.000288233,
SmoothPoly,GPUBicubicSparse,208,109.549,3.57833e+07,27.946,8, 0.000190726,,0.000162087,8.84731e-05,0.000190726,
SmoothPoly,GPUBicubicSparse,212,117.217,3.74248e+07,26.7202,8, 0.000233777,,0.000233777,6.8241e-05,6.03474e-05,
SmoothPoly,GPUBicubicSparse,216,125.19,4.02913e+07,24.8193,8, 0.000286944,,0.000286944,4.98113e-05,0.000157386,
SmoothPoly,GPUBicubicSparse,220,133.247,4.45878e+07,22.4276,8, 0.000301091,,0.000301091,3.38761e-05,0.000257652,
SmoothPoly,GPUBicubicSparse,224,143.59,4.4626e+07,22.4085,8, 0.000254612,,0.000254612,2.08913e-05,0.000170829,
