functionName, calculator,N,initTime, calcTime, calcHz, bytes, maxError, blankColumn, err1, err2, err3, Blank
NonsmoothSqrt,CPUBicubicSparse,8,0.014,122841,8140.6,8, 0.0117411,,0.0117411,0.00783483,0.00459801,
NonsmoothSqrt,CPUBicubicSparse,12,0.007,49078,20375.7,8, 0.0107646,,0.0107646,0.00568572,0.0044395,
NonsmoothSqrt,CPUBicubicSparse,16,0.033,94057,10631.9,8, 0.00893795,,0.00893795,0.0021003,0.0012635,
NonsmoothSqrt,CPUBicubicSparse,20,0.031,150558,6641.96,8, 0.0108805,,0.0108805,0.0024351,0.00134125,
NonsmoothSqrt,CPUBicubicSparse,24,0.042,210661,4746.96,8, 0.00611345,,0.00611345,0.00115072,0.000596744,
NonsmoothSqrt,CPUBicubicSparse,28,0.061,319965,3125.34,8, 0.00487252,,0.00487252,0.000876032,0.000487676,
NonsmoothSqrt,CPUBicubicSparse,32,0.054,460137,2173.27,8, 0.00627035,,0.00627035,0.000980908,0.000742116,
NonsmoothSqrt,CPUBicubicSparse,36,0.093,747952,1336.98,8, 0.00240367,,0.00240367,0.000583817,0.000344577,
NonsmoothSqrt,CPUBicubicSparse,40,0.123,1.10567e+06,904.427,8, 0.0025615,,0.0025615,0.00074166,0.000487759,
NonsmoothSqrt,CPUBicubicSparse,44,0.109,1.35384e+06,738.639,8, 0.00207996,,0.00207996,0.000434625,0.000261038,
NonsmoothSqrt,CPUBicubicSparse,48,0.156,1.8773e+06,532.679,8, 0.00179864,,0.00179864,0.000367257,0.000239147,
NonsmoothSqrt,CPUBicubicSparse,52,0.173,2.42451e+06,412.455,8, 0.00326959,,0.00326959,0.000526266,0.000331365,
NonsmoothSqrt,CPUBicubicSparse,56,0.21,2.8279e+06,353.62,8, 0.00206264,,0.00206264,0.000294471,0.000183813,
NonsmoothSqrt,CPUBicubicSparse,60,0.204,3.55089e+06,281.62,8, 0.0024185,,0.0024185,0.000432113,0.00026585,
NonsmoothSqrt,CPUBicubicSparse,64,0.295,4.11066e+06,243.27,8, 0.00137381,,0.00137381,0.000266311,0.000152524,
NonsmoothSqrt,CPUBicubicSparse,68,0.306,9.06114e+06,110.361,8, 0.00120535,,0.00120535,0.000236098,0.000144757,
NonsmoothSqrt,CPUBicubicSparse,72,0.353,6.34172e+06,157.686,8, 0.00163747,,0.00163747,0.000348369,0.00020678,
NonsmoothSqrt,CPUBicubicSparse,76,0.464,6.69058e+06,149.464,8, 0.00112632,,0.00112632,0.000184246,0.000116804,
NonsmoothSqrt,CPUBicubicSparse,80,0.464,8.71974e+06,114.682,8, 0.00166731,,0.00166731,0.000287873,0.00019076,
NonsmoothSqrt,CPUBicubicSparse,84,0.547,8.99642e+06,111.155,8, 0.000963507,,0.000963507,0.000164043,0.00010506,
NonsmoothSqrt,CPUBicubicSparse,88,0.625,1.19458e+07,83.7112,8, 0.000976907,,0.000976907,0.000159824,9.30132e-05,
NonsmoothSqrt,CPUBicubicSparse,92,0.643,1.7556e+07,56.9607,8, 0.00128002,,0.00128002,0.00022596,0.000146604,
NonsmoothSqrt,CPUBicubicSparse,96,0.755,1.46996e+07,68.029,8, 0.000782639,,0.000782639,0.000130676,9.68636e-05,
NonsmoothSqrt,CPUBicubicSparse,100,0.881,1.72575e+07,57.9459,8, 0.00108423,,0.00108423,0.000202596,0.000124882,
NonsmoothSqrt,CPUBicubicSparse,104,0.887,1.73573e+07,57.6126,8, 0.000675863,,0.000675863,0.000114771,7.79873e-05,
NonsmoothSqrt,CPUBicubicSparse,108,1.111,2.15648e+07,46.3719,8, 0.000640252,,0.000640252,0.000113134,8.09994e-05,
NonsmoothSqrt,CPUBicubicSparse,112,1.155,2.39093e+07,41.8248,8, 0.00102298,,0.00102298,0.000174239,0.000108061,
NonsmoothSqrt,CPUBicubicSparse,116,1.214,2.8436e+07,35.1667,8, 0.000615297,,0.000615297,9.83377e-05,6.11236e-05,
NonsmoothSqrt,CPUBicubicSparse,120,1.254,2.4282e+07,41.1827,8, 0.000920163,,0.000920163,0.000155033,9.81392e-05,
NonsmoothSqrt,CPUBicubicSparse,124,1.575,3.20347e+07,31.2161,8, 0.000582897,,0.000582897,9.50818e-05,6.85353e-05,
NonsmoothSqrt,CPUBicubicSparse,128,1.539,3.49709e+07,28.5952,8, 0.000491983,,0.000491983,9.14954e-05,6.92978e-05,
NonsmoothSqrt,CPUBicubicSparse,132,1.842,3.24358e+07,30.8302,8, 0.000753435,,0.000753435,0.000137723,8.18745e-05,
NonsmoothSqrt,CPUBicubicSparse,136,1.865,3.82753e+07,26.1265,8, 0.000451936,,0.000451936,7.72748e-05,4.80877e-05,
NonsmoothSqrt,CPUBicubicSparse,140,2.228,4.63136e+07,21.5919,8, 0.000659319,,0.000659319,0.00012657,7.98854e-05,
NonsmoothSqrt,CPUBicubicSparse,144,2.288,4.15512e+07,24.0667,8, 0.000440117,,0.000440117,7.56039e-05,4.99397e-05,
NonsmoothSqrt,CPUBicubicSparse,148,2.499,4.35867e+07,22.9428,8, 0.000378967,,0.000378967,7.10957e-05,5.54234e-05,
NonsmoothSqrt,CPUBicubicSparse,152,2.637,4.96567e+07,20.1383,8, 0.000632408,,0.000632408,0.000110573,6.96682e-05,
NonsmoothSqrt,CPUBicubicSparse,156,2.934,4.99881e+07,20.0048,8, 0.000396986,,0.000396986,6.40501e-05,6.40388e-05,
NonsmoothSqrt,CPUBicubicSparse,160,3.218,6.0408e+07,16.5541,8, 0.000571869,,0.000571869,9.67156e-05,6.45343e-05,
NonsmoothSqrt,CPUBicubicSparse,164,3.295,6.16897e+07,16.2102,8, 0.000355827,,0.000355827,6.0963e-05,8.00115e-05,
NonsmoothSqrt,CPUBicubicSparse,168,3.69,6.30208e+07,15.8678,8, 0.000310369,,0.000310369,6.09112e-05,5.88836e-05,
NonsmoothSqrt,CPUBicubicSparse,172,3.967,7.21203e+07,13.8657,8, 0.000496374,,0.000496374,9.09308e-05,6.05858e-05,
NonsmoothSqrt,CPUBicubicSparse,176,4.283,7.80014e+07,12.8203,8, 0.000317824,,0.000317824,5.23932e-05,7.85846e-05,
NonsmoothSqrt,CPUBicubicSparse,180,4.351,8.32576e+07,12.0109,8, 0.000543139,,0.000543139,8.4251e-05,6.18209e-05,
NonsmoothSqrt,CPUBicubicSparse,184,4.742,8.7445e+07,11.4358,8, 0.000332745,,0.000332745,5.22299e-05,6.75117e-05,
NonsmoothSqrt,CPUBicubicSparse,188,5.751,9.14302e+07,10.9373,8, 0.000303349,,0.000303349,5.17981e-05,0.000133121,
NonsmoothSqrt,CPUBicubicSparse,192,5.355,9.36576e+07,10.6772,8, 0.000405903,,0.000405903,7.89268e-05,8.23776e-05,
NonsmoothSqrt,CPUBicubicSparse,196,5.751,9.94549e+07,10.0548,8, 0.000270272,,0.000270272,4.79584e-05,0.000207151,
NonsmoothSqrt,CPUBicubicSparse,200,6.159,1.06652e+08,9.37625,8, 0.000408776,,0.000408776,7.64089e-05,7.43224e-05,
NonsmoothSqrt,CPUBicubicSparse,204,6.497,1.11679e+08,8.95426,8, 0.00025765,,0.00025765,4.43827e-05,0.000144277,
NonsmoothSqrt,CPUBicubicSparse,208,6.84,1.24959e+08,8.00264,8, 0.000241461,,0.000241461,5.9759e-05,0.000199045,
NonsmoothSqrt,CPUBicubicSparse,212,7.23,1.25529e+08,7.96627,8, 0.000425619,,0.000425619,6.75389e-05,0.00012936,
NonsmoothSqrt,CPUBicubicSparse,216,7.694,1.33212e+08,7.5068,8, 0.00026378,,0.000243817,5.22274e-05,0.00026378,
NonsmoothSqrt,CPUBicubicSparse,220,8.03,1.54185e+08,6.48572,8, 0.000380443,,0.000380443,6.13206e-05,0.000144701,
NonsmoothSqrt,CPUBicubicSparse,224,8.55,1.48649e+08,6.72728,8, 0.000400639,,0.000239916,4.81524e-05,0.000400639,
NonsmoothSqrt,CPUBicubicSparse,228,9.044,1.56731e+08,6.38034,8, 0.000341234,,0.000213618,5.09032e-05,0.000341234,
NonsmoothSqrt,CPUBicubicSparse,232,9.594,1.66395e+08,6.00978,8, 0.000320186,,0.000320186,5.81147e-05,0.000181271,
NonsmoothSqrt,CPUBicubicSparse,236,10.053,1.72667e+08,5.79148,8, 0.000479068,,0.000209616,6.69356e-05,0.000479068,
NonsmoothSqrt,CPUBicubicSparse,240,10.655,1.82757e+08,5.47173,8, 0.000338504,,0.000338504,5.53905e-05,0.000215371,
NonsmoothSqrt,CPUBicubicSparse,244,11.171,1.97929e+08,5.05232,8, 0.000580086,,0.000206541,4.88893e-05,0.000580086,
NonsmoothSqrt,CPUBicubicSparse,248,11.732,2.07335e+08,4.82312,8, 0.000556639,,0.000212303,6.96734e-05,0.000556639,
NonsmoothSqrt,CPUBicubicSparse,252,12.194,2.08832e+08,4.78855,8, 0.000295512,,0.000295512,5.66051e-05,0.000220716,
NonsmoothSqrt,CPUBicubicSparse,256,13.029,2.27106e+08,4.40322,8, 0.000848018,,0.000186755,0.000106155,0.000848018,
NonsmoothSqrt,CPUBicubicSparse,260,13.522,2.30203e+08,4.344,8, 0.000412023,,0.000287542,5.31477e-05,0.000412023,
NonsmoothSqrt,CPUBicubicSparse,264,14.345,2.50464e+08,3.99258,8, 0.000596173,,0.000181007,8.79374e-05,0.000596173,
NonsmoothSqrt,CPUBicubicSparse,268,14.706,2.58444e+08,3.86932,8, 0.000712323,,0.000182266,6.78114e-05,0.000712323,
NonsmoothSqrt,CPUBicubicSparse,272,15.331,2.72035e+08,3.676,8, 0.000448787,,0.000280536,6.86513e-05,0.000448787,
NonsmoothSqrt,CPUBicubicSparse,276,15.972,2.84109e+08,3.51978,8, 0.00133474,,0.000163444,0.000162883,0.00133474,
NonsmoothSqrt,CPUBicubicSparse,280,16.705,2.9694e+08,3.36768,8, 0.000373999,,0.000265134,5.90446e-05,0.000373999,
NonsmoothSqrt,CPUBicubicSparse,284,17.469,3.14517e+08,3.17948,8, 0.0010739,,0.000164685,9.38587e-05,0.0010739,
NonsmoothSqrt,CPUBicubicSparse,288,18.136,3.27451e+08,3.05389,8, 0.0012566,,0.000149228,0.00013112,0.0012566,
NonsmoothSqrt,CPUBicubicSparse,292,19.121,3.43327e+08,2.91268,8, 0.000576071,,0.000219639,8.82786e-05,0.000576071,
NonsmoothSqrt,CPUBicubicSparse,296,20.066,3.55783e+08,2.8107,8, 0.00172368,,0.000147004,0.000223024,0.00172368,
NonsmoothSqrt,CPUBicubicSparse,300,216.276,6.36795e+08,1.57036,8, 0.000884607,,0.00022198,7.61376e-05,0.000884607,
NonsmoothSqrt,CPUBicubicSparse,304,223.379,6.88441e+08,1.45256,8, 0.00207595,,0.000139485,0.000214695,0.00207595,
NonsmoothSqrt,CPUBicubicSparse,308,235.95,6.09915e+08,1.63957,8, 0.00149302,,0.00013785,0.00016626,0.00149302,
NonsmoothSqrt,CPUBicubicSparse,312,248.244,4.14721e+08,2.41126,8, 0.0012207,,0.000227247,0.000102072,0.0012207,
NonsmoothSqrt,CPUBicubicSparse,316,271.172,4.26151e+08,2.34659,8, 0.00199253,,0.000138635,0.000285381,0.00199253,
NonsmoothSqrt,CPUBicubicSparse,320,284.725,5.94713e+08,1.68148,8, 0.000971246,,0.000215949,8.8156e-05,0.000971246,
NonsmoothSqrt,CPUBicubicSparse,324,27.079,4.61216e+08,2.16818,8, 0.00280589,,0.000131497,0.000281739,0.00280589,
NonsmoothSqrt,CPUBicubicSparse,328,313.774,6.38815e+08,1.5654,8, 0.00281775,,0.000122503,0.00028791,0.00281775,
