functionName, calculator,N,initTime, calcTime, calcHz, bytes, maxError, blankColumn, err1, err2, err3, Blank
NonsmoothRungeAbs,CPULinearSparse,8,0,20672,48374.6,8, 0.318407,,0.318407,0.14501,0.261668,
NonsmoothRungeAbs,CPULinearSparse,12,0.024,13582,73626.9,8, 0.268269,,0.268269,0.121192,0.141007,
NonsmoothRungeAbs,CPULinearSparse,16,0.001,16295,61368.5,8, 0.190483,,0.190483,0.0787764,0.0878816,
NonsmoothRungeAbs,CPULinearSparse,20,0.034,29890,33456,8, 0.108484,,0.108484,0.0546759,0.0731618,
NonsmoothRungeAbs,CPULinearSparse,24,0.039,32731,30552.1,8, 0.0661561,,0.0661561,0.0524746,0.0493576,
NonsmoothRungeAbs,CPULinearSparse,28,0.008,44304,22571.3,8, 0.0457673,,0.0293404,0.0457673,0.0406473,
NonsmoothRungeAbs,CPULinearSparse,32,0.029,53846,18571.5,8, 0.0411058,,0.0156181,0.0411058,0.0275686,
NonsmoothRungeAbs,CPULinearSparse,36,0.009,70899,14104.6,8, 0.0476681,,0.0476681,0.0333876,0.0284097,
NonsmoothRungeAbs,CPULinearSparse,40,0.03,92817,10773.9,8, 0.0498661,,0.0498661,0.0235711,0.0200322,
NonsmoothRungeAbs,CPULinearSparse,44,0.02,116626,8574.42,8, 0.0444479,,0.0444479,0.0127494,0.0188499,
NonsmoothRungeAbs,CPULinearSparse,48,0.051,149741,6678.2,8, 0.0331014,,0.0331014,0.0135963,0.0144081,
NonsmoothRungeAbs,CPULinearSparse,52,0.074,181525,5508.88,8, 0.0225425,,0.0212556,0.0225425,0.0168632,
NonsmoothRungeAbs,CPULinearSparse,56,0.038,229928,4349.19,8, 0.0163614,,0.0134316,0.0163614,0.0109956,
NonsmoothRungeAbs,CPULinearSparse,60,0.047,267366,3740.19,8, 0.0118351,,0.00956724,0.0107345,0.0118351,
NonsmoothRungeAbs,CPULinearSparse,64,0.058,327962,3049.13,8, 0.0111617,,0.00930284,0.0081774,0.0111617,
NonsmoothRungeAbs,CPULinearSparse,68,0.054,393978,2538.21,8, 0.0147577,,0.0147577,0.00747279,0.0128877,
NonsmoothRungeAbs,CPULinearSparse,72,0.05,477241,2095.38,8, 0.0188945,,0.0188945,0.00719998,0.00683752,
NonsmoothRungeAbs,CPULinearSparse,76,0.079,555957,1798.7,8, 0.0168753,,0.0168753,0.00676715,0.00844977,
NonsmoothRungeAbs,CPULinearSparse,80,0.099,649532,1539.57,8, 0.0130472,,0.0130472,0.00755282,0.00898707,
NonsmoothRungeAbs,CPULinearSparse,84,0.117,750233,1332.92,8, 0.0107775,,0.0107775,0.00850687,0.0105227,
NonsmoothRungeAbs,CPULinearSparse,88,0.11,872602,1146,8, 0.00917207,,0.00917207,0.00894732,0.00493275,
NonsmoothRungeAbs,CPULinearSparse,92,0.074,989565,1010.55,8, 0.0084478,,0.00699042,0.0084478,0.0061784,
NonsmoothRungeAbs,CPULinearSparse,96,0.126,1.11672e+06,895.478,8, 0.00774536,,0.00567161,0.00774536,0.0076795,
NonsmoothRungeAbs,CPULinearSparse,100,0.169,1.28949e+06,775.5,8, 0.00873088,,0.00703857,0.00678146,0.00873088,
NonsmoothRungeAbs,CPULinearSparse,104,0.185,1.45834e+06,685.714,8, 0.00959512,,0.00959512,0.0050866,0.00398302,
NonsmoothRungeAbs,CPULinearSparse,108,0.141,1.62963e+06,613.638,8, 0.00907307,,0.00907307,0.0032283,0.00549465,
NonsmoothRungeAbs,CPULinearSparse,112,0.2,1.80275e+06,554.709,8, 0.00871284,,0.00871284,0.0039254,0.00675117,
NonsmoothRungeAbs,CPULinearSparse,116,0.246,1.99292e+06,501.776,8, 0.00821532,,0.00821532,0.00739452,0.00750992,
NonsmoothRungeAbs,CPULinearSparse,120,0.233,2.46365e+06,405.902,8, 0.00701499,,0.00701499,0.00538116,0.00336939,
NonsmoothRungeAbs,CPULinearSparse,124,0.219,2.4463e+06,408.781,8, 0.00536118,,0.00536118,0.0042858,0.00490261,
NonsmoothRungeAbs,CPULinearSparse,128,0.237,2.6915e+06,371.54,8, 0.00612313,,0.00432466,0.00397736,0.00612313,
NonsmoothRungeAbs,CPULinearSparse,132,0.275,2.9728e+06,336.383,8, 0.00656285,,0.00417446,0.00401991,0.00656285,
NonsmoothRungeAbs,CPULinearSparse,136,0.366,3.28016e+06,304.863,8, 0.00609674,,0.00609674,0.00385327,0.00292879,
NonsmoothRungeAbs,CPULinearSparse,140,0.348,3.58085e+06,279.263,8, 0.00677788,,0.00677788,0.00389854,0.00453331,
NonsmoothRungeAbs,CPULinearSparse,144,0.353,3.85883e+06,259.146,8, 0.00682814,,0.00682814,0.00402138,0.00556211,
NonsmoothRungeAbs,CPULinearSparse,148,0.403,4.19306e+06,238.489,8, 0.00642173,,0.00642173,0.00426301,0.00568652,
NonsmoothRungeAbs,CPULinearSparse,152,0.436,4.55524e+06,219.527,8, 0.0056544,,0.0056544,0.00438929,0.00259687,
NonsmoothRungeAbs,CPULinearSparse,156,0.445,8.89397e+06,112.436,8, 0.00446264,,0.00446264,0.00437856,0.00421497,
NonsmoothRungeAbs,CPULinearSparse,160,0.479,5.34407e+06,187.123,8, 0.00508228,,0.00326996,0.004049,0.00508228,
NonsmoothRungeAbs,CPULinearSparse,164,0.48,5.771e+06,173.28,8, 0.00505145,,0.00333647,0.00360238,0.00505145,
NonsmoothRungeAbs,CPULinearSparse,168,0.513,8.13533e+06,122.921,8, 0.00491222,,0.00491222,0.00275879,0.0023209,
NonsmoothRungeAbs,CPULinearSparse,172,0.545,6.65451e+06,150.274,8, 0.00554753,,0.00554753,0.00182518,0.00390213,
NonsmoothRungeAbs,CPULinearSparse,176,0.606,7.11037e+06,140.64,8, 0.00567731,,0.00567731,0.00212355,0.00475611,
NonsmoothRungeAbs,CPULinearSparse,180,0.642,7.6086e+06,131.43,8, 0.0054394,,0.0054394,0.00388875,0.00460888,
NonsmoothRungeAbs,CPULinearSparse,184,0.614,8.12007e+06,123.152,8, 0.00482892,,0.00482892,0.00287251,0.00216774,
NonsmoothRungeAbs,CPULinearSparse,188,0.682,8.65062e+06,115.599,8, 0.0038049,,0.0038049,0.00266856,0.00363962,
NonsmoothRungeAbs,CPULinearSparse,192,0.723,9.39833e+06,106.402,8, 0.00442446,,0.002686,0.00270915,0.00442446,
NonsmoothRungeAbs,CPULinearSparse,196,0.761,9.75674e+06,102.493,8, 0.00420753,,0.00276373,0.00274462,0.00420753,
NonsmoothRungeAbs,CPULinearSparse,200,0.881,1.04753e+07,95.4625,8, 0.00417519,,0.00417519,0.00261735,0.00202959,
NonsmoothRungeAbs,CPULinearSparse,204,0.801,1.10213e+07,90.7333,8, 0.00478671,,0.00478671,0.00276434,0.00344271,
NonsmoothRungeAbs,CPULinearSparse,208,0.926,1.16769e+07,85.639,8, 0.00491782,,0.00491782,0.00286962,0.00412386,
NonsmoothRungeAbs,CPULinearSparse,212,0.918,1.23676e+07,80.8562,8, 0.00468922,,0.00468922,0.00287051,0.00388522,
NonsmoothRungeAbs,CPULinearSparse,216,0.989,1.37128e+07,72.9247,8, 0.00417629,,0.00417629,0.00288386,0.00194511,
NonsmoothRungeAbs,CPULinearSparse,220,1.055,1.38176e+07,72.3716,8, 0.0033576,,0.0033576,0.00286975,0.00323552,
NonsmoothRungeAbs,CPULinearSparse,224,1.169,1.45822e+07,68.5767,8, 0.00388824,,0.00221801,0.00268986,0.00388824,
NonsmoothRungeAbs,CPULinearSparse,228,1.17,1.54642e+07,64.6654,8, 0.00362353,,0.00243797,0.00239521,0.00362353,
NonsmoothRungeAbs,CPULinearSparse,232,1.297,1.63558e+07,61.1403,8, 0.00363985,,0.00363985,0.00193574,0.00185414,
NonsmoothRungeAbs,CPULinearSparse,236,1.235,1.71902e+07,58.1728,8, 0.00414928,,0.00414928,0.00129286,0.0030546,
NonsmoothRungeAbs,CPULinearSparse,240,1.378,1.8095e+07,55.264,8, 0.0042855,,0.0042855,0.00141723,0.00370923,
NonsmoothRungeAbs,CPULinearSparse,244,1.492,1.89814e+07,52.6831,8, 0.00413726,,0.00413726,0.00243796,0.00338323,
NonsmoothRungeAbs,CPULinearSparse,248,1.388,2.00903e+07,49.7754,8, 0.00374644,,0.00374644,0.0019893,0.00175253,
NonsmoothRungeAbs,CPULinearSparse,252,1.553,2.09857e+07,47.6514,8, 0.00304203,,0.00304203,0.00199188,0.00292559,
NonsmoothRungeAbs,CPULinearSparse,256,1.594,2.18849e+07,45.6936,8, 0.00349357,,0.00186707,0.00209629,0.00349357,
NonsmoothRungeAbs,CPULinearSparse,260,1.699,2.40189e+07,41.6339,8, 0.00317661,,0.00213838,0.00207456,0.00317661,
NonsmoothRungeAbs,CPULinearSparse,264,1.812,2.42457e+07,41.2444,8, 0.00321796,,0.00321796,0.00210711,0.00167335,
NonsmoothRungeAbs,CPULinearSparse,268,1.809,2.57197e+07,38.8807,8, 0.00370598,,0.00370598,0.0022098,0.00278774,
NonsmoothRungeAbs,CPULinearSparse,272,1.913,2.66418e+07,37.535,8, 0.00385702,,0.00385702,0.00225644,0.00333006,
NonsmoothRungeAbs,CPULinearSparse,276,2.042,2.80993e+07,35.5881,8, 0.00372846,,0.00372846,0.00225332,0.00301673,
NonsmoothRungeAbs,CPULinearSparse,280,2.035,2.91712e+07,34.2804,8, 0.00336326,,0.00336326,0.00221702,0.00161979,
NonsmoothRungeAbs,CPULinearSparse,284,2.327,3.13808e+07,31.8666,8, 0.00272607,,0.00272607,0.00213274,0.00264816,
NonsmoothRungeAbs,CPULinearSparse,288,2.205,3.21346e+07,31.1191,8, 0.00318602,,0.00160636,0.00202846,0.00318602,
NonsmoothRungeAbs,CPULinearSparse,292,2.399,3.42911e+07,29.1621,8, 0.00287653,,0.00193448,0.00178734,0.00287653,
NonsmoothRungeAbs,CPULinearSparse,296,2.43,3.63991e+07,27.4732,8, 0.00292921,,0.00292921,0.00146084,0.0015375,
NonsmoothRungeAbs,CPULinearSparse,300,2.574,4.39871e+07,22.7339,8, 0.00335772,,0.00335772,0.00101295,0.00253945,
NonsmoothRungeAbs,CPULinearSparse,304,2.61,4.86326e+07,20.5623,8, 0.00347797,,0.00347797,0.00115365,0.00305034,
NonsmoothRungeAbs,CPULinearSparse,308,2.772,4.08212e+07,24.4971,8, 0.00338136,,0.00338136,0.00175029,0.00273904,
NonsmoothRungeAbs,CPULinearSparse,312,2.886,4.16771e+07,23.994,8, 0.00306954,,0.00306954,0.001523,0.0014752,
NonsmoothRungeAbs,CPULinearSparse,316,2.909,4.43517e+07,22.5471,8, 0.00250687,,0.00250687,0.00163639,0.00245151,
NonsmoothRungeAbs,CPULinearSparse,320,3.112,4.53115e+07,22.0695,8, 0.00291419,,0.00150371,0.00169374,0.00291419,
NonsmoothRungeAbs,CPULinearSparse,324,3.103,4.84672e+07,20.6325,8, 0.00262369,,0.00175271,0.00167087,0.00262369,
NonsmoothRungeAbs,CPULinearSparse,328,3.242,4.92488e+07,20.3051,8, 0.0026446,,0.0026446,0.00175747,0.00143134,
NonsmoothRungeAbs,CPULinearSparse,332,3.342,5.19937e+07,19.2331,8, 0.00305549,,0.00305549,0.001823,0.00234574,
NonsmoothRungeAbs,CPULinearSparse,336,3.496,5.34884e+07,18.6956,8, 0.00318911,,0.00318911,0.00186104,0.00280318,
NonsmoothRungeAbs,CPULinearSparse,340,3.676,5.63472e+07,17.7471,8, 0.00312293,,0.00312293,0.00186843,0.00251707,
NonsmoothRungeAbs,CPULinearSparse,344,3.753,5.81482e+07,17.1974,8, 0.00283435,,0.00283435,0.00183489,0.00137931,
NonsmoothRungeAbs,CPULinearSparse,348,3.847,6.12956e+07,16.3144,8, 0.00231998,,0.00231998,0.00175507,0.0022646,
NonsmoothRungeAbs,CPULinearSparse,352,4.053,6.19866e+07,16.1325,8, 0.00270008,,0.00139283,0.00164147,0.00270008,
NonsmoothRungeAbs,CPULinearSparse,356,4.062,6.5532e+07,15.2597,8, 0.00241813,,0.00160959,0.00147555,0.00241813,
NonsmoothRungeAbs,CPULinearSparse,360,4.282,6.8045e+07,14.6962,8, 0.00244111,,0.00244111,0.00122122,0.00132316,
NonsmoothRungeAbs,CPULinearSparse,364,4.396,7.01462e+07,14.2559,8, 0.00282465,,0.00282465,0.000852777,0.00218847,
NonsmoothRungeAbs,CPULinearSparse,368,4.736,7.24696e+07,13.7989,8, 0.0029449,,0.0029449,0.000962825,0.00259868,
NonsmoothRungeAbs,CPULinearSparse,372,4.669,7.55173e+07,13.242,8, 0.00287307,,0.00287307,0.00132039,0.00234026,
NonsmoothRungeAbs,CPULinearSparse,376,4.864,7.75962e+07,12.8872,8, 0.0026167,,0.0026167,0.00128989,0.00128212,
NonsmoothRungeAbs,CPULinearSparse,380,4.96,8.05585e+07,12.4133,8, 0.00216189,,0.00216189,0.00138675,0.00211561,
NonsmoothRungeAbs,CPULinearSparse,384,5.091,8.2365e+07,12.1411,8, 0.00251689,,0.0013137,0.00140107,0.00251689,
NonsmoothRungeAbs,CPULinearSparse,388,5.314,8.81005e+07,11.3507,8, 0.00225499,,0.00150405,0.00143775,0.00225499,
NonsmoothRungeAbs,CPULinearSparse,392,5.418,8.84758e+07,11.3025,8, 0.00226262,,0.00226262,0.00151264,0.00124508,
NonsmoothRungeAbs,CPULinearSparse,396,5.65,9.29912e+07,10.7537,8, 0.00261015,,0.00261015,0.00156785,0.00204053,
NonsmoothRungeAbs,CPULinearSparse,400,5.714,1.07189e+08,9.32934,8, 0.00273553,,0.00273553,0.00159822,0.00243345,
NonsmoothRungeAbs,CPULinearSparse,404,6.032,9.891e+07,10.1102,8, 0.0026777,,0.0026777,0.00160038,0.00217911,
NonsmoothRungeAbs,CPULinearSparse,408,6.191,1.01369e+08,9.86498,8, 0.00245743,,0.00245743,0.0015733,0.00120298,
NonsmoothRungeAbs,CPULinearSparse,412,6.298,1.07534e+08,9.29938,8, 0.00202575,,0.00202575,0.00151562,0.00198188,
NonsmoothRungeAbs,CPULinearSparse,416,6.57,1.08e+08,9.25926,8, 0.00235484,,0.001224,0.00141158,0.00235484,
NonsmoothRungeAbs,CPULinearSparse,420,6.742,1.14568e+08,8.72845,8, 0.00211664,,0.00138961,0.00125998,0.00211664,
NonsmoothRungeAbs,CPULinearSparse,424,6.827,1.29685e+08,7.71097,8, 0.00210646,,0.00210646,0.00104711,0.00117209,
NonsmoothRungeAbs,CPULinearSparse,428,7.068,1.21531e+08,8.22833,8, 0.00244253,,0.00244253,0.00075116,0.00192103,
NonsmoothRungeAbs,CPULinearSparse,432,119.449,1.38919e+08,7.19843,8, 0.00257047,,0.00257047,0.000809651,0.00228101,
NonsmoothRungeAbs,CPULinearSparse,436,117.115,1.30392e+08,7.66916,8, 0.00250897,,0.00250897,0.00104036,0.00205105,
NonsmoothRungeAbs,CPULinearSparse,440,121.411,2.06909e+08,4.83304,8, 0.00230049,,0.00230049,0.00112375,0.00113966,
NonsmoothRungeAbs,CPULinearSparse,444,122.449,1.3761e+08,7.26691,8, 0.00189998,,0.00189998,0.00118649,0.00186232,
NonsmoothRungeAbs,CPULinearSparse,448,125.288,1.48106e+08,6.75194,8, 0.0022214,,0.00116045,0.00119666,0.0022214,
NonsmoothRungeAbs,CPULinearSparse,452,129.535,1.75349e+08,5.70292,8, 0.001985,,0.0013083,0.00126981,0.001985,
NonsmoothRungeAbs,CPULinearSparse,456,135.464,2.29554e+08,4.35627,8, 0.00197938,,0.00197938,0.00133248,0.0011076,
NonsmoothRungeAbs,CPULinearSparse,460,137.209,2.12093e+08,4.71492,8, 0.00228992,,0.00228992,0.00138295,0.00181578,
NonsmoothRungeAbs,CPULinearSparse,464,141.405,2.19352e+08,4.55889,8, 0.00240374,,0.00240374,0.00140921,0.00215149,
NonsmoothRungeAbs,CPULinearSparse,468,148.28,2.01954e+08,4.95162,8, 0.0023588,,0.0023588,0.00141225,0.00193006,
NonsmoothRungeAbs,CPULinearSparse,472,152.113,2.30691e+08,4.3348,8, 0.00217184,,0.00217184,0.00138246,0.00107389,
NonsmoothRungeAbs,CPULinearSparse,476,151.983,2.36545e+08,4.22752,8, 0.00180179,,0.00180179,0.00132462,0.00176732,
NonsmoothRungeAbs,CPULinearSparse,480,153.204,2.46682e+08,4.05379,8, 0.00209235,,0.00111,0.00123501,0.00209235,
NonsmoothRungeAbs,CPULinearSparse,484,160.43,2.62113e+08,3.81515,8, 0.00188346,,0.00122836,0.00110594,0.00188346,
NonsmoothRungeAbs,CPULinearSparse,488,164.063,2.67328e+08,3.74072,8, 0.00185952,,0.00185952,0.000925546,0.00105187,
NonsmoothRungeAbs,CPULinearSparse,492,168.799,2.7222e+08,3.6735,8, 0.00215912,,0.00215912,0.00066792,0.00171792,
NonsmoothRungeAbs,CPULinearSparse,496,173.971,2.07982e+08,4.80812,8, 0.00227126,,0.00227126,0.000681104,0.00204061,
NonsmoothRungeAbs,CPULinearSparse,500,181.047,3.04496e+08,3.28412,8, 0.00223651,,0.00223651,0.000864876,0.00182753,
NonsmoothRungeAbs,CPULinearSparse,504,182.337,3.17504e+08,3.14956,8, 0.002053,,0.002053,0.000988222,0.00102173,
NonsmoothRungeAbs,CPULinearSparse,508,185.365,3.20696e+08,3.11822,8, 0.00170178,,0.00170178,0.00102112,0.00167324,
NonsmoothRungeAbs,CPULinearSparse,512,191.549,3.23114e+08,3.09488,8, 0.00198786,,0.00105244,0.00107698,0.00198786,
NonsmoothRungeAbs,CPULinearSparse,516,199.306,2.32813e+08,4.2953,8, 0.00178172,,0.00116204,0.00113867,0.00178172,
