functionName, calculator,N,initTime, calcTime, calcHz, bytes, maxError, blankColumn, err1, err2, err3, Blank
SmoothExp,CPULinearSparse,8,0,19190,52110.5,4, 0.477316,,0.477316,0.396587,0.448939,
SmoothExp,CPULinearSparse,12,0,13581,73632.3,4, 0.342585,,0.342585,0.229056,0.319789,
SmoothExp,CPULinearSparse,16,0.001,15446,64741.7,4, 0.213576,,0.213576,0.155682,0.153992,
SmoothExp,CPULinearSparse,20,0.013,19212,52050.8,4, 0.145747,,0.125142,0.099205,0.145747,
SmoothExp,CPULinearSparse,24,0.005,24616,40624,4, 0.0983026,,0.0675577,0.0900351,0.0983026,
SmoothExp,CPULinearSparse,28,0.008,31118,32135.7,4, 0.0882234,,0.03026,0.0757925,0.0882234,
SmoothExp,CPULinearSparse,32,0.001,44909,22267.3,4, 0.0621774,,0.00801636,0.0621774,0.0356033,
SmoothExp,CPULinearSparse,36,0.002,61286,16316.9,4, 0.0637677,,0.052795,0.0486867,0.0637677,
SmoothExp,CPULinearSparse,40,0.002,78955,12665.4,4, 0.0547065,,0.0547065,0.0332087,0.0313104,
SmoothExp,CPULinearSparse,44,0.024,101595,9843,4, 0.0460427,,0.0460427,0.0222272,0.0437731,
SmoothExp,CPULinearSparse,48,0.01,131401,7610.29,4, 0.0342867,,0.0342867,0.0306046,0.0168217,
SmoothExp,CPULinearSparse,52,0.036,159801,6257.78,4, 0.0412835,,0.022416,0.0412835,0.0341738,
SmoothExp,CPULinearSparse,56,0.064,196019,5101.55,4, 0.0301372,,0.0117473,0.0301372,0.0158285,
SmoothExp,CPULinearSparse,60,0.031,236778,4223.37,4, 0.026978,,0.00294086,0.0216168,0.026978,
SmoothExp,CPULinearSparse,64,0.051,279813,3573.82,4, 0.0144026,,0.00616683,0.0144026,0.0105102,
SmoothExp,CPULinearSparse,68,0.049,346218,2888.35,4, 0.0223626,,0.015647,0.00978371,0.0223626,
SmoothExp,CPULinearSparse,72,0.052,425906,2347.94,4, 0.0192166,,0.0192166,0.00784321,0.00926512,
SmoothExp,CPULinearSparse,76,0.034,498810,2004.77,4, 0.018014,,0.0172395,0.00667147,0.018014,
SmoothExp,CPULinearSparse,80,0.076,573010,1745.17,4, 0.0135399,,0.0135399,0.00798102,0.00757916,
SmoothExp,CPULinearSparse,84,0.072,658450,1518.72,4, 0.0159917,,0.00914983,0.00958817,0.0159917,
SmoothExp,CPULinearSparse,88,0.084,759840,1316.07,4, 0.0103435,,0.00450456,0.0103435,0.00584093,
SmoothExp,CPULinearSparse,92,0.125,860965,1161.49,4, 0.0129055,,0.00142085,0.0100783,0.0129055,
SmoothExp,CPULinearSparse,96,0.119,970259,1030.65,4, 0.00964625,,0.00490421,0.00964625,0.00565298,
SmoothExp,CPULinearSparse,100,0.137,1.12909e+06,885.671,4, 0.0122464,,0.00739979,0.00855659,0.0122464,
SmoothExp,CPULinearSparse,104,0.173,1.2641e+06,791.074,4, 0.00978245,,0.00978245,0.00632775,0.00455554,
SmoothExp,CPULinearSparse,108,0.153,1.40557e+06,711.455,4, 0.0101122,,0.00923986,0.00350906,0.0101122,
SmoothExp,CPULinearSparse,112,0.13,1.56133e+06,640.479,4, 0.00749821,,0.00749821,0.0072115,0.00441678,
SmoothExp,CPULinearSparse,116,0.141,1.75271e+06,570.544,4, 0.0117746,,0.00512274,0.0117746,0.0096538,
SmoothExp,CPULinearSparse,120,0.14,1.93599e+06,516.531,4, 0.00888302,,0.00225375,0.00888302,0.00340251,
SmoothExp,CPULinearSparse,124,0.243,2.08571e+06,479.453,4, 0.00810666,,0.00104492,0.00645557,0.00810666,
SmoothExp,CPULinearSparse,128,0.242,2.32247e+06,430.576,4, 0.00437929,,0.00378816,0.00437929,0.00369084,
SmoothExp,CPULinearSparse,132,0.205,2.54042e+06,393.636,4, 0.00797192,,0.00434943,0.00295601,0.00797192,
SmoothExp,CPULinearSparse,136,0.246,2.78595e+06,358.945,4, 0.00610048,,0.00610048,0.00228786,0.00247871,
SmoothExp,CPULinearSparse,140,0.269,3.02573e+06,330.499,4, 0.00664463,,0.00590351,0.00234445,0.00664463,
SmoothExp,CPULinearSparse,144,0.247,3.29554e+06,303.44,4, 0.0048363,,0.0048363,0.00331995,0.00303339,
SmoothExp,CPULinearSparse,148,0.263,3.55854e+06,281.014,4, 0.00663896,,0.00319767,0.00397732,0.00663896,
SmoothExp,CPULinearSparse,152,0.29,3.8786e+06,257.825,4, 0.00432315,,0.0012904,0.00432315,0.00194679,
SmoothExp,CPULinearSparse,156,0.291,4.1546e+06,240.697,4, 0.00566009,,0.000836049,0.0044848,0.00566009,
SmoothExp,CPULinearSparse,160,0.321,4.48382e+06,223.024,4, 0.00429248,,0.00294391,0.00429248,0.00259386,
SmoothExp,CPULinearSparse,164,0.44,4.93719e+06,202.545,4, 0.00560894,,0.00288422,0.0037412,0.00560894,
SmoothExp,CPULinearSparse,168,0.32,5.25436e+06,190.318,4, 0.00418546,,0.00418546,0.00279967,0.00153819,
SmoothExp,CPULinearSparse,172,0.393,5.6024e+06,178.495,4, 0.00478606,,0.00412523,0.00153791,0.00478606,
SmoothExp,CPULinearSparse,176,0.445,6.00975e+06,166.396,4, 0.00359232,,0.00337585,0.00359232,0.00220931,
SmoothExp,CPULinearSparse,180,0.455,6.37076e+06,156.967,4, 0.0061081,,0.00223539,0.0061081,0.00485775,
SmoothExp,CPULinearSparse,184,0.462,6.82778e+06,146.461,4, 0.00465274,,0.000844096,0.00465274,0.00120846,
SmoothExp,CPULinearSparse,188,0.492,7.24354e+06,138.054,4, 0.00417776,,0.000720584,0.00329326,0.00417776,
SmoothExp,CPULinearSparse,192,0.602,7.78799e+06,128.403,4, 0.00241552,,0.00241552,0.00218858,0.00195414,
SmoothExp,CPULinearSparse,196,0.499,8.26141e+06,121.045,4, 0.00424625,,0.0020381,0.00136096,0.00424625,
SmoothExp,CPULinearSparse,200,0.555,8.79386e+06,113.716,4, 0.00309216,,0.00309216,0.000929205,0.0010953,
SmoothExp,CPULinearSparse,204,0.581,9.29856e+06,107.544,4, 0.00363194,,0.00308978,0.00124658,0.00363194,
SmoothExp,CPULinearSparse,208,0.635,9.85866e+06,101.434,4, 0.00253012,,0.00253012,0.00182777,0.00172575,
SmoothExp,CPULinearSparse,212,0.736,1.04256e+07,95.9174,4, 0.00373215,,0.0016515,0.0022055,0.00373215,
SmoothExp,CPULinearSparse,216,0.68,1.10505e+07,90.4939,4, 0.00246619,,0.000570958,0.00246619,0.00092253,
SmoothExp,CPULinearSparse,220,0.749,1.16366e+07,85.9356,4, 0.00323397,,0.000672726,0.00259051,0.00323397,
SmoothExp,CPULinearSparse,224,0.785,1.22763e+07,81.4575,4, 0.00251275,,0.00200659,0.00251275,0.00151573,
SmoothExp,CPULinearSparse,228,0.816,1.33963e+07,74.6475,4, 0.00335816,,0.00154434,0.0022401,0.00335816,
SmoothExp,CPULinearSparse,232,0.902,1.37074e+07,72.9536,4, 0.00240506,,0.00240506,0.00171035,0.000795546,
SmoothExp,CPULinearSparse,236,0.894,1.44363e+07,69.2698,4, 0.00288514,,0.00239422,0.000743052,0.00288514,
SmoothExp,CPULinearSparse,240,0.939,1.51707e+07,65.9165,4, 0.00219188,,0.00196359,0.00219188,0.00140961,
SmoothExp,CPULinearSparse,244,0.957,1.58628e+07,63.0407,4, 0.00383386,,0.00127923,0.00383386,0.00302939,
SmoothExp,CPULinearSparse,248,1.011,1.6697e+07,59.8912,4, 0.00290553,,0.0004049,0.00290553,0.000748718,
SmoothExp,CPULinearSparse,252,1.077,1.74767e+07,57.2192,4, 0.00261935,,0.000598063,0.00207051,0.00261935,
SmoothExp,CPULinearSparse,256,1.175,1.81811e+07,55.0022,4, 0.00169949,,0.00169949,0.00138313,0.0012501,
SmoothExp,CPULinearSparse,260,1.111,1.92151e+07,52.0425,4, 0.00273786,,0.0012031,0.000823475,0.00273786,
SmoothExp,CPULinearSparse,264,1.28,2.0127e+07,49.6844,4, 0.00191414,,0.00191414,0.000537205,0.000669521,
SmoothExp,CPULinearSparse,268,1.287,2.10853e+07,47.4264,4, 0.00238472,,0.00192614,0.000822647,0.00238472,
SmoothExp,CPULinearSparse,272,1.365,2.20194e+07,45.4145,4, 0.00159127,,0.00159127,0.00119854,0.00113079,
SmoothExp,CPULinearSparse,276,1.371,2.35723e+07,42.4226,4, 0.00248821,,0.00102833,0.0014653,0.00248821,
SmoothExp,CPULinearSparse,280,1.423,2.40573e+07,41.5675,4, 0.00166591,,0.000293649,0.00166591,0.000590246,
SmoothExp,CPULinearSparse,284,1.462,2.51246e+07,39.8017,4, 0.00217015,,0.000545769,0.00174375,0.00217015,
SmoothExp,CPULinearSparse,288,1.568,2.60869e+07,38.3334,4, 0.00169958,,0.00146661,0.00169958,0.0010464,
SmoothExp,CPULinearSparse,292,1.693,2.73146e+07,36.6104,4, 0.00228251,,0.000966452,0.00150487,0.00228251,
SmoothExp,CPULinearSparse,296,1.821,2.85301e+07,35.0506,4, 0.00158119,,0.00158119,0.00111729,0.000528792,
SmoothExp,CPULinearSparse,300,1.717,2.96666e+07,33.7079,4, 0.00199658,,0.00159529,0.000441321,0.00199658,
SmoothExp,CPULinearSparse,304,1.805,3.08643e+07,32.3999,4, 0.00154039,,0.00131409,0.00154039,0.000963046,
SmoothExp,CPULinearSparse,308,1.967,3.19523e+07,31.2966,4, 0.00269983,,0.000831916,0.00269983,0.00209415,
SmoothExp,CPULinearSparse,312,2.045,3.33387e+07,29.9952,4, 0.00204005,,0.000219859,0.00204005,0.000462623,
SmoothExp,CPULinearSparse,316,2.012,3.45651e+07,28.9309,4, 0.00183044,,0.000487578,0.00144962,0.00183044,
SmoothExp,CPULinearSparse,320,2.143,3.57433e+07,27.9772,4, 0.00127862,,0.00127862,0.00095138,0.000878177,
SmoothExp,CPULinearSparse,324,2.166,3.72859e+07,26.8198,4, 0.0019336,,0.000796631,0.000532144,0.0019336,
SmoothExp,CPULinearSparse,328,2.367,3.9181e+07,25.5226,4, 0.00132178,,0.00132178,0.000370283,0.000406284,
SmoothExp,CPULinearSparse,332,2.287,4.0187e+07,24.8837,4, 0.00169234,,0.00134181,0.000575116,0.00169234,
SmoothExp,CPULinearSparse,336,2.404,4.16405e+07,24.0151,4, 0.00110358,,0.00110358,0.000842522,0.000821039,
SmoothExp,CPULinearSparse,340,2.566,4.33243e+07,23.0818,4, 0.00180782,,0.00069921,0.00106061,0.00180782,
SmoothExp,CPULinearSparse,344,2.531,4.47858e+07,22.3285,4, 0.00121189,,0.000173903,0.00121189,0.000370562,
SmoothExp,CPULinearSparse,348,2.685,4.8406e+07,20.6586,4, 0.00157119,,0.000444527,0.00127326,0.00157119,
SmoothExp,CPULinearSparse,352,2.849,4.77047e+07,20.9623,4, 0.00125293,,0.00113562,0.00125293,0.000771732,
SmoothExp,CPULinearSparse,356,2.88,5.47407e+07,18.268,4, 0.00168499,,0.000668618,0.00112557,0.00168499,
SmoothExp,CPULinearSparse,360,2.997,5.15141e+07,19.4122,4, 0.00112942,,0.00112942,0.000825775,0.000332363,
SmoothExp,CPULinearSparse,364,3.106,5.89991e+07,16.9494,4, 0.00147258,,0.00115355,0.000321881,0.00147258,
SmoothExp,CPULinearSparse,368,3.168,5.47912e+07,18.2511,4, 0.00114508,,0.00094632,0.00114508,0.000712515,
SmoothExp,CPULinearSparse,372,3.24,5.63676e+07,17.7407,4, 0.00201788,,0.000592928,0.00201788,0.00156824,
SmoothExp,CPULinearSparse,376,3.486,5.83129e+07,17.1489,4, 0.00153814,,0.000134471,0.00153814,0.000311825,
SmoothExp,CPULinearSparse,380,3.408,5.99621e+07,16.6772,4, 0.00138531,,0.000410677,0.00109792,0.00138531,
SmoothExp,CPULinearSparse,384,59.658,6.25205e+07,15.9948,4, 0.00101219,,0.00101219,0.00071342,0.000669681,
SmoothExp,CPULinearSparse,388,60.388,8.42697e+07,11.8667,4, 0.00147737,,0.000574373,0.00039798,0.00147737,
SmoothExp,CPULinearSparse,392,63.714,7.18941e+07,13.9093,4, 0.000977439,,0.000977439,0.000273019,0.000293685,
SmoothExp,CPULinearSparse,396,64.611,6.93959e+07,14.4101,4, 0.0012887,,0.000997228,0.000438101,0.0012887,
SmoothExp,CPULinearSparse,400,67.608,7.03307e+07,14.2185,4, 0.000818992,,0.000818992,0.000648455,0.000632841,
SmoothExp,CPULinearSparse,404,69.54,7.24732e+07,13.7982,4, 0.00138188,,0.000511304,0.000818506,0.00138188,
SmoothExp,CPULinearSparse,408,70.957,7.48555e+07,13.3591,4, 0.000927916,,0.000107071,0.000927916,0.000276903,
SmoothExp,CPULinearSparse,412,73.535,7.6799e+07,13.021,4, 0.00121374,,0.000373661,0.000983035,0.00121374,
SmoothExp,CPULinearSparse,416,75.498,8.15389e+07,12.2641,4, 0.000964631,,0.000909594,0.000964631,0.000591845,
SmoothExp,CPULinearSparse,420,77.929,9.84221e+07,10.1603,4, 0.00130188,,0.000493839,0.000853657,0.00130188,
SmoothExp,CPULinearSparse,424,81.363,9.42635e+07,10.6086,4, 0.000854381,,0.000854381,0.000628763,0.00026132,
SmoothExp,CPULinearSparse,428,82.859,8.76087e+07,11.4144,4, 0.00114341,,0.000877929,0.000237408,0.00114341,
SmoothExp,CPULinearSparse,432,92.884,9.16668e+07,10.9091,4, 0.000901598,,0.000721666,0.000901598,0.000562916,
SmoothExp,CPULinearSparse,436,94.922,9.16863e+07,10.9068,4, 0.00158612,,0.000447396,0.00158612,0.00122908,
SmoothExp,CPULinearSparse,440,99.18,1.04746e+08,9.54689,4, 0.00120448,,8.37664e-05,0.00120448,0.000248214,
SmoothExp,CPULinearSparse,444,103.691,9.65293e+07,10.3595,4, 0.00107964,,0.00034517,0.000859546,0.00107964,
SmoothExp,CPULinearSparse,448,101.697,9.93048e+07,10.07,4, 0.000825465,,0.000825465,0.000550823,0.00053143,
SmoothExp,CPULinearSparse,452,105.02,1.14007e+08,8.77142,4, 0.00117098,,0.000431772,0.00030633,0.00117098,
SmoothExp,CPULinearSparse,456,109.415,1.17144e+08,8.53648,4, 0.000758981,,0.000758981,0.000204373,0.000227516,
SmoothExp,CPULinearSparse,460,113.172,1.18887e+08,8.41134,4, 0.00102354,,0.000778855,0.000343597,0.00102354,
SmoothExp,CPULinearSparse,464,115.618,1.11684e+08,8.95381,4, 0.000637964,,0.000637964,0.000518709,0.000508894,
SmoothExp,CPULinearSparse,468,119.508,1.26784e+08,7.88744,4, 0.00110641,,0.000391262,0.000654896,0.00110641,
SmoothExp,CPULinearSparse,472,121.4,1.18665e+08,8.42707,4, 0.000744799,,6.83141e-05,0.000744799,0.000210015,
SmoothExp,CPULinearSparse,476,127.113,1.21853e+08,8.20659,4, 0.000971597,,0.000317935,0.000793292,0.000971597,
SmoothExp,CPULinearSparse,480,127.589,1.2317e+08,8.11886,4, 0.000779398,,0.000752787,0.000779398,0.000477088,
SmoothExp,CPULinearSparse,484,137.703,1.29309e+08,7.73343,4, 0.00105151,,0.000381403,0.000693176,0.00105151,
SmoothExp,CPULinearSparse,488,135.479,1.32211e+08,7.56366,4, 0.000676368,,0.000676368,0.000513188,0.000192274,
SmoothExp,CPULinearSparse,492,138.926,1.35688e+08,7.36985,4, 0.000927245,,0.000695407,0.00018827,0.000927245,
SmoothExp,CPULinearSparse,496,144.439,1.86915e+08,5.35003,4, 0.000730076,,0.000569803,0.000730076,0.00045671,
SmoothExp,CPULinearSparse,500,150.525,1.52e+08,6.57894,4, 0.00129351,,0.000350165,0.00129351,0.00100268,
SmoothExp,CPULinearSparse,504,148.623,1.57421e+08,6.3524,4, 0.000989936,,5.7289e-05,0.000989936,0.00017717,
SmoothExp,CPULinearSparse,508,156.813,1.59883e+08,6.25457,4, 0.000884411,,0.000295965,0.000707439,0.000884411,
SmoothExp,CPULinearSparse,512,156.773,1.53266e+08,6.52462,4, 0.00069306,,0.00069306,0.000459265,0.000431777,
SmoothExp,CPULinearSparse,516,159.891,1.6764e+08,5.96517,4, 0.000954575,,0.000340224,0.000250475,0.000954575,
