functionName, calculator,N,initTime, calcTime, calcHz, bytes, maxError, blankColumn, err1, err2, err3, Blank
NonsmoothAbs,CPUBicubicSparse,8,0,76874,13008.3,4, 0.136075,,0.0660814,0.136075,0.0978095,
NonsmoothAbs,CPUBicubicSparse,12,0.008,40503,24689.5,4, 0.199765,,0.0331391,0.11865,0.199765,
NonsmoothAbs,CPUBicubicSparse,16,0.01,62695,15950.2,4, 0.806992,,0.0322586,0.128743,0.806992,
NonsmoothAbs,CPUBicubicSparse,20,0.029,105145,9510.68,4, 1.86714,,0.116265,0.729625,1.86714,
NonsmoothAbs,CPUBicubicSparse,24,0.025,181389,5513.01,4, 10.4785,,0.170317,3.62558,10.4785,
NonsmoothAbs,CPUBicubicSparse,28,0.048,256611,3896.95,4, 19.2501,,0.430506,4.75623,19.2501,
NonsmoothAbs,CPUBicubicSparse,32,0.041,375952,2659.91,4, 22.8703,,0.895835,7.78297,22.8703,
NonsmoothAbs,CPUBicubicSparse,36,0.052,544813,1835.49,4, 52.9931,,4.85061,20.0612,52.9931,
NonsmoothAbs,CPUBicubicSparse,40,0.1,740523,1350.4,4, 72.6315,,2.74127,37.0791,72.6315,
NonsmoothAbs,CPUBicubicSparse,44,0.101,951036,1051.48,4, 168.07,,8.24827,60.2945,168.07,
NonsmoothAbs,CPUBicubicSparse,48,0.108,1.18152e+06,846.365,4, 137.1,,11.5529,62.3874,137.1,
NonsmoothAbs,CPUBicubicSparse,52,0.117,1.46388e+06,683.115,4, 272.575,,12.7647,126.399,272.575,
NonsmoothAbs,CPUBicubicSparse,56,0.141,1.79422e+06,557.346,4, 591.053,,13.5718,167.147,591.053,
NonsmoothAbs,CPUBicubicSparse,60,0.173,2.14084e+06,467.106,4, 675.724,,18.5764,222.204,675.724,
NonsmoothAbs,CPUBicubicSparse,64,0.215,2.59241e+06,385.741,4, 953.8,,25.8694,257.459,953.8,
NonsmoothAbs,CPUBicubicSparse,68,0.218,3.21016e+06,311.511,4, 1682.5,,33.7709,595.524,1682.5,
NonsmoothAbs,CPUBicubicSparse,72,0.245,3.88076e+06,257.681,4, 2486.76,,73.9123,794.989,2486.76,
NonsmoothAbs,CPUBicubicSparse,76,0.295,4.9005e+06,204.061,4, 2429.16,,87.4417,1364.75,2429.16,
NonsmoothAbs,CPUBicubicSparse,80,0.306,5.34629e+06,187.046,4, 5249.56,,111.651,1364.16,5249.56,
NonsmoothAbs,CPUBicubicSparse,84,0.351,6.19749e+06,161.356,4, 4437.93,,163.792,1990.15,4437.93,
NonsmoothAbs,CPUBicubicSparse,88,0.39,7.06856e+06,141.471,4, 8832.28,,385.307,1974.53,8832.28,
NonsmoothAbs,CPUBicubicSparse,92,0.43,8.0057e+06,124.911,4, 6147.4,,196.119,2877.33,6147.4,
NonsmoothAbs,CPUBicubicSparse,96,0.495,1.83275e+07,54.5628,4, 14167.6,,972.195,3432.46,14167.6,
NonsmoothAbs,CPUBicubicSparse,100,0.563,1.05907e+07,94.4225,4, 20059.1,,2761.75,5540.59,20059.1,
NonsmoothAbs,CPUBicubicSparse,104,0.638,1.20941e+07,82.6849,4, 11154.5,,612.5,5246.01,11154.5,
NonsmoothAbs,CPUBicubicSparse,108,0.683,1.34705e+07,74.2362,4, 17009,,1236.48,6348,17009,
NonsmoothAbs,CPUBicubicSparse,112,0.815,1.50374e+07,66.5009,4, 17296.2,,2503.5,8598.67,17296.2,
NonsmoothAbs,CPUBicubicSparse,116,0.786,1.66198e+07,60.169,4, 28579.3,,1255.6,7967.55,28579.3,
NonsmoothAbs,CPUBicubicSparse,120,0.928,1.89683e+07,52.7195,4, 29463.7,,3083.53,9068.49,29463.7,
NonsmoothAbs,CPUBicubicSparse,124,0.974,2.08515e+07,47.9582,4, 46145,,4367.77,32194.6,46145,
NonsmoothAbs,CPUBicubicSparse,128,1.123,2.21527e+07,45.1413,4, 17350.3,,3929.87,11629.5,17350.3,
NonsmoothAbs,CPUBicubicSparse,132,1.173,2.56584e+07,38.9737,4, 7842.43,,3125.89,7842.43,0,
NonsmoothAbs,CPUBicubicSparse,136,1.341,2.7339e+07,36.5778,4, 415627,,24250.9,415627,130129,
NonsmoothAbs,CPUBicubicSparse,140,1.448,2.94021e+07,34.0111,4, 89442.1,,8766.74,89442.1,88967.7,
NonsmoothAbs,CPUBicubicSparse,144,1.598,3.33031e+07,30.0272,4, 72070.9,,10793.6,72070.9,37336.4,
NonsmoothAbs,CPUBicubicSparse,148,1.639,3.48094e+07,28.7279,4, 52898.3,,5408.28,52898.3,41546.2,
NonsmoothAbs,CPUBicubicSparse,152,1.854,3.77554e+07,26.4862,4, 146778,,9637.26,98531.8,146778,
NonsmoothAbs,CPUBicubicSparse,156,1.884,4.02876e+07,24.8215,4, 124120,,12074.5,85545.7,124120,
NonsmoothAbs,CPUBicubicSparse,160,2.11,4.69116e+07,21.3167,4, 83255.2,,13523.3,56766.7,83255.2,
NonsmoothAbs,CPUBicubicSparse,164,2.242,5.67267e+07,17.6284,4, 446020,,30528.6,446020,295023,
NonsmoothAbs,CPUBicubicSparse,168,2.457,5.11533e+07,19.5491,4, 357633,,30909.1,320733,357633,
NonsmoothAbs,CPUBicubicSparse,172,2.553,5.45022e+07,18.3479,4, 289143,,16734.1,289143,161101,
NonsmoothAbs,CPUBicubicSparse,176,2.729,5.9295e+07,16.8648,4, 198487,,26983.4,192677,198487,
NonsmoothAbs,CPUBicubicSparse,180,2.945,6.2505e+07,15.9987,4, 606155,,38889.6,606155,474717,
NonsmoothAbs,CPUBicubicSparse,184,3.058,6.63561e+07,15.0702,4, 94170.6,,14830.2,94170.6,0,
NonsmoothAbs,CPUBicubicSparse,188,3.385,7.03126e+07,14.2222,4, 458747,,18922.1,349784,458747,
NonsmoothAbs,CPUBicubicSparse,192,3.473,8.47676e+07,11.797,4, 38155.3,,29247.9,38155.3,0,
NonsmoothAbs,CPUBicubicSparse,196,3.848,8.04822e+07,12.4251,4, 41620.4,,41620.4,33151.7,0,
NonsmoothAbs,CPUBicubicSparse,200,3.937,8.66261e+07,11.5439,4, 759514,,42300.2,759514,385700,
NonsmoothAbs,CPUBicubicSparse,204,4.156,9.01246e+07,11.0957,4, 1.04344e+06,,24321,537672,1.04344e+06,
NonsmoothAbs,CPUBicubicSparse,208,4.535,9.83059e+07,10.1723,4, 531373,,22212.4,531373,0,
NonsmoothAbs,CPUBicubicSparse,212,4.837,1.15089e+08,8.68889,4, 378597,,42047,206326,378597,
NonsmoothAbs,CPUBicubicSparse,216,4.973,1.08307e+08,9.23304,4, 1.20892e+06,,70215.6,963444,1.20892e+06,
NonsmoothAbs,CPUBicubicSparse,220,5.308,1.13557e+08,8.80616,4, 1.13532e+06,,24109.2,1.13532e+06,965874,
NonsmoothAbs,CPUBicubicSparse,224,5.564,1.19265e+08,8.38472,4, 62910.5,,61725.9,62910.5,10299.2,
NonsmoothAbs,CPUBicubicSparse,228,5.86,1.2644e+08,7.90889,4, 403880,,63016.2,403880,0,
NonsmoothAbs,CPUBicubicSparse,232,68.283,1.4356e+08,6.96575,4, 342535,,58238.1,342535,0,
NonsmoothAbs,CPUBicubicSparse,236,70.141,1.49413e+08,6.69286,4, 51869.7,,51869.7,0,0,
NonsmoothAbs,CPUBicubicSparse,240,74.347,1.47285e+08,6.78957,4, 1.24898e+06,,53491,176661,1.24898e+06,
NonsmoothAbs,CPUBicubicSparse,244,76.707,1.64443e+08,6.08114,4, 765387,,48191.5,765387,0,
NonsmoothAbs,CPUBicubicSparse,248,84.077,1.91035e+08,5.23466,4, 55376.4,,55376.4,47906.4,0,
NonsmoothAbs,CPUBicubicSparse,252,86.426,2.13615e+08,4.68132,4, 541186,,71691,541186,0,
NonsmoothAbs,CPUBicubicSparse,256,91.46,2.11678e+08,4.72416,4, 172931,,58541.4,172931,0,
NonsmoothAbs,CPUBicubicSparse,260,95.93,2.20397e+08,4.53727,4, 56187.9,,56187.9,28983.2,0,
NonsmoothAbs,CPUBicubicSparse,264,100.962,2.33432e+08,4.2839,4, 44345.9,,44345.9,19653.3,0,
NonsmoothAbs,CPUBicubicSparse,268,102.861,2.62413e+08,3.81078,4, 3.53818e+06,,110747,1.1926e+06,3.53818e+06,
NonsmoothAbs,CPUBicubicSparse,272,109.719,2.53853e+08,3.93929,4, 86396.4,,86396.4,60099.6,0,
NonsmoothAbs,CPUBicubicSparse,276,120.579,2.37445e+08,4.2115,4, 614028,,113704,614028,0,
NonsmoothAbs,CPUBicubicSparse,280,127.899,2.40434e+08,4.15914,4, 301379,,57212,301379,0,
NonsmoothAbs,CPUBicubicSparse,284,130.799,3.51407e+08,2.8457,4, 142021,,129860,142021,0,
NonsmoothAbs,CPUBicubicSparse,288,137.323,2.6067e+08,3.83627,4, 272818,,68264.1,272818,0,
NonsmoothAbs,CPUBicubicSparse,292,147.337,2.66436e+08,3.75325,4, 103544,,103544,92087,0,
NonsmoothAbs,CPUBicubicSparse,296,153.938,2.85624e+08,3.50111,4, 131114,,36787.7,131114,0,
NonsmoothAbs,CPUBicubicSparse,300,156.739,3.11894e+08,3.20622,4, 58962,,58962,22174.9,0,
NonsmoothAbs,CPUBicubicSparse,304,168.083,3.16823e+08,3.15634,4, 59544,,59544,16046.7,0,
NonsmoothAbs,CPUBicubicSparse,308,172.175,3.35993e+08,2.97625,4, 123405,,123405,0,0,
NonsmoothAbs,CPUBicubicSparse,312,179.845,3.76047e+08,2.65924,4, 153094,,153094,0,0,
NonsmoothAbs,CPUBicubicSparse,316,193.054,5.01459e+08,1.99418,4, 45146.1,,45146.1,22215.8,0,
NonsmoothAbs,CPUBicubicSparse,320,194.022,4.94605e+08,2.02181,4, 416098,,75975.7,416098,0,
NonsmoothAbs,CPUBicubicSparse,324,209.266,5.60692e+08,1.78351,4, 138178,,138178,60753.5,0,
NonsmoothAbs,CPUBicubicSparse,328,211.445,3.96518e+08,2.52195,4, 80991.4,,80991.4,26105.2,0,
NonsmoothAbs,CPUBicubicSparse,332,220.486,4.07883e+08,2.45168,4, 51734.6,,51734.6,42912.4,0,
NonsmoothAbs,CPUBicubicSparse,336,226.988,4.25126e+08,2.35224,4, 73978.3,,73978.3,0,0,
NonsmoothAbs,CPUBicubicSparse,340,236.128,4.37937e+08,2.28343,4, 82351.7,,82351.7,0,0,
