calculator chosen: 1
func chosen: 1
cache dir chosen: /scratch/ob749/GA/cache/
FunctionName, Calculator,N,Init time (s), Calc.time(s), Calc.Freq(hz), Bytes, MaxError, FirstBlank, Err1, Err2, Err3, Blank
Smooth exp(-Ar^2-b*rho^2),linear interp; CPU Sparse Matrix   ,8,0.009,9.051e+06,110.485,8, 0.484378,,0.484378,0.431963,0.429232,
Smooth exp(-Ar^2-b*rho^2),linear interp; CPU Sparse Matrix   ,12,0.01,9.03792e+06,110.645,8, 0.356146,,0.356146,0.253128,0.345279,
Smooth exp(-Ar^2-b*rho^2),linear interp; CPU Sparse Matrix   ,16,0.011,1.80448e+07,55.4175,8, 0.226154,,0.226154,0.172341,0.177257,
Smooth exp(-Ar^2-b*rho^2),linear interp; CPU Sparse Matrix   ,20,0.014,1.80464e+07,55.4128,8, 0.133817,,0.133817,0.0873799,0.106037,
Smooth exp(-Ar^2-b*rho^2),linear interp; CPU Sparse Matrix   ,24,0.016,1.81329e+07,55.1484,8, 0.151253,,0.0725848,0.0748252,0.151253,
Smooth exp(-Ar^2-b*rho^2),linear interp; CPU Sparse Matrix   ,28,0.022,1.80807e+07,55.3077,8, 0.140176,,0.0326052,0.0632784,0.140176,
Smooth exp(-Ar^2-b*rho^2),linear interp; CPU Sparse Matrix   ,32,0.029,1.80867e+07,55.2894,8, 0.0664518,,0.00859651,0.0582343,0.0664518,
Smooth exp(-Ar^2-b*rho^2),linear interp; CPU Sparse Matrix   ,36,0.053,1.81214e+07,55.1834,8, 0.0567508,,0.0567508,0.0515696,0.0382994,
Smooth exp(-Ar^2-b*rho^2),linear interp; CPU Sparse Matrix   ,40,0.065,1.81169e+07,55.1971,8, 0.0590504,,0.0590504,0.0433342,0.0572677,
Smooth exp(-Ar^2-b*rho^2),linear interp; CPU Sparse Matrix   ,44,0.084,1.81386e+07,55.1311,8, 0.0498321,,0.0498321,0.0397137,0.0363609,
Smooth exp(-Ar^2-b*rho^2),linear interp; CPU Sparse Matrix   ,48,0.12,1.8272e+07,54.7284,8, 0.0479461,,0.0371243,0.0317729,0.0479461,
Smooth exp(-Ar^2-b*rho^2),linear interp; CPU Sparse Matrix   ,52,0.138,2.41264e+07,41.4483,8, 0.0242294,,0.0242294,0.0209756,0.0171082,
Smooth exp(-Ar^2-b*rho^2),linear interp; CPU Sparse Matrix   ,56,0.204,1.82971e+07,54.6535,8, 0.0279435,,0.0126459,0.0157086,0.0279435,
Smooth exp(-Ar^2-b*rho^2),linear interp; CPU Sparse Matrix   ,60,0.253,1.83799e+07,54.4074,8, 0.030447,,0.00322269,0.0237876,0.030447,
Smooth exp(-Ar^2-b*rho^2),linear interp; CPU Sparse Matrix   ,64,0.274,1.83905e+07,54.3759,8, 0.0432505,,0.00682585,0.0335824,0.0432505,
Smooth exp(-Ar^2-b*rho^2),linear interp; CPU Sparse Matrix   ,68,0.282,1.84867e+07,54.0931,8, 0.0265041,,0.0169187,0.0265041,0.0160425,
Smooth exp(-Ar^2-b*rho^2),linear interp; CPU Sparse Matrix   ,72,0.48,1.53356e+07,65.2079,8, 0.0208525,,0.0208525,0.0204293,0.0131264,
Smooth exp(-Ar^2-b*rho^2),linear interp; CPU Sparse Matrix   ,76,0.49,1.87321e+07,53.3842,8, 0.0212107,,0.0186929,0.0148614,0.0212107,
Smooth exp(-Ar^2-b*rho^2),linear interp; CPU Sparse Matrix   ,80,0.567,4.09462e+07,24.4223,8, 0.0146704,,0.0146704,0.0108375,0.00847181,
Smooth exp(-Ar^2-b*rho^2),linear interp; CPU Sparse Matrix   ,84,0.62,1.89028e+07,52.9022,8, 0.0183917,,0.00990249,0.00739809,0.0183917,
Smooth exp(-Ar^2-b*rho^2),linear interp; CPU Sparse Matrix   ,88,0.907,2.34809e+07,42.5879,8, 0.00670949,,0.00485488,0.0052814,0.00670949,
Smooth exp(-Ar^2-b*rho^2),linear interp; CPU Sparse Matrix   ,92,0.943,2.36489e+07,42.2852,8, 0.013736,,0.00157267,0.0053001,0.013736,
Smooth exp(-Ar^2-b*rho^2),linear interp; CPU Sparse Matrix   ,96,1.095,1.92729e+07,51.8863,8, 0.0122446,,0.00539787,0.00531133,0.0122446,
Smooth exp(-Ar^2-b*rho^2),linear interp; CPU Sparse Matrix   ,100,1.133,1.93942e+07,51.5619,8, 0.020388,,0.00800949,0.00632537,0.020388,
Smooth exp(-Ar^2-b*rho^2),linear interp; CPU Sparse Matrix   ,104,1.358,2.40255e+07,41.6224,8, 0.0106119,,0.0106119,0.00722809,0.00607009,
Smooth exp(-Ar^2-b*rho^2),linear interp; CPU Sparse Matrix   ,108,1.488,1.66534e+07,60.0479,8, 0.010025,,0.010025,0.00762036,0.00807772,
Smooth exp(-Ar^2-b*rho^2),linear interp; CPU Sparse Matrix   ,112,1.778,1.98488e+07,50.3809,8, 0.0115419,,0.00813691,0.00795508,0.0115419,
Smooth exp(-Ar^2-b*rho^2),linear interp; CPU Sparse Matrix   ,116,2.061,2.01119e+07,49.7219,8, 0.008111,,0.0055584,0.008111,0.00591403,
Smooth exp(-Ar^2-b*rho^2),linear interp; CPU Sparse Matrix   ,120,2.125,2.05362e+07,48.6946,8, 0.00909203,,0.0024263,0.00747252,0.00909203,
Smooth exp(-Ar^2-b*rho^2),linear interp; CPU Sparse Matrix   ,124,2.252,2.06855e+07,48.3431,8, 0.00662682,,0.00115863,0.00662682,0.00360907,
Smooth exp(-Ar^2-b*rho^2),linear interp; CPU Sparse Matrix   ,128,2.626,2.53156e+07,39.5013,8, 0.0086747,,0.00416343,0.00556,0.0086747,
Smooth exp(-Ar^2-b*rho^2),linear interp; CPU Sparse Matrix   ,132,2.874,2.56488e+07,38.9882,8, 0.00620568,,0.00471148,0.00372077,0.00620568,
Smooth exp(-Ar^2-b*rho^2),linear interp; CPU Sparse Matrix   ,136,3.161,2.57803e+07,38.7893,8, 0.0117794,,0.00662395,0.00270754,0.0117794,
Smooth exp(-Ar^2-b*rho^2),linear interp; CPU Sparse Matrix   ,140,3.797,2.19032e+07,45.6555,8, 0.00641224,,0.00641224,0.00620466,0.00279317,
Smooth exp(-Ar^2-b*rho^2),linear interp; CPU Sparse Matrix   ,144,4.1,2.20324e+07,45.3878,8, 0.00967928,,0.00525354,0.00967928,0.00567236,
Smooth exp(-Ar^2-b*rho^2),linear interp; CPU Sparse Matrix   ,148,4.138,3.12326e+07,32.0178,8, 0.00770758,,0.00346458,0.00770758,0.00708273,
Smooth exp(-Ar^2-b*rho^2),linear interp; CPU Sparse Matrix   ,152,4.357,2.26764e+07,44.0988,8, 0.00891466,,0.00138536,0.00602933,0.00891466,
Smooth exp(-Ar^2-b*rho^2),linear interp; CPU Sparse Matrix   ,156,4.984,2.28228e+07,43.8158,8, 0.00520161,,0.000924359,0.00453694,0.00520161,
Smooth exp(-Ar^2-b*rho^2),linear interp; CPU Sparse Matrix   ,160,5.402,2.35061e+07,42.5421,8, 0.0033109,,0.00322789,0.0033109,0.00297571,
Smooth exp(-Ar^2-b*rho^2),linear interp; CPU Sparse Matrix   ,164,5.915,2.8593e+07,34.9736,8, 0.00611439,,0.00312657,0.00235004,0.00611439,
Smooth exp(-Ar^2-b*rho^2),linear interp; CPU Sparse Matrix   ,168,5.936,2.43898e+07,41.0008,8, 0.00454419,,0.00454419,0.00154511,0.00331062,
Smooth exp(-Ar^2-b*rho^2),linear interp; CPU Sparse Matrix   ,172,6.525,2.48222e+07,40.2866,8, 0.00743838,,0.00448147,0.00147934,0.00743838,
Smooth exp(-Ar^2-b*rho^2),linear interp; CPU Sparse Matrix   ,176,7.629,2.3165e+07,43.1685,8, 0.00366567,,0.00366567,0.00198125,0.00161243,
Smooth exp(-Ar^2-b*rho^2),linear interp; CPU Sparse Matrix   ,180,8.037,3.01133e+07,33.2079,8, 0.00444354,,0.00242321,0.00249443,0.00444354,
Smooth exp(-Ar^2-b*rho^2),linear interp; CPU Sparse Matrix   ,184,8.95,2.63326e+07,37.9757,8, 0.00483353,,0.000907696,0.00297781,0.00483353,
Smooth exp(-Ar^2-b*rho^2),linear interp; CPU Sparse Matrix   ,188,8.707,3.52332e+07,28.3823,8, 0.0094091,,0.000796642,0.00328797,0.0094091,
Smooth exp(-Ar^2-b*rho^2),linear interp; CPU Sparse Matrix   ,192,8.829,2.63801e+07,37.9073,8, 0.00339258,,0.00264849,0.00339258,0.00305807,
Smooth exp(-Ar^2-b*rho^2),linear interp; CPU Sparse Matrix   ,196,9.976,2.23568e+07,44.7291,8, 0.00343183,,0.00220769,0.00343183,0.00253286,
Smooth exp(-Ar^2-b*rho^2),linear interp; CPU Sparse Matrix   ,200,10.835,3.2949e+07,30.3499,8, 0.00456578,,0.00335848,0.00329582,0.00456578,
Smooth exp(-Ar^2-b*rho^2),linear interp; CPU Sparse Matrix   ,204,11.237,3.08964e+07,32.3662,8, 0.00335941,,0.00335941,0.00294713,0.00157679,
Smooth exp(-Ar^2-b*rho^2),linear interp; CPU Sparse Matrix   ,208,11.768,3.06385e+07,32.6387,8, 0.00495566,,0.00274872,0.00248547,0.00495566,
Smooth exp(-Ar^2-b*rho^2),linear interp; CPU Sparse Matrix   ,212,12.387,3.15159e+07,31.73,8, 0.0017909,,0.0017909,0.00168499,0.0010917,
Smooth exp(-Ar^2-b*rho^2),linear interp; CPU Sparse Matrix   ,216,14.348,3.28644e+07,30.4281,8, 0.0035222,,0.000613014,0.000955071,0.0035222,
Smooth exp(-Ar^2-b*rho^2),linear interp; CPU Sparse Matrix   ,220,15.518,4.05224e+07,24.6777,8, 0.00336947,,0.000744184,0.00307355,0.00336947,
Smooth exp(-Ar^2-b*rho^2),linear interp; CPU Sparse Matrix   ,224,15.081,3.49185e+07,28.6381,8, 0.00665419,,0.00219914,0.0049726,0.00665419,
Smooth exp(-Ar^2-b*rho^2),linear interp; CPU Sparse Matrix   ,228,17.073,4.05585e+07,24.6557,8, 0.00401117,,0.00167446,0.00401117,0.0018732,
Smooth exp(-Ar^2-b*rho^2),linear interp; CPU Sparse Matrix   ,232,17.411,4.39642e+07,22.7458,8, 0.00314816,,0.00261428,0.00314816,0.00224561,
Smooth exp(-Ar^2-b*rho^2),linear interp; CPU Sparse Matrix   ,236,18.58,3.56365e+07,28.0611,8, 0.00349508,,0.00260225,0.00234452,0.00349508,
Smooth exp(-Ar^2-b*rho^2),linear interp; CPU Sparse Matrix   ,240,21.043,7.87081e+07,12.7052,8, 0.00213274,,0.00213274,0.00163897,0.000850211,
Smooth exp(-Ar^2-b*rho^2),linear interp; CPU Sparse Matrix   ,244,20.742,3.71466e+07,26.9204,8, 0.003378,,0.00138725,0.00106292,0.003378,
Smooth exp(-Ar^2-b*rho^2),linear interp; CPU Sparse Matrix   ,248,21.552,3.9236e+07,25.4868,8, 0.000885366,,0.000434357,0.000703351,0.000885366,
Smooth exp(-Ar^2-b*rho^2),linear interp; CPU Sparse Matrix   ,252,21.412,4.16551e+07,24.0067,8, 0.00293207,,0.000659191,0.000675137,0.00293207,
Smooth exp(-Ar^2-b*rho^2),linear interp; CPU Sparse Matrix   ,256,22.368,4.29556e+07,23.2799,8, 0.00237638,,0.00186122,0.00107226,0.00237638,
Smooth exp(-Ar^2-b*rho^2),linear interp; CPU Sparse Matrix   ,260,24.589,4.30908e+07,23.2068,8, 0.00484035,,0.00130407,0.00138222,0.00484035,
Smooth exp(-Ar^2-b*rho^2),linear interp; CPU Sparse Matrix   ,264,25.573,4.02629e+07,24.8368,8, 0.00207994,,0.00207994,0.0016472,0.00110254,
Smooth exp(-Ar^2-b*rho^2),linear interp; CPU Sparse Matrix   ,268,25.603,4.76721e+07,20.9766,8, 0.00209321,,0.00209321,0.00185468,0.00201282,
Smooth exp(-Ar^2-b*rho^2),linear interp; CPU Sparse Matrix   ,272,30.244,4.77757e+07,20.9312,8, 0.00277374,,0.00172974,0.00196507,0.00277374,
Smooth exp(-Ar^2-b*rho^2),linear interp; CPU Sparse Matrix   ,276,32.317,4.67966e+07,21.3691,8, 0.00201721,,0.00111561,0.00201721,0.00155219,
Smooth exp(-Ar^2-b*rho^2),linear interp; CPU Sparse Matrix   ,280,32.988,4.68783e+07,21.3318,8, 0.00234338,,0.000314508,0.00195824,0.00234338,
Smooth exp(-Ar^2-b*rho^2),linear interp; CPU Sparse Matrix   ,284,32.951,4.63509e+07,21.5746,8, 0.00175976,,0.000601654,0.00175976,0.000989926,
Smooth exp(-Ar^2-b*rho^2),linear interp; CPU Sparse Matrix   ,288,37.324,6.55174e+07,15.2631,8, 0.00247151,,0.00160557,0.00146236,0.00247151,
Smooth exp(-Ar^2-b*rho^2),linear interp; CPU Sparse Matrix   ,292,38.698,5.69662e+07,17.5543,8, 0.0016306,,0.00104791,0.000983104,0.0016306,
Smooth exp(-Ar^2-b*rho^2),linear interp; CPU Sparse Matrix   ,296,37.323,5.54796e+07,18.0246,8, 0.00360139,,0.00171921,0.000533635,0.00360139,
Smooth exp(-Ar^2-b*rho^2),linear interp; CPU Sparse Matrix   ,300,40.345,5.63867e+07,17.7347,8, 0.00191001,,0.00173399,0.00191001,0.000656333,
Smooth exp(-Ar^2-b*rho^2),linear interp; CPU Sparse Matrix   ,304,39.332,5.59161e+07,17.8839,8, 0.00313521,,0.00142853,0.00313521,0.00182929,
Smooth exp(-Ar^2-b*rho^2),linear interp; CPU Sparse Matrix   ,308,44.649,6.20061e+07,16.1274,8, 0.00252009,,0.000901906,0.00252009,0.00221051,
Smooth exp(-Ar^2-b*rho^2),linear interp; CPU Sparse Matrix   ,312,46.749,6.55805e+07,15.2484,8, 0.00303899,,0.000234508,0.00197227,0.00303899,
Smooth exp(-Ar^2-b*rho^2),linear interp; CPU Sparse Matrix   ,316,46.168,5.91674e+07,16.9012,8, 0.00163646,,0.000536317,0.00146855,0.00163646,
Smooth exp(-Ar^2-b*rho^2),linear interp; CPU Sparse Matrix   ,320,45.289,6.09003e+07,16.4203,8, 0.001399,,0.001399,0.00102479,0.00100983,
Smooth exp(-Ar^2-b*rho^2),linear interp; CPU Sparse Matrix   ,324,50.715,1.01022e+08,9.89882,8, 0.00211316,,0.00086415,0.000667207,0.00211316,
Smooth exp(-Ar^2-b*rho^2),linear interp; CPU Sparse Matrix   ,328,50.631,6.2887e+07,15.9015,8, 0.00143662,,0.00143662,0.000439018,0.00102783,
Smooth exp(-Ar^2-b*rho^2),linear interp; CPU Sparse Matrix   ,332,53.033,6.75662e+07,14.8003,8, 0.0026989,,0.001459,0.000421885,0.0026989,
Smooth exp(-Ar^2-b*rho^2),linear interp; CPU Sparse Matrix   ,336,53.695,6.83464e+07,14.6313,8, 0.00119975,,0.00119975,0.000697379,0.000400496,
Smooth exp(-Ar^2-b*rho^2),linear interp; CPU Sparse Matrix   ,340,54.181,7.26797e+07,13.759,8, 0.0016629,,0.000757957,0.000928916,0.0016629,
Smooth exp(-Ar^2-b*rho^2),linear interp; CPU Sparse Matrix   ,344,60.784,7.31301e+07,13.6743,8, 0.00177974,,0.000185582,0.00110184,0.00177974,
Smooth exp(-Ar^2-b*rho^2),linear interp; CPU Sparse Matrix   ,348,63.782,7.40202e+07,13.5098,8, 0.00374584,,0.000488962,0.00124229,0.00374584,
Smooth exp(-Ar^2-b*rho^2),linear interp; CPU Sparse Matrix   ,352,65.574,7.7324e+07,12.9326,8, 0.00132286,,0.00124317,0.00132286,0.00112791,
Smooth exp(-Ar^2-b*rho^2),linear interp; CPU Sparse Matrix   ,356,68.758,7.82339e+07,12.7822,8, 0.00134057,,0.000724247,0.00134057,0.00102714,
Smooth exp(-Ar^2-b*rho^2),linear interp; CPU Sparse Matrix   ,360,70.336,8.52781e+07,11.7263,8, 0.00181637,,0.00122808,0.00130406,0.00181637,
Smooth exp(-Ar^2-b*rho^2),linear interp; CPU Sparse Matrix   ,364,72.708,9.03726e+07,11.0653,8, 0.00125325,,0.00125325,0.00118734,0.00052113,
Smooth exp(-Ar^2-b*rho^2),linear interp; CPU Sparse Matrix   ,368,81.302,1.89156e+08,5.28664,8, 0.00204116,,0.00102834,0.000982635,0.00204116,
Smooth exp(-Ar^2-b*rho^2),linear interp; CPU Sparse Matrix   ,372,85.494,2.55705e+08,3.91076,8, 0.000662014,,0.000642645,0.000662014,0.000351433,
Smooth exp(-Ar^2-b*rho^2),linear interp; CPU Sparse Matrix   ,376,77.372,9.54392e+07,10.4779,8, 0.00150921,,0.000142542,0.000320422,0.00150921,
Smooth exp(-Ar^2-b*rho^2),linear interp; CPU Sparse Matrix   ,380,82.97,9.9077e+07,10.0932,8, 0.00140587,,0.000450086,0.00132294,0.00140587,
Smooth exp(-Ar^2-b*rho^2),linear interp; CPU Sparse Matrix   ,384,85.749,9.59167e+07,10.4257,8, 0.00295397,,0.00110649,0.00219347,0.00295397,
Smooth exp(-Ar^2-b*rho^2),linear interp; CPU Sparse Matrix   ,388,91.351,9.98178e+07,10.0183,8, 0.00177191,,0.000623331,0.00177191,0.000757667,
Smooth exp(-Ar^2-b*rho^2),linear interp; CPU Sparse Matrix   ,392,97.875,8.38911e+07,11.9202,8, 0.0013896,,0.00106342,0.0013896,0.00100645,
Smooth exp(-Ar^2-b*rho^2),linear interp; CPU Sparse Matrix   ,396,98.969,8.58955e+07,11.6421,8, 0.00156626,,0.0010847,0.00103611,0.00156626,
Smooth exp(-Ar^2-b*rho^2),linear interp; CPU Sparse Matrix   ,400,106.766,3.75778e+08,2.66115,8, 0.00089027,,0.00089027,0.000711983,0.000333525,
Smooth exp(-Ar^2-b*rho^2),linear interp; CPU Sparse Matrix   ,404,110.458,2.31244e+08,4.32443,8, 0.00154179,,0.000554203,0.000440682,0.00154179,
Smooth exp(-Ar^2-b*rho^2),linear interp; CPU Sparse Matrix   ,408,109.996,1.24319e+08,8.04382,8, 0.000414741,,0.000113153,0.000282638,0.000414741,
Smooth exp(-Ar^2-b*rho^2),linear interp; CPU Sparse Matrix   ,412,115.233,2.00822e+08,4.97954,8, 0.00137609,,0.000409484,0.000294212,0.00137609,
Smooth exp(-Ar^2-b*rho^2),linear interp; CPU Sparse Matrix   ,416,112.631,1.20102e+08,8.32623,8, 0.00108915,,0.000994551,0.000490268,0.00108915,
Smooth exp(-Ar^2-b*rho^2),linear interp; CPU Sparse Matrix   ,420,117.519,1.26034e+08,7.93438,8, 0.00234137,,0.000535123,0.000662049,0.00234137,
Smooth exp(-Ar^2-b*rho^2),linear interp; CPU Sparse Matrix   ,424,119.017,1.34013e+08,7.46195,8, 0.000928082,,0.000928082,0.000794855,0.000492332,
Smooth exp(-Ar^2-b*rho^2),linear interp; CPU Sparse Matrix   ,428,122.43,1.30765e+08,7.64732,8, 0.000989589,,0.000954299,0.000902179,0.000989589,
Smooth exp(-Ar^2-b*rho^2),linear interp; CPU Sparse Matrix   ,432,144.571,1.36812e+08,7.30929,8, 0.0013496,,0.000784726,0.000966116,0.0013496,
Smooth exp(-Ar^2-b*rho^2),linear interp; CPU Sparse Matrix   ,436,139.987,2.93885e+08,3.4027,8, 0.000985456,,0.000485028,0.000985456,0.000775689,
Smooth exp(-Ar^2-b*rho^2),linear interp; CPU Sparse Matrix   ,440,146.359,1.40016e+08,7.14204,8, 0.00115099,,8.77456e-05,0.000961497,0.00115099,
Smooth exp(-Ar^2-b*rho^2),linear interp; CPU Sparse Matrix   ,444,154.852,1.49622e+08,6.6835,8, 0.000877824,,0.000378297,0.000877824,0.0004891,
Smooth exp(-Ar^2-b*rho^2),linear interp; CPU Sparse Matrix   ,448,147.377,2.21958e+08,4.50536,8, 0.00125194,,0.000902326,0.000717474,0.00125194,
Smooth exp(-Ar^2-b*rho^2),linear interp; CPU Sparse Matrix   ,452,157.343,3.25846e+08,3.06894,8, 0.000799818,,0.000468066,0.000472231,0.000799818,
Smooth exp(-Ar^2-b*rho^2),linear interp; CPU Sparse Matrix   ,456,163.583,1.61853e+08,6.17844,8, 0.00186321,,0.000824568,0.000239771,0.00186321,
Smooth exp(-Ar^2-b*rho^2),linear interp; CPU Sparse Matrix   ,460,168.14,1.60593e+08,6.22692,8, 0.000990467,,0.000846953,0.000990467,0.000294945,
Smooth exp(-Ar^2-b*rho^2),linear interp; CPU Sparse Matrix   ,464,164.59,1.59987e+08,6.2505,8, 0.00164858,,0.000692759,0.00164858,0.000954485,
Smooth exp(-Ar^2-b*rho^2),linear interp; CPU Sparse Matrix   ,468,169.059,1.69846e+08,5.8877,8, 0.00133021,,0.000423776,0.00133021,0.00114999,
Smooth exp(-Ar^2-b*rho^2),linear interp; CPU Sparse Matrix   ,472,183.719,1.64915e+08,6.06374,8, 0.00163213,,7.08764e-05,0.00103565,0.00163213,
Smooth exp(-Ar^2-b*rho^2),linear interp; CPU Sparse Matrix   ,476,182.139,1.72632e+08,5.79265,8, 0.000853809,,0.000347139,0.000769854,0.000853809,
Smooth exp(-Ar^2-b*rho^2),linear interp; CPU Sparse Matrix   ,480,174.686,1.74731e+08,5.72309,8, 0.000821827,,0.000821827,0.000528198,0.000542586,
Smooth exp(-Ar^2-b*rho^2),linear interp; CPU Sparse Matrix   ,484,185.392,1.92072e+08,5.20637,8, 0.00113543,,0.000412729,0.000326999,0.00113543,
Smooth exp(-Ar^2-b*rho^2),linear interp; CPU Sparse Matrix   ,488,205.283,2.91695e+08,3.42824,8, 0.000734809,,0.000734809,0.000202034,0.000530365,
Smooth exp(-Ar^2-b*rho^2),linear interp; CPU Sparse Matrix   ,492,210.185,3.49563e+08,2.86071,8, 0.00147848,,0.000755183,0.00022202,0.00147848,
Smooth exp(-Ar^2-b*rho^2),linear interp; CPU Sparse Matrix   ,496,210.24,2.59608e+08,3.85196,8, 0.000618968,,0.000618968,0.000371998,0.00020102,
Smooth exp(-Ar^2-b*rho^2),linear interp; CPU Sparse Matrix   ,500,208.796,5.23337e+08,1.91081,8, 0.000921359,,0.000378872,0.000508212,0.000921359,
Smooth exp(-Ar^2-b*rho^2),linear interp; CPU Sparse Matrix   ,504,241.693,2.02261e+08,4.9441,8, 0.000975827,,5.81156e-05,0.000610647,0.000975827,
Smooth exp(-Ar^2-b*rho^2),linear interp; CPU Sparse Matrix   ,508,223.377,4.90515e+08,2.03868,8, 0.00211903,,0.000323731,0.000691395,0.00211903,
Smooth exp(-Ar^2-b*rho^2),linear interp; CPU Sparse Matrix   ,512,222.208,2.26615e+08,4.41277,8, 0.000755619,,0.000755619,0.000742009,0.000616333,
Smooth exp(-Ar^2-b*rho^2),linear interp; CPU Sparse Matrix   ,516,232.024,2.71822e+08,3.67887,8, 0.000756911,,0.000367775,0.000756911,0.000578711,
