function_name, calculator,N,init_time, calc_time, calc_hz, bytes, max_error, blank_column, err1, err2, err3, Blank
Nonsmooth_sqrt,DCT+Bessel+IDCT; on padded grid    ,8,0.005,8.239e+06,121.374,8, 0.80266,,0.80266,0.411399,0.275359,
Nonsmooth_sqrt,DCT+Bessel+IDCT; on padded grid    ,12,0.035,1.96816e+07,50.8088,8, 0.708433,,0.708433,0.359033,0.233065,
Nonsmooth_sqrt,DCT+Bessel+IDCT; on padded grid    ,16,0.016,9.95778e+06,100.424,8, 0.618722,,0.618722,0.302078,0.228793,
Nonsmooth_sqrt,DCT+Bessel+IDCT; on padded grid    ,20,0.053,1.96773e+07,50.8199,8, 0.52484,,0.52484,0.264842,0.207032,
Nonsmooth_sqrt,DCT+Bessel+IDCT; on padded grid    ,24,0.052,1.9836e+07,50.4134,8, 0.429402,,0.429402,0.238686,0.156594,
Nonsmooth_sqrt,DCT+Bessel+IDCT; on padded grid    ,28,0.033,646927,1545.77,8, 0.337328,,0.337328,0.217282,0.122959,
Nonsmooth_sqrt,DCT+Bessel+IDCT; on padded grid    ,32,0.035,626347,1596.56,8, 0.25357,,0.25357,0.198258,0.143069,
Nonsmooth_sqrt,DCT+Bessel+IDCT; on padded grid    ,36,0.084,711601,1405.28,8, 0.296938,,0.296938,0.180956,0.14918,
Nonsmooth_sqrt,DCT+Bessel+IDCT; on padded grid    ,40,0.091,920296,1086.61,8, 0.387588,,0.387588,0.164085,0.133439,
Nonsmooth_sqrt,DCT+Bessel+IDCT; on padded grid    ,44,0.034,1.53401e+06,651.885,8, 0.42036,,0.42036,0.146821,0.0841172,
Nonsmooth_sqrt,DCT+Bessel+IDCT; on padded grid    ,48,0.098,1.3347e+06,749.235,8, 0.40845,,0.40845,0.128716,0.104622,
Nonsmooth_sqrt,DCT+Bessel+IDCT; on padded grid    ,52,0.039,2.12174e+06,471.312,8, 0.36368,,0.36368,0.108603,0.118282,
Nonsmooth_sqrt,DCT+Bessel+IDCT; on padded grid    ,56,0.06,1.96319e+06,509.374,8, 0.309268,,0.309268,0.0962726,0.117192,
Nonsmooth_sqrt,DCT+Bessel+IDCT; on padded grid    ,60,0.177,1.61404e+06,619.561,8, 0.250328,,0.250328,0.0990196,0.0929029,
Nonsmooth_sqrt,DCT+Bessel+IDCT; on padded grid    ,64,0.048,2.57808e+06,387.885,8, 0.191664,,0.191664,0.0999716,0.080249,
Nonsmooth_sqrt,DCT+Bessel+IDCT; on padded grid    ,68,0.085,2.9204e+06,342.419,8, 0.221735,,0.221735,0.102501,0.0965464,
Nonsmooth_sqrt,DCT+Bessel+IDCT; on padded grid    ,72,0.142,2.47815e+06,403.526,8, 0.284362,,0.284362,0.104869,0.103257,
Nonsmooth_sqrt,DCT+Bessel+IDCT; on padded grid    ,76,0.113,4.88569e+06,204.679,8, 0.312629,,0.312629,0.106953,0.093553,
Nonsmooth_sqrt,DCT+Bessel+IDCT; on padded grid    ,80,0.108,3.70178e+06,270.14,8, 0.316761,,0.316761,0.108625,0.0629345,
Nonsmooth_sqrt,DCT+Bessel+IDCT; on padded grid    ,84,0.131,3.24878e+06,307.808,8, 0.303918,,0.303918,0.109903,0.0794126,
Nonsmooth_sqrt,DCT+Bessel+IDCT; on padded grid    ,88,0.106,4.9311e+06,202.794,8, 0.279131,,0.279131,0.110705,0.0904855,
Nonsmooth_sqrt,DCT+Bessel+IDCT; on padded grid    ,92,0.12,6.61748e+06,151.115,8, 0.24501,,0.24501,0.110925,0.0898298,
Nonsmooth_sqrt,DCT+Bessel+IDCT; on padded grid    ,96,0.116,5.16049e+06,193.78,8, 0.195777,,0.195777,0.110559,0.0695729,
Nonsmooth_sqrt,DCT+Bessel+IDCT; on padded grid    ,100,0.162,4.79602e+06,208.506,8, 0.179417,,0.179417,0.10954,0.0652393,
Nonsmooth_sqrt,DCT+Bessel+IDCT; on padded grid    ,104,0.075,7.20695e+06,138.755,8, 0.233955,,0.233955,0.107776,0.0785489,
Nonsmooth_sqrt,DCT+Bessel+IDCT; on padded grid    ,108,0.166,5.58212e+06,179.143,8, 0.258342,,0.258342,0.105238,0.083793,
Nonsmooth_sqrt,DCT+Bessel+IDCT; on padded grid    ,112,0.095,7.16364e+06,139.594,8, 0.263149,,0.263149,0.101851,0.0749129,
Nonsmooth_sqrt,DCT+Bessel+IDCT; on padded grid    ,116,0.148,1.08848e+07,91.8716,8, 0.254083,,0.254083,0.0975024,0.0534986,
Nonsmooth_sqrt,DCT+Bessel+IDCT; on padded grid    ,120,0.288,6.84373e+06,146.119,8, 0.235114,,0.235114,0.0920956,0.0674199,
Nonsmooth_sqrt,DCT+Bessel+IDCT; on padded grid    ,124,0.138,1.15487e+07,86.5897,8, 0.209634,,0.209634,0.0854567,0.0764436,
Nonsmooth_sqrt,DCT+Bessel+IDCT; on padded grid    ,128,0.137,8.13504e+06,122.925,8, 0.180739,,0.180739,0.0772765,0.0751018,
Nonsmooth_sqrt,DCT+Bessel+IDCT; on padded grid    ,132,0.158,8.31458e+06,120.271,8, 0.154056,,0.154056,0.0670212,0.0557691,
Nonsmooth_sqrt,DCT+Bessel+IDCT; on padded grid    ,136,0.194,1.05853e+07,94.4705,8, 0.203802,,0.203802,0.0596851,0.0571698,
Nonsmooth_sqrt,DCT+Bessel+IDCT; on padded grid    ,140,0.247,9.031e+06,110.73,8, 0.225141,,0.225141,0.0628019,0.0684129,
Nonsmooth_sqrt,DCT+Bessel+IDCT; on padded grid    ,144,0.166,9.25242e+06,108.08,8, 0.229464,,0.229464,0.0653598,0.0722906,
Nonsmooth_sqrt,DCT+Bessel+IDCT; on padded grid    ,148,0.174,1.65925e+07,60.268,8, 0.221748,,0.221748,0.0682898,0.0632211,
Nonsmooth_sqrt,DCT+Bessel+IDCT; on padded grid    ,152,0.218,1.59061e+07,62.8688,8, 0.205503,,0.205503,0.0710369,0.0480123,
Nonsmooth_sqrt,DCT+Bessel+IDCT; on padded grid    ,156,0.169,1.39542e+07,71.6631,8, 0.183743,,0.183743,0.0735578,0.0601538,
Nonsmooth_sqrt,DCT+Bessel+IDCT; on padded grid    ,160,0.176,1.48531e+07,67.3262,8, 0.159182,,0.159182,0.0758037,0.0675885,
Nonsmooth_sqrt,DCT+Bessel+IDCT; on padded grid    ,164,0.212,2.29787e+07,43.5185,8, 0.138384,,0.138384,0.0777082,0.0653866,
Nonsmooth_sqrt,DCT+Bessel+IDCT; on padded grid    ,168,0.245,1.46967e+07,68.0425,8, 0.183239,,0.183239,0.0792262,0.0458241,
Nonsmooth_sqrt,DCT+Bessel+IDCT; on padded grid    ,172,0.176,2.5395e+07,39.3778,8, 0.202661,,0.202661,0.0803108,0.0520252,
Nonsmooth_sqrt,DCT+Bessel+IDCT; on padded grid    ,176,0.219,1.60146e+07,62.4429,8, 0.206732,,0.206732,0.0808997,0.0617094,
Nonsmooth_sqrt,DCT+Bessel+IDCT; on padded grid    ,180,0.266,1.66317e+07,60.1263,8, 0.199857,,0.199857,0.080946,0.0643926,
Nonsmooth_sqrt,DCT+Bessel+IDCT; on padded grid    ,184,0.233,2.82537e+07,35.3936,8, 0.185187,,0.185187,0.080401,0.0547639,
Nonsmooth_sqrt,DCT+Bessel+IDCT; on padded grid    ,188,0.223,3.15674e+07,31.6782,8, 0.165475,,0.165475,0.0791987,0.0443142,
Nonsmooth_sqrt,DCT+Bessel+IDCT; on padded grid    ,192,0.203,1.92123e+07,52.0501,8, 0.143242,,0.143242,0.077278,0.0551811,
Nonsmooth_sqrt,DCT+Bessel+IDCT; on padded grid    ,196,0.174,2.3772e+07,42.0663,8, 0.126369,,0.126369,0.0745655,0.0613125,
Nonsmooth_sqrt,DCT+Bessel+IDCT; on padded grid    ,200,0.22,2.39387e+07,41.7734,8, 0.167516,,0.167516,0.0709521,0.0582239,
Nonsmooth_sqrt,DCT+Bessel+IDCT; on padded grid    ,204,0.402,3.19294e+07,31.3191,8, 0.185536,,0.185536,0.0662923,0.0377182,
Nonsmooth_sqrt,DCT+Bessel+IDCT; on padded grid    ,208,0.209,2.29936e+07,43.4904,8, 0.189561,,0.189561,0.060352,0.0484187,
Nonsmooth_sqrt,DCT+Bessel+IDCT; on padded grid    ,212,0.297,4.42329e+07,22.6076,8, 0.183551,,0.183551,0.0526771,0.0568443,
Nonsmooth_sqrt,DCT+Bessel+IDCT; on padded grid    ,216,0.246,2.97515e+07,33.6117,8, 0.170329,,0.170329,0.0469355,0.058459,
Nonsmooth_sqrt,DCT+Bessel+IDCT; on padded grid    ,220,0.29,5.92667e+07,16.8729,8, 0.152367,,0.152367,0.0496748,0.0480729,
Nonsmooth_sqrt,DCT+Bessel+IDCT; on padded grid    ,224,0.224,3.66274e+07,27.302,8, 0.131954,,0.131954,0.0521233,0.0417606,
Nonsmooth_sqrt,DCT+Bessel+IDCT; on padded grid    ,228,0.457,5.06262e+07,19.7526,8, 0.117132,,0.117132,0.0547325,0.0515094,
Nonsmooth_sqrt,DCT+Bessel+IDCT; on padded grid    ,232,0.283,3.92038e+07,25.5077,8, 0.155231,,0.155231,0.0572181,0.0565226,
Nonsmooth_sqrt,DCT+Bessel+IDCT; on padded grid    ,236,0.363,5.82425e+07,17.1696,8, 0.17196,,0.17196,0.059529,0.0525465,
Nonsmooth_sqrt,DCT+Bessel+IDCT; on padded grid    ,240,0.324,4.2999e+07,23.2563,8, 0.175768,,0.175768,0.0616185,0.0355311,
Nonsmooth_sqrt,DCT+Bessel+IDCT; on padded grid    ,244,0.402,7.51224e+07,13.3116,8, 0.170325,,0.170325,0.0634438,0.0457291,
Nonsmooth_sqrt,DCT+Bessel+IDCT; on padded grid    ,248,0.312,6.83695e+07,14.6264,8, 0.158235,,0.158235,0.0649542,0.0530858,
Nonsmooth_sqrt,DCT+Bessel+IDCT; on padded grid    ,252,0.347,3.38914e+07,29.506,8, 0.141771,,0.141771,0.0661026,0.0537208,
Nonsmooth_sqrt,DCT+Bessel+IDCT; on padded grid    ,256,0.279,3.91639e+07,25.5337,8, 0.12302,,0.12302,0.066846,0.0424307,
Nonsmooth_sqrt,DCT+Bessel+IDCT; on padded grid    ,260,0.373,5.93401e+07,16.852,8, 0.1098,,0.1098,0.0671336,0.0398513,
Nonsmooth_sqrt,DCT+Bessel+IDCT; on padded grid    ,264,0.362,3.81393e+07,26.2197,8, 0.1455,,0.1455,0.0669158,0.0486519,
Nonsmooth_sqrt,DCT+Bessel+IDCT; on padded grid    ,268,0.522,8.21976e+07,12.1658,8, 0.16119,,0.16119,0.0661433,0.0526691,
Nonsmooth_sqrt,DCT+Bessel+IDCT; on padded grid    ,272,0.426,4.99549e+07,20.0181,8, 0.164756,,0.164756,0.0647546,0.0478042,
Nonsmooth_sqrt,DCT+Bessel+IDCT; on padded grid    ,276,0.503,5.91045e+07,16.9192,8, 0.159638,,0.159638,0.0626784,0.0342075,
Nonsmooth_sqrt,DCT+Bessel+IDCT; on padded grid    ,280,0.526,4.57519e+07,21.857,8, 0.148295,,0.148295,0.0598262,0.0436309,
Nonsmooth_sqrt,DCT+Bessel+IDCT; on padded grid    ,284,0.698,1.45126e+08,6.89054,8, 0.132874,,0.132874,0.0560656,0.0500455,
Nonsmooth_sqrt,DCT+Bessel+IDCT; on padded grid    ,288,0.361,6.9616e+07,14.3645,8, 0.115351,,0.115351,0.051187,0.0497618,
Nonsmooth_sqrt,DCT+Bessel+IDCT; on padded grid    ,292,0.596,1.32335e+08,7.55656,8, 0.103569,,0.103569,0.0448042,0.037421,
Nonsmooth_sqrt,DCT+Bessel+IDCT; on padded grid    ,296,0.423,1.04503e+08,9.56908,8, 0.137325,,0.137325,0.039933,0.0383691,
Nonsmooth_sqrt,DCT+Bessel+IDCT; on padded grid    ,300,0.602,8.64061e+07,11.5733,8, 0.152229,,0.152229,0.0423698,0.046335,
Nonsmooth_sqrt,DCT+Bessel+IDCT; on padded grid    ,304,0.489,9.44408e+07,10.5886,8, 0.155685,,0.155685,0.0446274,0.0494416,
Nonsmooth_sqrt,DCT+Bessel+IDCT; on padded grid    ,308,0.348,7.65146e+07,13.0694,8, 0.150916,,0.150916,0.0469758,0.0436781,
Nonsmooth_sqrt,DCT+Bessel+IDCT; on padded grid    ,312,0.472,1.03341e+08,9.67671,8, 0.140227,,0.140227,0.0492216,0.0331955,
Nonsmooth_sqrt,DCT+Bessel+IDCT; on padded grid    ,316,0.649,1.62946e+08,6.13701,8, 0.125646,,0.125646,0.0513264,0.0419348,
Nonsmooth_sqrt,DCT+Bessel+IDCT; on padded grid    ,320,0.477,8.01255e+07,12.4804,8, 0.109049,,0.109049,0.0532472,0.0474954,
Nonsmooth_sqrt,DCT+Bessel+IDCT; on padded grid    ,324,0.362,8.73662e+07,11.4461,8, 0.098258,,0.098258,0.0549406,0.0463337,
Nonsmooth_sqrt,DCT+Bessel+IDCT; on padded grid    ,328,0.505,1.01486e+08,9.85362,8, 0.130297,,0.130297,0.0563664,0.032764,
Nonsmooth_sqrt,DCT+Bessel+IDCT; on padded grid    ,332,0.745,1.83237e+08,5.45741,8, 0.144483,,0.144483,0.0574815,0.0371835,
Nonsmooth_sqrt,DCT+Bessel+IDCT; on padded grid    ,336,0.599,9.21498e+07,10.8519,8, 0.147831,,0.147831,0.0582416,0.0443944,
Nonsmooth_sqrt,DCT+Bessel+IDCT; on padded grid    ,340,0.74,1.02879e+08,9.72015,8, 0.143386,,0.143386,0.0586051,0.0466504,
Nonsmooth_sqrt,DCT+Bessel+IDCT; on padded grid    ,344,0.57,1.37649e+08,7.26485,8, 0.133322,,0.133322,0.0585261,0.0399657,
Nonsmooth_sqrt,DCT+Bessel+IDCT; on padded grid    ,348,0.657,1.29346e+08,7.73121,8, 0.119548,,0.119548,0.057955,0.0323717,
Nonsmooth_sqrt,DCT+Bessel+IDCT; on padded grid    ,352,0.532,9.96365e+07,10.0365,8, 0.103828,,0.103828,0.0568391,0.0405228,
Nonsmooth_sqrt,DCT+Bessel+IDCT; on padded grid    ,356,0.902,2.24237e+08,4.45956,8, 0.0937828,,0.0937828,0.0551135,0.0452925,
Nonsmooth_sqrt,DCT+Bessel+IDCT; on padded grid    ,360,0.563,9.75872e+07,10.2472,8, 0.124333,,0.124333,0.0526937,0.0432779,
Nonsmooth_sqrt,DCT+Bessel+IDCT; on padded grid    ,364,0.434,1.15753e+08,8.63905,8, 0.137858,,0.137858,0.0494628,0.0282283,
Nonsmooth_sqrt,DCT+Bessel+IDCT; on padded grid    ,368,0.625,1.35394e+08,7.38588,8, 0.141047,,0.141047,0.045233,0.0362109,
Nonsmooth_sqrt,DCT+Bessel+IDCT; on padded grid    ,372,0.751,1.47301e+08,6.78883,8, 0.136811,,0.136811,0.0396548,0.0427233,
Nonsmooth_sqrt,DCT+Bessel+IDCT; on padded grid    ,376,0.678,1.63561e+08,6.11393,8, 0.127229,,0.127229,0.0353479,0.0441707,
Nonsmooth_sqrt,DCT+Bessel+IDCT; on padded grid    ,380,0.732,1.43752e+08,6.95644,8, 0.114124,,0.114124,0.0375613,0.0365265,
Nonsmooth_sqrt,DCT+Bessel+IDCT; on padded grid    ,384,0.539,1.14481e+08,8.73504,8, 0.0991782,,0.0991782,0.0396482,0.0317454,
Nonsmooth_sqrt,DCT+Bessel+IDCT; on padded grid    ,388,1.069,2.60714e+08,3.83562,8, 0.0898486,,0.0898486,0.0417922,0.0393166,
Nonsmooth_sqrt,DCT+Bessel+IDCT; on padded grid    ,392,0.428,1.2315e+08,8.12016,8, 0.119144,,0.119144,0.0438514,0.0433404,
Nonsmooth_sqrt,DCT+Bessel+IDCT; on padded grid    ,396,0.689,1.30311e+08,7.67398,8, 0.132133,,0.132133,0.0457871,0.0404851,
Nonsmooth_sqrt,DCT+Bessel+IDCT; on padded grid    ,400,0.52,1.30523e+08,7.66148,8, 0.135209,,0.135209,0.0475625,0.0273954,
Nonsmooth_sqrt,DCT+Bessel+IDCT; on padded grid    ,404,1.142,2.92718e+08,3.41626,8, 0.131155,,0.131155,0.0491393,0.035394,
Nonsmooth_sqrt,DCT+Bessel+IDCT; on padded grid    ,408,0.973,1.59257e+08,6.27917,8, 0.121964,,0.121964,0.0504776,0.0412489,
Nonsmooth_sqrt,DCT+Bessel+IDCT; on padded grid    ,412,1.206,3.07169e+08,3.25553,8, 0.10939,,0.10939,0.0515392,0.0419171,
Nonsmooth_sqrt,DCT+Bessel+IDCT; on padded grid    ,416,0.639,1.48124e+08,6.75109,8, 0.0950537,,0.0950537,0.0522848,0.0332546,
Nonsmooth_sqrt,DCT+Bessel+IDCT; on padded grid    ,420,1.07,1.46142e+08,6.84265,8, 0.0863149,,0.0863149,0.052673,0.031238,
Nonsmooth_sqrt,DCT+Bessel+IDCT; on padded grid    ,424,0.949,2.34295e+08,4.26812,8, 0.114485,,0.114485,0.0526624,0.0382617,
Nonsmooth_sqrt,DCT+Bessel+IDCT; on padded grid    ,428,1.394,3.43145e+08,2.91422,8, 0.127005,,0.127005,0.0522086,0.0415727,
Nonsmooth_sqrt,DCT+Bessel+IDCT; on padded grid    ,432,0.616,1.39951e+08,7.14535,8, 0.130008,,0.130008,0.0512602,0.0378778,
Nonsmooth_sqrt,DCT+Bessel+IDCT; on padded grid    ,436,1.445,3.57125e+08,2.80014,8, 0.126155,,0.126155,0.0497576,0.0271147,
Nonsmooth_sqrt,DCT+Bessel+IDCT; on padded grid    ,440,0.905,1.69097e+08,5.91376,8, 0.117353,,0.117353,0.0476246,0.0346929,
Nonsmooth_sqrt,DCT+Bessel+IDCT; on padded grid    ,444,0.983,2.17504e+08,4.59762,8, 0.105282,,0.105282,0.0447514,0.03992,
Nonsmooth_sqrt,DCT+Bessel+IDCT; on padded grid    ,448,0.716,1.84191e+08,5.42915,8, 0.091497,,0.091497,0.0409662,0.0398283,
Nonsmooth_sqrt,DCT+Bessel+IDCT; on padded grid    ,452,1.6,3.98318e+08,2.51056,8, 0.0832069,,0.0832069,0.0359515,0.0300598,
Nonsmooth_sqrt,DCT+Bessel+IDCT; on padded grid    ,456,1.127,2.06426e+08,4.84435,8, 0.110347,,0.110347,0.0320495,0.0308197,
Nonsmooth_sqrt,DCT+Bessel+IDCT; on padded grid    ,460,1.001,2.18004e+08,4.58708,8, 0.122414,,0.122414,0.034088,0.0373192,
Nonsmooth_sqrt,DCT+Bessel+IDCT; on padded grid    ,464,0.993,2.12475e+08,4.70644,8, 0.125316,,0.125316,0.0360336,0.039941,
Nonsmooth_sqrt,DCT+Bessel+IDCT; on padded grid    ,468,0.882,1.67338e+08,5.97592,8, 0.12162,,0.12162,0.0380168,0.0353962,
Nonsmooth_sqrt,DCT+Bessel+IDCT; on padded grid    ,472,1.208,3.06221e+08,3.26561,8, 0.113164,,0.113164,0.0399251,0.0269052,
Nonsmooth_sqrt,DCT+Bessel+IDCT; on padded grid    ,476,0.885,2.1073e+08,4.74541,8, 0.101561,,0.101561,0.0417249,0.0340779,
Nonsmooth_sqrt,DCT+Bessel+IDCT; on padded grid    ,480,0.867,1.65216e+08,6.05267,8, 0.0883045,,0.0883045,0.0433805,0.0386987,
Nonsmooth_sqrt,DCT+Bessel+IDCT; on padded grid    ,484,0.899,1.83682e+08,5.4442,8, 0.0804352,,0.0804352,0.0448565,0.0378581,
Nonsmooth_sqrt,DCT+Bessel+IDCT; on padded grid    ,488,1.24,3.22656e+08,3.09927,8, 0.106671,,0.106671,0.0461174,0.0268524,
Nonsmooth_sqrt,DCT+Bessel+IDCT; on padded grid    ,492,1.201,2.53572e+08,3.94365,8, 0.118338,,0.118338,0.0471264,0.0304684,
Nonsmooth_sqrt,DCT+Bessel+IDCT; on padded grid    ,496,1.197,2.46992e+08,4.04871,8, 0.121142,,0.121142,0.0478465,0.0364601,
Nonsmooth_sqrt,DCT+Bessel+IDCT; on padded grid    ,500,0.79,1.90635e+08,5.24562,8, 0.117565,,0.117565,0.0482407,0.038409,
Nonsmooth_sqrt,DCT+Bessel+IDCT; on padded grid    ,504,0.761,2.039e+08,4.90437,8, 0.109386,,0.109386,0.0482692,0.0329922,
Nonsmooth_sqrt,DCT+Bessel+IDCT; on padded grid    ,508,1.638,5.22806e+08,1.91275,8, 0.0981695,,0.0981695,0.0478898,0.0267316,
Nonsmooth_sqrt,DCT+Bessel+IDCT; on padded grid    ,512,0.835,1.93356e+08,5.1718,8, 0.0853635,,0.0853635,0.0470559,0.033527,
Nonsmooth_sqrt,DCT+Bessel+IDCT; on padded grid    ,516,1.545,3.15391e+08,3.17066,8, 0.0778839,,0.0778839,0.045711,0.0375568,
