function_name, calculator,N,init_time, calc_time, calc_hz, bytes, max_error, blank_column, err1, err2, err3, Blank
Smooth_exp,DCT+Bessel+IDCT; on padded grid    ,8,0.007,1.51313e+07,66.0883,8, 0.181673,,0.0259268,0.181673,0.152593,
Smooth_exp,DCT+Bessel+IDCT; on padded grid    ,12,0.027,97681,10237.4,8, 0.0166351,,0.00145873,0.0166351,0.0164818,
Smooth_exp,DCT+Bessel+IDCT; on padded grid    ,16,0.014,112032,8926.02,8, 0.00108391,,6.68458e-05,0.000767412,0.00108391,
Smooth_exp,DCT+Bessel+IDCT; on padded grid    ,20,0.035,254891,3923.25,8, 2.09681e-05,,1.29618e-06,1.47861e-05,2.09681e-05,
Smooth_exp,DCT+Bessel+IDCT; on padded grid    ,24,0.035,322686,3098.99,8, 1.23883e-07,,1.13263e-08,1.23883e-07,6.97342e-08,
Smooth_exp,DCT+Bessel+IDCT; on padded grid    ,28,0.028,8.26029e+06,121.061,8, 5.69242e-10,,3.99197e-11,4.46785e-10,5.69242e-10,
Smooth_exp,DCT+Bessel+IDCT; on padded grid    ,32,0.033,1.85373e+07,53.9454,8, 1.44653e-11,,4.03459e-12,1.24425e-11,1.44653e-11,
Smooth_exp,DCT+Bessel+IDCT; on padded grid    ,36,0.084,8.25761e+06,121.1,8, 2.05449e-11,,4.73439e-12,1.27812e-11,2.05449e-11,
Smooth_exp,DCT+Bessel+IDCT; on padded grid    ,40,0.085,8.27858e+06,120.794,8, 2.63214e-11,,5.6703e-12,1.32243e-11,2.63214e-11,
Smooth_exp,DCT+Bessel+IDCT; on padded grid    ,44,0.027,8.31089e+06,120.324,8, 2.16313e-11,,5.77394e-12,1.31257e-11,2.16313e-11,
Smooth_exp,DCT+Bessel+IDCT; on padded grid    ,48,0.086,8.3021e+06,120.451,8, 1.47576e-11,,5.5779e-12,1.24515e-11,1.47576e-11,
Smooth_exp,DCT+Bessel+IDCT; on padded grid    ,52,0.046,1.5987e+07,62.5509,8, 2.0523e-11,,5.22767e-12,1.1121e-11,2.0523e-11,
Smooth_exp,DCT+Bessel+IDCT; on padded grid    ,56,0.05,8.32884e+06,120.065,8, 2.52497e-11,,4.78203e-12,8.87099e-12,2.52497e-11,
Smooth_exp,DCT+Bessel+IDCT; on padded grid    ,60,0.158,7.19349e+06,139.015,8, 2.45988e-11,,4.27788e-12,5.48789e-12,2.45988e-11,
Smooth_exp,DCT+Bessel+IDCT; on padded grid    ,64,0.035,8.38771e+06,119.222,8, 1.36526e-11,,3.74767e-12,6.20847e-12,1.36526e-11,
Smooth_exp,DCT+Bessel+IDCT; on padded grid    ,68,0.102,1.07819e+07,92.7484,8, 1.89317e-11,,3.74772e-12,6.92068e-12,1.89317e-11,
Smooth_exp,DCT+Bessel+IDCT; on padded grid    ,72,0.123,7.64632e+06,130.782,8, 2.35202e-11,,4.81251e-12,7.61678e-12,2.35202e-11,
Smooth_exp,DCT+Bessel+IDCT; on padded grid    ,76,0.081,1.05695e+07,94.6117,8, 2.4769e-11,,5.12024e-12,8.27926e-12,2.4769e-11,
Smooth_exp,DCT+Bessel+IDCT; on padded grid    ,80,0.102,1.01977e+07,98.0614,8, 1.53811e-11,,5.06412e-12,8.90274e-12,1.53811e-11,
Smooth_exp,DCT+Bessel+IDCT; on padded grid    ,84,0.111,1.0237e+07,97.6846,8, 1.67621e-11,,4.79102e-12,9.47341e-12,1.67621e-11,
Smooth_exp,DCT+Bessel+IDCT; on padded grid    ,88,0.085,1.07296e+07,93.2002,8, 2.1403e-11,,4.38223e-12,9.98127e-12,2.1403e-11,
Smooth_exp,DCT+Bessel+IDCT; on padded grid    ,92,0.085,1.25147e+07,79.9057,8, 2.38604e-11,,3.89488e-12,1.04193e-11,2.38604e-11,
Smooth_exp,DCT+Bessel+IDCT; on padded grid    ,96,0.116,1.27751e+07,78.277,8, 2.05568e-11,,3.37577e-12,1.07771e-11,2.05568e-11,
Smooth_exp,DCT+Bessel+IDCT; on padded grid    ,100,0.148,1.15752e+07,86.3917,8, 1.44435e-11,,3.22314e-12,1.1041e-11,1.44435e-11,
Smooth_exp,DCT+Bessel+IDCT; on padded grid    ,104,0.06,1.25414e+07,79.7362,8, 1.90823e-11,,4.21269e-12,1.12018e-11,1.90823e-11,
Smooth_exp,DCT+Bessel+IDCT; on padded grid    ,108,0.14,1.25059e+07,79.962,8, 2.2355e-11,,4.5527e-12,1.12485e-11,2.2355e-11,
Smooth_exp,DCT+Bessel+IDCT; on padded grid    ,112,0.08,1.33201e+07,75.0747,8, 2.1912e-11,,4.5521e-12,1.11676e-11,2.1912e-11,
Smooth_exp,DCT+Bessel+IDCT; on padded grid    ,116,0.105,1.745e+07,57.3065,8, 1.21902e-11,,4.33521e-12,1.09452e-11,1.21902e-11,
Smooth_exp,DCT+Bessel+IDCT; on padded grid    ,120,0.282,7.32505e+06,136.518,8, 1.66971e-11,,3.97771e-12,1.05576e-11,1.66971e-11,
Smooth_exp,DCT+Bessel+IDCT; on padded grid    ,124,0.163,1.49285e+07,66.9862,8, 2.04863e-11,,3.53676e-12,9.97705e-12,2.04863e-11,
Smooth_exp,DCT+Bessel+IDCT; on padded grid    ,128,0.12,1.04899e+07,95.3295,8, 2.17708e-11,,3.05997e-12,9.16155e-12,2.17708e-11,
Smooth_exp,DCT+Bessel+IDCT; on padded grid    ,132,0.132,9.07553e+06,110.186,8, 1.72975e-11,,2.87615e-12,8.0299e-12,1.72975e-11,
Smooth_exp,DCT+Bessel+IDCT; on padded grid    ,136,0.154,1.17708e+07,84.9558,8, 1.43534e-11,,3.78427e-12,6.38652e-12,1.43534e-11,
Smooth_exp,DCT+Bessel+IDCT; on padded grid    ,140,0.229,9.71296e+06,102.955,8, 1.8406e-11,,4.12073e-12,5.87839e-12,1.8406e-11,
Smooth_exp,DCT+Bessel+IDCT; on padded grid    ,144,0.166,1.1134e+07,89.8148,8, 2.08182e-11,,4.14483e-12,6.34345e-12,2.08182e-11,
Smooth_exp,DCT+Bessel+IDCT; on padded grid    ,148,0.136,1.78792e+07,55.931,8, 1.9434e-11,,3.96384e-12,6.80089e-12,1.9434e-11,
Smooth_exp,DCT+Bessel+IDCT; on padded grid    ,152,0.22,1.55877e+07,64.1532,8, 1.21379e-11,,3.6465e-12,7.24426e-12,1.21379e-11,
Smooth_exp,DCT+Bessel+IDCT; on padded grid    ,156,0.156,1.29651e+07,77.1303,8, 1.62324e-11,,3.24613e-12,7.6652e-12,1.62324e-11,
Smooth_exp,DCT+Bessel+IDCT; on padded grid    ,160,0.158,1.26918e+07,78.7912,8, 1.93724e-11,,2.80867e-12,8.0598e-12,1.93724e-11,
Smooth_exp,DCT+Bessel+IDCT; on padded grid    ,164,0.158,2.25395e+07,44.3665,8, 1.98816e-11,,2.62282e-12,8.41659e-12,1.98816e-11,
Smooth_exp,DCT+Bessel+IDCT; on padded grid    ,168,0.224,1.66755e+07,59.9681,8, 1.45916e-11,,3.46151e-12,8.73114e-12,1.45916e-11,
Smooth_exp,DCT+Bessel+IDCT; on padded grid    ,172,0.172,2.77357e+07,36.0546,8, 1.40641e-11,,3.78602e-12,8.99528e-12,1.40641e-11,
Smooth_exp,DCT+Bessel+IDCT; on padded grid    ,176,0.186,2.60271e+07,38.4215,8, 1.76239e-11,,3.82233e-12,9.20193e-12,1.76239e-11,
Smooth_exp,DCT+Bessel+IDCT; on padded grid    ,180,0.365,1.8327e+07,54.5642,8, 1.93969e-11,,3.66577e-12,9.3373e-12,1.93969e-11,
Smooth_exp,DCT+Bessel+IDCT; on padded grid    ,184,0.206,2.59145e+07,38.5884,8, 1.73381e-11,,3.37892e-12,9.40197e-12,1.73381e-11,
Smooth_exp,DCT+Bessel+IDCT; on padded grid    ,188,0.25,3.50267e+07,28.5497,8, 1.19838e-11,,3.01161e-12,9.37816e-12,1.19838e-11,
Smooth_exp,DCT+Bessel+IDCT; on padded grid    ,192,0.267,2.18376e+07,45.7925,8, 1.57106e-11,,2.60681e-12,9.2624e-12,1.57106e-11,
Smooth_exp,DCT+Bessel+IDCT; on padded grid    ,196,0.169,2.51995e+07,39.6834,8, 1.83273e-11,,2.42683e-12,9.03742e-12,1.83273e-11,
Smooth_exp,DCT+Bessel+IDCT; on padded grid    ,200,0.201,2.27449e+07,43.9658,8, 1.82436e-11,,3.20834e-12,8.68643e-12,1.82436e-11,
Smooth_exp,DCT+Bessel+IDCT; on padded grid    ,204,0.387,3.07325e+07,32.5389,8, 1.21926e-11,,3.51912e-12,8.19e-12,1.21926e-11,
Smooth_exp,DCT+Bessel+IDCT; on padded grid    ,208,0.21,3.24467e+07,30.8198,8, 1.37428e-11,,3.56184e-12,7.51201e-12,1.37428e-11,
Smooth_exp,DCT+Bessel+IDCT; on padded grid    ,212,0.253,4.82068e+07,20.7439,8, 1.68832e-11,,3.42285e-12,6.58599e-12,1.68832e-11,
Smooth_exp,DCT+Bessel+IDCT; on padded grid    ,216,0.22,3.02431e+07,33.0654,8, 1.81385e-11,,3.15961e-12,5.25989e-12,1.81385e-11,
Smooth_exp,DCT+Bessel+IDCT; on padded grid    ,220,0.284,2.87943e+07,34.7291,8, 1.55172e-11,,2.81879e-12,5.32272e-12,1.55172e-11,
Smooth_exp,DCT+Bessel+IDCT; on padded grid    ,224,0.197,2.98267e+07,33.527,8, 1.18113e-11,,2.4413e-12,5.70577e-12,1.18113e-11,
Smooth_exp,DCT+Bessel+IDCT; on padded grid    ,228,0.43,3.93849e+07,25.3904,8, 1.52133e-11,,2.26927e-12,6.07947e-12,1.52133e-11,
Smooth_exp,DCT+Bessel+IDCT; on padded grid    ,232,0.284,4.43977e+07,22.5237,8, 1.7388e-11,,3.00307e-12,6.44146e-12,1.7388e-11,
Smooth_exp,DCT+Bessel+IDCT; on padded grid    ,236,0.326,6.31612e+07,15.8325,8, 1.68074e-11,,3.30057e-12,6.7886e-12,1.68074e-11,
Smooth_exp,DCT+Bessel+IDCT; on padded grid    ,240,0.322,4.06935e+07,24.5739,8, 9.9908e-12,,3.34668e-12,7.11083e-12,9.9908e-12,
Smooth_exp,DCT+Bessel+IDCT; on padded grid    ,244,0.342,8.88209e+07,11.2586,8, 1.34352e-11,,3.22097e-12,7.40156e-12,1.34352e-11,
Smooth_exp,DCT+Bessel+IDCT; on padded grid    ,248,0.315,7.02888e+07,14.227,8, 1.62099e-11,,2.9766e-12,7.65765e-12,1.62099e-11,
Smooth_exp,DCT+Bessel+IDCT; on padded grid    ,252,0.405,5.35458e+07,18.6756,8, 1.7021e-11,,2.6577e-12,7.86739e-12,1.7021e-11,
Smooth_exp,DCT+Bessel+IDCT; on padded grid    ,256,0.241,5.19295e+07,19.2569,8, 1.38811e-11,,2.30306e-12,8.02805e-12,1.38811e-11,
Smooth_exp,DCT+Bessel+IDCT; on padded grid    ,260,0.328,4.27271e+07,23.4043,8, 1.16462e-11,,2.13895e-12,8.1365e-12,1.16462e-11,
Smooth_exp,DCT+Bessel+IDCT; on padded grid    ,264,0.372,6.50912e+07,15.3631,8, 1.47575e-11,,2.8326e-12,8.18065e-12,1.47575e-11,
Smooth_exp,DCT+Bessel+IDCT; on padded grid    ,268,0.475,1.14754e+08,8.71433,8, 1.65444e-11,,3.11763e-12,8.15243e-12,1.65444e-11,
Smooth_exp,DCT+Bessel+IDCT; on padded grid    ,272,0.489,6.44564e+07,15.5144,8, 1.55201e-11,,3.16563e-12,8.04234e-12,1.55201e-11,
Smooth_exp,DCT+Bessel+IDCT; on padded grid    ,276,0.494,8.26652e+07,12.097,8, 9.92648e-12,,3.05016e-12,7.83791e-12,9.92648e-12,
Smooth_exp,DCT+Bessel+IDCT; on padded grid    ,280,0.495,5.34155e+07,18.7212,8, 1.31526e-11,,2.82133e-12,7.53289e-12,1.31526e-11,
Smooth_exp,DCT+Bessel+IDCT; on padded grid    ,284,0.599,1.27065e+08,7.86997,8, 1.55993e-11,,2.52075e-12,7.10039e-12,1.55993e-11,
Smooth_exp,DCT+Bessel+IDCT; on padded grid    ,288,0.355,6.77538e+07,14.7593,8, 1.60142e-11,,2.18534e-12,6.514e-12,1.60142e-11,
Smooth_exp,DCT+Bessel+IDCT; on padded grid    ,292,0.597,1.27062e+08,7.87015,8, 1.23592e-11,,2.02909e-12,5.71346e-12,1.23592e-11,
Smooth_exp,DCT+Bessel+IDCT; on padded grid    ,296,0.424,7.89131e+07,12.6722,8, 1.14963e-11,,2.68789e-12,4.58008e-12,1.14963e-11,
Smooth_exp,DCT+Bessel+IDCT; on padded grid    ,300,0.539,6.85021e+07,14.5981,8, 1.43421e-11,,2.96163e-12,4.83068e-12,1.43421e-11,
Smooth_exp,DCT+Bessel+IDCT; on padded grid    ,304,0.488,7.00631e+07,14.2728,8, 1.57791e-11,,3.01059e-12,5.16683e-12,1.57791e-11,
Smooth_exp,DCT+Bessel+IDCT; on padded grid    ,308,0.347,8.7955e+07,11.3695,8, 1.43413e-11,,2.90343e-12,5.49217e-12,1.43413e-11,
Smooth_exp,DCT+Bessel+IDCT; on padded grid    ,312,0.433,8.49492e+07,11.7717,8, 9.87181e-12,,2.68762e-12,5.80891e-12,9.87181e-12,
Smooth_exp,DCT+Bessel+IDCT; on padded grid    ,316,0.652,1.42487e+08,7.01819,8, 1.28957e-11,,2.40279e-12,6.10879e-12,1.28957e-11,
Smooth_exp,DCT+Bessel+IDCT; on padded grid    ,320,0.51,8.5817e+07,11.6527,8, 1.50422e-11,,2.08373e-12,6.39089e-12,1.50422e-11,
Smooth_exp,DCT+Bessel+IDCT; on padded grid    ,324,0.399,8.9375e+07,11.1888,8, 1.50918e-11,,1.9342e-12,6.64901e-12,1.50918e-11,
Smooth_exp,DCT+Bessel+IDCT; on padded grid    ,328,0.576,1.39736e+08,7.15636,8, 1.08934e-11,,2.56327e-12,6.8692e-12,1.08934e-11,
Smooth_exp,DCT+Bessel+IDCT; on padded grid    ,332,0.733,1.54491e+08,6.47286,8, 1.13615e-11,,2.82682e-12,7.05587e-12,1.13615e-11,
Smooth_exp,DCT+Bessel+IDCT; on padded grid    ,336,0.611,8.9203e+07,11.2104,8, 1.39618e-11,,2.87589e-12,7.19729e-12,1.39618e-11,
Smooth_exp,DCT+Bessel+IDCT; on padded grid    ,340,0.644,1.2443e+08,8.03664,8, 1.50747e-11,,2.7757e-12,7.28412e-12,1.50747e-11,
Smooth_exp,DCT+Bessel+IDCT; on padded grid    ,344,0.594,1.46587e+08,6.8219,8, 1.32368e-11,,2.57106e-12,7.31929e-12,1.32368e-11,
Smooth_exp,DCT+Bessel+IDCT; on padded grid    ,348,0.666,1.33313e+08,7.50117,8, 9.82685e-12,,2.29952e-12,7.29273e-12,9.82685e-12,
Smooth_exp,DCT+Bessel+IDCT; on padded grid    ,352,0.568,1.12028e+08,8.9263,8, 1.26605e-11,,1.99497e-12,7.19564e-12,1.26605e-11,
Smooth_exp,DCT+Bessel+IDCT; on padded grid    ,356,0.914,2.21339e+08,4.51796,8, 1.45276e-11,,1.85173e-12,7.01044e-12,1.45276e-11,
Smooth_exp,DCT+Bessel+IDCT; on padded grid    ,360,0.552,9.33341e+07,10.7142,8, 1.42312e-11,,2.45441e-12,6.7406e-12,1.42312e-11,
