function_name, calculator,N,init_time, calc_time, calc_hz, bytes, max_error, blank_column, err1, err2, err3, Blank
Smooth_runge,chebyshev interp; CPU Dense Matrix ,8,0.005,68092,14686,8, 0.306457,,0.306457,0.133957,0.175194,
Smooth_runge,chebyshev interp; CPU Dense Matrix ,12,0.008,248014,4032.03,8, 0.127348,,0.127348,0.0931465,0.0909768,
Smooth_runge,chebyshev interp; CPU Dense Matrix ,16,0.023,946898,1056.08,8, 0.0660404,,0.0660404,0.0282195,0.0340473,
Smooth_runge,chebyshev interp; CPU Dense Matrix ,20,0.014,1.52872e+06,654.141,8, 0.0314831,,0.0314831,0.0126944,0.0141964,
Smooth_runge,chebyshev interp; CPU Dense Matrix ,24,0.021,3.83934e+06,260.461,8, 0.00556227,,0.00556227,0.00508884,0.00480825,
Smooth_runge,chebyshev interp; CPU Dense Matrix ,28,0.044,5.67814e+06,176.114,8, 0.00304697,,0.00220795,0.00275414,0.00304697,
Smooth_runge,chebyshev interp; CPU Dense Matrix ,32,0.073,1.73414e+07,57.6655,8, 0.00302413,,0.00127187,0.00166495,0.00302413,
Smooth_runge,chebyshev interp; CPU Dense Matrix ,36,0.125,1.92488e+07,51.9512,8, 0.00263791,,0.000839278,0.00108965,0.00263791,
Smooth_runge,chebyshev interp; CPU Dense Matrix ,40,0.17,4.24107e+07,23.579,8, 0.00180015,,0.000521912,0.000849875,0.00180015,
Smooth_runge,chebyshev interp; CPU Dense Matrix ,44,0.28,4.3319e+07,23.0845,8, 0.00115252,,0.000563299,0.000637247,0.00115252,
Smooth_runge,chebyshev interp; CPU Dense Matrix ,48,0.367,1.04812e+08,9.54092,8, 0.00152949,,0.000593798,0.000471735,0.00152949,
Smooth_runge,chebyshev interp; CPU Dense Matrix ,52,0.446,8.69896e+07,11.4956,8, 0.00155558,,0.000573636,0.000430504,0.00155558,
Smooth_runge,chebyshev interp; CPU Dense Matrix ,56,0.547,1.74874e+08,5.71841,8, 0.00124071,,0.000515497,0.000429436,0.00124071,
Smooth_runge,chebyshev interp; CPU Dense Matrix ,60,0.735,1.65662e+08,6.0364,8, 0.000749856,,0.000433152,0.000426524,0.000749856,
Smooth_runge,chebyshev interp; CPU Dense Matrix ,64,0.954,3.05712e+08,3.27105,8, 0.000874155,,0.000342864,0.000422201,0.000874155,
Smooth_runge,chebyshev interp; CPU Dense Matrix ,68,1.217,2.71976e+08,3.67679,8, 0.00100909,,0.000251369,0.000413306,0.00100909,
Smooth_runge,chebyshev interp; CPU Dense Matrix ,72,1.531,5.22164e+08,1.91511,8, 0.000923023,,0.000192822,0.000401086,0.000923023,
Smooth_runge,chebyshev interp; CPU Dense Matrix ,76,1.734,4.47511e+08,2.23458,8, 0.000652533,,0.000233073,0.000388002,0.000652533,
Smooth_runge,chebyshev interp; CPU Dense Matrix ,80,2.256,8.88542e+08,1.12544,8, 0.000528212,,0.000254157,0.000371869,0.000528212,
Smooth_runge,chebyshev interp; CPU Dense Matrix ,84,2.591,7.27734e+08,1.37413,8, 0.00068476,,0.000255692,0.000353329,0.00068476,
Smooth_runge,chebyshev interp; CPU Dense Matrix ,88,2.975,1.17427e+09,0.851593,8, 0.000704061,,0.000238317,0.000334206,0.000704061,
Smooth_runge,chebyshev interp; CPU Dense Matrix ,92,3.472,1.08625e+09,0.920598,8, 0.000570966,,0.00020787,0.000313026,0.000570966,
Smooth_runge,chebyshev interp; CPU Dense Matrix ,96,4.128,1.66892e+09,0.599191,8, 0.000354646,,0.000170278,0.000290543,0.000354646,
Smooth_runge,chebyshev interp; CPU Dense Matrix ,100,4.655,1.47443e+09,0.678228,8, 0.000471354,,0.000129772,0.000267734,0.000471354,
Smooth_runge,chebyshev interp; CPU Dense Matrix ,104,5.499,2.16806e+09,0.461243,8, 0.000539868,,0.000110487,0.00024394,0.000539868,
Smooth_runge,chebyshev interp; CPU Dense Matrix ,108,6.066,1.81534e+09,0.550862,8, 0.000493577,,0.000134401,0.000219953,0.000493577,
Smooth_runge,chebyshev interp; CPU Dense Matrix ,112,7.226,3.12647e+09,0.31985,8, 0.000349246,,0.000148727,0.000196247,0.000349246,
Smooth_runge,chebyshev interp; CPU Dense Matrix ,116,7.959,2.44613e+09,0.408809,8, 0.000323437,,0.000151752,0.000172835,0.000323437,
Smooth_runge,chebyshev interp; CPU Dense Matrix ,120,8.551,3.75904e+09,0.266025,8, 0.00041125,,0.000143711,0.000150571,0.00041125,
Smooth_runge,chebyshev interp; CPU Dense Matrix ,124,10.442,3.32828e+09,0.300456,8, 0.000419002,,0.000127446,0.000129792,0.000419002,
Finished a list. std::bad_alloc
