functionName, calculator,N,initTime, calcTime, calcHz, bytes, maxError, blankColumn, err1, err2, err3, Blank
SmoothRunge,GPUBicubicSparse,8,0.276,405066,2468.73,8, 0.138434,,0.0727577,0.138434,0.109669,
SmoothRunge,GPUBicubicSparse,12,0.012,158366,6314.49,8, 0.0408373,,0.0125812,0.0384547,0.0408373,
SmoothRunge,GPUBicubicSparse,16,0.03,226093,4422.96,8, 0.0115913,,0.00894711,0.00805948,0.0115913,
SmoothRunge,GPUBicubicSparse,20,0.068,315329,3171.29,8, 0.00760535,,0.00760535,0.00505778,0.0045824,
SmoothRunge,GPUBicubicSparse,24,0.122,458167,2182.61,8, 0.00535552,,0.00535552,0.00184549,0.00177168,
SmoothRunge,GPUBicubicSparse,28,0.183,604333,1654.72,8, 0.00318853,,0.00318853,0.000751248,0.00112271,
SmoothRunge,GPUBicubicSparse,32,0.279,781217,1280.05,8, 0.00139593,,0.00139593,0.000359599,0.000867025,
SmoothRunge,GPUBicubicSparse,36,0.486,913602,1094.57,8, 0.000586198,,0.000586198,0.000154849,0.000302746,
SmoothRunge,GPUBicubicSparse,40,0.671,1.08903e+06,918.248,8, 0.000174762,,0.000156207,0.000101686,0.000174762,
SmoothRunge,GPUBicubicSparse,44,0.87,1.22438e+06,816.737,8, 0.000257889,,7.64629e-05,8.83384e-05,0.000257889,
SmoothRunge,GPUBicubicSparse,48,1.049,1.40129e+06,713.627,8, 0.000153098,,7.10936e-05,0.000105191,0.000153098,
SmoothRunge,GPUBicubicSparse,52,1.41,1.59646e+06,626.385,8, 0.000111239,,6.71296e-05,0.000111239,5.20341e-05,
SmoothRunge,GPUBicubicSparse,56,1.78,1.72889e+06,578.407,8, 0.000107569,,6.71121e-05,0.000107569,0.000100131,
SmoothRunge,GPUBicubicSparse,60,2.197,1.90123e+06,525.975,8, 0.000153748,,6.46449e-05,9.83631e-05,0.000153748,
SmoothRunge,GPUBicubicSparse,64,2.71,2.22371e+06,449.698,8, 9.48666e-05,,5.11083e-05,8.62581e-05,9.48666e-05,
SmoothRunge,GPUBicubicSparse,68,3.5,2.40725e+06,415.411,8, 7.30491e-05,,2.71087e-05,7.30491e-05,2.8128e-05,
SmoothRunge,GPUBicubicSparse,72,3.986,3.12582e+06,319.916,8, 6.69113e-05,,1.1168e-05,5.99265e-05,6.69113e-05,
SmoothRunge,GPUBicubicSparse,76,4.913,3.49967e+06,285.741,8, 0.000104918,,1.16358e-05,4.75481e-05,0.000104918,
SmoothRunge,GPUBicubicSparse,80,5.053,3.68396e+06,271.447,8, 6.60987e-05,,1.97335e-05,3.64005e-05,6.60987e-05,
SmoothRunge,GPUBicubicSparse,84,6.067,4.04558e+06,247.183,8, 2.71598e-05,,2.71598e-05,2.67285e-05,1.99644e-05,
SmoothRunge,GPUBicubicSparse,88,6.98,4.47738e+06,223.345,8, 4.87599e-05,,3.18349e-05,1.86275e-05,4.87599e-05,
SmoothRunge,GPUBicubicSparse,92,8.152,4.83312e+06,206.906,8, 7.73955e-05,,3.20464e-05,1.21341e-05,7.73955e-05,
SmoothRunge,GPUBicubicSparse,96,9.065,5.28476e+06,189.223,8, 4.94325e-05,,2.61788e-05,7.19245e-06,4.94325e-05,
SmoothRunge,GPUBicubicSparse,100,10.65,5.82786e+06,171.59,8, 1.51147e-05,,1.42472e-05,6.70913e-06,1.51147e-05,
SmoothRunge,GPUBicubicSparse,104,12.321,6.21612e+06,160.872,8, 3.75545e-05,,3.37154e-06,1.34791e-05,3.75545e-05,
SmoothRunge,GPUBicubicSparse,108,14.147,6.69154e+06,149.442,8, 6.01305e-05,,6.63709e-06,2.07295e-05,6.01305e-05,
SmoothRunge,GPUBicubicSparse,112,15.94,7.28465e+06,137.275,8, 3.87685e-05,,1.15548e-05,2.68645e-05,3.87685e-05,
SmoothRunge,GPUBicubicSparse,116,16.923,7.78403e+06,128.468,8, 3.0683e-05,,1.62582e-05,3.0683e-05,1.19576e-05,
SmoothRunge,GPUBicubicSparse,120,19.35,8.19833e+06,121.976,8, 3.17746e-05,,1.94487e-05,3.17746e-05,3.00717e-05,
SmoothRunge,GPUBicubicSparse,124,21.506,8.73938e+06,114.425,8, 4.84433e-05,,1.99395e-05,3.08768e-05,4.84433e-05,
SmoothRunge,GPUBicubicSparse,128,23.286,9.57961e+06,104.388,8, 3.14552e-05,,1.65282e-05,2.86169e-05,3.14552e-05,
SmoothRunge,GPUBicubicSparse,132,27.218,1.04637e+07,95.5681,8, 2.54892e-05,,9.09681e-06,2.54892e-05,9.76431e-06,
SmoothRunge,GPUBicubicSparse,136,27.975,1.10585e+07,90.4278,8, 2.47791e-05,,2.31346e-06,2.18806e-05,2.47791e-05,
SmoothRunge,GPUBicubicSparse,140,29.288,1.17714e+07,84.9517,8, 4.01134e-05,,4.41079e-06,1.81062e-05,4.01134e-05,
SmoothRunge,GPUBicubicSparse,144,31.964,1.26882e+07,78.8134,8, 2.61866e-05,,7.78069e-06,1.44051e-05,2.61866e-05,
SmoothRunge,GPUBicubicSparse,148,34.993,1.35519e+07,73.7903,8, 1.10755e-05,,1.10755e-05,1.09544e-05,8.16717e-06,
SmoothRunge,GPUBicubicSparse,152,38.148,1.46349e+07,68.3297,8, 2.08755e-05,,1.3406e-05,7.88844e-06,2.08755e-05,
SmoothRunge,GPUBicubicSparse,156,41.774,1.81378e+07,55.1335,8, 3.39181e-05,,1.38952e-05,5.29549e-06,3.39181e-05,
SmoothRunge,GPUBicubicSparse,160,45.713,1.63558e+07,61.1404,8, 2.22394e-05,,1.16243e-05,3.227e-06,2.22394e-05,
SmoothRunge,GPUBicubicSparse,164,48.624,1.76333e+07,56.7107,8, 6.97157e-06,,6.44166e-06,3.07936e-06,6.97157e-06,
SmoothRunge,GPUBicubicSparse,168,54.651,1.88802e+07,52.9655,8, 1.79059e-05,,1.70596e-06,6.40724e-06,1.79059e-05,
SmoothRunge,GPUBicubicSparse,172,58.772,2.05532e+07,48.6543,8, 2.91798e-05,,3.20278e-06,1.0058e-05,2.91798e-05,
SmoothRunge,GPUBicubicSparse,176,63.112,2.1646e+07,46.1978,8, 1.91943e-05,,5.69812e-06,1.33085e-05,1.91943e-05,
SmoothRunge,GPUBicubicSparse,180,67.674,2.28695e+07,43.7263,8, 1.5505e-05,,8.17133e-06,1.5505e-05,6.03371e-06,
SmoothRunge,GPUBicubicSparse,184,72.122,2.35613e+07,42.4424,8, 1.63607e-05,,9.96583e-06,1.63607e-05,1.55763e-05,
SmoothRunge,GPUBicubicSparse,188,76.475,2.53522e+07,39.4443,8, 2.54388e-05,,1.03977e-05,1.61881e-05,2.54388e-05,
SmoothRunge,GPUBicubicSparse,192,82.148,2.61448e+07,38.2485,8, 1.67945e-05,,8.74783e-06,1.52617e-05,1.67945e-05,
SmoothRunge,GPUBicubicSparse,196,88.838,2.82477e+07,35.4011,8, 1.38136e-05,,4.86804e-06,1.38136e-05,5.29244e-06,
SmoothRunge,GPUBicubicSparse,200,95.786,3.06323e+07,32.6453,8, 1.36967e-05,,1.32077e-06,1.20423e-05,1.36967e-05,
SmoothRunge,GPUBicubicSparse,204,101.747,3.2458e+07,30.809,8, 2.24301e-05,,2.4597e-06,1.01124e-05,2.24301e-05,
SmoothRunge,GPUBicubicSparse,208,108.761,3.67705e+07,27.1957,8, 1.48456e-05,,4.39967e-06,8.15717e-06,1.48456e-05,
SmoothRunge,GPUBicubicSparse,212,117.756,3.76077e+07,26.5903,8, 6.34102e-06,,6.34102e-06,6.28614e-06,4.68867e-06,
SmoothRunge,GPUBicubicSparse,216,125.248,4.06963e+07,24.5723,8, 1.21969e-05,,7.77312e-06,4.58491e-06,1.21969e-05,
SmoothRunge,GPUBicubicSparse,220,133.643,4.38168e+07,22.8223,8, 1.9967e-05,,8.15004e-06,3.11534e-06,1.9967e-05,
SmoothRunge,GPUBicubicSparse,224,141.58,4.69169e+07,21.3143,8, 1.32389e-05,,6.88545e-06,3.1695e-06,1.32389e-05,
