functionName, calculator,N,initTime, calcTime, calcHz, bytes, maxError, blankColumn, err1, err2, err3, Blank
SmoothExp,GPUBicubicSparse,8,0.118,401815,2488.71,4, 0.183273,,0.0511106,0.161954,0.183273,
SmoothExp,GPUBicubicSparse,12,0.01,119379,8376.68,4, 0.0517616,,0.011376,0.0517616,0.0469282,
SmoothExp,GPUBicubicSparse,16,0.024,175071,5711.97,4, 0.0261708,,0.00797715,0.0124309,0.0261708,
SmoothExp,GPUBicubicSparse,20,0.05,214519,4661.59,4, 0.0376194,,0.00472821,0.00373525,0.0376194,
SmoothExp,GPUBicubicSparse,24,0.093,290794,3438.86,4, 0.0225964,,0.00248834,0.00120801,0.0225964,
SmoothExp,GPUBicubicSparse,28,0.148,408371,2448.75,4, 0.0265759,,0.0011985,0.000949427,0.0265759,
SmoothExp,GPUBicubicSparse,32,0.229,554109,1804.7,4, 0.0301958,,0.000519531,0.000786507,0.0301958,
SmoothExp,GPUBicubicSparse,36,0.358,619267,1614.81,4, 0.0261162,,0.000203806,0.000672123,0.0261162,
SmoothExp,GPUBicubicSparse,40,0.518,730545,1368.84,4, 0.0310468,,0.000219913,0.00103116,0.0310468,
SmoothExp,GPUBicubicSparse,44,0.676,867459,1152.79,4, 0.0222006,,0.000246188,0.000716297,0.0222006,
SmoothExp,GPUBicubicSparse,48,0.887,982937,1017.36,4, 0.0218864,,0.000256203,0.000953185,0.0218864,
SmoothExp,GPUBicubicSparse,52,1.093,1.08604e+06,920.772,4, 0.0226941,,0.00058083,0.00218431,0.0226941,
SmoothExp,GPUBicubicSparse,56,1.403,1.23985e+06,806.549,4, 0.0175081,,0.000545229,0.00184401,0.0175081,
SmoothExp,GPUBicubicSparse,60,1.733,1.42445e+06,702.025,4, 0.0221771,,0.00100445,0.0022138,0.0221771,
SmoothExp,GPUBicubicSparse,64,2.067,1.60172e+06,624.327,4, 0.0230128,,0.00102919,0.00223523,0.0230128,
SmoothExp,GPUBicubicSparse,68,2.571,1.87896e+06,532.208,4, 0.0184332,,0.00149421,0.00312605,0.0184332,
SmoothExp,GPUBicubicSparse,72,3.279,1.99534e+06,501.167,4, 0.019466,,0.00157349,0.0037383,0.019466,
SmoothExp,GPUBicubicSparse,76,3.616,2.22275e+06,449.893,4, 0.0275603,,0.00147005,0.00346472,0.0275603,
SmoothExp,GPUBicubicSparse,80,4.395,2.5571e+06,391.068,4, 0.0298133,,0.00287199,0.00586622,0.0298133,
SmoothExp,GPUBicubicSparse,84,5.129,2.69048e+06,371.681,4, 0.0226073,,0.00339965,0.00859742,0.0226073,
SmoothExp,GPUBicubicSparse,88,5.899,3.10909e+06,321.638,4, 0.0417823,,0.00336566,0.00803243,0.0417823,
SmoothExp,GPUBicubicSparse,92,6.605,3.29031e+06,303.923,4, 0.0680623,,0.00424345,0.0112161,0.0680623,
SmoothExp,GPUBicubicSparse,96,6.982,4.07441e+06,245.434,4, 0.0525111,,0.00564521,0.0117731,0.0525111,
SmoothExp,GPUBicubicSparse,100,8.383,4.49835e+06,222.304,4, 0.0668506,,0.00506159,0.0112269,0.0668506,
SmoothExp,GPUBicubicSparse,104,9.352,4.91756e+06,203.353,4, 0.105387,,0.00610877,0.0124092,0.105387,
SmoothExp,GPUBicubicSparse,108,10.578,5.30915e+06,188.354,4, 0.121923,,0.00805442,0.0166355,0.121923,
SmoothExp,GPUBicubicSparse,112,12.075,5.58799e+06,178.955,4, 0.138619,,0.00841462,0.0320867,0.138619,
SmoothExp,GPUBicubicSparse,116,12.79,5.87594e+06,170.186,4, 0.175347,,0.00791831,0.0264464,0.175347,
SmoothExp,GPUBicubicSparse,120,14.829,6.31271e+06,158.41,4, 0.230806,,0.00910673,0.0269392,0.230806,
SmoothExp,GPUBicubicSparse,124,15.947,6.82433e+06,146.535,4, 0.389905,,0.0133105,0.0477409,0.389905,
SmoothExp,GPUBicubicSparse,128,17.808,7.3533e+06,135.993,4, 0.237023,,0.0147873,0.0355015,0.237023,
SmoothExp,GPUBicubicSparse,132,20.044,7.78065e+06,128.524,4, 0.0380432,,0.0187854,0.0380432,0,
SmoothExp,GPUBicubicSparse,136,22.696,8.43101e+06,118.61,4, 0.589593,,0.0157072,0.0876983,0.589593,
SmoothExp,GPUBicubicSparse,140,23.494,8.89755e+06,112.39,4, 0.717136,,0.0214251,0.075457,0.717136,
SmoothExp,GPUBicubicSparse,144,26.553,9.78938e+06,102.152,4, 0.382395,,0.0198154,0.057323,0.382395,
SmoothExp,GPUBicubicSparse,148,25.864,1.04299e+07,95.878,4, 0.418772,,0.0370887,0.0651953,0.418772,
SmoothExp,GPUBicubicSparse,152,28.33,1.09478e+07,91.3424,4, 0.858227,,0.0316962,0.0728615,0.858227,
SmoothExp,GPUBicubicSparse,156,30.704,1.17995e+07,84.749,4, 1.32276,,0.035278,0.087718,1.32276,
SmoothExp,GPUBicubicSparse,160,32.989,1.23579e+07,80.9201,4, 0.70581,,0.044531,0.103518,0.70581,
SmoothExp,GPUBicubicSparse,164,36.007,1.32866e+07,75.2639,4, 1.81567,,0.0632959,0.124267,1.81567,
SmoothExp,GPUBicubicSparse,168,37.96,1.43093e+07,69.8848,4, 2.45932,,0.13104,0.301203,2.45932,
SmoothExp,GPUBicubicSparse,172,41.345,1.48232e+07,67.462,4, 2.471,,0.0324038,0.124763,2.471,
SmoothExp,GPUBicubicSparse,176,44.15,1.61461e+07,61.9344,4, 0.423499,,0.0593722,0.147621,0.423499,
SmoothExp,GPUBicubicSparse,180,46.812,1.69e+07,59.1718,4, 3.88259,,0.114498,0.290277,3.88259,
SmoothExp,GPUBicubicSparse,184,52.344,1.78114e+07,56.1438,4, 0.292606,,0.0906121,0.292606,0,
SmoothExp,GPUBicubicSparse,188,55.501,1.8976e+07,52.6983,4, 5.96577,,0.0899504,0.326178,5.96577,
SmoothExp,GPUBicubicSparse,192,60.442,1.99501e+07,50.1251,4, 0.290142,,0.0969253,0.290142,0,
SmoothExp,GPUBicubicSparse,196,66.04,2.16343e+07,46.2228,4, 0.731781,,0.289785,0.731781,0,
SmoothExp,GPUBicubicSparse,200,69.63,2.24238e+07,44.5956,4, 5.93842,,0.16291,0.472412,5.93842,
SmoothExp,GPUBicubicSparse,204,73.769,2.33805e+07,42.7707,4, 7.92081,,0.0929637,0.269886,7.92081,
SmoothExp,GPUBicubicSparse,208,79.175,2.50091e+07,39.9855,4, 1.39035,,1.32618,1.39035,0,
SmoothExp,GPUBicubicSparse,212,84.029,2.69983e+07,37.0393,4, 8.70474,,0.114209,0.241354,8.70474,
SmoothExp,GPUBicubicSparse,216,88.633,3.07071e+07,32.5658,4, 14.0853,,0.2676,0.515113,14.0853,
SmoothExp,GPUBicubicSparse,220,94.495,3.10597e+07,32.196,4, 17.3581,,0.230011,0.423821,17.3581,
SmoothExp,GPUBicubicSparse,224,99.984,3.89997e+07,25.6412,4, 0.526942,,0.31902,0.526942,0.00125544,
SmoothExp,GPUBicubicSparse,228,107.082,3.53152e+07,28.3164,4, 0.334913,,0.220638,0.334913,0,
SmoothExp,GPUBicubicSparse,232,114.124,3.94665e+07,25.338,4, 0.243986,,0.102593,0.243986,0,
SmoothExp,GPUBicubicSparse,236,120.638,4.17515e+07,23.9512,4, 0.227448,,0.227448,0,0,
SmoothExp,GPUBicubicSparse,240,127.305,4.41536e+07,22.6482,4, 18.8413,,0.128214,0.436364,18.8413,
SmoothExp,GPUBicubicSparse,244,133.763,4.55897e+07,21.9348,4, 1.07043,,0.440759,1.07043,0,
SmoothExp,GPUBicubicSparse,248,142.857,4.79267e+07,20.8652,4, 2.65503,,0.856636,2.65503,0,
