function_name, calculator,N,init-time, calc-time, calc-hz, bytes, max-error, blank-column, err1, err2, err3, Blank
Nonsmooth_abs,CPU-DCT-nopad,8,0.001,7761,128849,4, 0.436643,,0.069676,0.0643412,0.436643,
Nonsmooth_abs,CPU-DCT-nopad,12,0.003,7271,137533,4, 0.527014,,0.0477882,0.115905,0.527014,
Nonsmooth_abs,CPU-DCT-nopad,16,0.003,13104,76312.6,4, 0.577681,,0.0323418,0.162942,0.577681,
Nonsmooth_abs,CPU-DCT-nopad,20,0.02,17101,58476.1,4, 0.589489,,0.0207213,0.189962,0.589489,
Nonsmooth_abs,CPU-DCT-nopad,24,0.025,41623,24025.2,4, 0.599837,,0.0121876,0.210183,0.599837,
Nonsmooth_abs,CPU-DCT-nopad,28,0.014,53223,18788.9,4, 0.62761,,0.00631557,0.223465,0.62761,
Nonsmooth_abs,CPU-DCT-nopad,32,0.012,48962,20424,4, 0.637542,,0.00608082,0.234542,0.637542,
Nonsmooth_abs,CPU-DCT-nopad,36,0.033,96076,10408.4,4, 0.641083,,0.00621959,0.242352,0.641083,
Nonsmooth_abs,CPU-DCT-nopad,40,0.043,127062,7870.17,4, 0.650763,,0.0054507,0.249325,0.650763,
Nonsmooth_abs,CPU-DCT-nopad,44,0.011,144102,6939.53,4, 0.656498,,0.00418565,0.254459,0.656498,
Nonsmooth_abs,CPU-DCT-nopad,48,0.041,158182,6321.83,4, 0.65866,,0.0028137,0.258884,0.65866,
Nonsmooth_abs,CPU-DCT-nopad,52,0.012,199370,5015.8,4, 0.66306,,0.00218301,0.262632,0.66306,
Nonsmooth_abs,CPU-DCT-nopad,56,0.026,232522,4300.67,4, 0.666097,,0.00264366,0.265526,0.666097,
Nonsmooth_abs,CPU-DCT-nopad,60,0.067,277212,3607.35,4, 0.66999,,0.00268945,0.268387,0.66999,
Nonsmooth_abs,CPU-DCT-nopad,64,0.017,262415,3810.76,4, 0.672206,,0.00268877,0.270636,0.672206,
Nonsmooth_abs,CPU-DCT-nopad,68,0.024,566700,1764.6,4, 0.673646,,0.0030573,0.27289,0.673646,
Nonsmooth_abs,CPU-DCT-nopad,72,0.063,405943,2463.4,4, 0.676105,,0.00339313,0.274686,0.676105,
Nonsmooth_abs,CPU-DCT-nopad,76,0.023,771234,1296.62,4, 0.678187,,0.00368098,0.276508,0.678187,
Nonsmooth_abs,CPU-DCT-nopad,80,0.071,497335,2010.72,4, 0.678676,,0.0039685,0.277975,0.678676,
Nonsmooth_abs,CPU-DCT-nopad,84,0.044,526666,1898.74,4, 0.680425,,0.00421308,0.279477,0.680425,
Nonsmooth_abs,CPU-DCT-nopad,88,0.021,611981,1634.04,4, 0.68252,,0.00444391,0.280698,0.68252,
Nonsmooth_abs,CPU-DCT-nopad,92,0.028,1.11558e+06,896.392,4, 0.682867,,0.00465609,0.281955,0.682867,
Nonsmooth_abs,CPU-DCT-nopad,96,0.077,741069,1349.4,4, 0.684129,,0.00484708,0.282988,0.684129,
Nonsmooth_abs,CPU-DCT-nopad,100,0.068,810766,1233.4,4, 0.685399,,0.00503454,0.284058,0.685399,
Nonsmooth_abs,CPU-DCT-nopad,104,0.023,916404,1091.22,4, 0.685938,,0.00519474,0.284942,0.685938,
Nonsmooth_abs,CPU-DCT-nopad,108,0.06,1.00442e+06,995.603,4, 0.686829,,0.00536159,0.285777,0.686829,
Nonsmooth_abs,CPU-DCT-nopad,112,0.043,955874,1046.16,4, 0.687615,,0.00550736,0.286564,0.687615,
Nonsmooth_abs,CPU-DCT-nopad,116,0.033,2.03903e+06,490.428,4, 0.688151,,0.00564669,0.287216,0.688151,
Nonsmooth_abs,CPU-DCT-nopad,120,0.142,1.19144e+06,839.319,4, 0.68927,,0.00578075,0.287912,0.68927,
Nonsmooth_abs,CPU-DCT-nopad,124,0.032,2.45528e+06,407.286,4, 0.689732,,0.00589945,0.288494,0.689732,
Nonsmooth_abs,CPU-DCT-nopad,128,0.029,1.19079e+06,839.779,4, 0.690002,,0.00602302,0.289115,0.690002,
Nonsmooth_abs,CPU-DCT-nopad,132,0.038,1.44966e+06,689.815,4, 0.691174,,0.00612917,0.289634,0.691174,
Nonsmooth_abs,CPU-DCT-nopad,136,0.058,2.37834e+06,420.461,4, 0.691402,,0.00623879,0.290192,0.691402,
Nonsmooth_abs,CPU-DCT-nopad,140,0.068,1.54097e+06,648.941,4, 0.691571,,0.00633744,0.290659,0.691571,
Nonsmooth_abs,CPU-DCT-nopad,144,0.109,1.58207e+06,632.083,4, 0.692427,,0.00643059,0.291162,0.692427,
Nonsmooth_abs,CPU-DCT-nopad,148,0.039,4.14451e+06,241.283,4, 0.692976,,0.0065234,0.291587,0.692976,
Nonsmooth_abs,CPU-DCT-nopad,152,0.061,3.0549e+06,327.343,4, 0.693079,,0.00660219,0.29204,0.693079,
Nonsmooth_abs,CPU-DCT-nopad,156,0.044,2.1125e+06,473.372,4, 0.693671,,0.00668915,0.292427,0.693671,
Nonsmooth_abs,CPU-DCT-nopad,160,0.121,2.05592e+06,486.401,4, 0.694086,,0.00676387,0.292841,0.694086,
Nonsmooth_abs,CPU-DCT-nopad,164,0.046,5.31135e+06,188.276,4, 0.694292,,0.00683896,0.293193,0.694292,
Nonsmooth_abs,CPU-DCT-nopad,168,0.096,2.13034e+06,469.408,4, 0.694688,,0.00690939,0.293532,0.694688,
Nonsmooth_abs,CPU-DCT-nopad,172,0.05,6.04144e+06,165.523,4, 0.694955,,0.00697439,0.293863,0.694955,
Nonsmooth_abs,CPU-DCT-nopad,176,0.068,2.76418e+06,361.77,4, 0.695389,,0.00704197,0.294143,0.695389,
Nonsmooth_abs,CPU-DCT-nopad,180,0.156,2.61786e+06,381.991,4, 0.6957,,0.00710026,0.294449,0.6957,
Nonsmooth_abs,CPU-DCT-nopad,184,0.073,4.75355e+06,210.369,4, 0.695852,,0.00716283,0.294711,0.695852,
Nonsmooth_abs,CPU-DCT-nopad,188,0.063,6.37582e+06,156.842,4, 0.696197,,0.00721937,0.294999,0.696197,
Nonsmooth_abs,CPU-DCT-nopad,192,0.087,3.06437e+06,326.331,4, 0.696552,,0.00727353,0.29524,0.696552,
Nonsmooth_abs,CPU-DCT-nopad,196,0.048,3.17792e+06,314.671,4, 0.696605,,0.00732751,0.295505,0.696605,
Nonsmooth_abs,CPU-DCT-nopad,200,0.134,3.23056e+06,309.544,4, 0.69689,,0.00737594,0.295736,0.69689,
Nonsmooth_abs,CPU-DCT-nopad,204,0.138,5.57965e+06,179.223,4, 0.697256,,0.00742754,0.295981,0.697256,
Nonsmooth_abs,CPU-DCT-nopad,208,0.053,3.83001e+06,261.096,4, 0.697367,,0.00747251,0.296194,0.697367,
Nonsmooth_abs,CPU-DCT-nopad,212,0.078,1.0515e+07,95.1022,4, 0.6976,,0.00751954,0.296427,0.6976,
Nonsmooth_abs,CPU-DCT-nopad,216,0.125,4.11604e+06,242.952,4, 0.697858,,0.00756352,0.296628,0.697858,
Nonsmooth_abs,CPU-DCT-nopad,220,0.092,4.09717e+06,244.071,4, 0.698013,,0.0076044,0.296845,0.698013,
Nonsmooth_abs,CPU-DCT-nopad,224,0.089,3.90118e+06,256.333,4, 0.6982,,0.00764712,0.297034,0.6982,
Nonsmooth_abs,CPU-DCT-nopad,228,0.146,6.6703e+06,149.918,4, 0.698375,,0.00768338,0.297216,0.698375,
Nonsmooth_abs,CPU-DCT-nopad,232,0.092,8.48616e+06,117.839,4, 0.698485,,0.00772458,0.297398,0.698485,
Nonsmooth_abs,CPU-DCT-nopad,236,0.099,1.33561e+07,74.8724,4, 0.698812,,0.00776015,0.297552,0.698812,
Nonsmooth_abs,CPU-DCT-nopad,240,0.239,4.59717e+06,217.525,4, 0.698916,,0.00779673,0.297725,0.698916,
Nonsmooth_abs,CPU-DCT-nopad,244,0.107,1.46388e+07,68.3117,4, 0.698983,,0.0078317,0.297872,0.698983,
Nonsmooth_abs,CPU-DCT-nopad,248,0.1,9.9863e+06,100.137,4, 0.699295,,0.00786354,0.298034,0.699295,
Nonsmooth_abs,CPU-DCT-nopad,252,0.13,5.22558e+06,191.366,4, 0.699385,,0.00789787,0.298175,0.699385,
Nonsmooth_abs,CPU-DCT-nopad,256,0.077,5.70911e+06,175.159,4, 0.699429,,0.00792767,0.29833,0.699429,
Nonsmooth_abs,CPU-DCT-nopad,260,0.098,6.17365e+06,161.979,4, 0.699675,,0.00795996,0.298465,0.699675,
Nonsmooth_abs,CPU-DCT-nopad,264,0.114,6.55706e+06,152.507,4, 0.699859,,0.00798989,0.298615,0.699859,
Nonsmooth_abs,CPU-DCT-nopad,268,0.113,1.92215e+07,52.0251,4, 0.699895,,0.00801817,0.29874,0.699895,
Nonsmooth_abs,CPU-DCT-nopad,272,0.133,1.00125e+07,99.8755,4, 0.700078,,0.00804736,0.298882,0.700078,
Nonsmooth_abs,CPU-DCT-nopad,276,0.14,1.11333e+07,89.8205,4, 0.700208,,0.00807285,0.299005,0.700208,
Nonsmooth_abs,CPU-DCT-nopad,280,0.152,7.01364e+06,142.579,4, 0.700303,,0.00810104,0.299137,0.700303,
Nonsmooth_abs,CPU-DCT-nopad,284,0.131,2.24044e+07,44.6341,4, 0.70043,,0.00812578,0.299253,0.70043,
Nonsmooth_abs,CPU-DCT-nopad,288,0.188,7.46722e+06,133.919,4, 0.700514,,0.00815235,0.299371,0.700514,
Nonsmooth_abs,CPU-DCT-nopad,292,0.138,2.39067e+07,41.8292,4, 0.700665,,0.00817663,0.299484,0.700665,
Nonsmooth_abs,CPU-DCT-nopad,296,0.127,1.42307e+07,70.2704,4, 0.700801,,0.0081994,0.29958,0.700801,
Nonsmooth_abs,CPU-DCT-nopad,300,0.212,7.66503e+06,130.463,4, 0.700846,,0.00822423,0.299693,0.700846,
Nonsmooth_abs,CPU-DCT-nopad,304,0.148,1.24886e+07,80.0729,4, 0.700975,,0.00824471,0.299785,0.700975,
Nonsmooth_abs,CPU-DCT-nopad,308,0.086,9.52911e+06,104.942,4, 0.701128,,0.00826832,0.29989,0.701128,
Nonsmooth_abs,CPU-DCT-nopad,312,0.13,9.88747e+06,101.138,4, 0.70114,,0.00828956,0.299983,0.70114,
Nonsmooth_abs,CPU-DCT-nopad,316,0.167,2.97844e+07,33.5746,4, 0.701247,,0.00831038,0.300083,0.701247,
Nonsmooth_abs,CPU-DCT-nopad,320,0.138,9.2874e+06,107.673,4, 0.701387,,0.0083319,0.300174,0.701387,
Nonsmooth_abs,CPU-DCT-nopad,324,0.132,1.06064e+07,94.2826,4, 0.701451,,0.00835033,0.30027,0.701451,
Nonsmooth_abs,CPU-DCT-nopad,328,0.145,2.11365e+07,47.3116,4, 0.701541,,0.00837111,0.300354,0.701541,
Nonsmooth_abs,CPU-DCT-nopad,332,0.196,3.48856e+07,28.6651,4, 0.701643,,0.00838909,0.300449,0.701643,
Nonsmooth_abs,CPU-DCT-nopad,336,0.235,9.78939e+06,102.151,4, 0.701713,,0.00840987,0.300537,0.701713,
Nonsmooth_abs,CPU-DCT-nopad,340,0.179,1.60086e+07,62.4663,4, 0.701804,,0.0084268,0.300623,0.701804,
Nonsmooth_abs,CPU-DCT-nopad,344,0.158,2.11436e+07,47.2956,4, 0.70187,,0.00844498,0.300704,0.70187,
Nonsmooth_abs,CPU-DCT-nopad,348,0.181,1.93293e+07,51.7349,4, 0.701914,,0.00846245,0.30078,0.701914,
Nonsmooth_abs,CPU-DCT-nopad,352,0.157,1.22138e+07,81.8746,4, 0.702077,,0.00847816,0.300858,0.702077,
Nonsmooth_abs,CPU-DCT-nopad,356,0.232,4.16878e+07,23.9879,4, 0.70212,,0.00849621,0.300927,0.70212,
Nonsmooth_abs,CPU-DCT-nopad,360,0.314,1.27752e+07,78.2765,4, 0.702142,,0.00851252,0.301005,0.702142,
Nonsmooth_abs,CPU-DCT-nopad,364,0.097,1.43836e+07,69.5234,4, 0.702281,,0.00852924,0.301073,0.702281,
Nonsmooth_abs,CPU-DCT-nopad,368,0.17,2.00668e+07,49.8335,4, 0.702335,,0.00854383,0.301141,0.702335,
Nonsmooth_abs,CPU-DCT-nopad,372,0.19,2.28106e+07,43.8393,4, 0.702355,,0.00855947,0.30121,0.702355,
Nonsmooth_abs,CPU-DCT-nopad,376,0.172,2.68153e+07,37.2922,4, 0.702464,,0.00857566,0.301284,0.702464,
Nonsmooth_abs,CPU-DCT-nopad,380,0.187,2.0146e+07,49.6376,4, 0.702548,,0.00858863,0.301343,0.702548,
Nonsmooth_abs,CPU-DCT-nopad,384,0.155,1.3925e+07,71.8133,4, 0.702579,,0.00860465,0.301416,0.702579,
Nonsmooth_abs,CPU-DCT-nopad,388,0.275,5.59194e+07,17.8829,4, 0.702662,,0.0086171,0.301469,0.702662,
Nonsmooth_abs,CPU-DCT-nopad,392,0.094,1.58892e+07,62.9357,4, 0.702721,,0.00863091,0.301537,0.702721,
Nonsmooth_abs,CPU-DCT-nopad,396,0.186,1.62193e+07,61.6548,4, 0.702781,,0.00864485,0.301596,0.702781,
Nonsmooth_abs,CPU-DCT-nopad,400,0.224,1.536e+07,65.104,4, 0.70284,,0.00865802,0.301665,0.70284,
Nonsmooth_abs,CPU-DCT-nopad,404,0.294,5.58753e+07,17.897,4, 0.702881,,0.00867121,0.30172,0.702881,
Nonsmooth_abs,CPU-DCT-nopad,408,0.33,2.38174e+07,41.9861,4, 0.702952,,0.00868405,0.301779,0.702952,
Nonsmooth_abs,CPU-DCT-nopad,412,0.32,6.75426e+07,14.8055,4, 0.703032,,0.00869644,0.301833,0.703032,
Nonsmooth_abs,CPU-DCT-nopad,416,0.158,1.77182e+07,56.4393,4, 0.703051,,0.00870887,0.301884,0.703051,
Nonsmooth_abs,CPU-DCT-nopad,420,0.321,1.81876e+07,54.9825,4, 0.703116,,0.00872124,0.301943,0.703116,
Nonsmooth_abs,CPU-DCT-nopad,424,0.222,3.76531e+07,26.5582,4, 0.703205,,0.00873277,0.301987,0.703205,
Nonsmooth_abs,CPU-DCT-nopad,428,0.344,7.22816e+07,13.8348,4, 0.703209,,0.00874353,0.302042,0.703209,
Nonsmooth_abs,CPU-DCT-nopad,432,0.237,1.83473e+07,54.5039,4, 0.703268,,0.00875599,0.302091,0.703268,
Nonsmooth_abs,CPU-DCT-nopad,436,0.374,7.03578e+07,14.2131,4, 0.703337,,0.00876674,0.302144,0.703337,
Nonsmooth_abs,CPU-DCT-nopad,440,0.227,1.79011e+07,55.8625,4, 0.703377,,0.00877797,0.302189,0.703377,
Nonsmooth_abs,CPU-DCT-nopad,444,0.249,3.68467e+07,27.1395,4, 0.703426,,0.00878898,0.302242,0.703426,
Nonsmooth_abs,CPU-DCT-nopad,448,0.136,1.75681e+07,56.9212,4, 0.703476,,0.00879906,0.302286,0.703476,
Nonsmooth_abs,CPU-DCT-nopad,452,0.392,7.85188e+07,12.7358,4, 0.703509,,0.0088104,0.302339,0.703509,
Nonsmooth_abs,CPU-DCT-nopad,456,0.356,3.07545e+07,32.5156,4, 0.703568,,0.00881964,0.302381,0.703568,
Nonsmooth_abs,CPU-DCT-nopad,460,0.237,3.1362e+07,31.8857,4, 0.703603,,0.00883127,0.302435,0.703603,
Nonsmooth_abs,CPU-DCT-nopad,464,0.236,3.43731e+07,29.0925,4, 0.703625,,0.00884022,0.302475,0.703625,
Nonsmooth_abs,CPU-DCT-nopad,468,0.217,2.37904e+07,42.0338,4, 0.703715,,0.00885006,0.302518,0.703715,
Nonsmooth_abs,CPU-DCT-nopad,472,0.283,4.99026e+07,20.039,4, 0.703745,,0.0088598,0.302561,0.703745,
Nonsmooth_abs,CPU-DCT-nopad,476,0.234,3.354e+07,29.8152,4, 0.703758,,0.00886857,0.302599,0.703758,
Nonsmooth_abs,CPU-DCT-nopad,480,0.259,2.23027e+07,44.8377,4, 0.703832,,0.00887851,0.302641,0.703832,
Nonsmooth_abs,CPU-DCT-nopad,484,0.21,2.76409e+07,36.1783,4, 0.703872,,0.00888723,0.302679,0.703872,
Nonsmooth_abs,CPU-DCT-nopad,488,0.317,5.46834e+07,18.2871,4, 0.703879,,0.00889709,0.302723,0.703879,
Nonsmooth_abs,CPU-DCT-nopad,492,0.302,4.40292e+07,22.7122,4, 0.703939,,0.00890537,0.302757,0.703939,
Nonsmooth_abs,CPU-DCT-nopad,496,0.262,4.05973e+07,24.6322,4, 0.703988,,0.00891386,0.302799,0.703988,
Nonsmooth_abs,CPU-DCT-nopad,500,0.219,2.54518e+07,39.29,4, 0.704013,,0.00892389,0.302839,0.704013,
Nonsmooth_abs,CPU-DCT-nopad,504,0.342,2.59761e+07,38.497,4, 0.704063,,0.00893071,0.302876,0.704063,
Nonsmooth_abs,CPU-DCT-nopad,508,0.583,1.11288e+08,8.98566,4, 0.70409,,0.00894037,0.302914,0.70409,
Nonsmooth_abs,CPU-DCT-nopad,512,0.215,2.56797e+07,38.9412,4, 0.704137,,0.0089489,0.302957,0.704137,
Nonsmooth_abs,CPU-DCT-nopad,516,0.318,5.32186e+07,18.7904,4, 0.704169,,0.00895702,0.302992,0.704169,
