functionName, calculator,N,initTime, calcTime, calcHz, bytes, maxError, blankColumn, err1, err2, err3, Blank
SmoothRunge,CPUDCTPadded,8,0.003,47429,21084.1,4, 0.154816,,0.0173714,0.154816,0.133135,
SmoothRunge,CPUDCTPadded,12,0.028,46742,21394,4, 0.0323688,,0.00541495,0.0323688,0.0283904,
SmoothRunge,CPUDCTPadded,16,0.012,63487,15751.3,4, 0.0101716,,0.00498749,0.0100019,0.0101716,
SmoothRunge,CPUDCTPadded,20,0.043,121739,8214.29,4, 0.00587509,,0.00324386,0.00439965,0.00587509,
SmoothRunge,CPUDCTPadded,24,0.046,178449,5603.84,4, 0.0028473,,0.00249548,0.00220079,0.0028473,
SmoothRunge,CPUDCTPadded,28,0.027,244954,4082.4,4, 0.003547,,0.00180521,0.00157574,0.003547,
SmoothRunge,CPUDCTPadded,32,0.018,287613,3476.89,4, 0.00317853,,0.00129773,0.00109157,0.00317853,
SmoothRunge,CPUDCTPadded,36,0.066,425790,2348.58,4, 0.00209675,,0.000848926,0.000800655,0.00209675,
SmoothRunge,CPUDCTPadded,40,0.071,500722,1997.12,4, 0.00136749,,0.000521462,0.000584938,0.00136749,
SmoothRunge,CPUDCTPadded,44,0.022,626003,1597.44,4, 0.00180189,,0.000563961,0.000589743,0.00180189,
SmoothRunge,CPUDCTPadded,48,0.08,738715,1353.7,4, 0.00172718,,0.000592735,0.000587075,0.00172718,
SmoothRunge,CPUDCTPadded,52,0.024,822164,1216.3,4, 0.00120724,,0.000574614,0.000580228,0.00120724,
SmoothRunge,CPUDCTPadded,56,0.044,863039,1158.7,4, 0.000857789,,0.000515453,0.000564889,0.000857789,
SmoothRunge,CPUDCTPadded,60,0.145,1.08267e+06,923.644,4, 0.00113836,,0.000433031,0.000541591,0.00113836,
SmoothRunge,CPUDCTPadded,64,0.03,1.07403e+06,931.072,4, 0.00111962,,0.000342866,0.000516978,0.00111962,
SmoothRunge,CPUDCTPadded,68,0.06,2.31897e+06,431.225,4, 0.00080799,,0.000251362,0.000485648,0.00080799,
SmoothRunge,CPUDCTPadded,72,0.114,1.68072e+06,594.983,4, 0.000601291,,0.000192826,0.000449862,0.000601291,
SmoothRunge,CPUDCTPadded,76,0.064,2.96883e+06,336.833,4, 0.000801372,,0.000233056,0.000413013,0.000801372,
SmoothRunge,CPUDCTPadded,80,0.122,2.03668e+06,490.994,4, 0.000800668,,0.000254151,0.000373208,0.000800668,
SmoothRunge,CPUDCTPadded,84,0.099,2.06099e+06,485.203,4, 0.000588901,,0.00025571,0.000330972,0.000588901,
SmoothRunge,CPUDCTPadded,88,0.07,2.68584e+06,372.324,4, 0.000450829,,0.000238298,0.000290054,0.000450829,
SmoothRunge,CPUDCTPadded,92,0.074,4.79372e+06,208.606,4, 0.0006034,,0.000207866,0.000249157,0.0006034,
SmoothRunge,CPUDCTPadded,96,0.14,3.44781e+06,290.039,4, 0.000608969,,0.00017023,0.000210101,0.000608969,
SmoothRunge,CPUDCTPadded,100,0.139,3.28024e+06,304.856,4, 0.000454485,,0.000129748,0.000174167,0.000454485,
SmoothRunge,CPUDCTPadded,104,0.056,3.84428e+06,260.127,4, 0.000354104,,0.000110494,0.00014492,0.000354104,
SmoothRunge,CPUDCTPadded,108,0.13,4.28144e+06,233.566,4, 0.000475627,,0.000134394,0.000157402,0.000475627,
SmoothRunge,CPUDCTPadded,112,0.064,4.63237e+06,215.872,4, 0.000482344,,0.000148709,0.000166386,0.000482344,
SmoothRunge,CPUDCTPadded,116,0.1,7.37675e+06,135.561,4, 0.000364152,,0.000151759,0.000174378,0.000364152,
SmoothRunge,CPUDCTPadded,120,0.245,5.01789e+06,199.287,4, 0.00028798,,0.000143675,0.000178932,0.00028798,
SmoothRunge,CPUDCTPadded,124,0.108,9.11636e+06,109.693,4, 0.000386046,,0.000127444,0.000180466,0.000386046,
SmoothRunge,CPUDCTPadded,128,0.079,6.00736e+06,166.462,4, 0.000394506,,0.00010594,0.000180372,0.000394506,
SmoothRunge,CPUDCTPadded,132,0.119,7.21636e+06,138.574,4, 0.000300115,,8.21802e-05,0.00017763,0.000300115,
SmoothRunge,CPUDCTPadded,136,0.139,1.07084e+07,93.3843,4, 0.000239725,,7.36164e-05,0.000171542,0.000239725,
SmoothRunge,CPUDCTPadded,140,0.158,7.73777e+06,129.236,4, 0.00032353,,8.97551e-05,0.000164217,0.00032353,
SmoothRunge,CPUDCTPadded,144,0.195,8.29828e+06,120.507,4, 0.000330524,,0.000100025,0.00015301,0.000330524,
SmoothRunge,CPUDCTPadded,148,0.134,1.47593e+07,67.754,4, 0.00025172,,0.000102896,0.000140484,0.00025172,
SmoothRunge,CPUDCTPadded,152,0.152,1.34593e+07,74.2982,4, 0.000204652,,9.83002e-05,0.000127778,0.000204652,
SmoothRunge,CPUDCTPadded,156,0.138,1.02049e+07,97.9919,4, 0.000273936,,8.80302e-05,0.000111805,0.000273936,
SmoothRunge,CPUDCTPadded,160,0.208,1.03743e+07,96.3916,4, 0.000282092,,7.38954e-05,9.7163e-05,0.000282092,
SmoothRunge,CPUDCTPadded,164,0.157,1.91545e+07,52.2071,4, 0.000216058,,5.80193e-05,8.27617e-05,0.000216058,
SmoothRunge,CPUDCTPadded,168,0.25,1.13589e+07,88.0368,4, 0.000177131,,5.35118e-05,7.26531e-05,0.000177131,
SmoothRunge,CPUDCTPadded,172,0.166,2.38556e+07,41.9188,4, 0.000238454,,6.53666e-05,7.96772e-05,0.000238454,
SmoothRunge,CPUDCTPadded,176,0.162,1.27223e+07,78.6022,4, 0.000245575,,7.3163e-05,8.5165e-05,0.000245575,
SmoothRunge,CPUDCTPadded,180,0.332,1.33778e+07,74.7507,4, 0.000188957,,7.56061e-05,9.0707e-05,0.000188957,
SmoothRunge,CPUDCTPadded,184,0.182,2.03848e+07,49.0561,4, 0.000155068,,7.27065e-05,9.47005e-05,0.000155068,
SmoothRunge,CPUDCTPadded,188,0.184,2.71381e+07,36.8486,4, 0.000206859,,6.55327e-05,9.63891e-05,0.000206859,
SmoothRunge,CPUDCTPadded,192,0.168,1.45022e+07,68.9553,4, 0.00021563,,5.52624e-05,9.84145e-05,0.00021563,
SmoothRunge,CPUDCTPadded,196,0.108,1.63187e+07,61.2792,4, 0.000165841,,4.37155e-05,9.783e-05,0.000165841,
SmoothRunge,CPUDCTPadded,200,0.251,1.5339e+07,65.1932,4, 0.00013528,,4.11395e-05,9.48907e-05,0.00013528,
SmoothRunge,CPUDCTPadded,204,0.344,2.42786e+07,41.1885,4, 0.000185111,,5.0324e-05,9.35937e-05,0.000185111,
SmoothRunge,CPUDCTPadded,208,0.172,1.81903e+07,54.9745,4, 0.000191025,,5.64623e-05,8.79092e-05,0.000191025,
SmoothRunge,CPUDCTPadded,212,0.241,3.82053e+07,26.1744,4, 0.000149079,,5.85323e-05,8.31438e-05,0.000149079,
SmoothRunge,CPUDCTPadded,216,0.26,1.93344e+07,51.7214,4, 0.000120845,,5.6519e-05,7.41443e-05,0.000120845,
SmoothRunge,CPUDCTPadded,220,0.25,2.06313e+07,48.47,4, 0.000165221,,5.11003e-05,6.75479e-05,0.000165221,
SmoothRunge,CPUDCTPadded,224,0.154,1.83123e+07,54.6081,4, 0.000170006,,4.33947e-05,5.86887e-05,0.000170006,
SmoothRunge,CPUDCTPadded,228,0.375,3.18186e+07,31.4282,4, 0.000133111,,3.4445e-05,5.166e-05,0.000133111,
SmoothRunge,CPUDCTPadded,232,0.266,3.22371e+07,31.0201,4, 0.000109191,,3.2921e-05,4.44844e-05,0.000109191,
SmoothRunge,CPUDCTPadded,236,0.304,5.08588e+07,19.6623,4, 0.000149073,,4.02653e-05,5.00687e-05,0.000149073,
SmoothRunge,CPUDCTPadded,240,0.282,2.32661e+07,42.9809,4, 0.000152792,,4.532e-05,5.2718e-05,0.000152792,
SmoothRunge,CPUDCTPadded,244,0.329,5.55044e+07,18.0166,4, 0.000119092,,4.70879e-05,5.66165e-05,0.000119092,
SmoothRunge,CPUDCTPadded,248,0.287,4.1395e+07,24.1575,4, 9.99539e-05,,4.55906e-05,6.08541e-05,9.99539e-05,
SmoothRunge,CPUDCTPadded,252,0.373,2.70572e+07,36.9588,4, 0.000134134,,4.13282e-05,6.24451e-05,0.000134134,
SmoothRunge,CPUDCTPadded,256,0.239,2.72444e+07,36.7048,4, 0.000139438,,3.52189e-05,6.3647e-05,0.000139438,
SmoothRunge,CPUDCTPadded,260,0.3,2.70247e+07,37.0032,4, 0.000110153,,2.80303e-05,6.5042e-05,0.000110153,
SmoothRunge,CPUDCTPadded,264,0.346,2.9654e+07,33.7223,4, 8.95348e-05,,2.70906e-05,6.28764e-05,8.95348e-05,
SmoothRunge,CPUDCTPadded,268,0.398,7.78192e+07,12.8503,4, 0.000122182,,3.31423e-05,6.11896e-05,0.000122182,
SmoothRunge,CPUDCTPadded,272,0.359,4.2235e+07,23.677,4, 0.000126653,,3.73829e-05,5.81086e-05,0.000126653,
SmoothRunge,CPUDCTPadded,276,0.463,4.90705e+07,20.3788,4, 9.83827e-05,,3.89167e-05,5.40658e-05,9.83827e-05,
SmoothRunge,CPUDCTPadded,280,0.48,2.96497e+07,33.7272,4, 8.43252e-05,,3.77202e-05,5.18989e-05,8.43252e-05,
SmoothRunge,CPUDCTPadded,284,0.458,9.27219e+07,10.7849,4, 0.00011314,,3.43396e-05,4.65078e-05,0.00011314,
SmoothRunge,CPUDCTPadded,288,0.389,3.52075e+07,28.403,4, 0.000115896,,2.93023e-05,3.99603e-05,0.000115896,
SmoothRunge,CPUDCTPadded,292,0.491,9.84202e+07,10.1605,4, 9.03928e-05,,2.34552e-05,3.47595e-05,9.03928e-05,
SmoothRunge,CPUDCTPadded,296,0.401,6.73566e+07,14.8463,4, 7.75438e-05,,2.27656e-05,3.18225e-05,7.75438e-05,
SmoothRunge,CPUDCTPadded,300,0.502,3.88578e+07,25.7349,4, 0.000102124,,2.79717e-05,3.33636e-05,0.000102124,
SmoothRunge,CPUDCTPadded,304,0.417,5.37411e+07,18.6077,4, 0.000108529,,3.14957e-05,3.77922e-05,0.000108529,
SmoothRunge,CPUDCTPadded,308,0.299,3.90293e+07,25.6218,4, 8.57546e-05,,3.28613e-05,4.14513e-05,8.57546e-05,
SmoothRunge,CPUDCTPadded,312,0.359,4.38835e+07,22.7876,4, 6.9944e-05,,3.19317e-05,4.19817e-05,6.9944e-05,
SmoothRunge,CPUDCTPadded,316,0.595,1.21477e+08,8.23201,4, 9.54857e-05,,2.91043e-05,4.42445e-05,9.54857e-05,
SmoothRunge,CPUDCTPadded,320,0.323,4.17734e+07,23.9387,4, 9.8993e-05,,2.49376e-05,4.52551e-05,9.8993e-05,
SmoothRunge,CPUDCTPadded,324,0.311,4.72443e+07,21.1666,4, 7.90769e-05,,1.99366e-05,4.62664e-05,7.90769e-05,
SmoothRunge,CPUDCTPadded,328,0.492,8.72264e+07,11.4644,4, 6.61377e-05,,1.95238e-05,4.61209e-05,6.61377e-05,
SmoothRunge,CPUDCTPadded,332,0.675,1.39713e+08,7.15752,4, 8.97957e-05,,2.3953e-05,4.5495e-05,8.97957e-05,
SmoothRunge,CPUDCTPadded,336,0.519,4.80158e+07,20.8265,4, 9.04965e-05,,2.7095e-05,4.13552e-05,9.04965e-05,
SmoothRunge,CPUDCTPadded,340,0.56,6.99511e+07,14.2957,4, 7.38284e-05,,2.81982e-05,4.04883e-05,7.38284e-05,
SmoothRunge,CPUDCTPadded,344,0.52,8.99938e+07,11.1119,4, 6.00839e-05,,2.75425e-05,3.67817e-05,6.00839e-05,
SmoothRunge,CPUDCTPadded,348,0.523,8.41438e+07,11.8844,4, 8.41575e-05,,2.50519e-05,3.44233e-05,8.41575e-05,
SmoothRunge,CPUDCTPadded,352,0.457,5.64148e+07,17.7258,4, 8.77292e-05,,2.14663e-05,3.03785e-05,8.77292e-05,
SmoothRunge,CPUDCTPadded,356,0.784,1.58373e+08,6.31423,4, 6.99569e-05,,1.71972e-05,2.75379e-05,6.99569e-05,
SmoothRunge,CPUDCTPadded,360,0.483,5.32977e+07,18.7625,4, 5.60177e-05,,1.70358e-05,2.29163e-05,5.60177e-05,
SmoothRunge,CPUDCTPadded,364,0.366,5.51794e+07,18.1227,4, 7.5453e-05,,2.08655e-05,2.46972e-05,7.5453e-05,
SmoothRunge,CPUDCTPadded,368,0.542,8.22337e+07,12.1605,4, 8.14283e-05,,2.35413e-05,2.85969e-05,8.14283e-05,
SmoothRunge,CPUDCTPadded,372,0.585,9.90827e+07,10.0926,4, 6.15257e-05,,2.46672e-05,2.87898e-05,6.15257e-05,
SmoothRunge,CPUDCTPadded,376,0.632,1.13207e+08,8.83339,4, 5.11331e-05,,2.40411e-05,3.07155e-05,5.11331e-05,
SmoothRunge,CPUDCTPadded,380,0.641,8.80436e+07,11.358,4, 7.10097e-05,,2.19325e-05,3.22563e-05,7.10097e-05,
SmoothRunge,CPUDCTPadded,384,0.513,6.16877e+07,16.2107,4, 7.33738e-05,,1.88484e-05,3.3123e-05,7.33738e-05,
SmoothRunge,CPUDCTPadded,388,1.023,2.04911e+08,4.88018,4, 6.01356e-05,,1.50845e-05,3.54332e-05,6.01356e-05,
SmoothRunge,CPUDCTPadded,392,0.392,6.88482e+07,14.5247,4, 5.08474e-05,,1.49165e-05,3.5385e-05,5.08474e-05,
SmoothRunge,CPUDCTPadded,396,0.576,6.99553e+07,14.2948,4, 6.90739e-05,,1.83101e-05,3.49038e-05,6.90739e-05,
SmoothRunge,CPUDCTPadded,400,0.554,6.32047e+07,15.8216,4, 7.02688e-05,,2.07556e-05,3.24483e-05,7.02688e-05,
SmoothRunge,CPUDCTPadded,404,1.255,2.29831e+08,4.35103,4, 5.78622e-05,,2.16513e-05,3.16301e-05,5.78622e-05,
SmoothRunge,CPUDCTPadded,408,0.902,1.01626e+08,9.83996,4, 4.63785e-05,,2.1201e-05,2.82603e-05,4.63785e-05,
SmoothRunge,CPUDCTPadded,412,1.229,2.43914e+08,4.0998,4, 6.51374e-05,,1.93426e-05,2.6816e-05,6.51374e-05,
SmoothRunge,CPUDCTPadded,416,0.519,7.9309e+07,12.6089,4, 6.65663e-05,,1.66036e-05,2.26273e-05,6.65663e-05,
SmoothRunge,CPUDCTPadded,420,0.83,7.8567e+07,12.728,4, 5.10549e-05,,1.34251e-05,1.8824e-05,5.10549e-05,
SmoothRunge,CPUDCTPadded,424,0.843,1.6888e+08,5.92136,4, 4.62226e-05,,1.32907e-05,1.94978e-05,4.62226e-05,
SmoothRunge,CPUDCTPadded,428,1.332,2.7352e+08,3.65604,4, 6.28249e-05,,1.62879e-05,2.20976e-05,6.28249e-05,
SmoothRunge,CPUDCTPadded,432,0.499,7.57388e+07,13.2033,4, 6.67091e-05,,1.83814e-05,2.40716e-05,6.67091e-05,
SmoothRunge,CPUDCTPadded,436,1.531,3.1163e+08,3.20893,4, 5.14967e-05,,1.92469e-05,2.43604e-05,5.14967e-05,
SmoothRunge,CPUDCTPadded,440,0.663,8.47326e+07,11.8018,4, 4.46116e-05,,1.88308e-05,2.74418e-05,4.46116e-05,
SmoothRunge,CPUDCTPadded,444,0.939,1.61434e+08,6.19448,4, 5.94082e-05,,1.72126e-05,2.77308e-05,5.94082e-05,
SmoothRunge,CPUDCTPadded,448,0.475,8.47798e+07,11.7953,4, 6.20193e-05,,1.48098e-05,2.87896e-05,6.20193e-05,
SmoothRunge,CPUDCTPadded,452,1.588,3.23092e+08,3.09509,4, 4.63003e-05,,1.19524e-05,2.696e-05,4.63003e-05,
SmoothRunge,CPUDCTPadded,456,0.997,1.29254e+08,7.73669,4, 4.01945e-05,,1.18902e-05,2.77304e-05,4.01945e-05,
SmoothRunge,CPUDCTPadded,460,0.876,1.25097e+08,7.99379,4, 5.29386e-05,,1.46582e-05,2.66229e-05,5.29386e-05,
SmoothRunge,CPUDCTPadded,464,0.819,1.43371e+08,6.97492,4, 5.98238e-05,,1.64907e-05,2.85969e-05,5.98238e-05,
SmoothRunge,CPUDCTPadded,468,0.748,1.01788e+08,9.82435,4, 4.44556e-05,,1.73141e-05,2.44086e-05,4.44556e-05,
SmoothRunge,CPUDCTPadded,472,1.043,2.07793e+08,4.81248,4, 3.99866e-05,,1.69229e-05,2.47456e-05,3.99866e-05,
SmoothRunge,CPUDCTPadded,476,0.788,1.36827e+08,7.30851,4, 5.31334e-05,,1.54941e-05,2.23385e-05,5.31334e-05,
SmoothRunge,CPUDCTPadded,480,0.687,9.82735e+07,10.1757,4, 5.42636e-05,,1.33628e-05,1.87759e-05,5.42636e-05,
SmoothRunge,CPUDCTPadded,484,0.681,1.08268e+08,9.23633,4, 4.48064e-05,,1.07491e-05,1.83906e-05,4.48064e-05,
SmoothRunge,CPUDCTPadded,488,1.148,2.50268e+08,3.99571,4, 3.57514e-05,,1.07654e-05,1.50687e-05,3.57514e-05,
SmoothRunge,CPUDCTPadded,492,1.144,2.06184e+08,4.85005,4, 4.98207e-05,,1.31701e-05,1.71389e-05,4.98207e-05,
SmoothRunge,CPUDCTPadded,496,0.936,1.7347e+08,5.7647,4, 5.2315e-05,,1.48794e-05,1.79573e-05,5.2315e-05,
SmoothRunge,CPUDCTPadded,500,0.614,1.07995e+08,9.25965,4, 3.87396e-05,,1.57036e-05,1.85832e-05,3.87396e-05,
SmoothRunge,CPUDCTPadded,504,0.74,9.99287e+07,10.0071,4, 3.6336e-05,,1.52541e-05,2.15201e-05,3.6336e-05,
SmoothRunge,CPUDCTPadded,508,2.267,4.5952e+08,2.17618,4, 4.54947e-05,,1.40769e-05,2.12311e-05,4.54947e-05,
SmoothRunge,CPUDCTPadded,512,0.814,1.11251e+08,8.98865,4, 4.59104e-05,,1.21669e-05,1.95461e-05,4.59104e-05,
SmoothRunge,CPUDCTPadded,516,1.271,2.3654e+08,4.22762,4, 3.54527e-05,,9.77666e-06,2.01238e-05,3.54527e-05,
