functionName, calculator,N,initTime, calcTime, calcHz, bytes, maxError, blankColumn, err1, err2, err3, Blank
SmoothPoly,CPULinearSparse,8,0,13622,73410.7,4, 0.100091,,0.100091,0.0580412,0.0847295,
SmoothPoly,CPULinearSparse,12,0,13117,76236.9,4, 0.0471356,,0.0443928,0.0313871,0.0471356,
SmoothPoly,CPULinearSparse,16,0,14058,71133.9,4, 0.0419509,,0.0235623,0.0229533,0.0419509,
SmoothPoly,CPULinearSparse,20,0,19909,50228.5,4, 0.0492374,,0.0110747,0.0178137,0.0492374,
SmoothPoly,CPULinearSparse,24,0,27779,35998.4,4, 0.0141872,,0.00366887,0.0141872,0.0107871,
SmoothPoly,CPULinearSparse,28,0.006,31925,31323.4,4, 0.0122958,,0.00320171,0.0115569,0.0122958,
SmoothPoly,CPULinearSparse,32,0.014,44578,22432.6,4, 0.0127044,,0.00765938,0.00918026,0.0127044,
SmoothPoly,CPULinearSparse,36,0.026,59851,16708.2,4, 0.0184645,,0.00573882,0.0069372,0.0184645,
SmoothPoly,CPULinearSparse,40,0.023,83565,11966.7,4, 0.00625395,,0.00625395,0.00478351,0.00496876,
SmoothPoly,CPULinearSparse,44,0.026,101807,9822.51,4, 0.00654868,,0.00526832,0.00228455,0.00654868,
SmoothPoly,CPULinearSparse,48,0.032,130639,7654.68,4, 0.00633528,,0.00373427,0.0032452,0.00633528,
SmoothPoly,CPULinearSparse,52,0.036,160591,6227,4, 0.0100134,,0.00203626,0.00424044,0.0100134,
SmoothPoly,CPULinearSparse,56,0.057,200548,4986.34,4, 0.00341169,,0.000614946,0.00276155,0.00341169,
SmoothPoly,CPULinearSparse,60,0.042,242401,4125.4,4, 0.0043497,,0.00138467,0.00183438,0.0043497,
SmoothPoly,CPULinearSparse,64,0.052,300499,3327.8,4, 0.00377861,,0.00292254,0.00107574,0.00377861,
SmoothPoly,CPULinearSparse,68,0.052,360813,2771.52,4, 0.0064739,,0.00220573,0.000514536,0.0064739,
SmoothPoly,CPULinearSparse,72,0.05,429598,2327.76,4, 0.00254872,,0.00254872,0.000703011,0.0025037,
SmoothPoly,CPULinearSparse,76,0.06,497483,2010.12,4, 0.00310966,,0.00225359,0.00109144,0.00310966,
SmoothPoly,CPULinearSparse,80,0.073,578054,1729.94,4, 0.00259327,,0.00168201,0.00136283,0.00259327,
SmoothPoly,CPULinearSparse,84,0.082,657916,1519.95,4, 0.00465797,,0.000968809,0.00151952,0.00465797,
SmoothPoly,CPULinearSparse,88,0.09,774967,1290.38,4, 0.00192363,,0.000232473,0.00158692,0.00192363,
SmoothPoly,CPULinearSparse,92,0.122,865116,1155.91,4, 0.00235153,,0.000803299,0.00156883,0.00235153,
SmoothPoly,CPULinearSparse,96,0.121,973760,1026.95,4, 0.00190321,,0.00164548,0.00145529,0.00190321,
SmoothPoly,CPULinearSparse,100,0.135,1.11374e+06,897.88,4, 0.00353086,,0.00124447,0.00124987,0.00353086,
SmoothPoly,CPULinearSparse,104,0.172,1.26506e+06,790.475,4, 0.00157728,,0.00146015,0.000929924,0.00157728,
SmoothPoly,CPULinearSparse,108,0.156,1.40015e+06,714.209,4, 0.00189954,,0.00132439,0.000653211,0.00189954,
SmoothPoly,CPULinearSparse,112,0.137,1.55796e+06,641.863,4, 0.00146566,,0.00101371,0.00102266,0.00146566,
SmoothPoly,CPULinearSparse,116,0.133,1.74146e+06,574.232,4, 0.00279346,,0.000600875,0.0013706,0.00279346,
SmoothPoly,CPULinearSparse,120,0.144,1.936e+06,516.53,4, 0.00129583,,0.000123284,0.000944203,0.00129583,
SmoothPoly,CPULinearSparse,124,0.24,2.08255e+06,480.18,4, 0.00155724,,0.000549313,0.000608184,0.00155724,
SmoothPoly,CPULinearSparse,128,0.229,2.3178e+06,431.443,4, 0.00119114,,0.00109246,0.00037977,0.00119114,
SmoothPoly,CPULinearSparse,132,0.22,2.51458e+06,397.681,4, 0.00228796,,0.000824974,0.000188642,0.00228796,
SmoothPoly,CPULinearSparse,136,0.242,2.77257e+06,360.676,4, 0.00108026,,0.00097859,0.000213033,0.00108026,
SmoothPoly,CPULinearSparse,140,0.27,3.01016e+06,332.208,4, 0.00131695,,0.000897951,0.000385201,0.00131695,
SmoothPoly,CPULinearSparse,144,0.247,3.27725e+06,305.134,4, 0.000987606,,0.000698493,0.000515897,0.000987606,
SmoothPoly,CPULinearSparse,148,0.262,3.55258e+06,281.485,4, 0.00190155,,0.000413857,0.000604138,0.00190155,
SmoothPoly,CPULinearSparse,152,0.291,3.85758e+06,259.23,4, 0.000940401,,9.0663e-05,0.000658264,0.000940401,
SmoothPoly,CPULinearSparse,156,0.293,4.14277e+06,241.384,4, 0.00115238,,0.000404099,0.000668571,0.00115238,
SmoothPoly,CPULinearSparse,160,0.323,4.45973e+06,224.229,4, 0.000835263,,0.000795213,0.00063976,0.000835263,
SmoothPoly,CPULinearSparse,164,0.377,9.85488e+06,101.473,4, 0.00161422,,0.000604779,0.000559968,0.00161422,
SmoothPoly,CPULinearSparse,168,0.386,5.22318e+06,191.454,4, 0.000807444,,0.000713623,0.00041824,0.000807444,
SmoothPoly,CPULinearSparse,172,0.393,5.60019e+06,178.565,4, 0.00100896,,0.000664602,0.000333256,0.00100896,
SmoothPoly,CPULinearSparse,176,0.446,6.0002e+06,166.661,4, 0.000737968,,0.000518585,0.000543245,0.000737968,
SmoothPoly,CPULinearSparse,180,0.457,6.3742e+06,156.883,4, 0.00140859,,0.000312226,0.000730642,0.00140859,
SmoothPoly,CPULinearSparse,184,0.452,6.79718e+06,147.12,4, 0.000723136,,9.32934e-05,0.000519514,0.000723136,
SmoothPoly,CPULinearSparse,188,0.561,7.22604e+06,138.388,4, 0.000887639,,0.000315807,0.000327282,0.000887639,
SmoothPoly,CPULinearSparse,192,0.47,7.68501e+06,130.123,4, 0.000642232,,0.000614764,0.000210613,0.000642232,
SmoothPoly,CPULinearSparse,196,0.56,8.22299e+06,121.61,4, 0.00122478,,0.000464968,0.000111248,0.00122478,
SmoothPoly,CPULinearSparse,200,0.555,8.749e+06,114.299,4, 0.000628857,,0.000552836,0.000117577,0.000628857,
SmoothPoly,CPULinearSparse,204,0.584,9.26725e+06,107.907,4, 0.000797137,,0.000516721,0.000207181,0.000797137,
SmoothPoly,CPULinearSparse,208,0.659,9.91562e+06,100.851,4, 0.000565299,,0.000407735,0.000282003,0.000565299,
SmoothPoly,CPULinearSparse,212,0.69,1.04006e+07,96.1479,4, 0.00109349,,0.000245617,0.000341624,0.00109349,
SmoothPoly,CPULinearSparse,216,0.722,1.10441e+07,90.5461,4, 0.000577986,,0.00010514,0.000377973,0.000577986,
SmoothPoly,CPULinearSparse,220,0.739,1.1607e+07,86.1548,4, 0.000723594,,0.000257177,0.000388737,0.000723594,
SmoothPoly,CPULinearSparse,224,0.791,1.22613e+07,81.5576,4, 0.000516658,,0.000492683,0.000377972,0.000516658,
SmoothPoly,CPULinearSparse,228,0.831,1.29597e+07,77.1625,4, 0.000988652,,0.000374752,0.000335406,0.000988652,
SmoothPoly,CPULinearSparse,232,0.885,1.36936e+07,73.0269,4, 0.000548238,,0.000448722,0.000251905,0.000548238,
SmoothPoly,CPULinearSparse,236,0.897,1.47698e+07,67.7059,4, 0.000662262,,0.000418808,0.000209149,0.000662262,
SmoothPoly,CPULinearSparse,240,0.947,1.51476e+07,66.0172,4, 0.000473154,,0.000331351,0.00035049,0.000473154,
SmoothPoly,CPULinearSparse,244,0.963,1.58421e+07,63.1229,4, 0.000892829,,0.000210346,0.000473485,0.000892829,
SmoothPoly,CPULinearSparse,248,1.044,2.30136e+07,43.4527,4, 0.000483712,,0.000115192,0.000341695,0.000483712,
SmoothPoly,CPULinearSparse,252,1.075,1.73745e+07,57.5557,4, 0.000612074,,0.000216083,0.000222604,0.000612074,
SmoothPoly,CPULinearSparse,256,1.087,1.81501e+07,55.096,4, 0.000432752,,0.000409871,0.000143633,0.000432752,
SmoothPoly,CPULinearSparse,260,1.247,1.91751e+07,52.1509,4, 0.000830142,,0.000311453,7.8999e-05,0.000830142,
SmoothPoly,CPULinearSparse,264,1.212,2.01407e+07,49.6507,4, 0.000443213,,0.000378877,8.33862e-05,0.000443213,
SmoothPoly,CPULinearSparse,268,1.318,2.10302e+07,47.5507,4, 0.000571671,,0.000353901,0.000139937,0.000571671,
SmoothPoly,CPULinearSparse,272,1.349,2.19969e+07,45.4609,4, 0.000397389,,0.000275795,0.00019012,0.000397389,
SmoothPoly,CPULinearSparse,276,1.368,2.29613e+07,43.5515,4, 0.000770267,,0.000183289,0.000228023,0.000770267,
SmoothPoly,CPULinearSparse,280,1.43,2.40475e+07,41.5844,4, 0.000401941,,0.000123868,0.000254365,0.000401941,
SmoothPoly,CPULinearSparse,284,1.461,2.5068e+07,39.8915,4, 0.000527783,,0.000186966,0.000263954,0.000527783,
SmoothPoly,CPULinearSparse,288,1.576,2.60485e+07,38.3899,4, 0.000380918,,0.000354973,0.000255615,0.000380918,
SmoothPoly,CPULinearSparse,292,1.739,2.73e+07,36.63,4, 0.000721824,,0.000265913,0.000231471,0.000721824,
SmoothPoly,CPULinearSparse,296,1.757,2.87107e+07,34.8303,4, 0.000390411,,0.00032475,0.000177308,0.000390411,
SmoothPoly,CPULinearSparse,300,1.741,2.96051e+07,33.778,4, 0.000494067,,0.000301165,0.000149033,0.000494067,
SmoothPoly,CPULinearSparse,304,1.905,3.08876e+07,32.3755,4, 0.000356406,,0.000243308,0.000254705,0.000356406,
SmoothPoly,CPULinearSparse,308,1.875,3.18674e+07,31.38,4, 0.000657689,,0.000199625,0.000342828,0.000657689,
SmoothPoly,CPULinearSparse,312,1.979,3.32873e+07,30.0415,4, 0.000347202,,0.000141401,0.000252734,0.000347202,
SmoothPoly,CPULinearSparse,316,2.101,3.43443e+07,29.1169,4, 0.000493968,,0.00021991,0.00017094,0.000493968,
SmoothPoly,CPULinearSparse,320,2.087,3.56923e+07,28.0173,4, 0.000339936,,0.000303584,0.000116626,0.000339936,
SmoothPoly,CPULinearSparse,324,2.3,3.72701e+07,26.8311,4, 0.000617968,,0.000230382,7.24125e-05,0.000617968,
SmoothPoly,CPULinearSparse,328,2.219,3.8749e+07,25.8071,4, 0.000359407,,0.000282921,7.71692e-05,0.000359407,
SmoothPoly,CPULinearSparse,332,2.368,4.00147e+07,24.9908,4, 0.000464226,,0.000266562,0.000113328,0.000464226,
SmoothPoly,CPULinearSparse,336,2.485,4.23884e+07,23.5913,4, 0.000327147,,0.000239866,0.000147592,0.000327147,
SmoothPoly,CPULinearSparse,340,2.507,4.30151e+07,23.2476,4, 0.000591809,,0.000199265,0.000173744,0.000591809,
SmoothPoly,CPULinearSparse,344,2.537,4.46306e+07,22.4062,4, 0.000324725,,0.000182001,0.000195576,0.000324725,
SmoothPoly,CPULinearSparse,348,2.769,4.61626e+07,21.6626,4, 0.000445043,,0.000207642,0.000200882,0.000445043,
SmoothPoly,CPULinearSparse,352,2.787,4.77041e+07,20.9626,4, 0.000317749,,0.000273813,0.000199063,0.000317749,
SmoothPoly,CPULinearSparse,356,2.922,4.95553e+07,20.1795,4, 0.000545792,,0.000209452,0.000185645,0.000545792,
SmoothPoly,CPULinearSparse,360,2.996,5.12903e+07,19.4969,4, 0.000277061,,0.000255184,0.000154869,0.000277061,
SmoothPoly,CPULinearSparse,364,3.099,5.29626e+07,18.8813,4, 0.000413654,,0.00023804,0.00011492,0.000413654,
SmoothPoly,CPULinearSparse,368,3.191,5.48051e+07,18.2465,4, 0.000316392,,0.000245191,0.000190686,0.000316392,
SmoothPoly,CPULinearSparse,372,3.31,5.63606e+07,17.7429,4, 0.000531453,,0.000233492,0.000267173,0.000531453,
SmoothPoly,CPULinearSparse,376,3.366,5.81794e+07,17.1882,4, 0.000289557,,0.000202047,0.00020001,0.000289557,
SmoothPoly,CPULinearSparse,380,3.501,6.00324e+07,16.6577,4, 0.000399122,,0.000215152,0.000144464,0.000399122,
SmoothPoly,CPULinearSparse,384,59.029,7.21442e+07,13.8611,4, 0.000312032,,0.000245056,0.0001037,0.000312032,
SmoothPoly,CPULinearSparse,388,60.371,6.46159e+07,15.4761,4, 0.000507039,,0.000264399,7.13129e-05,0.000507039,
SmoothPoly,CPULinearSparse,392,64.191,7.53308e+07,13.2748,4, 0.000275123,,0.000246986,7.95187e-05,0.000275123,
SmoothPoly,CPULinearSparse,396,63.937,6.85256e+07,14.5931,4, 0.000387884,,0.000266044,0.000105671,0.000387884,
SmoothPoly,CPULinearSparse,400,66.651,7.03282e+07,14.219,4, 0.000286069,,0.000271699,0.000130307,0.000286069,
SmoothPoly,CPULinearSparse,404,67.847,7.30337e+07,13.6923,4, 0.000491151,,0.000238578,0.000155929,0.000491151,
SmoothPoly,CPULinearSparse,408,70.846,7.61207e+07,13.137,4, 0.000259622,,0.000243814,0.000170863,0.000259622,
SmoothPoly,CPULinearSparse,412,73.565,7.80287e+07,12.8158,4, 0.000373255,,0.000240044,0.000180717,0.000373255,
SmoothPoly,CPULinearSparse,416,73.64,7.90379e+07,12.6522,4, 0.000301229,,0.000301229,0.000171317,0.000288393,
SmoothPoly,CPULinearSparse,420,78.746,8.29333e+07,12.0579,4, 0.000483788,,0.000245818,0.000160781,0.000483788,
SmoothPoly,CPULinearSparse,424,80.169,8.5296e+07,11.7239,4, 0.000263381,,0.000263381,0.000138342,0.000221066,
SmoothPoly,CPULinearSparse,428,81.173,8.70739e+07,11.4845,4, 0.000395826,,0.000300661,9.30116e-05,0.000395826,
SmoothPoly,CPULinearSparse,432,91.186,9.05532e+07,11.0432,4, 0.000283397,,0.000283397,0.000161084,0.000280352,
SmoothPoly,CPULinearSparse,436,92.488,9.12407e+07,10.96,4, 0.000454337,,0.000278071,0.000221537,0.000454337,
SmoothPoly,CPULinearSparse,440,96.992,1.1163e+08,8.9582,4, 0.000251503,,0.000251503,0.000182309,0.000236565,
SmoothPoly,CPULinearSparse,444,98.481,9.75624e+07,10.2498,4, 0.000365504,,0.000284534,0.000148642,0.000365504,
SmoothPoly,CPULinearSparse,448,101.878,1.09611e+08,9.12317,4, 0.000343744,,0.000343744,0.000108855,0.00027173,
SmoothPoly,CPULinearSparse,452,107.476,1.03414e+08,9.66988,4, 0.000459084,,0.000288603,7.80213e-05,0.000459084,
SmoothPoly,CPULinearSparse,456,112.566,1.06946e+08,9.35055,4, 0.00031013,,0.00031013,9.59678e-05,0.000220775,
SmoothPoly,CPULinearSparse,460,111.108,1.09455e+08,9.13619,4, 0.000359013,,0.000292971,0.000115828,0.000359013,
SmoothPoly,CPULinearSparse,464,118.693,1.21749e+08,8.21361,4, 0.000297111,,0.000293988,0.0001391,0.000297111,
SmoothPoly,CPULinearSparse,468,118.128,1.15291e+08,8.67367,4, 0.000445133,,0.000297279,0.000153806,0.000445133,
SmoothPoly,CPULinearSparse,472,119.277,1.19171e+08,8.39134,4, 0.000309576,,0.000309576,0.000154185,0.000231237,
SmoothPoly,CPULinearSparse,476,124.708,1.35042e+08,7.40511,4, 0.000359787,,0.000325583,0.00016169,0.000359787,
SmoothPoly,CPULinearSparse,480,131,1.34248e+08,7.4489,4, 0.000316069,,0.000316069,0.000159946,0.000287132,
SmoothPoly,CPULinearSparse,484,131.697,1.38747e+08,7.20735,4, 0.000428567,,0.000281512,0.000153048,0.000428567,
SmoothPoly,CPULinearSparse,488,134.51,1.32583e+08,7.54243,4, 0.000304549,,0.000304549,0.000137432,0.000221646,
SmoothPoly,CPULinearSparse,492,138.637,1.45324e+08,6.8812,4, 0.000354168,,0.000325792,9.9303e-05,0.000354168,
SmoothPoly,CPULinearSparse,496,143.499,1.37453e+08,7.27523,4, 0.000294048,,0.000294048,0.000139555,0.00029246,
SmoothPoly,CPULinearSparse,500,143.813,1.44076e+08,6.94077,4, 0.000447554,,0.00030446,0.000216647,0.000447554,
SmoothPoly,CPULinearSparse,504,154.028,2.04756e+08,4.88386,4, 0.000318252,,0.000318252,0.000168891,0.000238211,
SmoothPoly,CPULinearSparse,508,150.49,1.60799e+08,6.21893,4, 0.000361918,,0.000338149,0.000142739,0.000361918,
SmoothPoly,CPULinearSparse,512,155.678,2.39418e+08,4.17679,4, 0.000375608,,0.000375608,0.00011598,0.00029401,
SmoothPoly,CPULinearSparse,516,164.391,2.28266e+08,4.38085,4, 0.000432248,,0.000349668,8.64921e-05,0.000432248,
