function_name, calculator,N,init_time, calc_time, calc_hz, bytes, max_error, blank_column, err1, err2, err3, Blank
Nonsmooth_abs,bicubic interp; CPU Sparse Matrix  ,8,0.003,1.7909e+07,55.838,8, 0.132369,,0.0538025,0.132369,0.0763922,
Nonsmooth_abs,bicubic interp; CPU Sparse Matrix  ,12,0.002,1.10292e+07,90.6684,8, 0.0331385,,0.0331385,0.0325387,0.0271062,
Nonsmooth_abs,bicubic interp; CPU Sparse Matrix  ,16,0.034,1.10004e+07,90.906,8, 0.020831,,0.020831,0.0192344,0.0126159,
Nonsmooth_abs,bicubic interp; CPU Sparse Matrix  ,20,0.034,205512,4865.9,8, 0.0122648,,0.0122648,0.0107376,0.0119339,
Nonsmooth_abs,bicubic interp; CPU Sparse Matrix  ,24,0.021,339270,2947.5,8, 0.00852634,,0.00659426,0.00852634,0.00664951,
Nonsmooth_abs,bicubic interp; CPU Sparse Matrix  ,28,0.087,499155,2003.39,8, 0.00726477,,0.00519068,0.00631828,0.00726477,
Nonsmooth_abs,bicubic interp; CPU Sparse Matrix  ,32,0.129,733052,1364.16,8, 0.00553948,,0.00553948,0.00393233,0.00465574,
Nonsmooth_abs,bicubic interp; CPU Sparse Matrix  ,36,0.154,1.0256e+06,975.035,8, 0.00494077,,0.00491499,0.00464869,0.00494077,
Nonsmooth_abs,bicubic interp; CPU Sparse Matrix  ,40,0.253,1.24231e+06,804.949,8, 0.00372005,,0.00372005,0.00355795,0.00349065,
Nonsmooth_abs,bicubic interp; CPU Sparse Matrix  ,44,0.614,1.59994e+06,625.025,8, 0.00360731,,0.00304694,0.00264101,0.00360731,
Nonsmooth_abs,bicubic interp; CPU Sparse Matrix  ,48,0.183,1.92843e+06,518.556,8, 0.00304045,,0.00302502,0.00304045,0.00274259,
Nonsmooth_abs,bicubic interp; CPU Sparse Matrix  ,52,0.412,2.47818e+06,403.523,8, 0.0027855,,0.0026226,0.00235021,0.0027855,
Nonsmooth_abs,bicubic interp; CPU Sparse Matrix  ,56,0.475,3.02935e+06,330.103,8, 0.00224383,,0.00199251,0.00191674,0.00224383,
Nonsmooth_abs,bicubic interp; CPU Sparse Matrix  ,60,0.501,3.60157e+06,277.656,8, 0.00221458,,0.0020996,0.00215732,0.00221458,
Nonsmooth_abs,bicubic interp; CPU Sparse Matrix  ,64,0.565,4.6891e+06,213.26,8, 0.0019123,,0.0019123,0.00165888,0.00188748,
Nonsmooth_abs,bicubic interp; CPU Sparse Matrix  ,68,0.705,4.82573e+06,207.222,8, 0.00181372,,0.0015262,0.00150475,0.00181372,
Nonsmooth_abs,bicubic interp; CPU Sparse Matrix  ,72,0.815,5.79438e+06,172.581,8, 0.00164249,,0.00133684,0.00164249,0.00161446,
Nonsmooth_abs,bicubic interp; CPU Sparse Matrix  ,76,0.643,7.13336e+06,140.186,8, 0.00151554,,0.00119394,0.00125559,0.00151554,
Nonsmooth_abs,bicubic interp; CPU Sparse Matrix  ,80,1.134,8.14692e+06,122.746,8, 0.00141151,,0.00109875,0.00121874,0.00141151,
Nonsmooth_abs,bicubic interp; CPU Sparse Matrix  ,84,1.059,1.60449e+07,62.3249,8, 0.0012905,,0.00120094,0.0012905,0.00128682,
Nonsmooth_abs,bicubic interp; CPU Sparse Matrix  ,88,0.92,1.06351e+07,94.0286,8, 0.00124468,,0.00115326,0.000973339,0.00124468,
Nonsmooth_abs,bicubic interp; CPU Sparse Matrix  ,92,1.504,2.1063e+07,47.4766,8, 0.00110767,,0.00100336,0.00102116,0.00110767,
Nonsmooth_abs,bicubic interp; CPU Sparse Matrix  ,96,1.057,2.43621e+07,41.0474,8, 0.00110604,,0.000895723,0.00104874,0.00110604,
Nonsmooth_abs,bicubic interp; CPU Sparse Matrix  ,100,1.213,1.54746e+07,64.6218,8, 0.000963656,,0.000697398,0.000782025,0.000963656,
Nonsmooth_abs,bicubic interp; CPU Sparse Matrix  ,104,1.271,1.71949e+07,58.1569,8, 0.00100503,,0.000734892,0.000870821,0.00100503,
Nonsmooth_abs,bicubic interp; CPU Sparse Matrix  ,108,1.623,1.93544e+07,51.6678,8, 0.000867139,,0.000792416,0.000867139,0.000848689,
Nonsmooth_abs,bicubic interp; CPU Sparse Matrix  ,112,1.716,3.31502e+07,30.1657,8, 0.000907643,,0.000758826,0.0006381,0.000907643,
Nonsmooth_abs,bicubic interp; CPU Sparse Matrix  ,116,1.795,2.43121e+07,41.1318,8, 0.000756175,,0.0006677,0.000756175,0.000747277,
Nonsmooth_abs,bicubic interp; CPU Sparse Matrix  ,120,2.705,2.7882e+07,35.8654,8, 0.000834278,,0.00055337,0.000731358,0.000834278,
Nonsmooth_abs,bicubic interp; CPU Sparse Matrix  ,124,3.138,2.89571e+07,34.5338,8, 0.000664032,,0.000474982,0.000531766,0.000664032,
Nonsmooth_abs,bicubic interp; CPU Sparse Matrix  ,128,2.275,3.17156e+07,31.5303,8, 0.000782985,,0.000554956,0.000663894,0.000782985,
Nonsmooth_abs,bicubic interp; CPU Sparse Matrix  ,132,2.631,3.54605e+07,28.2004,8, 0.000623626,,0.000569244,0.000623626,0.000622749,
Nonsmooth_abs,bicubic interp; CPU Sparse Matrix  ,136,2.763,3.81237e+07,26.2304,8, 0.000704459,,0.000534338,0.000447531,0.000704459,
Nonsmooth_abs,bicubic interp; CPU Sparse Matrix  ,140,2.883,3.95093e+07,25.3105,8, 0.000589185,,0.000465976,0.000589185,0.000547428,
Nonsmooth_abs,bicubic interp; CPU Sparse Matrix  ,144,3.341,4.2849e+07,23.3378,8, 0.00070699,,0.000386547,0.00053784,0.00070699,
Nonsmooth_abs,bicubic interp; CPU Sparse Matrix  ,148,3.408,4.82228e+07,20.7371,8, 0.000525474,,0.000404807,0.000381953,0.000525474,
Nonsmooth_abs,bicubic interp; CPU Sparse Matrix  ,152,6.167,4.99704e+07,20.0118,8, 0.000608772,,0.000449744,0.000526586,0.000608772,
Nonsmooth_abs,bicubic interp; CPU Sparse Matrix  ,156,3.856,6.51982e+07,15.3378,8, 0.000474455,,0.000442757,0.000468529,0.000474455,
Nonsmooth_abs,bicubic interp; CPU Sparse Matrix  ,160,4.308,6.35069e+07,15.7463,8, 0.000652563,,0.000399332,0.000355799,0.000652563,
Nonsmooth_abs,bicubic interp; CPU Sparse Matrix  ,164,4.685,6.64986e+07,15.0379,8, 0.000562506,,0.000339226,0.000472401,0.000562506,
Nonsmooth_abs,bicubic interp; CPU Sparse Matrix  ,168,4.883,6.76245e+07,14.7875,8, 0.00062534,,0.00027989,0.000410008,0.00062534,
Nonsmooth_abs,bicubic interp; CPU Sparse Matrix  ,172,5.399,7.17385e+07,13.9395,8, 0.000479509,,0.000345567,0.000338531,0.000479509,
Nonsmooth_abs,bicubic interp; CPU Sparse Matrix  ,176,5.866,7.81346e+07,12.7984,8, 0.000583646,,0.00037122,0.00042695,0.000583646,
Nonsmooth_abs,bicubic interp; CPU Sparse Matrix  ,180,6.209,8.25086e+07,12.12,8, 0.000596626,,0.000355421,0.000361692,0.000596626,
Nonsmooth_abs,bicubic interp; CPU Sparse Matrix  ,184,6.668,9.04002e+07,11.0619,8, 0.000697872,,0.000313283,0.000322343,0.000697872,
Nonsmooth_abs,bicubic interp; CPU Sparse Matrix  ,188,6.984,9.83442e+07,10.1684,8, 0.000621431,,0.000261371,0.000387589,0.000621431,
Nonsmooth_abs,bicubic interp; CPU Sparse Matrix  ,192,6.997,1.02804e+08,9.72722,8, 0.000820426,,0.000249944,0.000336587,0.000820426,
Nonsmooth_abs,bicubic interp; CPU Sparse Matrix  ,196,7.886,1.05625e+08,9.46742,8, 0.000959667,,0.000295969,0.0003048,0.000959667,
Nonsmooth_abs,bicubic interp; CPU Sparse Matrix  ,200,8.285,1.14763e+08,8.71357,8, 0.000903709,,0.00030665,0.000356522,0.000903709,
Nonsmooth_abs,bicubic interp; CPU Sparse Matrix  ,204,8.719,1.29421e+08,7.72674,8, 0.00104552,,0.000288137,0.000359421,0.00104552,
Nonsmooth_abs,bicubic interp; CPU Sparse Matrix  ,208,8.961,1.26939e+08,7.8778,8, 0.00122087,,0.000250667,0.000369248,0.00122087,
Nonsmooth_abs,bicubic interp; CPU Sparse Matrix  ,212,9.492,1.32422e+08,7.55159,8, 0.0010093,,0.000206778,0.000489523,0.0010093,
Nonsmooth_abs,bicubic interp; CPU Sparse Matrix  ,216,10.15,1.40703e+08,7.10717,8, 0.001751,,0.000229066,0.000467288,0.001751,
Nonsmooth_abs,bicubic interp; CPU Sparse Matrix  ,220,11.116,1.60658e+08,6.22439,8, 0.0013938,,0.000257732,0.00051073,0.0013938,
Nonsmooth_abs,bicubic interp; CPU Sparse Matrix  ,224,11.304,1.54392e+08,6.47703,8, 0.00194406,,0.000256541,0.000531902,0.00194406,
Nonsmooth_abs,bicubic interp; CPU Sparse Matrix  ,228,12.548,1.69867e+08,5.88696,8, 0.0021601,,0.000234057,0.00066561,0.0021601,
Nonsmooth_abs,bicubic interp; CPU Sparse Matrix  ,232,15.508,2.43188e+08,4.11205,8, 0.00198453,,0.000201022,0.000744926,0.00198453,
Nonsmooth_abs,bicubic interp; CPU Sparse Matrix  ,236,15.325,2.24912e+08,4.44619,8, 0.00205288,,0.000166068,0.000877032,0.00205288,
Nonsmooth_abs,bicubic interp; CPU Sparse Matrix  ,240,18.898,2.03814e+08,4.90643,8, 0.00253182,,0.000208072,0.000881543,0.00253182,
Nonsmooth_abs,bicubic interp; CPU Sparse Matrix  ,244,16.698,2.00685e+08,4.98293,8, 0.0028721,,0.000225336,0.000686933,0.0028721,
Nonsmooth_abs,bicubic interp; CPU Sparse Matrix  ,248,17.566,2.19754e+08,4.55054,8, 0.00215742,,0.000217785,0.000959129,0.00215742,
Nonsmooth_abs,bicubic interp; CPU Sparse Matrix  ,252,18.068,2.27839e+08,4.38906,8, 0.00349893,,0.000193484,0.00124604,0.00349893,
Nonsmooth_abs,bicubic interp; CPU Sparse Matrix  ,256,20.333,2.30928e+08,4.33036,8, 0.00285342,,0.000162623,0.0011303,0.00285342,
Nonsmooth_abs,bicubic interp; CPU Sparse Matrix  ,260,21.281,2.4411e+08,4.09651,8, 0.00337923,,0.000160168,0.00123,0.00337923,
Nonsmooth_abs,bicubic interp; CPU Sparse Matrix  ,264,22.872,2.58413e+08,3.86977,8, 0.00463431,,0.000189285,0.00144327,0.00463431,
Nonsmooth_abs,bicubic interp; CPU Sparse Matrix  ,268,22.521,2.7744e+08,3.60438,8, 0.00483814,,0.000195974,0.00165201,0.00483814,
Nonsmooth_abs,bicubic interp; CPU Sparse Matrix  ,272,27.296,2.75414e+08,3.63089,8, 0.00548922,,0.000184691,0.00146014,0.00548922,
Nonsmooth_abs,bicubic interp; CPU Sparse Matrix  ,276,23.957,2.99125e+08,3.34308,8, 0.00529162,,0.000198115,0.00183632,0.00529162,
Nonsmooth_abs,bicubic interp; CPU Sparse Matrix  ,280,27.584,3.06142e+08,3.26646,8, 0.00630366,,0.000187595,0.0015,0.00630366,
Nonsmooth_abs,bicubic interp; CPU Sparse Matrix  ,284,26.607,3.29094e+08,3.03865,8, 0.00630267,,0.000221963,0.00204562,0.00630267,
Nonsmooth_abs,bicubic interp; CPU Sparse Matrix  ,288,28.199,3.4865e+08,2.8682,8, 0.00749589,,0.00023468,0.00243992,0.00749589,
Nonsmooth_abs,bicubic interp; CPU Sparse Matrix  ,292,27.897,3.63485e+08,2.75115,8, 0.00634405,,0.000331637,0.0021447,0.00634405,
Nonsmooth_abs,bicubic interp; CPU Sparse Matrix  ,296,28.433,4.00778e+08,2.49515,8, 0.00851512,,0.000249459,0.00223182,0.00851512,
Nonsmooth_abs,bicubic interp; CPU Sparse Matrix  ,300,31.086,3.8746e+08,2.58091,8, 0.00804934,,0.000325683,0.00257725,0.00804934,
Nonsmooth_abs,bicubic interp; CPU Sparse Matrix  ,304,33.308,4.0228e+08,2.48583,8, 0.00798974,,0.000269879,0.00315316,0.00798974,
Nonsmooth_abs,bicubic interp; CPU Sparse Matrix  ,308,34.299,4.51262e+08,2.21601,8, 0.0098748,,0.000262555,0.0031908,0.0098748,
Nonsmooth_abs,bicubic interp; CPU Sparse Matrix  ,312,35.783,4.58877e+08,2.17923,8, 0.00849078,,0.000349737,0.00388327,0.00849078,
Nonsmooth_abs,bicubic interp; CPU Sparse Matrix  ,316,35.902,4.75073e+08,2.10494,8, 0.00995455,,0.000334144,0.00345385,0.00995455,
Nonsmooth_abs,bicubic interp; CPU Sparse Matrix  ,320,40.568,4.87924e+08,2.0495,8, 0.00872489,,0.000355444,0.00370543,0.00872489,
Nonsmooth_abs,bicubic interp; CPU Sparse Matrix  ,324,42.426,4.95975e+08,2.01623,8, 0.0107401,,0.0003421,0.00430836,0.0107401,
Nonsmooth_abs,bicubic interp; CPU Sparse Matrix  ,328,41.628,5.05982e+08,1.97635,8, 0.0147524,,0.000458748,0.00401925,0.0147524,
Nonsmooth_abs,bicubic interp; CPU Sparse Matrix  ,332,44.684,5.2697e+08,1.89764,8, 0.0123241,,0.000480795,0.00507085,0.0123241,
Nonsmooth_abs,bicubic interp; CPU Sparse Matrix  ,336,42.433,5.57158e+08,1.79482,8, 0.0134579,,0.000445507,0.00455875,0.0134579,
Nonsmooth_abs,bicubic interp; CPU Sparse Matrix  ,340,46.555,5.42474e+08,1.8434,8, 0.0155099,,0.000728997,0.00594768,0.0155099,
