functionName, calculator,N,initTime, calcTime, calcHz, bytes, maxError, blankColumn, err1, err2, err3, Blank
SmoothExp,GPUBicubicSparse,8,0.133,403213,2480.08,8, 0.181978,,0.0510817,0.161952,0.181978,
SmoothExp,GPUBicubicSparse,12,0.013,157702,6341.07,8, 0.0517239,,0.0113759,0.0517239,0.045444,
SmoothExp,GPUBicubicSparse,16,0.028,223472,4474.83,8, 0.0159685,,0.00797649,0.0122879,0.0159685,
SmoothExp,GPUBicubicSparse,20,0.055,308809,3238.25,8, 0.00472815,,0.00472815,0.00351693,0.00322387,
SmoothExp,GPUBicubicSparse,24,0.105,476210,2099.91,8, 0.00248734,,0.00248734,0.00116373,0.00097213,
SmoothExp,GPUBicubicSparse,28,0.173,610489,1638.03,8, 0.00119781,,0.00119781,0.000423003,0.0007582,
SmoothExp,GPUBicubicSparse,32,0.274,803718,1244.22,8, 0.000519782,,0.000519782,0.000177205,0.000451871,
SmoothExp,GPUBicubicSparse,36,0.485,924346,1081.85,8, 0.000203585,,0.000203585,0.000103325,0.00014821,
SmoothExp,GPUBicubicSparse,40,0.625,1.10639e+06,903.843,8, 9.50348e-05,,9.50348e-05,6.4181e-05,7.27407e-05,
SmoothExp,GPUBicubicSparse,44,0.864,1.26313e+06,791.687,8, 7.53557e-05,,6.56194e-05,4.17161e-05,7.53557e-05,
SmoothExp,GPUBicubicSparse,48,1.029,1.4494e+06,689.94,8, 5.71934e-05,,5.69603e-05,2.83054e-05,5.71934e-05,
SmoothExp,GPUBicubicSparse,52,1.38,1.63423e+06,611.907,8, 4.978e-05,,4.978e-05,2.24398e-05,2.40235e-05,
SmoothExp,GPUBicubicSparse,56,1.8,1.82342e+06,548.419,8, 4.02044e-05,,4.02044e-05,1.82052e-05,1.52693e-05,
SmoothExp,GPUBicubicSparse,60,2.233,1.96585e+06,508.685,8, 2.92856e-05,,2.92856e-05,1.44042e-05,1.72297e-05,
SmoothExp,GPUBicubicSparse,64,2.743,2.33122e+06,428.959,8, 1.90224e-05,,1.90224e-05,1.12355e-05,1.42646e-05,
SmoothExp,GPUBicubicSparse,68,3.504,2.50034e+06,399.945,8, 1.14326e-05,,1.14326e-05,8.67256e-06,6.91149e-06,
SmoothExp,GPUBicubicSparse,72,4.151,3.15844e+06,316.612,8, 7.81892e-06,,7.81892e-06,6.71467e-06,4.88436e-06,
SmoothExp,GPUBicubicSparse,76,4.546,3.60925e+06,277.066,8, 6.58171e-06,,6.58171e-06,5.14789e-06,5.80769e-06,
SmoothExp,GPUBicubicSparse,80,5.081,3.76942e+06,265.293,8, 6.19327e-06,,6.19327e-06,3.88355e-06,5.08148e-06,
SmoothExp,GPUBicubicSparse,84,6.062,4.08577e+06,244.752,8, 5.81181e-06,,5.81181e-06,2.88464e-06,2.70319e-06,
SmoothExp,GPUBicubicSparse,88,6.917,4.54079e+06,220.226,8, 5.12953e-06,,5.12953e-06,2.11457e-06,2.01314e-06,
SmoothExp,GPUBicubicSparse,92,7.918,4.93975e+06,202.44,8, 4.16257e-06,,4.16257e-06,1.53765e-06,2.4635e-06,
SmoothExp,GPUBicubicSparse,96,9.526,5.35315e+06,186.806,8, 3.09121e-06,,3.09121e-06,1.21197e-06,2.24131e-06,
SmoothExp,GPUBicubicSparse,100,10.97,5.74567e+06,174.044,8, 2.19838e-06,,2.19838e-06,1.03305e-06,1.27429e-06,
SmoothExp,GPUBicubicSparse,104,11.834,6.2037e+06,161.194,8, 1.73656e-06,,1.73656e-06,8.89214e-07,9.93008e-07,
SmoothExp,GPUBicubicSparse,108,13.598,6.63085e+06,150.81,8, 1.57264e-06,,1.57264e-06,7.64547e-07,1.21733e-06,
SmoothExp,GPUBicubicSparse,112,15.482,7.42063e+06,134.759,8, 1.52253e-06,,1.52253e-06,6.61231e-07,1.138e-06,
SmoothExp,GPUBicubicSparse,116,17.798,7.74637e+06,129.093,8, 1.4612e-06,,1.4612e-06,6.01506e-07,6.80309e-07,
SmoothExp,GPUBicubicSparse,120,19.319,8.4793e+06,117.934,8, 1.3316e-06,,1.3316e-06,5.80223e-07,5.44411e-07,
SmoothExp,GPUBicubicSparse,124,20.757,8.92784e+06,112.009,8, 1.1316e-06,,1.1316e-06,5.50208e-07,6.69631e-07,
SmoothExp,GPUBicubicSparse,128,21.635,9.50052e+06,105.257,8, 8.9707e-07,,8.9707e-07,5.10642e-07,6.38163e-07,
SmoothExp,GPUBicubicSparse,132,25.123,1.04486e+07,95.7063,8, 6.9515e-07,,6.9515e-07,4.63281e-07,3.96881e-07,
SmoothExp,GPUBicubicSparse,136,26.452,1.12108e+07,89.1997,8, 5.89204e-07,,5.89204e-07,4.10987e-07,3.23083e-07,
SmoothExp,GPUBicubicSparse,140,29.838,1.18416e+07,84.4478,8, 5.52961e-07,,5.52961e-07,3.56911e-07,3.98618e-07,
SmoothExp,GPUBicubicSparse,144,32.071,1.31283e+07,76.1714,8, 5.43104e-07,,5.43104e-07,3.03932e-07,3.85277e-07,
SmoothExp,GPUBicubicSparse,148,34.5,1.39087e+07,71.8974,8, 5.27094e-07,,5.27094e-07,2.54436e-07,2.4741e-07,
SmoothExp,GPUBicubicSparse,152,38.366,1.45054e+07,68.94,8, 4.88496e-07,,4.88496e-07,2.10319e-07,2.04008e-07,
SmoothExp,GPUBicubicSparse,156,42.157,1.57986e+07,63.2967,8, 4.26144e-07,,4.26144e-07,1.7281e-07,2.52081e-07,
SmoothExp,GPUBicubicSparse,160,44.57,1.65205e+07,60.5309,8, 3.51271e-07,,3.51271e-07,1.46636e-07,2.46485e-07,
SmoothExp,GPUBicubicSparse,164,49.605,1.77588e+07,56.3102,8, 2.86479e-07,,2.86479e-07,1.33317e-07,1.62813e-07,
SmoothExp,GPUBicubicSparse,168,54.492,1.9245e+07,51.9615,8, 2.52867e-07,,2.52867e-07,1.21637e-07,1.35709e-07,
SmoothExp,GPUBicubicSparse,172,58.034,2.06004e+07,48.5428,8, 2.42235e-07,,2.42235e-07,1.11094e-07,1.67197e-07,
SmoothExp,GPUBicubicSparse,176,62.623,2.15805e+07,46.3381,8, 2.39984e-07,,2.39984e-07,1.01361e-07,1.65249e-07,
SmoothExp,GPUBicubicSparse,180,67.094,2.2904e+07,43.6605,8, 2.34534e-07,,2.34534e-07,9.66952e-08,1.11775e-07,
SmoothExp,GPUBicubicSparse,184,71.442,2.39813e+07,41.6991,8, 2.19714e-07,,2.19714e-07,9.64422e-08,9.37172e-08,
SmoothExp,GPUBicubicSparse,188,75.519,2.51565e+07,39.7511,8, 1.95023e-07,,1.95023e-07,9.49693e-08,1.15318e-07,
SmoothExp,GPUBicubicSparse,192,82.202,2.64248e+07,37.8432,8, 1.65027e-07,,1.65027e-07,9.1764e-08,1.14865e-07,
SmoothExp,GPUBicubicSparse,196,88.141,2.845e+07,35.1494,8, 1.39193e-07,,1.39193e-07,8.68602e-08,7.92329e-08,
SmoothExp,GPUBicubicSparse,200,94.422,3.06852e+07,32.589,8, 1.26092e-07,,1.26092e-07,8.05796e-08,6.67799e-08,
SmoothExp,GPUBicubicSparse,204,101.287,3.21006e+07,31.1521,8, 1.22381e-07,,1.22381e-07,7.32368e-08,8.20435e-08,
SmoothExp,GPUBicubicSparse,208,107.846,3.65986e+07,27.3234,8, 1.21938e-07,,1.21938e-07,6.53277e-08,8.22736e-08,
SmoothExp,GPUBicubicSparse,212,115.75,3.85629e+07,25.9317,8, 1.19746e-07,,1.19746e-07,5.7282e-08,5.7722e-08,
SmoothExp,GPUBicubicSparse,216,123.575,4.01639e+07,24.898,8, 1.13044e-07,,1.13044e-07,4.97276e-08,4.89438e-08,
SmoothExp,GPUBicubicSparse,220,130.407,4.17975e+07,23.9249,8, 1.01608e-07,,1.01608e-07,4.29427e-08,6.00078e-08,
SmoothExp,GPUBicubicSparse,224,139.155,4.64691e+07,21.5197,8, 8.76242e-08,,8.76242e-08,3.73573e-08,6.04764e-08,
