calculator chosen: 8
func chosen: 2
cache dir chosen: /scratch/ob749/GA/cache/
FunctionName, Calculator,N,Init time (s), Calc.time(s), Calc.Freq(hz), Bytes, MaxError, FirstBlank, Err1, Err2, Err3, Blank
Non-smooth: Wendland CSRBF+Runge,bicubic interp; GPU Sparse Matrix  ,8,0.145,401821,2488.67,8, 0.299925,,0.0625577,0.299925,0.265704,
Non-smooth: Wendland CSRBF+Runge,bicubic interp; GPU Sparse Matrix  ,12,0.015,176764,5657.26,8, 0.173055,,0.0683756,0.170789,0.173055,
Non-smooth: Wendland CSRBF+Runge,bicubic interp; GPU Sparse Matrix  ,16,0.04,297823,3357.7,8, 0.079851,,0.0394318,0.079851,0.0767299,
Non-smooth: Wendland CSRBF+Runge,bicubic interp; GPU Sparse Matrix  ,20,0.085,427566,2338.82,8, 0.0498025,,0.032766,0.0498025,0.0432852,
Non-smooth: Wendland CSRBF+Runge,bicubic interp; GPU Sparse Matrix  ,24,0.177,621723,1608.43,8, 0.0213773,,0.0153421,0.0213773,0.0174867,
Non-smooth: Wendland CSRBF+Runge,bicubic interp; GPU Sparse Matrix  ,28,0.335,774242,1291.59,8, 0.0141278,,0.0121663,0.0141278,0.0121563,
Non-smooth: Wendland CSRBF+Runge,bicubic interp; GPU Sparse Matrix  ,32,0.509,1.03644e+06,964.845,8, 0.0119405,,0.00851692,0.0113111,0.0119405,
Non-smooth: Wendland CSRBF+Runge,bicubic interp; GPU Sparse Matrix  ,36,0.719,1.1435e+06,874.512,8, 0.0087471,,0.00338439,0.00601211,0.0087471,
Non-smooth: Wendland CSRBF+Runge,bicubic interp; GPU Sparse Matrix  ,40,1.02,1.35759e+06,736.601,8, 0.00614526,,0.00206372,0.00455436,0.00614526,
Non-smooth: Wendland CSRBF+Runge,bicubic interp; GPU Sparse Matrix  ,44,1.4,1.54311e+06,648.04,8, 0.004909,,0.00208915,0.00347936,0.004909,
Non-smooth: Wendland CSRBF+Runge,bicubic interp; GPU Sparse Matrix  ,48,1.719,1.79597e+06,556.803,8, 0.00446955,,0.00235991,0.00363696,0.00446955,
Non-smooth: Wendland CSRBF+Runge,bicubic interp; GPU Sparse Matrix  ,52,2.1,2.17523e+06,459.722,8, 0.00438476,,0.00193672,0.00267082,0.00438476,
Non-smooth: Wendland CSRBF+Runge,bicubic interp; GPU Sparse Matrix  ,56,2.923,2.38548e+06,419.203,8, 0.00337319,,0.00152949,0.00213248,0.00337319,
Non-smooth: Wendland CSRBF+Runge,bicubic interp; GPU Sparse Matrix  ,60,3.577,2.70972e+06,369.042,8, 0.00313879,,0.00112542,0.0022206,0.00313879,
Non-smooth: Wendland CSRBF+Runge,bicubic interp; GPU Sparse Matrix  ,64,3.697,2.99059e+06,334.382,8, 0.00278957,,0.00098444,0.0018843,0.00278957,
Non-smooth: Wendland CSRBF+Runge,bicubic interp; GPU Sparse Matrix  ,68,4.724,4.11073e+06,243.266,8, 0.00283249,,0.000772676,0.00173978,0.00283249,
Non-smooth: Wendland CSRBF+Runge,bicubic interp; GPU Sparse Matrix  ,72,6.523,4.31451e+06,231.776,8, 0.00242003,,0.000844838,0.00183322,0.00242003,
Non-smooth: Wendland CSRBF+Runge,bicubic interp; GPU Sparse Matrix  ,76,7.556,4.86487e+06,205.555,8, 0.00232181,,0.000872978,0.00162431,0.00232181,
Non-smooth: Wendland CSRBF+Runge,bicubic interp; GPU Sparse Matrix  ,80,8.567,5.35675e+06,186.68,8, 0.00246781,,0.000712805,0.00146667,0.00246781,
Non-smooth: Wendland CSRBF+Runge,bicubic interp; GPU Sparse Matrix  ,84,10.322,5.75547e+06,173.748,8, 0.00264729,,0.000659575,0.00147498,0.00264729,
Non-smooth: Wendland CSRBF+Runge,bicubic interp; GPU Sparse Matrix  ,88,11.865,6.57001e+06,152.207,8, 0.00213059,,0.000667809,0.00123572,0.00213059,
Non-smooth: Wendland CSRBF+Runge,bicubic interp; GPU Sparse Matrix  ,92,13.766,7.47609e+06,133.76,8, 0.00233832,,0.000652143,0.00129727,0.00233832,
Non-smooth: Wendland CSRBF+Runge,bicubic interp; GPU Sparse Matrix  ,96,15.927,8.29458e+06,120.561,8, 0.00214435,,0.000581907,0.00126674,0.00214435,
Non-smooth: Wendland CSRBF+Runge,bicubic interp; GPU Sparse Matrix  ,100,17.795,9.11747e+06,109.68,8, 0.00220318,,0.000477238,0.00137598,0.00220318,
Non-smooth: Wendland CSRBF+Runge,bicubic interp; GPU Sparse Matrix  ,104,20.052,9.91346e+06,100.873,8, 0.00266693,,0.00035286,0.00137131,0.00266693,
Non-smooth: Wendland CSRBF+Runge,bicubic interp; GPU Sparse Matrix  ,108,22.968,1.09945e+07,90.9548,8, 0.00303094,,0.000388219,0.00303094,0.00257929,
Non-smooth: Wendland CSRBF+Runge,bicubic interp; GPU Sparse Matrix  ,112,26.734,1.21286e+07,82.4498,8, 0.00226375,,0.000405084,0.00135995,0.00226375,
Non-smooth: Wendland CSRBF+Runge,bicubic interp; GPU Sparse Matrix  ,116,28.65,1.67481e+07,59.7082,8, 0.00242062,,0.000411272,0.00127049,0.00242062,
Non-smooth: Wendland CSRBF+Runge,bicubic interp; GPU Sparse Matrix  ,120,32.987,1.44834e+07,69.0444,8, 0.00247376,,0.000522352,0.00138131,0.00247376,
Non-smooth: Wendland CSRBF+Runge,bicubic interp; GPU Sparse Matrix  ,124,34.923,1.55239e+07,64.4169,8, 0.0023627,,0.000530449,0.00131899,0.0023627,
Non-smooth: Wendland CSRBF+Runge,bicubic interp; GPU Sparse Matrix  ,128,39.882,1.73017e+07,57.7979,8, 0.00235886,,0.000363331,0.00105111,0.00235886,
Non-smooth: Wendland CSRBF+Runge,bicubic interp; GPU Sparse Matrix  ,132,44.578,1.90937e+07,52.3733,8, 0.00243371,,0.000309092,0.00159301,0.00243371,
Non-smooth: Wendland CSRBF+Runge,bicubic interp; GPU Sparse Matrix  ,136,49.81,2.07858e+07,48.1098,8, 0.00288738,,0.000265193,0.00113957,0.00288738,
Non-smooth: Wendland CSRBF+Runge,bicubic interp; GPU Sparse Matrix  ,140,47.807,2.2141e+07,45.165,8, 0.00245631,,0.000304765,0.0015228,0.00245631,
Non-smooth: Wendland CSRBF+Runge,bicubic interp; GPU Sparse Matrix  ,144,51.809,2.43976e+07,40.9876,8, 0.00251063,,0.000268526,0.00138507,0.00251063,
Non-smooth: Wendland CSRBF+Runge,bicubic interp; GPU Sparse Matrix  ,148,57.827,2.60934e+07,38.3238,8, 0.00237756,,0.000345439,0.00150234,0.00237756,
Non-smooth: Wendland CSRBF+Runge,bicubic interp; GPU Sparse Matrix  ,152,61.572,2.82103e+07,35.448,8, 0.00338355,,0.000270604,0.00338355,0.00230794,
Non-smooth: Wendland CSRBF+Runge,bicubic interp; GPU Sparse Matrix  ,156,66.501,3.03671e+07,32.9303,8, 0.00233555,,0.000350307,0.00168868,0.00233555,
Non-smooth: Wendland CSRBF+Runge,bicubic interp; GPU Sparse Matrix  ,160,72.863,3.27072e+07,30.5743,8, 0.00947272,,0.000313588,0.00135386,0.00947272,
Non-smooth: Wendland CSRBF+Runge,bicubic interp; GPU Sparse Matrix  ,164,80.274,3.61684e+07,27.6484,8, 0.00234516,,0.000310683,0.00153631,0.00234516,
Non-smooth: Wendland CSRBF+Runge,bicubic interp; GPU Sparse Matrix  ,168,85.917,4.06516e+07,24.5993,8, 0.00264475,,0.000280809,0.00147437,0.00264475,
Non-smooth: Wendland CSRBF+Runge,bicubic interp; GPU Sparse Matrix  ,172,94.379,4.10632e+07,24.3527,8, 0.00268666,,0.000265256,0.00136908,0.00268666,
Non-smooth: Wendland CSRBF+Runge,bicubic interp; GPU Sparse Matrix  ,176,103.283,4.45359e+07,22.4538,8, 0.00266907,,0.00033409,0.00125651,0.00266907,
Non-smooth: Wendland CSRBF+Runge,bicubic interp; GPU Sparse Matrix  ,180,112.528,4.76603e+07,20.9818,8, 0.00262117,,0.00036364,0.00131906,0.00262117,
Non-smooth: Wendland CSRBF+Runge,bicubic interp; GPU Sparse Matrix  ,184,120.223,5.07019e+07,19.7231,8, 0.00318204,,0.000421649,0.00159841,0.00318204,
Non-smooth: Wendland CSRBF+Runge,bicubic interp; GPU Sparse Matrix  ,188,128.653,5.40116e+07,18.5146,8, 0.00281966,,0.000294753,0.00170811,0.00281966,
Non-smooth: Wendland CSRBF+Runge,bicubic interp; GPU Sparse Matrix  ,192,137.477,5.70141e+07,17.5395,8, 0.0450458,,0.000372297,0.0450458,0.00246253,
Non-smooth: Wendland CSRBF+Runge,bicubic interp; GPU Sparse Matrix  ,196,146.13,6.09379e+07,16.4102,8, 0.00272923,,0.000373681,0.00124649,0.00272923,
Non-smooth: Wendland CSRBF+Runge,bicubic interp; GPU Sparse Matrix  ,200,159.173,6.44363e+07,15.5192,8, 0.00399683,,0.000447053,0.00178755,0.00399683,
Non-smooth: Wendland CSRBF+Runge,bicubic interp; GPU Sparse Matrix  ,204,170.52,6.79387e+07,14.7192,8, 0.00335258,,0.000503509,0.00181519,0.00335258,
Non-smooth: Wendland CSRBF+Runge,bicubic interp; GPU Sparse Matrix  ,208,180.602,7.52628e+07,13.2868,8, 0.00362606,,0.000510723,0.00267491,0.00362606,
Non-smooth: Wendland CSRBF+Runge,bicubic interp; GPU Sparse Matrix  ,212,188.687,7.54128e+07,13.2603,8, 0.00323214,,0.00041479,0.00267178,0.00323214,
Non-smooth: Wendland CSRBF+Runge,bicubic interp; GPU Sparse Matrix  ,216,208.923,7.78417e+07,12.8466,8, 0.00413956,,0.000650713,0.00330846,0.00413956,
Non-smooth: Wendland CSRBF+Runge,bicubic interp; GPU Sparse Matrix  ,220,222.211,8.19806e+07,12.198,8, 0.00472755,,0.000675964,0.00347234,0.00472755,
Non-smooth: Wendland CSRBF+Runge,bicubic interp; GPU Sparse Matrix  ,224,229.604,8.59392e+07,11.6361,8, 0.00527106,,0.000635317,0.00296868,0.00527106,
Non-smooth: Wendland CSRBF+Runge,bicubic interp; GPU Sparse Matrix  ,228,249.502,9.11709e+07,10.9684,8, 0.00552501,,0.000805678,0.00258669,0.00552501,
Non-smooth: Wendland CSRBF+Runge,bicubic interp; GPU Sparse Matrix  ,232,265.926,9.62692e+07,10.3875,8, 0.00486171,,0.000925841,0.00348478,0.00486171,
Non-smooth: Wendland CSRBF+Runge,bicubic interp; GPU Sparse Matrix  ,236,279.522,1.01552e+08,9.84718,8, 0.00652632,,0.000891657,0.00379148,0.00652632,
Non-smooth: Wendland CSRBF+Runge,bicubic interp; GPU Sparse Matrix  ,240,296.606,1.08548e+08,9.21248,8, 0.00627579,,0.000783902,0.00347893,0.00627579,
Non-smooth: Wendland CSRBF+Runge,bicubic interp; GPU Sparse Matrix  ,244,309.166,1.13798e+08,8.78748,8, 0.00643513,,0.00104762,0.00412996,0.00643513,
Non-smooth: Wendland CSRBF+Runge,bicubic interp; GPU Sparse Matrix  ,248,331.52,1.22647e+08,8.15348,8, 0.00782515,,0.00142276,0.00503634,0.00782515,
Non-smooth: Wendland CSRBF+Runge,bicubic interp; GPU Sparse Matrix  ,252,347.22,1.26478e+08,7.90654,8, 0.0075089,,0.00079614,0.0051014,0.0075089,
Non-smooth: Wendland CSRBF+Runge,bicubic interp; GPU Sparse Matrix  ,256,379.849,1.3158e+08,7.59995,8, 0.0104559,,0.000886476,0.00671939,0.0104559,
Non-smooth: Wendland CSRBF+Runge,bicubic interp; GPU Sparse Matrix  ,260,424.882,1.40825e+08,7.10101,8, 0.00905787,,0.00133423,0.00553456,0.00905787,
Non-smooth: Wendland CSRBF+Runge,bicubic interp; GPU Sparse Matrix  ,264,462.737,1.4647e+08,6.82733,8, 0.0121616,,0.00143119,0.00721397,0.0121616,
Non-smooth: Wendland CSRBF+Runge,bicubic interp; GPU Sparse Matrix  ,268,485.745,1.5227e+08,6.56727,8, 0.0111134,,0.00158815,0.00790872,0.0111134,
Non-smooth: Wendland CSRBF+Runge,bicubic interp; GPU Sparse Matrix  ,272,499.635,1.60528e+08,6.22944,8, 0.0134783,,0.00192614,0.00719366,0.0134783,
Non-smooth: Wendland CSRBF+Runge,bicubic interp; GPU Sparse Matrix  ,276,559.596,1.68732e+08,5.92656,8, 0.0149535,,0.00125202,0.00641833,0.0149535,
