calculator chosen: 5
func chosen: 2
cache dir chosen: /scratch/ob749/GA/cache/
FunctionName, Calculator,N,Init time (s), Calc.time(s), Calc.Freq(hz), Bytes, MaxError, FirstBlank, Err1, Err2, Err3, Blank
Non-smooth: Wendland CSRBF+Runge,DCT+Bessel+IDCT; on padded grid    ,8,0.007,47798,20921.4,8, 0.417456,,0.103541,0.417456,0.368231,
Non-smooth: Wendland CSRBF+Runge,DCT+Bessel+IDCT; on padded grid    ,12,0.028,95800,10438.4,8, 0.148176,,0.0860721,0.145993,0.148176,
Non-smooth: Wendland CSRBF+Runge,DCT+Bessel+IDCT; on padded grid    ,16,0.012,120973,8266.31,8, 0.1278,,0.0662395,0.1278,0.0994512,
Non-smooth: Wendland CSRBF+Runge,DCT+Bessel+IDCT; on padded grid    ,20,0.045,215753,4634.93,8, 0.0703824,,0.0473255,0.0703824,0.058975,
Non-smooth: Wendland CSRBF+Runge,DCT+Bessel+IDCT; on padded grid    ,24,0.042,337411,2963.74,8, 0.0603043,,0.0338636,0.0492157,0.0603043,
Non-smooth: Wendland CSRBF+Runge,DCT+Bessel+IDCT; on padded grid    ,28,0.026,435382,2296.83,8, 0.0397804,,0.0240827,0.0336725,0.0397804,
Non-smooth: Wendland CSRBF+Runge,DCT+Bessel+IDCT; on padded grid    ,32,0.025,445846,2242.93,8, 0.0447876,,0.0166618,0.0317524,0.0447876,
Non-smooth: Wendland CSRBF+Runge,DCT+Bessel+IDCT; on padded grid    ,36,0.066,679936,1470.73,8, 0.0482079,,0.0203065,0.0297829,0.0482079,
Non-smooth: Wendland CSRBF+Runge,DCT+Bessel+IDCT; on padded grid    ,40,0.073,846215,1181.73,8, 0.0454144,,0.0239026,0.0273504,0.0454144,
Non-smooth: Wendland CSRBF+Runge,DCT+Bessel+IDCT; on padded grid    ,44,0.023,1.08563e+06,921.122,8, 0.0280788,,0.0269362,0.0249706,0.0280788,
Non-smooth: Wendland CSRBF+Runge,DCT+Bessel+IDCT; on padded grid    ,48,0.076,1.16514e+06,858.268,8, 0.0333489,,0.027011,0.0237138,0.0333489,
Non-smooth: Wendland CSRBF+Runge,DCT+Bessel+IDCT; on padded grid    ,52,0.026,1.50794e+06,663.155,8, 0.0386032,,0.0245086,0.021034,0.0386032,
Non-smooth: Wendland CSRBF+Runge,DCT+Bessel+IDCT; on padded grid    ,56,0.044,1.61595e+06,618.832,8, 0.0378658,,0.0208561,0.0184282,0.0378658,
Non-smooth: Wendland CSRBF+Runge,DCT+Bessel+IDCT; on padded grid    ,60,0.145,1.80275e+06,554.707,8, 0.0314206,,0.0168925,0.0168724,0.0314206,
Non-smooth: Wendland CSRBF+Runge,DCT+Bessel+IDCT; on padded grid    ,64,0.031,1.71084e+06,584.509,8, 0.0254924,,0.0124569,0.0171131,0.0254924,
Non-smooth: Wendland CSRBF+Runge,DCT+Bessel+IDCT; on padded grid    ,68,0.07,3.12287e+06,320.218,8, 0.0324896,,0.0152448,0.0160318,0.0324896,
Non-smooth: Wendland CSRBF+Runge,DCT+Bessel+IDCT; on padded grid    ,72,0.115,2.54402e+06,393.079,8, 0.0338596,,0.0173786,0.0171123,0.0338596,
Non-smooth: Wendland CSRBF+Runge,DCT+Bessel+IDCT; on padded grid    ,76,0.077,3.8169e+06,261.993,8, 0.0312035,,0.0193264,0.0167633,0.0312035,
Non-smooth: Wendland CSRBF+Runge,DCT+Bessel+IDCT; on padded grid    ,80,0.081,3.3596e+06,297.654,8, 0.0211632,,0.0204348,0.0177112,0.0211632,
Non-smooth: Wendland CSRBF+Runge,DCT+Bessel+IDCT; on padded grid    ,84,0.104,1.04836e+07,95.387,8, 0.0262136,,0.0199214,0.0168858,0.0262136,
Non-smooth: Wendland CSRBF+Runge,DCT+Bessel+IDCT; on padded grid    ,88,0.075,9.89535e+06,101.058,8, 0.0300546,,0.018544,0.0175235,0.0300546,
Non-smooth: Wendland CSRBF+Runge,DCT+Bessel+IDCT; on padded grid    ,92,0.081,1.32375e+07,75.5431,8, 0.0312196,,0.0167626,0.0179445,0.0312196,
Non-smooth: Wendland CSRBF+Runge,DCT+Bessel+IDCT; on padded grid    ,96,0.087,4.79858e+06,208.395,8, 0.0251698,,0.0132547,0.0181881,0.0251698,
Non-smooth: Wendland CSRBF+Runge,DCT+Bessel+IDCT; on padded grid    ,100,0.135,4.96925e+06,201.238,8, 0.0202206,,0.0118671,0.0183407,0.0202206,
Non-smooth: Wendland CSRBF+Runge,DCT+Bessel+IDCT; on padded grid    ,104,0.058,5.71517e+06,174.973,8, 0.026487,,0.0141149,0.0169472,0.026487,
Non-smooth: Wendland CSRBF+Runge,DCT+Bessel+IDCT; on padded grid    ,108,0.135,6.27358e+06,159.399,8, 0.0276712,,0.0158954,0.0167351,0.0276712,
Non-smooth: Wendland CSRBF+Runge,DCT+Bessel+IDCT; on padded grid    ,112,0.066,6.83214e+06,146.367,8, 0.0259708,,0.0162453,0.0165074,0.0259708,
Non-smooth: Wendland CSRBF+Runge,DCT+Bessel+IDCT; on padded grid    ,116,0.104,1.05755e+07,94.5583,8, 0.0175504,,0.0161392,0.0169689,0.0175504,
Non-smooth: Wendland CSRBF+Runge,DCT+Bessel+IDCT; on padded grid    ,120,0.247,7.51089e+06,133.14,8, 0.0229981,,0.0152371,0.0170992,0.0229981,
Non-smooth: Wendland CSRBF+Runge,DCT+Bessel+IDCT; on padded grid    ,124,0.134,1.26498e+07,79.0524,8, 0.0243195,,0.0140937,0.0153285,0.0243195,
Non-smooth: Wendland CSRBF+Runge,DCT+Bessel+IDCT; on padded grid    ,128,0.099,9.75784e+06,102.482,8, 0.0264113,,0.0123552,0.0152864,0.0264113,
Non-smooth: Wendland CSRBF+Runge,DCT+Bessel+IDCT; on padded grid    ,132,0.124,1.01314e+07,98.7027,8, 0.0190523,,0.0101365,0.0138869,0.0190523,
Non-smooth: Wendland CSRBF+Runge,DCT+Bessel+IDCT; on padded grid    ,136,0.168,1.31903e+07,75.8135,8, 0.0198279,,0.0120255,0.01263,0.0198279,
Non-smooth: Wendland CSRBF+Runge,DCT+Bessel+IDCT; on padded grid    ,140,0.212,1.03228e+07,96.8732,8, 0.0239892,,0.0134203,0.0108033,0.0239892,
Non-smooth: Wendland CSRBF+Runge,DCT+Bessel+IDCT; on padded grid    ,144,0.133,1.41688e+07,70.5774,8, 0.0234521,,0.0139228,0.0112264,0.0234521,
Non-smooth: Wendland CSRBF+Runge,DCT+Bessel+IDCT; on padded grid    ,148,0.136,2.07051e+07,48.2972,8, 0.0202899,,0.0135909,0.0115786,0.0202899,
Non-smooth: Wendland CSRBF+Runge,DCT+Bessel+IDCT; on padded grid    ,152,0.166,1.71894e+07,58.1756,8, 0.0168555,,0.0129953,0.0109125,0.0168555,
Non-smooth: Wendland CSRBF+Runge,DCT+Bessel+IDCT; on padded grid    ,156,0.145,1.45451e+07,68.7517,8, 0.0206915,,0.0116896,0.0127604,0.0206915,
Non-smooth: Wendland CSRBF+Runge,DCT+Bessel+IDCT; on padded grid    ,160,0.143,1.41512e+07,70.6652,8, 0.0235466,,0.0103455,0.0124127,0.0235466,
Non-smooth: Wendland CSRBF+Runge,DCT+Bessel+IDCT; on padded grid    ,164,0.161,2.55349e+07,39.162,8, 0.0211606,,0.00905372,0.012619,0.0211606,
Non-smooth: Wendland CSRBF+Runge,DCT+Bessel+IDCT; on padded grid    ,168,0.207,1.67429e+07,59.7268,8, 0.0160747,,0.0106445,0.0122914,0.0160747,
Non-smooth: Wendland CSRBF+Runge,DCT+Bessel+IDCT; on padded grid    ,172,0.177,2.84887e+07,35.1016,8, 0.0174814,,0.0120934,0.0135127,0.0174814,
Non-smooth: Wendland CSRBF+Runge,DCT+Bessel+IDCT; on padded grid    ,176,0.173,1.88947e+07,52.9249,8, 0.0203627,,0.012212,0.0138626,0.0203627,
Non-smooth: Wendland CSRBF+Runge,DCT+Bessel+IDCT; on padded grid    ,180,0.336,1.87351e+07,53.3759,8, 0.0218032,,0.0120334,0.0129285,0.0218032,
Non-smooth: Wendland CSRBF+Runge,DCT+Bessel+IDCT; on padded grid    ,184,0.201,2.71539e+07,36.8271,8, 0.0176199,,0.0116083,0.0131433,0.0176199,
Non-smooth: Wendland CSRBF+Runge,DCT+Bessel+IDCT; on padded grid    ,188,0.196,3.6355e+07,27.5065,8, 0.0145315,,0.0105398,0.0142636,0.0145315,
Non-smooth: Wendland CSRBF+Runge,DCT+Bessel+IDCT; on padded grid    ,192,0.199,2.21449e+07,45.1571,8, 0.0450443,,0.0094374,0.0450443,0.0172162,
Non-smooth: Wendland CSRBF+Runge,DCT+Bessel+IDCT; on padded grid    ,196,0.136,2.40895e+07,41.5118,8, 0.0221901,,0.00787075,0.0138644,0.0221901,
Non-smooth: Wendland CSRBF+Runge,DCT+Bessel+IDCT; on padded grid    ,200,0.187,2.34906e+07,42.5702,8, 0.0188436,,0.00971984,0.0139931,0.0188436,
Non-smooth: Wendland CSRBF+Runge,DCT+Bessel+IDCT; on padded grid    ,204,0.36,3.26621e+07,30.6165,8, 0.0138415,,0.0107746,0.01307,0.0138415,
Non-smooth: Wendland CSRBF+Runge,DCT+Bessel+IDCT; on padded grid    ,208,0.162,2.72984e+07,36.6322,8, 0.0173308,,0.0115048,0.0129789,0.0173308,
Non-smooth: Wendland CSRBF+Runge,DCT+Bessel+IDCT; on padded grid    ,212,0.25,5.01296e+07,19.9483,8, 0.0192688,,0.0109731,0.0117487,0.0192688,
Non-smooth: Wendland CSRBF+Runge,DCT+Bessel+IDCT; on padded grid    ,216,0.226,2.92745e+07,34.1595,8, 0.0197519,,0.0107014,0.0112974,0.0197519,
Non-smooth: Wendland CSRBF+Runge,DCT+Bessel+IDCT; on padded grid    ,220,0.271,3.23063e+07,30.9537,8, 0.0147926,,0.00929771,0.00939286,0.0147926,
Non-smooth: Wendland CSRBF+Runge,DCT+Bessel+IDCT; on padded grid    ,224,0.181,3.16478e+07,31.5977,8, 0.0144193,,0.00835223,0.00871522,0.0144193,
Non-smooth: Wendland CSRBF+Runge,DCT+Bessel+IDCT; on padded grid    ,228,0.407,4.31426e+07,23.179,8, 0.0162615,,0.0069839,0.00993881,0.0162615,
Non-smooth: Wendland CSRBF+Runge,DCT+Bessel+IDCT; on padded grid    ,232,0.286,4.86196e+07,20.5678,8, 0.0204036,,0.009221,0.0102675,0.0204036,
Non-smooth: Wendland CSRBF+Runge,DCT+Bessel+IDCT; on padded grid    ,236,0.344,6.67062e+07,14.9911,8, 0.0162772,,0.0103541,0.00933253,0.0162772,
Non-smooth: Wendland CSRBF+Runge,DCT+Bessel+IDCT; on padded grid    ,240,0.285,3.67133e+07,27.2381,8, 0.0117381,,0.0107123,0.0103997,0.0117381,
Non-smooth: Wendland CSRBF+Runge,DCT+Bessel+IDCT; on padded grid    ,244,0.349,7.20773e+07,13.874,8, 0.0165388,,0.0103064,0.0107353,0.0165388,
Non-smooth: Wendland CSRBF+Runge,DCT+Bessel+IDCT; on padded grid    ,248,0.326,5.79757e+07,17.2486,8, 0.0176851,,0.00968989,0.0116506,0.0176851,
Non-smooth: Wendland CSRBF+Runge,DCT+Bessel+IDCT; on padded grid    ,252,0.399,4.31919e+07,23.1525,8, 0.0174395,,0.00894614,0.0110575,0.0174395,
Non-smooth: Wendland CSRBF+Runge,DCT+Bessel+IDCT; on padded grid    ,256,0.256,4.45931e+07,22.425,8, 0.0151698,,0.00765503,0.011848,0.0151698,
Non-smooth: Wendland CSRBF+Runge,DCT+Bessel+IDCT; on padded grid    ,260,0.349,4.84742e+07,20.6295,8, 0.0137114,,0.00641735,0.0121966,0.0137114,
Non-smooth: Wendland CSRBF+Runge,DCT+Bessel+IDCT; on padded grid    ,264,0.441,5.15972e+07,19.3809,8, 0.0148865,,0.00829095,0.0113558,0.0148865,
Non-smooth: Wendland CSRBF+Runge,DCT+Bessel+IDCT; on padded grid    ,268,0.526,9.67942e+07,10.3312,8, 0.0183486,,0.00946982,0.0120998,0.0183486,
Non-smooth: Wendland CSRBF+Runge,DCT+Bessel+IDCT; on padded grid    ,272,0.455,6.49997e+07,15.3847,8, 0.0168553,,0.00989243,0.0128134,0.0168553,
Non-smooth: Wendland CSRBF+Runge,DCT+Bessel+IDCT; on padded grid    ,276,0.548,7.1627e+07,13.9612,8, 0.0119153,,0.00957849,0.0119153,0.0110677,
Non-smooth: Wendland CSRBF+Runge,DCT+Bessel+IDCT; on padded grid    ,280,0.5,5.8399e+07,17.1236,8, 0.0152964,,0.00907538,0.0124685,0.0152964,
Non-smooth: Wendland CSRBF+Runge,DCT+Bessel+IDCT; on padded grid    ,284,0.647,1.12762e+08,8.8682,8, 0.0158107,,0.00795686,0.0114141,0.0158107,
Non-smooth: Wendland CSRBF+Runge,DCT+Bessel+IDCT; on padded grid    ,288,0.451,5.79809e+07,17.2471,8, 0.0182197,,0.00730263,0.0118199,0.0182197,
Non-smooth: Wendland CSRBF+Runge,DCT+Bessel+IDCT; on padded grid    ,292,0.566,1.21718e+08,8.21573,8, 0.0132407,,0.00620214,0.0104618,0.0132407,
Non-smooth: Wendland CSRBF+Runge,DCT+Bessel+IDCT; on padded grid    ,296,0.429,9.27288e+07,10.7841,8, 0.0125648,,0.00784398,0.00885525,0.0125648,
Non-smooth: Wendland CSRBF+Runge,DCT+Bessel+IDCT; on padded grid    ,300,0.559,6.55462e+07,15.2564,8, 0.0164149,,0.00907668,0.00753796,0.0164149,
Non-smooth: Wendland CSRBF+Runge,DCT+Bessel+IDCT; on padded grid    ,304,0.458,8.39047e+07,11.9183,8, 0.016074,,0.00908501,0.008311,0.016074,
Non-smooth: Wendland CSRBF+Runge,DCT+Bessel+IDCT; on padded grid    ,308,0.407,7.6555e+07,13.0625,8, 0.0140819,,0.0088486,0.00748069,0.0140819,
Non-smooth: Wendland CSRBF+Runge,DCT+Bessel+IDCT; on padded grid    ,312,0.437,7.53286e+07,13.2752,8, 0.00997889,,0.00842922,0.00810534,0.00997889,
Non-smooth: Wendland CSRBF+Runge,DCT+Bessel+IDCT; on padded grid    ,316,0.687,1.48571e+08,6.73077,8, 0.0137446,,0.00740764,0.00905875,0.0137446,
Non-smooth: Wendland CSRBF+Runge,DCT+Bessel+IDCT; on padded grid    ,320,0.476,6.99319e+07,14.2996,8, 0.0169806,,0.0068517,0.00979976,0.0169806,
Non-smooth: Wendland CSRBF+Runge,DCT+Bessel+IDCT; on padded grid    ,324,0.442,7.80635e+07,12.8101,8, 0.0156266,,0.00587061,0.0104552,0.0156266,
Non-smooth: Wendland CSRBF+Runge,DCT+Bessel+IDCT; on padded grid    ,328,0.564,1.19525e+08,8.36642,8, 0.0136933,,0.00737698,0.00990993,0.0136933,
Non-smooth: Wendland CSRBF+Runge,DCT+Bessel+IDCT; on padded grid    ,332,0.798,1.70722e+08,5.85746,8, 0.011115,,0.00865737,0.0106796,0.011115,
Non-smooth: Wendland CSRBF+Runge,DCT+Bessel+IDCT; on padded grid    ,336,0.635,8.60649e+07,11.6191,8, 0.0144936,,0.00873191,0.0101928,0.0144936,
Non-smooth: Wendland CSRBF+Runge,DCT+Bessel+IDCT; on padded grid    ,340,0.611,1.06464e+08,9.39284,8, 0.0169086,,0.00857535,0.0109262,0.0169086,
Non-smooth: Wendland CSRBF+Runge,DCT+Bessel+IDCT; on padded grid    ,344,0.619,1.33077e+08,7.51443,8, 0.0145204,,0.00824023,0.0104576,0.0145204,
Non-smooth: Wendland CSRBF+Runge,DCT+Bessel+IDCT; on padded grid    ,348,0.656,1.24792e+08,8.01331,8, 0.0123406,,0.00731307,0.0123406,0.0118004,
Non-smooth: Wendland CSRBF+Runge,DCT+Bessel+IDCT; on padded grid    ,352,0.554,9.66238e+07,10.3494,8, 0.0151853,,0.00635285,0.0117558,0.0151853,
Non-smooth: Wendland CSRBF+Runge,DCT+Bessel+IDCT; on padded grid    ,356,0.948,2.05153e+08,4.87441,8, 0.0147335,,0.00543667,0.0123389,0.0147335,
Non-smooth: Wendland CSRBF+Runge,DCT+Bessel+IDCT; on padded grid    ,360,0.776,9.46634e+07,10.5637,8, 0.0161809,,0.00737725,0.0116224,0.0161809,
Non-smooth: Wendland CSRBF+Runge,DCT+Bessel+IDCT; on padded grid    ,364,0.581,1.13482e+08,8.81194,8, 0.0107705,,0.00822664,0.0107705,0.0106266,
Non-smooth: Wendland CSRBF+Runge,DCT+Bessel+IDCT; on padded grid    ,368,0.662,1.30981e+08,7.63467,8, 0.0126513,,0.00835379,0.00976193,0.0126513,
Non-smooth: Wendland CSRBF+Runge,DCT+Bessel+IDCT; on padded grid    ,372,0.784,1.53949e+08,6.49564,8, 0.0370032,,0.00826103,0.0370032,0.0156426,
Non-smooth: Wendland CSRBF+Runge,DCT+Bessel+IDCT; on padded grid    ,376,0.749,1.6853e+08,5.93367,8, 0.0143808,,0.00751916,0.00888931,0.0143808,
Non-smooth: Wendland CSRBF+Runge,DCT+Bessel+IDCT; on padded grid    ,380,0.771,1.38734e+08,7.20805,8, 0.0126928,,0.00667357,0.00736734,0.0126928,
Non-smooth: Wendland CSRBF+Runge,DCT+Bessel+IDCT; on padded grid    ,384,0.643,1.02928e+08,9.71555,8, 0.0101891,,0.00628477,0.00683387,0.0101891,
Non-smooth: Wendland CSRBF+Runge,DCT+Bessel+IDCT; on padded grid    ,388,1.218,2.60918e+08,3.83262,8, 0.0132185,,0.00532366,0.00755648,0.0132185,
Non-smooth: Wendland CSRBF+Runge,DCT+Bessel+IDCT; on padded grid    ,392,0.565,1.19089e+08,8.39706,8, 0.0156025,,0.00692575,0.00821749,0.0156025,
Non-smooth: Wendland CSRBF+Runge,DCT+Bessel+IDCT; on padded grid    ,396,0.719,1.26566e+08,7.90104,8, 0.0133947,,0.00780682,0.00799302,0.0133947,
Non-smooth: Wendland CSRBF+Runge,DCT+Bessel+IDCT; on padded grid    ,400,0.704,1.17634e+08,8.50094,8, 0.0112181,,0.00797727,0.00898032,0.0112181,
Non-smooth: Wendland CSRBF+Runge,DCT+Bessel+IDCT; on padded grid    ,404,1.26,2.94141e+08,3.39973,8, 0.0107743,,0.00793428,0.00857085,0.0107743,
Non-smooth: Wendland CSRBF+Runge,DCT+Bessel+IDCT; on padded grid    ,408,0.935,1.5767e+08,6.34235,8, 0.0133985,,0.00725482,0.00969202,0.0133985,
Non-smooth: Wendland CSRBF+Runge,DCT+Bessel+IDCT; on padded grid    ,412,1.377,3.08896e+08,3.23734,8, 0.0150051,,0.00647642,0.0103834,0.0150051,
Non-smooth: Wendland CSRBF+Runge,DCT+Bessel+IDCT; on padded grid    ,416,0.711,1.37164e+08,7.29052,8, 0.0131565,,0.00566918,0.0100244,0.0131565,
Non-smooth: Wendland CSRBF+Runge,DCT+Bessel+IDCT; on padded grid    ,420,1.08,1.4699e+08,6.80317,8, 0.011615,,0.00490718,0.0106332,0.011615,
Non-smooth: Wendland CSRBF+Runge,DCT+Bessel+IDCT; on padded grid    ,424,1.005,2.26412e+08,4.41673,8, 0.0143398,,0.00646757,0.0102496,0.0143398,
Non-smooth: Wendland CSRBF+Runge,DCT+Bessel+IDCT; on padded grid    ,428,1.518,3.39887e+08,2.94216,8, 0.0131157,,0.00738259,0.0108654,0.0131157,
Non-smooth: Wendland CSRBF+Runge,DCT+Bessel+IDCT; on padded grid    ,432,0.803,1.36197e+08,7.3423,8, 0.0138202,,0.0075953,0.0103959,0.0138202,
Non-smooth: Wendland CSRBF+Runge,DCT+Bessel+IDCT; on padded grid    ,436,1.589,3.51631e+08,2.84389,8, 0.0109188,,0.00760204,0.0109188,0.00932969,
Non-smooth: Wendland CSRBF+Runge,DCT+Bessel+IDCT; on padded grid    ,440,0.876,1.56696e+08,6.38179,8, 0.0119924,,0.00697976,0.00994339,0.0119924,
Non-smooth: Wendland CSRBF+Runge,DCT+Bessel+IDCT; on padded grid    ,444,1.093,2.22752e+08,4.4893,8, 0.0143015,,0.00625963,0.010774,0.0143015,
Non-smooth: Wendland CSRBF+Runge,DCT+Bessel+IDCT; on padded grid    ,448,0.786,1.49718e+08,6.67924,8, 0.0126099,,0.00551327,0.00958767,0.0126099,
Non-smooth: Wendland CSRBF+Runge,DCT+Bessel+IDCT; on padded grid    ,452,1.679,3.87323e+08,2.58182,8, 0.0105869,,0.00483329,0.00859125,0.0105869,
Non-smooth: Wendland CSRBF+Runge,DCT+Bessel+IDCT; on padded grid    ,456,1.145,2.04256e+08,4.89582,8, 0.00966189,,0.00646639,0.00679355,0.00966189,
Non-smooth: Wendland CSRBF+Runge,DCT+Bessel+IDCT; on padded grid    ,460,1.081,2.11422e+08,4.72987,8, 0.0120976,,0.00694785,0.0069992,0.0120976,
Non-smooth: Wendland CSRBF+Runge,DCT+Bessel+IDCT; on padded grid    ,464,1.12,2.24822e+08,4.44796,8, 0.0137965,,0.00719702,0.0066434,0.0137965,
Non-smooth: Wendland CSRBF+Runge,DCT+Bessel+IDCT; on padded grid    ,468,0.964,1.78154e+08,5.61314,8, 0.0121765,,0.00725048,0.00730513,0.0121765,
Non-smooth: Wendland CSRBF+Runge,DCT+Bessel+IDCT; on padded grid    ,472,1.377,3.04984e+08,3.27886,8, 0.00858147,,0.00668161,0.00858147,0.00742161,
Non-smooth: Wendland CSRBF+Runge,DCT+Bessel+IDCT; on padded grid    ,476,1.066,2.19241e+08,4.5612,8, 0.0130868,,0.00601885,0.00766361,0.0130868,
Non-smooth: Wendland CSRBF+Runge,DCT+Bessel+IDCT; on padded grid    ,480,1.14,1.68421e+08,5.93749,8, 0.0118461,,0.0053308,0.00836325,0.0118461,
Non-smooth: Wendland CSRBF+Runge,DCT+Bessel+IDCT; on padded grid    ,484,1.134,2.08584e+08,4.79422,8, 0.01311,,0.00480941,0.00974797,0.01311,
Non-smooth: Wendland CSRBF+Runge,DCT+Bessel+IDCT; on padded grid    ,488,1.415,3.21534e+08,3.11009,8, 0.010472,,0.00601146,0.00878687,0.010472,
Non-smooth: Wendland CSRBF+Runge,DCT+Bessel+IDCT; on padded grid    ,492,1.365,2.83458e+08,3.52786,8, 0.0108279,,0.00697971,0.00947346,0.0108279,
Non-smooth: Wendland CSRBF+Runge,DCT+Bessel+IDCT; on padded grid    ,496,1.273,2.61178e+08,3.8288,8, 0.0130128,,0.00726293,0.00902442,0.0130128,
Non-smooth: Wendland CSRBF+Runge,DCT+Bessel+IDCT; on padded grid    ,500,0.994,1.90231e+08,5.25676,8, 0.0144125,,0.00688663,0.0098525,0.0144125,
Non-smooth: Wendland CSRBF+Runge,DCT+Bessel+IDCT; on padded grid    ,504,1.057,1.91878e+08,5.21164,8, 0.012141,,0.00636217,0.0104734,0.012141,
Non-smooth: Wendland CSRBF+Runge,DCT+Bessel+IDCT; on padded grid    ,508,1.604,5.40958e+08,1.84857,8, 0.0100242,,0.00574986,0.0100242,0.00863322,
Non-smooth: Wendland CSRBF+Runge,DCT+Bessel+IDCT; on padded grid    ,512,0.953,1.8584e+08,5.38098,8, 0.0108356,,0.00511373,0.0105905,0.0108356,
Non-smooth: Wendland CSRBF+Runge,DCT+Bessel+IDCT; on padded grid    ,516,1.553,3.18264e+08,3.14204,8, 0.0125679,,0.00451666,0.00929073,0.0125679,
