calculator chosen: 3
func chosen: 2
cache dir chosen: /scratch/ob749/GA/cache/
FunctionName, Calculator,N,Init time (s), Calc.time(s), Calc.Freq(hz), Bytes, MaxError, FirstBlank, Err1, Err2, Err3, Blank
Non-smooth: Wendland CSRBF+Runge,bicubic interp; CPU Sparse Matrix  ,8,0.003,66735,14984.6,8, 0.299925,,0.0625577,0.299925,0.265704,
Non-smooth: Wendland CSRBF+Runge,bicubic interp; CPU Sparse Matrix  ,12,0.005,68409,14618,8, 0.173055,,0.0683756,0.170789,0.173055,
Non-smooth: Wendland CSRBF+Runge,bicubic interp; CPU Sparse Matrix  ,16,0.012,115270,8675.28,8, 0.079851,,0.0394318,0.079851,0.0767299,
Non-smooth: Wendland CSRBF+Runge,bicubic interp; CPU Sparse Matrix  ,20,0.026,201504,4962.68,8, 0.0498025,,0.032766,0.0498025,0.0432852,
Non-smooth: Wendland CSRBF+Runge,bicubic interp; CPU Sparse Matrix  ,24,0.053,337793,2960.39,8, 0.0213773,,0.0153421,0.0213773,0.0174867,
Non-smooth: Wendland CSRBF+Runge,bicubic interp; CPU Sparse Matrix  ,28,0.093,2.02144e+06,494.696,8, 0.0141278,,0.0121663,0.0141278,0.0121563,
Non-smooth: Wendland CSRBF+Runge,bicubic interp; CPU Sparse Matrix  ,32,0.149,787270,1270.21,8, 0.0119405,,0.00851692,0.0113111,0.0119405,
Non-smooth: Wendland CSRBF+Runge,bicubic interp; CPU Sparse Matrix  ,36,0.231,1.21479e+06,823.186,8, 0.0087471,,0.00338439,0.00601211,0.0087471,
Non-smooth: Wendland CSRBF+Runge,bicubic interp; CPU Sparse Matrix  ,40,0.315,1.6082e+06,621.812,8, 0.00614526,,0.00206372,0.00455436,0.00614526,
Non-smooth: Wendland CSRBF+Runge,bicubic interp; CPU Sparse Matrix  ,44,0.501,2.11136e+06,473.628,8, 0.004909,,0.00208916,0.00347936,0.004909,
Non-smooth: Wendland CSRBF+Runge,bicubic interp; CPU Sparse Matrix  ,48,0.608,6.90294e+06,144.866,8, 0.00446955,,0.00235991,0.00363696,0.00446955,
Non-smooth: Wendland CSRBF+Runge,bicubic interp; CPU Sparse Matrix  ,52,0.742,1.04027e+07,96.1293,8, 0.00438476,,0.00193672,0.00267082,0.00438476,
Non-smooth: Wendland CSRBF+Runge,bicubic interp; CPU Sparse Matrix  ,56,1.033,1.26951e+07,78.7703,8, 0.00337319,,0.0015295,0.00213248,0.00337319,
Non-smooth: Wendland CSRBF+Runge,bicubic interp; CPU Sparse Matrix  ,60,1.297,2.00759e+07,49.8109,8, 0.00313879,,0.00112542,0.0022206,0.00313879,
Non-smooth: Wendland CSRBF+Runge,bicubic interp; CPU Sparse Matrix  ,64,1.482,1.28217e+07,77.9926,8, 0.00278957,,0.000984437,0.0018843,0.00278957,
Non-smooth: Wendland CSRBF+Runge,bicubic interp; CPU Sparse Matrix  ,68,1.836,1.26871e+07,78.8203,8, 0.00283249,,0.000772668,0.00173978,0.00283249,
Non-smooth: Wendland CSRBF+Runge,bicubic interp; CPU Sparse Matrix  ,72,2.413,2.00154e+07,49.9616,8, 0.00242003,,0.000844817,0.00183322,0.00242003,
Non-smooth: Wendland CSRBF+Runge,bicubic interp; CPU Sparse Matrix  ,76,2.752,1.64964e+07,60.6192,8, 0.00232181,,0.000872961,0.00162431,0.00232181,
Non-smooth: Wendland CSRBF+Runge,bicubic interp; CPU Sparse Matrix  ,80,3.24,1.96153e+07,50.9807,8, 0.00246772,,0.000712863,0.00146667,0.00246772,
Non-smooth: Wendland CSRBF+Runge,bicubic interp; CPU Sparse Matrix  ,84,3.734,2.11277e+07,47.3312,8, 0.0026473,,0.000659571,0.00147498,0.0026473,
Non-smooth: Wendland CSRBF+Runge,bicubic interp; CPU Sparse Matrix  ,88,4.642,2.11614e+07,47.2558,8, 0.00213073,,0.000667729,0.00123586,0.00213073,
Non-smooth: Wendland CSRBF+Runge,bicubic interp; CPU Sparse Matrix  ,92,5.25,2.20498e+07,45.3519,8, 0.00233832,,0.000652262,0.00129727,0.00233832,
Non-smooth: Wendland CSRBF+Runge,bicubic interp; CPU Sparse Matrix  ,96,5.919,2.14132e+07,46.7001,8, 0.00214433,,0.000582005,0.00126674,0.00214433,
Non-smooth: Wendland CSRBF+Runge,bicubic interp; CPU Sparse Matrix  ,100,6.889,2.407e+07,41.5455,8, 0.00220313,,0.000477245,0.0013759,0.00220313,
Non-smooth: Wendland CSRBF+Runge,bicubic interp; CPU Sparse Matrix  ,104,7.608,2.67933e+07,37.3228,8, 0.00266717,,0.000352698,0.00137127,0.00266717,
Non-smooth: Wendland CSRBF+Runge,bicubic interp; CPU Sparse Matrix  ,108,8.762,3.10272e+07,32.2298,8, 0.00303093,,0.000388282,0.00303093,0.00257918,
Non-smooth: Wendland CSRBF+Runge,bicubic interp; CPU Sparse Matrix  ,112,10.589,3.85186e+07,25.9615,8, 0.0022639,,0.000404648,0.00135968,0.0022639,
Non-smooth: Wendland CSRBF+Runge,bicubic interp; CPU Sparse Matrix  ,116,11.67,3.58413e+07,27.9007,8, 0.00242075,,0.000411389,0.00127035,0.00242075,
Non-smooth: Wendland CSRBF+Runge,bicubic interp; CPU Sparse Matrix  ,120,12.948,3.75031e+07,26.6644,8, 0.00247372,,0.000522487,0.0013813,0.00247372,
Non-smooth: Wendland CSRBF+Runge,bicubic interp; CPU Sparse Matrix  ,124,14.443,4.55221e+07,21.9674,8, 0.00236272,,0.000530703,0.00131951,0.00236272,
Non-smooth: Wendland CSRBF+Runge,bicubic interp; CPU Sparse Matrix  ,128,15.653,4.89576e+07,20.4259,8, 0.00235917,,0.000363761,0.00105111,0.00235917,
Non-smooth: Wendland CSRBF+Runge,bicubic interp; CPU Sparse Matrix  ,132,17.679,5.71869e+07,17.4865,8, 0.002434,,0.000309009,0.00159301,0.002434,
Non-smooth: Wendland CSRBF+Runge,bicubic interp; CPU Sparse Matrix  ,136,20.842,5.43153e+07,18.411,8, 0.00288713,,0.000265043,0.0011397,0.00288713,
Non-smooth: Wendland CSRBF+Runge,bicubic interp; CPU Sparse Matrix  ,140,22.271,6.4629e+07,15.4729,8, 0.0024554,,0.000304474,0.00152208,0.0024554,
Non-smooth: Wendland CSRBF+Runge,bicubic interp; CPU Sparse Matrix  ,144,23.97,6.50661e+07,15.369,8, 0.00251092,,0.000267759,0.00138513,0.00251092,
Non-smooth: Wendland CSRBF+Runge,bicubic interp; CPU Sparse Matrix  ,148,25.955,6.67216e+07,14.9877,8, 0.00237813,,0.000345792,0.00150273,0.00237813,
Non-smooth: Wendland CSRBF+Runge,bicubic interp; CPU Sparse Matrix  ,152,28.432,7.32001e+07,13.6612,8, 0.00338346,,0.000270915,0.00338346,0.00230845,
Non-smooth: Wendland CSRBF+Runge,bicubic interp; CPU Sparse Matrix  ,156,30.269,7.92837e+07,12.6129,8, 0.00233552,,0.000350989,0.0016891,0.00233552,
Non-smooth: Wendland CSRBF+Runge,bicubic interp; CPU Sparse Matrix  ,160,32.681,9.22063e+07,10.8453,8, 0.00947272,,0.000311514,0.00135406,0.00947272,
Non-smooth: Wendland CSRBF+Runge,bicubic interp; CPU Sparse Matrix  ,164,35.387,1.52621e+08,6.55219,8, 0.00234422,,0.000310206,0.00153595,0.00234422,
Non-smooth: Wendland CSRBF+Runge,bicubic interp; CPU Sparse Matrix  ,168,38.559,9.96563e+07,10.0345,8, 0.00264412,,0.000279399,0.00147288,0.00264412,
Non-smooth: Wendland CSRBF+Runge,bicubic interp; CPU Sparse Matrix  ,172,42.91,1.04458e+08,9.57321,8, 0.00268691,,0.000265919,0.00137017,0.00268691,
Non-smooth: Wendland CSRBF+Runge,bicubic interp; CPU Sparse Matrix  ,176,46.605,1.13145e+08,8.83822,8, 0.0026712,,0.00033138,0.0012565,0.0026712,
Non-smooth: Wendland CSRBF+Runge,bicubic interp; CPU Sparse Matrix  ,180,49.467,1.18745e+08,8.42138,8, 0.00262042,,0.000364096,0.00131892,0.00262042,
Non-smooth: Wendland CSRBF+Runge,bicubic interp; CPU Sparse Matrix  ,184,52.853,1.30838e+08,7.64304,8, 0.00318109,,0.000424313,0.00159721,0.00318109,
Non-smooth: Wendland CSRBF+Runge,bicubic interp; CPU Sparse Matrix  ,188,57.467,1.44987e+08,6.89716,8, 0.00282104,,0.000294589,0.00170779,0.00282104,
Non-smooth: Wendland CSRBF+Runge,bicubic interp; CPU Sparse Matrix  ,192,60.815,1.52851e+08,6.54233,8, 0.0450458,,0.000376362,0.0450458,0.00245255,
Non-smooth: Wendland CSRBF+Runge,bicubic interp; CPU Sparse Matrix  ,196,63.951,1.62924e+08,6.13782,8, 0.00273011,,0.000368414,0.00124675,0.00273011,
Non-smooth: Wendland CSRBF+Runge,bicubic interp; CPU Sparse Matrix  ,200,68.136,1.73095e+08,5.77717,8, 0.00402965,,0.00044832,0.00179027,0.00402965,
Non-smooth: Wendland CSRBF+Runge,bicubic interp; CPU Sparse Matrix  ,204,73.043,1.87718e+08,5.32715,8, 0.00337521,,0.000506119,0.00182359,0.00337521,
Non-smooth: Wendland CSRBF+Runge,bicubic interp; CPU Sparse Matrix  ,208,75.821,1.8993e+08,5.26509,8, 0.00360154,,0.000558453,0.00264008,0.00360154,
Non-smooth: Wendland CSRBF+Runge,bicubic interp; CPU Sparse Matrix  ,212,87.4,2.01894e+08,4.9531,8, 0.00322595,,0.000424644,0.00265409,0.00322595,
Non-smooth: Wendland CSRBF+Runge,bicubic interp; CPU Sparse Matrix  ,216,91.08,2.21611e+08,4.51241,8, 0.00413705,,0.000651789,0.00328907,0.00413705,
Non-smooth: Wendland CSRBF+Runge,bicubic interp; CPU Sparse Matrix  ,220,95.973,2.25019e+08,4.44407,8, 0.00469926,,0.000664314,0.00345295,0.00469926,
Non-smooth: Wendland CSRBF+Runge,bicubic interp; CPU Sparse Matrix  ,224,100.382,2.32119e+08,4.30813,8, 0.00522635,,0.00064563,0.00296499,0.00522635,
Non-smooth: Wendland CSRBF+Runge,bicubic interp; CPU Sparse Matrix  ,228,105.508,2.54105e+08,3.93539,8, 0.005596,,0.000792744,0.00261435,0.005596,
Non-smooth: Wendland CSRBF+Runge,bicubic interp; CPU Sparse Matrix  ,232,121.883,2.49324e+08,4.01084,8, 0.00492242,,0.000924954,0.00354772,0.00492242,
Non-smooth: Wendland CSRBF+Runge,bicubic interp; CPU Sparse Matrix  ,236,118.541,2.84175e+08,3.51896,8, 0.00656696,,0.000892403,0.00383949,0.00656696,
Non-smooth: Wendland CSRBF+Runge,bicubic interp; CPU Sparse Matrix  ,240,124.529,2.87342e+08,3.48018,8, 0.00620007,,0.000790398,0.00350551,0.00620007,
Non-smooth: Wendland CSRBF+Runge,bicubic interp; CPU Sparse Matrix  ,244,126.177,3.00547e+08,3.32727,8, 0.00639158,,0.00104018,0.00413444,0.00639158,
Non-smooth: Wendland CSRBF+Runge,bicubic interp; CPU Sparse Matrix  ,248,134.885,3.13186e+08,3.19299,8, 0.00782636,,0.00145874,0.00504087,0.00782636,
Non-smooth: Wendland CSRBF+Runge,bicubic interp; CPU Sparse Matrix  ,252,140.707,3.31799e+08,3.01387,8, 0.00752618,,0.000799457,0.00516319,0.00752618,
Non-smooth: Wendland CSRBF+Runge,bicubic interp; CPU Sparse Matrix  ,256,150.753,3.50842e+08,2.85029,8, 0.0105314,,0.000887613,0.00671883,0.0105314,
Non-smooth: Wendland CSRBF+Runge,bicubic interp; CPU Sparse Matrix  ,260,155.464,3.66114e+08,2.73139,8, 0.00913081,,0.001318,0.00552183,0.00913081,
Non-smooth: Wendland CSRBF+Runge,bicubic interp; CPU Sparse Matrix  ,264,163.146,3.81768e+08,2.61939,8, 0.0119946,,0.0014504,0.00720298,0.0119946,
Non-smooth: Wendland CSRBF+Runge,bicubic interp; CPU Sparse Matrix  ,268,166.841,4.00845e+08,2.49473,8, 0.0111549,,0.00158829,0.00796608,0.0111549,
Non-smooth: Wendland CSRBF+Runge,bicubic interp; CPU Sparse Matrix  ,272,186.335,4.19311e+08,2.38486,8, 0.0133433,,0.0019389,0.00718044,0.0133433,
Non-smooth: Wendland CSRBF+Runge,bicubic interp; CPU Sparse Matrix  ,276,194.194,4.40888e+08,2.26815,8, 0.0148758,,0.00126634,0.00623372,0.0148758,
Non-smooth: Wendland CSRBF+Runge,bicubic interp; CPU Sparse Matrix  ,280,211.819,4.5964e+08,2.17562,8, 0.018831,,0.00198917,0.00978888,0.018831,
Non-smooth: Wendland CSRBF+Runge,bicubic interp; CPU Sparse Matrix  ,284,213.982,5.0716e+08,1.97177,8, 0.0175199,,0.0020204,0.00830811,0.0175199,
Non-smooth: Wendland CSRBF+Runge,bicubic interp; CPU Sparse Matrix  ,288,222.145,5.0641e+08,1.97468,8, 0.0183131,,0.00299745,0.0145288,0.0183131,
Non-smooth: Wendland CSRBF+Runge,bicubic interp; CPU Sparse Matrix  ,292,240.563,5.29389e+08,1.88897,8, 0.0171471,,0.00326519,0.00969234,0.0171471,
Non-smooth: Wendland CSRBF+Runge,bicubic interp; CPU Sparse Matrix  ,296,264.641,5.57229e+08,1.79459,8, 0.0224042,,0.00266239,0.0128729,0.0224042,
Non-smooth: Wendland CSRBF+Runge,bicubic interp; CPU Sparse Matrix  ,300,255.636,5.86717e+08,1.7044,8, 0.0189724,,0.00235244,0.0130993,0.0189724,
Non-smooth: Wendland CSRBF+Runge,bicubic interp; CPU Sparse Matrix  ,304,257.499,5.93243e+08,1.68565,8, 0.0170851,,0.00372517,0.0105826,0.0170851,
Non-smooth: Wendland CSRBF+Runge,bicubic interp; CPU Sparse Matrix  ,308,269.281,6.28698e+08,1.59059,8, 0.0220784,,0.00277543,0.0156035,0.0220784,
Non-smooth: Wendland CSRBF+Runge,bicubic interp; CPU Sparse Matrix  ,312,279.575,7.42873e+08,1.34613,8, 0.0273858,,0.00326797,0.015869,0.0273858,
Non-smooth: Wendland CSRBF+Runge,bicubic interp; CPU Sparse Matrix  ,316,326.922,7.06008e+08,1.41641,8, 0.0291932,,0.0040823,0.0126769,0.0291932,
Non-smooth: Wendland CSRBF+Runge,bicubic interp; CPU Sparse Matrix  ,320,304.306,7.02502e+08,1.42348,8, 0.0270668,,0.00497012,0.0179789,0.0270668,
Non-smooth: Wendland CSRBF+Runge,bicubic interp; CPU Sparse Matrix  ,324,318.656,7.3651e+08,1.35775,8, 0.0372539,,0.00327384,0.0178862,0.0372539,
Non-smooth: Wendland CSRBF+Runge,bicubic interp; CPU Sparse Matrix  ,328,353.071,1.13319e+09,0.882462,8, 0.0256296,,0.00699983,0.0192107,0.0256296,
Non-smooth: Wendland CSRBF+Runge,bicubic interp; CPU Sparse Matrix  ,332,335.108,7.88656e+08,1.26798,8, 0.0306353,,0.00598789,0.024084,0.0306353,
