calculator chosen: 7
func chosen: 2
cache dir chosen: /scratch/ob749/GA/cache/
FunctionName, Calculator,N,Init time (s), Calc.time(s), Calc.Freq(hz), Bytes, MaxError, FirstBlank, Err1, Err2, Err3, Blank
Non-smooth: Wendland CSRBF+Runge,linear interp; GPU Sparse Matrix   ,8,0.209,498157,2007.4,8, 0.499171,,0.499171,0.265678,0.336057,
Non-smooth: Wendland CSRBF+Runge,linear interp; GPU Sparse Matrix   ,12,0.004,122025,8195.04,8, 0.387365,,0.387365,0.270488,0.32152,
Non-smooth: Wendland CSRBF+Runge,linear interp; GPU Sparse Matrix   ,16,0.009,132163,7566.41,8, 0.307666,,0.307666,0.175008,0.20158,
Non-smooth: Wendland CSRBF+Runge,linear interp; GPU Sparse Matrix   ,20,0.016,124994,8000.38,8, 0.224949,,0.224949,0.134997,0.161779,
Non-smooth: Wendland CSRBF+Runge,linear interp; GPU Sparse Matrix   ,24,0.025,130195,7680.79,8, 0.178047,,0.132652,0.131739,0.178047,
Non-smooth: Wendland CSRBF+Runge,linear interp; GPU Sparse Matrix   ,28,0.035,134196,7451.79,8, 0.140668,,0.0555343,0.0845073,0.140668,
Non-smooth: Wendland CSRBF+Runge,linear interp; GPU Sparse Matrix   ,32,0.053,154754,6461.87,8, 0.0946747,,0.0261592,0.0888658,0.0946747,
Non-smooth: Wendland CSRBF+Runge,linear interp; GPU Sparse Matrix   ,36,0.122,198372,5041.03,8, 0.0890716,,0.0820832,0.0890716,0.0784359,
Non-smooth: Wendland CSRBF+Runge,linear interp; GPU Sparse Matrix   ,40,0.172,230314,4341.9,8, 0.10527,,0.10527,0.0813614,0.0743792,
Non-smooth: Wendland CSRBF+Runge,linear interp; GPU Sparse Matrix   ,44,0.23,257539,3882.91,8, 0.0965602,,0.0965602,0.0763646,0.0829041,
Non-smooth: Wendland CSRBF+Runge,linear interp; GPU Sparse Matrix   ,48,0.325,288586,3465.17,8, 0.0760789,,0.0760789,0.0675828,0.0642897,
Non-smooth: Wendland CSRBF+Runge,linear interp; GPU Sparse Matrix   ,52,0.378,289386,3455.59,8, 0.0469639,,0.043222,0.0469639,0.0410058,
Non-smooth: Wendland CSRBF+Runge,linear interp; GPU Sparse Matrix   ,56,0.435,334224,2992.01,8, 0.039512,,0.0223082,0.0381002,0.039512,
Non-smooth: Wendland CSRBF+Runge,linear interp; GPU Sparse Matrix   ,60,0.569,339275,2947.46,8, 0.0554773,,0.0165644,0.0351765,0.0554773,
Non-smooth: Wendland CSRBF+Runge,linear interp; GPU Sparse Matrix   ,64,0.691,383355,2608.55,8, 0.0535924,,0.0361169,0.0458439,0.0535924,
Non-smooth: Wendland CSRBF+Runge,linear interp; GPU Sparse Matrix   ,68,0.733,427771,2337.7,8, 0.038415,,0.0295194,0.038415,0.0328443,
Non-smooth: Wendland CSRBF+Runge,linear interp; GPU Sparse Matrix   ,72,1.021,445631,2244.01,8, 0.0461823,,0.0461823,0.031409,0.0226974,
Non-smooth: Wendland CSRBF+Runge,linear interp; GPU Sparse Matrix   ,76,1.204,510648,1958.3,8, 0.0390091,,0.0390091,0.024773,0.0341364,
Non-smooth: Wendland CSRBF+Runge,linear interp; GPU Sparse Matrix   ,80,1.368,544454,1836.7,8, 0.0312721,,0.0286818,0.0202494,0.0312721,
Non-smooth: Wendland CSRBF+Runge,linear interp; GPU Sparse Matrix   ,84,1.539,595750,1678.56,8, 0.0305685,,0.0172173,0.0162484,0.0305685,
Non-smooth: Wendland CSRBF+Runge,linear interp; GPU Sparse Matrix   ,88,1.83,647238,1545.03,8, 0.018613,,0.0088555,0.0118108,0.018613,
Non-smooth: Wendland CSRBF+Runge,linear interp; GPU Sparse Matrix   ,92,2.067,718310,1392.16,8, 0.0221913,,0.00831511,0.0128394,0.0221913,
Non-smooth: Wendland CSRBF+Runge,linear interp; GPU Sparse Matrix   ,96,2.423,789907,1265.97,8, 0.0264868,,0.0246403,0.0141684,0.0264868,
Non-smooth: Wendland CSRBF+Runge,linear interp; GPU Sparse Matrix   ,100,2.693,860790,1161.72,8, 0.0299442,,0.0145589,0.0139086,0.0299442,
Non-smooth: Wendland CSRBF+Runge,linear interp; GPU Sparse Matrix   ,104,2.926,977422,1023.1,8, 0.0222236,,0.0222236,0.0153077,0.0176533,
Non-smooth: Wendland CSRBF+Runge,linear interp; GPU Sparse Matrix   ,108,3.364,1.05703e+06,946.048,8, 0.0211001,,0.0211001,0.0146169,0.0132225,
Non-smooth: Wendland CSRBF+Runge,linear interp; GPU Sparse Matrix   ,112,3.855,1.14478e+06,873.528,8, 0.0204166,,0.0172025,0.0153696,0.0204166,
Non-smooth: Wendland CSRBF+Runge,linear interp; GPU Sparse Matrix   ,116,4.277,1.2392e+06,806.972,8, 0.0155301,,0.0117357,0.0155301,0.0118319,
Non-smooth: Wendland CSRBF+Runge,linear interp; GPU Sparse Matrix   ,120,4.671,1.37582e+06,726.837,8, 0.0180185,,0.00468821,0.0145777,0.0180185,
Non-smooth: Wendland CSRBF+Runge,linear interp; GPU Sparse Matrix   ,124,4.985,1.48901e+06,671.586,8, 0.0133664,,0.00811629,0.0133664,0.00891759,
Non-smooth: Wendland CSRBF+Runge,linear interp; GPU Sparse Matrix   ,128,5.756,1.65468e+06,604.346,8, 0.0181257,,0.0181257,0.0123894,0.0137254,
Non-smooth: Wendland CSRBF+Runge,linear interp; GPU Sparse Matrix   ,132,6.241,1.82079e+06,549.211,8, 0.0154508,,0.00882279,0.0102311,0.0154508,
Non-smooth: Wendland CSRBF+Runge,linear interp; GPU Sparse Matrix   ,136,6.941,2.01851e+06,495.414,8, 0.0195279,,0.0147081,0.00676006,0.0195279,
Non-smooth: Wendland CSRBF+Runge,linear interp; GPU Sparse Matrix   ,140,7.761,2.19567e+06,455.442,8, 0.0145117,,0.0145117,0.00954635,0.00978052,
Non-smooth: Wendland CSRBF+Runge,linear interp; GPU Sparse Matrix   ,144,8.117,2.38814e+06,418.736,8, 0.0154035,,0.0119317,0.0154035,0.00894366,
Non-smooth: Wendland CSRBF+Runge,linear interp; GPU Sparse Matrix   ,148,8.938,2.68366e+06,372.626,8, 0.0133029,,0.0063856,0.012911,0.0133029,
Non-smooth: Wendland CSRBF+Runge,linear interp; GPU Sparse Matrix   ,152,9.511,2.82068e+06,354.524,8, 0.0127011,,0.00317821,0.0104341,0.0127011,
Non-smooth: Wendland CSRBF+Runge,linear interp; GPU Sparse Matrix   ,156,10.266,3.05388e+06,327.453,8, 0.0117653,,0.00614206,0.00853402,0.0117653,
Non-smooth: Wendland CSRBF+Runge,linear interp; GPU Sparse Matrix   ,160,11.265,3.3295e+06,300.345,8, 0.012711,,0.012711,0.00662322,0.00953044,
Non-smooth: Wendland CSRBF+Runge,linear interp; GPU Sparse Matrix   ,164,12.177,3.55243e+06,281.497,8, 0.0105046,,0.00619653,0.0049453,0.0105046,
Non-smooth: Wendland CSRBF+Runge,linear interp; GPU Sparse Matrix   ,168,13.035,3.8401e+06,260.41,8, 0.00995777,,0.00995777,0.00356825,0.00957187,
Non-smooth: Wendland CSRBF+Runge,linear interp; GPU Sparse Matrix   ,172,14.538,4.45957e+06,224.237,8, 0.0135805,,0.0102208,0.00439717,0.0135805,
Non-smooth: Wendland CSRBF+Runge,linear interp; GPU Sparse Matrix   ,176,15.62,4.79916e+06,208.37,8, 0.00801954,,0.00801954,0.00487436,0.00665897,
Non-smooth: Wendland CSRBF+Runge,linear interp; GPU Sparse Matrix   ,180,16.624,5.14492e+06,194.367,8, 0.00705219,,0.00465434,0.00507508,0.00705219,
Non-smooth: Wendland CSRBF+Runge,linear interp; GPU Sparse Matrix   ,184,17.464,5.49743e+06,181.903,8, 0.00987608,,0.00189882,0.00619259,0.00987608,
Non-smooth: Wendland CSRBF+Runge,linear interp; GPU Sparse Matrix   ,188,18.336,5.79502e+06,172.562,8, 0.0151382,,0.00453967,0.00681349,0.0151382,
Non-smooth: Wendland CSRBF+Runge,linear interp; GPU Sparse Matrix   ,192,19.721,6.18666e+06,161.638,8, 0.0440362,,0.0104199,0.0440362,0.00812142,
Non-smooth: Wendland CSRBF+Runge,linear interp; GPU Sparse Matrix   ,196,18.185,6.56787e+06,152.256,8, 0.00684525,,0.00407387,0.00684525,0.00420457,
Non-smooth: Wendland CSRBF+Runge,linear interp; GPU Sparse Matrix   ,200,22.312,6.86987e+06,145.563,8, 0.00806258,,0.00753973,0.00677565,0.00806258,
Non-smooth: Wendland CSRBF+Runge,linear interp; GPU Sparse Matrix   ,204,23.501,7.35567e+06,135.95,8, 0.00804424,,0.00804424,0.00602793,0.00567617,
Non-smooth: Wendland CSRBF+Runge,linear interp; GPU Sparse Matrix   ,208,24.687,7.82247e+06,127.837,8, 0.00916448,,0.00626028,0.00528253,0.00916448,
Non-smooth: Wendland CSRBF+Runge,linear interp; GPU Sparse Matrix   ,212,26.121,8.39211e+06,119.16,8, 0.00430145,,0.00346223,0.00430145,0.0034488,
Non-smooth: Wendland CSRBF+Runge,linear interp; GPU Sparse Matrix   ,216,29.241,8.73206e+06,114.52,8, 0.00582053,,0.00139454,0.00242465,0.00582053,
Non-smooth: Wendland CSRBF+Runge,linear interp; GPU Sparse Matrix   ,220,30.494,9.32615e+06,107.225,8, 0.00736055,,0.0041112,0.00508598,0.00736055,
Non-smooth: Wendland CSRBF+Runge,linear interp; GPU Sparse Matrix   ,224,32.568,9.84663e+06,101.558,8, 0.0114894,,0.00843457,0.00830699,0.0114894,
Non-smooth: Wendland CSRBF+Runge,linear interp; GPU Sparse Matrix   ,228,34.033,1.02724e+07,97.3483,8, 0.00693211,,0.00334482,0.00693211,0.00593601,
Non-smooth: Wendland CSRBF+Runge,linear interp; GPU Sparse Matrix   ,232,35.595,1.08205e+07,92.4168,8, 0.00622394,,0.00622394,0.00573036,0.00384159,
Non-smooth: Wendland CSRBF+Runge,linear interp; GPU Sparse Matrix   ,236,37.407,1.11353e+07,89.8048,8, 0.00622645,,0.00609421,0.00454965,0.00622645,
Non-smooth: Wendland CSRBF+Runge,linear interp; GPU Sparse Matrix   ,240,38.926,1.20391e+07,83.0625,8, 0.00472529,,0.00472529,0.00345726,0.00307187,
Non-smooth: Wendland CSRBF+Runge,linear interp; GPU Sparse Matrix   ,244,40.862,1.25748e+07,79.5241,8, 0.00725844,,0.00275141,0.0023958,0.00725844,
Non-smooth: Wendland CSRBF+Runge,linear interp; GPU Sparse Matrix   ,248,43.873,1.31347e+07,76.1345,8, 0.00293789,,0.00105626,0.00225045,0.00293789,
Non-smooth: Wendland CSRBF+Runge,linear interp; GPU Sparse Matrix   ,252,45.51,1.37807e+07,72.5655,8, 0.00512529,,0.00326231,0.00218795,0.00512529,
Non-smooth: Wendland CSRBF+Runge,linear interp; GPU Sparse Matrix   ,256,43.104,1.39243e+07,71.8168,8, 0.00694751,,0.00694751,0.00296754,0.00531875,
Non-smooth: Wendland CSRBF+Runge,linear interp; GPU Sparse Matrix   ,260,51.331,1.49509e+07,66.8855,8, 0.00886668,,0.00256048,0.00307629,0.00886668,
Non-smooth: Wendland CSRBF+Runge,linear interp; GPU Sparse Matrix   ,264,52.535,1.60931e+07,62.1383,8, 0.00480282,,0.00480282,0.00359231,0.00420404,
Non-smooth: Wendland CSRBF+Runge,linear interp; GPU Sparse Matrix   ,268,55.707,1.68216e+07,59.4473,8, 0.0049063,,0.0049063,0.00402907,0.00352353,
Non-smooth: Wendland CSRBF+Runge,linear interp; GPU Sparse Matrix   ,272,59.283,1.76044e+07,56.8041,8, 0.00557651,,0.00404289,0.00396439,0.00557651,
Non-smooth: Wendland CSRBF+Runge,linear interp; GPU Sparse Matrix   ,276,56.661,1.8474e+07,54.1301,8, 0.00425328,,0.00236979,0.00425328,0.00383092,
Non-smooth: Wendland CSRBF+Runge,linear interp; GPU Sparse Matrix   ,280,58.687,1.93504e+07,51.6786,8, 0.00558188,,0.000866004,0.00416895,0.00558188,
Non-smooth: Wendland CSRBF+Runge,linear interp; GPU Sparse Matrix   ,284,60.996,1.96902e+07,50.7868,8, 0.00380779,,0.0029324,0.00380779,0.00274327,
Non-smooth: Wendland CSRBF+Runge,linear interp; GPU Sparse Matrix   ,288,64.327,2.09002e+07,47.8465,8, 0.00591712,,0.00591712,0.00337572,0.00437724,
Non-smooth: Wendland CSRBF+Runge,linear interp; GPU Sparse Matrix   ,292,67.046,2.18876e+07,45.688,8, 0.00409834,,0.00203407,0.00264947,0.00409834,
Non-smooth: Wendland CSRBF+Runge,linear interp; GPU Sparse Matrix   ,296,69.021,2.28624e+07,43.74,8, 0.00678799,,0.00415902,0.00169069,0.00678799,
Non-smooth: Wendland CSRBF+Runge,linear interp; GPU Sparse Matrix   ,300,72.191,2.39914e+07,41.6816,8, 0.00418599,,0.00418599,0.0032237,0.00325947,
Non-smooth: Wendland CSRBF+Runge,linear interp; GPU Sparse Matrix   ,304,74.529,2.47782e+07,40.3581,8, 0.00529377,,0.00337147,0.00529377,0.00313015,
Non-smooth: Wendland CSRBF+Runge,linear interp; GPU Sparse Matrix   ,308,77.976,2.58644e+07,38.6632,8, 0.00456278,,0.00175008,0.00456278,0.00454353,
Non-smooth: Wendland CSRBF+Runge,linear interp; GPU Sparse Matrix   ,312,80.957,2.71344e+07,36.8536,8, 0.00570381,,0.000718317,0.0037376,0.00570381,
Non-smooth: Wendland CSRBF+Runge,linear interp; GPU Sparse Matrix   ,316,85.076,2.89521e+07,34.5398,8, 0.00459397,,0.00242372,0.00288798,0.00459397,
Non-smooth: Wendland CSRBF+Runge,linear interp; GPU Sparse Matrix   ,320,88.08,2.91565e+07,34.2976,8, 0.00502657,,0.00502657,0.00227278,0.00264268,
Non-smooth: Wendland CSRBF+Runge,linear interp; GPU Sparse Matrix   ,324,92.761,3.07102e+07,32.5625,8, 0.00399294,,0.00169983,0.00161098,0.00399294,
Non-smooth: Wendland CSRBF+Runge,linear interp; GPU Sparse Matrix   ,328,96.305,3.17073e+07,31.5385,8, 0.00340938,,0.00340938,0.00166786,0.00305629,
Non-smooth: Wendland CSRBF+Runge,linear interp; GPU Sparse Matrix   ,332,99.499,3.32201e+07,30.1023,8, 0.00566625,,0.00351354,0.00264267,0.00566625,
Non-smooth: Wendland CSRBF+Runge,linear interp; GPU Sparse Matrix   ,336,106.182,3.41449e+07,29.287,8, 0.00279427,,0.00279427,0.00202897,0.00244633,
Non-smooth: Wendland CSRBF+Runge,linear interp; GPU Sparse Matrix   ,340,109.392,3.5053e+07,28.5282,8, 0.00322084,,0.0015482,0.00229011,0.00322084,
Non-smooth: Wendland CSRBF+Runge,linear interp; GPU Sparse Matrix   ,344,117.284,3.58848e+07,27.867,8, 0.00372071,,0.000515456,0.00253095,0.00372071,
Non-smooth: Wendland CSRBF+Runge,linear interp; GPU Sparse Matrix   ,348,122.537,3.83563e+07,26.0714,8, 0.00696392,,0.00216074,0.00255245,0.00696392,
Non-smooth: Wendland CSRBF+Runge,linear interp; GPU Sparse Matrix   ,352,128.483,3.91946e+07,25.5137,8, 0.00450777,,0.00450777,0.0027341,0.00333532,
Non-smooth: Wendland CSRBF+Runge,linear interp; GPU Sparse Matrix   ,356,132.693,3.99363e+07,25.0399,8, 0.00282539,,0.00140642,0.00282539,0.00265096,
Non-smooth: Wendland CSRBF+Runge,linear interp; GPU Sparse Matrix   ,360,141.323,4.18688e+07,23.8841,8, 0.0035775,,0.00296075,0.0027695,0.0035775,
Non-smooth: Wendland CSRBF+Runge,linear interp; GPU Sparse Matrix   ,364,143.738,4.45562e+07,22.4435,8, 0.00309183,,0.00309183,0.00249904,0.00276478,
Non-smooth: Wendland CSRBF+Runge,linear interp; GPU Sparse Matrix   ,368,148.527,4.53463e+07,22.0525,8, 0.00462919,,0.00243401,0.00231434,0.00462919,
Non-smooth: Wendland CSRBF+Runge,linear interp; GPU Sparse Matrix   ,372,153.969,4.75705e+07,21.0214,8, 0.037006,,0.0013031,0.037006,0.00294003,
Non-smooth: Wendland CSRBF+Runge,linear interp; GPU Sparse Matrix   ,376,158.609,4.95209e+07,20.1935,8, 0.00302423,,0.00045393,0.00180169,0.00302423,
Non-smooth: Wendland CSRBF+Runge,linear interp; GPU Sparse Matrix   ,380,164.782,5.16221e+07,19.3716,8, 0.00321313,,0.00199445,0.00243492,0.00321313,
Non-smooth: Wendland CSRBF+Runge,linear interp; GPU Sparse Matrix   ,384,165.038,5.23472e+07,19.1032,8, 0.0056667,,0.00393751,0.00393612,0.0056667,
Non-smooth: Wendland CSRBF+Runge,linear interp; GPU Sparse Matrix   ,388,170.971,5.53622e+07,18.0629,8, 0.00329065,,0.00130636,0.00329065,0.00268751,
Non-smooth: Wendland CSRBF+Runge,linear interp; GPU Sparse Matrix   ,392,181.65,5.65163e+07,17.694,8, 0.00288449,,0.00258759,0.00288449,0.00284456,
Non-smooth: Wendland CSRBF+Runge,linear interp; GPU Sparse Matrix   ,396,187.686,5.91607e+07,16.9031,8, 0.00321489,,0.00264355,0.00218154,0.00321489,
Non-smooth: Wendland CSRBF+Runge,linear interp; GPU Sparse Matrix   ,400,194.937,6.12962e+07,16.3142,8, 0.00298812,,0.00208802,0.00161187,0.00298812,
Non-smooth: Wendland CSRBF+Runge,linear interp; GPU Sparse Matrix   ,404,200.39,6.07941e+07,16.449,8, 0.00384524,,0.00113875,0.00158419,0.00384524,
Non-smooth: Wendland CSRBF+Runge,linear interp; GPU Sparse Matrix   ,408,208.935,6.66878e+07,14.9952,8, 0.00265401,,0.000375563,0.00157575,0.00265401,
Non-smooth: Wendland CSRBF+Runge,linear interp; GPU Sparse Matrix   ,412,210.923,6.66497e+07,15.0038,8, 0.00286116,,0.00173284,0.00185722,0.00286116,
Non-smooth: Wendland CSRBF+Runge,linear interp; GPU Sparse Matrix   ,416,221.771,6.91466e+07,14.462,8, 0.00349579,,0.00349579,0.00179007,0.00289873,
Non-smooth: Wendland CSRBF+Runge,linear interp; GPU Sparse Matrix   ,420,227.046,7.29741e+07,13.7035,8, 0.00464197,,0.0010716,0.00194566,0.00464197,
Non-smooth: Wendland CSRBF+Runge,linear interp; GPU Sparse Matrix   ,424,240.094,7.3972e+07,13.5186,8, 0.0113935,,0.00221679,0.00190291,0.0113935,
Non-smooth: Wendland CSRBF+Runge,linear interp; GPU Sparse Matrix   ,428,242.211,7.3613e+07,13.5846,8, 0.00298938,,0.00236575,0.00211371,0.00298938,
Non-smooth: Wendland CSRBF+Runge,linear interp; GPU Sparse Matrix   ,432,264.016,7.9611e+07,12.5611,8, 0.00291018,,0.00190566,0.00224131,0.00291018,
Non-smooth: Wendland CSRBF+Runge,linear interp; GPU Sparse Matrix   ,436,267.903,8.344e+07,11.9847,8, 0.00267502,,0.00103641,0.00218054,0.00267502,
Non-smooth: Wendland CSRBF+Runge,linear interp; GPU Sparse Matrix   ,440,278.54,8.63002e+07,11.5875,8, 0.00273218,,0.000349706,0.0021351,0.00273218,
Non-smooth: Wendland CSRBF+Runge,linear interp; GPU Sparse Matrix   ,444,287.277,9.09399e+07,10.9963,8, 0.00291474,,0.00159056,0.00211078,0.00291474,
Non-smooth: Wendland CSRBF+Runge,linear interp; GPU Sparse Matrix   ,448,297.363,9.55279e+07,10.4682,8, 0.00316592,,0.00316592,0.00207606,0.00268819,
Non-smooth: Wendland CSRBF+Runge,linear interp; GPU Sparse Matrix   ,452,303.411,9.7492e+07,10.2572,8, 0.00298856,,0.000947213,0.00188932,0.00298856,
Non-smooth: Wendland CSRBF+Runge,linear interp; GPU Sparse Matrix   ,456,315.554,9.92875e+07,10.0718,8, 0.0041819,,0.00203549,0.00164358,0.0041819,
Non-smooth: Wendland CSRBF+Runge,linear interp; GPU Sparse Matrix   ,460,318.787,1.00894e+08,9.91135,8, 0.00278593,,0.00212515,0.00200105,0.00278593,
Non-smooth: Wendland CSRBF+Runge,linear interp; GPU Sparse Matrix   ,464,329.373,1.006e+08,9.94031,8, 0.00305059,,0.00165231,0.00305059,0.00288194,
Non-smooth: Wendland CSRBF+Runge,linear interp; GPU Sparse Matrix   ,468,339.587,1.07148e+08,9.33289,8, 0.00285671,,0.000859216,0.00256233,0.00285671,
Non-smooth: Wendland CSRBF+Runge,linear interp; GPU Sparse Matrix   ,472,349.923,1.09544e+08,9.12872,8, 0.00646802,,0.000295451,0.00646802,0.00342294,
Non-smooth: Wendland CSRBF+Runge,linear interp; GPU Sparse Matrix   ,476,353.594,1.17598e+08,8.50352,8, 0.00259395,,0.00140231,0.00167654,0.00259395,
Non-smooth: Wendland CSRBF+Runge,linear interp; GPU Sparse Matrix   ,480,371.299,1.26425e+08,7.90983,8, 0.00285059,,0.00285059,0.00155585,0.00271712,
