This is LuaHBTeX, Version 1.12.0 (MiKTeX 20.11) (format=lualatex 2021.1.13)  24 JAN 2021 22:19
 system commands enabled.
**\def\tikzexternalrealjob{thesis}\input{thesis}
Lua module: luaotfload-main 2020-09-02 3.15 luaotfload entry point
Lua module: luaotfload-init 2020-09-02 3.15 luaotfload submodule / initialization
Lua module: lualibs 2020-08-31 2.72 ConTeXt Lua standard libraries.
Lua module: lualibs-extended 2020-08-31 2.72 ConTeXt Lua libraries -- extended collection.
Lua module: luaotfload-log 2020-09-02 3.15 luaotfload submodule / logging
Lua module: luaotfload-parsers 2020-09-02 3.15 luaotfload submodule / parsers
Lua module: luaotfload-configuration 2020-09-02 3.15 luaotfload submodule / config file reader
luaotfload | conf : Root cache directory is "C:/Users/oreba/AppData/Local/MiKTeX/2.9/luatex-cache/generic/names".
luaotfload | init : Loading fontloader "fontloader-2020-08-31.lua" from kpse-resolved path "C:/Program Files/MiKTeX 2.9/tex/luatex/luaotfload/fontloader-2020-08-31.lua".
Lua-only attribute luaotfload@noligature = 1
Lua-only attribute luaotfload@syllabe = 2
luaotfload | init : Context OpenType loader version 0x1.8e353f7ced917p+1
Lua module: luaotfload-fallback 2020-09-02 3.15 luaotfload submodule / fallback
Lua module: luaotfload-multiscript 2020-09-02 3.15 luaotfload submodule / multiscript
Lua module: luaotfload-script 2020-09-02 3.15 luaotfload submodule / Script helpers
Inserting `luaotfload.node_processor' at position 1 in `pre_linebreak_filter'.
Inserting `luaotfload.node_processor' at position 1 in `hpack_filter'.
Inserting `luaotfload.glyph_stream' at position 1 in `glyph_stream_provider'.
Lua module: luaotfload-loaders 2020-09-02 3.15 luaotfload submodule / callback handling
Inserting `luaotfload.define_font' at position 1 in `define_font'.
Lua module: luaotfload-database 2020-09-02 3.15 luaotfload submodule / database
Lua module: luaotfload-unicode 2020-09-02 3.15 luaotfload submodule / Unicode helpers
Lua module: luaotfload-colors 2020-09-02 3.15 luaotfload submodule / color
Lua-only attribute luaotfload_color_attribute = 3
Lua module: luaotfload-resolvers 2020-09-02 3.15 luaotfload submodule / resolvers
luaotfload | conf : Root cache directory is "C:/Users/oreba/AppData/Local/MiKTeX/2.9/luatex-cache/generic/names".
Lua module: luaotfload-features 2020-09-02 3.15 luaotfload submodule / features
Lua module: luaotfload-harf-define 2020-09-02 3.15 luaotfload submodule / HarfBuzz font loading
Inserting `luaotfload.harf.strip_prefix' at position 1 in `find_opentype_file'.
Inserting `luaotfload.harf.strip_prefix' at position 1 in `find_truetype_file'.
Lua module: luaotfload-harf-plug 2020-09-02 3.15 luaotfload submodule / HarfBuzz shaping
Inserting `Harf pre_output_filter callback' at position 1 in `pre_output_filter'.
Inserting `Harf wrapup_run callback' at position 1 in `wrapup_run'.
Inserting `Harf finish_pdffile callback' at position 1 in `finish_pdffile'.
Inserting `Harf glyph_info callback' at position 1 in `glyph_info'.
Lua module: luaotfload-letterspace 2020-09-02 3.15 luaotfload submodule / letterspacing
Lua module: luaotfload-embolden 2020-09-02 3.15 luaotfload submodule / embolden
Lua module: luaotfload-notdef 2020-09-02 3.15 luaotfload submodule / notdef
Lua module: luaotfload-suppress 2020-09-02 3.15 luaotfload submodule / suppress
Lua module: luaotfload-szss 2020-09-02 3.15 luaotfload submodule / Special feature handling
Lua module: luaotfload-auxiliary 2020-09-02 3.15 luaotfload submodule / auxiliary functions
Inserting `luaotfload.aux.set_sscale_dimens' at position 1 in `luaotfload.patch_font'.
Inserting `luaotfload.aux.set_font_index' at position 2 in `luaotfload.patch_font'.
Inserting `luaotfload.aux.patch_cambria_domh' at position 3 in `luaotfload.patch_font'.
Inserting `luaotfload.aux.fixup_fontdata' at position 1 in `luaotfload.patch_font_unsafe'.
Inserting `luaotfload.aux.set_capheight' at position 4 in `luaotfload.patch_font'.
Inserting `luaotfload.aux.set_xheight' at position 5 in `luaotfload.patch_font'.
Lua module: luaotfload-tounicode 2020-09-02 3.15 luaotfload submodule / tounicode
Inserting `luaotfload.rewrite_fontname' at position 6 in `luaotfload.patch_font'.
(./thesis.tex ("C:/Program Files/MiKTeX 2.9/tex/latex/base/report.cls"
Document Class: report 2020/04/10 v1.4m Standard LaTeX document class
("C:/Program Files/MiKTeX 2.9/tex/latex/base/size12.clo"
File: size12.clo 2020/04/10 v1.4m Standard LaTeX file (size option)
luaotfload | db : Font names database loaded from C:/Users/oreba/AppData/Local/M
iKTeX/2.9/luatex-cache/generic/names/luaotfload-names.luc)
\c@part=\count171
\c@chapter=\count172
\c@section=\count173
\c@subsection=\count174
\c@subsubsection=\count175
\c@paragraph=\count176
\c@subparagraph=\count177
\c@figure=\count178
\c@table=\count179
\abovecaptionskip=\skip47
\belowcaptionskip=\skip48
\bibindent=\dimen138
) (C:/Users/oreba/AppData/Roaming/MiKTeX/2.9/tex/latex/setspace/setspace.sty
Package: setspace 2011/12/19 v6.7a set line spacing
) (./definitions.tex ("C:/Program Files/MiKTeX 2.9/tex/latex/graphics/graphicx.
sty"
Package: graphicx 2020/09/09 v1.2b Enhanced LaTeX Graphics (DPC,SPQR)
("C:/Program Files/MiKTeX 2.9/tex/latex/graphics/keyval.sty"
Package: keyval 2014/10/28 v1.15 key=value parser (DPC)
\KV@toks@=\toks15
) ("C:/Program Files/MiKTeX 2.9/tex/latex/graphics/graphics.sty"
Package: graphics 2020/08/30 v1.4c Standard LaTeX Graphics (DPC,SPQR)
("C:/Program Files/MiKTeX 2.9/tex/latex/graphics/trig.sty"
Package: trig 2016/01/03 v1.10 sin cos tan (DPC)
) ("C:/Program Files/MiKTeX 2.9/tex/latex/graphics-cfg/graphics.cfg"
File: graphics.cfg 2016/06/04 v1.11 sample graphics configuration
)
Package graphics Info: Driver file: luatex.def on input line 105.
("C:/Program Files/MiKTeX 2.9/tex/latex/graphics-def/luatex.def"
File: luatex.def 2020/10/05 v1.2a Graphics/color driver for luatex
))
\Gin@req@height=\dimen139
\Gin@req@width=\dimen140
) ("C:/Program Files/MiKTeX 2.9/tex/latex/tools/indentfirst.sty"
Package: indentfirst 1995/11/23 v1.03 Indent first paragraph (DPC)
) (C:/Users/oreba/AppData/Roaming/MiKTeX/2.9/tex/latex/amscls/amsthm.sty
Package: amsthm 2020/05/29 v2.20.6
\thm@style=\toks16
\thm@bodyfont=\toks17
\thm@headfont=\toks18
\thm@notefont=\toks19
\thm@headpunct=\toks20
\thm@preskip=\skip49
\thm@postskip=\skip50
\thm@headsep=\skip51
\dth@everypar=\toks21
) ("C:/Program Files/MiKTeX 2.9/tex/latex/amsmath/amsmath.sty"
Package: amsmath 2020/09/23 v2.17i AMS math features
\@mathmargin=\skip52
For additional information on amsmath, use the `?' option.
("C:/Program Files/MiKTeX 2.9/tex/latex/amsmath/amstext.sty"
Package: amstext 2000/06/29 v2.01 AMS text
("C:/Program Files/MiKTeX 2.9/tex/latex/amsmath/amsgen.sty"
File: amsgen.sty 1999/11/30 v2.0 generic functions
\@emptytoks=\toks22
\ex@=\dimen141
)) ("C:/Program Files/MiKTeX 2.9/tex/latex/amsmath/amsbsy.sty"
Package: amsbsy 1999/11/29 v1.2d Bold Symbols
\pmbraise@=\dimen142
) ("C:/Program Files/MiKTeX 2.9/tex/latex/amsmath/amsopn.sty"
Package: amsopn 2016/03/08 v2.02 operator names
)
\inf@bad=\count180
LaTeX Info: Redefining \frac on input line 236.
\uproot@=\count181
\leftroot@=\count182
LaTeX Info: Redefining \overline on input line 399.
\classnum@=\count183
\DOTSCASE@=\count184
LaTeX Info: Redefining \ldots on input line 496.
LaTeX Info: Redefining \dots on input line 499.
LaTeX Info: Redefining \cdots on input line 620.
\Mathstrutbox@=\box47
\strutbox@=\box48
\big@size=\dimen143
LaTeX Font Info:    Redeclaring font encoding OML on input line 743.
LaTeX Font Info:    Redeclaring font encoding OMS on input line 744.
\macc@depth=\count185
\c@MaxMatrixCols=\count186
\dotsspace@=\muskip16
\c@parentequation=\count187
\dspbrk@lvl=\count188
\tag@help=\toks23
\row@=\count189
\column@=\count190
\maxfields@=\count191
\andhelp@=\toks24
\eqnshift@=\dimen144
\alignsep@=\dimen145
\tagshift@=\dimen146
\tagwidth@=\dimen147
\totwidth@=\dimen148
\lineht@=\dimen149
\@envbody=\toks25
\multlinegap=\skip53
\multlinetaggap=\skip54
\mathdisplay@stack=\toks26
LaTeX Info: Redefining \[ on input line 2923.
LaTeX Info: Redefining \] on input line 2924.
) ("C:/Program Files/MiKTeX 2.9/tex/latex/amsfonts/amsfonts.sty"
Package: amsfonts 2013/01/14 v3.01 Basic AMSFonts support
\symAMSa=\mathgroup4
\symAMSb=\mathgroup5
LaTeX Font Info:    Redeclaring math symbol \hbar on input line 98.
LaTeX Font Info:    Overwriting math alphabet `\mathfrak' in version `bold'
(Font)                  U/euf/m/n --> U/euf/b/n on input line 106.
) ("C:/Program Files/MiKTeX 2.9/tex/latex/amsfonts/amssymb.sty"
Package: amssymb 2013/01/14 v3.01 AMS font symbols
) (C:/Users/oreba/AppData/Roaming/MiKTeX/2.9/tex/latex/physics/physics.sty
Package: physics 
("C:/Program Files/MiKTeX 2.9/tex/latex/l3packages/xparse/xparse.sty" ("C:/Prog
ram Files/MiKTeX 2.9/tex/latex/l3kernel/expl3.sty"
Package: expl3 2020-10-27 L3 programming layer (loader) 
("C:/Program Files/MiKTeX 2.9/tex/latex/l3backend/l3backend-luatex.def"
File: l3backend-luatex.def 2020-09-24 L3 backend support: PDF output (LuaTeX)
\l__kernel_color_stack_int=\count192
\l__pdf_internal_box=\box49
))
Package: xparse 2020-10-27 L3 Experimental document command parser
("C:/Program Files/MiKTeX 2.9/tex/latex/l3packages/xparse/xparse-generic.tex")))
("C:/Program Files/MiKTeX 2.9/tex/latex/pgfplots/pgfplots.sty" ("C:/Program Fil
es/MiKTeX 2.9/tex/generic/pgfplots/pgfplots.revision.tex")
Package: pgfplots 2020/02/29 v1.17 Data Visualization (1.17)
("C:/Program Files/MiKTeX 2.9/tex/latex/pgf/frontendlayer/tikz.sty" ("C:/Progra
m Files/MiKTeX 2.9/tex/latex/pgf/basiclayer/pgf.sty" ("C:/Program Files/MiKTeX 
2.9/tex/latex/pgf/utilities/pgfrcs.sty" ("C:/Program Files/MiKTeX 2.9/tex/gener
ic/pgf/utilities/pgfutil-common.tex"
\pgfutil@everybye=\toks27
\pgfutil@tempdima=\dimen150
\pgfutil@tempdimb=\dimen151

("C:/Program Files/MiKTeX 2.9/tex/generic/pgf/utilities/pgfutil-common-lists.te
x")) ("C:/Program Files/MiKTeX 2.9/tex/generic/pgf/utilities/pgfutil-latex.def"
\pgfutil@abb=\box50
) ("C:/Program Files/MiKTeX 2.9/tex/generic/pgf/utilities/pgfrcs.code.tex" ("C:
/Program Files/MiKTeX 2.9/tex/generic/pgf/pgf.revision.tex")
Package: pgfrcs 2020/10/01 v3.1.6a (3.1.6a)
))
Package: pgf 2020/10/01 v3.1.6a (3.1.6a)
("C:/Program Files/MiKTeX 2.9/tex/latex/pgf/basiclayer/pgfcore.sty" ("C:/Progra
m Files/MiKTeX 2.9/tex/latex/pgf/systemlayer/pgfsys.sty" ("C:/Program Files/MiK
TeX 2.9/tex/generic/pgf/systemlayer/pgfsys.code.tex"
Package: pgfsys 2020/10/01 v3.1.6a (3.1.6a)
("C:/Program Files/MiKTeX 2.9/tex/generic/pgf/utilities/pgfkeys.code.tex"
\pgfkeys@pathtoks=\toks28
\pgfkeys@temptoks=\toks29

("C:/Program Files/MiKTeX 2.9/tex/generic/pgf/utilities/pgfkeysfiltered.code.te
x"
\pgfkeys@tmptoks=\toks30
))
\pgf@x=\dimen152
\pgf@y=\dimen153
\pgf@xa=\dimen154
\pgf@ya=\dimen155
\pgf@xb=\dimen156
\pgf@yb=\dimen157
\pgf@xc=\dimen158
\pgf@yc=\dimen159
\pgf@xd=\dimen160
\pgf@yd=\dimen161
\w@pgf@writea=\write3
\r@pgf@reada=\read2
\c@pgf@counta=\count193
\c@pgf@countb=\count194
\c@pgf@countc=\count195
\c@pgf@countd=\count196
\t@pgf@toka=\toks31
\t@pgf@tokb=\toks32
\t@pgf@tokc=\toks33
\pgf@sys@id@count=\count197
("C:/Program Files/MiKTeX 2.9/tex/generic/pgf/systemlayer/pgf.cfg"
File: pgf.cfg 2020/10/01 v3.1.6a (3.1.6a)
)
Driver file for pgf: pgfsys-luatex.def
("C:/Program Files/MiKTeX 2.9/tex/generic/pgf/systemlayer/pgfsys-luatex.def"
File: pgfsys-luatex.def 2020/10/01 v3.1.6a (3.1.6a)
("C:/Program Files/MiKTeX 2.9/tex/generic/pgf/systemlayer/pgfsys-common-pdf.def
"
File: pgfsys-common-pdf.def 2020/10/01 v3.1.6a (3.1.6a)
)))
("C:/Program Files/MiKTeX 2.9/tex/generic/pgf/systemlayer/pgfsyssoftpath.code.t
ex"
File: pgfsyssoftpath.code.tex 2020/10/01 v3.1.6a (3.1.6a)
\pgfsyssoftpath@smallbuffer@items=\count198
\pgfsyssoftpath@bigbuffer@items=\count199
)
("C:/Program Files/MiKTeX 2.9/tex/generic/pgf/systemlayer/pgfsysprotocol.code.t
ex"
File: pgfsysprotocol.code.tex 2020/10/01 v3.1.6a (3.1.6a)
)) ("C:/Program Files/MiKTeX 2.9/tex/latex/xcolor/xcolor.sty"
Package: xcolor 2016/05/11 v2.12 LaTeX color extensions (UK)
("C:/Program Files/MiKTeX 2.9/tex/latex/graphics-cfg/color.cfg"
File: color.cfg 2016/01/02 v1.6 sample color configuration
)
Package xcolor Info: Driver file: luatex.def on input line 225.
Package xcolor Info: Model `cmy' substituted by `cmy0' on input line 1348.
Package xcolor Info: Model `hsb' substituted by `rgb' on input line 1352.
Package xcolor Info: Model `RGB' extended on input line 1364.
Package xcolor Info: Model `HTML' substituted by `rgb' on input line 1366.
Package xcolor Info: Model `Hsb' substituted by `hsb' on input line 1367.
Package xcolor Info: Model `tHsb' substituted by `hsb' on input line 1368.
Package xcolor Info: Model `HSB' substituted by `hsb' on input line 1369.
Package xcolor Info: Model `Gray' substituted by `gray' on input line 1370.
Package xcolor Info: Model `wave' substituted by `hsb' on input line 1371.
) ("C:/Program Files/MiKTeX 2.9/tex/generic/pgf/basiclayer/pgfcore.code.tex"
Package: pgfcore 2020/10/01 v3.1.6a (3.1.6a)
("C:/Program Files/MiKTeX 2.9/tex/generic/pgf/math/pgfmath.code.tex" ("C:/Progr
am Files/MiKTeX 2.9/tex/generic/pgf/math/pgfmathcalc.code.tex" ("C:/Program Fil
es/MiKTeX 2.9/tex/generic/pgf/math/pgfmathutil.code.tex") ("C:/Program Files/Mi
KTeX 2.9/tex/generic/pgf/math/pgfmathparser.code.tex"
\pgfmath@dimen=\dimen162
\pgfmath@count=\count266
\pgfmath@box=\box51
\pgfmath@toks=\toks34
\pgfmath@stack@operand=\toks35
\pgfmath@stack@operation=\toks36
) ("C:/Program Files/MiKTeX 2.9/tex/generic/pgf/math/pgfmathfunctions.code.tex"

("C:/Program Files/MiKTeX 2.9/tex/generic/pgf/math/pgfmathfunctions.basic.code.
tex")
("C:/Program Files/MiKTeX 2.9/tex/generic/pgf/math/pgfmathfunctions.trigonometr
ic.code.tex")
("C:/Program Files/MiKTeX 2.9/tex/generic/pgf/math/pgfmathfunctions.random.code
.tex")
("C:/Program Files/MiKTeX 2.9/tex/generic/pgf/math/pgfmathfunctions.comparison.
code.tex")
("C:/Program Files/MiKTeX 2.9/tex/generic/pgf/math/pgfmathfunctions.base.code.t
ex")
("C:/Program Files/MiKTeX 2.9/tex/generic/pgf/math/pgfmathfunctions.round.code.
tex")
("C:/Program Files/MiKTeX 2.9/tex/generic/pgf/math/pgfmathfunctions.misc.code.t
ex")
("C:/Program Files/MiKTeX 2.9/tex/generic/pgf/math/pgfmathfunctions.integerarit
hmetics.code.tex"))) ("C:/Program Files/MiKTeX 2.9/tex/generic/pgf/math/pgfmath
float.code.tex"
\c@pgfmathroundto@lastzeros=\count267
)) ("C:/Program Files/MiKTeX 2.9/tex/generic/pgf/math/pgfint.code.tex") ("C:/Pr
ogram Files/MiKTeX 2.9/tex/generic/pgf/basiclayer/pgfcorepoints.code.tex"
File: pgfcorepoints.code.tex 2020/10/01 v3.1.6a (3.1.6a)
\pgf@picminx=\dimen163
\pgf@picmaxx=\dimen164
\pgf@picminy=\dimen165
\pgf@picmaxy=\dimen166
\pgf@pathminx=\dimen167
\pgf@pathmaxx=\dimen168
\pgf@pathminy=\dimen169
\pgf@pathmaxy=\dimen170
\pgf@xx=\dimen171
\pgf@xy=\dimen172
\pgf@yx=\dimen173
\pgf@yy=\dimen174
\pgf@zx=\dimen175
\pgf@zy=\dimen176
)
("C:/Program Files/MiKTeX 2.9/tex/generic/pgf/basiclayer/pgfcorepathconstruct.c
ode.tex"
File: pgfcorepathconstruct.code.tex 2020/10/01 v3.1.6a (3.1.6a)
\pgf@path@lastx=\dimen177
\pgf@path@lasty=\dimen178
)
("C:/Program Files/MiKTeX 2.9/tex/generic/pgf/basiclayer/pgfcorepathusage.code.
tex"
File: pgfcorepathusage.code.tex 2020/10/01 v3.1.6a (3.1.6a)
\pgf@shorten@end@additional=\dimen179
\pgf@shorten@start@additional=\dimen180
) ("C:/Program Files/MiKTeX 2.9/tex/generic/pgf/basiclayer/pgfcorescopes.code.t
ex"
File: pgfcorescopes.code.tex 2020/10/01 v3.1.6a (3.1.6a)
\pgfpic=\box52
\pgf@hbox=\box53
\pgf@layerbox@main=\box54
\pgf@picture@serial@count=\count268
)
("C:/Program Files/MiKTeX 2.9/tex/generic/pgf/basiclayer/pgfcoregraphicstate.co
de.tex"
File: pgfcoregraphicstate.code.tex 2020/10/01 v3.1.6a (3.1.6a)
\pgflinewidth=\dimen181
)
("C:/Program Files/MiKTeX 2.9/tex/generic/pgf/basiclayer/pgfcoretransformations
.code.tex"
File: pgfcoretransformations.code.tex 2020/10/01 v3.1.6a (3.1.6a)
\pgf@pt@x=\dimen182
\pgf@pt@y=\dimen183
\pgf@pt@temp=\dimen184
) ("C:/Program Files/MiKTeX 2.9/tex/generic/pgf/basiclayer/pgfcorequick.code.te
x"
File: pgfcorequick.code.tex 2020/10/01 v3.1.6a (3.1.6a)
)
("C:/Program Files/MiKTeX 2.9/tex/generic/pgf/basiclayer/pgfcoreobjects.code.te
x"
File: pgfcoreobjects.code.tex 2020/10/01 v3.1.6a (3.1.6a)
)
("C:/Program Files/MiKTeX 2.9/tex/generic/pgf/basiclayer/pgfcorepathprocessing.
code.tex"
File: pgfcorepathprocessing.code.tex 2020/10/01 v3.1.6a (3.1.6a)
) ("C:/Program Files/MiKTeX 2.9/tex/generic/pgf/basiclayer/pgfcorearrows.code.t
ex"
File: pgfcorearrows.code.tex 2020/10/01 v3.1.6a (3.1.6a)
\pgfarrowsep=\dimen185
) ("C:/Program Files/MiKTeX 2.9/tex/generic/pgf/basiclayer/pgfcoreshade.code.te
x"
File: pgfcoreshade.code.tex 2020/10/01 v3.1.6a (3.1.6a)
\pgf@max=\dimen186
\pgf@sys@shading@range@num=\count269
\pgf@shadingcount=\count270
) ("C:/Program Files/MiKTeX 2.9/tex/generic/pgf/basiclayer/pgfcoreimage.code.te
x"
File: pgfcoreimage.code.tex 2020/10/01 v3.1.6a (3.1.6a)

("C:/Program Files/MiKTeX 2.9/tex/generic/pgf/basiclayer/pgfcoreexternal.code.t
ex"
File: pgfcoreexternal.code.tex 2020/10/01 v3.1.6a (3.1.6a)
\pgfexternal@startupbox=\box55
)) ("C:/Program Files/MiKTeX 2.9/tex/generic/pgf/basiclayer/pgfcorelayers.code.
tex"
File: pgfcorelayers.code.tex 2020/10/01 v3.1.6a (3.1.6a)
)
("C:/Program Files/MiKTeX 2.9/tex/generic/pgf/basiclayer/pgfcoretransparency.co
de.tex"
File: pgfcoretransparency.code.tex 2020/10/01 v3.1.6a (3.1.6a)
)
("C:/Program Files/MiKTeX 2.9/tex/generic/pgf/basiclayer/pgfcorepatterns.code.t
ex"
File: pgfcorepatterns.code.tex 2020/10/01 v3.1.6a (3.1.6a)
) ("C:/Program Files/MiKTeX 2.9/tex/generic/pgf/basiclayer/pgfcorerdf.code.tex"
File: pgfcorerdf.code.tex 2020/10/01 v3.1.6a (3.1.6a)
))) ("C:/Program Files/MiKTeX 2.9/tex/generic/pgf/modules/pgfmoduleshapes.code.
tex"
File: pgfmoduleshapes.code.tex 2020/10/01 v3.1.6a (3.1.6a)
\pgfnodeparttextbox=\box56
) ("C:/Program Files/MiKTeX 2.9/tex/generic/pgf/modules/pgfmoduleplot.code.tex"
File: pgfmoduleplot.code.tex 2020/10/01 v3.1.6a (3.1.6a)
)
("C:/Program Files/MiKTeX 2.9/tex/latex/pgf/compatibility/pgfcomp-version-0-65.
sty"
Package: pgfcomp-version-0-65 2020/10/01 v3.1.6a (3.1.6a)
\pgf@nodesepstart=\dimen187
\pgf@nodesepend=\dimen188
)
("C:/Program Files/MiKTeX 2.9/tex/latex/pgf/compatibility/pgfcomp-version-1-18.
sty"
Package: pgfcomp-version-1-18 2020/10/01 v3.1.6a (3.1.6a)
)) ("C:/Program Files/MiKTeX 2.9/tex/latex/pgf/utilities/pgffor.sty" ("C:/Progr
am Files/MiKTeX 2.9/tex/latex/pgf/utilities/pgfkeys.sty" ("C:/Program Files/MiK
TeX 2.9/tex/generic/pgf/utilities/pgfkeys.code.tex")) ("C:/Program Files/MiKTeX
 2.9/tex/latex/pgf/math/pgfmath.sty" ("C:/Program Files/MiKTeX 2.9/tex/generic/
pgf/math/pgfmath.code.tex")) ("C:/Program Files/MiKTeX 2.9/tex/generic/pgf/util
ities/pgffor.code.tex"
Package: pgffor 2020/10/01 v3.1.6a (3.1.6a)
("C:/Program Files/MiKTeX 2.9/tex/generic/pgf/math/pgfmath.code.tex")
\pgffor@iter=\dimen189
\pgffor@skip=\dimen190
\pgffor@stack=\toks37
\pgffor@toks=\toks38
)) ("C:/Program Files/MiKTeX 2.9/tex/generic/pgf/frontendlayer/tikz/tikz.code.t
ex"
Package: tikz 2020/10/01 v3.1.6a (3.1.6a)

("C:/Program Files/MiKTeX 2.9/tex/generic/pgf/libraries/pgflibraryplothandlers.
code.tex"
File: pgflibraryplothandlers.code.tex 2020/10/01 v3.1.6a (3.1.6a)
\pgf@plot@mark@count=\count271
\pgfplotmarksize=\dimen191
)
\tikz@lastx=\dimen192
\tikz@lasty=\dimen193
\tikz@lastxsaved=\dimen194
\tikz@lastysaved=\dimen195
\tikz@lastmovetox=\dimen196
\tikz@lastmovetoy=\dimen197
\tikzleveldistance=\dimen198
\tikzsiblingdistance=\dimen199
\tikz@figbox=\box57
\tikz@figbox@bg=\box58
\tikz@tempbox=\box59
\tikz@tempbox@bg=\box60
\tikztreelevel=\count272
\tikznumberofchildren=\count273
\tikznumberofcurrentchild=\count274
\tikz@fig@count=\count275
("C:/Program Files/MiKTeX 2.9/tex/generic/pgf/modules/pgfmodulematrix.code.tex"
File: pgfmodulematrix.code.tex 2020/10/01 v3.1.6a (3.1.6a)
\pgfmatrixcurrentrow=\count276
\pgfmatrixcurrentcolumn=\count277
\pgf@matrix@numberofcolumns=\count278
)
\tikz@expandcount=\count279

("C:/Program Files/MiKTeX 2.9/tex/generic/pgf/frontendlayer/tikz/libraries/tikz
librarytopaths.code.tex"
File: tikzlibrarytopaths.code.tex 2020/10/01 v3.1.6a (3.1.6a)
))) ("C:/Program Files/MiKTeX 2.9/tex/generic/pgfplots/pgfplots.code.tex" ("C:/
Program Files/MiKTeX 2.9/tex/generic/pgfplots/pgfplotscore.code.tex"
Package pgfplots info on input line 124: Initializing with LUA version Lua 5.3
\pgfplots@luabackend@table=\catcodetable12
\t@pgfplots@toka=\toks39
\t@pgfplots@tokb=\toks40
\t@pgfplots@tokc=\toks41
\pgfplots@tmpa=\dimen256
\c@pgfplots@coordindex=\count280
\c@pgfplots@scanlineindex=\count281

("C:/Program Files/MiKTeX 2.9/tex/generic/pgfplots/sys/pgfplotssysgeneric.code.
tex"))
("C:/Program Files/MiKTeX 2.9/tex/generic/pgfplots/libs/pgfplotslibrary.code.te
x")
("C:/Program Files/MiKTeX 2.9/tex/generic/pgfplots/oldpgfcompatib/pgfplotsoldpg
fsupp_loader.code.tex" ("C:/Program Files/MiKTeX 2.9/tex/generic/pgf/libraries/
pgflibraryfpu.code.tex")
("C:/Program Files/MiKTeX 2.9/tex/generic/pgf/libraries/luamath/pgflibraryluama
th.code.tex")
Package pgfplots info on input line 290: luamath library shipped with pgf 3.1.6a
 is up-to-date
) ("C:/Program Files/MiKTeX 2.9/tex/generic/pgfplots/util/pgfplotsutil.code.tex
"
Package pgfplots info on input line 82: Found new luatex: initializing lua comma
nds instead of write18 (shell-escape)

("C:/Program Files/MiKTeX 2.9/tex/generic/pgfplots/liststructure/pgfplotslistst
ructure.code.tex")
("C:/Program Files/MiKTeX 2.9/tex/generic/pgfplots/liststructure/pgfplotslistst
ructureext.code.tex")
("C:/Program Files/MiKTeX 2.9/tex/generic/pgfplots/liststructure/pgfplotsarray.
code.tex"
\c@pgfplotsarray@tmp=\count282
)
("C:/Program Files/MiKTeX 2.9/tex/generic/pgfplots/liststructure/pgfplotsmatrix
.code.tex")
("C:/Program Files/MiKTeX 2.9/tex/generic/pgfplots/numtable/pgfplotstableshared
.code.tex"
\c@pgfplotstable@counta=\count283
\t@pgfplotstable@a=\toks42
)
("C:/Program Files/MiKTeX 2.9/tex/generic/pgfplots/liststructure/pgfplotsdeque.
code.tex") ("C:/Program Files/MiKTeX 2.9/tex/generic/pgfplots/util/pgfplotsbina
ry.code.tex"
("C:/Program Files/MiKTeX 2.9/tex/generic/pgfplots/util/pgfplotsbinary.data.cod
e.tex"))
("C:/Program Files/MiKTeX 2.9/tex/generic/pgfplots/util/pgfplotsutil.verb.code.
tex")
("C:/Program Files/MiKTeX 2.9/tex/generic/pgfplots/libs/pgflibrarypgfplots.surf
shading.code.tex"
\c@pgfplotslibrarysurf@no=\count284

("C:/Program Files/MiKTeX 2.9/tex/generic/pgfplots/sys/pgflibrarypgfplots.surfs
hading.pgfsys-luatex.def")))
("C:/Program Files/MiKTeX 2.9/tex/generic/pgfplots/util/pgfplotscolormap.code.t
ex" ("C:/Program Files/MiKTeX 2.9/tex/generic/pgfplots/util/pgfplotscolor.code.
tex"))
("C:/Program Files/MiKTeX 2.9/tex/generic/pgfplots/pgfplotsstackedplots.code.te
x")
("C:/Program Files/MiKTeX 2.9/tex/generic/pgfplots/pgfplotsplothandlers.code.te
x"
("C:/Program Files/MiKTeX 2.9/tex/generic/pgfplots/pgfplotsmeshplothandler.code
.tex"
("C:/Program Files/MiKTeX 2.9/tex/generic/pgfplots/pgfplotsmeshplotimage.code.t
ex"))) ("C:/Program Files/MiKTeX 2.9/tex/generic/pgfplots/pgfplots.scaling.code
.tex")
("C:/Program Files/MiKTeX 2.9/tex/generic/pgfplots/pgfplotscoordprocessing.code
.tex") ("C:/Program Files/MiKTeX 2.9/tex/generic/pgfplots/pgfplots.errorbars.co
de.tex") ("C:/Program Files/MiKTeX 2.9/tex/generic/pgfplots/pgfplots.markers.co
de.tex") ("C:/Program Files/MiKTeX 2.9/tex/generic/pgfplots/pgfplotsticks.code.
tex") ("C:/Program Files/MiKTeX 2.9/tex/generic/pgfplots/pgfplots.paths.code.te
x")
("C:/Program Files/MiKTeX 2.9/tex/generic/pgf/frontendlayer/tikz/libraries/tikz
librarydecorations.code.tex"
("C:/Program Files/MiKTeX 2.9/tex/generic/pgf/modules/pgfmoduledecorations.code
.tex"
\pgfdecoratedcompleteddistance=\dimen257
\pgfdecoratedremainingdistance=\dimen258
\pgfdecoratedinputsegmentcompleteddistance=\dimen259
\pgfdecoratedinputsegmentremainingdistance=\dimen260
\pgf@decorate@distancetomove=\dimen261
\pgf@decorate@repeatstate=\count285
\pgfdecorationsegmentamplitude=\dimen262
\pgfdecorationsegmentlength=\dimen263
)
\tikz@lib@dec@box=\box61
)
("C:/Program Files/MiKTeX 2.9/tex/generic/pgf/frontendlayer/tikz/libraries/tikz
librarydecorations.pathmorphing.code.tex"
("C:/Program Files/MiKTeX 2.9/tex/generic/pgf/libraries/decorations/pgflibraryd
ecorations.pathmorphing.code.tex"))
("C:/Program Files/MiKTeX 2.9/tex/generic/pgf/frontendlayer/tikz/libraries/tikz
librarydecorations.pathreplacing.code.tex"
("C:/Program Files/MiKTeX 2.9/tex/generic/pgf/libraries/decorations/pgflibraryd
ecorations.pathreplacing.code.tex"))
\pgfplots@numplots=\count286
\pgfplots@xmin@reg=\dimen264
\pgfplots@xmax@reg=\dimen265
\pgfplots@ymin@reg=\dimen266
\pgfplots@ymax@reg=\dimen267
\pgfplots@zmin@reg=\dimen268
\pgfplots@zmax@reg=\dimen269
)
("C:/Program Files/MiKTeX 2.9/tex/generic/pgf/frontendlayer/tikz/libraries/tikz
libraryplotmarks.code.tex"
File: tikzlibraryplotmarks.code.tex 2020/10/01 v3.1.6a (3.1.6a)

("C:/Program Files/MiKTeX 2.9/tex/generic/pgf/libraries/pgflibraryplotmarks.cod
e.tex"
File: pgflibraryplotmarks.code.tex 2020/10/01 v3.1.6a (3.1.6a)
)))
("C:/Program Files/MiKTeX 2.9/tex/generic/pgfplots/libs/tikzlibrarypgfplots.ext
ernal.code.tex"
("C:/Program Files/MiKTeX 2.9/tex/latex/pgf/frontendlayer/libraries/tikzlibrary
external.code.tex" ("C:/Program Files/MiKTeX 2.9/tex/generic/pdftexcmds/pdftexc
mds.sty"
Package: pdftexcmds 2020-06-27 v0.33 Utility functions of pdfTeX for LuaTeX (HO)

(C:/Users/oreba/AppData/Roaming/MiKTeX/2.9/tex/generic/infwarerr/infwarerr.sty
Package: infwarerr 2019/12/03 v1.5 Providing info/warning/error messages (HO)
) ("C:/Program Files/MiKTeX 2.9/tex/generic/iftex/iftex.sty"
Package: iftex 2020/03/06 v1.0d TeX engine tests
) (C:/Users/oreba/AppData/Roaming/MiKTeX/2.9/tex/generic/ltxcmds/ltxcmds.sty
Package: ltxcmds 2020-05-10 v1.25 LaTeX kernel commands for general use (HO)
)
Package pdftexcmds Info: \pdf@primitive is available.
Package pdftexcmds Info: \pdf@ifprimitive is available.
Package pdftexcmds Info: \pdfdraftmode found.
\pdftexcmds@toks=\toks43
) ("C:/Program Files/MiKTeX 2.9/tex/latex/base/atveryend-ltx.sty"
Package: atveryend-ltx 2020/08/19 v1.0a Emulation of the original atvery package

with kernel methods
)
("C:/Program Files/MiKTeX 2.9/tex/generic/pgf/frontendlayer/tikz/libraries/tikz
externalshared.code.tex")))
("C:/Program Files/MiKTeX 2.9/tex/generic/pgfplots/libs/tikzlibrarypgfplots.gro
upplots.code.tex"
\pgfplots@group@current@plot=\count287
\pgfplots@group@current@row=\count288
\pgfplots@group@current@column=\count289

("C:/Program Files/MiKTeX 2.9/tex/generic/pgf/frontendlayer/tikz/libraries/tikz
librarycalc.code.tex"
File: tikzlibrarycalc.code.tex 2020/10/01 v3.1.6a (3.1.6a)
))
No auxiliary output files.

\w@pgfexternal@auxout=\write4
)
No file thesis-figure0.aux.
LaTeX Font Info:    Checking defaults for OML/cmm/m/it on input line 69.
LaTeX Font Info:    ... okay on input line 69.
LaTeX Font Info:    Checking defaults for OMS/cmsy/m/n on input line 69.
LaTeX Font Info:    ... okay on input line 69.
LaTeX Font Info:    Checking defaults for OT1/cmr/m/n on input line 69.
LaTeX Font Info:    ... okay on input line 69.
LaTeX Font Info:    Checking defaults for T1/cmr/m/n on input line 69.
LaTeX Font Info:    ... okay on input line 69.
LaTeX Font Info:    Checking defaults for TS1/cmr/m/n on input line 69.
LaTeX Font Info:    Trying to load font information for TS1+cmr on input line 69
.
("C:/Program Files/MiKTeX 2.9/tex/latex/base/ts1cmr.fd"
File: ts1cmr.fd 2019/12/16 v2.5j Standard LaTeX font definitions
)
LaTeX Font Info:    ... okay on input line 69.
LaTeX Font Info:    Checking defaults for TU/lmr/m/n on input line 69.
LaTeX Font Info:    ... okay on input line 69.
LaTeX Font Info:    Checking defaults for OMX/cmex/m/n on input line 69.
LaTeX Font Info:    ... okay on input line 69.
LaTeX Font Info:    Checking defaults for U/cmr/m/n on input line 69.
LaTeX Font Info:    ... okay on input line 69.
("C:/Program Files/MiKTeX 2.9/tex/context/base/mkii/supp-pdf.mkii"
[Loading MPS to PDF converter (version 2006.09.02).]
\scratchcounter=\count290
\scratchdimen=\dimen270
\scratchbox=\box62
\nofMPsegments=\count291
\nofMParguments=\count292
\everyMPshowfont=\toks44
\MPscratchCnt=\count293
\MPscratchDim=\dimen271
\MPnumerator=\count294
\makeMPintoPDFobject=\count295
\everyMPtoPDFconversion=\toks45
) ("C:/Program Files/MiKTeX 2.9/tex/latex/epstopdf-pkg/epstopdf-base.sty"
Package: epstopdf-base 2020-01-24 v2.11 Base part for package epstopdf
Package epstopdf-base Info: Redefining graphics rule for `.eps' on input line 48
5.
)
Package pgfplots notification 'compat/show suggested version=true': document has
 been generated with the most recent feature set (\pgfplotsset{compat=1.17}).

(./abstract.tex)
No file thesis-figure0.toc.
No file thesis-figure0.lof.
No file thesis-figure0.lot.
(./chap1.tex
Chapter 1.
LaTeX Font Info:    Trying to load font information for U+msa on input line 4.
("C:/Program Files/MiKTeX 2.9/tex/latex/amsfonts/umsa.fd"
File: umsa.fd 2013/01/14 v3.01 AMS symbols A
)
LaTeX Font Info:    Trying to load font information for U+msb on input line 4.
("C:/Program Files/MiKTeX 2.9/tex/latex/amsfonts/umsb.fd"
File: umsb.fd 2013/01/14 v3.01 AMS symbols B
)) (./chap3.tex
Chapter 2.

Underfull \hbox (badness 10000) in paragraph at lines 23--25

 []


Underfull \hbox (badness 10000) in paragraph at lines 29--30

 []


Overfull \hbox (46.05936pt too wide) detected at line 49
\OML/cmm/m/it/12 A[] \OT1/cmr/m/n/12 + \OML/cmm/m/it/12 B[]\OT1/cmr/m/n/12 (\O
ML/cmm/m/it/12 x[] \OMS/cmsy/m/n/12 ^^@ \OML/cmm/m/it/12  [] \OT1/cmr/m/n/12
 ) + \OML/cmm/m/it/12 C[]\OT1/cmr/m/n/12 (\OML/cmm/m/it/12 y[] \OMS/cmsy/m/n/1
2 ^^@ \OML/cmm/m/it/12  [] \OT1/cmr/m/n/12 ) + [](\OML/cmm/m/it/12 [] [][]  \OT1/cmr/m/n/12 + 2\OML/cmm/m/it/12 x[]y[] \OMS/cmsy/m/n/12 ^^@ \OT1/cmr/m/n/12 2\OML/cmm/m/it/12 y[] []  \OMS/cmsy/m/n/12 ^^@ \OT1/cmr/m/n/12 2\OML/cmm/m/it/12 x[] [] \OT1/cmr/m/n/12 )
 []


Overfull \hbox (45.66513pt too wide) in paragraph at lines 67--68
\TU/lmr/m/n/12 per-scripts $\OML/cmm/m/it/12 f[]; f[]; f[]; f[]$ \TU/lmr/m/n/12
 de-note the sam-pled val-ues of $\OML/cmm/m/it/12 f$ \TU/lmr/m/n/12 at $\OT1/c
mr/m/n/12 (\OML/cmm/m/it/12 x[]; y[]\OT1/cmr/m/n/12 )\OML/cmm/m/it/12 ; \OT1/cm
r/m/n/12 (\OML/cmm/m/it/12 x[]; y[]\OT1/cmr/m/n/12 )\OML/cmm/m/it/12 ; \OT1/cmr
/m/n/12 (\OML/cmm/m/it/12 x[]; y[]\OT1/cmr/m/n/12 )\OML/cmm/m/it/12 ; \OT1/cmr/
m/n/12 (\OML/cmm/m/it/12 x[]; y[]\OT1/cmr/m/n/12 )$
 []


Overfull \hbox (55.60435pt too wide) detected at line 92
[] \OT1/cmr/m/n/12 = [][] [] [][]
 []


Underfull \hbox (badness 10000) in paragraph at lines 131--133

 []


Overfull \hbox (1.44127pt too wide) detected at line 137
\OML/cmm/m/it/12 D[]\OT1/cmr/m/n/12 (\OML/cmm/m/it/12 x[]; y[]\OT1/cmr/m/n/12 ) = \OML/cmm/m/it/12 a[]b[]T[]\OT1/cmr/m/n/12 (\OMS/cmsy/m/n/12 ^^@\OML/cmm/m/it/12 x[]\OT1/cmr/m/n/12 )\OML/cmm/m/it/12 T[]\OT1/cmr/m/n/12 (\OMS/cmsy/m/n/12 ^^@\OML/cmm/m/it/12 y[]\OT1/cmr/m/n/12 ) = \OML/cmm/m/it/12 a[]b[] [][][] [][][] \OT1/cmr/m/n/12 =
 []

) (./chap4.tex
Chapter 3.

Underfull \hbox (badness 10000) in paragraph at lines 5--6

 []


\openout4 = thesis-figure0.dpth
[13

{C:/Users/oreba/AppData/Local/MiKTeX/2.9/pdftex/config/pdftex.map}]) (./app1.te
x
Appendix A.
) (./biblio.tex))

Here is how much of LuaTeX's memory you used:
 25999 strings out of 479005
 745119,3417909 words of node,token memory allocated
 636 words of node memory still in use:
   6 hlist, 2 vlist, 2 rule, 2 glue, 4 kern, 1 glyph, 42 attribute, 53 glue_spec
, 42 attribute_list, 2 write nodes
   avail lists: 1:2,2:121140,3:118669,4:205,5:280,6:16,7:4389,8:78,9:963,10:13,1
1:307
 44577 multiletter control sequences out of 65536+200000
 78 fonts using 7312859 bytes
 106i,13n,131p,871b,2592s stack positions out of 5000i,500n,10000p,540620b,50000s
<//?/c:/program files/miktex 2.9/fonts/opentype/public/lm/lmroman12-regular.otf>
<C:/Program Files/MiKTeX 2.9/fonts/type1/public/amsfonts/cm/cmmi10.pfb><C:/Progr
am Files/MiKTeX 2.9/fonts/type1/public/amsfonts/cm/cmr10.pfb><C:/Program Files/M
iKTeX 2.9/fonts/type1/public/amsfonts/cm/cmsy10.pfb>
Output written on thesis-figure0.pdf (1 page, 223104 bytes).

PDF statistics: 28 PDF objects out of 1000 (max. 8388607)
 0 named destinations out of 1000 (max. 131072)
 16 words of extra memory for PDF output out of 10000 (max. 100000000)

