functionName, calculator,N,initTime, calcTime, calcHz, bytes, maxError, blankColumn, err1, err2, err3, Blank
SmoothPoly,GPULinearSparse,8,0.179,464007,2155.14,4, 0.100091,,0.100091,0.0580412,0.0847294,
SmoothPoly,GPULinearSparse,12,0.021,113731,8792.68,4, 0.0471355,,0.0443928,0.031387,0.0471355,
SmoothPoly,GPULinearSparse,16,0.027,137800,7256.89,4, 0.0419509,,0.0235623,0.0229534,0.0419509,
SmoothPoly,GPULinearSparse,20,0.032,89641,11155.6,4, 0.0492368,,0.0110747,0.0178137,0.0492368,
SmoothPoly,GPULinearSparse,24,0.036,109683,9117.18,4, 0.0141872,,0.00366899,0.0141872,0.0107871,
SmoothPoly,GPULinearSparse,28,0.046,84884,11780.8,4, 0.012296,,0.00320169,0.0115568,0.012296,
SmoothPoly,GPULinearSparse,32,0.065,97973,10206.9,4, 0.0127044,,0.00765938,0.00918004,0.0127044,
SmoothPoly,GPULinearSparse,36,0.078,105760,9455.37,4, 0.0184653,,0.00573869,0.00693713,0.0184653,
SmoothPoly,GPULinearSparse,40,0.084,115988,8621.58,4, 0.00625366,,0.00625366,0.00478378,0.00496818,
SmoothPoly,GPULinearSparse,44,0.1,132699,7535.85,4, 0.00655023,,0.00526848,0.0022847,0.00655023,
SmoothPoly,GPULinearSparse,48,0.142,149088,6707.45,4, 0.00633179,,0.00373434,0.00324531,0.00633179,
SmoothPoly,GPULinearSparse,52,0.18,176261,5673.4,4, 0.0100108,,0.00203624,0.00424025,0.0100108,
SmoothPoly,GPULinearSparse,56,0.205,196355,5092.82,4, 0.00340927,,0.000614767,0.00276168,0.00340927,
SmoothPoly,GPULinearSparse,60,0.287,412842,2422.23,4, 0.0043498,,0.00138468,0.00183455,0.0043498,
SmoothPoly,GPULinearSparse,64,0.339,235209,4251.54,4, 0.00377764,,0.00292245,0.00107525,0.00377764,
SmoothPoly,GPULinearSparse,68,0.379,252985,3952.8,4, 0.00647293,,0.00220541,0.000513598,0.00647293,
SmoothPoly,GPULinearSparse,72,0.436,271809,3679.05,4, 0.00254853,,0.00254853,0.000702821,0.00250467,
SmoothPoly,GPULinearSparse,76,0.501,283271,3530.19,4, 0.00310966,,0.00225247,0.00109174,0.00310966,
SmoothPoly,GPULinearSparse,80,0.526,311066,3214.75,4, 0.00259201,,0.00168213,0.0013629,0.00259201,
SmoothPoly,GPULinearSparse,84,0.637,338214,2956.71,4, 0.00465933,,0.00096839,0.00151914,0.00465933,
SmoothPoly,GPULinearSparse,88,0.703,361142,2768.99,4, 0.00192605,,0.000232473,0.00158775,0.00192605,
SmoothPoly,GPULinearSparse,92,0.823,382372,2615.25,4, 0.00235192,,0.000803359,0.00156887,0.00235192,
SmoothPoly,GPULinearSparse,96,0.856,414001,2415.45,4, 0.00190282,,0.00164611,0.00145419,0.00190282,
SmoothPoly,GPULinearSparse,100,1.084,450242,2221.03,4, 0.00352796,,0.00124565,0.00125127,0.00352796,
SmoothPoly,GPULinearSparse,104,1.153,505109,1979.77,4, 0.00157379,,0.00145932,0.000930379,0.00157379,
SmoothPoly,GPULinearSparse,108,1.327,613295,1630.54,4, 0.00190148,,0.00132371,0.000652832,0.00190148,
SmoothPoly,GPULinearSparse,112,1.468,554595,1803.12,4, 0.00147186,,0.00101286,0.00102334,0.00147186,
SmoothPoly,GPULinearSparse,116,1.623,587187,1703.03,4, 0.00279104,,0.000600508,0.00137,0.00279104,
SmoothPoly,GPULinearSparse,120,1.878,645502,1549.18,4, 0.00129593,,0.000126995,0.000943445,0.00129593,
SmoothPoly,GPULinearSparse,124,2.014,681583,1467.17,4, 0.00156412,,0.00054974,0.000609207,0.00156412,
SmoothPoly,GPULinearSparse,128,2.237,725777,1377.83,4, 0.00120054,,0.00109215,0.000376434,0.00120054,
SmoothPoly,GPULinearSparse,132,2.527,780655,1280.98,4, 0.00228787,,0.000825311,0.000189135,0.00228787,
SmoothPoly,GPULinearSparse,136,2.775,889938,1123.67,4, 0.00107803,,0.000977379,0.000213564,0.00107803,
SmoothPoly,GPULinearSparse,140,2.986,883546,1131.8,4, 0.00131463,,0.000898273,0.000387172,0.00131463,
SmoothPoly,GPULinearSparse,144,3.262,948667,1054.11,4, 0.000986152,,0.000699159,0.000512713,0.000986152,
SmoothPoly,GPULinearSparse,148,3.596,992096,1007.97,4, 0.00189661,,0.000415593,0.000606223,0.00189661,
SmoothPoly,GPULinearSparse,152,3.883,1.05551e+06,947.406,4, 0.000937398,,8.58156e-05,0.000658719,0.000937398,
SmoothPoly,GPULinearSparse,156,3.754,1.15632e+06,864.813,4, 0.001152,,0.000404604,0.000669632,0.001152,
SmoothPoly,GPULinearSparse,160,4.073,1.2064e+06,828.915,4, 0.000837782,,0.000793971,0.000639646,0.000837782,
SmoothPoly,GPULinearSparse,164,4.38,1.30304e+06,767.436,4, 0.00161839,,0.000600769,0.000559285,0.00161839,
SmoothPoly,GPULinearSparse,168,4.755,1.37456e+06,727.503,4, 0.000800274,,0.000715904,0.000418467,0.000800274,
SmoothPoly,GPULinearSparse,172,5.201,1.47176e+06,679.456,4, 0.000999174,,0.000663779,0.000335038,0.000999174,
SmoothPoly,GPULinearSparse,176,5.561,1.57435e+06,635.182,4, 0.000736417,,0.000516214,0.000542222,0.000736417,
SmoothPoly,GPULinearSparse,180,5.9,1.62458e+06,615.545,4, 0.00140433,,0.000311066,0.000732196,0.00140433,
SmoothPoly,GPULinearSparse,184,6.417,1.79141e+06,558.22,4, 0.000707344,,8.79974e-05,0.00052103,0.000707344,
SmoothPoly,GPULinearSparse,188,6.679,1.82014e+06,549.407,4, 0.00089413,,0.00031654,0.000326884,0.00089413,
SmoothPoly,GPULinearSparse,192,7.093,1.89338e+06,528.157,4, 0.00064417,,0.000614023,0.000212243,0.00064417,
SmoothPoly,GPULinearSparse,196,7.781,2.03671e+06,490.988,4, 0.00122836,,0.000462208,0.000111058,0.00122836,
SmoothPoly,GPULinearSparse,200,8.372,2.17086e+06,460.648,4, 0.000629535,,0.000552672,0.000115455,0.000629535,
SmoothPoly,GPULinearSparse,204,8.813,2.22878e+06,448.676,4, 0.000796846,,0.000518554,0.000205968,0.000796846,
SmoothPoly,GPULinearSparse,208,9.332,2.34193e+06,426.998,4, 0.000564524,,0.000405498,0.000283367,0.000564524,
SmoothPoly,GPULinearSparse,212,9.901,2.92412e+06,341.983,4, 0.00109523,,0.00024558,0.00034079,0.00109523,
SmoothPoly,GPULinearSparse,216,10.546,3.05757e+06,327.057,4, 0.000564035,,9.74509e-05,0.000375737,0.000564035,
SmoothPoly,GPULinearSparse,220,11.14,3.26109e+06,306.646,4, 0.000720204,,0.00025748,0.00038741,0.000720204,
SmoothPoly,GPULinearSparse,224,11.848,3.3758e+06,296.226,4, 0.000510942,,0.000493884,0.00037566,0.000510942,
SmoothPoly,GPULinearSparse,228,12.599,3.48738e+06,286.748,4, 0.000987005,,0.000372814,0.000335709,0.000987005,
SmoothPoly,GPULinearSparse,232,13.47,3.65581e+06,273.537,4, 0.000538162,,0.000451691,0.000253572,0.000538162,
SmoothPoly,GPULinearSparse,236,14.144,3.77674e+06,264.778,4, 0.000661584,,0.000417297,0.000207368,0.000661584,
SmoothPoly,GPULinearSparse,240,14.615,3.92177e+06,254.987,4, 0.000472767,,0.00033287,0.000351172,0.000472767,
SmoothPoly,GPULinearSparse,244,15.349,4.10749e+06,243.458,4, 0.000892248,,0.000204459,0.000475531,0.000892248,
SmoothPoly,GPULinearSparse,248,16.298,4.24097e+06,235.795,4, 0.000484099,,0.000106456,0.000340634,0.000484099,
SmoothPoly,GPULinearSparse,252,17.037,4.38817e+06,227.885,4, 0.000616433,,0.00021474,0.00022484,0.000616433,
SmoothPoly,GPULinearSparse,256,17.733,4.55955e+06,219.32,4, 0.000421999,,0.000409882,0.000145026,0.000421999,
SmoothPoly,GPULinearSparse,260,19.009,4.76581e+06,209.828,4, 0.00081842,,0.000310473,7.79472e-05,0.00081842,
SmoothPoly,GPULinearSparse,264,19.668,4.93857e+06,202.488,4, 0.000435172,,0.000376065,8.1491e-05,0.000435172,
SmoothPoly,GPULinearSparse,268,20.569,6.07322e+06,164.657,4, 0.000568184,,0.000344364,0.000140013,0.000568184,
SmoothPoly,GPULinearSparse,272,21.223,5.34027e+06,187.256,4, 0.000383632,,0.000281607,0.000190916,0.000383632,
SmoothPoly,GPULinearSparse,276,22.444,5.57278e+06,179.444,4, 0.000765907,,0.000179796,0.000227606,0.000765907,
SmoothPoly,GPULinearSparse,280,23.838,5.8071e+06,172.203,4, 0.000406979,,0.000131678,0.000255199,0.000406979,
SmoothPoly,GPULinearSparse,284,24.844,5.99856e+06,166.707,4, 0.000539311,,0.000186322,0.000265394,0.000539311,
SmoothPoly,GPULinearSparse,288,25.978,7.94266e+06,125.902,4, 0.000372489,,0.000352011,0.000257169,0.000372489,
SmoothPoly,GPULinearSparse,292,27.128,6.52575e+06,153.239,4, 0.000710393,,0.000265015,0.000228628,0.000710393,
SmoothPoly,GPULinearSparse,296,25.29,7.39486e+06,135.229,4, 0.000383242,,0.000322266,0.000178786,0.000383242,
SmoothPoly,GPULinearSparse,300,26.201,7.68896e+06,130.057,4, 0.000497264,,0.000302474,0.000151231,0.000497264,
SmoothPoly,GPULinearSparse,304,27.053,1.01131e+07,98.8819,4, 0.000353306,,0.000242859,0.000251711,0.000353306,
SmoothPoly,GPULinearSparse,308,27.74,8.49234e+06,117.753,4, 0.00065672,,0.00016132,0.000341047,0.00065672,
SmoothPoly,GPULinearSparse,312,29.668,8.55494e+06,116.892,4, 0.000354662,,0.000157378,0.000249626,0.000354662,
SmoothPoly,GPULinearSparse,316,30.423,1.07683e+07,92.8653,4, 0.000464906,,0.000181732,0.000168325,0.000464906,
SmoothPoly,GPULinearSparse,320,31.743,1.19908e+07,83.3975,4, 0.000330733,,0.000304198,0.000116777,0.000330733,
SmoothPoly,GPULinearSparse,324,32.864,9.66207e+06,103.498,4, 0.000619614,,0.0002365,6.96835e-05,0.000619614,
SmoothPoly,GPULinearSparse,328,35.105,1.10357e+07,90.6151,4, 0.000329279,,0.000276099,7.38338e-05,0.000329279,
SmoothPoly,GPULinearSparse,332,35.533,1.04855e+07,95.3695,4, 0.000447079,,0.000272755,0.000113934,0.000447079,
SmoothPoly,GPULinearSparse,336,37.809,1.15989e+07,86.2151,4, 0.000331313,,0.000217247,0.000146227,0.000331313,
SmoothPoly,GPULinearSparse,340,38.433,1.1368e+07,87.966,4, 0.00059239,,0.000181253,0.000177231,0.00059239,
SmoothPoly,GPULinearSparse,344,40.647,1.21015e+07,82.6344,4, 0.000321625,,0.000176646,0.000195879,0.000321625,
SmoothPoly,GPULinearSparse,348,41.625,1.25978e+07,79.3786,4, 0.000432546,,0.000203424,0.000203156,0.000432546,
SmoothPoly,GPULinearSparse,352,42.786,1.51227e+07,66.126,4, 0.000308062,,0.000270687,0.000195841,0.000308062,
SmoothPoly,GPULinearSparse,356,45.109,1.35326e+07,73.8955,4, 0.000557901,,0.000207874,0.000177913,0.000557901,
SmoothPoly,GPULinearSparse,360,46.544,1.45215e+07,68.8636,4, 0.000286846,,0.000257638,0.000146454,0.000286846,
SmoothPoly,GPULinearSparse,364,47.537,1.6708e+07,59.8515,4, 0.000408132,,0.000244503,0.000117952,0.000408132,
SmoothPoly,GPULinearSparse,368,50.207,1.49029e+07,67.101,4, 0.000296436,,0.000244622,0.00019296,0.000296436,
SmoothPoly,GPULinearSparse,372,51.328,1.60458e+07,62.3215,4, 0.000519344,,0.000204949,0.000270281,0.000519344,
SmoothPoly,GPULinearSparse,376,52.508,1.61152e+07,62.053,4, 0.000296532,,0.000195285,0.00019747,0.000296532,
SmoothPoly,GPULinearSparse,380,54.891,1.7577e+07,56.8925,4, 0.000392244,,0.000214194,0.000143801,0.000392244,
SmoothPoly,GPULinearSparse,384,57.184,1.67901e+07,59.559,4, 0.000289266,,0.000262813,0.000103947,0.000289266,
SmoothPoly,GPULinearSparse,388,59.995,1.75677e+07,56.9228,4, 0.000509849,,0.000241331,6.96831e-05,0.000509849,
SmoothPoly,GPULinearSparse,392,62.208,1.99411e+07,50.1478,4, 0.000256426,,0.000243724,8.92216e-05,0.000256426,
SmoothPoly,GPULinearSparse,396,63.662,2.05182e+07,48.7373,4, 0.000377809,,0.000274123,0.000106732,0.000377809,
SmoothPoly,GPULinearSparse,400,65.38,2.1876e+07,45.7121,4, 0.00028171,,0.000242109,0.000129474,0.00028171,
SmoothPoly,GPULinearSparse,404,67.53,2.15849e+07,46.3287,4, 0.000516823,,0.000215241,0.000154641,0.000516823,
SmoothPoly,GPULinearSparse,408,69.624,2.25878e+07,44.2718,4, 0.000261269,,0.000244622,0.000162069,0.000261269,
SmoothPoly,GPULinearSparse,412,71.337,2.44611e+07,40.8813,4, 0.000394567,,0.000273195,0.000174122,0.000394567,
SmoothPoly,GPULinearSparse,416,73.845,2.55863e+07,39.0834,4, 0.00028665,,0.000286569,0.00016874,0.00028665,
SmoothPoly,GPULinearSparse,420,76.922,2.61988e+07,38.1696,4, 0.000460926,,0.000227568,0.000163206,0.000460926,
SmoothPoly,GPULinearSparse,424,79.582,2.67548e+07,37.3765,4, 0.000263303,,0.000243649,0.000139101,0.000263303,
SmoothPoly,GPULinearSparse,428,81.384,2.66366e+07,37.5423,4, 0.00036657,,0.000323639,9.53615e-05,0.00036657,
SmoothPoly,GPULinearSparse,432,83.852,2.85005e+07,35.0871,4, 0.000269018,,0.000268258,0.000157862,0.000269018,
SmoothPoly,GPULinearSparse,436,86.26,2.7873e+07,35.877,4, 0.000484659,,0.000251682,0.000222826,0.000484659,
SmoothPoly,GPULinearSparse,440,89.128,3.21472e+07,31.1069,4, 0.000250037,,0.000250037,0.000173894,0.0002076,
SmoothPoly,GPULinearSparse,444,91.388,3.18006e+07,31.4459,4, 0.000364923,,0.000268467,0.000136902,0.000364923,
SmoothPoly,GPULinearSparse,448,90.5,3.12559e+07,31.994,4, 0.000318642,,0.000318642,0.000104155,0.000271052,
SmoothPoly,GPULinearSparse,452,94.693,3.56068e+07,28.0845,4, 0.000457727,,0.000266253,7.76517e-05,0.000457727,
SmoothPoly,GPULinearSparse,456,97.375,3.50178e+07,28.5569,4, 0.000323818,,0.000323818,8.49004e-05,0.000247124,
SmoothPoly,GPULinearSparse,460,99.058,3.80602e+07,26.2741,4, 0.000351457,,0.000287855,0.000123409,0.000351457,
SmoothPoly,GPULinearSparse,464,102.628,3.76294e+07,26.575,4, 0.000292267,,0.00026745,0.000123712,0.000292267,
SmoothPoly,GPULinearSparse,468,106.187,4.10505e+07,24.3602,4, 0.000427115,,0.000284833,0.000138873,0.000427115,
SmoothPoly,GPULinearSparse,472,109.073,4.00661e+07,24.9587,4, 0.000319509,,0.000319509,0.000162751,0.000225521,
SmoothPoly,GPULinearSparse,476,112.237,4.75031e+07,21.0512,4, 0.000365466,,0.000365466,0.000163054,0.000349035,
SmoothPoly,GPULinearSparse,480,115.355,4.38039e+07,22.829,4, 0.000290517,,0.000290517,0.00015987,0.000276476,
SmoothPoly,GPULinearSparse,484,118.17,4.12228e+07,24.2584,4, 0.000427114,,0.000281691,0.000153351,0.000427114,
SmoothPoly,GPULinearSparse,488,122.326,4.82771e+07,20.7137,4, 0.000304669,,0.000304669,0.000136295,0.00022213,
SmoothPoly,GPULinearSparse,492,125.736,5.13321e+07,19.481,4, 0.000354362,,0.000325822,9.95305e-05,0.000354362,
SmoothPoly,GPULinearSparse,496,129.652,5.26197e+07,19.0043,4, 0.000294137,,0.000294137,0.000138948,0.000291104,
SmoothPoly,GPULinearSparse,500,132.599,5.31301e+07,18.8217,4, 0.00044736,,0.00030446,0.000216723,0.00044736,
