functionName, calculator,N,initTime, calcTime, calcHz, bytes, maxError, blankColumn, err1, err2, err3, Blank
SmoothPoly,CPULinearSparse,8,0,11091,90163.2,8, 0.100091,,0.100091,0.0580411,0.0847293,
SmoothPoly,CPULinearSparse,12,0,13739,72785.5,8, 0.0471354,,0.0443927,0.031387,0.0471354,
SmoothPoly,CPULinearSparse,16,0,17182,58200.4,8, 0.0419509,,0.0235623,0.0229532,0.0419509,
SmoothPoly,CPULinearSparse,20,0,24084,41521.3,8, 0.0492365,,0.0110747,0.0178136,0.0492365,
SmoothPoly,CPULinearSparse,24,0.029,31612,31633.6,8, 0.0141872,,0.00366894,0.0141872,0.010787,
SmoothPoly,CPULinearSparse,28,0.029,40738,24547.1,8, 0.0122957,,0.00320166,0.0115567,0.0122957,
SmoothPoly,CPULinearSparse,32,0.032,54931,18204.7,8, 0.0127038,,0.00765937,0.00918021,0.0127038,
SmoothPoly,CPULinearSparse,36,0.028,73917,13528.7,8, 0.0184641,,0.00573838,0.00693694,0.0184641,
SmoothPoly,CPULinearSparse,40,0.052,101701,9832.75,8, 0.00625355,,0.00625355,0.00478348,0.00496735,
SmoothPoly,CPULinearSparse,44,0.059,121771,8212.14,8, 0.00654961,,0.00526772,0.00228446,0.00654961,
SmoothPoly,CPULinearSparse,48,0.063,155050,6449.53,8, 0.00633286,,0.00373374,0.00324529,0.00633286,
SmoothPoly,CPULinearSparse,52,0.042,194080,5152.51,8, 0.0100114,,0.00203582,0.00424013,0.0100114,
SmoothPoly,CPULinearSparse,56,0.042,220869,4527.57,8, 0.00340974,,0.00061483,0.00276157,0.00340974,
SmoothPoly,CPULinearSparse,60,0.073,287614,3476.88,8, 0.00434873,,0.00138466,0.00183437,0.00434873,
SmoothPoly,CPULinearSparse,64,0.079,359047,2785.15,8, 0.00377714,,0.00292245,0.00107408,0.00377714,
SmoothPoly,CPULinearSparse,68,0.079,406071,2462.62,8, 0.00647152,,0.00220462,0.000513621,0.00647152,
SmoothPoly,CPULinearSparse,72,0.086,505746,1977.28,8, 0.00254841,,0.00254841,0.000702623,0.00250265,
SmoothPoly,CPULinearSparse,76,0.079,572418,1746.98,8, 0.00311023,,0.00225154,0.00109142,0.00311023,
SmoothPoly,CPULinearSparse,80,0.097,687952,1453.59,8, 0.00259246,,0.00168106,0.00136238,0.00259246,
SmoothPoly,CPULinearSparse,84,0.136,806092,1240.55,8, 0.00465665,,0.000968289,0.00151912,0.00465665,
SmoothPoly,CPULinearSparse,88,0.098,965313,1035.93,8, 0.00192501,,0.000232453,0.00158683,0.00192501,
SmoothPoly,CPULinearSparse,92,0.164,1.09432e+06,913.807,8, 0.00235171,,0.000803321,0.00156853,0.00235171,
SmoothPoly,CPULinearSparse,96,0.125,1.22952e+06,813.324,8, 0.00190312,,0.00164538,0.00145479,0.00190312,
SmoothPoly,CPULinearSparse,100,0.157,1.43177e+06,698.437,8, 0.00353032,,0.00124313,0.00125043,0.00353032,
SmoothPoly,CPULinearSparse,104,0.169,1.61346e+06,619.786,8, 0.00157545,,0.00145775,0.000928474,0.00157545,
SmoothPoly,CPULinearSparse,108,0.196,1.86572e+06,535.986,8, 0.00189867,,0.00132184,0.000652368,0.00189867,
SmoothPoly,CPULinearSparse,112,0.218,2.04995e+06,487.817,8, 0.00146548,,0.00101181,0.00102235,0.00146548,
SmoothPoly,CPULinearSparse,116,0.209,4.37162e+06,228.748,8, 0.00278979,,0.000597287,0.00137016,0.00278979,
SmoothPoly,CPULinearSparse,120,0.205,2.56374e+06,390.055,8, 0.00129439,,0.000117397,0.00094314,0.00129439,
SmoothPoly,CPULinearSparse,124,0.246,2.85057e+06,350.807,8, 0.00155414,,0.000547017,0.000605548,0.00155414,
SmoothPoly,CPULinearSparse,128,0.31,3.03998e+06,328.95,8, 0.00118873,,0.00109154,0.000374178,0.00118873,
SmoothPoly,CPULinearSparse,132,0.297,3.42782e+06,291.731,8, 0.00228314,,0.000823917,0.00018698,0.00228314,
SmoothPoly,CPULinearSparse,136,0.322,3.71985e+06,268.828,8, 0.00107512,,0.00097379,0.000211469,0.00107512,
SmoothPoly,CPULinearSparse,140,0.331,4.05556e+06,246.575,8, 0.00131168,,0.000895349,0.000384811,0.00131168,
SmoothPoly,CPULinearSparse,144,0.402,4.51053e+06,221.704,8, 0.000976724,,0.000694618,0.000513733,0.000976724,
SmoothPoly,CPULinearSparse,148,0.404,4.86259e+06,205.652,8, 0.00189365,,0.00041005,0.000604366,0.00189365,
SmoothPoly,CPULinearSparse,152,0.499,4.7876e+06,208.873,8, 0.000926674,,7.93165e-05,0.000657958,0.000926674,
SmoothPoly,CPULinearSparse,156,0.385,4.98673e+06,200.532,8, 0.00114068,,0.000402551,0.000669288,0.00114068,
SmoothPoly,CPULinearSparse,160,0.472,6.16659e+06,162.164,8, 0.000823816,,0.000792807,0.000638393,0.000823816,
SmoothPoly,CPULinearSparse,164,0.51,6.62533e+06,150.936,8, 0.00160782,,0.000597523,0.000560667,0.00160782,
SmoothPoly,CPULinearSparse,168,0.497,6.25307e+06,159.922,8, 0.00080213,,0.000709945,0.000416758,0.00080213,
SmoothPoly,CPULinearSparse,172,0.577,6.71938e+06,148.823,8, 0.000991292,,0.000658109,0.000333284,0.000991292,
SmoothPoly,CPULinearSparse,176,0.593,8.33818e+06,119.93,8, 0.000714132,,0.000511847,0.000542762,0.000714132,
SmoothPoly,CPULinearSparse,180,0.634,8.25897e+06,121.081,8, 0.00138981,,0.000305495,0.000731947,0.00138981,
SmoothPoly,CPULinearSparse,184,0.676,9.01649e+06,110.908,8, 0.000700903,,6.06654e-05,0.000516932,0.000700903,
SmoothPoly,CPULinearSparse,188,0.733,1.0995e+07,90.9503,8, 0.000874102,,0.000311721,0.000325443,0.000874102,
SmoothPoly,CPULinearSparse,192,0.771,1.04262e+07,95.912,8, 0.000618377,,0.000610889,0.000203298,0.000618377,
SmoothPoly,CPULinearSparse,196,0.79,1.13049e+07,88.4573,8, 0.00121188,,0.000458828,0.000102295,0.00121188,
SmoothPoly,CPULinearSparse,200,0.837,1.85913e+07,53.7885,8, 0.000628359,,0.000547246,0.000107185,0.000628359,
SmoothPoly,CPULinearSparse,204,0.871,1.25805e+07,79.4883,8, 0.000778864,,0.000509501,0.000203197,0.000778864,
SmoothPoly,CPULinearSparse,208,0.896,1.17877e+07,84.8339,8, 0.000542053,,0.000398119,0.000281255,0.000542053,
SmoothPoly,CPULinearSparse,212,0.989,1.26602e+07,78.9876,8, 0.00107435,,0.000239628,0.000338904,0.00107435,
SmoothPoly,CPULinearSparse,216,1.02,1.46059e+07,68.4653,8, 0.000562701,,4.8591e-05,0.000374389,0.000562701,
SmoothPoly,CPULinearSparse,220,1.073,1.56156e+07,64.0386,8, 0.000696853,,0.000251526,0.000386604,0.000696853,
SmoothPoly,CPULinearSparse,224,1.211,1.68332e+07,59.4064,8, 0.000489237,,0.000489237,0.000373845,0.00048146,
SmoothPoly,CPULinearSparse,228,1.203,1.74077e+07,57.4457,8, 0.000962895,,0.000366705,0.000330563,0.000962895,
SmoothPoly,CPULinearSparse,232,1.3,1.98071e+07,50.4869,8, 0.000510753,,0.000438557,0.000250796,0.000510753,
SmoothPoly,CPULinearSparse,236,1.346,1.72455e+07,57.9862,8, 0.000630032,,0.000409205,0.000210416,0.000630032,
SmoothPoly,CPULinearSparse,240,1.405,2.74165e+07,36.4744,8, 0.000428772,,0.000321476,0.000349221,0.000428772,
SmoothPoly,CPULinearSparse,244,1.458,2.1692e+07,46.1,8, 0.000864401,,0.000194724,0.000471592,0.000864401,
SmoothPoly,CPULinearSparse,248,1.497,3.49419e+07,28.6189,8, 0.000467572,,4.03847e-05,0.000337366,0.000467572,
SmoothPoly,CPULinearSparse,252,1.601,2.33773e+07,42.7766,8, 0.000573469,,0.000208726,0.000216907,0.000573469,
SmoothPoly,CPULinearSparse,256,1.71,2.19412e+07,45.5763,8, 0.000403862,,0.000403862,0.000132221,0.000385025,
SmoothPoly,CPULinearSparse,260,1.68,2.35122e+07,42.5312,8, 0.000783952,,0.000301905,6.75163e-05,0.000783952,
SmoothPoly,CPULinearSparse,264,1.911,2.44007e+07,40.9825,8, 0.00042761,,0.000361762,7.39391e-05,0.00042761,
SmoothPoly,CPULinearSparse,268,1.869,2.59769e+07,38.4958,8, 0.000522989,,0.000338216,0.000128849,0.000522989,
SmoothPoly,CPULinearSparse,272,2.008,3.1094e+07,32.1606,8, 0.000350559,,0.000266766,0.000182614,0.000350559,
SmoothPoly,CPULinearSparse,276,2.095,2.85417e+07,35.0365,8, 0.000715706,,0.000161778,0.000222804,0.000715706,
SmoothPoly,CPULinearSparse,280,2.142,2.95171e+07,33.8787,8, 0.000392371,,3.43335e-05,0.000248193,0.000392371,
SmoothPoly,CPULinearSparse,284,2.161,3.53619e+07,28.279,8, 0.000482113,,0.000177038,0.000258405,0.000482113,
SmoothPoly,CPULinearSparse,288,2.329,3.73611e+07,26.7658,8, 0.000340749,,0.000340749,0.000251421,0.000318916,
SmoothPoly,CPULinearSparse,292,2.468,3.47707e+07,28.7598,8, 0.000654654,,0.00025424,0.000222602,0.000654654,
SmoothPoly,CPULinearSparse,296,2.552,3.54368e+07,28.2193,8, 0.000363164,,0.000305042,0.000175389,0.000363164,
SmoothPoly,CPULinearSparse,300,2.609,4.02423e+07,24.8495,8, 0.000446328,,0.000285728,0.000148104,0.000446328,
SmoothPoly,CPULinearSparse,304,2.782,4.3418e+07,23.0319,8, 0.000293253,,0.000226096,0.000249194,0.000293253,
SmoothPoly,CPULinearSparse,308,2.808,4.6007e+07,21.7358,8, 0.000602307,,0.000137249,0.000336296,0.000602307,
SmoothPoly,CPULinearSparse,312,2.884,4.19349e+07,23.8465,8, 0.000336072,,2.96201e-05,0.000242348,0.000336072,
SmoothPoly,CPULinearSparse,316,3.129,4.93331e+07,20.2704,8, 0.000413706,,0.000152328,0.000157949,0.000413706,
SmoothPoly,CPULinearSparse,320,3.01,4.53176e+07,22.0665,8, 0.00029243,,0.00029243,9.45565e-05,0.000271114,
SmoothPoly,CPULinearSparse,324,3.34,4.84662e+07,20.6329,8, 0.000556303,,0.000217958,4.84085e-05,0.000556303,
SmoothPoly,CPULinearSparse,328,3.397,5.47948e+07,18.2499,8, 0.000313085,,0.000261612,5.4799e-05,0.000313085,
SmoothPoly,CPULinearSparse,332,3.473,5.9677e+07,16.7569,8, 0.00038601,,0.000245617,9.03166e-05,0.00038601,
SmoothPoly,CPULinearSparse,336,3.545,6.08202e+07,16.4419,8, 0.000250105,,0.0001946,0.000130084,0.000250105,
SmoothPoly,CPULinearSparse,340,3.799,6.02612e+07,16.5944,8, 0.000515264,,0.000118461,0.000159771,0.000515264,
SmoothPoly,CPULinearSparse,344,3.791,6.34455e+07,15.7615,8, 0.000292227,,2.58622e-05,0.000179331,0.000292227,
SmoothPoly,CPULinearSparse,348,4.037,6.73037e+07,14.858,8, 0.000360823,,0.000133036,0.00018794,0.000360823,
SmoothPoly,CPULinearSparse,352,4.121,6.87503e+07,14.5454,8, 0.000254743,,0.000254743,0.000183276,0.000233011,
SmoothPoly,CPULinearSparse,356,4.294,7.24946e+07,13.7941,8, 0.000480729,,0.000189586,0.000162902,0.000480729,
SmoothPoly,CPULinearSparse,360,4.367,7.15287e+07,13.9804,8, 0.000273221,,0.000227626,0.000131474,0.000273221,
SmoothPoly,CPULinearSparse,364,4.608,7.52356e+07,13.2916,8, 0.000337615,,0.000214118,0.00011161,0.000337615,
SmoothPoly,CPULinearSparse,368,4.73,7.87674e+07,12.6956,8, 0.000217642,,0.000169756,0.00018918,0.000217642,
SmoothPoly,CPULinearSparse,372,4.834,7.53413e+07,13.2729,8, 0.000449068,,0.000103685,0.000255195,0.000449068,
SmoothPoly,CPULinearSparse,376,5.121,8.65705e+07,11.5513,8, 0.000257343,,2.31943e-05,0.000185292,0.000257343,
SmoothPoly,CPULinearSparse,380,5.186,9.20798e+07,10.8601,8, 0.000318156,,0.000117564,0.000121841,0.000318156,
SmoothPoly,CPULinearSparse,384,5.299,9.82482e+07,10.1783,8, 0.000224448,,0.000224448,7.19691e-05,0.000202479,
SmoothPoly,CPULinearSparse,388,5.409,9.12529e+07,10.9586,8, 0.000420446,,0.000166885,3.82925e-05,0.000420446,
SmoothPoly,CPULinearSparse,392,5.678,1.09834e+08,9.10469,8, 0.000242688,,0.000200447,4.2537e-05,0.000242688,
SmoothPoly,CPULinearSparse,396,5.763,9.70062e+07,10.3086,8, 0.00029906,,0.000188857,6.77863e-05,0.00029906,
SmoothPoly,CPULinearSparse,400,5.991,1.09692e+08,9.11642,8, 0.000189701,,0.000149851,9.84559e-05,0.000189701,
SmoothPoly,CPULinearSparse,404,6.202,1.14299e+08,8.74897,8, 0.000395533,,9.17868e-05,0.00012166,0.000395533,
SmoothPoly,CPULinearSparse,408,6.343,1.1606e+08,8.61626,8, 0.000228668,,2.11979e-05,0.00013729,0.000228668,
SmoothPoly,CPULinearSparse,412,6.429,1.15583e+08,8.65183,8, 0.00028189,,0.000104746,0.000144203,0.00028189,
SmoothPoly,CPULinearSparse,416,6.742,1.23818e+08,8.07638,8, 0.000199847,,0.000199847,0.000140913,0.000177999,
SmoothPoly,CPULinearSparse,420,6.965,1.29572e+08,7.71772,8, 0.000372633,,0.000148406,0.000125443,0.000372633,
SmoothPoly,CPULinearSparse,424,8.531,1.18301e+08,8.45304,8, 0.000217078,,0.000178305,0.000103389,0.000217078,
SmoothPoly,CPULinearSparse,428,7.538,1.23984e+08,8.06554,8, 0.000266977,,0.000168197,8.83325e-05,0.000266977,
SmoothPoly,CPULinearSparse,432,7.716,1.24269e+08,8.04707,8, 0.000167208,,0.000133584,0.000149987,0.000167208,
SmoothPoly,CPULinearSparse,436,7.967,1.30247e+08,7.67775,8, 0.000351638,,8.20295e-05,0.000202324,0.000351638,
SmoothPoly,CPULinearSparse,440,8.196,1.32282e+08,7.55959,8, 0.000206078,,1.95142e-05,0.000147546,0.000206078,
SmoothPoly,CPULinearSparse,444,8.36,1.37144e+08,7.29161,8, 0.000252826,,9.43028e-05,9.75332e-05,0.000252826,
SmoothPoly,CPULinearSparse,448,8.573,1.40413e+08,7.12186,8, 0.00017947,,0.00017947,5.68985e-05,0.000158347,
SmoothPoly,CPULinearSparse,452,8.775,1.46835e+08,6.81037,8, 0.00033317,,0.000133106,3.13653e-05,0.00033317,
SmoothPoly,CPULinearSparse,456,9.115,1.49523e+08,6.68793,8, 0.000195427,,0.000159963,3.41773e-05,0.000195427,
SmoothPoly,CPULinearSparse,460,9.257,1.54034e+08,6.49209,8, 0.00023977,,0.00015096,5.3063e-05,0.00023977,
SmoothPoly,CPULinearSparse,464,9.514,1.73165e+08,5.77484,8, 0.00014981,,0.000120097,7.76225e-05,0.00014981,
SmoothPoly,CPULinearSparse,468,9.744,1.64184e+08,6.09074,8, 0.000315216,,7.37853e-05,9.65387e-05,0.000315216,
SmoothPoly,CPULinearSparse,472,9.945,1.66729e+08,5.99774,8, 0.000186236,,1.79686e-05,0.000109361,0.000186236,
SmoothPoly,CPULinearSparse,476,10.275,1.73538e+08,5.76241,8, 0.000229114,,8.54123e-05,0.000115065,0.000229114,
SmoothPoly,CPULinearSparse,480,10.471,1.7602e+08,5.68116,8, 0.000162294,,0.000162294,0.000112756,0.000141711,
SmoothPoly,CPULinearSparse,484,10.842,1.84844e+08,5.40996,8, 0.000299056,,0.000120274,0.000100549,0.000299056,
SmoothPoly,CPULinearSparse,488,11.014,1.85095e+08,5.40263,8, 0.00017714,,0.000144581,8.40488e-05,0.00017714,
SmoothPoly,CPULinearSparse,492,11.384,1.89956e+08,5.26438,8, 0.0002185,,0.000136505,7.18538e-05,0.0002185,
SmoothPoly,CPULinearSparse,496,187.832,2.06239e+08,4.84874,8, 0.000135064,,0.000108751,0.000122696,0.000135064,
SmoothPoly,CPULinearSparse,500,187.726,2.61294e+08,3.82711,8, 0.000284656,,6.68359e-05,0.000165659,0.000284656,
SmoothPoly,CPULinearSparse,504,196.03,2.79204e+08,3.58161,8, 0.000168537,,1.6598e-05,0.000121204,0.000168537,
SmoothPoly,CPULinearSparse,508,198.224,2.22611e+08,4.49214,8, 0.000208431,,7.79112e-05,8.04657e-05,0.000208431,
SmoothPoly,CPULinearSparse,512,215.105,2.3043e+08,4.33972,8, 0.000147748,,0.000147748,4.67697e-05,0.000128616,
SmoothPoly,CPULinearSparse,516,210.813,3.75763e+08,2.66126,8, 0.000270759,,0.000109383,2.62384e-05,0.000270759,
