functionName, calculator,N,initTime, calcTime, calcHz, bytes, maxError, blankColumn, err1, err2, err3, Blank
NonsmoothSqrt,GPUBicubicSparse,8,0.114,380013,2631.49,8, 0.0117411,,0.0117411,0.00783483,0.00459801,
NonsmoothSqrt,GPUBicubicSparse,12,0.011,137722,7261,8, 0.0107646,,0.0107646,0.00568572,0.0044395,
NonsmoothSqrt,GPUBicubicSparse,16,0.079,193154,5177.22,8, 0.00893795,,0.00893795,0.0021003,0.0012635,
NonsmoothSqrt,GPUBicubicSparse,20,0.059,272938,3663.84,8, 0.0108805,,0.0108805,0.0024351,0.00134125,
NonsmoothSqrt,GPUBicubicSparse,24,0.111,426908,2342.43,8, 0.00611345,,0.00611345,0.00115072,0.000596744,
NonsmoothSqrt,GPUBicubicSparse,28,0.178,542255,1844.15,8, 0.00487252,,0.00487252,0.000876032,0.000487676,
NonsmoothSqrt,GPUBicubicSparse,32,0.292,709948,1408.55,8, 0.00627035,,0.00627035,0.000980908,0.000742116,
NonsmoothSqrt,GPUBicubicSparse,36,0.553,882350,1133.34,8, 0.00240367,,0.00240367,0.000583817,0.000344577,
NonsmoothSqrt,GPUBicubicSparse,40,0.728,1.05307e+06,949.605,8, 0.0025615,,0.0025615,0.00074166,0.000487759,
NonsmoothSqrt,GPUBicubicSparse,44,0.859,1.14938e+06,870.032,8, 0.00207996,,0.00207996,0.000434625,0.000261038,
NonsmoothSqrt,GPUBicubicSparse,48,1.157,1.36363e+06,733.337,8, 0.00179864,,0.00179864,0.000367257,0.000239147,
NonsmoothSqrt,GPUBicubicSparse,52,1.515,1.524e+06,656.166,8, 0.00326959,,0.00326959,0.000526266,0.000331365,
NonsmoothSqrt,GPUBicubicSparse,56,1.863,1.68016e+06,595.182,8, 0.00206264,,0.00206264,0.000294471,0.000183813,
NonsmoothSqrt,GPUBicubicSparse,60,2.3,1.81733e+06,550.257,8, 0.0024185,,0.0024185,0.000432113,0.00026585,
NonsmoothSqrt,GPUBicubicSparse,64,2.828,2.19511e+06,455.558,8, 0.00137381,,0.00137381,0.000266311,0.000152524,
NonsmoothSqrt,GPUBicubicSparse,68,3.519,2.4131e+06,414.405,8, 0.00120535,,0.00120535,0.000236098,0.000144757,
NonsmoothSqrt,GPUBicubicSparse,72,4.083,3.09297e+06,323.314,8, 0.00163747,,0.00163747,0.000348369,0.00020678,
NonsmoothSqrt,GPUBicubicSparse,76,4.881,3.51923e+06,284.153,8, 0.00112632,,0.00112632,0.000184245,0.000116804,
NonsmoothSqrt,GPUBicubicSparse,80,5.282,3.61121e+06,276.915,8, 0.00166731,,0.00166731,0.000287873,0.00019076,
NonsmoothSqrt,GPUBicubicSparse,84,6.103,3.92258e+06,254.934,8, 0.000963507,,0.000963507,0.000164043,0.00010506,
NonsmoothSqrt,GPUBicubicSparse,88,6.89,4.48166e+06,223.132,8, 0.000976907,,0.000976907,0.000159824,9.30132e-05,
NonsmoothSqrt,GPUBicubicSparse,92,8.098,4.8925e+06,204.394,8, 0.00128002,,0.00128002,0.00022596,0.000146604,
NonsmoothSqrt,GPUBicubicSparse,96,9.265,5.21553e+06,191.735,8, 0.000782639,,0.000782639,0.000130676,9.68633e-05,
NonsmoothSqrt,GPUBicubicSparse,100,10.745,5.71232e+06,175.06,8, 0.00108423,,0.00108423,0.000202597,0.000124882,
NonsmoothSqrt,GPUBicubicSparse,104,12.923,6.11552e+06,163.518,8, 0.000675863,,0.000675863,0.000114771,7.79879e-05,
NonsmoothSqrt,GPUBicubicSparse,108,13.893,6.59996e+06,151.516,8, 0.000640252,,0.000640252,0.000113133,8.09989e-05,
NonsmoothSqrt,GPUBicubicSparse,112,14.203,7.09705e+06,140.904,8, 0.00102298,,0.00102298,0.00017424,0.000108061,
NonsmoothSqrt,GPUBicubicSparse,116,16.762,7.75609e+06,128.931,8, 0.000615296,,0.000615296,9.83377e-05,6.11237e-05,
NonsmoothSqrt,GPUBicubicSparse,120,18.778,2.4459e+07,40.8847,8, 0.000920163,,0.000920163,0.000155033,9.81392e-05,
NonsmoothSqrt,GPUBicubicSparse,124,20.649,8.89774e+06,112.388,8, 0.000582898,,0.000582898,9.50817e-05,6.85353e-05,
NonsmoothSqrt,GPUBicubicSparse,128,22.667,9.50324e+06,105.227,8, 0.000491983,,0.000491983,9.14955e-05,6.92982e-05,
NonsmoothSqrt,GPUBicubicSparse,132,26.422,1.03003e+07,97.0847,8, 0.000753435,,0.000753435,0.000137722,8.18745e-05,
NonsmoothSqrt,GPUBicubicSparse,136,26.832,1.11746e+07,89.4888,8, 0.000451936,,0.000451936,7.72748e-05,4.80881e-05,
NonsmoothSqrt,GPUBicubicSparse,140,28.691,1.18705e+07,84.2428,8, 0.000659319,,0.000659319,0.00012657,7.98857e-05,
NonsmoothSqrt,GPUBicubicSparse,144,31.522,1.28919e+07,77.5682,8, 0.000440117,,0.000440117,7.56039e-05,4.99391e-05,
NonsmoothSqrt,GPUBicubicSparse,148,34.943,1.39162e+07,71.8586,8, 0.000378967,,0.000378967,7.10958e-05,5.54234e-05,
NonsmoothSqrt,GPUBicubicSparse,152,36.785,1.49715e+07,66.7938,8, 0.000632408,,0.000632408,0.000110573,6.96682e-05,
NonsmoothSqrt,GPUBicubicSparse,156,39.825,1.58742e+07,62.9953,8, 0.000396986,,0.000396986,6.40504e-05,6.40386e-05,
NonsmoothSqrt,GPUBicubicSparse,160,43.873,1.67126e+07,59.835,8, 0.000571869,,0.000571869,9.67158e-05,6.45343e-05,
NonsmoothSqrt,GPUBicubicSparse,164,50.403,1.81237e+07,55.1764,8, 0.000355827,,0.000355827,6.09633e-05,8.00114e-05,
NonsmoothSqrt,GPUBicubicSparse,168,52.984,1.94411e+07,51.4374,8, 0.000310369,,0.000310369,6.09116e-05,5.88836e-05,
NonsmoothSqrt,GPUBicubicSparse,172,57.167,2.07858e+07,48.1097,8, 0.000496374,,0.000496374,9.09308e-05,6.05847e-05,
NonsmoothSqrt,GPUBicubicSparse,176,62.553,2.27037e+07,44.0457,8, 0.000317823,,0.000317823,5.23933e-05,7.85846e-05,
NonsmoothSqrt,GPUBicubicSparse,180,65.882,2.34547e+07,42.6354,8, 0.000543138,,0.000543138,8.4251e-05,6.18209e-05,
NonsmoothSqrt,GPUBicubicSparse,184,71.029,2.43037e+07,41.146,8, 0.000332745,,0.000332745,5.22301e-05,6.75115e-05,
NonsmoothSqrt,GPUBicubicSparse,188,76.559,2.63921e+07,37.8901,8, 0.000303351,,0.000303351,5.17978e-05,0.000133121,
NonsmoothSqrt,GPUBicubicSparse,192,81.997,2.74826e+07,36.3867,8, 0.000405903,,0.000405903,7.89253e-05,8.23778e-05,
NonsmoothSqrt,GPUBicubicSparse,196,88.305,2.92872e+07,34.1446,8, 0.000270277,,0.000270277,4.79577e-05,0.00020715,
NonsmoothSqrt,GPUBicubicSparse,200,94.74,3.08956e+07,32.3671,8, 0.000408777,,0.000408777,7.64085e-05,7.43221e-05,
NonsmoothSqrt,GPUBicubicSparse,204,100.974,3.25648e+07,30.708,8, 0.000257648,,0.000257648,4.43826e-05,0.000144277,
NonsmoothSqrt,GPUBicubicSparse,208,107.6,3.46842e+07,28.8316,8, 0.000241457,,0.000241457,5.9758e-05,0.000199045,
NonsmoothSqrt,GPUBicubicSparse,212,115.352,3.88875e+07,25.7152,8, 0.000425619,,0.000425619,6.75383e-05,0.00012936,
NonsmoothSqrt,GPUBicubicSparse,216,122.578,4.16209e+07,24.0264,8, 0.000263776,,0.000243814,5.22296e-05,0.000263776,
NonsmoothSqrt,GPUBicubicSparse,220,130.426,4.29171e+07,23.3008,8, 0.000380441,,0.000380441,6.13163e-05,0.000144701,
NonsmoothSqrt,GPUBicubicSparse,224,138.802,4.57784e+07,21.8444,8, 0.000400639,,0.000239919,4.81544e-05,0.000400639,
