functionName, calculator,N,initTime, calcTime, calcHz, bytes, maxError, blankColumn, err1, err2, err3, Blank
SmoothRunge,CPUBicubicSparse,8,0.002,129034,7749.9,4, 0.138518,,0.07278,0.138518,0.130252,
SmoothRunge,CPUBicubicSparse,12,0.003,41495,24099.3,4, 0.0513083,,0.0125925,0.038656,0.0513083,
SmoothRunge,CPUBicubicSparse,16,0.011,65402,15290.1,4, 0.525485,,0.0086819,0.0381714,0.525485,
SmoothRunge,CPUBicubicSparse,20,0.058,109839,9104.23,4, 0.190606,,0.0075042,0.0414547,0.190606,
SmoothRunge,CPUBicubicSparse,24,0.036,186602,5359,4, 0.385369,,0.007317,0.105063,0.385369,
SmoothRunge,CPUBicubicSparse,28,0.067,271980,3676.74,4, 0.48201,,0.0197239,0.160306,0.48201,
SmoothRunge,CPUBicubicSparse,32,0.048,405979,2463.18,4, 0.735224,,0.0488087,0.340358,0.735224,
SmoothRunge,CPUBicubicSparse,36,0.061,579813,1724.69,4, 1.40238,,0.0806701,0.542035,1.40238,
SmoothRunge,CPUBicubicSparse,40,0.076,778452,1284.6,4, 1.76814,,0.154949,0.864893,1.76814,
SmoothRunge,CPUBicubicSparse,44,0.096,1.08362e+06,922.834,4, 1.84772,,0.236492,0.88081,1.84772,
SmoothRunge,CPUBicubicSparse,48,0.125,1.40855e+06,709.95,4, 3.8606,,0.337441,1.84516,3.8606,
SmoothRunge,CPUBicubicSparse,52,0.131,1.74203e+06,574.044,4, 4.54692,,0.477971,2.71479,4.54692,
SmoothRunge,CPUBicubicSparse,56,0.172,1.86713e+06,535.582,4, 7.86551,,0.837021,3.79518,7.86551,
SmoothRunge,CPUBicubicSparse,60,0.207,2.53005e+06,395.248,4, 8.64528,,0.855181,3.41053,8.64528,
SmoothRunge,CPUBicubicSparse,64,0.215,3.10208e+06,322.365,4, 9.3842,,1.16589,7.39619,9.3842,
SmoothRunge,CPUBicubicSparse,68,0.294,3.86599e+06,258.666,4, 14.101,,1.43007,9.49377,14.101,
SmoothRunge,CPUBicubicSparse,72,0.252,1.17129e+07,85.3759,4, 22.224,,2.33817,15.4426,22.224,
SmoothRunge,CPUBicubicSparse,76,0.322,5.4919e+06,182.086,4, 24.1709,,2.62298,13.6334,24.1709,
SmoothRunge,CPUBicubicSparse,80,0.346,6.43217e+06,155.468,4, 29.6248,,3.63313,13.6111,29.6248,
SmoothRunge,CPUBicubicSparse,84,0.405,7.28915e+06,137.19,4, 40.9901,,8.26117,24.6393,40.9901,
SmoothRunge,CPUBicubicSparse,88,0.436,8.2663e+06,120.973,4, 126.95,,11.146,23.8476,126.95,
SmoothRunge,CPUBicubicSparse,92,0.447,9.42624e+06,106.087,4, 89.3074,,19.6877,50.1141,89.3074,
SmoothRunge,CPUBicubicSparse,96,0.507,1.77585e+07,56.3111,4, 140.613,,24.4258,122.261,140.613,
SmoothRunge,CPUBicubicSparse,100,0.573,1.2314e+07,81.2085,4, 643.753,,188.591,340.728,643.753,
SmoothRunge,CPUBicubicSparse,104,0.696,1.40665e+07,71.0908,4, 117.195,,21.5467,69.0071,117.195,
SmoothRunge,CPUBicubicSparse,108,0.684,1.56094e+07,64.0639,4, 114.704,,36.8263,69.9841,114.704,
SmoothRunge,CPUBicubicSparse,112,0.755,1.58373e+07,63.1423,4, 318.988,,104.381,226.372,318.988,
SmoothRunge,CPUBicubicSparse,116,0.834,1.91647e+07,52.1793,4, 542.924,,43.1119,145.336,542.924,
SmoothRunge,CPUBicubicSparse,120,0.891,1.90964e+07,52.3658,4, 1188.12,,54.9844,285.76,1188.12,
SmoothRunge,CPUBicubicSparse,124,0.995,2.37508e+07,42.1038,4, 945.992,,183.472,410.628,945.992,
SmoothRunge,CPUBicubicSparse,128,1.161,2.22587e+07,44.9262,4, 466.774,,62.8095,351.991,466.774,
SmoothRunge,CPUBicubicSparse,132,1.171,2.83267e+07,35.3024,4, 135.314,,125.042,135.314,0,
SmoothRunge,CPUBicubicSparse,136,1.38,2.85701e+07,35.0016,4, 3308.71,,283.262,2335.99,3308.71,
SmoothRunge,CPUBicubicSparse,140,1.384,3.15132e+07,31.7327,4, 2369.24,,232.736,853.232,2369.24,
SmoothRunge,CPUBicubicSparse,144,1.501,3.29779e+07,30.3234,4, 1092.82,,196.976,277.628,1092.82,
SmoothRunge,CPUBicubicSparse,148,1.782,3.6291e+07,27.555,4, 579.668,,132.054,212.382,579.668,
SmoothRunge,CPUBicubicSparse,152,1.773,4.35994e+07,22.9361,4, 1462.85,,182.664,680.545,1462.85,
SmoothRunge,CPUBicubicSparse,156,1.887,4.26192e+07,23.4636,4, 1709.84,,260.769,710.159,1709.84,
SmoothRunge,CPUBicubicSparse,160,2.084,4.42641e+07,22.5917,4, 1367.18,,263.278,566.153,1367.18,
SmoothRunge,CPUBicubicSparse,164,2.444,5.15741e+07,19.3896,4, 3473.47,,391.492,2087.85,3473.47,
SmoothRunge,CPUBicubicSparse,168,2.391,5.37672e+07,18.5987,4, 4761.7,,330.459,2308.12,4761.7,
SmoothRunge,CPUBicubicSparse,172,2.707,6.14005e+07,16.2865,4, 3122.02,,349.792,1918.78,3122.02,
SmoothRunge,CPUBicubicSparse,176,2.798,6.61076e+07,15.1269,4, 1897.54,,287.637,1324.77,1897.54,
SmoothRunge,CPUBicubicSparse,180,3.02,6.67823e+07,14.974,4, 6971.11,,511.084,6563.55,6971.11,
SmoothRunge,CPUBicubicSparse,184,3.229,7.21331e+07,13.8633,4, 1008.65,,401.143,1008.65,0,
SmoothRunge,CPUBicubicSparse,188,3.38,8.40432e+07,11.8986,4, 7537.15,,435.424,4186.23,7537.15,
SmoothRunge,CPUBicubicSparse,192,3.57,1.00447e+08,9.9555,4, 657.515,,657.515,348.994,0,
SmoothRunge,CPUBicubicSparse,196,3.778,8.82363e+07,11.3332,4, 590.506,,590.506,371.447,0,
SmoothRunge,CPUBicubicSparse,200,4.117,8.71949e+07,11.4686,4, 2137.36,,144.302,2137.36,1770.59,
SmoothRunge,CPUBicubicSparse,204,4.516,9.18e+07,10.8932,4, 7541.14,,481.078,4963.08,7541.14,
SmoothRunge,CPUBicubicSparse,208,4.709,9.7369e+07,10.2702,4, 890.786,,890.786,202.105,0,
SmoothRunge,CPUBicubicSparse,212,5.07,1.02985e+08,9.71011,4, 7878.97,,822.709,7878.97,7134.02,
SmoothRunge,CPUBicubicSparse,216,5.345,1.08511e+08,9.21567,4, 18412.7,,973.013,11059.1,18412.7,
SmoothRunge,CPUBicubicSparse,220,5.568,1.14012e+08,8.77098,4, 7102.55,,102.876,2230.01,7102.55,
SmoothRunge,CPUBicubicSparse,224,5.979,1.20337e+08,8.31001,4, 586.393,,586.393,13.1764,9.79723,
SmoothRunge,CPUBicubicSparse,228,6.37,1.27569e+08,7.83891,4, 243.91,,243.91,61.0309,0,
SmoothRunge,CPUBicubicSparse,232,6.436,1.48163e+08,6.74934,4, 4053.25,,548.567,4053.25,0,
SmoothRunge,CPUBicubicSparse,236,7.002,1.41215e+08,7.0814,4, 457.771,,457.771,0,0,
SmoothRunge,CPUBicubicSparse,240,7.327,1.48702e+08,6.72484,4, 6862.09,,322.536,1755.79,6862.09,
SmoothRunge,CPUBicubicSparse,244,7.603,1.69891e+08,5.88614,4, 40.3813,,36.0723,40.3813,0,
SmoothRunge,CPUBicubicSparse,248,8.079,1.63592e+08,6.11277,4, 1273.57,,1273.57,37.3691,0,
SmoothRunge,CPUBicubicSparse,252,8.41,1.70489e+08,5.86548,4, 107.91,,107.91,93.6694,0,
SmoothRunge,CPUBicubicSparse,256,8.829,1.79171e+08,5.58125,4, 53.1598,,53.1598,29.8921,0,
SmoothRunge,CPUBicubicSparse,260,9.325,1.88657e+08,5.30061,4, 373.62,,373.62,40.6804,0,
SmoothRunge,CPUBicubicSparse,264,9.839,2.03364e+08,4.9173,4, 38.6308,,38.6308,25.7775,0,
SmoothRunge,CPUBicubicSparse,268,10.181,2.06351e+08,4.8461,4, 20367.9,,591.639,14540.7,20367.9,
SmoothRunge,CPUBicubicSparse,272,10.574,2.16038e+08,4.62881,4, 713.786,,713.786,51.274,0,
SmoothRunge,CPUBicubicSparse,276,11.159,2.26073e+08,4.42335,4, 112.535,,112.535,15.7136,0,
SmoothRunge,CPUBicubicSparse,280,11.795,2.4068e+08,4.1549,4, 335.355,,302.861,335.355,0,
SmoothRunge,CPUBicubicSparse,284,12.198,2.4907e+08,4.01494,4, 172.435,,172.435,30.959,0,
SmoothRunge,CPUBicubicSparse,288,12.66,2.54693e+08,3.92629,4, 102.568,,77.058,102.568,0,
SmoothRunge,CPUBicubicSparse,292,13.311,2.7301e+08,3.66287,4, 38.8021,,38.8021,19.5413,0,
SmoothRunge,CPUBicubicSparse,296,13.706,2.83841e+08,3.5231,4, 67.4345,,67.4345,53.7105,0,
SmoothRunge,CPUBicubicSparse,300,14.386,2.88168e+08,3.4702,4, 191.21,,191.21,88.0882,0,
SmoothRunge,CPUBicubicSparse,304,14.919,3.00425e+08,3.32861,4, 81.3858,,81.3858,29.5426,0,
SmoothRunge,CPUBicubicSparse,308,15.662,3.17476e+08,3.14984,4, 112.465,,112.465,0,0,
SmoothRunge,CPUBicubicSparse,312,16.091,3.32408e+08,3.00835,4, 39.1372,,39.1372,0,0,
SmoothRunge,CPUBicubicSparse,316,16.484,3.41028e+08,2.93231,4, 85.5127,,85.5127,39.426,0,
SmoothRunge,CPUBicubicSparse,320,17.46,3.53338e+08,2.83015,4, 68.9716,,53.1581,68.9716,0,
SmoothRunge,CPUBicubicSparse,324,18.387,3.68334e+08,2.71493,4, 225.187,,225.187,75.7116,0,
SmoothRunge,CPUBicubicSparse,328,18.939,3.83067e+08,2.61051,4, 229.031,,229.031,100.847,0,
SmoothRunge,CPUBicubicSparse,332,19.495,3.96038e+08,2.52501,4, 73.2051,,73.2051,18.0473,0,
SmoothRunge,CPUBicubicSparse,336,253.857,5.78311e+08,1.72917,4, 91.6481,,91.6481,0,0,
SmoothRunge,CPUBicubicSparse,340,263.27,5.8725e+08,1.70285,4, 24.8845,,24.8845,0,0,
