functionName, calculator,N,initTime, calcTime, calcHz, bytes, maxError, blankColumn, err1, err2, err3, Blank
SmoothPoly,GPUBicubicSparse,8,0.107,394063,2537.67,8, 0.0100547,,0.00243827,0.00865959,0.0100547,
SmoothPoly,GPUBicubicSparse,12,0.01,136273,7338.21,8, 0.014388,,0.00488779,0.00563779,0.014388,
SmoothPoly,GPUBicubicSparse,16,0.027,197087,5073.9,8, 0.00727065,,0.00650551,0.00338896,0.00727065,
SmoothPoly,GPUBicubicSparse,20,0.06,280762,3561.74,8, 0.00729605,,0.00729605,0.00203083,0.00180863,
SmoothPoly,GPUBicubicSparse,24,0.111,435990,2293.63,8, 0.00725853,,0.00725853,0.00119764,0.0035986,
SmoothPoly,GPUBicubicSparse,28,0.184,595106,1680.37,8, 0.00639196,,0.00639196,0.000678669,0.00509596,
SmoothPoly,GPUBicubicSparse,32,0.294,760796,1314.41,8, 0.00469558,,0.00469558,0.000357428,0.00290737,
SmoothPoly,GPUBicubicSparse,36,0.499,870241,1149.11,8, 0.00242076,,0.00242076,0.000301629,0.000805228,
SmoothPoly,GPUBicubicSparse,40,0.73,1.03742e+06,963.933,8, 0.00181098,,0.000621669,0.000554452,0.00181098,
SmoothPoly,GPUBicubicSparse,44,0.749,1.14804e+06,871.052,8, 0.00271325,,0.000866323,0.000791392,0.00271325,
SmoothPoly,GPUBicubicSparse,48,1.018,1.34979e+06,740.854,8, 0.00163864,,0.00141237,0.00095947,0.00163864,
SmoothPoly,GPUBicubicSparse,52,1.404,1.51168e+06,661.517,8, 0.00187208,,0.00187208,0.00103223,0.000476414,
SmoothPoly,GPUBicubicSparse,56,1.776,1.75413e+06,570.084,8, 0.00212889,,0.00212889,0.00101287,0.00112828,
SmoothPoly,GPUBicubicSparse,60,2.139,1.82326e+06,548.47,8, 0.00208587,,0.00208587,0.000937658,0.00173966,
SmoothPoly,GPUBicubicSparse,64,2.678,2.09321e+06,477.736,8, 0.00166319,,0.00166319,0.00083155,0.00108196,
SmoothPoly,GPUBicubicSparse,68,3.225,2.40733e+06,415.398,8, 0.000896166,,0.000896166,0.000711428,0.000322908,
SmoothPoly,GPUBicubicSparse,72,4.163,3.0554e+06,327.289,8, 0.000787148,,0.000200981,0.000588686,0.000787148,
SmoothPoly,GPUBicubicSparse,76,4.483,3.51226e+06,284.717,8, 0.0012346,,0.000390663,0.00047093,0.0012346,
SmoothPoly,GPUBicubicSparse,80,5.134,3.57995e+06,279.334,8, 0.000781632,,0.000668792,0.000363107,0.000781632,
SmoothPoly,GPUBicubicSparse,84,5.712,4.0222e+06,248.62,8, 0.000925071,,0.000925071,0.000268263,0.000237111,
SmoothPoly,GPUBicubicSparse,88,6.682,4.313e+06,231.857,8, 0.00109216,,0.00109216,0.000188056,0.000588739,
SmoothPoly,GPUBicubicSparse,92,7.697,4.68588e+06,213.407,8, 0.00110577,,0.00110577,0.000123115,0.000933895,
SmoothPoly,GPUBicubicSparse,96,9.334,5.17979e+06,193.058,8, 0.000906248,,0.000906248,7.32764e-05,0.000598345,
SmoothPoly,GPUBicubicSparse,100,10.866,5.69848e+06,175.485,8, 0.000496392,,0.000496392,6.82788e-05,0.00018354,
SmoothPoly,GPUBicubicSparse,104,12.744,6.0519e+06,165.237,8, 0.00046157,,0.000117636,0.000139789,0.00046157,
SmoothPoly,GPUBicubicSparse,108,13.888,6.50617e+06,153.7,8, 0.000738055,,0.000232711,0.000215105,0.000738055,
SmoothPoly,GPUBicubicSparse,112,13.671,7.12302e+06,140.39,8, 0.000476923,,0.000406792,0.000279402,0.000476923,
SmoothPoly,GPUBicubicSparse,116,16.763,7.57378e+06,132.034,8, 0.000573542,,0.000573542,0.000319943,0.000147478,
SmoothPoly,GPUBicubicSparse,120,18.846,8.12124e+06,123.134,8, 0.000689095,,0.000689095,0.000332168,0.000374366,
SmoothPoly,GPUBicubicSparse,124,20.898,8.87517e+06,112.674,8, 0.00070884,,0.00070884,0.000323646,0.000602201,
SmoothPoly,GPUBicubicSparse,128,22.369,9.44754e+06,105.848,8, 0.00058898,,0.00058898,0.00030071,0.000391642,
SmoothPoly,GPUBicubicSparse,132,25.911,1.03659e+07,96.4702,8, 0.000325404,,0.000325404,0.000268465,0.000121848,
SmoothPoly,GPUBicubicSparse,136,26.429,1.10291e+07,90.6696,8, 0.000311523,,8.28323e-05,0.000231,0.000311523,
SmoothPoly,GPUBicubicSparse,140,28.05,1.19767e+07,83.4956,8, 0.000503444,,0.000158429,0.000191567,0.000503444,
SmoothPoly,GPUBicubicSparse,144,30.558,1.27613e+07,78.3618,8, 0.000329052,,0.000280173,0.000152704,0.000329052,
SmoothPoly,GPUBicubicSparse,148,34.798,1.38211e+07,72.3532,8, 0.000399331,,0.000399331,0.000116353,0.000102865,
SmoothPoly,GPUBicubicSparse,152,38.167,1.47869e+07,67.6275,8, 0.000484664,,0.000484664,8.39364e-05,0.000264481,
SmoothPoly,GPUBicubicSparse,156,40.227,1.5727e+07,63.585,8, 0.00050322,,0.00050322,5.64365e-05,0.000428987,
SmoothPoly,GPUBicubicSparse,160,44.813,1.69398e+07,59.0327,8, 0.000421606,,0.000421606,3.44459e-05,0.00028151,
SmoothPoly,GPUBicubicSparse,164,48.189,1.81587e+07,55.07,8, 0.000234151,,0.000234151,3.27711e-05,8.8352e-05,
SmoothPoly,GPUBicubicSparse,168,52.728,1.99308e+07,50.1735,8, 0.000228193,,6.20082e-05,6.89363e-05,0.000228193,
SmoothPoly,GPUBicubicSparse,172,56.805,2.09151e+07,47.8124,8, 0.000371255,,0.000116687,0.000108172,0.000371255,
SmoothPoly,GPUBicubicSparse,176,61.746,2.20697e+07,45.311,8, 0.000244424,,0.000207897,0.000143207,0.000244424,
SmoothPoly,GPUBicubicSparse,180,65.21,2.35634e+07,42.4388,8, 0.000298366,,0.000298366,0.000166982,7.69587e-05,
SmoothPoly,GPUBicubicSparse,184,70.638,2.46964e+07,40.4917,8, 0.000364534,,0.000364534,0.000176384,0.000199505,
SmoothPoly,GPUBicubicSparse,188,75.279,2.65431e+07,37.6745,8, 0.000380823,,0.000380823,0.000174702,0.000325394,
SmoothPoly,GPUBicubicSparse,192,81.086,2.7259e+07,36.6851,8, 0.000320809,,0.000320809,0.000164873,0.000214816,
SmoothPoly,GPUBicubicSparse,196,87.574,2.91985e+07,34.2483,8, 0.000178816,,0.000178816,0.000149391,6.78158e-05,
SmoothPoly,GPUBicubicSparse,200,93.348,3.10862e+07,32.1686,8, 0.000176359,,4.85142e-05,0.000130366,0.000176359,
SmoothPoly,GPUBicubicSparse,204,100.012,3.31411e+07,30.174,8, 0.000288233,,9.05177e-05,0.000109574,0.000288233,
SmoothPoly,GPUBicubicSparse,208,106.524,3.54625e+07,28.1988,8, 0.000190726,,0.000162087,8.84731e-05,0.000190726,
SmoothPoly,GPUBicubicSparse,212,114.858,3.84218e+07,26.0269,8, 0.000233777,,0.000233777,6.8241e-05,6.03474e-05,
SmoothPoly,GPUBicubicSparse,216,122.369,4.12074e+07,24.2675,8, 0.000286944,,0.000286944,4.98113e-05,0.000157386,
SmoothPoly,GPUBicubicSparse,220,129.711,4.6681e+07,21.422,8, 0.000301091,,0.000301091,3.38761e-05,0.000257652,
SmoothPoly,GPUBicubicSparse,224,138.766,4.80942e+07,20.7925,8, 0.000254612,,0.000254612,2.08913e-05,0.000170829,
