functionName, calculator,N,initTime, calcTime, calcHz, bytes, maxError, blankColumn, err1, err2, err3, Blank
NonsmoothSqrt,CPUBicubicSparse,8,0,76722,13034.1,4, 0.0117388,,0.0117388,0.00783562,0.00480786,
NonsmoothSqrt,CPUBicubicSparse,12,0.053,38320,26096,4, 0.0107573,,0.0107573,0.00567171,0.00478795,
NonsmoothSqrt,CPUBicubicSparse,16,0.001,68323,14636.4,4, 0.0562857,,0.00898472,0.00624656,0.0562857,
NonsmoothSqrt,CPUBicubicSparse,20,0.002,127874,7820.2,4, 0.0408051,,0.0110324,0.00774694,0.0408051,
NonsmoothSqrt,CPUBicubicSparse,24,0.107,196205,5096.71,4, 0.299671,,0.0129876,0.0466057,0.299671,
NonsmoothSqrt,CPUBicubicSparse,28,0.007,260966,3831.92,4, 0.82922,,0.0275357,0.112218,0.82922,
NonsmoothSqrt,CPUBicubicSparse,32,0.145,374031,2673.58,4, 1.32522,,0.0530316,0.177046,1.32522,
NonsmoothSqrt,CPUBicubicSparse,36,0.116,546008,1831.47,4, 3.69789,,0.117655,0.577467,3.69789,
NonsmoothSqrt,CPUBicubicSparse,40,0.108,744023,1344.04,4, 2.18681,,0.141568,0.254489,2.18681,
NonsmoothSqrt,CPUBicubicSparse,44,0.042,1.03368e+06,967.416,4, 6.55321,,0.274558,2.23812,6.55321,
NonsmoothSqrt,CPUBicubicSparse,48,0.052,1.18312e+06,845.221,4, 25.065,,0.360289,1.90066,25.065,
NonsmoothSqrt,CPUBicubicSparse,52,0.065,1.45988e+06,684.985,4, 11.2649,,0.502432,2.31264,11.2649,
NonsmoothSqrt,CPUBicubicSparse,56,0.082,1.97025e+06,507.549,4, 70.1116,,0.695864,7.27094,70.1116,
NonsmoothSqrt,CPUBicubicSparse,60,0.159,2.13815e+06,467.694,4, 43.1934,,0.89396,3.13626,43.1934,
NonsmoothSqrt,CPUBicubicSparse,64,0.262,2.60683e+06,383.608,4, 141.864,,1.7377,14.9527,141.864,
NonsmoothSqrt,CPUBicubicSparse,68,0.221,3.21522e+06,311.021,4, 168.213,,1.51822,17.5362,168.213,
NonsmoothSqrt,CPUBicubicSparse,72,0.342,4.17762e+06,239.371,4, 221.751,,2.26235,16.605,221.751,
NonsmoothSqrt,CPUBicubicSparse,76,0.287,4.54244e+06,220.146,4, 291.373,,2.74556,55.7646,291.373,
NonsmoothSqrt,CPUBicubicSparse,80,0.318,5.69053e+06,175.73,4, 176.567,,5.52921,17.2503,176.567,
NonsmoothSqrt,CPUBicubicSparse,84,0.366,6.13259e+06,163.063,4, 525.539,,6.56685,66.2749,525.539,
NonsmoothSqrt,CPUBicubicSparse,88,6.612,7.40729e+06,135.002,4, 825.301,,15.3546,64.7308,825.301,
NonsmoothSqrt,CPUBicubicSparse,92,0.561,8.34889e+06,119.776,4, 433.499,,15.1088,36.4865,433.499,
NonsmoothSqrt,CPUBicubicSparse,96,9.395,9.70045e+06,103.088,4, 2114.91,,35.1589,156.933,2114.91,
NonsmoothSqrt,CPUBicubicSparse,100,0.553,1.06601e+07,93.8075,4, 470.506,,166.239,164.994,470.506,
NonsmoothSqrt,CPUBicubicSparse,104,4.915,1.5752e+07,63.4842,4, 1098.31,,20.2932,209.639,1098.31,
NonsmoothSqrt,CPUBicubicSparse,108,5.68,1.39195e+07,71.8416,4, 2179.74,,60.2888,232.652,2179.74,
NonsmoothSqrt,CPUBicubicSparse,112,7.138,1.5923e+07,62.8021,4, 2554.45,,74.3227,190.071,2554.45,
NonsmoothSqrt,CPUBicubicSparse,116,1.222,1.69268e+07,59.0779,4, 4809.79,,46.6466,362.785,4809.79,
NonsmoothSqrt,CPUBicubicSparse,120,14.062,1.85629e+07,53.871,4, 1932.99,,44.067,227.103,1932.99,
NonsmoothSqrt,CPUBicubicSparse,124,1.021,2.02691e+07,49.3362,4, 5611.3,,105.487,648.241,5611.3,
NonsmoothSqrt,CPUBicubicSparse,128,10.834,2.22312e+07,44.9818,4, 1081.56,,81.0643,152.961,1081.56,
NonsmoothSqrt,CPUBicubicSparse,132,11.008,2.47914e+07,40.3366,4, 79.0795,,51.124,79.0795,0,
NonsmoothSqrt,CPUBicubicSparse,136,12.954,2.94591e+07,33.9454,4, 8382.37,,342.909,1139.91,8382.37,
NonsmoothSqrt,CPUBicubicSparse,140,14.277,3.06391e+07,32.6381,4, 3686.27,,182.933,366.639,3686.27,
NonsmoothSqrt,CPUBicubicSparse,144,16.251,3.20516e+07,31.1997,4, 2921.85,,241.966,153.789,2921.85,
NonsmoothSqrt,CPUBicubicSparse,148,23.68,4.34329e+07,23.024,4, 4859.29,,148.192,203.074,4859.29,
NonsmoothSqrt,CPUBicubicSparse,152,17.535,3.78874e+07,26.394,4, 7538.86,,167.778,1295.54,7538.86,
NonsmoothSqrt,CPUBicubicSparse,156,18.765,4.16979e+07,23.982,4, 24881.3,,371.242,2713.86,24881.3,
NonsmoothSqrt,CPUBicubicSparse,160,31.491,4.55759e+07,21.9414,4, 1866.96,,161.074,539.804,1866.96,
NonsmoothSqrt,CPUBicubicSparse,164,2.182,4.74454e+07,21.0769,4, 25948,,489.336,2593.63,25948,
NonsmoothSqrt,CPUBicubicSparse,168,24.201,5.13702e+07,19.4665,4, 34815.5,,312.779,2940.56,34815.5,
NonsmoothSqrt,CPUBicubicSparse,172,27.677,5.49282e+07,18.2056,4, 16980.1,,483.71,1743.93,16980.1,
NonsmoothSqrt,CPUBicubicSparse,176,36.904,5.88646e+07,16.9881,4, 5320.56,,496.382,5320.56,506.048,
NonsmoothSqrt,CPUBicubicSparse,180,30.738,6.26061e+07,15.9729,4, 44086.5,,662.818,2005.83,44086.5,
NonsmoothSqrt,CPUBicubicSparse,184,33.36,6.65771e+07,15.0202,4, 509.354,,471.177,509.354,0,
NonsmoothSqrt,CPUBicubicSparse,188,34.832,7.14316e+07,13.9994,4, 39435,,305.015,5008.91,39435,
NonsmoothSqrt,CPUBicubicSparse,192,47.05,7.50693e+07,13.321,4, 578.741,,578.741,340.767,0,
NonsmoothSqrt,CPUBicubicSparse,196,40.169,8.08812e+07,12.3638,4, 2203.52,,872.189,2203.52,0,
NonsmoothSqrt,CPUBicubicSparse,200,50.753,8.59508e+07,11.6346,4, 8131.32,,185.15,2559.29,8131.32,
NonsmoothSqrt,CPUBicubicSparse,204,4.212,9.09052e+07,11.0005,4, 102031,,433.94,8643.07,102031,
NonsmoothSqrt,CPUBicubicSparse,208,50.701,1.0624e+08,9.41269,4, 626.004,,626.004,506.007,0,
NonsmoothSqrt,CPUBicubicSparse,212,49.195,1.01758e+08,9.82722,4, 40256,,693.606,4303.69,40256,
NonsmoothSqrt,CPUBicubicSparse,216,53.49,1.18215e+08,8.45915,4, 157841,,934.728,20207.3,157841,
NonsmoothSqrt,CPUBicubicSparse,220,60.103,1.24469e+08,8.03413,4, 17634.4,,208.237,1533.59,17634.4,
NonsmoothSqrt,CPUBicubicSparse,224,63.006,1.20135e+08,8.32396,4, 1250.59,,831.327,1250.59,4.07279,
NonsmoothSqrt,CPUBicubicSparse,228,65.661,1.51706e+08,6.5917,4, 406.757,,406.757,44.7255,0,
