functionName, calculator,N,initTime, calcTime, calcHz, bytes, maxError, blankColumn, err1, err2, err3, Blank
SmoothRunge,CPULinearSparse,8,0,11862,84302.8,8, 0.432059,,0.432059,0.216101,0.289422,
SmoothRunge,CPULinearSparse,12,0,15098,66233.9,8, 0.285866,,0.285866,0.15039,0.203586,
SmoothRunge,CPULinearSparse,16,0,16799,59527.4,8, 0.205543,,0.205543,0.0828504,0.10016,
SmoothRunge,CPULinearSparse,20,0,23763,42082.2,8, 0.119723,,0.119723,0.071774,0.0980064,
SmoothRunge,CPULinearSparse,24,0,34161,29273.1,8, 0.0709796,,0.0692912,0.0596775,0.0709796,
SmoothRunge,CPULinearSparse,28,0.001,41043,24364.7,8, 0.0512221,,0.030893,0.0512221,0.0505035,
SmoothRunge,CPULinearSparse,32,0.001,56050,17841.2,8, 0.0415807,,0.00820786,0.0415807,0.0273093,
SmoothRunge,CPULinearSparse,36,0.003,70782,14127.9,8, 0.050199,,0.050199,0.0329214,0.0417992,
SmoothRunge,CPULinearSparse,40,0.004,97082,10300.6,8, 0.0534612,,0.0534612,0.0238178,0.0251335,
SmoothRunge,CPULinearSparse,44,0.004,113326,8824.1,8, 0.0460506,,0.0460506,0.0149432,0.0242785,
SmoothRunge,CPULinearSparse,48,0.007,148598,6729.57,8, 0.0348605,,0.0348605,0.0188398,0.0131096,
SmoothRunge,CPULinearSparse,52,0.007,186582,5359.57,8, 0.0251905,,0.0221158,0.0251905,0.0234482,
SmoothRunge,CPULinearSparse,56,0.011,224629,4451.78,8, 0.0184406,,0.01118,0.0184406,0.0130284,
SmoothRunge,CPULinearSparse,60,0.014,276606,3615.25,8, 0.0149335,,0.00363956,0.0135118,0.0149335,
SmoothRunge,CPULinearSparse,64,0.015,314858,3176.03,8, 0.00915733,,0.00753415,0.00915733,0.00786993,
SmoothRunge,CPULinearSparse,68,0.019,402641,2483.6,8, 0.0155591,,0.0153188,0.00611347,0.0155591,
SmoothRunge,CPULinearSparse,72,0.024,485012,2061.8,8, 0.019529,,0.019529,0.00517924,0.00784654,
SmoothRunge,CPULinearSparse,76,0.032,553976,1805.13,8, 0.0173541,,0.0173541,0.00462248,0.0100227,
SmoothRunge,CPULinearSparse,80,0.045,677150,1476.78,8, 0.0135491,,0.0135491,0.00564174,0.00559188,
SmoothRunge,CPULinearSparse,84,0.045,747764,1337.32,8, 0.0111826,,0.00898756,0.00669264,0.0111826,
SmoothRunge,CPULinearSparse,88,0.045,866595,1153.94,8, 0.00725762,,0.00425443,0.00725762,0.00487081,
SmoothRunge,CPULinearSparse,92,0.059,977905,1022.59,8, 0.00710184,,0.00155323,0.00708535,0.00710184,
SmoothRunge,CPULinearSparse,96,0.057,1.12503e+06,888.862,8, 0.00674078,,0.00577384,0.00674078,0.00413205,
SmoothRunge,CPULinearSparse,100,0.08,1.28924e+06,775.649,8, 0.00852608,,0.00729691,0.00603375,0.00852608,
SmoothRunge,CPULinearSparse,104,0.08,1.44895e+06,690.155,8, 0.00990732,,0.00990732,0.00452915,0.00330664,
SmoothRunge,CPULinearSparse,108,0.096,1.60344e+06,623.658,8, 0.00939807,,0.00939807,0.00252934,0.00559152,
SmoothRunge,CPULinearSparse,112,0.107,1.79653e+06,556.629,8, 0.00761146,,0.00761146,0.00446056,0.00316718,
SmoothRunge,CPULinearSparse,116,0.127,2.00764e+06,498.097,8, 0.00744794,,0.00523055,0.00744794,0.00673435,
SmoothRunge,CPULinearSparse,120,0.145,2.21055e+06,452.377,8, 0.00555056,,0.0021043,0.00555056,0.00244793,
SmoothRunge,CPULinearSparse,124,0.153,2.44777e+06,408.536,8, 0.00453725,,0.0011978,0.00407781,0.00453725,
SmoothRunge,CPULinearSparse,128,0.169,2.71406e+06,368.451,8, 0.00443754,,0.00443754,0.00278909,0.00262301,
SmoothRunge,CPULinearSparse,132,0.203,3.09424e+06,323.181,8, 0.00557002,,0.00433537,0.00182165,0.00557002,
SmoothRunge,CPULinearSparse,136,0.221,3.32392e+06,300.85,8, 0.00626019,,0.00626019,0.00149389,0.00181602,
SmoothRunge,CPULinearSparse,140,0.246,3.6115e+06,276.894,8, 0.00608275,,0.00608275,0.0016587,0.00375339,
SmoothRunge,CPULinearSparse,144,0.268,3.90932e+06,255.799,8, 0.00497444,,0.00497444,0.00231022,0.00213524,
SmoothRunge,CPULinearSparse,148,0.291,4.36576e+06,229.055,8, 0.00461681,,0.00320378,0.00274798,0.00461681,
SmoothRunge,CPULinearSparse,152,0.316,4.62204e+06,216.355,8, 0.00302212,,0.00116562,0.00302212,0.0014277,
SmoothRunge,CPULinearSparse,156,0.339,5.07196e+06,197.162,8, 0.00323136,,0.00106447,0.00312867,0.00323136,
SmoothRunge,CPULinearSparse,160,0.363,5.34772e+06,186.996,8, 0.00337101,,0.00337101,0.00299729,0.00180861,
SmoothRunge,CPULinearSparse,164,0.411,5.82699e+06,171.615,8, 0.00390715,,0.00289886,0.00265477,0.00390715,
SmoothRunge,CPULinearSparse,168,0.429,6.23212e+06,160.459,8, 0.00428979,,0.00428979,0.00199439,0.00113104,
SmoothRunge,CPULinearSparse,172,0.473,6.6781e+06,149.743,8, 0.00425912,,0.00425912,0.00099622,0.00275546,
SmoothRunge,CPULinearSparse,176,0.485,7.14855e+06,139.888,8, 0.003458,,0.003458,0.00222699,0.00153793,
SmoothRunge,CPULinearSparse,180,0.519,7.71905e+06,129.55,8, 0.00392907,,0.00225295,0.00392907,0.00340093,
SmoothRunge,CPULinearSparse,184,0.55,8.20835e+06,121.827,8, 0.00291343,,0.000772253,0.00291343,0.000924855,
SmoothRunge,CPULinearSparse,188,0.605,8.57161e+06,116.664,8, 0.00241809,,0.000911427,0.00208837,0.00241809,
SmoothRunge,CPULinearSparse,192,0.621,9.11235e+06,109.741,8, 0.0027716,,0.0027716,0.00139585,0.00135364,
SmoothRunge,CPULinearSparse,196,0.69,9.78864e+06,102.159,8, 0.00296273,,0.00202989,0.000845955,0.00296273,
SmoothRunge,CPULinearSparse,200,0.708,1.05164e+07,95.0899,8, 0.00318144,,0.00318144,0.0006054,0.000769043,
SmoothRunge,CPULinearSparse,204,0.765,1.10991e+07,90.0973,8, 0.00321421,,0.00321421,0.000871634,0.00212124,
SmoothRunge,CPULinearSparse,208,0.824,1.19127e+07,83.944,8, 0.00260704,,0.00260704,0.00127292,0.00119649,
SmoothRunge,CPULinearSparse,212,0.848,1.25064e+07,79.9591,8, 0.00260746,,0.00166349,0.00154252,0.00260746,
SmoothRunge,CPULinearSparse,216,0.91,1.31312e+07,76.1547,8, 0.00172495,,0.000514808,0.00172495,0.000635138,
SmoothRunge,CPULinearSparse,220,0.978,1.38346e+07,72.2825,8, 0.00190536,,0.000845662,0.00180662,0.00190536,
SmoothRunge,CPULinearSparse,224,1.021,1.46166e+07,68.4153,8, 0.00228669,,0.00228669,0.00175806,0.00105399,
SmoothRunge,CPULinearSparse,228,1.099,1.55172e+07,64.4447,8, 0.00234703,,0.00155642,0.00156914,0.00234703,
SmoothRunge,CPULinearSparse,232,1.148,1.67974e+07,59.5329,8, 0.002497,,0.002497,0.00119958,0.000566797,
SmoothRunge,CPULinearSparse,236,1.223,1.72417e+07,57.999,8, 0.00247941,,0.00247941,0.000533956,0.00170665,
SmoothRunge,CPULinearSparse,240,1.251,1.80872e+07,55.2876,8, 0.00201877,,0.00201877,0.00136639,0.000974001,
SmoothRunge,CPULinearSparse,244,1.315,1.9187e+07,52.1186,8, 0.00249236,,0.00129426,0.00249236,0.00210538,
SmoothRunge,CPULinearSparse,248,1.335,1.99701e+07,50.0748,8, 0.00183668,,0.000362308,0.00183668,0.000531449,
SmoothRunge,CPULinearSparse,252,2.278,957148,1044.77,8, 1,,1,1,1,
SmoothRunge,CPULinearSparse,256,18.796,2.17859e+07,45.9013,8, 0.00192341,,0.00192341,0.0008798,0.000862084,
SmoothRunge,CPULinearSparse,260,19.697,2.3155e+07,43.1872,8, 0.00190188,,0.00121057,0.000513775,0.00190188,
SmoothRunge,CPULinearSparse,264,27.171,3.98092e+07,25.1199,8, 0.0019802,,0.0019802,0.000349262,0.000478857,
SmoothRunge,CPULinearSparse,268,1.804,2.55673e+07,39.1124,8, 0.00199643,,0.00199643,0.000569283,0.00142215,
SmoothRunge,CPULinearSparse,272,28.012,4.33125e+07,23.088,8, 0.00165053,,0.00165053,0.000829068,0.000781776,
SmoothRunge,CPULinearSparse,276,28.016,3.76241e+07,26.5787,8, 0.00173108,,0.00104961,0.0010193,0.00173108,
SmoothRunge,CPULinearSparse,280,28.636,3.00207e+07,33.3104,8, 0.00115671,,0.000262634,0.00115671,0.000421816,
SmoothRunge,CPULinearSparse,284,29.195,3.15245e+07,31.7213,8, 0.00129736,,0.000661296,0.00121299,0.00129736,
SmoothRunge,CPULinearSparse,288,30.537,3.25063e+07,30.7633,8, 0.00165465,,0.00165465,0.0011897,0.000720582,
SmoothRunge,CPULinearSparse,292,31.899,3.92914e+07,25.4508,8, 0.00159106,,0.000971859,0.00105375,0.00159106,
SmoothRunge,CPULinearSparse,296,40.314,3.53304e+07,28.3042,8, 0.00164777,,0.00164777,0.000786048,0.000375169,
SmoothRunge,CPULinearSparse,300,2.589,3.88681e+07,25.7281,8, 0.00166117,,0.00166117,0.000326167,0.00119678,
SmoothRunge,CPULinearSparse,304,35.508,3.85063e+07,25.9697,8, 0.00136507,,0.00136507,0.000957982,0.000662014,
SmoothRunge,CPULinearSparse,308,36.666,4.05367e+07,24.669,8, 0.00177053,,0.00083893,0.00177053,0.00146257,
SmoothRunge,CPULinearSparse,312,38.424,4.17597e+07,23.9466,8, 0.00130863,,0.000198898,0.00130863,0.00032729,
SmoothRunge,CPULinearSparse,316,46.779,4.48099e+07,22.3165,8, 0.00110375,,0.000578172,0.000914507,0.00110375,
SmoothRunge,CPULinearSparse,320,41.165,4.5631e+07,21.9149,8, 0.00143497,,0.00143497,0.000602389,0.000606877,
SmoothRunge,CPULinearSparse,324,43.334,4.86645e+07,20.5489,8, 0.00134598,,0.000802797,0.000334891,0.00134598,
SmoothRunge,CPULinearSparse,328,46.724,5.81697e+07,17.1911,8, 0.00137287,,0.00137287,0.000242148,0.000285691,
SmoothRunge,CPULinearSparse,332,46.795,6.15824e+07,16.2384,8, 0.00139718,,0.00139718,0.000397155,0.00102387,
SmoothRunge,CPULinearSparse,336,48.756,5.35907e+07,18.66,8, 0.00114398,,0.00114398,0.000588492,0.000565923,
SmoothRunge,CPULinearSparse,340,51.728,6.25348e+07,15.9911,8, 0.0012549,,0.00070938,0.00073817,0.0012549,
