functionName, calculator,N,initTime, calcTime, calcHz, bytes, maxError, blankColumn, err1, err2, err3, Blank
SmoothRunge,CPUDCTPadded,8,0.008,52407,19081.4,8, 0.154816,,0.0173715,0.154816,0.133135,
SmoothRunge,CPUDCTPadded,12,0.028,57601,17360.8,8, 0.0323687,,0.00541493,0.0323687,0.0283902,
SmoothRunge,CPUDCTPadded,16,0.013,72249,13841,8, 0.0101716,,0.00498753,0.0100019,0.0101716,
SmoothRunge,CPUDCTPadded,20,0.046,144059,6941.6,8, 0.00587498,,0.00324386,0.00439952,0.00587498,
SmoothRunge,CPUDCTPadded,24,0.043,230545,4337.55,8, 0.00284729,,0.0024955,0.00220078,0.00284729,
SmoothRunge,CPUDCTPadded,28,0.025,324993,3076.99,8, 0.00354684,,0.00180521,0.0015756,0.00354684,
SmoothRunge,CPUDCTPadded,32,0.026,399552,2502.8,8, 0.00317854,,0.00129772,0.00109144,0.00317854,
SmoothRunge,CPUDCTPadded,36,0.067,593743,1684.23,8, 0.00209689,,0.000848922,0.000800813,0.00209689,
SmoothRunge,CPUDCTPadded,40,0.073,635860,1572.67,8, 0.00136759,,0.00052147,0.000584923,0.00136759,
SmoothRunge,CPUDCTPadded,44,0.022,746903,1338.86,8, 0.00180188,,0.000563971,0.00058973,0.00180188,
SmoothRunge,CPUDCTPadded,48,0.079,955820,1046.22,8, 0.00172738,,0.000592713,0.000587121,0.00172738,
SmoothRunge,CPUDCTPadded,52,0.025,1.14449e+06,873.752,8, 0.00120735,,0.000574645,0.000580428,0.00120735,
SmoothRunge,CPUDCTPadded,56,0.044,1.30955e+06,763.622,8, 0.000857659,,0.000515461,0.000564821,0.000857659,
SmoothRunge,CPUDCTPadded,60,0.147,1.47668e+06,677.197,8, 0.00113855,,0.000433052,0.000541799,0.00113855,
SmoothRunge,CPUDCTPadded,64,0.031,1.48919e+06,671.504,8, 0.00111974,,0.000342853,0.000517005,0.00111974,
SmoothRunge,CPUDCTPadded,68,0.059,2.86069e+06,349.566,8, 0.000808402,,0.000251366,0.000485691,0.000808402,
SmoothRunge,CPUDCTPadded,72,0.116,2.28485e+06,437.665,8, 0.000601159,,0.000192826,0.00044987,0.000601159,
SmoothRunge,CPUDCTPadded,76,0.063,3.65089e+06,273.906,8, 0.000801681,,0.000233071,0.000413113,0.000801681,
SmoothRunge,CPUDCTPadded,80,0.121,3.00022e+06,333.309,8, 0.000800438,,0.000254156,0.000373034,0.000800438,
SmoothRunge,CPUDCTPadded,84,0.098,2.62713e+06,380.643,8, 0.000589438,,0.000255692,0.00033143,0.000589438,
SmoothRunge,CPUDCTPadded,88,0.06,3.68102e+06,271.664,8, 0.00045112,,0.000238317,0.00029029,0.00045112,
SmoothRunge,CPUDCTPadded,92,0.069,5.71777e+06,174.893,8, 0.00060346,,0.00020787,0.000249146,0.00060346,
SmoothRunge,CPUDCTPadded,96,0.136,4.33587e+06,230.634,8, 0.000608581,,0.000170278,0.000209889,0.000608581,
SmoothRunge,CPUDCTPadded,100,0.134,4.37186e+06,228.736,8, 0.000454179,,0.000129773,0.000173922,0.000454179,
SmoothRunge,CPUDCTPadded,104,0.05,5.23515e+06,191.017,8, 0.000354519,,0.000110487,0.000145342,0.000354519,
SmoothRunge,CPUDCTPadded,108,0.128,5.33362e+06,187.49,8, 0.000475319,,0.000134401,0.000157062,0.000475319,
SmoothRunge,CPUDCTPadded,112,0.06,5.29984e+06,188.685,8, 0.000482782,,0.000148727,0.000166684,0.000482782,
SmoothRunge,CPUDCTPadded,116,0.086,9.7862e+06,102.185,8, 0.000363777,,0.000151752,0.000174234,0.000363777,
SmoothRunge,CPUDCTPadded,120,0.238,6.5396e+06,152.915,8, 0.000288055,,0.000143711,0.000179122,0.000288055,
SmoothRunge,CPUDCTPadded,124,0.093,1.13696e+07,87.9539,8, 0.000386886,,0.000127446,0.00018122,0.000386886,
SmoothRunge,CPUDCTPadded,128,0.092,7.52981e+06,132.805,8, 0.000395062,,0.000105947,0.000180869,0.000395062,
SmoothRunge,CPUDCTPadded,132,0.117,8.22834e+06,121.531,8, 0.000299847,,8.21964e-05,0.000177643,0.000299847,
SmoothRunge,CPUDCTPadded,136,0.132,1.18354e+07,84.4925,8, 0.00024004,,7.3627e-05,0.000171719,0.00024004,
SmoothRunge,CPUDCTPadded,140,0.199,9.0035e+06,111.068,8, 0.000322843,,8.97916e-05,0.000163574,0.000322843,
SmoothRunge,CPUDCTPadded,144,0.126,9.82574e+06,101.774,8, 0.00033103,,0.000100019,0.000153123,0.00033103,
SmoothRunge,CPUDCTPadded,148,0.119,1.83222e+07,54.5785,8, 0.000252676,,0.000102867,0.000140796,0.000252676,
SmoothRunge,CPUDCTPadded,152,0.146,1.45269e+07,68.8376,8, 0.000204023,,9.83204e-05,0.000127154,0.000204023,
SmoothRunge,CPUDCTPadded,156,0.135,1.16093e+07,86.1381,8, 0.000274709,,8.80218e-05,0.000112498,0.000274709,
SmoothRunge,CPUDCTPadded,160,0.142,1.13231e+07,88.3151,8, 0.000282605,,7.3891e-05,9.75558e-05,0.000282605,
SmoothRunge,CPUDCTPadded,164,0.143,2.33131e+07,42.8943,8, 0.000216698,,5.79819e-05,8.31287e-05,0.000216698,
SmoothRunge,CPUDCTPadded,168,0.196,1.45733e+07,68.6186,8, 0.000176191,,5.35074e-05,7.17053e-05,0.000176191,
SmoothRunge,CPUDCTPadded,172,0.154,2.58186e+07,38.7317,8, 0.000237453,,6.53921e-05,7.87236e-05,0.000237453,
SmoothRunge,CPUDCTPadded,176,0.158,1.48185e+07,67.4834,8, 0.000244936,,7.31921e-05,8.49561e-05,0.000244936,
SmoothRunge,CPUDCTPadded,180,0.33,1.54037e+07,64.9193,8, 0.000188517,,7.56412e-05,9.02177e-05,0.000188517,
SmoothRunge,CPUDCTPadded,184,0.179,2.28476e+07,43.7682,8, 0.000154157,,7.27215e-05,9.42343e-05,0.000154157,
SmoothRunge,CPUDCTPadded,188,0.178,3.35854e+07,29.7748,8, 0.000207918,,6.54991e-05,9.68974e-05,0.000207918,
SmoothRunge,CPUDCTPadded,192,0.242,1.89901e+07,52.6591,8, 0.000214951,,5.53085e-05,9.81504e-05,0.000214951,
SmoothRunge,CPUDCTPadded,196,0.106,1.95452e+07,51.1635,8, 0.000165953,,4.36995e-05,9.78305e-05,0.000165953,
SmoothRunge,CPUDCTPadded,200,0.245,2.02254e+07,49.4428,8, 0.00013636,,4.11275e-05,9.59751e-05,0.00013636,
SmoothRunge,CPUDCTPadded,204,0.334,2.79014e+07,35.8405,8, 0.000184036,,5.03227e-05,9.26676e-05,0.000184036,
SmoothRunge,CPUDCTPadded,208,0.155,2.23139e+07,44.8151,8, 0.000190622,,5.64751e-05,8.79125e-05,0.000190622,
SmoothRunge,CPUDCTPadded,212,0.226,4.3004e+07,23.2537,8, 0.000147557,,5.85592e-05,8.1916e-05,0.000147557,
SmoothRunge,CPUDCTPadded,216,0.198,2.35319e+07,42.4955,8, 0.000121741,,5.6534e-05,7.49007e-05,0.000121741,
SmoothRunge,CPUDCTPadded,220,0.245,2.2841e+07,43.7809,8, 0.000164401,,5.11352e-05,6.70923e-05,0.000164401,
SmoothRunge,CPUDCTPadded,224,0.155,2.46666e+07,40.5406,8, 0.00017056,,4.33736e-05,5.89001e-05,0.00017056,
SmoothRunge,CPUDCTPadded,228,0.371,3.73303e+07,26.7879,8, 0.000132326,,3.44529e-05,5.0798e-05,0.000132326,
SmoothRunge,CPUDCTPadded,232,0.252,4.115e+07,24.3013,8, 0.00010956,,3.28783e-05,4.44504e-05,0.00010956,
SmoothRunge,CPUDCTPadded,236,0.298,6.17673e+07,16.1898,8, 0.000148024,,4.02708e-05,4.91596e-05,0.000148024,
SmoothRunge,CPUDCTPadded,240,0.418,3.01249e+07,33.1951,8, 0.000153786,,4.53003e-05,5.34585e-05,0.000153786,
SmoothRunge,CPUDCTPadded,244,0.312,6.27498e+07,15.9363,8, 0.000119547,,4.70868e-05,5.71904e-05,0.000119547,
SmoothRunge,CPUDCTPadded,248,0.282,5.04191e+07,19.8338,8, 9.92828e-05,,4.55962e-05,6.02001e-05,9.92828e-05,
SmoothRunge,CPUDCTPadded,252,0.302,3.40677e+07,29.3533,8, 0.000134197,,4.1373e-05,6.23834e-05,0.000134197,
SmoothRunge,CPUDCTPadded,256,0.262,3.60271e+07,27.7569,8, 0.000139591,,3.52072e-05,6.36537e-05,0.000139591,
SmoothRunge,CPUDCTPadded,260,0.296,3.46488e+07,28.861,8, 0.0001087,,2.8067e-05,6.39229e-05,0.0001087,
SmoothRunge,CPUDCTPadded,264,0.329,3.88634e+07,25.7312,8, 9.05175e-05,,2.70603e-05,6.31789e-05,9.05175e-05,
SmoothRunge,CPUDCTPadded,268,0.448,8.70246e+07,11.491,8, 0.000122397,,3.31699e-05,6.14273e-05,0.000122397,
SmoothRunge,CPUDCTPadded,272,0.357,5.0523e+07,19.793,8, 0.000127453,,3.73666e-05,5.86899e-05,0.000127453,
SmoothRunge,CPUDCTPadded,276,0.439,5.86341e+07,17.0549,8, 9.93999e-05,,3.89111e-05,5.507e-05,9.93999e-05,
SmoothRunge,CPUDCTPadded,280,0.417,4.45922e+07,22.4255,8, 8.297e-05,,3.77646e-05,5.06899e-05,8.297e-05,
SmoothRunge,CPUDCTPadded,284,0.501,9.42559e+07,10.6094,8, 0.000112229,,3.43467e-05,4.57161e-05,0.000112229,
SmoothRunge,CPUDCTPadded,288,0.303,4.53302e+07,22.0604,8, 0.000116977,,2.93048e-05,4.04059e-05,0.000116977,
SmoothRunge,CPUDCTPadded,292,0.498,1.00994e+08,9.90161,8, 9.13544e-05,,2.34336e-05,3.50792e-05,9.13544e-05,
SmoothRunge,CPUDCTPadded,296,0.401,7.84578e+07,12.7457,8, 7.6416e-05,,2.27735e-05,3.09521e-05,7.6416e-05,
SmoothRunge,CPUDCTPadded,300,0.373,4.93075e+07,20.2809,8, 0.000103396,,2.79339e-05,3.43745e-05,0.000103396,
SmoothRunge,CPUDCTPadded,304,0.413,6.55027e+07,15.2666,8, 0.000107862,,3.15117e-05,3.75422e-05,0.000107862,
SmoothRunge,CPUDCTPadded,308,0.276,5.04285e+07,19.83,8, 8.43385e-05,,3.28659e-05,4.034e-05,8.43385e-05,
SmoothRunge,CPUDCTPadded,312,0.358,5.65088e+07,17.6964,8, 7.06816e-05,,3.19547e-05,4.26548e-05,7.06816e-05,
SmoothRunge,CPUDCTPadded,316,0.601,1.25902e+08,7.94268,8, 9.56633e-05,,2.91189e-05,4.44021e-05,9.56633e-05,
SmoothRunge,CPUDCTPadded,320,0.451,5.62398e+07,17.781,8, 9.98718e-05,,2.48942e-05,4.55075e-05,9.98718e-05,
SmoothRunge,CPUDCTPadded,324,0.365,5.87929e+07,17.0088,8, 7.8177e-05,,1.99511e-05,4.59059e-05,7.8177e-05,
SmoothRunge,CPUDCTPadded,328,0.493,1.01919e+08,9.81173,8, 6.56301e-05,,1.95113e-05,4.55727e-05,6.56301e-05,
SmoothRunge,CPUDCTPadded,332,0.715,1.55224e+08,6.44232,8, 8.88488e-05,,2.39452e-05,4.45017e-05,8.88488e-05,
SmoothRunge,CPUDCTPadded,336,0.517,6.29147e+07,15.8945,8, 9.28219e-05,,2.70362e-05,4.27039e-05,9.28219e-05,
SmoothRunge,CPUDCTPadded,340,0.551,8.39991e+07,11.9049,8, 7.27308e-05,,2.82314e-05,4.02417e-05,7.27308e-05,
SmoothRunge,CPUDCTPadded,344,0.536,1.12905e+08,8.85698,8, 6.11529e-05,,2.74888e-05,3.71978e-05,6.11529e-05,
SmoothRunge,CPUDCTPadded,348,0.589,9.99192e+07,10.0081,8, 8.28063e-05,,2.50866e-05,3.36914e-05,8.28063e-05,
SmoothRunge,CPUDCTPadded,352,0.429,7.1992e+07,13.8904,8, 8.65641e-05,,2.14827e-05,2.99044e-05,8.65641e-05,
SmoothRunge,CPUDCTPadded,356,0.847,1.90141e+08,5.25926,8, 6.7889e-05,,1.72511e-05,2.60731e-05,6.7889e-05,
SmoothRunge,CPUDCTPadded,360,0.495,7.32494e+07,13.652,8, 5.71626e-05,,1.69587e-05,2.31299e-05,5.71626e-05,
SmoothRunge,CPUDCTPadded,364,0.356,7.31505e+07,13.6704,8, 7.74187e-05,,2.08217e-05,2.57559e-05,7.74187e-05,
SmoothRunge,CPUDCTPadded,368,0.548,1.01236e+08,9.87792,8, 8.09792e-05,,2.35304e-05,2.82095e-05,8.09792e-05,
SmoothRunge,CPUDCTPadded,372,0.679,1.19112e+08,8.39543,8, 6.35616e-05,,2.45963e-05,3.03989e-05,6.35616e-05,
SmoothRunge,CPUDCTPadded,376,0.639,1.41662e+08,7.05908,8, 5.35881e-05,,2.39777e-05,3.22379e-05,5.35881e-05,
SmoothRunge,CPUDCTPadded,380,0.635,1.06875e+08,9.35675,8, 7.2591e-05,,2.19105e-05,3.36595e-05,7.2591e-05,
SmoothRunge,CPUDCTPadded,384,0.552,8.21595e+07,12.1714,8, 7.597e-05,,1.87906e-05,3.45996e-05,7.597e-05,
SmoothRunge,CPUDCTPadded,388,1.013,2.24994e+08,4.44456,8, 5.96751e-05,,1.51123e-05,3.5006e-05,5.96751e-05,
SmoothRunge,CPUDCTPadded,392,0.355,8.4324e+07,11.859,8, 5.03711e-05,,1.49189e-05,3.48563e-05,5.03711e-05,
SmoothRunge,CPUDCTPadded,396,0.581,9.19555e+07,10.8748,8, 6.8245e-05,,1.8324e-05,3.41367e-05,6.8245e-05,
SmoothRunge,CPUDCTPadded,400,0.459,9.00176e+07,11.1089,8, 7.14569e-05,,2.07211e-05,3.28534e-05,7.14569e-05,
SmoothRunge,CPUDCTPadded,404,1.095,2.53901e+08,3.93854,8, 5.61693e-05,,2.16771e-05,3.10503e-05,5.61693e-05,
SmoothRunge,CPUDCTPadded,408,0.874,1.23845e+08,8.07462,8, 4.74637e-05,,2.11528e-05,2.87845e-05,4.74637e-05,
SmoothRunge,CPUDCTPadded,412,1.158,2.69085e+08,3.71629,8, 6.4316e-05,,1.93481e-05,2.61474e-05,6.4316e-05,
SmoothRunge,CPUDCTPadded,416,0.526,1.04898e+08,9.53306,8, 6.73735e-05,,1.66126e-05,2.3277e-05,6.73735e-05,
SmoothRunge,CPUDCTPadded,420,0.831,9.48126e+07,10.5471,8, 5.29938e-05,,1.33794e-05,2.03547e-05,5.29938e-05,
SmoothRunge,CPUDCTPadded,424,0.857,1.96866e+08,5.07959,8, 4.48255e-05,,1.32568e-05,1.81248e-05,4.48255e-05,
SmoothRunge,CPUDCTPadded,428,1.324,3.00116e+08,3.33204,8, 6.07502e-05,,1.62872e-05,2.02209e-05,6.07502e-05,
SmoothRunge,CPUDCTPadded,432,0.536,1.08099e+08,9.25081,8, 6.36647e-05,,1.84294e-05,2.21913e-05,6.36647e-05,
SmoothRunge,CPUDCTPadded,436,1.476,3.27958e+08,3.04917,8, 5.01066e-05,,1.92949e-05,2.39617e-05,5.01066e-05,
SmoothRunge,CPUDCTPadded,440,0.675,1.13662e+08,8.79805,8, 4.24228e-05,,1.88445e-05,2.54649e-05,4.24228e-05,
SmoothRunge,CPUDCTPadded,444,0.95,1.91341e+08,5.22629,8, 5.7502e-05,,1.72519e-05,2.66443e-05,5.7502e-05,
SmoothRunge,CPUDCTPadded,448,0.616,1.16601e+08,8.57623,8, 6.02842e-05,,1.48287e-05,2.74457e-05,6.02842e-05,
SmoothRunge,CPUDCTPadded,452,1.493,3.52368e+08,2.83794,8, 4.74724e-05,,1.19559e-05,2.78278e-05,4.74724e-05,
SmoothRunge,CPUDCTPadded,456,1.003,1.58669e+08,6.30244,8, 4.02273e-05,,1.18827e-05,2.77681e-05,4.02273e-05,
SmoothRunge,CPUDCTPadded,460,0.85,1.65067e+08,6.05814,8, 5.45334e-05,,1.46028e-05,2.72516e-05,5.45334e-05,
SmoothRunge,CPUDCTPadded,464,0.829,1.74804e+08,5.72069,8, 5.71926e-05,,1.65308e-05,2.62832e-05,5.71926e-05,
SmoothRunge,CPUDCTPadded,468,0.767,1.34377e+08,7.44177,8, 4.50612e-05,,1.73175e-05,2.48933e-05,4.50612e-05,
SmoothRunge,CPUDCTPadded,472,1.055,2.42385e+08,4.12566,8, 3.82149e-05,,1.69257e-05,2.31251e-05,3.82149e-05,
SmoothRunge,CPUDCTPadded,476,0.762,1.5731e+08,6.35689,8, 5.18117e-05,,1.55073e-05,2.10516e-05,5.18117e-05,
SmoothRunge,CPUDCTPadded,480,0.918,1.32375e+08,7.55428,8, 5.43566e-05,,1.33404e-05,1.87811e-05,5.43566e-05,
SmoothRunge,CPUDCTPadded,484,0.708,1.48403e+08,6.73839,8, 4.28474e-05,,1.07665e-05,1.64584e-05,4.28474e-05,
SmoothRunge,CPUDCTPadded,488,1.137,2.63548e+08,3.79437,8, 3.63648e-05,,1.07299e-05,1.46965e-05,3.63648e-05,
SmoothRunge,CPUDCTPadded,492,1.151,2.37131e+08,4.21707,8, 4.93091e-05,,1.31891e-05,1.6419e-05,4.93091e-05,
SmoothRunge,CPUDCTPadded,496,0.95,2.05604e+08,4.86371,8, 5.17474e-05,,1.49367e-05,1.80452e-05,5.17474e-05,
SmoothRunge,CPUDCTPadded,500,0.715,1.46602e+08,6.82121,8, 4.08092e-05,,1.56572e-05,1.95144e-05,4.08092e-05,
SmoothRunge,CPUDCTPadded,504,0.652,1.44106e+08,6.93934,8, 3.46594e-05,,1.53126e-05,2.07709e-05,3.46594e-05,
SmoothRunge,CPUDCTPadded,508,1.487,5.10919e+08,1.95726,8, 4.70017e-05,,1.4039e-05,2.17671e-05,4.70017e-05,
SmoothRunge,CPUDCTPadded,512,0.819,1.50282e+08,6.65415,8, 4.93405e-05,,1.20872e-05,2.24574e-05,4.93405e-05,
SmoothRunge,CPUDCTPadded,516,1.267,2.75768e+08,3.62624,8, 3.89275e-05,,9.76372e-06,2.28066e-05,3.89275e-05,
