functionName, calculator,N,initTime, calcTime, calcHz, bytes, maxError, blankColumn, err1, err2, err3, Blank
NonsmoothRungeAbs,CPUBicubicSparse,8,0.109,92499,10810.9,8, 0.0988643,,0.0740217,0.0988643,0.0727927,
NonsmoothRungeAbs,CPUBicubicSparse,12,0.136,45039,22203,8, 0.0313598,,0.0243146,0.0313598,0.029515,
NonsmoothRungeAbs,CPUBicubicSparse,16,0.175,85192,11738.2,8, 0.0144296,,0.0144275,0.00960404,0.0144296,
NonsmoothRungeAbs,CPUBicubicSparse,20,0.062,137174,7290.01,8, 0.0112397,,0.0112397,0.00633232,0.0100476,
NonsmoothRungeAbs,CPUBicubicSparse,24,0.009,191125,5232.18,8, 0.0121237,,0.0100895,0.00625856,0.0121237,
NonsmoothRungeAbs,CPUBicubicSparse,28,0.013,271338,3685.44,8, 0.0138482,,0.0138482,0.00484337,0.0119527,
NonsmoothRungeAbs,CPUBicubicSparse,32,3.565,426520,2344.56,8, 0.0155313,,0.0155313,0.00441243,0.00507783,
NonsmoothRungeAbs,CPUBicubicSparse,36,0.033,611937,1634.16,8, 0.00834258,,0.00834258,0.00408669,0.00503771,
NonsmoothRungeAbs,CPUBicubicSparse,40,0.046,834024,1199.01,8, 0.00790779,,0.00534124,0.00409766,0.00790779,
NonsmoothRungeAbs,CPUBicubicSparse,44,0.052,1.05627e+06,946.726,8, 0.0084215,,0.0036548,0.00430872,0.0084215,
NonsmoothRungeAbs,CPUBicubicSparse,48,0.066,1.36007e+06,735.257,8, 0.00495655,,0.00351925,0.00495655,0.00359077,
NonsmoothRungeAbs,CPUBicubicSparse,52,0.095,1.6671e+06,599.844,8, 0.00565916,,0.00431199,0.00565916,0.00405941,
NonsmoothRungeAbs,CPUBicubicSparse,56,0.117,2.10572e+06,474.896,8, 0.00597294,,0.00597294,0.00500834,0.0059538,
NonsmoothRungeAbs,CPUBicubicSparse,60,0.142,2.56085e+06,390.496,8, 0.00766466,,0.00766466,0.00425262,0.00647963,
NonsmoothRungeAbs,CPUBicubicSparse,64,0.185,3.20677e+06,311.841,8, 0.00860007,,0.00860007,0.00353921,0.002931,
NonsmoothRungeAbs,CPUBicubicSparse,68,0.229,3.92122e+06,255.023,8, 0.00520665,,0.00520665,0.00290825,0.00344819,
NonsmoothRungeAbs,CPUBicubicSparse,72,0.271,5.3645e+06,186.411,8, 0.00488028,,0.00399017,0.00236524,0.00488028,
NonsmoothRungeAbs,CPUBicubicSparse,76,0.313,6.21714e+06,160.846,8, 0.00526794,,0.00316981,0.00189685,0.00526794,
NonsmoothRungeAbs,CPUBicubicSparse,80,0.366,6.45782e+06,154.851,8, 0.00247982,,0.00247982,0.00159563,0.00243885,
NonsmoothRungeAbs,CPUBicubicSparse,84,0.422,7.53294e+06,132.75,8, 0.00298495,,0.00279118,0.00161118,0.00298495,
NonsmoothRungeAbs,CPUBicubicSparse,88,0.485,9.68575e+06,103.244,8, 0.00420608,,0.00404054,0.00164068,0.00420608,
NonsmoothRungeAbs,CPUBicubicSparse,92,0.544,1.09391e+07,91.4151,8, 0.0053616,,0.0053616,0.00169248,0.00447068,
NonsmoothRungeAbs,CPUBicubicSparse,96,0.621,1.12682e+07,88.7455,8, 0.00619263,,0.00619263,0.00174885,0.00208862,
NonsmoothRungeAbs,CPUBicubicSparse,100,0.716,1.61028e+07,62.1011,8, 0.00386129,,0.00386129,0.00183367,0.00260139,
NonsmoothRungeAbs,CPUBicubicSparse,104,0.827,1.46737e+07,68.1489,8, 0.0037242,,0.00300783,0.00195873,0.0037242,
NonsmoothRungeAbs,CPUBicubicSparse,108,0.969,1.64562e+07,60.7675,8, 0.00392633,,0.0024865,0.00215356,0.00392633,
NonsmoothRungeAbs,CPUBicubicSparse,112,1.047,1.99281e+07,50.1804,8, 0.00256703,,0.00214309,0.00256703,0.00184985,
NonsmoothRungeAbs,CPUBicubicSparse,116,1.242,2.02653e+07,49.3454,8, 0.00298705,,0.0021179,0.00298705,0.00228548,
NonsmoothRungeAbs,CPUBicubicSparse,120,1.268,2.4049e+07,41.5818,8, 0.00333339,,0.00310643,0.00270101,0.00333339,
NonsmoothRungeAbs,CPUBicubicSparse,124,1.402,2.45162e+07,40.7893,8, 0.00417027,,0.00417027,0.00238907,0.00352924,
NonsmoothRungeAbs,CPUBicubicSparse,128,1.589,2.90605e+07,34.4109,8, 0.00487157,,0.00487157,0.00200013,0.0016844,
NonsmoothRungeAbs,CPUBicubicSparse,132,1.726,2.99759e+07,33.3601,8, 0.00308786,,0.00308786,0.00171168,0.00204271,
NonsmoothRungeAbs,CPUBicubicSparse,136,1.868,3.5133e+07,28.4633,8, 0.00299997,,0.00243504,0.0013617,0.00299997,
NonsmoothRungeAbs,CPUBicubicSparse,140,2.08,3.80744e+07,26.2643,8, 0.00321684,,0.00202472,0.00116132,0.00321684,
NonsmoothRungeAbs,CPUBicubicSparse,144,2.282,4.86345e+07,20.5615,8, 0.00178739,,0.00178739,0.00101428,0.00155889,
NonsmoothRungeAbs,CPUBicubicSparse,148,2.459,4.24088e+07,23.58,8, 0.00186058,,0.00171526,0.00107132,0.00186058,
NonsmoothRungeAbs,CPUBicubicSparse,152,2.617,4.58886e+07,21.7919,8, 0.00272193,,0.00251768,0.00109416,0.00272193,
NonsmoothRungeAbs,CPUBicubicSparse,156,2.789,5.22983e+07,19.1211,8, 0.00340117,,0.00340117,0.00117219,0.0029496,
NonsmoothRungeAbs,CPUBicubicSparse,160,3.079,5.6456e+07,17.7129,8, 0.00403695,,0.00403695,0.0012644,0.00145097,
NonsmoothRungeAbs,CPUBicubicSparse,164,3.262,5.79052e+07,17.2696,8, 0.00255643,,0.00255643,0.00138654,0.00192468,
NonsmoothRungeAbs,CPUBicubicSparse,168,3.47,6.60646e+07,15.1367,8, 0.00249746,,0.0020213,0.00174272,0.00249746,
NonsmoothRungeAbs,CPUBicubicSparse,172,3.817,7.01635e+07,14.2524,8, 0.00272564,,0.00171059,0.00178161,0.00272564,
NonsmoothRungeAbs,CPUBicubicSparse,176,3.965,7.49135e+07,13.3487,8, 0.00208969,,0.00152605,0.00208969,0.00181338,
NonsmoothRungeAbs,CPUBicubicSparse,180,4.206,7.60124e+07,13.1558,8, 0.0023234,,0.00145556,0.0023234,0.00191702,
NonsmoothRungeAbs,CPUBicubicSparse,184,4.464,8.49933e+07,11.7656,8, 0.00246344,,0.00214573,0.00239461,0.00246344,
NonsmoothRungeAbs,CPUBicubicSparse,188,4.68,9.0201e+07,11.0863,8, 0.00301399,,0.00293135,0.00224533,0.00301399,
NonsmoothRungeAbs,CPUBicubicSparse,192,4.987,9.61728e+07,10.3979,8, 0.00352325,,0.00352325,0.00201865,0.00217939,
NonsmoothRungeAbs,CPUBicubicSparse,196,5.383,1.02894e+08,9.71877,8, 0.00243439,,0.00221293,0.00226632,0.00243439,
NonsmoothRungeAbs,CPUBicubicSparse,200,5.874,1.09322e+08,9.14732,8, 0.00299361,,0.00186012,0.00133325,0.00299361,
NonsmoothRungeAbs,CPUBicubicSparse,204,6.063,1.15173e+08,8.68262,8, 0.0031503,,0.00156356,0.00188396,0.0031503,
