functionName, calculator,N,initTime, calcTime, calcHz, bytes, maxError, blankColumn, err1, err2, err3, Blank
SmoothRunge,CPUDCTPadded,8,0.007,44911,22266.3,4, 0.154816,,0.0173714,0.154816,0.133135,
SmoothRunge,CPUDCTPadded,12,0.028,47381,21105.5,4, 0.0323688,,0.00541495,0.0323688,0.0283904,
SmoothRunge,CPUDCTPadded,16,0.013,61057,16378.1,4, 0.0101716,,0.00498749,0.0100019,0.0101716,
SmoothRunge,CPUDCTPadded,20,0.043,144490,6920.89,4, 0.00587509,,0.00324386,0.00439965,0.00587509,
SmoothRunge,CPUDCTPadded,24,0.043,172024,5813.14,4, 0.00284723,,0.00249548,0.00220084,0.00284723,
SmoothRunge,CPUDCTPadded,28,0.027,258393,3870.07,4, 0.003547,,0.00180521,0.00157574,0.003547,
SmoothRunge,CPUDCTPadded,32,0.027,289611,3452.91,4, 0.00317853,,0.00129773,0.00109157,0.00317853,
SmoothRunge,CPUDCTPadded,36,0.066,389457,2567.68,4, 0.00209675,,0.000848926,0.000800655,0.00209675,
SmoothRunge,CPUDCTPadded,40,0.072,528211,1893.18,4, 0.00136749,,0.000521462,0.000584938,0.00136749,
SmoothRunge,CPUDCTPadded,44,0.022,656617,1522.96,4, 0.00180189,,0.000563961,0.000589743,0.00180189,
SmoothRunge,CPUDCTPadded,48,0.076,757601,1319.96,4, 0.00172731,,0.000592714,0.000587026,0.00172731,
SmoothRunge,CPUDCTPadded,52,0.024,922164,1084.41,4, 0.00120724,,0.000574614,0.000580228,0.00120724,
SmoothRunge,CPUDCTPadded,56,0.045,928171,1077.39,4, 0.000857789,,0.000515453,0.000564889,0.000857789,
SmoothRunge,CPUDCTPadded,60,0.145,1.20922e+06,826.982,4, 0.00113836,,0.000433031,0.000541591,0.00113836,
SmoothRunge,CPUDCTPadded,64,0.03,1.24124e+06,805.643,4, 0.00111962,,0.000342866,0.000516978,0.00111962,
SmoothRunge,CPUDCTPadded,68,0.059,2.41827e+06,413.519,4, 0.00080799,,0.000251362,0.000485648,0.00080799,
SmoothRunge,CPUDCTPadded,72,0.113,1.65375e+06,604.687,4, 0.000601291,,0.000192826,0.000449862,0.000601291,
SmoothRunge,CPUDCTPadded,76,0.065,3.1224e+06,320.267,4, 0.000801372,,0.000233056,0.000413013,0.000801372,
SmoothRunge,CPUDCTPadded,80,0.122,2.05682e+06,486.188,4, 0.000800668,,0.000254151,0.000373208,0.000800668,
SmoothRunge,CPUDCTPadded,84,0.061,2.53822e+06,393.977,4, 0.000588901,,0.00025571,0.000330972,0.000588901,
SmoothRunge,CPUDCTPadded,88,0.069,2.62261e+06,381.299,4, 0.000450829,,0.000238298,0.000290054,0.000450829,
SmoothRunge,CPUDCTPadded,92,0.075,4.82535e+06,207.239,4, 0.0006034,,0.000207866,0.000249157,0.0006034,
SmoothRunge,CPUDCTPadded,96,0.089,3.16922e+06,315.535,4, 0.000609073,,0.000170236,0.000210101,0.000609073,
SmoothRunge,CPUDCTPadded,100,0.136,3.27749e+06,305.112,4, 0.000454459,,0.000129752,0.000174119,0.000454459,
SmoothRunge,CPUDCTPadded,104,0.056,3.82595e+06,261.373,4, 0.000354104,,0.000110494,0.00014492,0.000354104,
SmoothRunge,CPUDCTPadded,108,0.131,4.25582e+06,234.972,4, 0.000475627,,0.000134394,0.000157402,0.000475627,
SmoothRunge,CPUDCTPadded,112,0.092,3.74796e+06,266.812,4, 0.000482344,,0.000148709,0.000166386,0.000482344,
SmoothRunge,CPUDCTPadded,116,0.096,8.53005e+06,117.233,4, 0.000364152,,0.000151759,0.000174378,0.000364152,
SmoothRunge,CPUDCTPadded,120,0.244,4.60819e+06,217.005,4, 0.00028798,,0.000143675,0.000178932,0.00028798,
SmoothRunge,CPUDCTPadded,124,0.104,9.70559e+06,103.033,4, 0.000386046,,0.000127444,0.000180466,0.000386046,
SmoothRunge,CPUDCTPadded,128,0.08,5.7092e+06,175.156,4, 0.000394506,,0.00010594,0.000180372,0.000394506,
SmoothRunge,CPUDCTPadded,132,0.117,6.94135e+06,144.064,4, 0.000300115,,8.22026e-05,0.000177582,0.000300115,
SmoothRunge,CPUDCTPadded,136,0.138,1.02136e+07,97.9091,4, 0.000239725,,7.36164e-05,0.000171542,0.000239725,
SmoothRunge,CPUDCTPadded,140,0.157,7.27486e+06,137.46,4, 0.00032353,,8.97551e-05,0.000164217,0.00032353,
SmoothRunge,CPUDCTPadded,144,0.194,7.76649e+06,128.758,4, 0.000330524,,0.000100025,0.00015301,0.000330524,
SmoothRunge,CPUDCTPadded,148,0.131,1.46364e+07,68.3226,4, 0.00025172,,0.000102896,0.000140484,0.00025172,
SmoothRunge,CPUDCTPadded,152,0.153,1.26219e+07,79.2271,4, 0.000204639,,9.82974e-05,0.000127826,0.000204639,
SmoothRunge,CPUDCTPadded,156,0.137,9.86817e+06,101.336,4, 0.000273936,,8.80302e-05,0.000111805,0.000273936,
SmoothRunge,CPUDCTPadded,160,0.147,9.65619e+06,103.561,4, 0.000282105,,7.38758e-05,9.7163e-05,0.000282105,
SmoothRunge,CPUDCTPadded,164,0.155,2.11372e+07,47.31,4, 0.000216058,,5.80193e-05,8.27617e-05,0.000216058,
SmoothRunge,CPUDCTPadded,168,0.25,1.13174e+07,88.3594,4, 0.000177131,,5.35118e-05,7.26531e-05,0.000177131,
SmoothRunge,CPUDCTPadded,172,0.166,2.31217e+07,43.2495,4, 0.000238454,,6.53666e-05,7.96772e-05,0.000238454,
SmoothRunge,CPUDCTPadded,176,0.165,1.25287e+07,79.8164,4, 0.000245562,,7.3163e-05,8.5165e-05,0.000245562,
SmoothRunge,CPUDCTPadded,180,0.329,1.24977e+07,80.0144,4, 0.000188957,,7.56061e-05,9.0707e-05,0.000188957,
SmoothRunge,CPUDCTPadded,184,0.181,2.05784e+07,48.5947,4, 0.000155068,,7.27065e-05,9.47005e-05,0.000155068,
SmoothRunge,CPUDCTPadded,188,0.183,2.9755e+07,33.6078,4, 0.000206859,,6.55327e-05,9.63891e-05,0.000206859,
SmoothRunge,CPUDCTPadded,192,0.238,1.50434e+07,66.4743,4, 0.000215565,,5.52512e-05,9.83664e-05,0.000215565,
SmoothRunge,CPUDCTPadded,196,0.108,1.60263e+07,62.3976,4, 0.000165841,,4.37155e-05,9.783e-05,0.000165841,
SmoothRunge,CPUDCTPadded,200,0.241,1.47835e+07,67.6428,4, 0.00013528,,4.11395e-05,9.48907e-05,0.00013528,
SmoothRunge,CPUDCTPadded,204,0.345,2.424e+07,41.2541,4, 0.000185111,,5.0324e-05,9.35937e-05,0.000185111,
SmoothRunge,CPUDCTPadded,208,0.153,1.85917e+07,53.7873,4, 0.000191025,,5.64623e-05,8.79092e-05,0.000191025,
SmoothRunge,CPUDCTPadded,212,0.241,3.79584e+07,26.3446,4, 0.000149079,,5.85323e-05,8.31438e-05,0.000149079,
SmoothRunge,CPUDCTPadded,216,0.256,1.88344e+07,53.0942,4, 0.000120845,,5.6519e-05,7.41443e-05,0.000120845,
SmoothRunge,CPUDCTPadded,220,0.249,1.83669e+07,54.4458,4, 0.000165221,,5.11003e-05,6.75479e-05,0.000165221,
SmoothRunge,CPUDCTPadded,224,0.154,1.8128e+07,55.1633,4, 0.000169967,,4.33947e-05,5.87369e-05,0.000169967,
SmoothRunge,CPUDCTPadded,228,0.376,3.13777e+07,31.8697,4, 0.000133111,,3.4445e-05,5.166e-05,0.000133111,
SmoothRunge,CPUDCTPadded,232,0.254,3.49472e+07,28.6146,4, 0.000109191,,3.2921e-05,4.44844e-05,0.000109191,
SmoothRunge,CPUDCTPadded,236,0.304,5.03853e+07,19.8471,4, 0.000149073,,4.02653e-05,5.00687e-05,0.000149073,
SmoothRunge,CPUDCTPadded,240,0.418,2.29685e+07,43.5379,4, 0.000152779,,4.53228e-05,5.2718e-05,0.000152779,
SmoothRunge,CPUDCTPadded,244,0.328,5.5281e+07,18.0894,4, 0.000119092,,4.70879e-05,5.66165e-05,0.000119092,
SmoothRunge,CPUDCTPadded,248,0.285,4.55011e+07,21.9775,4, 9.99539e-05,,4.55906e-05,6.08541e-05,9.99539e-05,
SmoothRunge,CPUDCTPadded,252,0.303,2.69398e+07,37.1198,4, 0.000134134,,4.13282e-05,6.24451e-05,0.000134134,
SmoothRunge,CPUDCTPadded,256,0.242,2.64477e+07,37.8105,4, 0.000139477,,3.52217e-05,6.3647e-05,0.000139477,
SmoothRunge,CPUDCTPadded,260,0.297,2.66807e+07,37.4803,4, 0.000110153,,2.80303e-05,6.5042e-05,0.000110153,
SmoothRunge,CPUDCTPadded,264,0.349,2.93823e+07,34.0341,4, 8.95348e-05,,2.70906e-05,6.28764e-05,8.95348e-05,
SmoothRunge,CPUDCTPadded,268,0.398,7.79133e+07,12.8348,4, 0.000122182,,3.31423e-05,6.11896e-05,0.000122182,
SmoothRunge,CPUDCTPadded,272,0.359,4.15728e+07,24.0542,4, 0.000126653,,3.73829e-05,5.81086e-05,0.000126653,
SmoothRunge,CPUDCTPadded,276,0.463,4.87063e+07,20.5312,4, 9.83827e-05,,3.89167e-05,5.40658e-05,9.83827e-05,
SmoothRunge,CPUDCTPadded,280,0.474,2.91747e+07,34.2763,4, 8.43252e-05,,3.77202e-05,5.18989e-05,8.43252e-05,
SmoothRunge,CPUDCTPadded,284,0.459,9.05811e+07,11.0398,4, 0.00011314,,3.43396e-05,4.65078e-05,0.00011314,
SmoothRunge,CPUDCTPadded,288,0.394,3.4249e+07,29.1979,4, 0.000115896,,2.93023e-05,3.99603e-05,0.000115896,
SmoothRunge,CPUDCTPadded,292,0.491,9.74293e+07,10.2639,4, 9.03928e-05,,2.34552e-05,3.47595e-05,9.03928e-05,
SmoothRunge,CPUDCTPadded,296,0.398,6.67e+07,14.9925,4, 7.75178e-05,,2.27712e-05,3.18225e-05,7.75178e-05,
SmoothRunge,CPUDCTPadded,300,0.485,3.39748e+07,29.4336,4, 0.000102163,,2.79717e-05,3.33636e-05,0.000102163,
SmoothRunge,CPUDCTPadded,304,0.417,5.26851e+07,18.9807,4, 0.000108529,,3.14957e-05,3.77922e-05,0.000108529,
SmoothRunge,CPUDCTPadded,308,0.291,3.80626e+07,26.2725,4, 8.57546e-05,,3.28613e-05,4.14513e-05,8.57546e-05,
SmoothRunge,CPUDCTPadded,312,0.355,4.30503e+07,23.2287,4, 6.9931e-05,,3.19233e-05,4.18855e-05,6.9931e-05,
SmoothRunge,CPUDCTPadded,316,0.573,1.11454e+08,8.97235,4, 9.54857e-05,,2.91043e-05,4.42445e-05,9.54857e-05,
SmoothRunge,CPUDCTPadded,320,0.324,4.0415e+07,24.7433,4, 9.8993e-05,,2.49376e-05,4.52551e-05,9.8993e-05,
SmoothRunge,CPUDCTPadded,324,0.307,4.615e+07,21.6685,4, 7.90769e-05,,1.99366e-05,4.62664e-05,7.90769e-05,
SmoothRunge,CPUDCTPadded,328,0.476,7.99101e+07,12.5141,4, 6.61507e-05,,1.9521e-05,4.61209e-05,6.61507e-05,
SmoothRunge,CPUDCTPadded,332,0.675,1.38028e+08,7.24492,4, 8.97957e-05,,2.3953e-05,4.5495e-05,8.97957e-05,
SmoothRunge,CPUDCTPadded,336,0.521,4.76967e+07,20.9658,4, 9.04965e-05,,2.7095e-05,4.13552e-05,9.04965e-05,
SmoothRunge,CPUDCTPadded,340,0.579,6.16659e+07,16.2164,4, 7.39323e-05,,2.81926e-05,4.05365e-05,7.39323e-05,
SmoothRunge,CPUDCTPadded,344,0.518,8.88201e+07,11.2587,4, 6.00839e-05,,2.75425e-05,3.67817e-05,6.00839e-05,
SmoothRunge,CPUDCTPadded,348,0.611,8.40424e+07,11.8988,4, 8.41964e-05,,2.50715e-05,3.44233e-05,8.41964e-05,
SmoothRunge,CPUDCTPadded,352,0.484,5.02265e+07,19.9098,4, 8.77422e-05,,2.14468e-05,3.03304e-05,8.77422e-05,
SmoothRunge,CPUDCTPadded,356,0.81,1.67757e+08,5.96099,4, 7.00219e-05,,1.71916e-05,2.75379e-05,7.00219e-05,
SmoothRunge,CPUDCTPadded,360,0.492,5.33956e+07,18.7281,4, 5.59657e-05,,1.70218e-05,2.29644e-05,5.59657e-05,
SmoothRunge,CPUDCTPadded,364,0.349,5.343e+07,18.7161,4, 7.5453e-05,,2.08655e-05,2.46972e-05,7.5453e-05,
SmoothRunge,CPUDCTPadded,368,0.542,8.15728e+07,12.259,4, 8.14283e-05,,2.35413e-05,2.85969e-05,8.14283e-05,
SmoothRunge,CPUDCTPadded,372,0.584,9.82213e+07,10.1811,4, 6.15257e-05,,2.46672e-05,2.87898e-05,6.15257e-05,
SmoothRunge,CPUDCTPadded,376,0.611,1.12718e+08,8.87167,4, 5.11331e-05,,2.40411e-05,3.07155e-05,5.11331e-05,
SmoothRunge,CPUDCTPadded,380,0.637,8.64937e+07,11.5615,4, 7.10097e-05,,2.19325e-05,3.22563e-05,7.10097e-05,
SmoothRunge,CPUDCTPadded,384,0.519,6.1201e+07,16.3396,4, 7.33738e-05,,1.88484e-05,3.3123e-05,7.33738e-05,
SmoothRunge,CPUDCTPadded,388,1.022,2.02917e+08,4.92813,4, 6.01356e-05,,1.50845e-05,3.54332e-05,6.01356e-05,
SmoothRunge,CPUDCTPadded,392,0.337,6.09645e+07,16.403,4, 5.07824e-05,,1.49053e-05,3.54332e-05,5.07824e-05,
SmoothRunge,CPUDCTPadded,396,0.61,6.91578e+07,14.4597,4, 6.90739e-05,,1.83101e-05,3.49038e-05,6.90739e-05,
SmoothRunge,CPUDCTPadded,400,0.457,6.79433e+07,14.7182,4, 7.02818e-05,,2.07807e-05,3.24483e-05,7.02818e-05,
SmoothRunge,CPUDCTPadded,404,1.254,2.29121e+08,4.3645,4, 5.78622e-05,,2.16513e-05,3.16301e-05,5.78622e-05,
SmoothRunge,CPUDCTPadded,408,0.876,1.01475e+08,9.85466,4, 4.64175e-05,,2.12122e-05,2.83085e-05,4.64175e-05,
SmoothRunge,CPUDCTPadded,412,1.228,2.42419e+08,4.12509,4, 6.51374e-05,,1.93426e-05,2.6816e-05,6.51374e-05,
SmoothRunge,CPUDCTPadded,416,0.516,7.88469e+07,12.6828,4, 6.66182e-05,,1.66036e-05,2.25792e-05,6.66182e-05,
SmoothRunge,CPUDCTPadded,420,0.814,7.5562e+07,13.2342,4, 5.11069e-05,,1.34307e-05,1.8824e-05,5.11069e-05,
SmoothRunge,CPUDCTPadded,424,0.842,1.68152e+08,5.94701,4, 4.62226e-05,,1.32907e-05,1.94978e-05,4.62226e-05,
SmoothRunge,CPUDCTPadded,428,1.331,2.71143e+08,3.68809,4, 6.28509e-05,,1.62907e-05,2.21457e-05,6.28509e-05,
SmoothRunge,CPUDCTPadded,432,0.52,7.93833e+07,12.5971,4, 6.67091e-05,,1.83814e-05,2.40716e-05,6.67091e-05,
SmoothRunge,CPUDCTPadded,436,1.47,2.87713e+08,3.47569,4, 5.14837e-05,,1.92496e-05,2.43604e-05,5.14837e-05,
SmoothRunge,CPUDCTPadded,440,0.687,8.58386e+07,11.6498,4, 4.46116e-05,,1.88308e-05,2.74418e-05,4.46116e-05,
SmoothRunge,CPUDCTPadded,444,0.933,1.59822e+08,6.25695,4, 5.93952e-05,,1.72126e-05,2.77308e-05,5.93952e-05,
SmoothRunge,CPUDCTPadded,448,0.476,8.3046e+07,12.0415,4, 6.20193e-05,,1.48098e-05,2.87896e-05,6.20193e-05,
SmoothRunge,CPUDCTPadded,452,1.592,3.21095e+08,3.11434,4, 4.63003e-05,,1.19524e-05,2.696e-05,4.63003e-05,
SmoothRunge,CPUDCTPadded,456,1.001,1.28227e+08,7.7987,4, 4.01945e-05,,1.18902e-05,2.77304e-05,4.01945e-05,
SmoothRunge,CPUDCTPadded,460,0.855,1.35146e+08,7.39941,4, 5.29386e-05,,1.46498e-05,2.66229e-05,5.29386e-05,
SmoothRunge,CPUDCTPadded,464,0.817,1.42625e+08,7.01142,4, 5.98238e-05,,1.64907e-05,2.85969e-05,5.98238e-05,
SmoothRunge,CPUDCTPadded,468,0.717,1.02649e+08,9.7419,4, 4.45075e-05,,1.73085e-05,2.44086e-05,4.45075e-05,
SmoothRunge,CPUDCTPadded,472,1.052,2.25192e+08,4.44065,4, 3.99866e-05,,1.69229e-05,2.47456e-05,3.99866e-05,
SmoothRunge,CPUDCTPadded,476,0.767,1.25817e+08,7.94804,4, 5.31594e-05,,1.55053e-05,2.23866e-05,5.31594e-05,
SmoothRunge,CPUDCTPadded,480,0.69,9.50075e+07,10.5255,4, 5.42896e-05,,1.33628e-05,1.87759e-05,5.42896e-05,
SmoothRunge,CPUDCTPadded,484,0.679,1.07465e+08,9.30537,4, 4.48064e-05,,1.07491e-05,1.83906e-05,4.48064e-05,
SmoothRunge,CPUDCTPadded,488,1.128,2.2665e+08,4.41208,4, 3.57514e-05,,1.07654e-05,1.50687e-05,3.57514e-05,
SmoothRunge,CPUDCTPadded,492,1.143,2.04538e+08,4.88906,4, 4.98207e-05,,1.31701e-05,1.71389e-05,4.98207e-05,
SmoothRunge,CPUDCTPadded,496,0.933,1.69971e+08,5.88335,4, 5.2315e-05,,1.48794e-05,1.79573e-05,5.2315e-05,
SmoothRunge,CPUDCTPadded,500,0.592,1.00445e+08,9.95567,4, 3.87396e-05,,1.57036e-05,1.85832e-05,3.87396e-05,
SmoothRunge,CPUDCTPadded,504,0.739,1.00148e+08,9.98527,4, 3.6336e-05,,1.52541e-05,2.15201e-05,3.6336e-05,
SmoothRunge,CPUDCTPadded,508,2.275,4.61714e+08,2.16584,4, 4.54947e-05,,1.40769e-05,2.12311e-05,4.54947e-05,
SmoothRunge,CPUDCTPadded,512,0.815,1.11022e+08,9.00721,4, 4.59104e-05,,1.21669e-05,1.95461e-05,4.59104e-05,
SmoothRunge,CPUDCTPadded,516,1.255,2.3096e+08,4.32975,4, 3.54527e-05,,9.77386e-06,2.01238e-05,3.54527e-05,
