functionName, calculator,N,initTime, calcTime, calcHz, bytes, maxError, blankColumn, err1, err2, err3, Blank
SmoothExp,CPULinearQuad,8,0,7.11227e+06,140.602,8, 0.477316,,0.477316,0.39659,0.448937,
SmoothExp,CPULinearQuad,12,0,2.10614e+07,47.4803,8, 0.342585,,0.342585,0.229055,0.319784,
SmoothExp,CPULinearQuad,16,0,5.30332e+07,18.8561,8, 0.213576,,0.213576,0.155686,0.15399,
SmoothExp,CPULinearQuad,20,0,1.11785e+08,8.94577,8, 0.145748,,0.125142,0.0992022,0.145748,
SmoothExp,CPULinearQuad,24,0,1.74637e+08,5.72615,8, 0.0983031,,0.0675576,0.0900332,0.0983031,
SmoothExp,CPULinearQuad,28,0,2.93969e+08,3.40172,8, 0.0882216,,0.0302601,0.0757918,0.0882216,
SmoothExp,CPULinearQuad,32,0,4.20681e+08,2.3771,8, 0.0621767,,0.00801628,0.0621767,0.0356034,
SmoothExp,CPULinearQuad,36,0,6.27975e+08,1.59242,8, 0.0637658,,0.0527949,0.048686,0.0637658,
SmoothExp,CPULinearQuad,40,0,8.842e+08,1.13097,8, 0.0547063,,0.0547063,0.033207,0.0313133,
SmoothExp,CPULinearQuad,44,0,1.14059e+09,0.876738,8, 0.0460431,,0.0460431,0.022227,0.0437708,
SmoothExp,CPULinearQuad,48,0,1.32158e+09,0.756671,8, 0.0342867,,0.0342867,0.0306023,0.0168102,
SmoothExp,CPULinearQuad,52,0,1.858e+09,0.538212,8, 0.0412826,,0.0224161,0.0412826,0.0341871,
SmoothExp,CPULinearQuad,56,0,2.3637e+09,0.423066,8, 0.0301357,,0.011747,0.0301357,0.0158304,
SmoothExp,CPULinearQuad,60,0,2.7238e+09,0.367134,8, 0.0269762,,0.00294054,0.0216165,0.0269762,
SmoothExp,CPULinearQuad,64,0,3.36627e+09,0.297064,8, 0.0144034,,0.00616677,0.0144034,0.0105065,
SmoothExp,CPULinearQuad,68,0,4.31105e+09,0.231962,8, 0.0223594,,0.0156468,0.00978468,0.0223594,
SmoothExp,CPULinearQuad,72,0,4.51421e+09,0.221523,8, 0.0192165,,0.0192165,0.00784257,0.00926502,
SmoothExp,CPULinearQuad,76,0,5.52885e+09,0.180869,8, 0.0180139,,0.0172394,0.0066718,0.0180139,
SmoothExp,CPULinearQuad,80,0,6.70468e+09,0.14915,8, 0.0135399,,0.0135399,0.0079807,0.00757572,
SmoothExp,CPULinearQuad,84,0,7.74562e+09,0.129105,8, 0.0159933,,0.00915041,0.00958431,0.0159933,
SmoothExp,CPULinearQuad,88,0,8.79694e+09,0.113676,8, 0.0103432,,0.00450466,0.0103432,0.0058404,
SmoothExp,CPULinearQuad,92,0,9.72924e+09,0.102783,8, 0.012905,,0.00142057,0.0100762,0.012905,
SmoothExp,CPULinearQuad,96,0,1.14122e+10,0.0876258,8, 0.00964576,,0.00490535,0.00964576,0.00564018,
SmoothExp,CPULinearQuad,100,0,1.29924e+10,0.076968,8, 0.0122467,,0.00739985,0.00855658,0.0122467,
SmoothExp,CPULinearQuad,104,0,1.47433e+10,0.0678274,8, 0.00978223,,0.00978223,0.00632666,0.00455185,
SmoothExp,CPULinearQuad,108,0,1.55833e+10,0.0641711,8, 0.0101125,,0.00923967,0.00350828,0.0101125,
SmoothExp,CPULinearQuad,112,0,1.82403e+10,0.0548235,8, 0.00749775,,0.00749775,0.00721078,0.00441572,
SmoothExp,CPULinearQuad,116,0,1.96973e+10,0.0507683,8, 0.011774,,0.00512256,0.011774,0.00965257,
SmoothExp,CPULinearQuad,120,0,2.23718e+10,0.044699,8, 0.0088819,,0.00225338,0.0088819,0.00340383,
SmoothExp,CPULinearQuad,124,0,2.42823e+10,0.0411822,8, 0.00810372,,0.00104461,0.00645439,0.00810372,
SmoothExp,CPULinearQuad,128,0,2.69215e+10,0.037145,8, 0.00437752,,0.00378818,0.00437752,0.00368815,
SmoothExp,CPULinearQuad,132,0,2.81785e+10,0.035488,8, 0.00797006,,0.00434935,0.00295432,0.00797006,
SmoothExp,CPULinearQuad,136,0,3.07102e+10,0.0325624,8, 0.00610025,,0.00610025,0.00228663,0.00247886,
SmoothExp,CPULinearQuad,140,0,3.23169e+10,0.0309436,8, 0.00664533,,0.00590342,0.00234365,0.00664533,
SmoothExp,CPULinearQuad,144,0,3.66833e+10,0.0272604,8, 0.00483626,,0.00483626,0.00331912,0.00303076,
SmoothExp,CPULinearQuad,148,0,4.15194e+10,0.0240851,8, 0.0066369,,0.00319757,0.00397689,0.0066369,
SmoothExp,CPULinearQuad,152,0,4.35723e+10,0.0229504,8, 0.0043223,,0.00129049,0.0043223,0.00194471,
SmoothExp,CPULinearQuad,156,0,4.67894e+10,0.0213724,8, 0.00565747,,0.000835733,0.00448369,0.00565747,
SmoothExp,CPULinearQuad,160,0,5.05731e+10,0.0197734,8, 0.00429006,,0.00294369,0.00429006,0.00259272,
SmoothExp,CPULinearQuad,164,0,5.49907e+10,0.0181849,8, 0.00561062,,0.00288418,0.00373981,0.00561062,
SmoothExp,CPULinearQuad,168,0,5.81521e+10,0.0171963,8, 0.00419511,,0.00419511,0.00279971,0.00153616,
SmoothExp,CPULinearQuad,172,0,6.21365e+10,0.0160936,8, 0.00478399,,0.00412514,0.00153794,0.00478399,
SmoothExp,CPULinearQuad,176,0,6.5297e+10,0.0153146,8, 0.00359005,,0.00337581,0.00359005,0.00220548,
SmoothExp,CPULinearQuad,180,0,7.04444e+10,0.0141956,8, 0.00610846,,0.00223506,0.00610846,0.00485642,
SmoothExp,CPULinearQuad,184,0,7.3129e+10,0.0136745,8, 0.00465174,,0.000844132,0.00465174,0.00120437,
SmoothExp,CPULinearQuad,188,0,7.99393e+10,0.0125095,8, 0.00417488,,0.000720394,0.00329185,0.00417488,
SmoothExp,CPULinearQuad,192,0,8.86272e+10,0.0112832,8, 0.00241493,,0.00241493,0.00218572,0.00194943,
SmoothExp,CPULinearQuad,196,0,9.22045e+10,0.0108455,8, 0.00424214,,0.00203787,0.00135984,0.00424214,
