functionName, calculator,N,initTime, calcTime, calcHz, bytes, maxError, blankColumn, err1, err2, err3, Blank
SmoothRunge,CPUBicubicSparse,8,0.01,68710,14553.9,4, 0.138491,,0.0727821,0.138491,0.115639,
SmoothRunge,CPUBicubicSparse,12,0.009,37233,26857.9,4, 0.074201,,0.0125931,0.0386896,0.074201,
SmoothRunge,CPUBicubicSparse,16,0.012,63803,15673.2,4, 0.456141,,0.00864747,0.0358408,0.456141,
SmoothRunge,CPUBicubicSparse,20,0.119,104098,9606.33,4, 0.314862,,0.00752758,0.0397161,0.314862,
SmoothRunge,CPUBicubicSparse,24,0.107,167638,5965.23,4, 0.359359,,0.0100965,0.0956948,0.359359,
SmoothRunge,CPUBicubicSparse,28,0.036,265004,3773.53,4, 0.529581,,0.0200733,0.159625,0.529581,
SmoothRunge,CPUBicubicSparse,32,0.012,383684,2606.31,4, 0.643258,,0.059279,0.355882,0.643258,
SmoothRunge,CPUBicubicSparse,36,0.018,545342,1833.71,4, 1.1515,,0.109603,0.440183,1.1515,
SmoothRunge,CPUBicubicSparse,40,0.026,732431,1365.32,4, 1.41449,,0.130005,0.713126,1.41449,
SmoothRunge,CPUBicubicSparse,44,0.036,1.03921e+06,962.27,4, 2.23102,,0.279601,0.816901,2.23102,
SmoothRunge,CPUBicubicSparse,48,0.046,1.17127e+06,853.775,4, 3.20165,,0.290091,2.19778,3.20165,
SmoothRunge,CPUBicubicSparse,52,0.057,1.45774e+06,685.994,4, 4.75137,,0.519464,2.62507,4.75137,
SmoothRunge,CPUBicubicSparse,56,0.073,1.9608e+06,509.995,4, 5.78996,,0.685591,3.52011,5.78996,
SmoothRunge,CPUBicubicSparse,60,0.087,2.15216e+06,464.649,4, 8.90985,,0.945226,3.50239,8.90985,
SmoothRunge,CPUBicubicSparse,64,0.118,2.64042e+06,378.727,4, 10.9623,,1.57898,7.95307,10.9623,
SmoothRunge,CPUBicubicSparse,68,0.145,3.21203e+06,311.329,4, 14.394,,1.64985,9.50787,14.394,
SmoothRunge,CPUBicubicSparse,72,0.173,4.13925e+06,241.59,4, 21.025,,2.10327,15.6656,21.025,
SmoothRunge,CPUBicubicSparse,76,0.2,4.55325e+06,219.623,4, 25.585,,2.55647,13.6206,25.585,
SmoothRunge,CPUBicubicSparse,80,0.236,5.67806e+06,176.116,4, 31.8761,,5.33909,18.8172,31.8761,
SmoothRunge,CPUBicubicSparse,84,0.276,6.1573e+06,162.409,4, 46.7089,,6.62524,23.869,46.7089,
SmoothRunge,CPUBicubicSparse,88,2.322,7.38807e+06,135.353,4, 89.4229,,16.068,32.6059,89.4229,
SmoothRunge,CPUBicubicSparse,92,0.559,8.30893e+06,120.352,4, 99.7359,,17.0112,48.0342,99.7359,
SmoothRunge,CPUBicubicSparse,96,3.601,9.82527e+06,101.778,4, 234.875,,32.8655,116.852,234.875,
SmoothRunge,CPUBicubicSparse,100,0.499,1.06625e+07,93.7867,4, 584.495,,165.122,583.499,584.495,
SmoothRunge,CPUBicubicSparse,104,0.65,1.23265e+07,81.1263,4, 121.697,,21.1838,63.0428,121.697,
SmoothRunge,CPUBicubicSparse,108,0.755,1.4236e+07,70.2445,4, 127.946,,58.2998,99.8533,127.946,
SmoothRunge,CPUBicubicSparse,112,7.219,2.53696e+07,39.4173,4, 757.456,,72.0452,361.437,757.456,
SmoothRunge,CPUBicubicSparse,116,7.282,1.67267e+07,59.7848,4, 439.232,,48.8892,209.715,439.232,
SmoothRunge,CPUBicubicSparse,120,9.421,1.85712e+07,53.8468,4, 998.383,,53.1714,305.542,998.383,
SmoothRunge,CPUBicubicSparse,124,1.177,2.12462e+07,47.0673,4, 904.085,,109.786,368.12,904.085,
SmoothRunge,CPUBicubicSparse,128,11.402,2.67323e+07,37.408,4, 454.233,,93.3901,257.31,454.233,
SmoothRunge,CPUBicubicSparse,132,10.918,2.49074e+07,40.1486,4, 179.733,,56.7562,179.733,0,
SmoothRunge,CPUBicubicSparse,136,12.116,2.76961e+07,36.1062,4, 4731.6,,399.029,2046.82,4731.6,
SmoothRunge,CPUBicubicSparse,140,14.479,2.95077e+07,33.8895,4, 2610.04,,185.863,1071.3,2610.04,
SmoothRunge,CPUBicubicSparse,144,15.614,3.34829e+07,29.866,4, 1710.21,,253.196,364.29,1710.21,
SmoothRunge,CPUBicubicSparse,148,21.332,4.62067e+07,21.6419,4, 570.4,,158.003,248.427,570.4,
SmoothRunge,CPUBicubicSparse,152,17.466,3.80965e+07,26.2491,4, 1295.11,,179.803,737.329,1295.11,
SmoothRunge,CPUBicubicSparse,156,18.739,4.0911e+07,24.4433,4, 1927.4,,387.057,811.673,1927.4,
SmoothRunge,CPUBicubicSparse,160,34.228,4.49773e+07,22.2335,4, 1220.73,,181.824,524.19,1220.73,
SmoothRunge,CPUBicubicSparse,164,2.195,5.65766e+07,17.6751,4, 5051.19,,520.409,2129.43,5051.19,
SmoothRunge,CPUBicubicSparse,168,24.145,6.72778e+07,14.8638,4, 5446.53,,343.278,3200.86,5446.53,
SmoothRunge,CPUBicubicSparse,172,27.639,5.52324e+07,18.1053,4, 3766.81,,477.022,2519.7,3766.81,
SmoothRunge,CPUBicubicSparse,176,35.681,5.86711e+07,17.0442,4, 2294.23,,538.742,1538.56,2294.23,
SmoothRunge,CPUBicubicSparse,180,30.922,6.25797e+07,15.9796,4, 11155.1,,725.456,6973.31,11155.1,
SmoothRunge,CPUBicubicSparse,184,33.387,6.66516e+07,15.0034,4, 1083.96,,464.606,1083.96,0,
SmoothRunge,CPUBicubicSparse,188,34.941,7.13282e+07,14.0197,4, 7968.72,,351.326,4538.18,7968.72,
SmoothRunge,CPUBicubicSparse,192,40.223,7.59061e+07,13.1742,4, 728.672,,728.672,334.952,0,
SmoothRunge,CPUBicubicSparse,196,40.653,8.15528e+07,12.262,4, 1029.17,,1029.17,244.917,0,
SmoothRunge,CPUBicubicSparse,200,43.524,9.53229e+07,10.4907,4, 2225.57,,175.007,2225.57,1548.73,
SmoothRunge,CPUBicubicSparse,204,49.514,9.33238e+07,10.7154,4, 6612.15,,533.894,5376.9,6612.15,
SmoothRunge,CPUBicubicSparse,208,48.365,9.63151e+07,10.3826,4, 850.99,,850.99,274.515,0,
SmoothRunge,CPUBicubicSparse,212,49.938,1.09732e+08,9.11312,4, 10184.7,,807.313,8695.06,10184.7,
SmoothRunge,CPUBicubicSparse,216,56.587,1.08321e+08,9.23178,4, 19426.9,,1173.45,14691.5,19426.9,
SmoothRunge,CPUBicubicSparse,220,59.528,1.28623e+08,7.77465,4, 7239.12,,190.851,2632.78,7239.12,
SmoothRunge,CPUBicubicSparse,224,68.091,1.2287e+08,8.1387,4, 867.456,,867.456,13.1272,9.79576,
SmoothRunge,CPUBicubicSparse,228,67.958,1.38038e+08,7.2444,4, 278.674,,278.674,69.1843,0,
