functionName, calculator,N,initTime, calcTime, calcHz, bytes, maxError, blankColumn, err1, err2, err3, Blank
SmoothExp,CPUDCTPadded,8,0.007,54110,18480.9,8, 0.15035,,0.0195289,0.15035,0.133643,
SmoothExp,CPUDCTPadded,12,0.028,59365,16844.9,8, 0.0121741,,0.000911149,0.0112818,0.0121741,
SmoothExp,CPUDCTPadded,16,0.013,79534,12573.2,8, 0.000600507,,3.45159e-05,0.000382007,0.000600507,
SmoothExp,CPUDCTPadded,20,0.028,168904,5920.52,8, 5.61723e-06,,4.94908e-07,4.9047e-06,5.61723e-06,
SmoothExp,CPUDCTPadded,24,0.043,222678,4490.79,8, 2.59535e-08,,2.85598e-09,2.45466e-08,2.59535e-08,
SmoothExp,CPUDCTPadded,28,0.027,301796,3313.5,8, 1.58324e-10,,3.85248e-11,1.32267e-10,1.58324e-10,
SmoothExp,CPUDCTPadded,32,0.026,306763,3259.85,8, 1.41227e-10,,3.14299e-11,9.60201e-11,1.41227e-10,
SmoothExp,CPUDCTPadded,36,0.067,569193,1756.87,8, 1.86982e-10,,3.52336e-11,9.67531e-11,1.86982e-10,
SmoothExp,CPUDCTPadded,40,0.072,669293,1494.11,8, 1.40086e-10,,4.27149e-11,9.01974e-11,1.40086e-10,
SmoothExp,CPUDCTPadded,44,0.022,820993,1218.04,8, 1.15818e-10,,4.38404e-11,7.40461e-11,1.15818e-10,
SmoothExp,CPUDCTPadded,48,0.077,934163,1070.48,8, 1.59439e-10,,4.25422e-11,3.7998e-11,1.59439e-10,
SmoothExp,CPUDCTPadded,52,0.026,1.19525e+06,836.644,8, 1.85584e-10,,3.99461e-11,4.46688e-11,1.85584e-10,
SmoothExp,CPUDCTPadded,56,0.045,1.19345e+06,837.907,8, 1.24723e-10,,3.65374e-11,5.15544e-11,1.24723e-10,
SmoothExp,CPUDCTPadded,60,0.146,1.46541e+06,682.403,8, 1.23427e-10,,3.26317e-11,5.82516e-11,1.23427e-10,
SmoothExp,CPUDCTPadded,64,0.031,1.35784e+06,736.463,8, 1.6156e-10,,2.8506e-11,6.45748e-11,1.6156e-10,
SmoothExp,CPUDCTPadded,68,0.065,2.44475e+06,409.04,8, 1.77728e-10,,2.77704e-11,7.03633e-11,1.77728e-10,
SmoothExp,CPUDCTPadded,72,0.115,2.26605e+06,441.297,8, 1.13969e-10,,3.58229e-11,7.54413e-11,1.13969e-10,
SmoothExp,CPUDCTPadded,76,0.063,3.66095e+06,273.153,8, 1.24163e-10,,3.82631e-11,7.96419e-11,1.24163e-10,
SmoothExp,CPUDCTPadded,80,0.121,2.93248e+06,341.009,8, 1.58297e-10,,3.79473e-11,8.27973e-11,1.58297e-10,
SmoothExp,CPUDCTPadded,84,0.099,2.63061e+06,380.14,8, 1.68958e-10,,3.59604e-11,8.47266e-11,1.68958e-10,
SmoothExp,CPUDCTPadded,88,0.059,3.6225e+06,276.053,8, 1.05771e-10,,3.29141e-11,8.52463e-11,1.05771e-10,
SmoothExp,CPUDCTPadded,92,0.07,5.6407e+06,177.283,8, 1.22221e-10,,2.92484e-11,8.41239e-11,1.22221e-10,
SmoothExp,CPUDCTPadded,96,0.132,4.44459e+06,224.993,8, 1.53333e-10,,2.53261e-11,8.10777e-11,1.53333e-10,
SmoothExp,CPUDCTPadded,100,0.134,4.26409e+06,234.517,8, 1.60665e-10,,2.38281e-11,7.56751e-11,1.60665e-10,
SmoothExp,CPUDCTPadded,104,0.05,5.11127e+06,195.646,8, 9.91964e-11,,3.12099e-11,6.71661e-11,9.91964e-11,
SmoothExp,CPUDCTPadded,108,0.128,5.29731e+06,188.775,8, 1.19246e-10,,3.38098e-11,5.38524e-11,1.19246e-10,
SmoothExp,CPUDCTPadded,112,0.061,4.96496e+06,201.411,8, 1.47987e-10,,3.38674e-11,4.36595e-11,1.47987e-10,
SmoothExp,CPUDCTPadded,116,0.091,9.01714e+06,110.9,8, 1.5316e-10,,3.22946e-11,4.82095e-11,1.5316e-10,
SmoothExp,CPUDCTPadded,120,0.238,6.47682e+06,154.397,8, 9.37411e-11,,2.96528e-11,5.2671e-11,9.37411e-11,
SmoothExp,CPUDCTPadded,124,0.097,9.85588e+06,101.462,8, 1.15933e-10,,2.63701e-11,5.69404e-11,1.15933e-10,
SmoothExp,CPUDCTPadded,128,0.091,6.7263e+06,148.67,8, 1.42752e-10,,2.28071e-11,6.09126e-11,1.42752e-10,
SmoothExp,CPUDCTPadded,132,0.117,8.31682e+06,120.238,8, 1.46449e-10,,2.12297e-11,6.4477e-11,1.46449e-10,
SmoothExp,CPUDCTPadded,136,0.133,1.19696e+07,83.545,8, 8.91149e-11,,2.79645e-11,6.75122e-11,8.91149e-11,
SmoothExp,CPUDCTPadded,140,0.155,9.27193e+06,107.852,8, 1.12585e-10,,3.05025e-11,6.99025e-11,1.12585e-10,
SmoothExp,CPUDCTPadded,144,0.194,1.07701e+07,92.8492,8, 1.37811e-10,,3.07225e-11,7.1523e-11,1.37811e-10,
SmoothExp,CPUDCTPadded,148,0.12,1.86165e+07,53.7159,8, 1.40454e-10,,2.94114e-11,7.22413e-11,1.40454e-10,
SmoothExp,CPUDCTPadded,152,0.146,1.48663e+07,67.2662,8, 8.51199e-11,,2.70737e-11,7.19116e-11,8.51199e-11,
SmoothExp,CPUDCTPadded,156,0.136,1.29566e+07,77.1805,8, 1.09338e-10,,2.4108e-11,7.03553e-11,1.09338e-10,
SmoothExp,CPUDCTPadded,160,0.142,1.15968e+07,86.2306,8, 1.33215e-10,,2.08566e-11,6.73503e-11,1.33215e-10,
SmoothExp,CPUDCTPadded,164,0.144,2.42715e+07,41.2006,8, 1.35083e-10,,1.93387e-11,6.2555e-11,1.35083e-10,
SmoothExp,CPUDCTPadded,168,0.196,1.37599e+07,72.6751,8, 8.16227e-11,,2.55414e-11,5.5382e-11,8.16227e-11,
SmoothExp,CPUDCTPadded,172,0.157,2.42641e+07,41.2131,8, 1.06249e-10,,2.79705e-11,4.4487e-11,1.06249e-10,
SmoothExp,CPUDCTPadded,176,0.156,1.61548e+07,61.901,8, 1.28967e-10,,2.82692e-11,4.02866e-11,1.28967e-10,
SmoothExp,CPUDCTPadded,180,0.328,1.61142e+07,62.0572,8, 1.30249e-10,,2.71344e-11,4.40092e-11,1.30249e-10,
SmoothExp,CPUDCTPadded,184,0.18,2.44966e+07,40.822,8, 7.85262e-11,,2.50244e-11,4.766e-11,7.85262e-11,
SmoothExp,CPUDCTPadded,188,0.178,3.44016e+07,29.0684,8, 1.03337e-10,,2.23096e-11,5.11415e-11,1.03337e-10,
SmoothExp,CPUDCTPadded,192,0.241,1.95512e+07,51.1478,8, 1.25047e-10,,1.93116e-11,5.43703e-11,1.25047e-10,
SmoothExp,CPUDCTPadded,196,0.107,2.06059e+07,48.5298,8, 1.25874e-10,,1.78793e-11,5.72459e-11,1.25874e-10,
SmoothExp,CPUDCTPadded,200,0.243,2.06879e+07,48.3375,8, 7.57588e-11,,2.36485e-11,5.96723e-11,7.57588e-11,
SmoothExp,CPUDCTPadded,204,0.339,2.9485e+07,33.9156,8, 1.00606e-10,,2.59647e-11,6.15496e-11,1.00606e-10,
SmoothExp,CPUDCTPadded,208,0.156,2.43672e+07,41.0388,8, 1.21426e-10,,2.63034e-11,6.27735e-11,1.21426e-10,
SmoothExp,CPUDCTPadded,212,0.234,4.76669e+07,20.9789,8, 1.21896e-10,,2.52949e-11,6.32296e-11,1.21896e-10,
SmoothExp,CPUDCTPadded,216,0.198,2.53626e+07,39.4281,8, 7.32656e-11,,2.33611e-11,6.27941e-11,7.32656e-11,
SmoothExp,CPUDCTPadded,220,0.246,2.68373e+07,37.2615,8, 9.80469e-11,,2.08472e-11,6.13231e-11,9.80469e-11,
SmoothExp,CPUDCTPadded,224,0.156,2.4548e+07,40.7366,8, 1.18077e-10,,1.80562e-11,5.8621e-11,1.18077e-10,
SmoothExp,CPUDCTPadded,228,0.368,3.82338e+07,26.1549,8, 1.18261e-10,,1.67083e-11,5.43978e-11,1.18261e-10,
SmoothExp,CPUDCTPadded,232,0.254,4.22132e+07,23.6893,8, 7.10038e-11,,2.21191e-11,4.81583e-11,7.10038e-11,
SmoothExp,CPUDCTPadded,236,0.29,5.78227e+07,17.2942,8, 9.56501e-11,,2.43293e-11,3.87626e-11,9.56501e-11,
SmoothExp,CPUDCTPadded,240,0.417,3.13868e+07,31.8605,8, 1.14972e-10,,2.46884e-11,3.68732e-11,1.14972e-10,
SmoothExp,CPUDCTPadded,244,0.322,6.84412e+07,14.6111,8, 1.14925e-10,,2.37752e-11,4.01263e-11,1.14925e-10,
SmoothExp,CPUDCTPadded,248,0.282,4.95296e+07,20.1899,8, 6.89396e-11,,2.19817e-11,4.33138e-11,6.89396e-11,
SmoothExp,CPUDCTPadded,252,0.368,3.50825e+07,28.5042,8, 9.34032e-11,,1.96318e-11,4.63525e-11,9.34032e-11,
SmoothExp,CPUDCTPadded,256,0.265,3.57765e+07,27.9513,8, 1.12085e-10,,1.70126e-11,4.91642e-11,1.12085e-10,
SmoothExp,CPUDCTPadded,260,0.294,3.57251e+07,27.9915,8, 1.11851e-10,,1.57413e-11,5.16688e-11,1.11851e-10,
SmoothExp,CPUDCTPadded,264,0.326,3.92494e+07,25.4781,8, 6.70462e-11,,2.08508e-11,5.37758e-11,6.70462e-11,
SmoothExp,CPUDCTPadded,268,0.432,8.14548e+07,12.2767,8, 9.12947e-11,,2.29649e-11,5.5394e-11,9.12947e-11,
SmoothExp,CPUDCTPadded,272,0.37,5.33152e+07,18.7564,8, 1.09396e-10,,2.33335e-11,5.64292e-11,1.09396e-10,
SmoothExp,CPUDCTPadded,276,0.459,5.92877e+07,16.8669,8, 1.09005e-10,,2.2495e-11,5.67824e-11,1.09005e-10,
SmoothExp,CPUDCTPadded,280,0.416,4.40699e+07,22.6912,8, 6.53421e-11,,2.08161e-11,5.63482e-11,6.53421e-11,
SmoothExp,CPUDCTPadded,284,0.502,9.5001e+07,10.5262,8, 8.93127e-11,,1.86031e-11,5.49895e-11,8.93127e-11,
SmoothExp,CPUDCTPadded,288,0.301,4.5961e+07,21.7576,8, 1.06883e-10,,1.61287e-11,5.25409e-11,1.06883e-10,
SmoothExp,CPUDCTPadded,292,0.502,1.02847e+08,9.72316,8, 1.06362e-10,,1.49252e-11,4.87441e-11,1.06362e-10,
SmoothExp,CPUDCTPadded,296,0.402,7.95633e+07,12.5686,8, 6.40528e-11,,1.97774e-11,4.31702e-11,6.40528e-11,
SmoothExp,CPUDCTPadded,300,0.378,5.08485e+07,19.6663,8, 8.7447e-11,,2.18046e-11,3.4796e-11,8.7447e-11,
SmoothExp,CPUDCTPadded,304,0.413,6.55629e+07,15.2525,8, 1.0453e-10,,2.2177e-11,3.40362e-11,1.0453e-10,
SmoothExp,CPUDCTPadded,308,0.279,5.15536e+07,19.3973,8, 1.039e-10,,2.13984e-11,3.69668e-11,1.039e-10,
SmoothExp,CPUDCTPadded,312,0.36,5.72256e+07,17.4747,8, 6.28316e-11,,1.98153e-11,3.98384e-11,6.28316e-11,
SmoothExp,CPUDCTPadded,316,0.625,1.44092e+08,6.94002,8, 8.56874e-11,,1.77185e-11,4.2577e-11,8.56874e-11,
SmoothExp,CPUDCTPadded,320,0.412,5.61739e+07,17.8019,8, 1.02321e-10,,1.53679e-11,4.5114e-11,1.02321e-10,
SmoothExp,CPUDCTPadded,324,0.359,6.01862e+07,16.6151,8, 1.016e-10,,1.4224e-11,4.73701e-11,1.016e-10,
SmoothExp,CPUDCTPadded,328,0.477,9.56489e+07,10.4549,8, 6.16733e-11,,1.88536e-11,4.926e-11,6.16733e-11,
SmoothExp,CPUDCTPadded,332,0.69,1.45499e+08,6.87288,8, 8.40248e-11,,2.08029e-11,5.07102e-11,8.40248e-11,
SmoothExp,CPUDCTPadded,336,0.593,6.54621e+07,15.276,8, 1.00242e-10,,2.11751e-11,5.16309e-11,1.00242e-10,
SmoothExp,CPUDCTPadded,340,0.552,8.50779e+07,11.7539,8, 9.94436e-11,,2.04461e-11,5.19286e-11,9.94436e-11,
SmoothExp,CPUDCTPadded,344,0.535,1.13308e+08,8.82548,8, 6.05728e-11,,1.89447e-11,5.15116e-11,6.05728e-11,
SmoothExp,CPUDCTPadded,348,0.606,1.02331e+08,9.77221,8, 8.24522e-11,,1.69478e-11,5.02589e-11,8.24522e-11,
SmoothExp,CPUDCTPadded,352,0.452,6.95918e+07,14.3695,8, 9.82824e-11,,1.47046e-11,4.80158e-11,9.82824e-11,
SmoothExp,CPUDCTPadded,356,0.814,1.77994e+08,5.61818,8, 9.74183e-11,,1.36132e-11,4.45465e-11,9.74183e-11,
SmoothExp,CPUDCTPadded,360,0.497,7.20356e+07,13.882,8, 5.95269e-11,,1.80477e-11,3.94666e-11,5.95269e-11,
SmoothExp,CPUDCTPadded,364,0.357,7.40989e+07,13.4955,8, 8.09611e-11,,1.99269e-11,3.1843e-11,8.09611e-11,
SmoothExp,CPUDCTPadded,368,0.553,1.02111e+08,9.79324,8, 9.64306e-11,,2.02967e-11,3.17105e-11,9.64306e-11,
SmoothExp,CPUDCTPadded,372,0.679,1.21431e+08,8.23516,8, 9.55101e-11,,1.96095e-11,3.4398e-11,9.55101e-11,
SmoothExp,CPUDCTPadded,376,0.639,1.42615e+08,7.01187,8, 5.8531e-11,,1.81783e-11,3.70417e-11,5.8531e-11,
SmoothExp,CPUDCTPadded,380,0.635,1.07693e+08,9.28568,8, 7.95454e-11,,1.62686e-11,3.95587e-11,7.95454e-11,
SmoothExp,CPUDCTPadded,384,0.564,8.4298e+07,11.8627,8, 9.46776e-11,,1.41197e-11,4.18909e-11,9.46776e-11,
SmoothExp,CPUDCTPadded,388,1.016,2.26349e+08,4.41797,8, 9.37086e-11,,1.3075e-11,4.39552e-11,9.37086e-11,
SmoothExp,CPUDCTPadded,392,0.385,8.42201e+07,11.8736,8, 5.7581e-11,,1.73369e-11,4.56889e-11,5.7581e-11,
SmoothExp,CPUDCTPadded,396,0.58,9.31357e+07,10.737,8, 7.81995e-11,,1.91523e-11,4.70243e-11,7.81995e-11,
SmoothExp,CPUDCTPadded,400,0.465,9.28085e+07,10.7749,8, 9.30151e-11,,1.95187e-11,4.78598e-11,9.30151e-11,
SmoothExp,CPUDCTPadded,404,1.12,2.6577e+08,3.76265,8, 9.20051e-11,,1.8867e-11,4.81272e-11,9.20051e-11,
SmoothExp,CPUDCTPadded,408,0.877,1.24961e+08,8.00247,8, 5.66747e-11,,1.74974e-11,4.77314e-11,5.66747e-11,
SmoothExp,CPUDCTPadded,412,1.157,2.68287e+08,3.72735,8, 7.6918e-11,,1.56646e-11,4.65622e-11,7.6918e-11,
SmoothExp,CPUDCTPadded,416,0.528,1.03595e+08,9.65298,8, 9.14358e-11,,1.3599e-11,4.44785e-11,9.14358e-11,
SmoothExp,CPUDCTPadded,420,0.829,1.01798e+08,9.82337,8, 9.03906e-11,,1.25959e-11,4.12689e-11,9.03906e-11,
SmoothExp,CPUDCTPadded,424,0.854,1.96633e+08,5.08562,8, 5.5808e-11,,1.67038e-11,3.65707e-11,5.5808e-11,
SmoothExp,CPUDCTPadded,428,1.327,3.01454e+08,3.31725,8, 7.56959e-11,,1.84611e-11,2.95326e-11,7.56959e-11,
SmoothExp,CPUDCTPadded,432,0.513,1.04695e+08,9.55158,8, 8.99335e-11,,1.88231e-11,2.97811e-11,8.99335e-11,
SmoothExp,CPUDCTPadded,436,1.418,3.1725e+08,3.15209,8, 8.88571e-11,,1.82024e-11,3.22754e-11,8.88571e-11,
SmoothExp,CPUDCTPadded,440,0.674,1.14191e+08,8.75723,8, 5.49788e-11,,1.68869e-11,3.47353e-11,5.49788e-11,
SmoothExp,CPUDCTPadded,444,0.952,1.88128e+08,5.31552,8, 7.4529e-11,,1.51225e-11,3.70777e-11,7.4529e-11,
SmoothExp,CPUDCTPadded,448,0.526,1.11629e+08,8.95828,8, 8.85013e-11,,1.31317e-11,3.92491e-11,8.85013e-11,
SmoothExp,CPUDCTPadded,452,1.493,3.52453e+08,2.83726,8, 8.73995e-11,,1.21661e-11,4.11761e-11,8.73995e-11,
SmoothExp,CPUDCTPadded,456,1.007,1.59865e+08,6.25528,8, 5.41847e-11,,1.61351e-11,4.27861e-11,5.41847e-11,
SmoothExp,CPUDCTPadded,460,0.853,1.65379e+08,6.0467,8, 7.34136e-11,,1.78398e-11,4.4021e-11,7.34136e-11,
SmoothExp,CPUDCTPadded,464,0.834,1.75931e+08,5.68404,8, 8.71352e-11,,1.81966e-11,4.4805e-11,8.71352e-11,
SmoothExp,CPUDCTPadded,468,0.733,1.32857e+08,7.52687,8, 8.60102e-11,,1.7603e-11,4.50415e-11,8.60102e-11,
SmoothExp,CPUDCTPadded,472,1.048,2.44661e+08,4.08729,8, 5.34232e-11,,1.63359e-11,4.46703e-11,5.34232e-11,
SmoothExp,CPUDCTPadded,476,0.762,1.58206e+08,6.32086,8, 7.23455e-11,,1.46331e-11,4.35778e-11,7.23455e-11,
SmoothExp,CPUDCTPadded,480,0.878,1.31166e+08,7.62391,8, 8.58289e-11,,1.27092e-11,4.16266e-11,8.58289e-11,
SmoothExp,CPUDCTPadded,484,0.692,1.43034e+08,6.99134,8, 8.4685e-11,,1.17772e-11,3.86271e-11,8.4685e-11,
SmoothExp,CPUDCTPadded,488,1.176,2.799e+08,3.57271,8, 5.2692e-11,,1.56207e-11,3.42308e-11,5.2692e-11,
SmoothExp,CPUDCTPadded,492,1.169,2.43631e+08,4.10457,8, 7.13224e-11,,1.72768e-11,2.76616e-11,7.13224e-11,
SmoothExp,CPUDCTPadded,496,0.95,2.0661e+08,4.84003,8, 8.45799e-11,,1.76285e-11,2.81526e-11,8.45799e-11,
SmoothExp,CPUDCTPadded,500,0.731,1.48014e+08,6.75611,8, 8.34191e-11,,1.70588e-11,3.05003e-11,8.34191e-11,
SmoothExp,CPUDCTPadded,504,0.652,1.44042e+08,6.94243,8, 5.19897e-11,,1.58354e-11,3.28052e-11,5.19897e-11,
SmoothExp,CPUDCTPadded,508,1.489,5.10234e+08,1.95989,8, 7.03401e-11,,1.41879e-11,3.50099e-11,7.03401e-11,
SmoothExp,CPUDCTPadded,512,0.808,1.47669e+08,6.77192,8, 8.33831e-11,,1.23249e-11,3.70427e-11,8.33831e-11,
SmoothExp,CPUDCTPadded,516,1.271,2.75802e+08,3.62579,8, 8.22077e-11,,1.14235e-11,3.88528e-11,8.22077e-11,
