functionName, calculator,N,initTime, calcTime, calcHz, bytes, maxError, blankColumn, err1, err2, err3, Blank
SmoothExp,CPUBicubicSparse,8,0.066,104308,9586.99,8, 0.181978,,0.0510817,0.161952,0.181978,
SmoothExp,CPUBicubicSparse,12,0.001,76135,13134.6,8, 0.0517239,,0.0113759,0.0517239,0.045444,
SmoothExp,CPUBicubicSparse,16,0.003,125193,7987.67,8, 0.0159685,,0.00797649,0.0122879,0.0159685,
SmoothExp,CPUBicubicSparse,20,0.152,195644,5111.32,8, 0.00472815,,0.00472815,0.00351693,0.00322387,
SmoothExp,CPUBicubicSparse,24,0.09,231414,4321.26,8, 0.00248734,,0.00248734,0.00116373,0.00097213,
SmoothExp,CPUBicubicSparse,28,0.09,334562,2988.98,8, 0.00119781,,0.00119781,0.000423003,0.0007582,
SmoothExp,CPUBicubicSparse,32,6.488,491785,2033.41,8, 0.000519782,,0.000519782,0.000177205,0.000451871,
SmoothExp,CPUBicubicSparse,36,0.091,699765,1429.05,8, 0.000203585,,0.000203585,0.000103325,0.00014821,
SmoothExp,CPUBicubicSparse,40,0.045,3.71326e+07,26.9305,8, 9.50348e-05,,9.50348e-05,6.4181e-05,7.27407e-05,
SmoothExp,CPUBicubicSparse,44,0.057,1.22824e+06,814.17,8, 7.53557e-05,,6.56194e-05,4.17161e-05,7.53557e-05,
SmoothExp,CPUBicubicSparse,48,0.065,1.65808e+06,603.108,8, 5.71934e-05,,5.69603e-05,2.83054e-05,5.71934e-05,
SmoothExp,CPUBicubicSparse,52,0.089,2.04407e+06,489.22,8, 4.978e-05,,4.978e-05,2.24398e-05,2.40235e-05,
SmoothExp,CPUBicubicSparse,56,0.222,2.54457e+06,392.994,8, 4.02044e-05,,4.02044e-05,1.82052e-05,1.52693e-05,
SmoothExp,CPUBicubicSparse,60,0.146,3.48959e+07,28.6566,8, 2.92856e-05,,2.92856e-05,1.44042e-05,1.72297e-05,
SmoothExp,CPUBicubicSparse,64,0.183,3.55506e+07,28.1289,8, 1.90224e-05,,1.90224e-05,1.12355e-05,1.42646e-05,
SmoothExp,CPUBicubicSparse,68,0.226,3.30874e+07,30.223,8, 1.14326e-05,,1.14326e-05,8.67256e-06,6.91149e-06,
SmoothExp,CPUBicubicSparse,72,0.269,5.5279e+06,180.9,8, 7.81892e-06,,7.81892e-06,6.71467e-06,4.88436e-06,
SmoothExp,CPUBicubicSparse,76,0.315,6.45648e+06,154.883,8, 6.58171e-06,,6.58171e-06,5.14789e-06,5.80769e-06,
SmoothExp,CPUBicubicSparse,80,0.368,3.52155e+07,28.3966,8, 6.19327e-06,,6.19327e-06,3.88355e-06,5.08148e-06,
SmoothExp,CPUBicubicSparse,84,0.43,7.80449e+06,128.131,8, 5.81181e-06,,5.81181e-06,2.88464e-06,2.70319e-06,
SmoothExp,CPUBicubicSparse,88,7.699,4.61198e+07,21.6827,8, 5.12953e-06,,5.12953e-06,2.11457e-06,2.01314e-06,
SmoothExp,CPUBicubicSparse,92,0.547,5.10001e+07,19.6078,8, 4.16257e-06,,4.16257e-06,1.53765e-06,2.4635e-06,
SmoothExp,CPUBicubicSparse,96,0.918,1.1802e+07,84.731,8, 3.09121e-06,,3.09121e-06,1.21197e-06,2.24131e-06,
SmoothExp,CPUBicubicSparse,100,0.811,3.42692e+07,29.1808,8, 2.19838e-06,,2.19838e-06,1.03305e-06,1.27429e-06,
SmoothExp,CPUBicubicSparse,104,0.92,2.25433e+07,44.359,8, 1.73656e-06,,1.73656e-06,8.89214e-07,9.93008e-07,
SmoothExp,CPUBicubicSparse,108,7.529,2.65581e+07,37.6533,8, 1.57264e-06,,1.57264e-06,7.64547e-07,1.21733e-06,
SmoothExp,CPUBicubicSparse,112,23.876,4.77422e+07,20.9458,8, 1.52253e-06,,1.52253e-06,6.61231e-07,1.138e-06,
SmoothExp,CPUBicubicSparse,116,1.189,5.6039e+07,17.8447,8, 1.4612e-06,,1.4612e-06,6.01506e-07,6.80309e-07,
SmoothExp,CPUBicubicSparse,120,9.845,6.26139e+07,15.9709,8, 1.3316e-06,,1.3316e-06,5.80223e-07,5.44411e-07,
SmoothExp,CPUBicubicSparse,124,11.19,4.07381e+07,24.5471,8, 1.1316e-06,,1.1316e-06,5.50208e-07,6.69631e-07,
SmoothExp,CPUBicubicSparse,128,12.151,6.63444e+07,15.0729,8, 8.9707e-07,,8.9707e-07,5.10642e-07,6.38163e-07,
SmoothExp,CPUBicubicSparse,132,14.253,6.79771e+07,14.7108,8, 6.9515e-07,,6.9515e-07,4.63281e-07,3.96881e-07,
SmoothExp,CPUBicubicSparse,136,15.616,4.12261e+07,24.2565,8, 5.89204e-07,,5.89204e-07,4.10987e-07,3.23083e-07,
SmoothExp,CPUBicubicSparse,140,17.633,6.57322e+07,15.2132,8, 5.52961e-07,,5.52961e-07,3.56911e-07,3.98618e-07,
SmoothExp,CPUBicubicSparse,144,18.846,7.50755e+07,13.3199,8, 5.43104e-07,,5.43104e-07,3.03932e-07,3.85277e-07,
SmoothExp,CPUBicubicSparse,148,21.727,9.83005e+07,10.1729,8, 5.27094e-07,,5.27094e-07,2.54436e-07,2.4741e-07,
SmoothExp,CPUBicubicSparse,152,26.644,8.43378e+07,11.8571,8, 4.88496e-07,,4.88496e-07,2.10319e-07,2.04008e-07,
SmoothExp,CPUBicubicSparse,156,24.228,9.31188e+07,10.739,8, 4.26144e-07,,4.26144e-07,1.7281e-07,2.52081e-07,
SmoothExp,CPUBicubicSparse,160,26.518,7.11477e+07,14.0553,8, 3.51271e-07,,3.51271e-07,1.46636e-07,2.46485e-07,
SmoothExp,CPUBicubicSparse,164,27.907,9.02788e+07,11.0768,8, 2.86479e-07,,2.86479e-07,1.33317e-07,1.62813e-07,
SmoothExp,CPUBicubicSparse,168,28.763,1.02056e+08,9.7985,8, 2.52867e-07,,2.52867e-07,1.21637e-07,1.35709e-07,
SmoothExp,CPUBicubicSparse,172,33.412,1.07666e+08,9.28798,8, 2.42235e-07,,2.42235e-07,1.11094e-07,1.67197e-07,
SmoothExp,CPUBicubicSparse,176,38.469,1.15767e+08,8.63807,8, 2.39984e-07,,2.39984e-07,1.01361e-07,1.65249e-07,
SmoothExp,CPUBicubicSparse,180,38.034,1.22016e+08,8.19567,8, 2.34534e-07,,2.34534e-07,9.66952e-08,1.11775e-07,
SmoothExp,CPUBicubicSparse,184,46.735,1.25921e+08,7.94151,8, 2.19714e-07,,2.19714e-07,9.64422e-08,9.37172e-08,
SmoothExp,CPUBicubicSparse,188,41.529,1.35574e+08,7.37603,8, 1.95023e-07,,1.95023e-07,9.49693e-08,1.15318e-07,
SmoothExp,CPUBicubicSparse,192,45.098,1.42671e+08,7.00916,8, 1.65027e-07,,1.65027e-07,9.1764e-08,1.14865e-07,
SmoothExp,CPUBicubicSparse,196,47.014,1.27181e+08,7.86279,8, 1.39193e-07,,1.39193e-07,8.68603e-08,7.92329e-08,
SmoothExp,CPUBicubicSparse,200,53.395,1.50817e+08,6.63055,8, 1.26092e-07,,1.26092e-07,8.05796e-08,6.67799e-08,
SmoothExp,CPUBicubicSparse,204,52.451,1.48595e+08,6.72971,8, 1.22381e-07,,1.22381e-07,7.32368e-08,8.20435e-08,
