calculator chosen: 1
func chosen: 1
cache dir chosen: /scratch/ob749/GA/cache/
FunctionName, Calculator,N,Init time (s), Calc.time(s), Calc.Freq(hz), Bytes, MaxError, FirstBlank, Err1, Err2, Err3, Blank
Smooth exp(-Ar^2-b*rho^2),linear interp; CPU Sparse Matrix   ,8,0.004,6.46837e+06,154.599,8, 0.484378,,0.484378,0.431963,0.429232,
Smooth exp(-Ar^2-b*rho^2),linear interp; CPU Sparse Matrix   ,12,0.004,5.39636e+06,185.31,8, 0.356146,,0.356146,0.253128,0.345279,
Smooth exp(-Ar^2-b*rho^2),linear interp; CPU Sparse Matrix   ,16,0.006,9.07884e+06,110.146,8, 0.226154,,0.226154,0.172341,0.177257,
Smooth exp(-Ar^2-b*rho^2),linear interp; CPU Sparse Matrix   ,20,0.009,8.43961e+06,118.489,8, 0.133817,,0.133817,0.0873799,0.106037,
Smooth exp(-Ar^2-b*rho^2),linear interp; CPU Sparse Matrix   ,24,0.015,3.60568e+06,277.34,8, 0.151253,,0.0725848,0.0748252,0.151253,
Smooth exp(-Ar^2-b*rho^2),linear interp; CPU Sparse Matrix   ,28,0.02,6.83188e+06,146.372,8, 0.140176,,0.0326052,0.0632784,0.140176,
Smooth exp(-Ar^2-b*rho^2),linear interp; CPU Sparse Matrix   ,32,0.03,6.86911e+06,145.579,8, 0.0664518,,0.00859651,0.0582343,0.0664518,
Smooth exp(-Ar^2-b*rho^2),linear interp; CPU Sparse Matrix   ,36,0.053,1.04091e+07,96.0701,8, 0.0567508,,0.0567508,0.0515696,0.0382994,
Smooth exp(-Ar^2-b*rho^2),linear interp; CPU Sparse Matrix   ,40,0.068,1.43611e+07,69.6324,8, 0.0590504,,0.0590504,0.0433342,0.0572677,
Smooth exp(-Ar^2-b*rho^2),linear interp; CPU Sparse Matrix   ,44,0.147,1.43097e+07,69.8829,8, 0.0498321,,0.0498321,0.0397137,0.0363609,
Smooth exp(-Ar^2-b*rho^2),linear interp; CPU Sparse Matrix   ,48,0.187,1.43338e+07,69.765,8, 0.0479461,,0.0371243,0.0317729,0.0479461,
Smooth exp(-Ar^2-b*rho^2),linear interp; CPU Sparse Matrix   ,52,0.197,1.44747e+07,69.0861,8, 0.0242294,,0.0242294,0.0209756,0.0171082,
Smooth exp(-Ar^2-b*rho^2),linear interp; CPU Sparse Matrix   ,56,0.305,1.45649e+07,68.6581,8, 0.0279435,,0.0126459,0.0157086,0.0279435,
Smooth exp(-Ar^2-b*rho^2),linear interp; CPU Sparse Matrix   ,60,0.318,1.46109e+07,68.4422,8, 0.030447,,0.00322269,0.0237876,0.030447,
Smooth exp(-Ar^2-b*rho^2),linear interp; CPU Sparse Matrix   ,64,0.382,1.46742e+07,68.147,8, 0.0432505,,0.00682585,0.0335824,0.0432505,
Smooth exp(-Ar^2-b*rho^2),linear interp; CPU Sparse Matrix   ,68,0.388,1.48112e+07,67.5167,8, 0.0265041,,0.0169187,0.0265041,0.0160425,
Smooth exp(-Ar^2-b*rho^2),linear interp; CPU Sparse Matrix   ,72,0.555,7.52063e+06,132.968,8, 0.0208525,,0.0208525,0.0204293,0.0131264,
Smooth exp(-Ar^2-b*rho^2),linear interp; CPU Sparse Matrix   ,76,0.683,8.37719e+06,119.372,8, 0.0212107,,0.0186929,0.0148614,0.0212107,
Smooth exp(-Ar^2-b*rho^2),linear interp; CPU Sparse Matrix   ,80,0.748,9.4042e+06,106.336,8, 0.0146704,,0.0146704,0.0108375,0.00847181,
Smooth exp(-Ar^2-b*rho^2),linear interp; CPU Sparse Matrix   ,84,0.804,1.03437e+07,96.6768,8, 0.0183917,,0.00990249,0.00739809,0.0183917,
Smooth exp(-Ar^2-b*rho^2),linear interp; CPU Sparse Matrix   ,88,1.033,1.51971e+07,65.8021,8, 0.00670949,,0.00485488,0.0052814,0.00670949,
Smooth exp(-Ar^2-b*rho^2),linear interp; CPU Sparse Matrix   ,92,0.989,1.35343e+07,73.8862,8, 0.013736,,0.00157267,0.0053001,0.013736,
Smooth exp(-Ar^2-b*rho^2),linear interp; CPU Sparse Matrix   ,96,1.298,1.4972e+07,66.7915,8, 0.0122446,,0.00539787,0.00531133,0.0122446,
Smooth exp(-Ar^2-b*rho^2),linear interp; CPU Sparse Matrix   ,100,1.462,1.41173e+07,70.8353,8, 0.020388,,0.00800949,0.00632537,0.020388,
Smooth exp(-Ar^2-b*rho^2),linear interp; CPU Sparse Matrix   ,104,1.543,4.83351e+06,206.889,8, 0.0106119,,0.0106119,0.00722809,0.00607009,
Smooth exp(-Ar^2-b*rho^2),linear interp; CPU Sparse Matrix   ,108,1.728,3.98589e+06,250.885,8, 0.010025,,0.010025,0.00762036,0.00807772,
Smooth exp(-Ar^2-b*rho^2),linear interp; CPU Sparse Matrix   ,112,2.13,1.04211e+07,95.9592,8, 0.0115419,,0.00813691,0.00795508,0.0115419,
Smooth exp(-Ar^2-b*rho^2),linear interp; CPU Sparse Matrix   ,116,2.363,8.53074e+06,117.223,8, 0.008111,,0.0055584,0.008111,0.00591403,
Smooth exp(-Ar^2-b*rho^2),linear interp; CPU Sparse Matrix   ,120,2.59,8.71466e+06,114.749,8, 0.00909203,,0.0024263,0.00747252,0.00909203,
Smooth exp(-Ar^2-b*rho^2),linear interp; CPU Sparse Matrix   ,124,2.895,9.3302e+06,107.179,8, 0.00662682,,0.00115863,0.00662682,0.00360907,
Smooth exp(-Ar^2-b*rho^2),linear interp; CPU Sparse Matrix   ,128,3.096,9.33912e+06,107.076,8, 0.0086747,,0.00416343,0.00556,0.0086747,
Smooth exp(-Ar^2-b*rho^2),linear interp; CPU Sparse Matrix   ,132,3.441,9.87376e+06,101.279,8, 0.00620568,,0.00471148,0.00372077,0.00620568,
Smooth exp(-Ar^2-b*rho^2),linear interp; CPU Sparse Matrix   ,136,3.781,9.98266e+06,100.174,8, 0.0117794,,0.00662395,0.00270754,0.0117794,
Smooth exp(-Ar^2-b*rho^2),linear interp; CPU Sparse Matrix   ,140,4.393,7.85256e+06,127.347,8, 0.00641224,,0.00641224,0.00620466,0.00279317,
Smooth exp(-Ar^2-b*rho^2),linear interp; CPU Sparse Matrix   ,144,4.558,1.06569e+07,93.8357,8, 0.00967928,,0.00525354,0.00967928,0.00567236,
Smooth exp(-Ar^2-b*rho^2),linear interp; CPU Sparse Matrix   ,148,4.831,1.08593e+07,92.0867,8, 0.00770758,,0.00346458,0.00770758,0.00708273,
Smooth exp(-Ar^2-b*rho^2),linear interp; CPU Sparse Matrix   ,152,5.246,1.16505e+07,85.8329,8, 0.00891466,,0.00138536,0.00602933,0.00891466,
Smooth exp(-Ar^2-b*rho^2),linear interp; CPU Sparse Matrix   ,156,5.6,1.22063e+07,81.9247,8, 0.00520161,,0.000924359,0.00453694,0.00520161,
Smooth exp(-Ar^2-b*rho^2),linear interp; CPU Sparse Matrix   ,160,6.059,1.37902e+07,72.5153,8, 0.0033109,,0.00322789,0.0033109,0.00297571,
Smooth exp(-Ar^2-b*rho^2),linear interp; CPU Sparse Matrix   ,164,6.254,1.31889e+07,75.8214,8, 0.00611439,,0.00312657,0.00235004,0.00611439,
Smooth exp(-Ar^2-b*rho^2),linear interp; CPU Sparse Matrix   ,168,6.923,1.92857e+07,51.852,8, 0.00454419,,0.00454419,0.00154511,0.00331062,
Smooth exp(-Ar^2-b*rho^2),linear interp; CPU Sparse Matrix   ,172,7.527,1.00889e+07,99.1192,8, 0.00743838,,0.00448147,0.00147934,0.00743838,
Smooth exp(-Ar^2-b*rho^2),linear interp; CPU Sparse Matrix   ,176,8.255,1.45392e+07,68.7795,8, 0.00366567,,0.00366567,0.00198125,0.00161243,
Smooth exp(-Ar^2-b*rho^2),linear interp; CPU Sparse Matrix   ,180,9.031,1.49951e+07,66.6883,8, 0.00444354,,0.00242321,0.00249443,0.00444354,
Smooth exp(-Ar^2-b*rho^2),linear interp; CPU Sparse Matrix   ,184,9.401,1.08186e+07,92.4334,8, 0.00483353,,0.000907696,0.00297781,0.00483353,
Smooth exp(-Ar^2-b*rho^2),linear interp; CPU Sparse Matrix   ,188,10.123,1.73192e+07,57.7393,8, 0.0094091,,0.000796642,0.00328797,0.0094091,
Smooth exp(-Ar^2-b*rho^2),linear interp; CPU Sparse Matrix   ,192,10.16,1.70701e+07,58.5821,8, 0.00339258,,0.00264849,0.00339258,0.00305807,
Smooth exp(-Ar^2-b*rho^2),linear interp; CPU Sparse Matrix   ,196,11.491,1.57359e+07,63.549,8, 0.00343183,,0.00220769,0.00343183,0.00253286,
Smooth exp(-Ar^2-b*rho^2),linear interp; CPU Sparse Matrix   ,200,11.963,1.93634e+07,51.6437,8, 0.00456578,,0.00335848,0.00329582,0.00456578,
Smooth exp(-Ar^2-b*rho^2),linear interp; CPU Sparse Matrix   ,204,12.11,1.82717e+07,54.7293,8, 0.00335941,,0.00335941,0.00294713,0.00157679,
Smooth exp(-Ar^2-b*rho^2),linear interp; CPU Sparse Matrix   ,208,12.817,2.1109e+07,47.3732,8, 0.00495566,,0.00274872,0.00248547,0.00495566,
Smooth exp(-Ar^2-b*rho^2),linear interp; CPU Sparse Matrix   ,212,13.515,1.8787e+07,53.2284,8, 0.0017909,,0.0017909,0.00168499,0.0010917,
Smooth exp(-Ar^2-b*rho^2),linear interp; CPU Sparse Matrix   ,216,15.177,2.39454e+07,41.7616,8, 0.0035222,,0.000613014,0.000955071,0.0035222,
Smooth exp(-Ar^2-b*rho^2),linear interp; CPU Sparse Matrix   ,220,16.09,2.43112e+07,41.1334,8, 0.00336947,,0.000744184,0.00307355,0.00336947,
Smooth exp(-Ar^2-b*rho^2),linear interp; CPU Sparse Matrix   ,224,16.702,1.8713e+07,53.4389,8, 0.00665419,,0.00219914,0.0049726,0.00665419,
Smooth exp(-Ar^2-b*rho^2),linear interp; CPU Sparse Matrix   ,228,17.544,2.61081e+07,38.3023,8, 0.00401117,,0.00167446,0.00401117,0.0018732,
Smooth exp(-Ar^2-b*rho^2),linear interp; CPU Sparse Matrix   ,232,18.165,2.55774e+07,39.097,8, 0.00314816,,0.00261428,0.00314816,0.00224561,
Smooth exp(-Ar^2-b*rho^2),linear interp; CPU Sparse Matrix   ,236,19.122,3.88299e+07,25.7534,8, 0.00349508,,0.00260225,0.00234452,0.00349508,
Smooth exp(-Ar^2-b*rho^2),linear interp; CPU Sparse Matrix   ,240,20.747,2.97823e+07,33.577,8, 0.00213274,,0.00213274,0.00163897,0.000850211,
Smooth exp(-Ar^2-b*rho^2),linear interp; CPU Sparse Matrix   ,244,22.221,2.92215e+07,34.2214,8, 0.003378,,0.00138725,0.00106292,0.003378,
Smooth exp(-Ar^2-b*rho^2),linear interp; CPU Sparse Matrix   ,248,22.654,3.1882e+07,31.3656,8, 0.000885366,,0.000434357,0.000703351,0.000885366,
Smooth exp(-Ar^2-b*rho^2),linear interp; CPU Sparse Matrix   ,252,24.862,3.22776e+07,30.9812,8, 0.00293207,,0.000659191,0.000675137,0.00293207,
Smooth exp(-Ar^2-b*rho^2),linear interp; CPU Sparse Matrix   ,256,24.792,3.32644e+07,30.0621,8, 0.00237638,,0.00186122,0.00107226,0.00237638,
Smooth exp(-Ar^2-b*rho^2),linear interp; CPU Sparse Matrix   ,260,25.659,3.54482e+07,28.2102,8, 0.00484035,,0.00130407,0.00138222,0.00484035,
Smooth exp(-Ar^2-b*rho^2),linear interp; CPU Sparse Matrix   ,264,26.693,3.69564e+07,27.0589,8, 0.00207994,,0.00207994,0.0016472,0.00110254,
Smooth exp(-Ar^2-b*rho^2),linear interp; CPU Sparse Matrix   ,268,28.685,4.27592e+07,23.3868,8, 0.00209321,,0.00209321,0.00185468,0.00201282,
Smooth exp(-Ar^2-b*rho^2),linear interp; CPU Sparse Matrix   ,272,34.225,4.20757e+07,23.7667,8, 0.00277374,,0.00172974,0.00196507,0.00277374,
Smooth exp(-Ar^2-b*rho^2),linear interp; CPU Sparse Matrix   ,276,35.054,4.52696e+07,22.0899,8, 0.00201721,,0.00111561,0.00201721,0.00155219,
Smooth exp(-Ar^2-b*rho^2),linear interp; CPU Sparse Matrix   ,280,36.652,4.62806e+07,21.6073,8, 0.00234338,,0.000314508,0.00195824,0.00234338,
Smooth exp(-Ar^2-b*rho^2),linear interp; CPU Sparse Matrix   ,284,37.717,4.41673e+07,22.6412,8, 0.00175976,,0.000601654,0.00175976,0.000989926,
Smooth exp(-Ar^2-b*rho^2),linear interp; CPU Sparse Matrix   ,288,37.071,4.28417e+07,23.3418,8, 0.00247151,,0.00160557,0.00146236,0.00247151,
Smooth exp(-Ar^2-b*rho^2),linear interp; CPU Sparse Matrix   ,292,40.771,5.29114e+07,18.8995,8, 0.0016306,,0.00104791,0.000983104,0.0016306,
Smooth exp(-Ar^2-b*rho^2),linear interp; CPU Sparse Matrix   ,296,43.64,5.48872e+07,18.2192,8, 0.00360139,,0.00171921,0.000533635,0.00360139,
Smooth exp(-Ar^2-b*rho^2),linear interp; CPU Sparse Matrix   ,300,43.578,4.81958e+07,20.7487,8, 0.00191001,,0.00173399,0.00191001,0.000656333,
Smooth exp(-Ar^2-b*rho^2),linear interp; CPU Sparse Matrix   ,304,44.669,4.72665e+07,21.1566,8, 0.00313521,,0.00142853,0.00313521,0.00182929,
Smooth exp(-Ar^2-b*rho^2),linear interp; CPU Sparse Matrix   ,308,48.024,5.83556e+07,17.1363,8, 0.00252009,,0.000901906,0.00252009,0.00221051,
Smooth exp(-Ar^2-b*rho^2),linear interp; CPU Sparse Matrix   ,312,52.3,5.37376e+07,18.609,8, 0.00303899,,0.000234508,0.00197227,0.00303899,
Smooth exp(-Ar^2-b*rho^2),linear interp; CPU Sparse Matrix   ,316,50.511,6.74276e+07,14.8307,8, 0.00163646,,0.000536317,0.00146855,0.00163646,
Smooth exp(-Ar^2-b*rho^2),linear interp; CPU Sparse Matrix   ,320,53.585,6.28733e+07,15.905,8, 0.001399,,0.001399,0.00102479,0.00100983,
Smooth exp(-Ar^2-b*rho^2),linear interp; CPU Sparse Matrix   ,324,57.391,7.06818e+07,14.1479,8, 0.00211316,,0.00086415,0.000667207,0.00211316,
Smooth exp(-Ar^2-b*rho^2),linear interp; CPU Sparse Matrix   ,328,59.244,7.20112e+07,13.8867,8, 0.00143662,,0.00143662,0.000439018,0.00102783,
Smooth exp(-Ar^2-b*rho^2),linear interp; CPU Sparse Matrix   ,332,60.201,6.14154e+07,16.2826,8, 0.0026989,,0.001459,0.000421885,0.0026989,
Smooth exp(-Ar^2-b*rho^2),linear interp; CPU Sparse Matrix   ,336,62.233,6.5716e+07,15.217,8, 0.00119975,,0.00119975,0.000697379,0.000400496,
Smooth exp(-Ar^2-b*rho^2),linear interp; CPU Sparse Matrix   ,340,63.231,7.05928e+07,14.1658,8, 0.0016629,,0.000757957,0.000928916,0.0016629,
Smooth exp(-Ar^2-b*rho^2),linear interp; CPU Sparse Matrix   ,344,69.578,7.30991e+07,13.6801,8, 0.00177974,,0.000185582,0.00110184,0.00177974,
Smooth exp(-Ar^2-b*rho^2),linear interp; CPU Sparse Matrix   ,348,72.053,7.0306e+07,14.2235,8, 0.00374584,,0.000488962,0.00124229,0.00374584,
Smooth exp(-Ar^2-b*rho^2),linear interp; CPU Sparse Matrix   ,352,76.329,8.41625e+07,11.8818,8, 0.00132286,,0.00124317,0.00132286,0.00112791,
Smooth exp(-Ar^2-b*rho^2),linear interp; CPU Sparse Matrix   ,356,77.818,8.63606e+07,11.5793,8, 0.00134057,,0.000724247,0.00134057,0.00102714,
Smooth exp(-Ar^2-b*rho^2),linear interp; CPU Sparse Matrix   ,360,82.604,8.56355e+07,11.6774,8, 0.00181637,,0.00122808,0.00130406,0.00181637,
Smooth exp(-Ar^2-b*rho^2),linear interp; CPU Sparse Matrix   ,364,100.955,9.18139e+07,10.8916,8, 0.00125325,,0.00125325,0.00118734,0.00052113,
Smooth exp(-Ar^2-b*rho^2),linear interp; CPU Sparse Matrix   ,368,89.739,8.34848e+07,11.9782,8, 0.00204116,,0.00102834,0.000982635,0.00204116,
Smooth exp(-Ar^2-b*rho^2),linear interp; CPU Sparse Matrix   ,372,88.823,9.93238e+07,10.0681,8, 0.000662014,,0.000642645,0.000662014,0.000351433,
Smooth exp(-Ar^2-b*rho^2),linear interp; CPU Sparse Matrix   ,376,95.505,1.05456e+08,9.48266,8, 0.00150921,,0.000142542,0.000320422,0.00150921,
Smooth exp(-Ar^2-b*rho^2),linear interp; CPU Sparse Matrix   ,380,96.232,9.49633e+07,10.5304,8, 0.00140587,,0.000450086,0.00132294,0.00140587,
Smooth exp(-Ar^2-b*rho^2),linear interp; CPU Sparse Matrix   ,384,99.15,9.67016e+07,10.3411,8, 0.00295397,,0.00110649,0.00219347,0.00295397,
Smooth exp(-Ar^2-b*rho^2),linear interp; CPU Sparse Matrix   ,388,97.496,1.05787e+08,9.45299,8, 0.00177191,,0.000623331,0.00177191,0.000757667,
Smooth exp(-Ar^2-b*rho^2),linear interp; CPU Sparse Matrix   ,392,108.462,1.00935e+08,9.90735,8, 0.0013896,,0.00106342,0.0013896,0.00100645,
Smooth exp(-Ar^2-b*rho^2),linear interp; CPU Sparse Matrix   ,396,112.49,1.07839e+08,9.2731,8, 0.00156626,,0.0010847,0.00103611,0.00156626,
Smooth exp(-Ar^2-b*rho^2),linear interp; CPU Sparse Matrix   ,400,110.715,1.12604e+08,8.88068,8, 0.00089027,,0.00089027,0.000711983,0.000333525,
Smooth exp(-Ar^2-b*rho^2),linear interp; CPU Sparse Matrix   ,404,109.602,1.08937e+08,9.17964,8, 0.00154179,,0.000554203,0.000440682,0.00154179,
Smooth exp(-Ar^2-b*rho^2),linear interp; CPU Sparse Matrix   ,408,123.999,1.36526e+08,7.32462,8, 0.000414741,,0.000113153,0.000282638,0.000414741,
Smooth exp(-Ar^2-b*rho^2),linear interp; CPU Sparse Matrix   ,412,128.774,1.22786e+08,8.14426,8, 0.00137609,,0.000409484,0.000294212,0.00137609,
Smooth exp(-Ar^2-b*rho^2),linear interp; CPU Sparse Matrix   ,416,129.183,1.20172e+08,8.32139,8, 0.00108915,,0.000994551,0.000490268,0.00108915,
Smooth exp(-Ar^2-b*rho^2),linear interp; CPU Sparse Matrix   ,420,127.16,1.35049e+08,7.40472,8, 0.00234137,,0.000535123,0.000662049,0.00234137,
Smooth exp(-Ar^2-b*rho^2),linear interp; CPU Sparse Matrix   ,424,134.144,1.30677e+08,7.65245,8, 0.000928082,,0.000928082,0.000794855,0.000492332,
Smooth exp(-Ar^2-b*rho^2),linear interp; CPU Sparse Matrix   ,428,141.641,1.379e+08,7.25166,8, 0.000989589,,0.000954299,0.000902179,0.000989589,
Smooth exp(-Ar^2-b*rho^2),linear interp; CPU Sparse Matrix   ,432,149.428,1.39038e+08,7.19228,8, 0.0013496,,0.000784726,0.000966116,0.0013496,
Smooth exp(-Ar^2-b*rho^2),linear interp; CPU Sparse Matrix   ,436,154.572,1.35503e+08,7.37993,8, 0.000985456,,0.000485028,0.000985456,0.000775689,
Smooth exp(-Ar^2-b*rho^2),linear interp; CPU Sparse Matrix   ,440,162.47,1.44655e+08,6.91298,8, 0.00115099,,8.77456e-05,0.000961497,0.00115099,
Smooth exp(-Ar^2-b*rho^2),linear interp; CPU Sparse Matrix   ,444,167.452,1.54807e+08,6.45967,8, 0.000877824,,0.000378297,0.000877824,0.0004891,
Smooth exp(-Ar^2-b*rho^2),linear interp; CPU Sparse Matrix   ,448,169.54,1.53853e+08,6.49972,8, 0.00125194,,0.000902326,0.000717474,0.00125194,
Smooth exp(-Ar^2-b*rho^2),linear interp; CPU Sparse Matrix   ,452,174.52,1.63281e+08,6.12443,8, 0.000799818,,0.000468066,0.000472231,0.000799818,
Smooth exp(-Ar^2-b*rho^2),linear interp; CPU Sparse Matrix   ,456,180.312,1.66917e+08,5.99102,8, 0.00186321,,0.000824568,0.000239771,0.00186321,
Smooth exp(-Ar^2-b*rho^2),linear interp; CPU Sparse Matrix   ,460,185.234,1.6528e+08,6.05033,8, 0.000990467,,0.000846953,0.000990467,0.000294945,
Smooth exp(-Ar^2-b*rho^2),linear interp; CPU Sparse Matrix   ,464,182.552,1.72752e+08,5.78864,8, 0.00164858,,0.000692759,0.00164858,0.000954485,
Smooth exp(-Ar^2-b*rho^2),linear interp; CPU Sparse Matrix   ,468,189.662,1.8113e+08,5.52089,8, 0.00133021,,0.000423776,0.00133021,0.00114999,
Smooth exp(-Ar^2-b*rho^2),linear interp; CPU Sparse Matrix   ,472,199.982,1.83972e+08,5.4356,8, 0.00163213,,7.08764e-05,0.00103565,0.00163213,
Smooth exp(-Ar^2-b*rho^2),linear interp; CPU Sparse Matrix   ,476,201.961,1.8915e+08,5.2868,8, 0.000853809,,0.000347139,0.000769854,0.000853809,
Smooth exp(-Ar^2-b*rho^2),linear interp; CPU Sparse Matrix   ,480,196.379,1.87794e+08,5.32499,8, 0.000821827,,0.000821827,0.000528198,0.000542586,
Smooth exp(-Ar^2-b*rho^2),linear interp; CPU Sparse Matrix   ,484,213.449,2.01546e+08,4.96166,8, 0.00113543,,0.000412729,0.000326999,0.00113543,
Smooth exp(-Ar^2-b*rho^2),linear interp; CPU Sparse Matrix   ,488,225.336,1.97226e+08,5.07032,8, 0.000734809,,0.000734809,0.000202034,0.000530365,
Smooth exp(-Ar^2-b*rho^2),linear interp; CPU Sparse Matrix   ,492,241.939,1.93851e+08,5.1586,8, 0.00147848,,0.000755183,0.00022202,0.00147848,
Smooth exp(-Ar^2-b*rho^2),linear interp; CPU Sparse Matrix   ,496,228.913,2.07369e+08,4.82231,8, 0.000618968,,0.000618968,0.000371998,0.00020102,
Smooth exp(-Ar^2-b*rho^2),linear interp; CPU Sparse Matrix   ,500,241.409,2.17314e+08,4.60164,8, 0.000921359,,0.000378872,0.000508212,0.000921359,
Smooth exp(-Ar^2-b*rho^2),linear interp; CPU Sparse Matrix   ,504,268.151,2.25034e+08,4.44378,8, 0.000975827,,5.81156e-05,0.000610647,0.000975827,
Smooth exp(-Ar^2-b*rho^2),linear interp; CPU Sparse Matrix   ,508,264.961,2.30235e+08,4.34338,8, 0.00211903,,0.000323731,0.000691395,0.00211903,
Smooth exp(-Ar^2-b*rho^2),linear interp; CPU Sparse Matrix   ,512,274.011,3.23364e+08,3.09249,8, 0.000755619,,0.000755619,0.000742009,0.000616333,
Smooth exp(-Ar^2-b*rho^2),linear interp; CPU Sparse Matrix   ,516,298.915,4.76407e+08,2.09905,8, 0.000756911,,0.000367775,0.000756911,0.000578711,
