calculator chosen: 2
func chosen: 1
cache dir chosen: /scratch/ob749/GA/cache/
FunctionName, Calculator,N,Init time (s), Calc.time(s), Calc.Freq(hz), Bytes, MaxError, FirstBlank, Err1, Err2, Err3, Blank
Smooth exp(-Ar^2-b*rho^2),bicubic interp; trapezoid rule; CPU,8,0,8.85429e+06,112.94,8, 0.245828,,0.0392071,0.245828,0.205864,
Smooth exp(-Ar^2-b*rho^2),bicubic interp; trapezoid rule; CPU,12,0,9.75104e+06,102.553,8, 0.0586456,,0.0126693,0.0586456,0.0514312,
Smooth exp(-Ar^2-b*rho^2),bicubic interp; trapezoid rule; CPU,16,0,1.06315e+07,94.0605,8, 0.0193909,,0.00899919,0.0159026,0.0193909,
Smooth exp(-Ar^2-b*rho^2),bicubic interp; trapezoid rule; CPU,20,0,1.19161e+07,83.9201,8, 0.00567724,,0.00550951,0.00496567,0.00567724,
Smooth exp(-Ar^2-b*rho^2),bicubic interp; trapezoid rule; CPU,24,0,1.35249e+07,73.9375,8, 0.002965,,0.002965,0.00178684,0.00105488,
Smooth exp(-Ar^2-b*rho^2),bicubic interp; trapezoid rule; CPU,28,0,1.87917e+07,53.2149,8, 0.00144903,,0.00144903,0.000714805,0.000637997,
Smooth exp(-Ar^2-b*rho^2),bicubic interp; trapezoid rule; CPU,32,0,1.83427e+07,54.5175,8, 0.000633743,,0.000633743,0.000310321,0.000525672,
Smooth exp(-Ar^2-b*rho^2),bicubic interp; trapezoid rule; CPU,36,0,2.28038e+07,43.8523,8, 0.000302863,,0.000246881,0.000143449,0.000302863,
Smooth exp(-Ar^2-b*rho^2),bicubic interp; trapezoid rule; CPU,40,0,2.8999e+07,34.484,8, 0.000112498,,0.000112498,7.04861e-05,0.000107057,
Smooth exp(-Ar^2-b*rho^2),bicubic interp; trapezoid rule; CPU,44,0,3.05301e+07,32.7545,8, 7.63524e-05,,7.63524e-05,4.77736e-05,5.72098e-05,
Smooth exp(-Ar^2-b*rho^2),bicubic interp; trapezoid rule; CPU,48,0,2.13563e+07,46.8246,8, 6.65585e-05,,6.65585e-05,3.1788e-05,5.63681e-05,
Smooth exp(-Ar^2-b*rho^2),bicubic interp; trapezoid rule; CPU,52,0,2.52184e+07,39.6536,8, 5.88224e-05,,5.88224e-05,2.20223e-05,4.92661e-05,
Smooth exp(-Ar^2-b*rho^2),bicubic interp; trapezoid rule; CPU,56,0,2.877e+07,34.7584,8, 4.80139e-05,,4.80139e-05,1.6055e-05,2.69781e-05,
Smooth exp(-Ar^2-b*rho^2),bicubic interp; trapezoid rule; CPU,60,0,3.39839e+07,29.4257,8, 3.52338e-05,,3.52338e-05,1.20796e-05,1.28073e-05,
Smooth exp(-Ar^2-b*rho^2),bicubic interp; trapezoid rule; CPU,64,0,3.79416e+07,26.3563,8, 2.2944e-05,,2.2944e-05,1.03383e-05,1.19032e-05,
Smooth exp(-Ar^2-b*rho^2),bicubic interp; trapezoid rule; CPU,68,0,4.21677e+07,23.7148,8, 1.36671e-05,,1.36671e-05,8.78099e-06,1.28885e-05,
Smooth exp(-Ar^2-b*rho^2),bicubic interp; trapezoid rule; CPU,72,0,4.66644e+07,21.4296,8, 9.70686e-06,,9.19559e-06,7.35834e-06,9.70686e-06,
Smooth exp(-Ar^2-b*rho^2),bicubic interp; trapezoid rule; CPU,76,0,5.02828e+07,19.8875,8, 7.66169e-06,,7.66169e-06,6.12814e-06,4.68022e-06,
Smooth exp(-Ar^2-b*rho^2),bicubic interp; trapezoid rule; CPU,80,0,5.94505e+07,16.8207,8, 7.22061e-06,,7.22061e-06,5.06286e-06,3.77845e-06,
Smooth exp(-Ar^2-b*rho^2),bicubic interp; trapezoid rule; CPU,84,0,6.94257e+07,14.4039,8, 6.8208e-06,,6.8208e-06,4.15185e-06,4.39742e-06,
Smooth exp(-Ar^2-b*rho^2),bicubic interp; trapezoid rule; CPU,88,0,6.74616e+07,14.8232,8, 6.06589e-06,,6.06589e-06,3.37685e-06,3.90133e-06,
Smooth exp(-Ar^2-b*rho^2),bicubic interp; trapezoid rule; CPU,92,0,6.90041e+07,14.4919,8, 4.95447e-06,,4.95447e-06,2.75185e-06,2.47358e-06,
Smooth exp(-Ar^2-b*rho^2),bicubic interp; trapezoid rule; CPU,96,0,7.55092e+07,13.2434,8, 3.68773e-06,,3.68773e-06,2.22404e-06,2.19655e-06,
Smooth exp(-Ar^2-b*rho^2),bicubic interp; trapezoid rule; CPU,100,0,8.18097e+07,12.2235,8, 2.80334e-06,,2.60625e-06,1.96115e-06,2.80334e-06,
Smooth exp(-Ar^2-b*rho^2),bicubic interp; trapezoid rule; CPU,104,0,9.00147e+07,11.1093,8, 2.03651e-06,,2.03651e-06,1.55233e-06,1.91061e-06,
Smooth exp(-Ar^2-b*rho^2),bicubic interp; trapezoid rule; CPU,108,0,9.81585e+07,10.1876,8, 1.83194e-06,,1.83194e-06,1.31604e-06,1.52164e-06,
Smooth exp(-Ar^2-b*rho^2),bicubic interp; trapezoid rule; CPU,112,0,1.0239e+08,9.76661,8, 1.98895e-06,,1.98895e-06,8.86097e-07,1.16884e-06,
Smooth exp(-Ar^2-b*rho^2),bicubic interp; trapezoid rule; CPU,116,0,1.11026e+08,9.0069,8, 1.70967e-06,,1.70967e-06,7.33997e-07,8.01397e-07,
Smooth exp(-Ar^2-b*rho^2),bicubic interp; trapezoid rule; CPU,120,0,1.18163e+08,8.4629,8, 1.56743e-06,,1.56743e-06,5.60069e-07,9.449e-07,
Smooth exp(-Ar^2-b*rho^2),bicubic interp; trapezoid rule; CPU,124,0,1.43281e+08,6.97931,8, 1.33913e-06,,1.33913e-06,8.86542e-07,8.97003e-07,
Smooth exp(-Ar^2-b*rho^2),bicubic interp; trapezoid rule; CPU,128,0,1.65687e+08,6.03546,8, 1.06544e-06,,1.06544e-06,4.96373e-07,5.945e-07,
Smooth exp(-Ar^2-b*rho^2),bicubic interp; trapezoid rule; CPU,132,0,2.04806e+08,4.88266,8, 8.2393e-07,,8.2393e-07,4.36344e-07,5.88785e-07,
Smooth exp(-Ar^2-b*rho^2),bicubic interp; trapezoid rule; CPU,136,0,1.91289e+08,5.2277,8, 6.68964e-07,,6.68964e-07,5.05953e-07,4.85483e-07,
Smooth exp(-Ar^2-b*rho^2),bicubic interp; trapezoid rule; CPU,140,0,1.71156e+08,5.84263,8, 6.44179e-07,,6.44179e-07,5.68242e-07,5.35313e-07,
Smooth exp(-Ar^2-b*rho^2),bicubic interp; trapezoid rule; CPU,144,0,2.04765e+08,4.88365,8, 6.32905e-07,,6.32905e-07,4.95763e-07,4.73467e-07,
Smooth exp(-Ar^2-b*rho^2),bicubic interp; trapezoid rule; CPU,148,0,2.31786e+08,4.31433,8, 6.16255e-07,,6.16255e-07,2.83771e-07,3.48081e-07,
Smooth exp(-Ar^2-b*rho^2),bicubic interp; trapezoid rule; CPU,152,0,2.18167e+08,4.58364,8, 5.73188e-07,,5.73188e-07,2.72964e-07,2.56349e-07,
Smooth exp(-Ar^2-b*rho^2),bicubic interp; trapezoid rule; CPU,156,0,2.53871e+08,3.93901,8, 5.02227e-07,,5.02227e-07,2.59444e-07,3.1941e-07,
Smooth exp(-Ar^2-b*rho^2),bicubic interp; trapezoid rule; CPU,160,0,2.52444e+08,3.96127,8, 4.19996e-07,,4.19996e-07,2.41824e-07,3.35042e-07,
Smooth exp(-Ar^2-b*rho^2),bicubic interp; trapezoid rule; CPU,164,0,2.69492e+08,3.71068,8, 3.37058e-07,,3.37058e-07,2.23547e-07,2.02321e-07,
Smooth exp(-Ar^2-b*rho^2),bicubic interp; trapezoid rule; CPU,168,0,2.69792e+08,3.70656,8, 2.9563e-07,,2.9563e-07,2.06628e-07,2.09461e-07,
Smooth exp(-Ar^2-b*rho^2),bicubic interp; trapezoid rule; CPU,172,0,2.9259e+08,3.41775,8, 2.17851e-07,,1.52083e-07,2.1193e-07,2.17851e-07,
Smooth exp(-Ar^2-b*rho^2),bicubic interp; trapezoid rule; CPU,176,0,2.92117e+08,3.42329,8, 2.70241e-07,,2.70241e-07,2.17942e-07,1.99425e-07,
Smooth exp(-Ar^2-b*rho^2),bicubic interp; trapezoid rule; CPU,180,0,3.07212e+08,3.25508,8, 2.74186e-07,,2.74186e-07,2.20894e-07,1.63915e-07,
Smooth exp(-Ar^2-b*rho^2),bicubic interp; trapezoid rule; CPU,184,0,2.95538e+08,3.38366,8, 2.57611e-07,,2.57611e-07,1.69522e-07,1.67837e-07,
Smooth exp(-Ar^2-b*rho^2),bicubic interp; trapezoid rule; CPU,188,0,3.285e+08,3.04414,8, 2.29328e-07,,2.29328e-07,1.57076e-07,1.2277e-07,
Smooth exp(-Ar^2-b*rho^2),bicubic interp; trapezoid rule; CPU,192,0,3.14387e+08,3.1808,8, 1.94307e-07,,1.94307e-07,1.11602e-07,1.57381e-07,
Smooth exp(-Ar^2-b*rho^2),bicubic interp; trapezoid rule; CPU,196,0,3.29692e+08,3.03314,8, 1.63722e-07,,1.63722e-07,1.04735e-07,1.57496e-07,
Smooth exp(-Ar^2-b*rho^2),bicubic interp; trapezoid rule; CPU,200,0,3.49776e+08,2.85898,8, 1.48274e-07,,1.48274e-07,9.912e-08,1.40876e-07,
Smooth exp(-Ar^2-b*rho^2),bicubic interp; trapezoid rule; CPU,204,0,3.85014e+08,2.59731,8, 1.82977e-07,,1.82977e-07,8.90094e-08,1.08631e-07,
Smooth exp(-Ar^2-b*rho^2),bicubic interp; trapezoid rule; CPU,208,0,3.87016e+08,2.58387,8, 1.78006e-07,,1.78006e-07,6.60299e-08,8.89197e-08,
Smooth exp(-Ar^2-b*rho^2),bicubic interp; trapezoid rule; CPU,212,0,3.64262e+08,2.74528,8, 1.57696e-07,,1.57696e-07,6.22715e-08,9.98673e-08,
Smooth exp(-Ar^2-b*rho^2),bicubic interp; trapezoid rule; CPU,216,0,4.35192e+08,2.29784,8, 1.32142e-07,,1.32142e-07,7.06627e-08,8.40152e-08,
Smooth exp(-Ar^2-b*rho^2),bicubic interp; trapezoid rule; CPU,220,0,3.45781e+08,2.892,8, 1.18978e-07,,1.18978e-07,5.29813e-08,6.67351e-08,
Smooth exp(-Ar^2-b*rho^2),bicubic interp; trapezoid rule; CPU,224,0,3.9827e+08,2.51086,8, 1.01263e-07,,1.01263e-07,6.79338e-08,6.50295e-08,
Smooth exp(-Ar^2-b*rho^2),bicubic interp; trapezoid rule; CPU,228,0,4.20585e+08,2.37764,8, 7.04665e-08,,7.04665e-08,6.16799e-08,6.84015e-08,
Smooth exp(-Ar^2-b*rho^2),bicubic interp; trapezoid rule; CPU,232,0,4.4345e+08,2.25505,8, 7.36074e-08,,5.52996e-08,6.38969e-08,7.36074e-08,
Smooth exp(-Ar^2-b*rho^2),bicubic interp; trapezoid rule; CPU,236,0,4.3874e+08,2.27925,8, 6.30634e-08,,5.65371e-08,6.30634e-08,5.24936e-08,
Smooth exp(-Ar^2-b*rho^2),bicubic interp; trapezoid rule; CPU,240,0,4.27753e+08,2.3378,8, 6.62538e-08,,6.62538e-08,6.21223e-08,4.42309e-08,
Smooth exp(-Ar^2-b*rho^2),bicubic interp; trapezoid rule; CPU,244,0,4.10361e+08,2.43688,8, 8.03478e-08,,8.03478e-08,6.05507e-08,6.4073e-08,
Smooth exp(-Ar^2-b*rho^2),bicubic interp; trapezoid rule; CPU,248,0,4.76402e+08,2.09907,8, 8.17404e-08,,8.17404e-08,4.60576e-08,5.7544e-08,
Smooth exp(-Ar^2-b*rho^2),bicubic interp; trapezoid rule; CPU,252,0,4.69174e+08,2.13141,8, 6.73347e-08,,6.73347e-08,4.32548e-08,3.93905e-08,
Smooth exp(-Ar^2-b*rho^2),bicubic interp; trapezoid rule; CPU,256,0,4.83296e+08,2.06913,8, 5.32221e-08,,5.32221e-08,3.68197e-08,3.53041e-08,
Smooth exp(-Ar^2-b*rho^2),bicubic interp; trapezoid rule; CPU,260,0,5.07698e+08,1.96968,8, 4.41541e-08,,4.41541e-08,3.21891e-08,3.87654e-08,
Smooth exp(-Ar^2-b*rho^2),bicubic interp; trapezoid rule; CPU,264,0,5.36069e+08,1.86543,8, 4.19269e-08,,4.19269e-08,2.82891e-08,4.04629e-08,
Smooth exp(-Ar^2-b*rho^2),bicubic interp; trapezoid rule; CPU,268,0,5.42806e+08,1.84228,8, 3.63917e-08,,3.63347e-08,2.76156e-08,3.63917e-08,
Smooth exp(-Ar^2-b*rho^2),bicubic interp; trapezoid rule; CPU,272,0,5.74516e+08,1.7406,8, 3.02941e-08,,3.02941e-08,2.82978e-08,2.09484e-08,
Smooth exp(-Ar^2-b*rho^2),bicubic interp; trapezoid rule; CPU,276,0,5.58487e+08,1.79055,8, 3.69268e-08,,2.60569e-08,3.69268e-08,3.0208e-08,
Smooth exp(-Ar^2-b*rho^2),bicubic interp; trapezoid rule; CPU,280,0,5.8946e+08,1.69647,8, 3.14335e-08,,2.65893e-08,2.08245e-08,3.14335e-08,
Smooth exp(-Ar^2-b*rho^2),bicubic interp; trapezoid rule; CPU,284,0,5.98656e+08,1.67041,8, 3.2427e-08,,3.2427e-08,1.79508e-08,2.936e-08,
Smooth exp(-Ar^2-b*rho^2),bicubic interp; trapezoid rule; CPU,288,0,6.33042e+08,1.57967,8, 4.00848e-08,,4.00848e-08,1.95443e-08,2.23103e-08,
Smooth exp(-Ar^2-b*rho^2),bicubic interp; trapezoid rule; CPU,292,0,6.5418e+08,1.52863,8, 4.28885e-08,,4.28885e-08,1.81858e-08,2.98745e-08,
Smooth exp(-Ar^2-b*rho^2),bicubic interp; trapezoid rule; CPU,296,0,6.73127e+08,1.4856,8, 4.93055e-08,,4.93055e-08,1.96576e-08,2.53445e-08,
Smooth exp(-Ar^2-b*rho^2),bicubic interp; trapezoid rule; CPU,300,0,6.90096e+08,1.44907,8, 4.74128e-08,,4.74128e-08,2.0794e-08,1.65076e-08,
Smooth exp(-Ar^2-b*rho^2),bicubic interp; trapezoid rule; CPU,304,0,7.09853e+08,1.40874,8, 3.9618e-08,,3.9618e-08,2.0676e-08,2.39916e-08,
Smooth exp(-Ar^2-b*rho^2),bicubic interp; trapezoid rule; CPU,308,0,7.31957e+08,1.3662,8, 2.9498e-08,,2.91271e-08,2.37397e-08,2.9498e-08,
Smooth exp(-Ar^2-b*rho^2),bicubic interp; trapezoid rule; CPU,312,0,7.63075e+08,1.31049,8, 2.2834e-08,,1.81763e-08,2.2834e-08,1.99506e-08,
Smooth exp(-Ar^2-b*rho^2),bicubic interp; trapezoid rule; CPU,316,0,7.94409e+08,1.2588,8, 1.66008e-08,,1.06235e-08,1.57758e-08,1.66008e-08,
Smooth exp(-Ar^2-b*rho^2),bicubic interp; trapezoid rule; CPU,320,0,7.98161e+08,1.25288,8, 2.14285e-08,,8.38973e-09,2.14285e-08,1.58307e-08,
Smooth exp(-Ar^2-b*rho^2),bicubic interp; trapezoid rule; CPU,324,0,8.46422e+08,1.18144,8, 1.45235e-08,,1.07335e-08,1.42616e-08,1.45235e-08,
Smooth exp(-Ar^2-b*rho^2),bicubic interp; trapezoid rule; CPU,328,0,8.78983e+08,1.13768,8, 1.62392e-08,,1.48633e-08,1.55717e-08,1.62392e-08,
Smooth exp(-Ar^2-b*rho^2),bicubic interp; trapezoid rule; CPU,332,0,9.00432e+08,1.11058,8, 1.83848e-08,,1.83848e-08,1.40346e-08,1.74235e-08,
Smooth exp(-Ar^2-b*rho^2),bicubic interp; trapezoid rule; CPU,336,0,9.24499e+08,1.08167,8, 2.36292e-08,,2.36292e-08,1.18176e-08,1.56953e-08,
Smooth exp(-Ar^2-b*rho^2),bicubic interp; trapezoid rule; CPU,340,0,9.30539e+08,1.07465,8, 2.49558e-08,,2.49558e-08,9.93849e-09,1.26782e-08,
Smooth exp(-Ar^2-b*rho^2),bicubic interp; trapezoid rule; CPU,344,0,9.52825e+08,1.04951,8, 2.23312e-08,,2.23312e-08,1.18288e-08,1.47265e-08,
Smooth exp(-Ar^2-b*rho^2),bicubic interp; trapezoid rule; CPU,348,0,9.82009e+08,1.01832,8, 1.68004e-08,,1.68004e-08,1.1968e-08,1.17962e-08,
Smooth exp(-Ar^2-b*rho^2),bicubic interp; trapezoid rule; CPU,352,0,9.98363e+08,1.00164,8, 1.07804e-08,,1.02776e-08,9.42165e-09,1.07804e-08,
Smooth exp(-Ar^2-b*rho^2),bicubic interp; trapezoid rule; CPU,356,0,1.02756e+09,0.973175,8, 1.45624e-08,,9.67867e-09,9.82948e-09,1.45624e-08,
Smooth exp(-Ar^2-b*rho^2),bicubic interp; trapezoid rule; CPU,360,0,1.04624e+09,0.955807,8, 1.39384e-08,,1.14936e-08,1.00689e-08,1.39384e-08,
Smooth exp(-Ar^2-b*rho^2),bicubic interp; trapezoid rule; CPU,364,0,1.07152e+09,0.933252,8, 1.33956e-08,,1.33956e-08,1.2669e-08,9.39993e-09,
Smooth exp(-Ar^2-b*rho^2),bicubic interp; trapezoid rule; CPU,368,0,1.11757e+09,0.894799,8, 1.49353e-08,,1.49353e-08,1.30253e-08,1.02113e-08,
Smooth exp(-Ar^2-b*rho^2),bicubic interp; trapezoid rule; CPU,372,0,1.1443e+09,0.873893,8, 1.53058e-08,,1.53058e-08,1.21474e-08,1.13171e-08,
Smooth exp(-Ar^2-b*rho^2),bicubic interp; trapezoid rule; CPU,376,0,1.17258e+09,0.85282,8, 1.42395e-08,,1.42395e-08,1.07137e-08,1.41361e-08,
Smooth exp(-Ar^2-b*rho^2),bicubic interp; trapezoid rule; CPU,380,0,1.19554e+09,0.83644,8, 1.2688e-08,,1.2688e-08,7.6627e-09,7.87636e-09,
Smooth exp(-Ar^2-b*rho^2),bicubic interp; trapezoid rule; CPU,384,0,1.34706e+09,0.742359,8, 1.14647e-08,,1.14647e-08,9.82469e-09,6.66168e-09,
Smooth exp(-Ar^2-b*rho^2),bicubic interp; trapezoid rule; CPU,388,0,1.24446e+09,0.80356,8, 1.16465e-08,,1.16465e-08,9.96587e-09,1.02984e-08,
Smooth exp(-Ar^2-b*rho^2),bicubic interp; trapezoid rule; CPU,392,0,1.26834e+09,0.788429,8, 1.22267e-08,,1.22267e-08,7.83415e-09,9.37302e-09,
Smooth exp(-Ar^2-b*rho^2),bicubic interp; trapezoid rule; CPU,396,0,1.32066e+09,0.757199,8, 1.19191e-08,,1.19191e-08,8.9493e-09,8.72632e-09,
Smooth exp(-Ar^2-b*rho^2),bicubic interp; trapezoid rule; CPU,400,0,1.34266e+09,0.744792,8, 1.04862e-08,,1.04862e-08,8.31586e-09,8.34697e-09,
Smooth exp(-Ar^2-b*rho^2),bicubic interp; trapezoid rule; CPU,404,0,1.3481e+09,0.741784,8, 9.05815e-09,,7.94229e-09,8.79544e-09,9.05815e-09,
Smooth exp(-Ar^2-b*rho^2),bicubic interp; trapezoid rule; CPU,408,0,1.38924e+09,0.719816,8, 8.89029e-09,,4.93014e-09,8.79703e-09,8.89029e-09,
Smooth exp(-Ar^2-b*rho^2),bicubic interp; trapezoid rule; CPU,412,0,1.42107e+09,0.703693,8, 1.01391e-08,,4.26899e-09,8.13272e-09,1.01391e-08,
Smooth exp(-Ar^2-b*rho^2),bicubic interp; trapezoid rule; CPU,416,0,1.45718e+09,0.686256,8, 9.90719e-09,,2.27589e-09,9.90719e-09,8.68087e-09,
Smooth exp(-Ar^2-b*rho^2),bicubic interp; trapezoid rule; CPU,420,0,1.50345e+09,0.665137,8, 9.83136e-09,,4.01444e-09,9.83136e-09,8.74477e-09,
Smooth exp(-Ar^2-b*rho^2),bicubic interp; trapezoid rule; CPU,424,0,1.53295e+09,0.652336,8, 1.00641e-08,,6.62617e-09,1.00641e-08,8.59882e-09,
Smooth exp(-Ar^2-b*rho^2),bicubic interp; trapezoid rule; CPU,428,0,1.56989e+09,0.636989,8, 9.64936e-09,,8.68694e-09,9.08616e-09,9.64936e-09,
Smooth exp(-Ar^2-b*rho^2),bicubic interp; trapezoid rule; CPU,432,0,1.59554e+09,0.626747,8, 1.01982e-08,,9.48456e-09,1.01982e-08,8.12198e-09,
Smooth exp(-Ar^2-b*rho^2),bicubic interp; trapezoid rule; CPU,436,0,1.63666e+09,0.611002,8, 1.06363e-08,,8.79218e-09,1.06363e-08,8.19712e-09,
Smooth exp(-Ar^2-b*rho^2),bicubic interp; trapezoid rule; CPU,440,0,2.11376e+09,0.47309,8, 1.10634e-08,,7.54564e-09,1.10634e-08,9.28163e-09,
Smooth exp(-Ar^2-b*rho^2),bicubic interp; trapezoid rule; CPU,444,0,1.70862e+09,0.585267,8, 1.27208e-08,,5.75739e-09,1.27208e-08,1.01632e-08,
Smooth exp(-Ar^2-b*rho^2),bicubic interp; trapezoid rule; CPU,448,0,1.73253e+09,0.57719,8, 1.15775e-08,,3.91121e-09,1.15775e-08,9.86937e-09,
Smooth exp(-Ar^2-b*rho^2),bicubic interp; trapezoid rule; CPU,452,0,1.79173e+09,0.558119,8, 1.24846e-08,,3.1208e-09,1.24846e-08,8.88186e-09,
Smooth exp(-Ar^2-b*rho^2),bicubic interp; trapezoid rule; CPU,456,0,1.79786e+09,0.556218,8, 1.03069e-08,,4.05839e-09,1.03069e-08,1.00869e-08,
Smooth exp(-Ar^2-b*rho^2),bicubic interp; trapezoid rule; CPU,460,0,1.82552e+09,0.547788,8, 1.23623e-08,,5.2763e-09,1.23623e-08,9.34786e-09,
Smooth exp(-Ar^2-b*rho^2),bicubic interp; trapezoid rule; CPU,464,0,1.87722e+09,0.532702,8, 1.30324e-08,,6.69657e-09,1.30324e-08,1.06814e-08,
Smooth exp(-Ar^2-b*rho^2),bicubic interp; trapezoid rule; CPU,468,0,1.90031e+09,0.52623,8, 1.39646e-08,,7.41762e-09,1.39646e-08,9.62711e-09,
Smooth exp(-Ar^2-b*rho^2),bicubic interp; trapezoid rule; CPU,472,0,1.95377e+09,0.511831,8, 1.33904e-08,,7.21849e-09,1.33904e-08,1.2055e-08,
Smooth exp(-Ar^2-b*rho^2),bicubic interp; trapezoid rule; CPU,476,0,1.95757e+09,0.510838,8, 1.31364e-08,,6.18369e-09,1.31364e-08,1.01562e-08,
Smooth exp(-Ar^2-b*rho^2),bicubic interp; trapezoid rule; CPU,480,0,2.09374e+09,0.477614,8, 1.47195e-08,,5.1759e-09,1.47195e-08,1.04524e-08,
Smooth exp(-Ar^2-b*rho^2),bicubic interp; trapezoid rule; CPU,484,0,2.04586e+09,0.488793,8, 1.80667e-08,,4.72181e-09,1.80667e-08,1.29571e-08,
Smooth exp(-Ar^2-b*rho^2),bicubic interp; trapezoid rule; CPU,488,0,2.12593e+09,0.470383,8, 1.98243e-08,,3.83436e-09,1.98243e-08,1.08224e-08,
Smooth exp(-Ar^2-b*rho^2),bicubic interp; trapezoid rule; CPU,492,0,2.17957e+09,0.458806,8, 1.40619e-08,,6.12749e-09,1.40619e-08,1.21746e-08,
Smooth exp(-Ar^2-b*rho^2),bicubic interp; trapezoid rule; CPU,496,0,2.17281e+09,0.460234,8, 1.48126e-08,,5.37525e-09,1.48126e-08,1.40181e-08,
Smooth exp(-Ar^2-b*rho^2),bicubic interp; trapezoid rule; CPU,500,0,2.24674e+09,0.445089,8, 1.80778e-08,,5.51646e-09,1.80778e-08,1.32116e-08,
Smooth exp(-Ar^2-b*rho^2),bicubic interp; trapezoid rule; CPU,504,0,2.46728e+09,0.405304,8, 1.55532e-08,,6.38636e-09,1.55532e-08,1.42058e-08,
Smooth exp(-Ar^2-b*rho^2),bicubic interp; trapezoid rule; CPU,508,0,2.37931e+09,0.42029,8, 1.7015e-08,,5.36593e-09,1.7015e-08,1.45515e-08,
Smooth exp(-Ar^2-b*rho^2),bicubic interp; trapezoid rule; CPU,512,0,2.37513e+09,0.421029,8, 1.61913e-08,,6.78502e-09,1.61913e-08,1.43384e-08,
Smooth exp(-Ar^2-b*rho^2),bicubic interp; trapezoid rule; CPU,516,0,2.60556e+09,0.383795,8, 1.54307e-08,,5.63485e-09,1.54307e-08,1.20162e-08,
