calculator chosen: 8
func chosen: 1
cache dir chosen: /scratch/ob749/GA/cache/
FunctionName, Calculator,N,Init time (s), Calc.time(s), Calc.Freq(hz), Bytes, MaxError, FirstBlank, Err1, Err2, Err3, Blank
Smooth exp(-Ar^2-b*rho^2),bicubic interp; GPU Sparse Matrix  ,8,0.283,633255,1579.14,8, 0.245828,,0.0392071,0.245828,0.205864,
Smooth exp(-Ar^2-b*rho^2),bicubic interp; GPU Sparse Matrix  ,12,0.027,228680,4372.92,8, 0.0586456,,0.0126693,0.0586456,0.0514305,
Smooth exp(-Ar^2-b*rho^2),bicubic interp; GPU Sparse Matrix  ,16,0.057,312298,3202.07,8, 0.0193905,,0.00899919,0.0159025,0.0193905,
Smooth exp(-Ar^2-b*rho^2),bicubic interp; GPU Sparse Matrix  ,20,0.094,420710,2376.93,8, 0.00567773,,0.00550951,0.0049656,0.00567773,
Smooth exp(-Ar^2-b*rho^2),bicubic interp; GPU Sparse Matrix  ,24,0.193,612624,1632.32,8, 0.002965,,0.002965,0.00178686,0.00105544,
Smooth exp(-Ar^2-b*rho^2),bicubic interp; GPU Sparse Matrix  ,28,0.337,761687,1312.88,8, 0.00144903,,0.00144903,0.000714873,0.000637616,
Smooth exp(-Ar^2-b*rho^2),bicubic interp; GPU Sparse Matrix  ,32,0.509,986843,1013.33,8, 0.000633744,,0.000633744,0.00031026,0.000526117,
Smooth exp(-Ar^2-b*rho^2),bicubic interp; GPU Sparse Matrix  ,36,0.713,1.06791e+06,936.408,8, 0.000302831,,0.000246881,0.000143485,0.000302831,
Smooth exp(-Ar^2-b*rho^2),bicubic interp; GPU Sparse Matrix  ,40,0.999,1.32757e+06,753.257,8, 0.000112498,,0.000112498,7.05117e-05,0.000106884,
Smooth exp(-Ar^2-b*rho^2),bicubic interp; GPU Sparse Matrix  ,44,1.364,1.5108e+06,661.903,8, 7.63503e-05,,7.63503e-05,4.77616e-05,5.71695e-05,
Smooth exp(-Ar^2-b*rho^2),bicubic interp; GPU Sparse Matrix  ,48,1.707,1.76389e+06,566.928,8, 6.65586e-05,,6.65586e-05,3.17894e-05,5.66148e-05,
Smooth exp(-Ar^2-b*rho^2),bicubic interp; GPU Sparse Matrix  ,52,2.013,2.08527e+06,479.555,8, 5.88226e-05,,5.88226e-05,2.20331e-05,4.92571e-05,
Smooth exp(-Ar^2-b*rho^2),bicubic interp; GPU Sparse Matrix  ,56,2.816,2.3589e+06,423.927,8, 4.80017e-05,,4.80017e-05,1.60513e-05,2.69847e-05,
Smooth exp(-Ar^2-b*rho^2),bicubic interp; GPU Sparse Matrix  ,60,3.488,2.64074e+06,378.682,8, 3.52337e-05,,3.52337e-05,1.20685e-05,1.27894e-05,
Smooth exp(-Ar^2-b*rho^2),bicubic interp; GPU Sparse Matrix  ,64,3.644,3.03418e+06,329.578,8, 2.2946e-05,,2.2946e-05,1.03376e-05,1.18131e-05,
Smooth exp(-Ar^2-b*rho^2),bicubic interp; GPU Sparse Matrix  ,68,4.66,3.60461e+06,277.423,8, 1.36715e-05,,1.36715e-05,8.78288e-06,1.28963e-05,
Smooth exp(-Ar^2-b*rho^2),bicubic interp; GPU Sparse Matrix  ,72,6.341,4.23273e+06,236.254,8, 9.70003e-06,,9.19614e-06,7.3662e-06,9.70003e-06,
Smooth exp(-Ar^2-b*rho^2),bicubic interp; GPU Sparse Matrix  ,76,7.365,4.6293e+06,216.015,8, 7.66304e-06,,7.66304e-06,6.12559e-06,4.69522e-06,
Smooth exp(-Ar^2-b*rho^2),bicubic interp; GPU Sparse Matrix  ,80,8.318,5.27947e+06,189.413,8, 7.21992e-06,,7.21992e-06,5.05965e-06,3.77809e-06,
Smooth exp(-Ar^2-b*rho^2),bicubic interp; GPU Sparse Matrix  ,84,9.932,5.71789e+06,174.89,8, 6.82136e-06,,6.82136e-06,4.15302e-06,4.39858e-06,
Smooth exp(-Ar^2-b*rho^2),bicubic interp; GPU Sparse Matrix  ,88,11.176,6.39786e+06,156.302,8, 6.067e-06,,6.067e-06,3.38713e-06,4.13897e-06,
Smooth exp(-Ar^2-b*rho^2),bicubic interp; GPU Sparse Matrix  ,92,13.255,7.24068e+06,138.109,8, 4.95465e-06,,4.95465e-06,2.74925e-06,2.59784e-06,
Smooth exp(-Ar^2-b*rho^2),bicubic interp; GPU Sparse Matrix  ,96,15.075,1.30769e+07,76.4707,8, 3.68809e-06,,3.68809e-06,2.22687e-06,1.63217e-06,
Smooth exp(-Ar^2-b*rho^2),bicubic interp; GPU Sparse Matrix  ,100,17.244,1.39641e+07,71.6122,8, 2.60626e-06,,2.60626e-06,1.78625e-06,1.66191e-06,
Smooth exp(-Ar^2-b*rho^2),bicubic interp; GPU Sparse Matrix  ,104,19.381,9.83334e+06,101.695,8, 2.03652e-06,,2.03652e-06,1.42012e-06,1.92356e-06,
Smooth exp(-Ar^2-b*rho^2),bicubic interp; GPU Sparse Matrix  ,108,21.481,1.08115e+07,92.494,8, 1.83199e-06,,1.83199e-06,1.12034e-06,1.51733e-06,
Smooth exp(-Ar^2-b*rho^2),bicubic interp; GPU Sparse Matrix  ,112,25.725,1.19874e+07,83.4208,8, 1.77396e-06,,1.77396e-06,8.79363e-07,8.57712e-07,
Smooth exp(-Ar^2-b*rho^2),bicubic interp; GPU Sparse Matrix  ,116,27.827,1.30532e+07,76.6093,8, 1.70995e-06,,1.70995e-06,6.97624e-07,7.78917e-07,
Smooth exp(-Ar^2-b*rho^2),bicubic interp; GPU Sparse Matrix  ,120,31.008,1.43197e+07,69.834,8, 1.56724e-06,,1.56724e-06,5.62554e-07,9.44695e-07,
Smooth exp(-Ar^2-b*rho^2),bicubic interp; GPU Sparse Matrix  ,124,33.864,1.54567e+07,64.6968,8, 1.33876e-06,,1.33876e-06,4.92644e-07,9.019e-07,
Smooth exp(-Ar^2-b*rho^2),bicubic interp; GPU Sparse Matrix  ,128,39.231,1.71454e+07,58.3248,8, 1.06364e-06,,1.06364e-06,4.34792e-07,5.95038e-07,
Smooth exp(-Ar^2-b*rho^2),bicubic interp; GPU Sparse Matrix  ,132,44.356,1.89757e+07,52.6989,8, 8.20552e-07,,8.20552e-07,3.84993e-07,4.33869e-07,
Smooth exp(-Ar^2-b*rho^2),bicubic interp; GPU Sparse Matrix  ,136,47.315,2.06372e+07,48.4561,8, 6.90194e-07,,6.90194e-07,3.40637e-07,4.6631e-07,
Smooth exp(-Ar^2-b*rho^2),bicubic interp; GPU Sparse Matrix  ,140,47.572,2.20305e+07,45.3916,8, 6.44528e-07,,6.44528e-07,3.03946e-07,5.37246e-07,
Smooth exp(-Ar^2-b*rho^2),bicubic interp; GPU Sparse Matrix  ,144,50.578,2.40982e+07,41.4969,8, 6.32844e-07,,6.32844e-07,2.92593e-07,4.25659e-07,
Smooth exp(-Ar^2-b*rho^2),bicubic interp; GPU Sparse Matrix  ,148,56.839,3.07784e+07,32.4903,8, 6.16011e-07,,6.16011e-07,2.83386e-07,2.71144e-07,
Smooth exp(-Ar^2-b*rho^2),bicubic interp; GPU Sparse Matrix  ,152,62.093,2.81111e+07,35.5731,8, 5.73418e-07,,5.73418e-07,2.72174e-07,2.5662e-07,
Smooth exp(-Ar^2-b*rho^2),bicubic interp; GPU Sparse Matrix  ,156,65.828,3.03779e+07,32.9186,8, 5.02377e-07,,5.02377e-07,2.5923e-07,3.16693e-07,
Smooth exp(-Ar^2-b*rho^2),bicubic interp; GPU Sparse Matrix  ,160,71.757,3.27648e+07,30.5205,8, 4.14964e-07,,4.14964e-07,2.43728e-07,2.98598e-07,
Smooth exp(-Ar^2-b*rho^2),bicubic interp; GPU Sparse Matrix  ,164,79.673,3.61174e+07,27.6875,8, 3.37341e-07,,3.37341e-07,2.26043e-07,2.02161e-07,
Smooth exp(-Ar^2-b*rho^2),bicubic interp; GPU Sparse Matrix  ,168,84.791,3.8608e+07,25.9014,8, 2.96056e-07,,2.96056e-07,2.06816e-07,1.61999e-07,
Smooth exp(-Ar^2-b*rho^2),bicubic interp; GPU Sparse Matrix  ,172,95.484,4.10588e+07,24.3553,8, 2.82483e-07,,2.82483e-07,1.86644e-07,1.8239e-07,
Smooth exp(-Ar^2-b*rho^2),bicubic interp; GPU Sparse Matrix  ,176,101.955,4.42389e+07,22.6045,8, 2.79699e-07,,2.79699e-07,1.6637e-07,2.04575e-07,
Smooth exp(-Ar^2-b*rho^2),bicubic interp; GPU Sparse Matrix  ,180,109.896,4.72997e+07,21.1418,8, 2.73922e-07,,2.73922e-07,1.46592e-07,1.61162e-07,
Smooth exp(-Ar^2-b*rho^2),bicubic interp; GPU Sparse Matrix  ,184,118.156,5.04997e+07,19.8021,8, 2.57511e-07,,2.57511e-07,1.27846e-07,1.1139e-07,
Smooth exp(-Ar^2-b*rho^2),bicubic interp; GPU Sparse Matrix  ,188,125.128,5.36148e+07,18.6516,8, 2.29404e-07,,2.29404e-07,1.10605e-07,1.09217e-07,
Smooth exp(-Ar^2-b*rho^2),bicubic interp; GPU Sparse Matrix  ,192,134.661,5.6968e+07,17.5537,8, 1.94495e-07,,1.94495e-07,9.51885e-08,1.35266e-07,
Smooth exp(-Ar^2-b*rho^2),bicubic interp; GPU Sparse Matrix  ,196,146.59,6.08174e+07,16.4427,8, 1.63662e-07,,1.63662e-07,8.18556e-08,1.25224e-07,
Smooth exp(-Ar^2-b*rho^2),bicubic interp; GPU Sparse Matrix  ,200,156.251,6.44381e+07,15.5188,8, 1.47588e-07,,1.47588e-07,7.11429e-08,8.65953e-08,
Smooth exp(-Ar^2-b*rho^2),bicubic interp; GPU Sparse Matrix  ,204,167.871,6.75312e+07,14.808,8, 1.42769e-07,,1.42769e-07,6.39153e-08,7.40019e-08,
Smooth exp(-Ar^2-b*rho^2),bicubic interp; GPU Sparse Matrix  ,208,178.748,7.12325e+07,14.0385,8, 1.42151e-07,,1.42151e-07,5.92721e-08,8.62481e-08,
Smooth exp(-Ar^2-b*rho^2),bicubic interp; GPU Sparse Matrix  ,212,190.547,7.47384e+07,13.38,8, 1.39809e-07,,1.39809e-07,5.49775e-08,9.37685e-08,
Smooth exp(-Ar^2-b*rho^2),bicubic interp; GPU Sparse Matrix  ,216,207.721,7.95945e+07,12.5637,8, 1.32362e-07,,1.32362e-07,5.11205e-08,7.35069e-08,
Smooth exp(-Ar^2-b*rho^2),bicubic interp; GPU Sparse Matrix  ,220,218.685,8.18783e+07,12.2132,8, 1.19346e-07,,1.19346e-07,4.82872e-08,5.40852e-08,
Smooth exp(-Ar^2-b*rho^2),bicubic interp; GPU Sparse Matrix  ,224,227.843,8.5843e+07,11.6492,8, 1.03108e-07,,1.03108e-07,4.78441e-08,5.48747e-08,
Smooth exp(-Ar^2-b*rho^2),bicubic interp; GPU Sparse Matrix  ,228,248.343,9.50985e+07,10.5154,8, 8.89005e-08,,8.89005e-08,4.75662e-08,6.72392e-08,
Smooth exp(-Ar^2-b*rho^2),bicubic interp; GPU Sparse Matrix  ,232,259.161,9.66026e+07,10.3517,8, 8.16801e-08,,8.16801e-08,4.70994e-08,6.10043e-08,
Smooth exp(-Ar^2-b*rho^2),bicubic interp; GPU Sparse Matrix  ,236,279.181,1.02158e+08,9.7888,8, 7.97583e-08,,7.97583e-08,4.61886e-08,4.29371e-08,
Smooth exp(-Ar^2-b*rho^2),bicubic interp; GPU Sparse Matrix  ,240,293.869,1.07896e+08,9.26818,8, 7.9725e-08,,7.9725e-08,4.47671e-08,3.86378e-08,
Smooth exp(-Ar^2-b*rho^2),bicubic interp; GPU Sparse Matrix  ,244,307.678,1.13073e+08,8.84384,8, 7.86618e-08,,7.86618e-08,4.29263e-08,4.61945e-08,
Smooth exp(-Ar^2-b*rho^2),bicubic interp; GPU Sparse Matrix  ,248,323.186,1.19365e+08,8.37769,8, 7.48734e-08,,7.48734e-08,4.06923e-08,4.8781e-08,
Smooth exp(-Ar^2-b*rho^2),bicubic interp; GPU Sparse Matrix  ,252,342.49,1.27372e+08,7.851,8, 6.81374e-08,,6.81374e-08,3.79322e-08,3.79135e-08,
Smooth exp(-Ar^2-b*rho^2),bicubic interp; GPU Sparse Matrix  ,256,362.287,1.31381e+08,7.61143,8, 5.9714e-08,,5.9714e-08,3.49334e-08,2.93179e-08,
Smooth exp(-Ar^2-b*rho^2),bicubic interp; GPU Sparse Matrix  ,260,383.123,1.38823e+08,7.20344,8, 5.24255e-08,,5.24255e-08,3.19013e-08,3.09236e-08,
Smooth exp(-Ar^2-b*rho^2),bicubic interp; GPU Sparse Matrix  ,264,422.338,1.45952e+08,6.85155,8, 4.88241e-08,,4.88241e-08,2.89396e-08,3.70444e-08,
Smooth exp(-Ar^2-b*rho^2),bicubic interp; GPU Sparse Matrix  ,268,452.743,1.57214e+08,6.36077,8, 4.79973e-08,,4.79973e-08,2.60791e-08,3.30658e-08,
Smooth exp(-Ar^2-b*rho^2),bicubic interp; GPU Sparse Matrix  ,272,494.504,1.71816e+08,5.82016,8, 4.81149e-08,,4.81149e-08,2.32374e-08,2.38063e-08,
