calculator chosen: 3
func chosen: 1
cache dir chosen: /scratch/ob749/GA/cache/
FunctionName, Calculator,N,Init time (s), Calc.time(s), Calc.Freq(hz), Bytes, MaxError, FirstBlank, Err1, Err2, Err3, Blank
Smooth exp(-Ar^2-b*rho^2),bicubic interp; CPU Sparse Matrix  ,8,0.001,64122,15595.3,8, 0.245828,,0.0392071,0.245828,0.205864,
Smooth exp(-Ar^2-b*rho^2),bicubic interp; CPU Sparse Matrix  ,12,0.005,56036,17845.7,8, 0.0586456,,0.0126693,0.0586456,0.0514305,
Smooth exp(-Ar^2-b*rho^2),bicubic interp; CPU Sparse Matrix  ,16,0.012,112615,8879.81,8, 0.0193905,,0.00899919,0.0159025,0.0193905,
Smooth exp(-Ar^2-b*rho^2),bicubic interp; CPU Sparse Matrix  ,20,0.025,209641,4770.06,8, 0.00567773,,0.00550951,0.0049656,0.00567773,
Smooth exp(-Ar^2-b*rho^2),bicubic interp; CPU Sparse Matrix  ,24,0.053,369597,2705.65,8, 0.002965,,0.002965,0.00178686,0.00105544,
Smooth exp(-Ar^2-b*rho^2),bicubic interp; CPU Sparse Matrix  ,28,0.094,528748,1891.26,8, 0.00144903,,0.00144903,0.000714873,0.000637616,
Smooth exp(-Ar^2-b*rho^2),bicubic interp; CPU Sparse Matrix  ,32,0.14,824804,1212.41,8, 0.000633744,,0.000633744,0.00031026,0.000526117,
Smooth exp(-Ar^2-b*rho^2),bicubic interp; CPU Sparse Matrix  ,36,0.233,1.21489e+06,823.118,8, 0.000302831,,0.000246881,0.000143485,0.000302831,
Smooth exp(-Ar^2-b*rho^2),bicubic interp; CPU Sparse Matrix  ,40,0.305,1.62139e+06,616.754,8, 0.000112498,,0.000112498,7.05117e-05,0.000106884,
Smooth exp(-Ar^2-b*rho^2),bicubic interp; CPU Sparse Matrix  ,44,0.485,7.60741e+06,131.451,8, 7.63503e-05,,7.63503e-05,4.77616e-05,5.71695e-05,
Smooth exp(-Ar^2-b*rho^2),bicubic interp; CPU Sparse Matrix  ,48,0.566,2.67982e+06,373.159,8, 6.65586e-05,,6.65586e-05,3.17894e-05,5.66148e-05,
Smooth exp(-Ar^2-b*rho^2),bicubic interp; CPU Sparse Matrix  ,52,0.737,3.21836e+06,310.718,8, 5.88226e-05,,5.88226e-05,2.20331e-05,4.92571e-05,
Smooth exp(-Ar^2-b*rho^2),bicubic interp; CPU Sparse Matrix  ,56,1.018,8.60884e+06,116.16,8, 4.80017e-05,,4.80017e-05,1.60513e-05,2.69847e-05,
Smooth exp(-Ar^2-b*rho^2),bicubic interp; CPU Sparse Matrix  ,60,1.256,1.95983e+07,51.0248,8, 3.52337e-05,,3.52337e-05,1.20685e-05,1.27894e-05,
Smooth exp(-Ar^2-b*rho^2),bicubic interp; CPU Sparse Matrix  ,64,1.428,6.18554e+06,161.667,8, 2.2946e-05,,2.2946e-05,1.03376e-05,1.18131e-05,
Smooth exp(-Ar^2-b*rho^2),bicubic interp; CPU Sparse Matrix  ,68,1.754,7.02715e+06,142.305,8, 1.36715e-05,,1.36715e-05,8.78288e-06,1.28963e-05,
Smooth exp(-Ar^2-b*rho^2),bicubic interp; CPU Sparse Matrix  ,72,2.29,1.85117e+07,54.0199,8, 9.70003e-06,,9.19614e-06,7.3662e-06,9.70003e-06,
Smooth exp(-Ar^2-b*rho^2),bicubic interp; CPU Sparse Matrix  ,76,2.748,9.74007e+06,102.669,8, 7.66304e-06,,7.66304e-06,6.12559e-06,4.69522e-06,
Smooth exp(-Ar^2-b*rho^2),bicubic interp; CPU Sparse Matrix  ,80,3.142,1.13085e+07,88.4293,8, 7.21992e-06,,7.21992e-06,5.05965e-06,3.77809e-06,
Smooth exp(-Ar^2-b*rho^2),bicubic interp; CPU Sparse Matrix  ,84,3.606,2.73844e+07,36.5171,8, 6.82136e-06,,6.82136e-06,4.15302e-06,4.39858e-06,
Smooth exp(-Ar^2-b*rho^2),bicubic interp; CPU Sparse Matrix  ,88,4.521,2.47594e+07,40.3888,8, 6.067e-06,,6.067e-06,3.38713e-06,4.13897e-06,
Smooth exp(-Ar^2-b*rho^2),bicubic interp; CPU Sparse Matrix  ,92,5.056,2.55648e+07,39.1162,8, 4.95465e-06,,4.95465e-06,2.74925e-06,2.59784e-06,
Smooth exp(-Ar^2-b*rho^2),bicubic interp; CPU Sparse Matrix  ,96,5.841,2.91097e+07,34.3529,8, 3.68809e-06,,3.68809e-06,2.22687e-06,1.63217e-06,
Smooth exp(-Ar^2-b*rho^2),bicubic interp; CPU Sparse Matrix  ,100,6.529,2.19807e+07,45.4945,8, 2.60626e-06,,2.60626e-06,1.78625e-06,1.66191e-06,
Smooth exp(-Ar^2-b*rho^2),bicubic interp; CPU Sparse Matrix  ,104,7.526,3.47172e+07,28.8042,8, 2.03652e-06,,2.03652e-06,1.42012e-06,1.92356e-06,
Smooth exp(-Ar^2-b*rho^2),bicubic interp; CPU Sparse Matrix  ,108,8.516,6.19089e+07,16.1528,8, 1.83199e-06,,1.83199e-06,1.12034e-06,1.51733e-06,
Smooth exp(-Ar^2-b*rho^2),bicubic interp; CPU Sparse Matrix  ,112,10.329,3.22395e+07,31.0178,8, 1.77396e-06,,1.77396e-06,8.79363e-07,8.57712e-07,
Smooth exp(-Ar^2-b*rho^2),bicubic interp; CPU Sparse Matrix  ,116,11.643,4.22648e+07,23.6604,8, 1.70995e-06,,1.70995e-06,6.97624e-07,7.78917e-07,
Smooth exp(-Ar^2-b*rho^2),bicubic interp; CPU Sparse Matrix  ,120,12.699,3.88319e+07,25.752,8, 1.56724e-06,,1.56724e-06,5.62554e-07,9.44695e-07,
Smooth exp(-Ar^2-b*rho^2),bicubic interp; CPU Sparse Matrix  ,124,14.363,4.46915e+07,22.3756,8, 1.33876e-06,,1.33876e-06,4.92644e-07,9.019e-07,
Smooth exp(-Ar^2-b*rho^2),bicubic interp; CPU Sparse Matrix  ,128,15.659,4.72015e+07,21.1858,8, 1.06364e-06,,1.06364e-06,4.34792e-07,5.95038e-07,
Smooth exp(-Ar^2-b*rho^2),bicubic interp; CPU Sparse Matrix  ,132,17.386,5.75458e+07,17.3775,8, 8.20552e-07,,8.20552e-07,3.84993e-07,4.33869e-07,
Smooth exp(-Ar^2-b*rho^2),bicubic interp; CPU Sparse Matrix  ,136,20.026,5.31211e+07,18.8249,8, 6.90194e-07,,6.90194e-07,3.40637e-07,4.6631e-07,
Smooth exp(-Ar^2-b*rho^2),bicubic interp; CPU Sparse Matrix  ,140,22.692,5.83159e+07,17.148,8, 6.44528e-07,,6.44528e-07,3.03946e-07,5.37246e-07,
Smooth exp(-Ar^2-b*rho^2),bicubic interp; CPU Sparse Matrix  ,144,23.585,6.60867e+07,15.1316,8, 6.32844e-07,,6.32844e-07,2.92593e-07,4.25659e-07,
Smooth exp(-Ar^2-b*rho^2),bicubic interp; CPU Sparse Matrix  ,148,25.338,7.51756e+07,13.3022,8, 6.16011e-07,,6.16011e-07,2.83386e-07,2.71144e-07,
Smooth exp(-Ar^2-b*rho^2),bicubic interp; CPU Sparse Matrix  ,152,28.102,7.66393e+07,13.0481,8, 5.73418e-07,,5.73418e-07,2.72174e-07,2.5662e-07,
Smooth exp(-Ar^2-b*rho^2),bicubic interp; CPU Sparse Matrix  ,156,29.833,7.8262e+07,12.7776,8, 5.02377e-07,,5.02377e-07,2.5923e-07,3.16693e-07,
Smooth exp(-Ar^2-b*rho^2),bicubic interp; CPU Sparse Matrix  ,160,31.768,8.56973e+07,11.669,8, 4.14964e-07,,4.14964e-07,2.43728e-07,2.98598e-07,
Smooth exp(-Ar^2-b*rho^2),bicubic interp; CPU Sparse Matrix  ,164,34.814,9.49317e+07,10.5339,8, 3.37341e-07,,3.37341e-07,2.26044e-07,2.02161e-07,
Smooth exp(-Ar^2-b*rho^2),bicubic interp; CPU Sparse Matrix  ,168,37.459,9.76819e+07,10.2373,8, 2.96056e-07,,2.96056e-07,2.06816e-07,1.61999e-07,
Smooth exp(-Ar^2-b*rho^2),bicubic interp; CPU Sparse Matrix  ,172,42.135,1.03807e+08,9.63324,8, 2.82483e-07,,2.82483e-07,1.86644e-07,1.8239e-07,
Smooth exp(-Ar^2-b*rho^2),bicubic interp; CPU Sparse Matrix  ,176,45.657,1.52581e+08,6.55391,8, 2.79699e-07,,2.79699e-07,1.6637e-07,2.04575e-07,
Smooth exp(-Ar^2-b*rho^2),bicubic interp; CPU Sparse Matrix  ,180,49.188,1.1784e+08,8.4861,8, 2.73922e-07,,2.73922e-07,1.46592e-07,1.61162e-07,
Smooth exp(-Ar^2-b*rho^2),bicubic interp; CPU Sparse Matrix  ,184,51.713,1.28977e+08,7.75335,8, 2.57511e-07,,2.57511e-07,1.27846e-07,1.1139e-07,
Smooth exp(-Ar^2-b*rho^2),bicubic interp; CPU Sparse Matrix  ,188,54.808,1.36173e+08,7.3436,8, 2.29404e-07,,2.29404e-07,1.10605e-07,1.09217e-07,
Smooth exp(-Ar^2-b*rho^2),bicubic interp; CPU Sparse Matrix  ,192,59.184,1.45696e+08,6.8636,8, 1.94495e-07,,1.94495e-07,9.51886e-08,1.35266e-07,
Smooth exp(-Ar^2-b*rho^2),bicubic interp; CPU Sparse Matrix  ,196,63.153,1.56792e+08,6.3779,8, 1.63662e-07,,1.63662e-07,8.18556e-08,1.25224e-07,
Smooth exp(-Ar^2-b*rho^2),bicubic interp; CPU Sparse Matrix  ,200,67.284,1.64806e+08,6.06774,8, 1.47588e-07,,1.47588e-07,7.11429e-08,8.65953e-08,
Smooth exp(-Ar^2-b*rho^2),bicubic interp; CPU Sparse Matrix  ,204,72.19,1.76097e+08,5.67868,8, 1.42769e-07,,1.42769e-07,6.39153e-08,7.40019e-08,
Smooth exp(-Ar^2-b*rho^2),bicubic interp; CPU Sparse Matrix  ,208,75.314,1.85494e+08,5.39101,8, 1.42151e-07,,1.42151e-07,5.92721e-08,8.62481e-08,
Smooth exp(-Ar^2-b*rho^2),bicubic interp; CPU Sparse Matrix  ,212,79.027,1.98399e+08,5.04034,8, 1.39809e-07,,1.39809e-07,5.49775e-08,9.37685e-08,
Smooth exp(-Ar^2-b*rho^2),bicubic interp; CPU Sparse Matrix  ,216,88.585,2.09828e+08,4.76581,8, 1.32362e-07,,1.32362e-07,5.11205e-08,7.35069e-08,
Smooth exp(-Ar^2-b*rho^2),bicubic interp; CPU Sparse Matrix  ,220,94.704,2.21163e+08,4.52154,8, 1.19346e-07,,1.19346e-07,4.82872e-08,5.40852e-08,
Smooth exp(-Ar^2-b*rho^2),bicubic interp; CPU Sparse Matrix  ,224,97.386,2.32272e+08,4.30529,8, 1.03108e-07,,1.03108e-07,4.78442e-08,5.48747e-08,
Smooth exp(-Ar^2-b*rho^2),bicubic interp; CPU Sparse Matrix  ,228,103.809,2.55275e+08,3.91735,8, 8.89005e-08,,8.89005e-08,4.75662e-08,6.72392e-08,
Smooth exp(-Ar^2-b*rho^2),bicubic interp; CPU Sparse Matrix  ,232,109.034,2.61494e+08,3.82418,8, 8.16801e-08,,8.16801e-08,4.70994e-08,6.10043e-08,
Smooth exp(-Ar^2-b*rho^2),bicubic interp; CPU Sparse Matrix  ,236,114.388,2.778e+08,3.59971,8, 7.97583e-08,,7.97583e-08,4.61885e-08,4.29371e-08,
Smooth exp(-Ar^2-b*rho^2),bicubic interp; CPU Sparse Matrix  ,240,120.624,2.87057e+08,3.48362,8, 7.9725e-08,,7.9725e-08,4.47671e-08,3.86377e-08,
Smooth exp(-Ar^2-b*rho^2),bicubic interp; CPU Sparse Matrix  ,244,125.68,3.03052e+08,3.29977,8, 7.86618e-08,,7.86618e-08,4.29263e-08,4.61945e-08,
Smooth exp(-Ar^2-b*rho^2),bicubic interp; CPU Sparse Matrix  ,248,133.182,3.17517e+08,3.14944,8, 7.48734e-08,,7.48734e-08,4.06923e-08,4.8781e-08,
Smooth exp(-Ar^2-b*rho^2),bicubic interp; CPU Sparse Matrix  ,252,140.171,3.35383e+08,2.98166,8, 6.81374e-08,,6.81374e-08,3.79322e-08,3.79135e-08,
Smooth exp(-Ar^2-b*rho^2),bicubic interp; CPU Sparse Matrix  ,256,147.067,3.52823e+08,2.83428,8, 5.9714e-08,,5.9714e-08,3.49333e-08,2.93179e-08,
Smooth exp(-Ar^2-b*rho^2),bicubic interp; CPU Sparse Matrix  ,260,154.616,3.70696e+08,2.69763,8, 5.24255e-08,,5.24255e-08,3.19013e-08,3.09235e-08,
Smooth exp(-Ar^2-b*rho^2),bicubic interp; CPU Sparse Matrix  ,264,161.574,3.98091e+08,2.51199,8, 4.88241e-08,,4.88241e-08,2.89397e-08,3.70444e-08,
Smooth exp(-Ar^2-b*rho^2),bicubic interp; CPU Sparse Matrix  ,268,181.91,4.21472e+08,2.37264,8, 4.79973e-08,,4.79973e-08,2.6079e-08,3.30658e-08,
Smooth exp(-Ar^2-b*rho^2),bicubic interp; CPU Sparse Matrix  ,272,199.893,4.32157e+08,2.31398,8, 4.81149e-08,,4.81149e-08,2.32374e-08,2.38063e-08,
Smooth exp(-Ar^2-b*rho^2),bicubic interp; CPU Sparse Matrix  ,276,194.973,5.82615e+08,1.7164,8, 4.75906e-08,,4.75906e-08,2.06883e-08,2.22241e-08,
Smooth exp(-Ar^2-b*rho^2),bicubic interp; CPU Sparse Matrix  ,280,206.785,4.69234e+08,2.13113,8, 4.54939e-08,,4.54939e-08,1.85659e-08,2.69599e-08,
Smooth exp(-Ar^2-b*rho^2),bicubic interp; CPU Sparse Matrix  ,284,212.585,4.88881e+08,2.04549,8, 4.17062e-08,,4.17062e-08,1.69403e-08,2.75939e-08,
Smooth exp(-Ar^2-b*rho^2),bicubic interp; CPU Sparse Matrix  ,288,218.961,5.07797e+08,1.96929,8, 3.69667e-08,,3.69667e-08,1.58335e-08,2.13129e-08,
Smooth exp(-Ar^2-b*rho^2),bicubic interp; CPU Sparse Matrix  ,292,232.95,5.27607e+08,1.89535,8, 3.29089e-08,,3.29089e-08,1.50458e-08,1.74039e-08,
Smooth exp(-Ar^2-b*rho^2),bicubic interp; CPU Sparse Matrix  ,296,243.109,5.52281e+08,1.81067,8, 3.09627e-08,,3.09627e-08,1.42933e-08,1.90905e-08,
Smooth exp(-Ar^2-b*rho^2),bicubic interp; CPU Sparse Matrix  ,300,247.35,5.67505e+08,1.7621,8, 3.0592e-08,,3.0592e-08,1.40408e-08,2.20999e-08,
Smooth exp(-Ar^2-b*rho^2),bicubic interp; CPU Sparse Matrix  ,304,256.39,5.95894e+08,1.67815,8, 3.07333e-08,,3.07333e-08,1.3947e-08,1.9215e-08,
Smooth exp(-Ar^2-b*rho^2),bicubic interp; CPU Sparse Matrix  ,308,294.071,6.81541e+08,1.46726,8, 3.04592e-08,,3.04592e-08,1.41441e-08,1.43951e-08,
Smooth exp(-Ar^2-b*rho^2),bicubic interp; CPU Sparse Matrix  ,312,301.532,7.31218e+08,1.36758,8, 2.92184e-08,,2.92184e-08,1.42669e-08,1.40475e-08,
Smooth exp(-Ar^2-b*rho^2),bicubic interp; CPU Sparse Matrix  ,316,299.353,6.87128e+08,1.45533,8, 2.69498e-08,,2.69498e-08,1.40038e-08,1.68949e-08,
Smooth exp(-Ar^2-b*rho^2),bicubic interp; CPU Sparse Matrix  ,320,321.376,7.26217e+08,1.377,8, 2.41079e-08,,2.41079e-08,1.39185e-08,1.69978e-08,
Smooth exp(-Ar^2-b*rho^2),bicubic interp; CPU Sparse Matrix  ,324,331.345,7.47469e+08,1.33785,8, 2.16986e-08,,2.16986e-08,1.347e-08,1.30936e-08,
Smooth exp(-Ar^2-b*rho^2),bicubic interp; CPU Sparse Matrix  ,328,344.741,7.73225e+08,1.29328,8, 2.0578e-08,,2.0578e-08,1.29992e-08,1.11403e-08,
Smooth exp(-Ar^2-b*rho^2),bicubic interp; CPU Sparse Matrix  ,332,398.965,1.11517e+09,0.896721,8, 2.04096e-08,,2.04096e-08,1.23341e-08,1.25771e-08,
Smooth exp(-Ar^2-b*rho^2),bicubic interp; CPU Sparse Matrix  ,336,461.726,9.95525e+08,1.0045,8, 2.05398e-08,,2.05398e-08,1.14311e-08,1.38226e-08,
Smooth exp(-Ar^2-b*rho^2),bicubic interp; CPU Sparse Matrix  ,340,374.138,5.98707e+08,1.67026,8, 2.03902e-08,,2.03902e-08,1.06305e-08,1.1838e-08,
