calculator chosen: 7
func chosen: 2
cache dir chosen: /scratch/ob749/GA/cache/
FunctionName, Calculator,N,Init time (s), Calc.time(s), Calc.Freq(hz), Bytes, MaxError, FirstBlank, Err1, Err2, Err3, Blank
Non-smooth: Wendland CSRBF+Runge,linear interp; GPU Sparse Matrix   ,8,0.152,373053,2680.58,8, 0.499171,,0.499171,0.265678,0.336057,
Non-smooth: Wendland CSRBF+Runge,linear interp; GPU Sparse Matrix   ,12,0.003,83755,11939.6,8, 0.387365,,0.387365,0.270488,0.32152,
Non-smooth: Wendland CSRBF+Runge,linear interp; GPU Sparse Matrix   ,16,0.006,102469,9759.05,8, 0.307666,,0.307666,0.175008,0.20158,
Non-smooth: Wendland CSRBF+Runge,linear interp; GPU Sparse Matrix   ,20,0.012,100434,9956.79,8, 0.224949,,0.224949,0.134997,0.161779,
Non-smooth: Wendland CSRBF+Runge,linear interp; GPU Sparse Matrix   ,24,0.02,111309,8984,8, 0.178047,,0.132652,0.131739,0.178047,
Non-smooth: Wendland CSRBF+Runge,linear interp; GPU Sparse Matrix   ,28,0.03,119138,8393.63,8, 0.140668,,0.0555343,0.0845073,0.140668,
Non-smooth: Wendland CSRBF+Runge,linear interp; GPU Sparse Matrix   ,32,0.044,143153,6985.53,8, 0.0946747,,0.0261592,0.0888658,0.0946747,
Non-smooth: Wendland CSRBF+Runge,linear interp; GPU Sparse Matrix   ,36,0.096,192432,5196.64,8, 0.0890716,,0.0820832,0.0890716,0.0784359,
Non-smooth: Wendland CSRBF+Runge,linear interp; GPU Sparse Matrix   ,40,0.146,232052,4309.38,8, 0.10527,,0.10527,0.0813614,0.0743792,
Non-smooth: Wendland CSRBF+Runge,linear interp; GPU Sparse Matrix   ,44,0.219,246633,4054.61,8, 0.0965602,,0.0965602,0.0763646,0.0829041,
Non-smooth: Wendland CSRBF+Runge,linear interp; GPU Sparse Matrix   ,48,0.289,276072,3622.24,8, 0.0760789,,0.0760789,0.0675828,0.0642897,
Non-smooth: Wendland CSRBF+Runge,linear interp; GPU Sparse Matrix   ,52,0.373,347025,2881.64,8, 0.0469639,,0.043222,0.0469639,0.0410058,
Non-smooth: Wendland CSRBF+Runge,linear interp; GPU Sparse Matrix   ,56,0.417,334715,2987.62,8, 0.039512,,0.0223082,0.0381002,0.039512,
Non-smooth: Wendland CSRBF+Runge,linear interp; GPU Sparse Matrix   ,60,0.537,349625,2860.21,8, 0.0554773,,0.0165644,0.0351765,0.0554773,
Non-smooth: Wendland CSRBF+Runge,linear interp; GPU Sparse Matrix   ,64,0.598,382451,2614.71,8, 0.0535924,,0.0361169,0.0458439,0.0535924,
Non-smooth: Wendland CSRBF+Runge,linear interp; GPU Sparse Matrix   ,68,0.651,451220,2216.21,8, 0.038415,,0.0295194,0.038415,0.0328443,
Non-smooth: Wendland CSRBF+Runge,linear interp; GPU Sparse Matrix   ,72,0.898,471566,2120.59,8, 0.0461823,,0.0461823,0.031409,0.0226974,
Non-smooth: Wendland CSRBF+Runge,linear interp; GPU Sparse Matrix   ,76,1.048,513208,1948.53,8, 0.0390091,,0.0390091,0.024773,0.0341364,
Non-smooth: Wendland CSRBF+Runge,linear interp; GPU Sparse Matrix   ,80,1.228,582742,1716.03,8, 0.0312721,,0.0286818,0.0202494,0.0312721,
Non-smooth: Wendland CSRBF+Runge,linear interp; GPU Sparse Matrix   ,84,1.376,620987,1610.34,8, 0.0305685,,0.0172173,0.0162484,0.0305685,
Non-smooth: Wendland CSRBF+Runge,linear interp; GPU Sparse Matrix   ,88,1.671,673952,1483.79,8, 0.018613,,0.0088555,0.0118108,0.018613,
Non-smooth: Wendland CSRBF+Runge,linear interp; GPU Sparse Matrix   ,92,1.851,734748,1361.01,8, 0.0221913,,0.00831511,0.0128394,0.0221913,
Non-smooth: Wendland CSRBF+Runge,linear interp; GPU Sparse Matrix   ,96,2.124,803550,1244.48,8, 0.0264868,,0.0246403,0.0141684,0.0264868,
Non-smooth: Wendland CSRBF+Runge,linear interp; GPU Sparse Matrix   ,100,2.43,886818,1127.63,8, 0.0299442,,0.0145589,0.0139086,0.0299442,
Non-smooth: Wendland CSRBF+Runge,linear interp; GPU Sparse Matrix   ,104,2.756,979487,1020.94,8, 0.0222236,,0.0222236,0.0153077,0.0176533,
Non-smooth: Wendland CSRBF+Runge,linear interp; GPU Sparse Matrix   ,108,3.059,1.06913e+06,935.343,8, 0.0211001,,0.0211001,0.0146169,0.0132225,
Non-smooth: Wendland CSRBF+Runge,linear interp; GPU Sparse Matrix   ,112,3.543,1.15673e+06,864.509,8, 0.0204166,,0.0172025,0.0153696,0.0204166,
Non-smooth: Wendland CSRBF+Runge,linear interp; GPU Sparse Matrix   ,116,3.903,1.2694e+06,787.775,8, 0.0155301,,0.0117357,0.0155301,0.0118319,
Non-smooth: Wendland CSRBF+Runge,linear interp; GPU Sparse Matrix   ,120,4.283,1.3827e+06,723.22,8, 0.0180185,,0.00468821,0.0145777,0.0180185,
Non-smooth: Wendland CSRBF+Runge,linear interp; GPU Sparse Matrix   ,124,4.681,1.51445e+06,660.306,8, 0.0133664,,0.00811629,0.0133664,0.00891759,
Non-smooth: Wendland CSRBF+Runge,linear interp; GPU Sparse Matrix   ,128,5.243,1.66957e+06,598.958,8, 0.0181257,,0.0181257,0.0123894,0.0137254,
Non-smooth: Wendland CSRBF+Runge,linear interp; GPU Sparse Matrix   ,132,5.728,1.83176e+06,545.924,8, 0.0154508,,0.00882279,0.0102311,0.0154508,
Non-smooth: Wendland CSRBF+Runge,linear interp; GPU Sparse Matrix   ,136,6.436,2.02728e+06,493.271,8, 0.0195279,,0.0147081,0.00676006,0.0195279,
Non-smooth: Wendland CSRBF+Runge,linear interp; GPU Sparse Matrix   ,140,7.17,2.18862e+06,456.909,8, 0.0145117,,0.0145117,0.00954635,0.00978052,
Non-smooth: Wendland CSRBF+Runge,linear interp; GPU Sparse Matrix   ,144,7.529,2.40609e+06,415.612,8, 0.0154035,,0.0119317,0.0154035,0.00894366,
Non-smooth: Wendland CSRBF+Runge,linear interp; GPU Sparse Matrix   ,148,8.067,2.59958e+06,384.677,8, 0.0133029,,0.0063856,0.012911,0.0133029,
Non-smooth: Wendland CSRBF+Runge,linear interp; GPU Sparse Matrix   ,152,8.906,2.85598e+06,350.143,8, 0.0127011,,0.00317821,0.0104341,0.0127011,
Non-smooth: Wendland CSRBF+Runge,linear interp; GPU Sparse Matrix   ,156,9.588,3.05959e+06,326.841,8, 0.0117653,,0.00614206,0.00853402,0.0117653,
Non-smooth: Wendland CSRBF+Runge,linear interp; GPU Sparse Matrix   ,160,10.239,3.31689e+06,301.487,8, 0.012711,,0.012711,0.00662322,0.00953044,
Non-smooth: Wendland CSRBF+Runge,linear interp; GPU Sparse Matrix   ,164,11.225,3.55957e+06,280.933,8, 0.0105046,,0.00619653,0.0049453,0.0105046,
Non-smooth: Wendland CSRBF+Runge,linear interp; GPU Sparse Matrix   ,168,12.017,3.87067e+06,258.353,8, 0.00995777,,0.00995777,0.00356825,0.00957187,
Non-smooth: Wendland CSRBF+Runge,linear interp; GPU Sparse Matrix   ,172,13.301,4.54111e+06,220.21,8, 0.0135805,,0.0102208,0.00439717,0.0135805,
Non-smooth: Wendland CSRBF+Runge,linear interp; GPU Sparse Matrix   ,176,14.436,4.77622e+06,209.371,8, 0.00801954,,0.00801954,0.00487436,0.00665897,
Non-smooth: Wendland CSRBF+Runge,linear interp; GPU Sparse Matrix   ,180,15.274,5.14225e+06,194.467,8, 0.00705219,,0.00465434,0.00507508,0.00705219,
Non-smooth: Wendland CSRBF+Runge,linear interp; GPU Sparse Matrix   ,184,16.26,5.60179e+06,178.514,8, 0.00987608,,0.00189882,0.00619259,0.00987608,
Non-smooth: Wendland CSRBF+Runge,linear interp; GPU Sparse Matrix   ,188,16.933,5.89568e+06,169.616,8, 0.0151382,,0.00453967,0.00681349,0.0151382,
Non-smooth: Wendland CSRBF+Runge,linear interp; GPU Sparse Matrix   ,192,18.164,6.25195e+06,159.95,8, 0.0440362,,0.0104199,0.0440362,0.00812142,
Non-smooth: Wendland CSRBF+Runge,linear interp; GPU Sparse Matrix   ,196,17.054,6.62655e+06,150.908,8, 0.00684525,,0.00407387,0.00684525,0.00420457,
Non-smooth: Wendland CSRBF+Runge,linear interp; GPU Sparse Matrix   ,200,20.773,6.94184e+06,144.054,8, 0.00806258,,0.00753973,0.00677565,0.00806258,
Non-smooth: Wendland CSRBF+Runge,linear interp; GPU Sparse Matrix   ,204,21.705,7.42362e+06,134.705,8, 0.00804424,,0.00804424,0.00602793,0.00567617,
Non-smooth: Wendland CSRBF+Runge,linear interp; GPU Sparse Matrix   ,208,22.652,7.80692e+06,128.091,8, 0.00916448,,0.00626028,0.00528253,0.00916448,
Non-smooth: Wendland CSRBF+Runge,linear interp; GPU Sparse Matrix   ,212,24.488,8.31134e+06,120.317,8, 0.00430145,,0.00346223,0.00430145,0.0034488,
Non-smooth: Wendland CSRBF+Runge,linear interp; GPU Sparse Matrix   ,216,26.55,8.86907e+06,112.751,8, 0.00582053,,0.00139454,0.00242465,0.00582053,
Non-smooth: Wendland CSRBF+Runge,linear interp; GPU Sparse Matrix   ,220,28.486,9.39669e+06,106.42,8, 0.00736055,,0.0041112,0.00508598,0.00736055,
Non-smooth: Wendland CSRBF+Runge,linear interp; GPU Sparse Matrix   ,224,29.601,9.85288e+06,101.493,8, 0.0114894,,0.00843457,0.00830699,0.0114894,
Non-smooth: Wendland CSRBF+Runge,linear interp; GPU Sparse Matrix   ,228,31.618,1.02454e+07,97.6049,8, 0.00693211,,0.00334482,0.00693211,0.00593601,
Non-smooth: Wendland CSRBF+Runge,linear interp; GPU Sparse Matrix   ,232,32.685,1.07729e+07,92.8256,8, 0.00622394,,0.00622394,0.00573036,0.00384159,
Non-smooth: Wendland CSRBF+Runge,linear interp; GPU Sparse Matrix   ,236,34.966,1.1199e+07,89.2939,8, 0.00622645,,0.00609421,0.00454965,0.00622645,
Non-smooth: Wendland CSRBF+Runge,linear interp; GPU Sparse Matrix   ,240,36.403,1.1951e+07,83.6748,8, 0.00472529,,0.00472529,0.00345726,0.00307187,
Non-smooth: Wendland CSRBF+Runge,linear interp; GPU Sparse Matrix   ,244,38.229,1.26644e+07,78.9615,8, 0.00725844,,0.00275141,0.0023958,0.00725844,
Non-smooth: Wendland CSRBF+Runge,linear interp; GPU Sparse Matrix   ,248,39.699,1.33105e+07,75.1287,8, 0.00293789,,0.00105626,0.00225045,0.00293789,
Non-smooth: Wendland CSRBF+Runge,linear interp; GPU Sparse Matrix   ,252,42.412,1.39066e+07,71.9082,8, 0.00512529,,0.00326231,0.00218795,0.00512529,
Non-smooth: Wendland CSRBF+Runge,linear interp; GPU Sparse Matrix   ,256,38.646,1.39642e+07,71.6119,8, 0.00694751,,0.00694751,0.00296754,0.00531875,
Non-smooth: Wendland CSRBF+Runge,linear interp; GPU Sparse Matrix   ,260,46.621,3.21178e+07,31.1354,8, 0.00886668,,0.00256048,0.00307629,0.00886668,
Non-smooth: Wendland CSRBF+Runge,linear interp; GPU Sparse Matrix   ,264,48.898,1.60811e+07,62.185,8, 0.00480282,,0.00480282,0.00359231,0.00420404,
Non-smooth: Wendland CSRBF+Runge,linear interp; GPU Sparse Matrix   ,268,50.395,1.70186e+07,58.7593,8, 0.0049063,,0.0049063,0.00402907,0.00352353,
Non-smooth: Wendland CSRBF+Runge,linear interp; GPU Sparse Matrix   ,272,55.407,1.77204e+07,56.4322,8, 0.00557651,,0.00404289,0.00396439,0.00557651,
Non-smooth: Wendland CSRBF+Runge,linear interp; GPU Sparse Matrix   ,276,53.839,1.87175e+07,53.4259,8, 0.00425328,,0.00236979,0.00425328,0.00383092,
Non-smooth: Wendland CSRBF+Runge,linear interp; GPU Sparse Matrix   ,280,53.977,1.93542e+07,51.6684,8, 0.00558188,,0.000866004,0.00416895,0.00558188,
Non-smooth: Wendland CSRBF+Runge,linear interp; GPU Sparse Matrix   ,284,57.724,1.98488e+07,50.3808,8, 0.00380779,,0.0029324,0.00380779,0.00274327,
Non-smooth: Wendland CSRBF+Runge,linear interp; GPU Sparse Matrix   ,288,59.797,2.09734e+07,47.6794,8, 0.00591712,,0.00591712,0.00337572,0.00437724,
Non-smooth: Wendland CSRBF+Runge,linear interp; GPU Sparse Matrix   ,292,62.299,2.3168e+07,43.1629,8, 0.00409834,,0.00203407,0.00264947,0.00409834,
Non-smooth: Wendland CSRBF+Runge,linear interp; GPU Sparse Matrix   ,296,65.006,2.29872e+07,43.5024,8, 0.00678799,,0.00415902,0.00169069,0.00678799,
Non-smooth: Wendland CSRBF+Runge,linear interp; GPU Sparse Matrix   ,300,68.837,2.41381e+07,41.4282,8, 0.00418599,,0.00418599,0.0032237,0.00325947,
Non-smooth: Wendland CSRBF+Runge,linear interp; GPU Sparse Matrix   ,304,70.497,2.50962e+07,39.8467,8, 0.00529377,,0.00337147,0.00529377,0.00313015,
Non-smooth: Wendland CSRBF+Runge,linear interp; GPU Sparse Matrix   ,308,74.74,2.59179e+07,38.5834,8, 0.00456278,,0.00175008,0.00456278,0.00454353,
Non-smooth: Wendland CSRBF+Runge,linear interp; GPU Sparse Matrix   ,312,76.881,2.71526e+07,36.8289,8, 0.00570381,,0.000718317,0.0037376,0.00570381,
Non-smooth: Wendland CSRBF+Runge,linear interp; GPU Sparse Matrix   ,316,79.946,2.87161e+07,34.8236,8, 0.00459397,,0.00242372,0.00288798,0.00459397,
Non-smooth: Wendland CSRBF+Runge,linear interp; GPU Sparse Matrix   ,320,82.998,2.91792e+07,34.271,8, 0.00502657,,0.00502657,0.00227278,0.00264268,
Non-smooth: Wendland CSRBF+Runge,linear interp; GPU Sparse Matrix   ,324,86.785,3.50017e+07,28.57,8, 0.00399294,,0.00169983,0.00161098,0.00399294,
Non-smooth: Wendland CSRBF+Runge,linear interp; GPU Sparse Matrix   ,328,91.013,3.22319e+07,31.0252,8, 0.00340938,,0.00340938,0.00166786,0.00305629,
Non-smooth: Wendland CSRBF+Runge,linear interp; GPU Sparse Matrix   ,332,92.849,3.3219e+07,30.1032,8, 0.00566625,,0.00351354,0.00264267,0.00566625,
Non-smooth: Wendland CSRBF+Runge,linear interp; GPU Sparse Matrix   ,336,99.159,3.42441e+07,29.2021,8, 0.00279427,,0.00279427,0.00202897,0.00244633,
Non-smooth: Wendland CSRBF+Runge,linear interp; GPU Sparse Matrix   ,340,102.556,3.57555e+07,27.9677,8, 0.00322084,,0.0015482,0.00229011,0.00322084,
Non-smooth: Wendland CSRBF+Runge,linear interp; GPU Sparse Matrix   ,344,111.242,3.5747e+07,27.9744,8, 0.00372071,,0.000515456,0.00253095,0.00372071,
Non-smooth: Wendland CSRBF+Runge,linear interp; GPU Sparse Matrix   ,348,113.059,3.7489e+07,26.6745,8, 0.00696392,,0.00216074,0.00255245,0.00696392,
Non-smooth: Wendland CSRBF+Runge,linear interp; GPU Sparse Matrix   ,352,120.665,3.93336e+07,25.4235,8, 0.00450777,,0.00450777,0.0027341,0.00333532,
Non-smooth: Wendland CSRBF+Runge,linear interp; GPU Sparse Matrix   ,356,124.876,4.1021e+07,24.3777,8, 0.00282539,,0.00140642,0.00282539,0.00265096,
Non-smooth: Wendland CSRBF+Runge,linear interp; GPU Sparse Matrix   ,360,128.096,4.20255e+07,23.7951,8, 0.0035775,,0.00296075,0.0027695,0.0035775,
Non-smooth: Wendland CSRBF+Runge,linear interp; GPU Sparse Matrix   ,364,129.878,4.46411e+07,22.4009,8, 0.00309183,,0.00309183,0.00249904,0.00276478,
Non-smooth: Wendland CSRBF+Runge,linear interp; GPU Sparse Matrix   ,368,134.585,4.53083e+07,22.071,8, 0.00462919,,0.00243401,0.00231434,0.00462919,
Non-smooth: Wendland CSRBF+Runge,linear interp; GPU Sparse Matrix   ,372,140.509,4.75251e+07,21.0415,8, 0.037006,,0.0013031,0.037006,0.00294003,
Non-smooth: Wendland CSRBF+Runge,linear interp; GPU Sparse Matrix   ,376,145.103,4.95693e+07,20.1738,8, 0.00302423,,0.00045393,0.00180169,0.00302423,
Non-smooth: Wendland CSRBF+Runge,linear interp; GPU Sparse Matrix   ,380,150.674,5.10778e+07,19.578,8, 0.00321313,,0.00199445,0.00243492,0.00321313,
Non-smooth: Wendland CSRBF+Runge,linear interp; GPU Sparse Matrix   ,384,154.217,5.25583e+07,19.0265,8, 0.0056667,,0.00393751,0.00393612,0.0056667,
Non-smooth: Wendland CSRBF+Runge,linear interp; GPU Sparse Matrix   ,388,160.941,5.51955e+07,18.1174,8, 0.00329065,,0.00130636,0.00329065,0.00268751,
Non-smooth: Wendland CSRBF+Runge,linear interp; GPU Sparse Matrix   ,392,169.238,5.62952e+07,17.7635,8, 0.00288449,,0.00258759,0.00288449,0.00284456,
Non-smooth: Wendland CSRBF+Runge,linear interp; GPU Sparse Matrix   ,396,174.288,5.95204e+07,16.8009,8, 0.00321489,,0.00264355,0.00218154,0.00321489,
Non-smooth: Wendland CSRBF+Runge,linear interp; GPU Sparse Matrix   ,400,182.077,6.0289e+07,16.5868,8, 0.00298812,,0.00208802,0.00161187,0.00298812,
Non-smooth: Wendland CSRBF+Runge,linear interp; GPU Sparse Matrix   ,404,179.505,6.34992e+07,15.7482,8, 0.00384524,,0.00113875,0.00158419,0.00384524,
Non-smooth: Wendland CSRBF+Runge,linear interp; GPU Sparse Matrix   ,408,181.307,6.27174e+07,15.9445,8, 0.00265401,,0.000375563,0.00157575,0.00265401,
Non-smooth: Wendland CSRBF+Runge,linear interp; GPU Sparse Matrix   ,412,196.359,6.61012e+07,15.1283,8, 0.00286116,,0.00173284,0.00185722,0.00286116,
Non-smooth: Wendland CSRBF+Runge,linear interp; GPU Sparse Matrix   ,416,199.981,6.91953e+07,14.4518,8, 0.00349579,,0.00349579,0.00179007,0.00289873,
Non-smooth: Wendland CSRBF+Runge,linear interp; GPU Sparse Matrix   ,420,208.085,7.16947e+07,13.948,8, 0.00464197,,0.0010716,0.00194566,0.00464197,
Non-smooth: Wendland CSRBF+Runge,linear interp; GPU Sparse Matrix   ,424,212.177,7.24557e+07,13.8015,8, 0.0113935,,0.00221679,0.00190291,0.0113935,
Non-smooth: Wendland CSRBF+Runge,linear interp; GPU Sparse Matrix   ,428,231.542,7.40907e+07,13.497,8, 0.00298938,,0.00236575,0.00211371,0.00298938,
Non-smooth: Wendland CSRBF+Runge,linear interp; GPU Sparse Matrix   ,432,244.962,7.77629e+07,12.8596,8, 0.00291018,,0.00190566,0.00224131,0.00291018,
Non-smooth: Wendland CSRBF+Runge,linear interp; GPU Sparse Matrix   ,436,252.795,8.16396e+07,12.249,8, 0.00267502,,0.00103641,0.00218054,0.00267502,
Non-smooth: Wendland CSRBF+Runge,linear interp; GPU Sparse Matrix   ,440,257.192,8.54464e+07,11.7032,8, 0.00273218,,0.000349706,0.0021351,0.00273218,
Non-smooth: Wendland CSRBF+Runge,linear interp; GPU Sparse Matrix   ,444,270.812,8.845e+07,11.3058,8, 0.00291474,,0.00159056,0.00211078,0.00291474,
Non-smooth: Wendland CSRBF+Runge,linear interp; GPU Sparse Matrix   ,448,278.023,9.13355e+07,10.9486,8, 0.00316592,,0.00316592,0.00207606,0.00268819,
Non-smooth: Wendland CSRBF+Runge,linear interp; GPU Sparse Matrix   ,452,286.525,9.56286e+07,10.4571,8, 0.00298856,,0.000947213,0.00188932,0.00298856,
