calculator chosen: 0
func chosen: 2
cache dir chosen: /scratch/ob749/GA/cache/
FunctionName, Calculator,N,Init time (s), Calc.time(s), Calc.Freq(hz), Bytes, MaxError, FirstBlank, Err1, Err2, Err3, Blank
Non-smooth: Wendland CSRBF+Runge,linear interp; trapezoid rule; CPU ,8,0,533774,1873.45,8, 0.498477,,0.498477,0.265101,0.330852,
Non-smooth: Wendland CSRBF+Runge,linear interp; trapezoid rule; CPU ,12,0,1.07292e+06,932.039,8, 0.387365,,0.387365,0.270751,0.320227,
Non-smooth: Wendland CSRBF+Runge,linear interp; trapezoid rule; CPU ,16,0,1.9552e+06,511.458,8, 0.307124,,0.307124,0.17432,0.198745,
Non-smooth: Wendland CSRBF+Runge,linear interp; trapezoid rule; CPU ,20,0,3.05038e+06,327.828,8, 0.224698,,0.224698,0.1338,0.158274,
Non-smooth: Wendland CSRBF+Runge,linear interp; trapezoid rule; CPU ,24,0,4.43446e+06,225.506,8, 0.170959,,0.132216,0.131369,0.170959,
Non-smooth: Wendland CSRBF+Runge,linear interp; trapezoid rule; CPU ,28,0,6.12639e+06,163.228,8, 0.146931,,0.0554108,0.0880376,0.146931,
Non-smooth: Wendland CSRBF+Runge,linear interp; trapezoid rule; CPU ,32,0,8.24086e+06,121.347,8, 0.0986006,,0.0261578,0.0934174,0.0986006,
Non-smooth: Wendland CSRBF+Runge,linear interp; trapezoid rule; CPU ,36,0,1.03765e+07,96.3715,8, 0.0861737,,0.0800869,0.0861737,0.0741837,
Non-smooth: Wendland CSRBF+Runge,linear interp; trapezoid rule; CPU ,40,0,1.28412e+07,77.8743,8, 0.104155,,0.104155,0.0790525,0.0746448,
Non-smooth: Wendland CSRBF+Runge,linear interp; trapezoid rule; CPU ,44,0,1.58231e+07,63.1987,8, 0.095664,,0.095664,0.0769106,0.0858086,
Non-smooth: Wendland CSRBF+Runge,linear interp; trapezoid rule; CPU ,48,0,1.88184e+07,53.1395,8, 0.0810297,,0.0747234,0.0671792,0.0810297,
Non-smooth: Wendland CSRBF+Runge,linear interp; trapezoid rule; CPU ,52,0,2.35604e+07,42.4441,8, 0.0497014,,0.0424792,0.0497014,0.0487912,
Non-smooth: Wendland CSRBF+Runge,linear interp; trapezoid rule; CPU ,56,0,2.60976e+07,38.3176,8, 0.0441728,,0.0225363,0.0410652,0.0441728,
Non-smooth: Wendland CSRBF+Runge,linear interp; trapezoid rule; CPU ,60,0,3.04745e+07,32.8143,8, 0.0656547,,0.0169161,0.0356787,0.0656547,
Non-smooth: Wendland CSRBF+Runge,linear interp; trapezoid rule; CPU ,64,0,3.48437e+07,28.6996,8, 0.0647876,,0.036541,0.0476703,0.0647876,
Non-smooth: Wendland CSRBF+Runge,linear interp; trapezoid rule; CPU ,68,0,3.94314e+07,25.3605,8, 0.0399792,,0.0295453,0.0399792,0.0379221,
Non-smooth: Wendland CSRBF+Runge,linear interp; trapezoid rule; CPU ,72,0,4.45727e+07,22.4353,8, 0.0453238,,0.0453238,0.0341891,0.0298521,
Non-smooth: Wendland CSRBF+Runge,linear interp; trapezoid rule; CPU ,76,0,4.98859e+07,20.0458,8, 0.0388924,,0.0388924,0.0273937,0.0325787,
Non-smooth: Wendland CSRBF+Runge,linear interp; trapezoid rule; CPU ,80,0,5.59239e+07,17.8815,8, 0.0307067,,0.0302255,0.0238404,0.0307067,
Non-smooth: Wendland CSRBF+Runge,linear interp; trapezoid rule; CPU ,84,0,6.12842e+07,16.3174,8, 0.0319678,,0.0174159,0.017577,0.0319678,
Non-smooth: Wendland CSRBF+Runge,linear interp; trapezoid rule; CPU ,88,0,6.8147e+07,14.6742,8, 0.0214725,,0.00891633,0.01541,0.0214725,
Non-smooth: Wendland CSRBF+Runge,linear interp; trapezoid rule; CPU ,92,0,7.44311e+07,13.4352,8, 0.0280476,,0.00868735,0.0176403,0.0280476,
Non-smooth: Wendland CSRBF+Runge,linear interp; trapezoid rule; CPU ,96,0,8.12988e+07,12.3003,8, 0.0326345,,0.0246724,0.0145283,0.0326345,
Non-smooth: Wendland CSRBF+Runge,linear interp; trapezoid rule; CPU ,100,0,8.90766e+07,11.2263,8, 0.0335649,,0.015547,0.0126599,0.0335649,
Non-smooth: Wendland CSRBF+Runge,linear interp; trapezoid rule; CPU ,104,0,1.00994e+08,9.90156,8, 0.0231026,,0.0231026,0.0173686,0.0188204,
Non-smooth: Wendland CSRBF+Runge,linear interp; trapezoid rule; CPU ,108,0,1.10744e+08,9.02985,8, 0.0212906,,0.0212906,0.0147566,0.0175937,
Non-smooth: Wendland CSRBF+Runge,linear interp; trapezoid rule; CPU ,112,0,1.14339e+08,8.74592,8, 0.0238337,,0.0158719,0.0174998,0.0238337,
Non-smooth: Wendland CSRBF+Runge,linear interp; trapezoid rule; CPU ,116,0,1.22841e+08,8.14058,8, 0.0139261,,0.0113022,0.0134724,0.0139261,
Non-smooth: Wendland CSRBF+Runge,linear interp; trapezoid rule; CPU ,120,0,1.32936e+08,7.52241,8, 0.0238137,,0.00456217,0.0165309,0.0238137,
Non-smooth: Wendland CSRBF+Runge,linear interp; trapezoid rule; CPU ,124,0,1.42514e+08,7.01686,8, 0.0151934,,0.00741706,0.0141479,0.0151934,
Non-smooth: Wendland CSRBF+Runge,linear interp; trapezoid rule; CPU ,128,0,1.52244e+08,6.56841,8, 0.018017,,0.018017,0.0131339,0.014817,
Non-smooth: Wendland CSRBF+Runge,linear interp; trapezoid rule; CPU ,132,0,1.62604e+08,6.1499,8, 0.0142805,,0.00815424,0.0104894,0.0142805,
Non-smooth: Wendland CSRBF+Runge,linear interp; trapezoid rule; CPU ,136,0,1.72578e+08,5.7945,8, 0.0214487,,0.0146071,0.00857643,0.0214487,
Non-smooth: Wendland CSRBF+Runge,linear interp; trapezoid rule; CPU ,140,0,1.82362e+08,5.4836,8, 0.0145314,,0.0144244,0.00958501,0.0145314,
Non-smooth: Wendland CSRBF+Runge,linear interp; trapezoid rule; CPU ,144,0,1.93062e+08,5.17968,8, 0.0165741,,0.012402,0.0165741,0.0104406,
Non-smooth: Wendland CSRBF+Runge,linear interp; trapezoid rule; CPU ,148,0,2.03834e+08,4.90595,8, 0.0137953,,0.00660411,0.0137953,0.0106543,
Non-smooth: Wendland CSRBF+Runge,linear interp; trapezoid rule; CPU ,152,0,2.16108e+08,4.62732,8, 0.0136691,,0.00319585,0.0110467,0.0136691,
Non-smooth: Wendland CSRBF+Runge,linear interp; trapezoid rule; CPU ,156,0,2.28378e+08,4.37871,8, 0.0139017,,0.00654004,0.00854846,0.0139017,
Non-smooth: Wendland CSRBF+Runge,linear interp; trapezoid rule; CPU ,160,0,2.40403e+08,4.15968,8, 0.0126389,,0.0126389,0.00658626,0.00851623,
Non-smooth: Wendland CSRBF+Runge,linear interp; trapezoid rule; CPU ,164,0,2.53748e+08,3.94092,8, 0.0113794,,0.00604216,0.00887391,0.0113794,
Non-smooth: Wendland CSRBF+Runge,linear interp; trapezoid rule; CPU ,168,0,2.6591e+08,3.76068,8, 0.012677,,0.0093905,0.00456419,0.012677,
Non-smooth: Wendland CSRBF+Runge,linear interp; trapezoid rule; CPU ,172,0,2.80563e+08,3.56426,8, 0.0166823,,0.0107271,0.00957166,0.0166823,
Non-smooth: Wendland CSRBF+Runge,linear interp; trapezoid rule; CPU ,176,0,2.93899e+08,3.40253,8, 0.00961132,,0.00772651,0.00961132,0.00787593,
Non-smooth: Wendland CSRBF+Runge,linear interp; trapezoid rule; CPU ,180,0,3.08958e+08,3.23668,8, 0.0158309,,0.00448367,0.00492114,0.0158309,
Non-smooth: Wendland CSRBF+Runge,linear interp; trapezoid rule; CPU ,184,0,3.23212e+08,3.09394,8, 0.0237316,,0.00172098,0.00793499,0.0237316,
Non-smooth: Wendland CSRBF+Runge,linear interp; trapezoid rule; CPU ,188,0,3.37768e+08,2.96061,8, 0.0270581,,0.00439027,0.0103083,0.0270581,
Non-smooth: Wendland CSRBF+Runge,linear interp; trapezoid rule; CPU ,192,0,3.53541e+08,2.82853,8, 0.0384673,,0.00920901,0.0384673,0.0134605,
Non-smooth: Wendland CSRBF+Runge,linear interp; trapezoid rule; CPU ,196,0,3.69859e+08,2.70373,8, 0.0179713,,0.00424499,0.0069085,0.0179713,
Non-smooth: Wendland CSRBF+Runge,linear interp; trapezoid rule; CPU ,200,0,3.88224e+08,2.57583,8, 0.0110438,,0.0069907,0.00775824,0.0110438,
Non-smooth: Wendland CSRBF+Runge,linear interp; trapezoid rule; CPU ,204,0,4.05379e+08,2.46683,8, 0.00934481,,0.00784433,0.00592504,0.00934481,
Non-smooth: Wendland CSRBF+Runge,linear interp; trapezoid rule; CPU ,208,0,4.23019e+08,2.36396,8, 0.0118543,,0.00684331,0.00519478,0.0118543,
Non-smooth: Wendland CSRBF+Runge,linear interp; trapezoid rule; CPU ,212,0,4.40781e+08,2.2687,8, 0.0117653,,0.00248971,0.00454679,0.0117653,
Non-smooth: Wendland CSRBF+Runge,linear interp; trapezoid rule; CPU ,216,0,4.58931e+08,2.17898,8, 0.0112279,,0.00176985,0.00760437,0.0112279,
Non-smooth: Wendland CSRBF+Runge,linear interp; trapezoid rule; CPU ,220,0,4.76588e+08,2.09825,8, 0.0190589,,0.00389635,0.00726991,0.0190589,
Non-smooth: Wendland CSRBF+Runge,linear interp; trapezoid rule; CPU ,224,0,4.95212e+08,2.01934,8, 0.0174877,,0.00852242,0.00876979,0.0174877,
Non-smooth: Wendland CSRBF+Runge,linear interp; trapezoid rule; CPU ,228,0,5.1453e+08,1.94352,8, 0.0127868,,0.00359724,0.00749297,0.0127868,
Non-smooth: Wendland CSRBF+Runge,linear interp; trapezoid rule; CPU ,232,0,5.34815e+08,1.8698,8, 0.00744737,,0.00744737,0.0068578,0.00540488,
Non-smooth: Wendland CSRBF+Runge,linear interp; trapezoid rule; CPU ,236,0,5.56806e+08,1.79596,8, 0.0137427,,0.00668436,0.00689939,0.0137427,
Non-smooth: Wendland CSRBF+Runge,linear interp; trapezoid rule; CPU ,240,0,5.75431e+08,1.73783,8, 0.0161216,,0.00480609,0.00460052,0.0161216,
Non-smooth: Wendland CSRBF+Runge,linear interp; trapezoid rule; CPU ,244,0,5.98166e+08,1.67178,8, 0.0100337,,0.00243533,0.0037423,0.0100337,
Non-smooth: Wendland CSRBF+Runge,linear interp; trapezoid rule; CPU ,248,0,6.20428e+08,1.61179,8, 0.00672139,,0.00109273,0.00661233,0.00672139,
Non-smooth: Wendland CSRBF+Runge,linear interp; trapezoid rule; CPU ,252,0,6.43007e+08,1.55519,8, 0.00982557,,0.00263166,0.00308868,0.00982557,
Non-smooth: Wendland CSRBF+Runge,linear interp; trapezoid rule; CPU ,256,0,6.64544e+08,1.50479,8, 0.00723144,,0.00708227,0.00310589,0.00723144,
Non-smooth: Wendland CSRBF+Runge,linear interp; trapezoid rule; CPU ,260,0,6.84663e+08,1.46057,8, 0.012092,,0.0019789,0.00388274,0.012092,
Non-smooth: Wendland CSRBF+Runge,linear interp; trapezoid rule; CPU ,264,0,7.06681e+08,1.41507,8, 0.00610371,,0.00398275,0.00385763,0.00610371,
Non-smooth: Wendland CSRBF+Runge,linear interp; trapezoid rule; CPU ,268,0,7.28456e+08,1.37277,8, 0.00840895,,0.00477195,0.00595252,0.00840895,
Non-smooth: Wendland CSRBF+Runge,linear interp; trapezoid rule; CPU ,272,0,7.53437e+08,1.32725,8, 0.0121284,,0.00367837,0.0036682,0.0121284,
Non-smooth: Wendland CSRBF+Runge,linear interp; trapezoid rule; CPU ,276,0,7.74999e+08,1.29032,8, 0.00747532,,0.00259511,0.00397119,0.00747532,
Non-smooth: Wendland CSRBF+Runge,linear interp; trapezoid rule; CPU ,280,0,7.98953e+08,1.25164,8, 0.00967859,,0.00136722,0.0049939,0.00967859,
Non-smooth: Wendland CSRBF+Runge,linear interp; trapezoid rule; CPU ,284,0,8.22309e+08,1.21609,8, 0.00654252,,0.0032177,0.00549837,0.00654252,
Non-smooth: Wendland CSRBF+Runge,linear interp; trapezoid rule; CPU ,288,0,8.45587e+08,1.18261,8, 0.00944435,,0.00534035,0.00367432,0.00944435,
Non-smooth: Wendland CSRBF+Runge,linear interp; trapezoid rule; CPU ,292,0,8.69888e+08,1.14957,8, 0.0080336,,0.00193423,0.00287971,0.0080336,
Non-smooth: Wendland CSRBF+Runge,linear interp; trapezoid rule; CPU ,296,0,8.92686e+08,1.12021,8, 0.00799936,,0.00404191,0.00223625,0.00799936,
Non-smooth: Wendland CSRBF+Runge,linear interp; trapezoid rule; CPU ,300,0,9.17043e+08,1.09046,8, 0.0047469,,0.00419547,0.00418501,0.0047469,
Non-smooth: Wendland CSRBF+Runge,linear interp; trapezoid rule; CPU ,304,0,9.3983e+08,1.06402,8, 0.0111983,,0.00306697,0.00542003,0.0111983,
Non-smooth: Wendland CSRBF+Runge,linear interp; trapezoid rule; CPU ,308,0,9.65799e+08,1.03541,8, 0.00741378,,0.00125701,0.00505599,0.00741378,
Non-smooth: Wendland CSRBF+Runge,linear interp; trapezoid rule; CPU ,312,0,9.9792e+08,1.00208,8, 0.00711903,,0.000737942,0.00416238,0.00711903,
Non-smooth: Wendland CSRBF+Runge,linear interp; trapezoid rule; CPU ,316,0,1.02293e+09,0.97758,8, 0.00837194,,0.00335995,0.00300117,0.00837194,
Non-smooth: Wendland CSRBF+Runge,linear interp; trapezoid rule; CPU ,320,0,1.04877e+09,0.953502,8, 0.00496026,,0.00427391,0.00415507,0.00496026,
Non-smooth: Wendland CSRBF+Runge,linear interp; trapezoid rule; CPU ,324,0,1.16339e+09,0.859557,8, 0.00614664,,0.00212062,0.00182246,0.00614664,
Non-smooth: Wendland CSRBF+Runge,linear interp; trapezoid rule; CPU ,328,0,1.10282e+09,0.906763,8, 0.00528028,,0.00308174,0.00215,0.00528028,
Non-smooth: Wendland CSRBF+Runge,linear interp; trapezoid rule; CPU ,332,0,1.13396e+09,0.881865,8, 0.00577943,,0.00325893,0.00299209,0.00577943,
Non-smooth: Wendland CSRBF+Runge,linear interp; trapezoid rule; CPU ,336,0,1.1647e+09,0.858587,8, 0.00568307,,0.00336404,0.00420374,0.00568307,
Non-smooth: Wendland CSRBF+Runge,linear interp; trapezoid rule; CPU ,340,0,1.19268e+09,0.83845,8, 0.00613484,,0.00175981,0.00613484,0.00378799,
Non-smooth: Wendland CSRBF+Runge,linear interp; trapezoid rule; CPU ,344,0,1.22688e+09,0.815075,8, 0.00873791,,0.000601628,0.00873791,0.00582168,
Non-smooth: Wendland CSRBF+Runge,linear interp; trapezoid rule; CPU ,348,0,1.25615e+09,0.796084,8, 0.00856732,,0.00199133,0.00856732,0.00777944,
Non-smooth: Wendland CSRBF+Runge,linear interp; trapezoid rule; CPU ,352,0,1.28818e+09,0.776288,8, 0.00859938,,0.0046636,0.00859938,0.00407085,
Non-smooth: Wendland CSRBF+Runge,linear interp; trapezoid rule; CPU ,356,0,1.31807e+09,0.758688,8, 0.00576007,,0.00112161,0.00576007,0.00567156,
Non-smooth: Wendland CSRBF+Runge,linear interp; trapezoid rule; CPU ,360,0,1.35199e+09,0.739652,8, 0.00666651,,0.00406951,0.00330611,0.00666651,
Non-smooth: Wendland CSRBF+Runge,linear interp; trapezoid rule; CPU ,364,0,1.38321e+09,0.722956,8, 0.00630938,,0.00630938,0.00334844,0.00625689,
Non-smooth: Wendland CSRBF+Runge,linear interp; trapezoid rule; CPU ,368,0,1.46973e+09,0.680397,8, 0.0131045,,0.00264777,0.0043349,0.0131045,
Non-smooth: Wendland CSRBF+Runge,linear interp; trapezoid rule; CPU ,372,0,1.45208e+09,0.688668,8, 0.0373436,,0.00142947,0.0373436,0.0112978,
Non-smooth: Wendland CSRBF+Runge,linear interp; trapezoid rule; CPU ,376,0,1.48285e+09,0.674378,8, 0.0072782,,0.000609254,0.00332041,0.0072782,
Non-smooth: Wendland CSRBF+Runge,linear interp; trapezoid rule; CPU ,380,0,1.51175e+09,0.661485,8, 0.00754214,,0.00224169,0.00379604,0.00754214,
Non-smooth: Wendland CSRBF+Runge,linear interp; trapezoid rule; CPU ,384,0,1.54301e+09,0.648085,8, 0.00725594,,0.0033139,0.00725594,0.00704113,
Non-smooth: Wendland CSRBF+Runge,linear interp; trapezoid rule; CPU ,388,0,1.57738e+09,0.633962,8, 0.00689427,,0.00138877,0.00427385,0.00689427,
Non-smooth: Wendland CSRBF+Runge,linear interp; trapezoid rule; CPU ,392,0,1.61501e+09,0.619191,8, 0.00461112,,0.00218542,0.0032866,0.00461112,
Non-smooth: Wendland CSRBF+Runge,linear interp; trapezoid rule; CPU ,396,0,1.64747e+09,0.606991,8, 0.00683058,,0.00304895,0.00497086,0.00683058,
Non-smooth: Wendland CSRBF+Runge,linear interp; trapezoid rule; CPU ,400,0,1.68408e+09,0.593795,8, 0.00530671,,0.00248272,0.00243071,0.00530671,
Non-smooth: Wendland CSRBF+Runge,linear interp; trapezoid rule; CPU ,404,0,1.74315e+09,0.573673,8, 0.00548946,,0.00136916,0.00452316,0.00548946,
Non-smooth: Wendland CSRBF+Runge,linear interp; trapezoid rule; CPU ,408,0,1.75869e+09,0.568604,8, 0.00607382,,0.000872518,0.00326771,0.00607382,
Non-smooth: Wendland CSRBF+Runge,linear interp; trapezoid rule; CPU ,412,0,1.79833e+09,0.556072,8, 0.0092707,,0.00135376,0.00312678,0.0092707,
Non-smooth: Wendland CSRBF+Runge,linear interp; trapezoid rule; CPU ,416,0,1.83915e+09,0.54373,8, 0.00596294,,0.00390631,0.00247712,0.00596294,
Non-smooth: Wendland CSRBF+Runge,linear interp; trapezoid rule; CPU ,420,0,1.87884e+09,0.532243,8, 0.00503141,,0.00134768,0.00376381,0.00503141,
Non-smooth: Wendland CSRBF+Runge,linear interp; trapezoid rule; CPU ,424,0,1.92108e+09,0.520539,8, 0.011579,,0.00199249,0.00479176,0.011579,
Non-smooth: Wendland CSRBF+Runge,linear interp; trapezoid rule; CPU ,428,0,1.95988e+09,0.510236,8, 0.00541553,,0.00174766,0.00347232,0.00541553,
Non-smooth: Wendland CSRBF+Runge,linear interp; trapezoid rule; CPU ,432,0,2.00122e+09,0.499695,8, 0.00685315,,0.0022299,0.00685315,0.00562532,
Non-smooth: Wendland CSRBF+Runge,linear interp; trapezoid rule; CPU ,436,0,2.04104e+09,0.489947,8, 0.00372381,,0.00103819,0.00320441,0.00372381,
Non-smooth: Wendland CSRBF+Runge,linear interp; trapezoid rule; CPU ,440,0,2.07943e+09,0.4809,8, 0.005228,,0.000536361,0.00406384,0.005228,
Non-smooth: Wendland CSRBF+Runge,linear interp; trapezoid rule; CPU ,444,0,2.20412e+09,0.453697,8, 0.00437978,,0.00149096,0.00290291,0.00437978,
Non-smooth: Wendland CSRBF+Runge,linear interp; trapezoid rule; CPU ,448,0,2.16705e+09,0.461456,8, 0.00529845,,0.00337603,0.0030712,0.00529845,
Non-smooth: Wendland CSRBF+Runge,linear interp; trapezoid rule; CPU ,452,0,2.21203e+09,0.452073,8, 0.019764,,0.000944782,0.0063676,0.019764,
Non-smooth: Wendland CSRBF+Runge,linear interp; trapezoid rule; CPU ,456,0,2.24425e+09,0.445583,8, 0.00437167,,0.00209979,0.00165366,0.00437167,
Non-smooth: Wendland CSRBF+Runge,linear interp; trapezoid rule; CPU ,460,0,2.28129e+09,0.438348,8, 0.00495643,,0.00163537,0.00365229,0.00495643,
Non-smooth: Wendland CSRBF+Runge,linear interp; trapezoid rule; CPU ,464,0,2.32238e+09,0.430593,8, 0.00462553,,0.00178374,0.00408779,0.00462553,
Non-smooth: Wendland CSRBF+Runge,linear interp; trapezoid rule; CPU ,468,0,2.36422e+09,0.422973,8, 0.00513945,,0.00102968,0.0028564,0.00513945,
Non-smooth: Wendland CSRBF+Runge,linear interp; trapezoid rule; CPU ,472,0,2.40928e+09,0.415062,8, 0.00670456,,0.000433753,0.00670456,0.00429478,
Non-smooth: Wendland CSRBF+Runge,linear interp; trapezoid rule; CPU ,476,0,2.45293e+09,0.407676,8, 0.00309786,,0.00169001,0.00287372,0.00309786,
Non-smooth: Wendland CSRBF+Runge,linear interp; trapezoid rule; CPU ,480,0,2.49963e+09,0.400059,8, 0.00471916,,0.00244203,0.00286666,0.00471916,
Non-smooth: Wendland CSRBF+Runge,linear interp; trapezoid rule; CPU ,484,0,2.54341e+09,0.393172,8, 0.00816038,,0.00111802,0.00638259,0.00816038,
Non-smooth: Wendland CSRBF+Runge,linear interp; trapezoid rule; CPU ,488,0,2.59536e+09,0.385304,8, 0.00440012,,0.00120826,0.00225642,0.00440012,
Non-smooth: Wendland CSRBF+Runge,linear interp; trapezoid rule; CPU ,492,0,2.65579e+09,0.376535,8, 0.00469132,,0.00171475,0.00233627,0.00469132,
Non-smooth: Wendland CSRBF+Runge,linear interp; trapezoid rule; CPU ,496,0,2.68767e+09,0.372069,8, 0.00474183,,0.00129246,0.00278971,0.00474183,
Non-smooth: Wendland CSRBF+Runge,linear interp; trapezoid rule; CPU ,500,0,2.73853e+09,0.365159,8, 0.00299291,,0.00109862,0.00286513,0.00299291,
Non-smooth: Wendland CSRBF+Runge,linear interp; trapezoid rule; CPU ,504,0,2.78974e+09,0.358456,8, 0.00552199,,0.000361427,0.00297496,0.00552199,
Non-smooth: Wendland CSRBF+Runge,linear interp; trapezoid rule; CPU ,508,0,2.83458e+09,0.352786,8, 0.00539517,,0.00196257,0.00325131,0.00539517,
Non-smooth: Wendland CSRBF+Runge,linear interp; trapezoid rule; CPU ,512,0,2.89177e+09,0.345809,8, 0.00466573,,0.00263136,0.00466573,0.00399908,
Non-smooth: Wendland CSRBF+Runge,linear interp; trapezoid rule; CPU ,516,0,2.92783e+09,0.34155,8, 0.00261359,,0.000898608,0.00199637,0.00261359,
