calculator chosen: 8
func chosen: 2
cache dir chosen: /scratch/ob749/GA/cache/
FunctionName, Calculator,N,Init time (s), Calc.time(s), Calc.Freq(hz), Bytes, MaxError, FirstBlank, Err1, Err2, Err3, Blank
Non-smooth: Wendland CSRBF+Runge,bicubic interp; GPU Sparse Matrix  ,8,0.201,496534,2013.96,8, 0.299925,,0.0625577,0.299925,0.265704,
Non-smooth: Wendland CSRBF+Runge,bicubic interp; GPU Sparse Matrix  ,12,0.021,201302,4967.66,8, 0.173055,,0.0683756,0.170789,0.173055,
Non-smooth: Wendland CSRBF+Runge,bicubic interp; GPU Sparse Matrix  ,16,0.047,293140,3411.34,8, 0.079851,,0.0394318,0.079851,0.0767299,
Non-smooth: Wendland CSRBF+Runge,bicubic interp; GPU Sparse Matrix  ,20,0.086,425380,2350.84,8, 0.0498025,,0.032766,0.0498025,0.0432852,
Non-smooth: Wendland CSRBF+Runge,bicubic interp; GPU Sparse Matrix  ,24,0.194,619174,1615.05,8, 0.0213773,,0.0153421,0.0213773,0.0174867,
Non-smooth: Wendland CSRBF+Runge,bicubic interp; GPU Sparse Matrix  ,28,0.326,769462,1299.61,8, 0.0141278,,0.0121663,0.0141278,0.0121563,
Non-smooth: Wendland CSRBF+Runge,bicubic interp; GPU Sparse Matrix  ,32,0.503,1.00337e+06,996.643,8, 0.0119405,,0.00851692,0.0113111,0.0119405,
Non-smooth: Wendland CSRBF+Runge,bicubic interp; GPU Sparse Matrix  ,36,0.704,1.11522e+06,896.685,8, 0.0087471,,0.00338439,0.00601211,0.0087471,
Non-smooth: Wendland CSRBF+Runge,bicubic interp; GPU Sparse Matrix  ,40,0.993,1.34027e+06,746.117,8, 0.00614526,,0.00206372,0.00455436,0.00614526,
Non-smooth: Wendland CSRBF+Runge,bicubic interp; GPU Sparse Matrix  ,44,1.354,1.54875e+06,645.683,8, 0.004909,,0.00208915,0.00347936,0.004909,
Non-smooth: Wendland CSRBF+Runge,bicubic interp; GPU Sparse Matrix  ,48,1.682,1.77909e+06,562.086,8, 0.00446955,,0.00235991,0.00363696,0.00446955,
Non-smooth: Wendland CSRBF+Runge,bicubic interp; GPU Sparse Matrix  ,52,2.047,2.18696e+06,457.255,8, 0.00438476,,0.00193672,0.00267082,0.00438476,
Non-smooth: Wendland CSRBF+Runge,bicubic interp; GPU Sparse Matrix  ,56,2.876,2.37394e+06,421.24,8, 0.00337319,,0.00152949,0.00213248,0.00337319,
Non-smooth: Wendland CSRBF+Runge,bicubic interp; GPU Sparse Matrix  ,60,3.46,2.69475e+06,371.092,8, 0.00313879,,0.00112542,0.0022206,0.00313879,
Non-smooth: Wendland CSRBF+Runge,bicubic interp; GPU Sparse Matrix  ,64,3.658,2.94293e+06,339.797,8, 0.00278957,,0.00098444,0.0018843,0.00278957,
Non-smooth: Wendland CSRBF+Runge,bicubic interp; GPU Sparse Matrix  ,68,4.589,3.57332e+06,279.852,8, 0.00283249,,0.000772676,0.00173978,0.00283249,
Non-smooth: Wendland CSRBF+Runge,bicubic interp; GPU Sparse Matrix  ,72,6.411,4.28577e+06,233.33,8, 0.00242003,,0.000844838,0.00183322,0.00242003,
Non-smooth: Wendland CSRBF+Runge,bicubic interp; GPU Sparse Matrix  ,76,7.276,4.72696e+06,211.552,8, 0.00232181,,0.000872978,0.00162431,0.00232181,
Non-smooth: Wendland CSRBF+Runge,bicubic interp; GPU Sparse Matrix  ,80,8.363,5.30292e+06,188.575,8, 0.00246781,,0.000712805,0.00146667,0.00246781,
Non-smooth: Wendland CSRBF+Runge,bicubic interp; GPU Sparse Matrix  ,84,9.973,5.71383e+06,175.014,8, 0.00264729,,0.000659575,0.00147498,0.00264729,
Non-smooth: Wendland CSRBF+Runge,bicubic interp; GPU Sparse Matrix  ,88,11.565,7.35621e+06,135.939,8, 0.00213059,,0.000667809,0.00123572,0.00213059,
Non-smooth: Wendland CSRBF+Runge,bicubic interp; GPU Sparse Matrix  ,92,13.253,7.16902e+06,139.489,8, 0.00233832,,0.000652143,0.00129727,0.00233832,
Non-smooth: Wendland CSRBF+Runge,bicubic interp; GPU Sparse Matrix  ,96,15.215,1.90709e+07,52.4359,8, 0.00214435,,0.000581907,0.00126674,0.00214435,
Non-smooth: Wendland CSRBF+Runge,bicubic interp; GPU Sparse Matrix  ,100,17.131,8.86119e+06,112.852,8, 0.00220318,,0.000477238,0.00137598,0.00220318,
Non-smooth: Wendland CSRBF+Runge,bicubic interp; GPU Sparse Matrix  ,104,19.303,9.74676e+06,102.598,8, 0.00266693,,0.00035286,0.00137131,0.00266693,
Non-smooth: Wendland CSRBF+Runge,bicubic interp; GPU Sparse Matrix  ,108,22.17,1.08867e+07,91.8552,8, 0.00303094,,0.000388219,0.00303094,0.00257929,
Non-smooth: Wendland CSRBF+Runge,bicubic interp; GPU Sparse Matrix  ,112,25.543,1.19362e+07,83.7791,8, 0.00226375,,0.000405084,0.00135995,0.00226375,
Non-smooth: Wendland CSRBF+Runge,bicubic interp; GPU Sparse Matrix  ,116,27.58,1.3068e+07,76.5228,8, 0.00242062,,0.000411272,0.00127049,0.00242062,
Non-smooth: Wendland CSRBF+Runge,bicubic interp; GPU Sparse Matrix  ,120,31.476,1.44209e+07,69.3438,8, 0.00247376,,0.000522352,0.00138131,0.00247376,
Non-smooth: Wendland CSRBF+Runge,bicubic interp; GPU Sparse Matrix  ,124,34.04,1.55915e+07,64.1374,8, 0.0023627,,0.000530449,0.00131899,0.0023627,
Non-smooth: Wendland CSRBF+Runge,bicubic interp; GPU Sparse Matrix  ,128,38.638,1.71906e+07,58.1712,8, 0.00235886,,0.000363331,0.00105111,0.00235886,
Non-smooth: Wendland CSRBF+Runge,bicubic interp; GPU Sparse Matrix  ,132,43.392,1.91656e+07,52.1768,8, 0.00243371,,0.000309092,0.00159301,0.00243371,
Non-smooth: Wendland CSRBF+Runge,bicubic interp; GPU Sparse Matrix  ,136,47.935,2.07316e+07,48.2357,8, 0.00288738,,0.000265193,0.00113957,0.00288738,
Non-smooth: Wendland CSRBF+Runge,bicubic interp; GPU Sparse Matrix  ,140,47.09,2.1979e+07,45.498,8, 0.00245631,,0.000304765,0.0015228,0.00245631,
Non-smooth: Wendland CSRBF+Runge,bicubic interp; GPU Sparse Matrix  ,144,51.357,2.41393e+07,41.4263,8, 0.00251063,,0.000268526,0.00138507,0.00251063,
Non-smooth: Wendland CSRBF+Runge,bicubic interp; GPU Sparse Matrix  ,148,56.728,2.65413e+07,37.6772,8, 0.00237756,,0.000345439,0.00150234,0.00237756,
Non-smooth: Wendland CSRBF+Runge,bicubic interp; GPU Sparse Matrix  ,152,61.845,2.82805e+07,35.36,8, 0.00338355,,0.000270604,0.00338355,0.00230794,
Non-smooth: Wendland CSRBF+Runge,bicubic interp; GPU Sparse Matrix  ,156,66.222,3.02156e+07,33.0955,8, 0.00233555,,0.000350307,0.00168868,0.00233555,
Non-smooth: Wendland CSRBF+Runge,bicubic interp; GPU Sparse Matrix  ,160,72.401,3.28964e+07,30.3985,8, 0.00947272,,0.000313588,0.00135386,0.00947272,
Non-smooth: Wendland CSRBF+Runge,bicubic interp; GPU Sparse Matrix  ,164,79.228,3.62591e+07,27.5793,8, 0.00234516,,0.000310683,0.00153631,0.00234516,
Non-smooth: Wendland CSRBF+Runge,bicubic interp; GPU Sparse Matrix  ,168,86.31,3.84531e+07,26.0057,8, 0.00264475,,0.000280809,0.00147437,0.00264475,
Non-smooth: Wendland CSRBF+Runge,bicubic interp; GPU Sparse Matrix  ,172,94.14,4.10516e+07,24.3596,8, 0.00268666,,0.000265256,0.00136908,0.00268666,
Non-smooth: Wendland CSRBF+Runge,bicubic interp; GPU Sparse Matrix  ,176,101.871,4.43118e+07,22.5673,8, 0.00266907,,0.00033409,0.00125651,0.00266907,
Non-smooth: Wendland CSRBF+Runge,bicubic interp; GPU Sparse Matrix  ,180,111.51,4.75073e+07,21.0494,8, 0.00262117,,0.00036364,0.00131906,0.00262117,
Non-smooth: Wendland CSRBF+Runge,bicubic interp; GPU Sparse Matrix  ,184,119.02,5.06025e+07,19.7619,8, 0.00318204,,0.000421649,0.00159841,0.00318204,
Non-smooth: Wendland CSRBF+Runge,bicubic interp; GPU Sparse Matrix  ,188,127.201,5.41982e+07,18.4508,8, 0.00281966,,0.000294753,0.00170811,0.00281966,
Non-smooth: Wendland CSRBF+Runge,bicubic interp; GPU Sparse Matrix  ,192,135.769,5.68826e+07,17.5801,8, 0.0450458,,0.000372297,0.0450458,0.00246253,
Non-smooth: Wendland CSRBF+Runge,bicubic interp; GPU Sparse Matrix  ,196,145.688,6.08496e+07,16.434,8, 0.00272923,,0.000373681,0.00124649,0.00272923,
Non-smooth: Wendland CSRBF+Runge,bicubic interp; GPU Sparse Matrix  ,200,157.64,6.39977e+07,15.6256,8, 0.00399683,,0.000447053,0.00178755,0.00399683,
Non-smooth: Wendland CSRBF+Runge,bicubic interp; GPU Sparse Matrix  ,204,167.892,7.1924e+07,13.9036,8, 0.00335258,,0.000503509,0.00181519,0.00335258,
Non-smooth: Wendland CSRBF+Runge,bicubic interp; GPU Sparse Matrix  ,208,178.561,7.14337e+07,13.999,8, 0.00362606,,0.000510723,0.00267491,0.00362606,
Non-smooth: Wendland CSRBF+Runge,bicubic interp; GPU Sparse Matrix  ,212,191.394,7.49821e+07,13.3365,8, 0.00323214,,0.00041479,0.00267178,0.00323214,
Non-smooth: Wendland CSRBF+Runge,bicubic interp; GPU Sparse Matrix  ,216,210.132,7.67255e+07,13.0335,8, 0.00413956,,0.000650713,0.00330846,0.00413956,
Non-smooth: Wendland CSRBF+Runge,bicubic interp; GPU Sparse Matrix  ,220,220.899,8.19477e+07,12.2029,8, 0.00472755,,0.000675964,0.00347234,0.00472755,
Non-smooth: Wendland CSRBF+Runge,bicubic interp; GPU Sparse Matrix  ,224,230.183,8.62964e+07,11.588,8, 0.00527106,,0.000635317,0.00296868,0.00527106,
Non-smooth: Wendland CSRBF+Runge,bicubic interp; GPU Sparse Matrix  ,228,249.884,9.13218e+07,10.9503,8, 0.00552501,,0.000805678,0.00258669,0.00552501,
Non-smooth: Wendland CSRBF+Runge,bicubic interp; GPU Sparse Matrix  ,232,263.416,9.66518e+07,10.3464,8, 0.00486171,,0.000925841,0.00348478,0.00486171,
Non-smooth: Wendland CSRBF+Runge,bicubic interp; GPU Sparse Matrix  ,236,282.698,1.01858e+08,9.81762,8, 0.00652632,,0.000891657,0.00379148,0.00652632,
Non-smooth: Wendland CSRBF+Runge,bicubic interp; GPU Sparse Matrix  ,240,298.138,1.07738e+08,9.28182,8, 0.00627579,,0.000783902,0.00347893,0.00627579,
Non-smooth: Wendland CSRBF+Runge,bicubic interp; GPU Sparse Matrix  ,244,309.311,1.12749e+08,8.86923,8, 0.00643513,,0.00104762,0.00412996,0.00643513,
Non-smooth: Wendland CSRBF+Runge,bicubic interp; GPU Sparse Matrix  ,248,325.94,1.19397e+08,8.37543,8, 0.00782515,,0.00142276,0.00503634,0.00782515,
Non-smooth: Wendland CSRBF+Runge,bicubic interp; GPU Sparse Matrix  ,252,345.601,1.25872e+08,7.94456,8, 0.0075089,,0.00079614,0.0051014,0.0075089,
Non-smooth: Wendland CSRBF+Runge,bicubic interp; GPU Sparse Matrix  ,256,369.748,1.30593e+08,7.65739,8, 0.0104559,,0.000886476,0.00671939,0.0104559,
Non-smooth: Wendland CSRBF+Runge,bicubic interp; GPU Sparse Matrix  ,260,403.455,1.38952e+08,7.19672,8, 0.00905787,,0.00133423,0.00553456,0.00905787,
Non-smooth: Wendland CSRBF+Runge,bicubic interp; GPU Sparse Matrix  ,264,445.021,1.53424e+08,6.5179,8, 0.0121616,,0.00143119,0.00721397,0.0121616,
Non-smooth: Wendland CSRBF+Runge,bicubic interp; GPU Sparse Matrix  ,268,487.933,1.54999e+08,6.45163,8, 0.0111134,,0.00158815,0.00790872,0.0111134,
Non-smooth: Wendland CSRBF+Runge,bicubic interp; GPU Sparse Matrix  ,272,527.032,1.62956e+08,6.13662,8, 0.0134783,,0.00192614,0.00719366,0.0134783,
Non-smooth: Wendland CSRBF+Runge,bicubic interp; GPU Sparse Matrix  ,276,573.993,1.6861e+08,5.93084,8, 0.0149535,,0.00125202,0.00641833,0.0149535,
