calculator chosen: 5
func chosen: 2
cache dir chosen: /scratch/ob749/GA/cache/
FunctionName, Calculator,N,Init time (s), Calc.time(s), Calc.Freq(hz), Bytes, MaxError, FirstBlank, Err1, Err2, Err3, Blank
Non-smooth: Wendland CSRBF+Runge,DCT+Bessel+IDCT; on padded grid    ,8,0.005,61353,16299.1,8, 0.417456,,0.103541,0.417456,0.368231,
Non-smooth: Wendland CSRBF+Runge,DCT+Bessel+IDCT; on padded grid    ,12,0.032,108485,9217.86,8, 0.148176,,0.0860721,0.145993,0.148176,
Non-smooth: Wendland CSRBF+Runge,DCT+Bessel+IDCT; on padded grid    ,16,0.014,135675,7370.55,8, 0.1278,,0.0662395,0.1278,0.0994512,
Non-smooth: Wendland CSRBF+Runge,DCT+Bessel+IDCT; on padded grid    ,20,0.049,237050,4218.52,8, 0.0703824,,0.0473255,0.0703824,0.058975,
Non-smooth: Wendland CSRBF+Runge,DCT+Bessel+IDCT; on padded grid    ,24,0.049,327847,3050.2,8, 0.0603043,,0.0338636,0.0492157,0.0603043,
Non-smooth: Wendland CSRBF+Runge,DCT+Bessel+IDCT; on padded grid    ,28,0.029,465183,2149.69,8, 0.0397804,,0.0240827,0.0336725,0.0397804,
Non-smooth: Wendland CSRBF+Runge,DCT+Bessel+IDCT; on padded grid    ,32,0.029,433263,2308.07,8, 0.0447876,,0.0166618,0.0317524,0.0447876,
Non-smooth: Wendland CSRBF+Runge,DCT+Bessel+IDCT; on padded grid    ,36,0.078,703345,1421.78,8, 0.0482079,,0.0203065,0.0297829,0.0482079,
Non-smooth: Wendland CSRBF+Runge,DCT+Bessel+IDCT; on padded grid    ,40,0.087,988901,1011.22,8, 0.0454144,,0.0239026,0.0273504,0.0454144,
Non-smooth: Wendland CSRBF+Runge,DCT+Bessel+IDCT; on padded grid    ,44,0.026,1.11529e+06,896.629,8, 0.0280788,,0.0269362,0.0249706,0.0280788,
Non-smooth: Wendland CSRBF+Runge,DCT+Bessel+IDCT; on padded grid    ,48,0.087,1.35844e+06,736.136,8, 0.0333489,,0.027011,0.0237138,0.0333489,
Non-smooth: Wendland CSRBF+Runge,DCT+Bessel+IDCT; on padded grid    ,52,0.03,1.64979e+06,606.139,8, 0.0386032,,0.0245086,0.021034,0.0386032,
Non-smooth: Wendland CSRBF+Runge,DCT+Bessel+IDCT; on padded grid    ,56,0.049,1.80597e+06,553.719,8, 0.0378658,,0.0208561,0.0184282,0.0378658,
Non-smooth: Wendland CSRBF+Runge,DCT+Bessel+IDCT; on padded grid    ,60,0.175,2.06507e+06,484.245,8, 0.0314206,,0.0168925,0.0168724,0.0314206,
Non-smooth: Wendland CSRBF+Runge,DCT+Bessel+IDCT; on padded grid    ,64,0.047,3.05636e+06,327.187,8, 0.0254924,,0.0124569,0.0171131,0.0254924,
Non-smooth: Wendland CSRBF+Runge,DCT+Bessel+IDCT; on padded grid    ,68,0.086,1.39978e+07,71.44,8, 0.0324896,,0.0152448,0.0160318,0.0324896,
Non-smooth: Wendland CSRBF+Runge,DCT+Bessel+IDCT; on padded grid    ,72,0.135,1.31308e+07,76.157,8, 0.0338596,,0.0173786,0.0171123,0.0338596,
Non-smooth: Wendland CSRBF+Runge,DCT+Bessel+IDCT; on padded grid    ,76,0.095,1.47446e+07,67.8217,8, 0.0312035,,0.0193264,0.0167633,0.0312035,
Non-smooth: Wendland CSRBF+Runge,DCT+Bessel+IDCT; on padded grid    ,80,0.1,2.15992e+07,46.298,8, 0.0211632,,0.0204348,0.0177112,0.0211632,
Non-smooth: Wendland CSRBF+Runge,DCT+Bessel+IDCT; on padded grid    ,84,0.121,2.11308e+07,47.3242,8, 0.0262136,,0.0199214,0.0168858,0.0262136,
Non-smooth: Wendland CSRBF+Runge,DCT+Bessel+IDCT; on padded grid    ,88,0.091,1.7312e+07,57.7635,8, 0.0300546,,0.018544,0.0175235,0.0300546,
Non-smooth: Wendland CSRBF+Runge,DCT+Bessel+IDCT; on padded grid    ,92,0.117,1.84609e+07,54.1685,8, 0.0312196,,0.0167626,0.0179445,0.0312196,
Non-smooth: Wendland CSRBF+Runge,DCT+Bessel+IDCT; on padded grid    ,96,0.106,1.59062e+07,62.8687,8, 0.0251698,,0.0132547,0.0181881,0.0251698,
Non-smooth: Wendland CSRBF+Runge,DCT+Bessel+IDCT; on padded grid    ,100,0.159,1.58005e+07,63.2892,8, 0.0202206,,0.0118671,0.0183407,0.0202206,
Non-smooth: Wendland CSRBF+Runge,DCT+Bessel+IDCT; on padded grid    ,104,0.069,1.70485e+07,58.6562,8, 0.026487,,0.0141149,0.0169472,0.026487,
Non-smooth: Wendland CSRBF+Runge,DCT+Bessel+IDCT; on padded grid    ,108,0.154,2.23391e+07,44.7646,8, 0.0276712,,0.0158954,0.0167351,0.0276712,
Non-smooth: Wendland CSRBF+Runge,DCT+Bessel+IDCT; on padded grid    ,112,0.097,2.23349e+07,44.7729,8, 0.0259708,,0.0162453,0.0165074,0.0259708,
Non-smooth: Wendland CSRBF+Runge,DCT+Bessel+IDCT; on padded grid    ,116,0.123,1.85426e+07,53.9299,8, 0.0175504,,0.0161392,0.0169689,0.0175504,
Non-smooth: Wendland CSRBF+Runge,DCT+Bessel+IDCT; on padded grid    ,120,0.285,1.74349e+07,57.3561,8, 0.0229981,,0.0152371,0.0170992,0.0229981,
Non-smooth: Wendland CSRBF+Runge,DCT+Bessel+IDCT; on padded grid    ,124,0.153,2.38806e+07,41.875,8, 0.0243195,,0.0140937,0.0153285,0.0243195,
Non-smooth: Wendland CSRBF+Runge,DCT+Bessel+IDCT; on padded grid    ,128,0.122,2.02834e+07,49.3015,8, 0.0264113,,0.0123552,0.0152864,0.0264113,
Non-smooth: Wendland CSRBF+Runge,DCT+Bessel+IDCT; on padded grid    ,132,0.147,3.23729e+07,30.8901,8, 0.0190523,,0.0101365,0.0138869,0.0190523,
Non-smooth: Wendland CSRBF+Runge,DCT+Bessel+IDCT; on padded grid    ,136,0.206,3.00783e+07,33.2465,8, 0.0198279,,0.0120255,0.01263,0.0198279,
Non-smooth: Wendland CSRBF+Runge,DCT+Bessel+IDCT; on padded grid    ,140,0.197,2.94184e+07,33.9924,8, 0.0239892,,0.0134203,0.0108033,0.0239892,
Non-smooth: Wendland CSRBF+Runge,DCT+Bessel+IDCT; on padded grid    ,144,0.168,2.84705e+07,35.1241,8, 0.0234521,,0.0139228,0.0112264,0.0234521,
Non-smooth: Wendland CSRBF+Runge,DCT+Bessel+IDCT; on padded grid    ,148,0.182,3.20957e+07,31.1568,8, 0.0202899,,0.0135909,0.0115786,0.0202899,
Non-smooth: Wendland CSRBF+Runge,DCT+Bessel+IDCT; on padded grid    ,152,0.23,4.6453e+07,21.5271,8, 0.0168555,,0.0129953,0.0109125,0.0168555,
Non-smooth: Wendland CSRBF+Runge,DCT+Bessel+IDCT; on padded grid    ,156,0.165,2.47188e+07,40.4551,8, 0.0206915,,0.0116896,0.0127604,0.0206915,
Non-smooth: Wendland CSRBF+Runge,DCT+Bessel+IDCT; on padded grid    ,160,0.177,3.71511e+07,26.9171,8, 0.0235466,,0.0103455,0.0124127,0.0235466,
Non-smooth: Wendland CSRBF+Runge,DCT+Bessel+IDCT; on padded grid    ,164,0.222,4.26501e+07,23.4466,8, 0.0211606,,0.00905372,0.012619,0.0211606,
Non-smooth: Wendland CSRBF+Runge,DCT+Bessel+IDCT; on padded grid    ,168,0.252,1.88706e+07,52.9924,8, 0.0160747,,0.0106445,0.0122914,0.0160747,
Non-smooth: Wendland CSRBF+Runge,DCT+Bessel+IDCT; on padded grid    ,172,0.217,2.74276e+07,36.4596,8, 0.0174814,,0.0120934,0.0135127,0.0174814,
Non-smooth: Wendland CSRBF+Runge,DCT+Bessel+IDCT; on padded grid    ,176,0.224,2.12696e+07,47.0155,8, 0.0203627,,0.012212,0.0138626,0.0203627,
Non-smooth: Wendland CSRBF+Runge,DCT+Bessel+IDCT; on padded grid    ,180,0.391,4.75796e+07,21.0174,8, 0.0218032,,0.0120334,0.0129285,0.0218032,
Non-smooth: Wendland CSRBF+Runge,DCT+Bessel+IDCT; on padded grid    ,184,0.264,3.16155e+07,31.6301,8, 0.0176199,,0.0116083,0.0131433,0.0176199,
Non-smooth: Wendland CSRBF+Runge,DCT+Bessel+IDCT; on padded grid    ,188,0.26,4.0776e+07,24.5243,8, 0.0145315,,0.0105398,0.0142636,0.0145315,
Non-smooth: Wendland CSRBF+Runge,DCT+Bessel+IDCT; on padded grid    ,192,0.232,3.64858e+07,27.4079,8, 0.0450443,,0.0094374,0.0450443,0.0172162,
Non-smooth: Wendland CSRBF+Runge,DCT+Bessel+IDCT; on padded grid    ,196,0.172,3.64328e+07,27.4478,8, 0.0221901,,0.00787075,0.0138644,0.0221901,
Non-smooth: Wendland CSRBF+Runge,DCT+Bessel+IDCT; on padded grid    ,200,0.239,3.73052e+07,26.8059,8, 0.0188436,,0.00971984,0.0139931,0.0188436,
Non-smooth: Wendland CSRBF+Runge,DCT+Bessel+IDCT; on padded grid    ,204,0.427,5.72887e+07,17.4555,8, 0.0138415,,0.0107746,0.01307,0.0138415,
Non-smooth: Wendland CSRBF+Runge,DCT+Bessel+IDCT; on padded grid    ,208,0.194,5.73697e+07,17.4308,8, 0.0173308,,0.0115048,0.0129789,0.0173308,
Non-smooth: Wendland CSRBF+Runge,DCT+Bessel+IDCT; on padded grid    ,212,0.296,8.88893e+07,11.25,8, 0.0192688,,0.0109731,0.0117487,0.0192688,
Non-smooth: Wendland CSRBF+Runge,DCT+Bessel+IDCT; on padded grid    ,216,0.243,4.18566e+07,23.8911,8, 0.0197519,,0.0107014,0.0112974,0.0197519,
Non-smooth: Wendland CSRBF+Runge,DCT+Bessel+IDCT; on padded grid    ,220,0.295,4.36996e+07,22.8835,8, 0.0147926,,0.00929771,0.00939286,0.0147926,
Non-smooth: Wendland CSRBF+Runge,DCT+Bessel+IDCT; on padded grid    ,224,0.217,6.22213e+07,16.0717,8, 0.0144193,,0.00835223,0.00871522,0.0144193,
Non-smooth: Wendland CSRBF+Runge,DCT+Bessel+IDCT; on padded grid    ,228,0.433,4.86919e+07,20.5373,8, 0.0162615,,0.0069839,0.00993881,0.0162615,
Non-smooth: Wendland CSRBF+Runge,DCT+Bessel+IDCT; on padded grid    ,232,0.313,5.68924e+07,17.5771,8, 0.0204036,,0.009221,0.0102675,0.0204036,
Non-smooth: Wendland CSRBF+Runge,DCT+Bessel+IDCT; on padded grid    ,236,0.401,8.46752e+07,11.8098,8, 0.0162772,,0.0103541,0.00933253,0.0162772,
Non-smooth: Wendland CSRBF+Runge,DCT+Bessel+IDCT; on padded grid    ,240,0.335,4.68996e+07,21.3222,8, 0.0117381,,0.0107123,0.0103997,0.0117381,
Non-smooth: Wendland CSRBF+Runge,DCT+Bessel+IDCT; on padded grid    ,244,0.41,1.02764e+08,9.73103,8, 0.0165388,,0.0103064,0.0107353,0.0165388,
Non-smooth: Wendland CSRBF+Runge,DCT+Bessel+IDCT; on padded grid    ,248,0.374,6.79969e+07,14.7066,8, 0.0176851,,0.00968989,0.0116506,0.0176851,
Non-smooth: Wendland CSRBF+Runge,DCT+Bessel+IDCT; on padded grid    ,252,0.46,5.56307e+07,17.9757,8, 0.0174395,,0.00894614,0.0110575,0.0174395,
Non-smooth: Wendland CSRBF+Runge,DCT+Bessel+IDCT; on padded grid    ,256,0.234,4.93861e+07,20.2486,8, 0.0151698,,0.00765503,0.011848,0.0151698,
Non-smooth: Wendland CSRBF+Runge,DCT+Bessel+IDCT; on padded grid    ,260,0.331,5.03806e+07,19.8489,8, 0.0137114,,0.00641735,0.0121966,0.0137114,
Non-smooth: Wendland CSRBF+Runge,DCT+Bessel+IDCT; on padded grid    ,264,0.386,7.70346e+07,12.9812,8, 0.0148865,,0.00829095,0.0113558,0.0148865,
Non-smooth: Wendland CSRBF+Runge,DCT+Bessel+IDCT; on padded grid    ,268,0.535,8.86852e+07,11.2758,8, 0.0183486,,0.00946982,0.0120998,0.0183486,
Non-smooth: Wendland CSRBF+Runge,DCT+Bessel+IDCT; on padded grid    ,272,0.464,6.56343e+07,15.2359,8, 0.0168553,,0.00989243,0.0128134,0.0168553,
Non-smooth: Wendland CSRBF+Runge,DCT+Bessel+IDCT; on padded grid    ,276,0.523,8.56975e+07,11.6689,8, 0.0119153,,0.00957849,0.0119153,0.0110677,
Non-smooth: Wendland CSRBF+Runge,DCT+Bessel+IDCT; on padded grid    ,280,0.525,6.25454e+07,15.9884,8, 0.0152964,,0.00907538,0.0124685,0.0152964,
Non-smooth: Wendland CSRBF+Runge,DCT+Bessel+IDCT; on padded grid    ,284,0.689,1.28336e+08,7.79206,8, 0.0158107,,0.00795686,0.0114141,0.0158107,
Non-smooth: Wendland CSRBF+Runge,DCT+Bessel+IDCT; on padded grid    ,288,0.396,7.18066e+07,13.9263,8, 0.0182197,,0.00730263,0.0118199,0.0182197,
Non-smooth: Wendland CSRBF+Runge,DCT+Bessel+IDCT; on padded grid    ,292,0.584,1.23772e+08,8.07934,8, 0.0132407,,0.00620214,0.0104618,0.0132407,
Non-smooth: Wendland CSRBF+Runge,DCT+Bessel+IDCT; on padded grid    ,296,0.453,8.40782e+07,11.8937,8, 0.0125648,,0.00784398,0.00885525,0.0125648,
Non-smooth: Wendland CSRBF+Runge,DCT+Bessel+IDCT; on padded grid    ,300,0.609,7.44679e+07,13.4286,8, 0.0164149,,0.00907668,0.00753796,0.0164149,
Non-smooth: Wendland CSRBF+Runge,DCT+Bessel+IDCT; on padded grid    ,304,0.479,8.41035e+07,11.8901,8, 0.016074,,0.00908501,0.008311,0.016074,
Non-smooth: Wendland CSRBF+Runge,DCT+Bessel+IDCT; on padded grid    ,308,0.357,7.30867e+07,13.6824,8, 0.0140819,,0.0088486,0.00748069,0.0140819,
Non-smooth: Wendland CSRBF+Runge,DCT+Bessel+IDCT; on padded grid    ,312,0.409,7.23945e+07,13.8132,8, 0.00997889,,0.00842922,0.00810534,0.00997889,
Non-smooth: Wendland CSRBF+Runge,DCT+Bessel+IDCT; on padded grid    ,316,0.7,1.53135e+08,6.53019,8, 0.0137446,,0.00740764,0.00905875,0.0137446,
Non-smooth: Wendland CSRBF+Runge,DCT+Bessel+IDCT; on padded grid    ,320,0.517,1.08586e+08,9.20931,8, 0.0169806,,0.0068517,0.00979976,0.0169806,
Non-smooth: Wendland CSRBF+Runge,DCT+Bessel+IDCT; on padded grid    ,324,0.468,8.88631e+07,11.2533,8, 0.0156266,,0.00587061,0.0104552,0.0156266,
Non-smooth: Wendland CSRBF+Runge,DCT+Bessel+IDCT; on padded grid    ,328,0.635,1.48576e+08,6.73055,8, 0.0136933,,0.00737698,0.00990993,0.0136933,
Non-smooth: Wendland CSRBF+Runge,DCT+Bessel+IDCT; on padded grid    ,332,0.936,2.27937e+08,4.38717,8, 0.011115,,0.00865737,0.0106796,0.011115,
Non-smooth: Wendland CSRBF+Runge,DCT+Bessel+IDCT; on padded grid    ,336,0.68,1.19495e+08,8.36858,8, 0.0144936,,0.00873191,0.0101928,0.0144936,
Non-smooth: Wendland CSRBF+Runge,DCT+Bessel+IDCT; on padded grid    ,340,0.754,1.43809e+08,6.95367,8, 0.0169086,,0.00857535,0.0109262,0.0169086,
Non-smooth: Wendland CSRBF+Runge,DCT+Bessel+IDCT; on padded grid    ,344,0.721,1.83931e+08,5.43682,8, 0.0145204,,0.00824023,0.0104576,0.0145204,
Non-smooth: Wendland CSRBF+Runge,DCT+Bessel+IDCT; on padded grid    ,348,0.771,1.66692e+08,5.9991,8, 0.0123406,,0.00731307,0.0123406,0.0118004,
Non-smooth: Wendland CSRBF+Runge,DCT+Bessel+IDCT; on padded grid    ,352,0.602,1.19308e+08,8.38164,8, 0.0151853,,0.00635285,0.0117558,0.0151853,
Non-smooth: Wendland CSRBF+Runge,DCT+Bessel+IDCT; on padded grid    ,356,0.926,2.23568e+08,4.47291,8, 0.0147335,,0.00543667,0.0123389,0.0147335,
Non-smooth: Wendland CSRBF+Runge,DCT+Bessel+IDCT; on padded grid    ,360,0.73,9.27366e+07,10.7832,8, 0.0161809,,0.00737725,0.0116224,0.0161809,
Non-smooth: Wendland CSRBF+Runge,DCT+Bessel+IDCT; on padded grid    ,364,0.518,1.46304e+08,6.83508,8, 0.0107705,,0.00822664,0.0107705,0.0106266,
Non-smooth: Wendland CSRBF+Runge,DCT+Bessel+IDCT; on padded grid    ,368,0.716,1.30894e+08,7.63979,8, 0.0126513,,0.00835379,0.00976193,0.0126513,
Non-smooth: Wendland CSRBF+Runge,DCT+Bessel+IDCT; on padded grid    ,372,0.86,1.68972e+08,5.91814,8, 0.0370032,,0.00826103,0.0370032,0.0156426,
Non-smooth: Wendland CSRBF+Runge,DCT+Bessel+IDCT; on padded grid    ,376,0.833,2.1451e+08,4.66179,8, 0.0143808,,0.00751916,0.00888931,0.0143808,
Non-smooth: Wendland CSRBF+Runge,DCT+Bessel+IDCT; on padded grid    ,380,0.749,1.53461e+08,6.51632,8, 0.0126928,,0.00667357,0.00736734,0.0126928,
Non-smooth: Wendland CSRBF+Runge,DCT+Bessel+IDCT; on padded grid    ,384,0.603,1.18429e+08,8.44391,8, 0.0101891,,0.00628477,0.00683387,0.0101891,
Non-smooth: Wendland CSRBF+Runge,DCT+Bessel+IDCT; on padded grid    ,388,1.116,2.53231e+08,3.94896,8, 0.0132185,,0.00532366,0.00755648,0.0132185,
Non-smooth: Wendland CSRBF+Runge,DCT+Bessel+IDCT; on padded grid    ,392,0.459,1.3606e+08,7.34969,8, 0.0156025,,0.00692575,0.00821749,0.0156025,
Non-smooth: Wendland CSRBF+Runge,DCT+Bessel+IDCT; on padded grid    ,396,0.816,1.62354e+08,6.15939,8, 0.0133947,,0.00780682,0.00799302,0.0133947,
Non-smooth: Wendland CSRBF+Runge,DCT+Bessel+IDCT; on padded grid    ,400,0.559,1.35984e+08,7.3538,8, 0.0112181,,0.00797727,0.00898032,0.0112181,
Non-smooth: Wendland CSRBF+Runge,DCT+Bessel+IDCT; on padded grid    ,404,1.198,2.93468e+08,3.40752,8, 0.0107743,,0.00793428,0.00857085,0.0107743,
Non-smooth: Wendland CSRBF+Runge,DCT+Bessel+IDCT; on padded grid    ,408,0.991,1.73267e+08,5.77144,8, 0.0133985,,0.00725482,0.00969202,0.0133985,
Non-smooth: Wendland CSRBF+Runge,DCT+Bessel+IDCT; on padded grid    ,412,1.222,3.17078e+08,3.1538,8, 0.0150051,,0.00647642,0.0103834,0.0150051,
Non-smooth: Wendland CSRBF+Runge,DCT+Bessel+IDCT; on padded grid    ,416,0.664,1.78436e+08,5.60424,8, 0.0131565,,0.00566918,0.0100244,0.0131565,
Non-smooth: Wendland CSRBF+Runge,DCT+Bessel+IDCT; on padded grid    ,420,1.058,1.23273e+08,8.11206,8, 0.011615,,0.00490718,0.0106332,0.011615,
Non-smooth: Wendland CSRBF+Runge,DCT+Bessel+IDCT; on padded grid    ,424,0.945,2.41411e+08,4.14231,8, 0.0143398,,0.00646757,0.0102496,0.0143398,
Non-smooth: Wendland CSRBF+Runge,DCT+Bessel+IDCT; on padded grid    ,428,1.445,3.5235e+08,2.83809,8, 0.0131157,,0.00738259,0.0108654,0.0131157,
Non-smooth: Wendland CSRBF+Runge,DCT+Bessel+IDCT; on padded grid    ,432,0.65,1.50871e+08,6.62818,8, 0.0138202,,0.0075953,0.0103959,0.0138202,
Non-smooth: Wendland CSRBF+Runge,DCT+Bessel+IDCT; on padded grid    ,436,1.696,3.67316e+08,2.72245,8, 0.0109188,,0.00760204,0.0109188,0.00932969,
Non-smooth: Wendland CSRBF+Runge,DCT+Bessel+IDCT; on padded grid    ,440,0.797,1.63245e+08,6.12577,8, 0.0119924,,0.00697976,0.00994339,0.0119924,
Non-smooth: Wendland CSRBF+Runge,DCT+Bessel+IDCT; on padded grid    ,444,1.028,2.33671e+08,4.27952,8, 0.0143015,,0.00625963,0.010774,0.0143015,
Non-smooth: Wendland CSRBF+Runge,DCT+Bessel+IDCT; on padded grid    ,448,0.67,1.65985e+08,6.02465,8, 0.0126099,,0.00551327,0.00958767,0.0126099,
Non-smooth: Wendland CSRBF+Runge,DCT+Bessel+IDCT; on padded grid    ,452,1.736,3.95501e+08,2.52844,8, 0.0105869,,0.00483329,0.00859125,0.0105869,
Non-smooth: Wendland CSRBF+Runge,DCT+Bessel+IDCT; on padded grid    ,456,1.141,2.06392e+08,4.84515,8, 0.00966189,,0.00646639,0.00679355,0.00966189,
Non-smooth: Wendland CSRBF+Runge,DCT+Bessel+IDCT; on padded grid    ,460,1.023,2.19017e+08,4.56586,8, 0.0120976,,0.00694785,0.0069992,0.0120976,
Non-smooth: Wendland CSRBF+Runge,DCT+Bessel+IDCT; on padded grid    ,464,0.957,2.11115e+08,4.73675,8, 0.0137965,,0.00719702,0.0066434,0.0137965,
Non-smooth: Wendland CSRBF+Runge,DCT+Bessel+IDCT; on padded grid    ,468,0.886,1.951e+08,5.12558,8, 0.0121765,,0.00725048,0.00730513,0.0121765,
Non-smooth: Wendland CSRBF+Runge,DCT+Bessel+IDCT; on padded grid    ,472,1.183,3.05514e+08,3.27317,8, 0.00858147,,0.00668161,0.00858147,0.00742161,
Non-smooth: Wendland CSRBF+Runge,DCT+Bessel+IDCT; on padded grid    ,476,0.947,2.18337e+08,4.58008,8, 0.0130868,,0.00601885,0.00766361,0.0130868,
Non-smooth: Wendland CSRBF+Runge,DCT+Bessel+IDCT; on padded grid    ,480,0.907,1.96652e+08,5.08512,8, 0.0118461,,0.0053308,0.00836325,0.0118461,
Non-smooth: Wendland CSRBF+Runge,DCT+Bessel+IDCT; on padded grid    ,484,0.91,2.09318e+08,4.77743,8, 0.01311,,0.00480941,0.00974797,0.01311,
Non-smooth: Wendland CSRBF+Runge,DCT+Bessel+IDCT; on padded grid    ,488,1.297,3.22144e+08,3.10421,8, 0.010472,,0.00601146,0.00878687,0.010472,
Non-smooth: Wendland CSRBF+Runge,DCT+Bessel+IDCT; on padded grid    ,492,1.396,2.76919e+08,3.61116,8, 0.0108279,,0.00697971,0.00947346,0.0108279,
Non-smooth: Wendland CSRBF+Runge,DCT+Bessel+IDCT; on padded grid    ,496,1.126,2.60236e+08,3.84266,8, 0.0130128,,0.00726293,0.00902442,0.0130128,
Non-smooth: Wendland CSRBF+Runge,DCT+Bessel+IDCT; on padded grid    ,500,0.803,2.00958e+08,4.97617,8, 0.0144125,,0.00688663,0.0098525,0.0144125,
Non-smooth: Wendland CSRBF+Runge,DCT+Bessel+IDCT; on padded grid    ,504,0.892,2.02239e+08,4.94464,8, 0.012141,,0.00636217,0.0104734,0.012141,
Non-smooth: Wendland CSRBF+Runge,DCT+Bessel+IDCT; on padded grid    ,508,1.457,5.22733e+08,1.91302,8, 0.0100242,,0.00574986,0.0100242,0.00863322,
Non-smooth: Wendland CSRBF+Runge,DCT+Bessel+IDCT; on padded grid    ,512,0.812,2.07683e+08,4.81502,8, 0.0108356,,0.00511373,0.0105905,0.0108356,
Non-smooth: Wendland CSRBF+Runge,DCT+Bessel+IDCT; on padded grid    ,516,1.38,3.14432e+08,3.18034,8, 0.0125679,,0.00451666,0.00929073,0.0125679,
