calculator chosen: 6
func chosen: 1
cache dir chosen: /scratch/ob749/GA/cache/
FunctionName, Calculator,N,Init time (s), Calc.time(s), Calc.Freq(hz), Bytes, MaxError, FirstBlank, Err1, Err2, Err3, Blank
Smooth exp(-Ar^2-b*rho^2),chebyshev interp; CPU Dense Matrix ,8,0.026,57637,17350,8, 0.692435,,0.670663,0.692435,0.677015,
Smooth exp(-Ar^2-b*rho^2),chebyshev interp; CPU Dense Matrix ,12,0.037,210001,4761.88,8, 0.239812,,0.239812,0.197559,0.204463,
Smooth exp(-Ar^2-b*rho^2),chebyshev interp; CPU Dense Matrix ,16,0.082,771310,1296.5,8, 0.0614392,,0.0597624,0.0614392,0.0583091,
Smooth exp(-Ar^2-b*rho^2),chebyshev interp; CPU Dense Matrix ,20,0.068,2.07478e+06,481.978,8, 0.011308,,0.0109348,0.0101213,0.011308,
Smooth exp(-Ar^2-b*rho^2),chebyshev interp; CPU Dense Matrix ,24,0.085,4.06902e+06,245.76,8, 0.0019714,,0.00177997,0.00171022,0.0019714,
Smooth exp(-Ar^2-b*rho^2),chebyshev interp; CPU Dense Matrix ,28,0.119,1.03217e+07,96.883,8, 0.00039512,,0.000199943,0.00039512,0.000261599,
Smooth exp(-Ar^2-b*rho^2),chebyshev interp; CPU Dense Matrix ,32,0.135,2.14222e+07,46.6805,8, 3.1775e-05,,1.50327e-05,2.78867e-05,3.1775e-05,
Smooth exp(-Ar^2-b*rho^2),chebyshev interp; CPU Dense Matrix ,36,0.205,2.74e+07,36.4964,8, 2.90858e-06,,5.99514e-07,2.90858e-06,2.6313e-06,
Smooth exp(-Ar^2-b*rho^2),chebyshev interp; CPU Dense Matrix ,40,0.321,5.02366e+07,19.9058,8, 3.63794e-07,,3.86566e-08,3.63794e-07,2.20994e-07,
Smooth exp(-Ar^2-b*rho^2),chebyshev interp; CPU Dense Matrix ,44,0.372,5.33155e+07,18.7563,8, 1.39764e-08,,5.11908e-09,1.25458e-08,1.39764e-08,
Smooth exp(-Ar^2-b*rho^2),chebyshev interp; CPU Dense Matrix ,48,0.49,8.58407e+07,11.6495,8, 1.11919e-09,,4.87089e-10,1.11919e-09,8.03418e-10,
Smooth exp(-Ar^2-b*rho^2),chebyshev interp; CPU Dense Matrix ,52,0.65,8.93758e+07,11.1887,8, 6.09446e-11,,3.16489e-11,6.09446e-11,3.77831e-11,
Smooth exp(-Ar^2-b*rho^2),chebyshev interp; CPU Dense Matrix ,56,0.758,1.65732e+08,6.03384,8, 2.47714e-11,,5.01307e-12,5.91335e-12,2.47714e-11,
Smooth exp(-Ar^2-b*rho^2),chebyshev interp; CPU Dense Matrix ,60,1.065,1.53419e+08,6.51809,8, 2.43016e-11,,4.31469e-12,5.09695e-12,2.43016e-11,
Smooth exp(-Ar^2-b*rho^2),chebyshev interp; CPU Dense Matrix ,64,1.213,2.929e+08,3.41414,8, 1.38933e-11,,3.7346e-12,5.32e-12,1.38933e-11,
Smooth exp(-Ar^2-b*rho^2),chebyshev interp; CPU Dense Matrix ,68,1.507,2.63423e+08,3.79618,8, 1.98057e-11,,3.75133e-12,7.00623e-12,1.98057e-11,
Smooth exp(-Ar^2-b*rho^2),chebyshev interp; CPU Dense Matrix ,72,1.877,4.74872e+08,2.10583,8, 2.31934e-11,,4.81429e-12,8.83527e-12,2.31934e-11,
Smooth exp(-Ar^2-b*rho^2),chebyshev interp; CPU Dense Matrix ,76,2.26,4.49573e+08,2.22433,8, 2.44752e-11,,5.08981e-12,1.07746e-11,2.44752e-11,
Smooth exp(-Ar^2-b*rho^2),chebyshev interp; CPU Dense Matrix ,80,2.647,7.99516e+08,1.25076,8, 1.50017e-11,,5.13577e-12,6.45249e-12,1.50017e-11,
Smooth exp(-Ar^2-b*rho^2),chebyshev interp; CPU Dense Matrix ,84,3.052,6.99402e+08,1.42979,8, 1.71119e-11,,4.83058e-12,7.86685e-12,1.71119e-11,
Smooth exp(-Ar^2-b*rho^2),chebyshev interp; CPU Dense Matrix ,88,3.688,1.1148e+09,0.897023,8, 2.14979e-11,,4.35993e-12,9.32819e-12,2.14979e-11,
Smooth exp(-Ar^2-b*rho^2),chebyshev interp; CPU Dense Matrix ,92,4.422,9.54904e+08,1.04723,8, 2.46853e-11,,3.90436e-12,1.08226e-11,2.46853e-11,
Smooth exp(-Ar^2-b*rho^2),chebyshev interp; CPU Dense Matrix ,96,4.785,1.57589e+09,0.634562,8, 2.20603e-11,,3.33478e-12,1.23374e-11,2.20603e-11,
Smooth exp(-Ar^2-b*rho^2),chebyshev interp; CPU Dense Matrix ,100,5.811,1.34977e+09,0.740865,8, 1.38536e-11,,3.28589e-12,1.38536e-11,1.37237e-11,
Smooth exp(-Ar^2-b*rho^2),chebyshev interp; CPU Dense Matrix ,104,7.028,2.18338e+09,0.458006,8, 1.94763e-11,,4.25833e-12,7.59375e-12,1.94763e-11,
Smooth exp(-Ar^2-b*rho^2),chebyshev interp; CPU Dense Matrix ,108,7.264,1.80913e+09,0.552752,8, 2.204e-11,,4.58873e-12,8.59521e-12,2.204e-11,
Smooth exp(-Ar^2-b*rho^2),chebyshev interp; CPU Dense Matrix ,112,9.703,2.91758e+09,0.34275,8, 2.24667e-11,,4.49585e-12,9.57659e-12,2.24667e-11,
Smooth exp(-Ar^2-b*rho^2),chebyshev interp; CPU Dense Matrix ,116,10.842,2.3667e+09,0.42253,8, 1.23981e-11,,4.33314e-12,1.05317e-11,1.23981e-11,
Smooth exp(-Ar^2-b*rho^2),chebyshev interp; CPU Dense Matrix ,120,10.123,3.82372e+09,0.261526,8, 1.7314e-11,,3.97483e-12,1.14524e-11,1.7314e-11,
Smooth exp(-Ar^2-b*rho^2),chebyshev interp; CPU Dense Matrix ,124,13.08,3.08108e+09,0.324562,8, 1.93832e-11,,3.61017e-12,1.23331e-11,1.93832e-11,
Finished a list. std::bad_alloc
