calculator chosen: 8
func chosen: 1
cache dir chosen: /scratch/ob749/GA/cache/
FunctionName, Calculator,N,Init time (s), Calc.time(s), Calc.Freq(hz), Bytes, MaxError, FirstBlank, Err1, Err2, Err3, Blank
Smooth exp(-Ar^2-b*rho^2),bicubic interp; GPU Sparse Matrix  ,8,0.172,664150,1505.68,8, 0.245828,,0.0392071,0.245828,0.205864,
Smooth exp(-Ar^2-b*rho^2),bicubic interp; GPU Sparse Matrix  ,12,0.056,245997,4065.09,8, 0.0586456,,0.0126693,0.0586456,0.0514305,
Smooth exp(-Ar^2-b*rho^2),bicubic interp; GPU Sparse Matrix  ,16,0.076,339699,2943.78,8, 0.0193905,,0.00899919,0.0159025,0.0193905,
Smooth exp(-Ar^2-b*rho^2),bicubic interp; GPU Sparse Matrix  ,20,0.119,452410,2210.38,8, 0.00567773,,0.00550951,0.0049656,0.00567773,
Smooth exp(-Ar^2-b*rho^2),bicubic interp; GPU Sparse Matrix  ,24,0.198,637162,1569.46,8, 0.002965,,0.002965,0.00178686,0.00105544,
Smooth exp(-Ar^2-b*rho^2),bicubic interp; GPU Sparse Matrix  ,28,0.288,6.18111e+06,161.783,8, 0.00144903,,0.00144903,0.000714873,0.000637616,
Smooth exp(-Ar^2-b*rho^2),bicubic interp; GPU Sparse Matrix  ,32,0.433,1.16123e+06,861.157,8, 0.000633744,,0.000633744,0.00031026,0.000526117,
Smooth exp(-Ar^2-b*rho^2),bicubic interp; GPU Sparse Matrix  ,36,0.756,1.14509e+06,873.295,8, 0.000302831,,0.000246881,0.000143485,0.000302831,
Smooth exp(-Ar^2-b*rho^2),bicubic interp; GPU Sparse Matrix  ,40,0.933,1.3566e+06,737.138,8, 0.000112498,,0.000112498,7.05117e-05,0.000106884,
Smooth exp(-Ar^2-b*rho^2),bicubic interp; GPU Sparse Matrix  ,44,1.292,1.77206e+06,564.316,8, 7.63503e-05,,7.63503e-05,4.77616e-05,5.71695e-05,
Smooth exp(-Ar^2-b*rho^2),bicubic interp; GPU Sparse Matrix  ,48,1.352,1.84978e+06,540.606,8, 6.65586e-05,,6.65586e-05,3.17894e-05,5.66148e-05,
Smooth exp(-Ar^2-b*rho^2),bicubic interp; GPU Sparse Matrix  ,52,1.895,2.0623e+06,484.895,8, 5.88226e-05,,5.88226e-05,2.20331e-05,4.92571e-05,
Smooth exp(-Ar^2-b*rho^2),bicubic interp; GPU Sparse Matrix  ,56,2.172,2.40564e+06,415.69,8, 4.80017e-05,,4.80017e-05,1.60513e-05,2.69847e-05,
Smooth exp(-Ar^2-b*rho^2),bicubic interp; GPU Sparse Matrix  ,60,2.531,2.85334e+06,350.467,8, 3.52337e-05,,3.52337e-05,1.20685e-05,1.27894e-05,
Smooth exp(-Ar^2-b*rho^2),bicubic interp; GPU Sparse Matrix  ,64,2.978,3.26881e+06,305.922,8, 2.2946e-05,,2.2946e-05,1.03376e-05,1.18131e-05,
Smooth exp(-Ar^2-b*rho^2),bicubic interp; GPU Sparse Matrix  ,68,3.588,3.62152e+06,276.127,8, 1.36715e-05,,1.36715e-05,8.78288e-06,1.28963e-05,
Smooth exp(-Ar^2-b*rho^2),bicubic interp; GPU Sparse Matrix  ,72,4.78,4.56017e+06,219.29,8, 9.70003e-06,,9.19614e-06,7.3662e-06,9.70003e-06,
Smooth exp(-Ar^2-b*rho^2),bicubic interp; GPU Sparse Matrix  ,76,5.419,4.7752e+06,209.415,8, 7.66304e-06,,7.66304e-06,6.12559e-06,4.69522e-06,
Smooth exp(-Ar^2-b*rho^2),bicubic interp; GPU Sparse Matrix  ,80,6.677,5.38485e+06,185.706,8, 7.21992e-06,,7.21992e-06,5.05965e-06,3.77809e-06,
Smooth exp(-Ar^2-b*rho^2),bicubic interp; GPU Sparse Matrix  ,84,7.266,5.74231e+06,174.146,8, 6.82136e-06,,6.82136e-06,4.15302e-06,4.39858e-06,
Smooth exp(-Ar^2-b*rho^2),bicubic interp; GPU Sparse Matrix  ,88,8.495,6.3989e+06,156.277,8, 6.067e-06,,6.067e-06,3.38713e-06,4.13897e-06,
Smooth exp(-Ar^2-b*rho^2),bicubic interp; GPU Sparse Matrix  ,92,9.818,7.15848e+06,139.694,8, 4.95465e-06,,4.95465e-06,2.74925e-06,2.59784e-06,
Smooth exp(-Ar^2-b*rho^2),bicubic interp; GPU Sparse Matrix  ,96,11.448,8.07178e+06,123.888,8, 3.68809e-06,,3.68809e-06,2.22687e-06,1.63217e-06,
Smooth exp(-Ar^2-b*rho^2),bicubic interp; GPU Sparse Matrix  ,100,11.341,9.03332e+06,110.701,8, 2.60626e-06,,2.60626e-06,1.78625e-06,1.66191e-06,
Smooth exp(-Ar^2-b*rho^2),bicubic interp; GPU Sparse Matrix  ,104,13.542,9.93206e+06,100.684,8, 2.03652e-06,,2.03652e-06,1.42012e-06,1.92356e-06,
Smooth exp(-Ar^2-b*rho^2),bicubic interp; GPU Sparse Matrix  ,108,16.121,1.10796e+07,90.2562,8, 1.83199e-06,,1.83199e-06,1.12034e-06,1.51733e-06,
Smooth exp(-Ar^2-b*rho^2),bicubic interp; GPU Sparse Matrix  ,112,18.151,1.20037e+07,83.3074,8, 1.77396e-06,,1.77396e-06,8.79363e-07,8.57712e-07,
Smooth exp(-Ar^2-b*rho^2),bicubic interp; GPU Sparse Matrix  ,116,19.193,1.29281e+07,77.3507,8, 1.70995e-06,,1.70995e-06,6.97624e-07,7.78917e-07,
Smooth exp(-Ar^2-b*rho^2),bicubic interp; GPU Sparse Matrix  ,120,22.347,1.44701e+07,69.1081,8, 1.56724e-06,,1.56724e-06,5.62554e-07,9.44695e-07,
Smooth exp(-Ar^2-b*rho^2),bicubic interp; GPU Sparse Matrix  ,124,21.742,1.52768e+07,65.4587,8, 1.33876e-06,,1.33876e-06,4.92644e-07,9.019e-07,
Smooth exp(-Ar^2-b*rho^2),bicubic interp; GPU Sparse Matrix  ,128,27.407,1.85184e+07,54.0005,8, 1.06364e-06,,1.06364e-06,4.34792e-07,5.95038e-07,
Smooth exp(-Ar^2-b*rho^2),bicubic interp; GPU Sparse Matrix  ,132,29.279,1.91727e+07,52.1575,8, 8.20552e-07,,8.20552e-07,3.84993e-07,4.33869e-07,
Smooth exp(-Ar^2-b*rho^2),bicubic interp; GPU Sparse Matrix  ,136,31.987,2.07417e+07,48.212,8, 6.90194e-07,,6.90194e-07,3.40637e-07,4.6631e-07,
Smooth exp(-Ar^2-b*rho^2),bicubic interp; GPU Sparse Matrix  ,140,32,2.43894e+07,41.0015,8, 6.44528e-07,,6.44528e-07,3.03946e-07,5.37246e-07,
Smooth exp(-Ar^2-b*rho^2),bicubic interp; GPU Sparse Matrix  ,144,34.55,2.47064e+07,40.4754,8, 6.32844e-07,,6.32844e-07,2.92593e-07,4.25659e-07,
Smooth exp(-Ar^2-b*rho^2),bicubic interp; GPU Sparse Matrix  ,148,39.1,2.70089e+07,37.0249,8, 6.16011e-07,,6.16011e-07,2.83386e-07,2.71144e-07,
Smooth exp(-Ar^2-b*rho^2),bicubic interp; GPU Sparse Matrix  ,152,43.636,2.91054e+07,34.3578,8, 5.73418e-07,,5.73418e-07,2.72174e-07,2.5662e-07,
Smooth exp(-Ar^2-b*rho^2),bicubic interp; GPU Sparse Matrix  ,156,44.736,4.11392e+07,24.3077,8, 5.02377e-07,,5.02377e-07,2.5923e-07,3.16693e-07,
Smooth exp(-Ar^2-b*rho^2),bicubic interp; GPU Sparse Matrix  ,160,49.373,3.36711e+07,29.6991,8, 4.14964e-07,,4.14964e-07,2.43728e-07,2.98598e-07,
Smooth exp(-Ar^2-b*rho^2),bicubic interp; GPU Sparse Matrix  ,164,53.947,3.84796e+07,25.9878,8, 3.37341e-07,,3.37341e-07,2.26043e-07,2.02161e-07,
Smooth exp(-Ar^2-b*rho^2),bicubic interp; GPU Sparse Matrix  ,168,58.362,4.62417e+07,21.6255,8, 2.96056e-07,,2.96056e-07,2.06816e-07,1.61999e-07,
Smooth exp(-Ar^2-b*rho^2),bicubic interp; GPU Sparse Matrix  ,172,62.129,4.37951e+07,22.8336,8, 2.82483e-07,,2.82483e-07,1.86644e-07,1.8239e-07,
Smooth exp(-Ar^2-b*rho^2),bicubic interp; GPU Sparse Matrix  ,176,68.56,5.57605e+07,17.9338,8, 2.79699e-07,,2.79699e-07,1.6637e-07,2.04575e-07,
Smooth exp(-Ar^2-b*rho^2),bicubic interp; GPU Sparse Matrix  ,180,74.322,5.05406e+07,19.7861,8, 2.73922e-07,,2.73922e-07,1.46592e-07,1.61162e-07,
Smooth exp(-Ar^2-b*rho^2),bicubic interp; GPU Sparse Matrix  ,184,78.984,5.3599e+07,18.6571,8, 2.57511e-07,,2.57511e-07,1.27846e-07,1.1139e-07,
Smooth exp(-Ar^2-b*rho^2),bicubic interp; GPU Sparse Matrix  ,188,84.217,5.66087e+07,17.6651,8, 2.29404e-07,,2.29404e-07,1.10605e-07,1.09217e-07,
Smooth exp(-Ar^2-b*rho^2),bicubic interp; GPU Sparse Matrix  ,192,92.479,5.9718e+07,16.7454,8, 1.94495e-07,,1.94495e-07,9.51885e-08,1.35266e-07,
Smooth exp(-Ar^2-b*rho^2),bicubic interp; GPU Sparse Matrix  ,196,97.553,6.34101e+07,15.7704,8, 1.63662e-07,,1.63662e-07,8.18556e-08,1.25224e-07,
Smooth exp(-Ar^2-b*rho^2),bicubic interp; GPU Sparse Matrix  ,200,106.841,6.77932e+07,14.7508,8, 1.47588e-07,,1.47588e-07,7.11429e-08,8.65953e-08,
Smooth exp(-Ar^2-b*rho^2),bicubic interp; GPU Sparse Matrix  ,204,113.446,7.13251e+07,14.0203,8, 1.42769e-07,,1.42769e-07,6.39153e-08,7.40019e-08,
Smooth exp(-Ar^2-b*rho^2),bicubic interp; GPU Sparse Matrix  ,208,121.348,9.65681e+07,10.3554,8, 1.42151e-07,,1.42151e-07,5.92721e-08,8.62481e-08,
Smooth exp(-Ar^2-b*rho^2),bicubic interp; GPU Sparse Matrix  ,212,129.291,7.81272e+07,12.7996,8, 1.39809e-07,,1.39809e-07,5.49775e-08,9.37685e-08,
Smooth exp(-Ar^2-b*rho^2),bicubic interp; GPU Sparse Matrix  ,216,138.668,1.94867e+08,5.1317,8, 1.32362e-07,,1.32362e-07,5.11205e-08,7.35069e-08,
Smooth exp(-Ar^2-b*rho^2),bicubic interp; GPU Sparse Matrix  ,220,147.775,9.12361e+07,10.9606,8, 1.19346e-07,,1.19346e-07,4.82872e-08,5.40852e-08,
Smooth exp(-Ar^2-b*rho^2),bicubic interp; GPU Sparse Matrix  ,224,154.949,9.18087e+07,10.8922,8, 1.03108e-07,,1.03108e-07,4.78441e-08,5.48747e-08,
Smooth exp(-Ar^2-b*rho^2),bicubic interp; GPU Sparse Matrix  ,228,197.182,9.82412e+07,10.179,8, 8.89005e-08,,8.89005e-08,4.75662e-08,6.72392e-08,
Smooth exp(-Ar^2-b*rho^2),bicubic interp; GPU Sparse Matrix  ,232,222.56,1.03623e+08,9.6504,8, 8.16801e-08,,8.16801e-08,4.70994e-08,6.10043e-08,
Smooth exp(-Ar^2-b*rho^2),bicubic interp; GPU Sparse Matrix  ,236,209.839,1.09694e+08,9.11627,8, 7.97583e-08,,7.97583e-08,4.61886e-08,4.29371e-08,
Smooth exp(-Ar^2-b*rho^2),bicubic interp; GPU Sparse Matrix  ,240,218.937,1.14083e+08,8.76557,8, 7.9725e-08,,7.9725e-08,4.47671e-08,3.86378e-08,
Smooth exp(-Ar^2-b*rho^2),bicubic interp; GPU Sparse Matrix  ,244,286.99,1.22508e+08,8.16272,8, 7.86618e-08,,7.86618e-08,4.29263e-08,4.61945e-08,
Smooth exp(-Ar^2-b*rho^2),bicubic interp; GPU Sparse Matrix  ,248,300.681,3.05917e+08,3.26886,8, 7.48734e-08,,7.48734e-08,4.06923e-08,4.8781e-08,
Smooth exp(-Ar^2-b*rho^2),bicubic interp; GPU Sparse Matrix  ,252,227.997,1.57267e+08,6.35862,8, 6.81374e-08,,6.81374e-08,3.79322e-08,3.79135e-08,
Smooth exp(-Ar^2-b*rho^2),bicubic interp; GPU Sparse Matrix  ,256,275.487,2.31301e+08,4.32337,8, 5.9714e-08,,5.9714e-08,3.49334e-08,2.93179e-08,
Smooth exp(-Ar^2-b*rho^2),bicubic interp; GPU Sparse Matrix  ,260,490.154,1.51697e+08,6.59208,8, 5.24255e-08,,5.24255e-08,3.19013e-08,3.09236e-08,
Smooth exp(-Ar^2-b*rho^2),bicubic interp; GPU Sparse Matrix  ,264,481.926,3.24563e+08,3.08106,8, 4.88241e-08,,4.88241e-08,2.89396e-08,3.70444e-08,
Smooth exp(-Ar^2-b*rho^2),bicubic interp; GPU Sparse Matrix  ,268,451.934,1.64955e+08,6.06225,8, 4.79973e-08,,4.79973e-08,2.60791e-08,3.30658e-08,
Smooth exp(-Ar^2-b*rho^2),bicubic interp; GPU Sparse Matrix  ,272,444.791,1.70951e+08,5.84964,8, 4.81149e-08,,4.81149e-08,2.32374e-08,2.38063e-08,
Smooth exp(-Ar^2-b*rho^2),bicubic interp; GPU Sparse Matrix  ,276,446.014,3.72528e+08,2.68436,8, 4.75906e-08,,4.75906e-08,2.06883e-08,2.22241e-08,
Smooth exp(-Ar^2-b*rho^2),bicubic interp; GPU Sparse Matrix  ,280,781.444,1.86092e+08,5.37367,8, 4.54939e-08,,4.54939e-08,1.85659e-08,2.69599e-08,
Smooth exp(-Ar^2-b*rho^2),bicubic interp; GPU Sparse Matrix  ,284,788.586,4.14185e+08,2.41438,8, 4.17062e-08,,4.17062e-08,1.69403e-08,2.75939e-08,
Smooth exp(-Ar^2-b*rho^2),bicubic interp; GPU Sparse Matrix  ,288,401.18,2.50459e+08,3.99268,8, 3.69667e-08,,3.69667e-08,1.58335e-08,2.13129e-08,
Smooth exp(-Ar^2-b*rho^2),bicubic interp; GPU Sparse Matrix  ,292,427.389,2.19846e+08,4.54863,8, 3.29089e-08,,3.29089e-08,1.50458e-08,1.74039e-08,
Smooth exp(-Ar^2-b*rho^2),bicubic interp; GPU Sparse Matrix  ,296,438.326,2.49555e+08,4.00714,8, 3.09627e-08,,3.09627e-08,1.42933e-08,1.90905e-08,
Smooth exp(-Ar^2-b*rho^2),bicubic interp; GPU Sparse Matrix  ,300,434.478,2.3484e+08,4.25822,8, 3.0592e-08,,3.0592e-08,1.40408e-08,2.20999e-08,
