calculator chosen: 9
func chosen: 1
cache dir chosen: /scratch/ob749/GA/cache/
FunctionName, Calculator,N,Init time (s), Calc.time(s), Calc.Freq(hz), Bytes, MaxError, FirstBlank, Err1, Err2, Err3, Blank
Smooth exp(-Ar^2-b*rho^2),chebyshev interp; GPU Dense Matrix ,8,0.228,202873,4929.19,8, 0.692435,,0.670663,0.692435,0.677015,
Smooth exp(-Ar^2-b*rho^2),chebyshev interp; GPU Dense Matrix ,12,0.071,201559,4961.33,8, 0.239812,,0.239812,0.197559,0.204463,
Smooth exp(-Ar^2-b*rho^2),chebyshev interp; GPU Dense Matrix ,16,0.092,221883,4506.88,8, 0.0614392,,0.0597624,0.0614392,0.0583091,
Smooth exp(-Ar^2-b*rho^2),chebyshev interp; GPU Dense Matrix ,20,0.11,290648,3440.59,8, 0.011308,,0.0109348,0.0101213,0.011308,
Smooth exp(-Ar^2-b*rho^2),chebyshev interp; GPU Dense Matrix ,24,0.092,294138,3399.76,8, 0.0019714,,0.00177997,0.00171022,0.0019714,
Smooth exp(-Ar^2-b*rho^2),chebyshev interp; GPU Dense Matrix ,28,0.1,279642,3576,8, 0.00039512,,0.000199943,0.00039512,0.000261599,
Smooth exp(-Ar^2-b*rho^2),chebyshev interp; GPU Dense Matrix ,32,0.135,576241,1735.39,8, 3.1775e-05,,1.50327e-05,2.78867e-05,3.1775e-05,
Smooth exp(-Ar^2-b*rho^2),chebyshev interp; GPU Dense Matrix ,36,0.26,557795,1792.77,8, 2.90858e-06,,5.99514e-07,2.90858e-06,2.6313e-06,
Smooth exp(-Ar^2-b*rho^2),chebyshev interp; GPU Dense Matrix ,40,0.408,656637,1522.91,8, 3.63794e-07,,3.86566e-08,3.63794e-07,2.20994e-07,
Smooth exp(-Ar^2-b*rho^2),chebyshev interp; GPU Dense Matrix ,44,0.541,962673,1038.77,8, 1.39764e-08,,5.11908e-09,1.25458e-08,1.39764e-08,
Smooth exp(-Ar^2-b*rho^2),chebyshev interp; GPU Dense Matrix ,48,0.661,1.19813e+06,834.632,8, 1.11919e-09,,4.8709e-10,1.11919e-09,8.03417e-10,
Smooth exp(-Ar^2-b*rho^2),chebyshev interp; GPU Dense Matrix ,52,0.828,1.34132e+06,745.535,8, 6.09443e-11,,3.16497e-11,6.09443e-11,3.77829e-11,
Smooth exp(-Ar^2-b*rho^2),chebyshev interp; GPU Dense Matrix ,56,0.962,1.61826e+06,617.948,8, 2.47713e-11,,5.01311e-12,5.91326e-12,2.47713e-11,
Smooth exp(-Ar^2-b*rho^2),chebyshev interp; GPU Dense Matrix ,60,1.427,2.41547e+06,413.998,8, 2.43016e-11,,4.3147e-12,5.09714e-12,2.43016e-11,
Smooth exp(-Ar^2-b*rho^2),chebyshev interp; GPU Dense Matrix ,64,2.112,2.40484e+06,415.827,8, 1.38932e-11,,3.73456e-12,5.31991e-12,1.38932e-11,
Smooth exp(-Ar^2-b*rho^2),chebyshev interp; GPU Dense Matrix ,68,2.254,3.64301e+06,274.498,8, 1.98055e-11,,3.75132e-12,7.00677e-12,1.98055e-11,
Smooth exp(-Ar^2-b*rho^2),chebyshev interp; GPU Dense Matrix ,72,3.033,4.418e+06,226.347,8, 2.31933e-11,,4.81423e-12,8.83527e-12,2.31933e-11,
Smooth exp(-Ar^2-b*rho^2),chebyshev interp; GPU Dense Matrix ,76,3.568,4.38473e+06,228.064,8, 2.44753e-11,,5.0898e-12,1.07746e-11,2.44753e-11,
Smooth exp(-Ar^2-b*rho^2),chebyshev interp; GPU Dense Matrix ,80,4.132,6.34176e+06,157.685,8, 1.50018e-11,,5.13572e-12,6.45267e-12,1.50018e-11,
Smooth exp(-Ar^2-b*rho^2),chebyshev interp; GPU Dense Matrix ,84,5.363,7.65981e+06,130.552,8, 1.71119e-11,,4.83057e-12,7.86703e-12,1.71119e-11,
Smooth exp(-Ar^2-b*rho^2),chebyshev interp; GPU Dense Matrix ,88,6.276,7.81064e+06,128.03,8, 2.14978e-11,,4.35995e-12,9.32764e-12,2.14978e-11,
Smooth exp(-Ar^2-b*rho^2),chebyshev interp; GPU Dense Matrix ,92,7.615,8.78721e+06,113.802,8, 2.46853e-11,,3.90436e-12,1.08225e-11,2.46853e-11,
Smooth exp(-Ar^2-b*rho^2),chebyshev interp; GPU Dense Matrix ,96,10.261,1.05767e+07,94.5475,8, 2.20603e-11,,3.33476e-12,1.23374e-11,2.20603e-11,
Smooth exp(-Ar^2-b*rho^2),chebyshev interp; GPU Dense Matrix ,100,9.992,1.15981e+07,86.221,8, 1.38536e-11,,3.28585e-12,1.38536e-11,1.37238e-11,
Smooth exp(-Ar^2-b*rho^2),chebyshev interp; GPU Dense Matrix ,104,12.234,1.60318e+07,62.3759,8, 1.94764e-11,,4.25831e-12,7.59393e-12,1.94764e-11,
Smooth exp(-Ar^2-b*rho^2),chebyshev interp; GPU Dense Matrix ,108,13.966,1.85773e+07,53.8292,8, 2.20403e-11,,4.58876e-12,8.59502e-12,2.20403e-11,
Smooth exp(-Ar^2-b*rho^2),chebyshev interp; GPU Dense Matrix ,112,15.829,1.8586e+07,53.8039,8, 2.24667e-11,,4.49587e-12,9.5764e-12,2.24667e-11,
Smooth exp(-Ar^2-b*rho^2),chebyshev interp; GPU Dense Matrix ,116,19.966,2.094e+07,47.7555,8, 1.2398e-11,,4.33317e-12,1.05319e-11,1.2398e-11,
Smooth exp(-Ar^2-b*rho^2),chebyshev interp; GPU Dense Matrix ,120,22.725,2.35435e+07,42.4746,8, 1.7314e-11,,3.97483e-12,1.14526e-11,1.7314e-11,
Smooth exp(-Ar^2-b*rho^2),chebyshev interp; GPU Dense Matrix ,124,26.971,2.76203e+07,36.2052,8, 1.93832e-11,,3.61013e-12,1.23338e-11,1.93832e-11,
Finished a list. std::bad_alloc
