calculator chosen: 5
func chosen: 2
cache dir chosen: /scratch/ob749/GA/cache/
FunctionName, Calculator,N,Init time (s), Calc.time(s), Calc.Freq(hz), Bytes, MaxError, FirstBlank, Err1, Err2, Err3, Blank
Non-smooth: Wendland CSRBF+Runge,DCT+Bessel+IDCT; on padded grid    ,8,0.009,1.29822e+07,77.0285,8, 0.283321,,0.283321,0.17657,0.180483,
Non-smooth: Wendland CSRBF+Runge,DCT+Bessel+IDCT; on padded grid    ,12,0.035,1.41152e+07,70.8457,8, 0.234866,,0.234866,0.141438,0.127876,
Non-smooth: Wendland CSRBF+Runge,DCT+Bessel+IDCT; on padded grid    ,16,0.018,1.07413e+07,93.0988,8, 0.201125,,0.201125,0.114821,0.124916,
Non-smooth: Wendland CSRBF+Runge,DCT+Bessel+IDCT; on padded grid    ,20,0.054,1.64405e+07,60.8253,8, 0.173248,,0.173248,0.105163,0.115041,
Non-smooth: Wendland CSRBF+Runge,DCT+Bessel+IDCT; on padded grid    ,24,0.054,1.05821e+07,94.4989,8, 0.13778,,0.13778,0.0913887,0.104291,
Non-smooth: Wendland CSRBF+Runge,DCT+Bessel+IDCT; on padded grid    ,28,0.031,1.58697e+07,63.0131,8, 0.109407,,0.109407,0.0862857,0.0771539,
Non-smooth: Wendland CSRBF+Runge,DCT+Bessel+IDCT; on padded grid    ,32,0.033,1.23175e+07,81.185,8, 0.0805426,,0.0794699,0.080126,0.0805426,
Non-smooth: Wendland CSRBF+Runge,DCT+Bessel+IDCT; on padded grid    ,36,0.077,1.79541e+07,55.6977,8, 0.0908997,,0.0908997,0.0768589,0.0859513,
Non-smooth: Wendland CSRBF+Runge,DCT+Bessel+IDCT; on padded grid    ,40,0.089,2.25439e+07,44.3578,8, 0.120984,,0.120984,0.0733161,0.085052,
Non-smooth: Wendland CSRBF+Runge,DCT+Bessel+IDCT; on padded grid    ,44,0.032,1.27242e+07,78.5904,8, 0.132608,,0.132608,0.0686962,0.0643079,
Non-smooth: Wendland CSRBF+Runge,DCT+Bessel+IDCT; on padded grid    ,48,0.089,1.97552e+07,50.6196,8, 0.129527,,0.129527,0.0625532,0.0628572,
Non-smooth: Wendland CSRBF+Runge,DCT+Bessel+IDCT; on padded grid    ,52,0.038,1.84815e+07,54.1082,8, 0.115643,,0.115643,0.0561394,0.0709729,
Non-smooth: Wendland CSRBF+Runge,DCT+Bessel+IDCT; on padded grid    ,56,0.057,2.24704e+07,44.503,8, 0.0991945,,0.0991945,0.0430798,0.0722883,
Non-smooth: Wendland CSRBF+Runge,DCT+Bessel+IDCT; on padded grid    ,60,0.171,1.20878e+07,82.7279,8, 0.0800844,,0.0800844,0.0406961,0.0682923,
Non-smooth: Wendland CSRBF+Runge,DCT+Bessel+IDCT; on padded grid    ,64,0.039,1.21275e+07,82.4572,8, 0.0609126,,0.0609126,0.0427783,0.0489168,
Non-smooth: Wendland CSRBF+Runge,DCT+Bessel+IDCT; on padded grid    ,68,0.084,1.34321e+07,74.4484,8, 0.0706182,,0.0706182,0.0414365,0.0594592,
Non-smooth: Wendland CSRBF+Runge,DCT+Bessel+IDCT; on padded grid    ,72,0.131,1.29552e+07,77.1893,8, 0.0898995,,0.0898995,0.0454452,0.0653557,
Non-smooth: Wendland CSRBF+Runge,DCT+Bessel+IDCT; on padded grid    ,76,0.11,1.5267e+07,65.5008,8, 0.0985454,,0.0985454,0.0451171,0.0648401,
Non-smooth: Wendland CSRBF+Runge,DCT+Bessel+IDCT; on padded grid    ,80,0.098,1.40214e+07,71.3196,8, 0.101904,,0.101904,0.0467291,0.043276,
Non-smooth: Wendland CSRBF+Runge,DCT+Bessel+IDCT; on padded grid    ,84,0.116,1.38313e+07,72.3,8, 0.0976285,,0.0976285,0.0456163,0.0514213,
Non-smooth: Wendland CSRBF+Runge,DCT+Bessel+IDCT; on padded grid    ,88,0.088,1.44218e+07,69.3394,8, 0.0889695,,0.0889695,0.0467454,0.0600752,
Non-smooth: Wendland CSRBF+Runge,DCT+Bessel+IDCT; on padded grid    ,92,0.094,1.67226e+07,59.7992,8, 0.0787729,,0.0787729,0.0490645,0.0623187,
Non-smooth: Wendland CSRBF+Runge,DCT+Bessel+IDCT; on padded grid    ,96,0.118,1.68685e+07,59.2821,8, 0.0623806,,0.0623806,0.0506813,0.0580821,
Non-smooth: Wendland CSRBF+Runge,DCT+Bessel+IDCT; on padded grid    ,100,0.159,1.60046e+07,62.482,8, 0.0572528,,0.0572528,0.0511932,0.0406911,
Non-smooth: Wendland CSRBF+Runge,DCT+Bessel+IDCT; on padded grid    ,104,0.077,2.21957e+07,45.0538,8, 0.0744432,,0.0744432,0.0484419,0.0514955,
Non-smooth: Wendland CSRBF+Runge,DCT+Bessel+IDCT; on padded grid    ,108,0.165,6.98639e+06,143.135,8, 0.0823414,,0.0823414,0.046607,0.0565269,
Non-smooth: Wendland CSRBF+Runge,DCT+Bessel+IDCT; on padded grid    ,112,0.1,8.97324e+06,111.442,8, 0.0826258,,0.0826258,0.0472749,0.0580994,
Non-smooth: Wendland CSRBF+Runge,DCT+Bessel+IDCT; on padded grid    ,116,0.144,2.18735e+07,45.7174,8, 0.0808592,,0.0808592,0.0465864,0.035773,
Non-smooth: Wendland CSRBF+Runge,DCT+Bessel+IDCT; on padded grid    ,120,0.293,1.89833e+07,52.6779,8, 0.0750214,,0.0750214,0.0462773,0.0449104,
Non-smooth: Wendland CSRBF+Runge,DCT+Bessel+IDCT; on padded grid    ,124,0.15,2.06763e+07,48.3647,8, 0.0682576,,0.0682576,0.0403857,0.0521162,
Non-smooth: Wendland CSRBF+Runge,DCT+Bessel+IDCT; on padded grid    ,128,0.139,1.998e+07,50.05,8, 0.0588518,,0.0588518,0.0392291,0.0556824,
Non-smooth: Wendland CSRBF+Runge,DCT+Bessel+IDCT; on padded grid    ,132,0.163,2.12651e+07,47.0254,8, 0.0484156,,0.0484156,0.0331085,0.0451171,
Non-smooth: Wendland CSRBF+Runge,DCT+Bessel+IDCT; on padded grid    ,136,0.202,3.31146e+07,30.1982,8, 0.0646185,,0.0646185,0.0299481,0.0395988,
Non-smooth: Wendland CSRBF+Runge,DCT+Bessel+IDCT; on padded grid    ,140,0.261,2.70783e+07,36.9299,8, 0.0708275,,0.0708275,0.0283653,0.04855,
Non-smooth: Wendland CSRBF+Runge,DCT+Bessel+IDCT; on padded grid    ,144,0.174,3.86164e+07,25.8957,8, 0.0723687,,0.0723687,0.0303634,0.0497664,
Non-smooth: Wendland CSRBF+Runge,DCT+Bessel+IDCT; on padded grid    ,148,0.162,4.97979e+07,20.0812,8, 0.0695177,,0.0695177,0.0310579,0.0461268,
Non-smooth: Wendland CSRBF+Runge,DCT+Bessel+IDCT; on padded grid    ,152,0.221,2.81307e+07,35.5484,8, 0.0653326,,0.0653326,0.0308108,0.0351461,
Non-smooth: Wendland CSRBF+Runge,DCT+Bessel+IDCT; on padded grid    ,156,0.175,2.60261e+07,38.423,8, 0.0578969,,0.0578969,0.0355512,0.0409128,
Non-smooth: Wendland CSRBF+Runge,DCT+Bessel+IDCT; on padded grid    ,160,0.197,3.20782e+07,31.1738,8, 0.0503269,,0.0503269,0.0348312,0.0495021,
Non-smooth: Wendland CSRBF+Runge,DCT+Bessel+IDCT; on padded grid    ,164,0.187,5.77136e+07,17.3269,8, 0.0490755,,0.0433061,0.036201,0.0490755,
Non-smooth: Wendland CSRBF+Runge,DCT+Bessel+IDCT; on padded grid    ,168,0.262,4.44856e+07,22.4792,8, 0.0573647,,0.0573647,0.0349893,0.0379993,
Non-smooth: Wendland CSRBF+Runge,DCT+Bessel+IDCT; on padded grid    ,172,0.238,5.95952e+07,16.7799,8, 0.0643894,,0.0643894,0.0372935,0.0374264,
Non-smooth: Wendland CSRBF+Runge,DCT+Bessel+IDCT; on padded grid    ,176,0.228,4.61798e+07,21.6545,8, 0.0642788,,0.0642788,0.0389716,0.043102,
Non-smooth: Wendland CSRBF+Runge,DCT+Bessel+IDCT; on padded grid    ,180,0.401,3.21206e+07,31.1327,8, 0.062491,,0.062491,0.0370815,0.0470286,
Non-smooth: Wendland CSRBF+Runge,DCT+Bessel+IDCT; on padded grid    ,184,0.264,4.28365e+07,23.3446,8, 0.0594317,,0.0594317,0.0372951,0.0394754,
Non-smooth: Wendland CSRBF+Runge,DCT+Bessel+IDCT; on padded grid    ,188,0.259,5.16513e+07,19.3606,8, 0.0531668,,0.0531668,0.0401784,0.0310917,
Non-smooth: Wendland CSRBF+Runge,DCT+Bessel+IDCT; on padded grid    ,192,0.225,3.62274e+07,27.6035,8, 0.0468162,,0.0468162,0.0388591,0.0368031,
Non-smooth: Wendland CSRBF+Runge,DCT+Bessel+IDCT; on padded grid    ,196,0.155,3.41699e+07,29.2656,8, 0.0476749,,0.0402492,0.0367229,0.0476749,
Non-smooth: Wendland CSRBF+Runge,DCT+Bessel+IDCT; on padded grid    ,200,0.229,3.4518e+07,28.9704,8, 0.0524337,,0.0524337,0.0348911,0.0430779,
Non-smooth: Wendland CSRBF+Runge,DCT+Bessel+IDCT; on padded grid    ,204,0.436,4.5758e+07,21.8541,8, 0.0575381,,0.0575381,0.0328927,0.0318737,
Non-smooth: Wendland CSRBF+Runge,DCT+Bessel+IDCT; on padded grid    ,208,0.197,5.54902e+07,18.0212,8, 0.0607851,,0.0607851,0.0307815,0.0363158,
Non-smooth: Wendland CSRBF+Runge,DCT+Bessel+IDCT; on padded grid    ,212,0.297,6.57906e+07,15.1997,8, 0.0573708,,0.0573708,0.0273505,0.0419003,
Non-smooth: Wendland CSRBF+Runge,DCT+Bessel+IDCT; on padded grid    ,216,0.268,5.15056e+07,19.4154,8, 0.0553115,,0.0553115,0.0248919,0.0451289,
Non-smooth: Wendland CSRBF+Runge,DCT+Bessel+IDCT; on padded grid    ,220,0.294,4.394e+07,22.7583,8, 0.0475181,,0.0475181,0.0255185,0.0360588,
Non-smooth: Wendland CSRBF+Runge,DCT+Bessel+IDCT; on padded grid    ,224,0.211,4.52919e+07,22.079,8, 0.0421181,,0.0421181,0.0242207,0.0311615,
Non-smooth: Wendland CSRBF+Runge,DCT+Bessel+IDCT; on padded grid    ,228,0.423,6.52959e+07,15.3149,8, 0.0374793,,0.0374793,0.0278653,0.0360137,
Non-smooth: Wendland CSRBF+Runge,DCT+Bessel+IDCT; on padded grid    ,232,0.352,6.25554e+07,15.9858,8, 0.049963,,0.049963,0.0279434,0.045874,
Non-smooth: Wendland CSRBF+Runge,DCT+Bessel+IDCT; on padded grid    ,236,0.399,8.32774e+07,12.0081,8, 0.0555631,,0.0555631,0.0263851,0.0382773,
Non-smooth: Wendland CSRBF+Runge,DCT+Bessel+IDCT; on padded grid    ,240,0.351,4.80354e+07,20.818,8, 0.0568684,,0.0568684,0.030147,0.0262232,
Non-smooth: Wendland CSRBF+Runge,DCT+Bessel+IDCT; on padded grid    ,244,0.433,9.17852e+07,10.895,8, 0.0541991,,0.0541991,0.0293454,0.0361138,
Non-smooth: Wendland CSRBF+Runge,DCT+Bessel+IDCT; on padded grid    ,248,0.368,6.89024e+07,14.5133,8, 0.0504189,,0.0504189,0.0327769,0.0405378,
Non-smooth: Wendland CSRBF+Runge,DCT+Bessel+IDCT; on padded grid    ,252,0.456,5.39621e+07,18.5315,8, 0.0460147,,0.0460147,0.0310167,0.0403271,
Non-smooth: Wendland CSRBF+Runge,DCT+Bessel+IDCT; on padded grid    ,256,0.28,5.50328e+07,18.171,8, 0.0389507,,0.0389507,0.0340393,0.0367613,
Non-smooth: Wendland CSRBF+Runge,DCT+Bessel+IDCT; on padded grid    ,260,0.378,7.36714e+07,13.5738,8, 0.0348119,,0.0348119,0.0332784,0.0300816,
Non-smooth: Wendland CSRBF+Runge,DCT+Bessel+IDCT; on padded grid    ,264,0.434,7.39131e+07,13.5294,8, 0.0450769,,0.0450769,0.031073,0.0334557,
Non-smooth: Wendland CSRBF+Runge,DCT+Bessel+IDCT; on padded grid    ,268,0.609,1.11806e+08,8.9441,8, 0.0510323,,0.0510323,0.033686,0.0424602,
Non-smooth: Wendland CSRBF+Runge,DCT+Bessel+IDCT; on padded grid    ,272,0.435,6.8125e+07,14.6789,8, 0.0528288,,0.0528288,0.032045,0.0399473,
Non-smooth: Wendland CSRBF+Runge,DCT+Bessel+IDCT; on padded grid    ,276,0.525,7.58256e+07,13.1882,8, 0.0506946,,0.0506946,0.0294071,0.0244835,
Non-smooth: Wendland CSRBF+Runge,DCT+Bessel+IDCT; on padded grid    ,280,0.537,6.44507e+07,15.5157,8, 0.047545,,0.047545,0.0314051,0.0346049,
Non-smooth: Wendland CSRBF+Runge,DCT+Bessel+IDCT; on padded grid    ,284,0.669,1.35293e+08,7.39137,8, 0.0412758,,0.0412758,0.0290965,0.0366202,
Non-smooth: Wendland CSRBF+Runge,DCT+Bessel+IDCT; on padded grid    ,288,0.374,7.41391e+07,13.4882,8, 0.0427718,,0.0374202,0.0265146,0.0427718,
Non-smooth: Wendland CSRBF+Runge,DCT+Bessel+IDCT; on padded grid    ,292,0.703,1.69214e+08,5.90966,8, 0.0321205,,0.0321205,0.0231013,0.0304671,
Non-smooth: Wendland CSRBF+Runge,DCT+Bessel+IDCT; on padded grid    ,296,0.551,1.19076e+08,8.39802,8, 0.0426417,,0.0426417,0.0208582,0.0291152,
Non-smooth: Wendland CSRBF+Runge,DCT+Bessel+IDCT; on padded grid    ,300,0.605,9.70823e+07,10.3005,8, 0.0489579,,0.0489579,0.0196802,0.0371979,
Non-smooth: Wendland CSRBF+Runge,DCT+Bessel+IDCT; on padded grid    ,304,0.571,1.18002e+08,8.47443,8, 0.0486634,,0.0486634,0.0228983,0.0378264,
Non-smooth: Wendland CSRBF+Runge,DCT+Bessel+IDCT; on padded grid    ,308,0.415,1.05179e+08,9.50764,8, 0.0470393,,0.0470393,0.0216534,0.0348282,
Non-smooth: Wendland CSRBF+Runge,DCT+Bessel+IDCT; on padded grid    ,312,0.479,1.07304e+08,9.31929,8, 0.0444095,,0.0444095,0.0238963,0.0230096,
Non-smooth: Wendland CSRBF+Runge,DCT+Bessel+IDCT; on padded grid    ,316,0.818,1.71204e+08,5.841,8, 0.0387017,,0.0387017,0.0258042,0.0317243,
Non-smooth: Wendland CSRBF+Runge,DCT+Bessel+IDCT; on padded grid    ,320,0.558,1.02628e+08,9.74388,8, 0.038819,,0.0353876,0.0262004,0.038819,
Non-smooth: Wendland CSRBF+Runge,DCT+Bessel+IDCT; on padded grid    ,324,0.465,8.45781e+07,11.8234,8, 0.0376278,,0.0319437,0.0288996,0.0376278,
Non-smooth: Wendland CSRBF+Runge,DCT+Bessel+IDCT; on padded grid    ,328,0.569,1.34227e+08,7.45008,8, 0.0401694,,0.0401694,0.0269914,0.0314767,
Non-smooth: Wendland CSRBF+Runge,DCT+Bessel+IDCT; on padded grid    ,332,0.802,1.85837e+08,5.38106,8, 0.0467729,,0.0467729,0.0288326,0.0260537,
Non-smooth: Wendland CSRBF+Runge,DCT+Bessel+IDCT; on padded grid    ,336,0.612,9.65038e+07,10.3623,8, 0.0468627,,0.0468627,0.026702,0.0337024,
Non-smooth: Wendland CSRBF+Runge,DCT+Bessel+IDCT; on padded grid    ,340,0.666,1.12208e+08,8.91199,8, 0.0456687,,0.0456687,0.0285199,0.0387902,
Non-smooth: Wendland CSRBF+Runge,DCT+Bessel+IDCT; on padded grid    ,344,0.713,1.80343e+08,5.545,8, 0.0435383,,0.0435383,0.0264141,0.0356566,
Non-smooth: Wendland CSRBF+Runge,DCT+Bessel+IDCT; on padded grid    ,348,0.793,1.29781e+08,7.70527,8, 0.0383316,,0.0383316,0.0308729,0.0262004,
Non-smooth: Wendland CSRBF+Runge,DCT+Bessel+IDCT; on padded grid    ,352,0.637,1.30535e+08,7.66081,8, 0.0351871,,0.0330026,0.0284206,0.0351871,
Non-smooth: Wendland CSRBF+Runge,DCT+Bessel+IDCT; on padded grid    ,356,1.059,2.23206e+08,4.48016,8, 0.0346264,,0.0293222,0.0298613,0.0346264,
Non-smooth: Wendland CSRBF+Runge,DCT+Bessel+IDCT; on padded grid    ,360,0.734,1.09449e+08,9.13664,8, 0.0402242,,0.0402242,0.0271129,0.0383166,
Non-smooth: Wendland CSRBF+Runge,DCT+Bessel+IDCT; on padded grid    ,364,0.44,1.11366e+08,8.9794,8, 0.0445623,,0.0445623,0.024201,0.0228003,
Non-smooth: Wendland CSRBF+Runge,DCT+Bessel+IDCT; on padded grid    ,368,0.746,1.34367e+08,7.44233,8, 0.0449512,,0.0449512,0.0211095,0.0279204,
Non-smooth: Wendland CSRBF+Runge,DCT+Bessel+IDCT; on padded grid    ,372,0.745,1.53098e+08,6.53177,8, 0.0441269,,0.0441269,0.0224011,0.0368873,
Non-smooth: Wendland CSRBF+Runge,DCT+Bessel+IDCT; on padded grid    ,376,0.726,1.70765e+08,5.85599,8, 0.0398838,,0.0398838,0.019671,0.0350215,
Non-smooth: Wendland CSRBF+Runge,DCT+Bessel+IDCT; on padded grid    ,380,0.849,1.47837e+08,6.76423,8, 0.035122,,0.035122,0.019376,0.0291291,
Non-smooth: Wendland CSRBF+Runge,DCT+Bessel+IDCT; on padded grid    ,384,0.614,1.39542e+08,7.1663,8, 0.0327519,,0.0327519,0.0179794,0.0230257,
Non-smooth: Wendland CSRBF+Runge,DCT+Bessel+IDCT; on padded grid    ,388,1.237,2.64694e+08,3.77795,8, 0.0313474,,0.0292123,0.0210178,0.0313474,
Non-smooth: Wendland CSRBF+Runge,DCT+Bessel+IDCT; on padded grid    ,392,0.437,1.27135e+08,7.86566,8, 0.037776,,0.037776,0.0234434,0.0374765,
Non-smooth: Wendland CSRBF+Runge,DCT+Bessel+IDCT; on padded grid    ,396,0.778,1.56397e+08,6.39398,8, 0.0423394,,0.0423394,0.0223746,0.0332796,
Non-smooth: Wendland CSRBF+Runge,DCT+Bessel+IDCT; on padded grid    ,400,0.613,1.25459e+08,7.97072,8, 0.0430067,,0.0430067,0.0247342,0.0249429,
Non-smooth: Wendland CSRBF+Runge,DCT+Bessel+IDCT; on padded grid    ,404,1.203,2.98973e+08,3.34478,8, 0.0424979,,0.0424979,0.0231178,0.0257934,
Non-smooth: Wendland CSRBF+Runge,DCT+Bessel+IDCT; on padded grid    ,408,0.985,1.41715e+08,7.0564,8, 0.0386115,,0.0386115,0.0255135,0.0318149,
Non-smooth: Wendland CSRBF+Runge,DCT+Bessel+IDCT; on padded grid    ,412,1.262,3.22212e+08,3.10355,8, 0.036265,,0.0342132,0.0275126,0.036265,
Non-smooth: Wendland CSRBF+Runge,DCT+Bessel+IDCT; on padded grid    ,416,0.744,1.43176e+08,6.9844,8, 0.0302652,,0.0297056,0.0257766,0.0302652,
Non-smooth: Wendland CSRBF+Runge,DCT+Bessel+IDCT; on padded grid    ,420,1.202,1.5245e+08,6.55954,8, 0.0276084,,0.0265899,0.0276084,0.0275466,
Non-smooth: Wendland CSRBF+Runge,DCT+Bessel+IDCT; on padded grid    ,424,1.071,2.36698e+08,4.2248,8, 0.0353025,,0.0353025,0.02561,0.0335749,
Non-smooth: Wendland CSRBF+Runge,DCT+Bessel+IDCT; on padded grid    ,428,1.555,3.92121e+08,2.55023,8, 0.0400699,,0.0400699,0.0272197,0.0317983,
Non-smooth: Wendland CSRBF+Runge,DCT+Bessel+IDCT; on padded grid    ,432,0.656,1.55213e+08,6.44275,8, 0.0409937,,0.0409937,0.0251352,0.0344724,
Non-smooth: Wendland CSRBF+Runge,DCT+Bessel+IDCT; on padded grid    ,436,1.498,3.60974e+08,2.77028,8, 0.0407862,,0.0407862,0.0263981,0.0221941,
Non-smooth: Wendland CSRBF+Runge,DCT+Bessel+IDCT; on padded grid    ,440,0.834,1.60619e+08,6.22592,8, 0.0372225,,0.0372225,0.0239559,0.0288128,
Non-smooth: Wendland CSRBF+Runge,DCT+Bessel+IDCT; on padded grid    ,444,1.021,2.25553e+08,4.43355,8, 0.0341233,,0.0331674,0.0250593,0.0341233,
Non-smooth: Wendland CSRBF+Runge,DCT+Bessel+IDCT; on padded grid    ,448,0.651,1.56387e+08,6.3944,8, 0.0308663,,0.0289913,0.0216998,0.0308663,
Non-smooth: Wendland CSRBF+Runge,DCT+Bessel+IDCT; on padded grid    ,452,1.713,4.00291e+08,2.49818,8, 0.0264966,,0.0264966,0.018686,0.0230318,
Non-smooth: Wendland CSRBF+Runge,DCT+Bessel+IDCT; on padded grid    ,456,1.165,2.05232e+08,4.87252,8, 0.0353293,,0.0353293,0.0169068,0.0232779,
Non-smooth: Wendland CSRBF+Runge,DCT+Bessel+IDCT; on padded grid    ,460,1.002,2.13631e+08,4.68098,8, 0.0377662,,0.0377662,0.0185985,0.0289477,
Non-smooth: Wendland CSRBF+Runge,DCT+Bessel+IDCT; on padded grid    ,464,0.971,2.23037e+08,4.48356,8, 0.0389097,,0.0389097,0.017407,0.0340333,
Non-smooth: Wendland CSRBF+Runge,DCT+Bessel+IDCT; on padded grid    ,468,0.884,1.78734e+08,5.59491,8, 0.0389635,,0.0389635,0.0192875,0.0279459,
Non-smooth: Wendland CSRBF+Runge,DCT+Bessel+IDCT; on padded grid    ,472,1.18,2.75421e+08,3.63081,8, 0.0356967,,0.0356967,0.0220561,0.0187153,
Non-smooth: Wendland CSRBF+Runge,DCT+Bessel+IDCT; on padded grid    ,476,0.914,2.12363e+08,4.70891,8, 0.0319521,,0.0319521,0.0199526,0.0311029,
Non-smooth: Wendland CSRBF+Runge,DCT+Bessel+IDCT; on padded grid    ,480,0.872,1.67113e+08,5.98397,8, 0.0290062,,0.0280949,0.0225603,0.0290062,
Non-smooth: Wendland CSRBF+Runge,DCT+Bessel+IDCT; on padded grid    ,484,0.923,2.02235e+08,4.94475,8, 0.0320967,,0.0264175,0.0247773,0.0320967,
Non-smooth: Wendland CSRBF+Runge,DCT+Bessel+IDCT; on padded grid    ,488,1.31,3.06272e+08,3.26507,8, 0.0328673,,0.0328673,0.0225169,0.023333,
Non-smooth: Wendland CSRBF+Runge,DCT+Bessel+IDCT; on padded grid    ,492,1.226,2.72756e+08,3.66628,8, 0.0379644,,0.0379644,0.0247798,0.0264493,
Non-smooth: Wendland CSRBF+Runge,DCT+Bessel+IDCT; on padded grid    ,496,1.111,2.44447e+08,4.09087,8, 0.0393078,,0.0393078,0.0224143,0.0312687,
Non-smooth: Wendland CSRBF+Runge,DCT+Bessel+IDCT; on padded grid    ,500,0.921,2.19167e+08,4.56273,8, 0.0370839,,0.0370839,0.0245656,0.0352883,
Non-smooth: Wendland CSRBF+Runge,DCT+Bessel+IDCT; on padded grid    ,504,0.9,2.0807e+08,4.80607,8, 0.0340729,,0.0340729,0.0263995,0.028634,
Non-smooth: Wendland CSRBF+Runge,DCT+Bessel+IDCT; on padded grid    ,508,1.534,5.33867e+08,1.87313,8, 0.0306028,,0.0306028,0.0236941,0.0214123,
Non-smooth: Wendland CSRBF+Runge,DCT+Bessel+IDCT; on padded grid    ,512,0.882,1.8994e+08,5.26483,8, 0.027022,,0.027022,0.0249207,0.0264409,
Non-smooth: Wendland CSRBF+Runge,DCT+Bessel+IDCT; on padded grid    ,516,1.513,2.96937e+08,3.36772,8, 0.0305206,,0.0238349,0.0219293,0.0305206,
