calculator chosen: 3
func chosen: 2
cache dir chosen: /scratch/ob749/GA/cache/
FunctionName, Calculator,N,Init time (s), Calc.time(s), Calc.Freq(hz), Bytes, MaxError, FirstBlank, Err1, Err2, Err3, Blank
Non-smooth: Wendland CSRBF+Runge,bicubic interp; CPU Sparse Matrix  ,8,0.027,75850,13183.9,8, 0.0612214,,0.0245415,0.0612214,0.0514192,
Non-smooth: Wendland CSRBF+Runge,bicubic interp; CPU Sparse Matrix  ,12,0.027,78697,12707,8, 0.0393003,,0.0157934,0.0393003,0.0357274,
Non-smooth: Wendland CSRBF+Runge,bicubic interp; CPU Sparse Matrix  ,16,0.045,136883,7305.51,8, 0.0199803,,0.0152994,0.0152317,0.0199803,
Non-smooth: Wendland CSRBF+Runge,bicubic interp; CPU Sparse Matrix  ,20,0.05,205732,4860.69,8, 0.00970602,,0.00787178,0.00799842,0.00970602,
Non-smooth: Wendland CSRBF+Runge,bicubic interp; CPU Sparse Matrix  ,24,0.056,325524,3071.97,8, 0.00794558,,0.00794558,0.00441169,0.0042759,
Non-smooth: Wendland CSRBF+Runge,bicubic interp; CPU Sparse Matrix  ,28,0.094,483816,2066.9,8, 0.00678508,,0.00678508,0.00339517,0.0051573,
Non-smooth: Wendland CSRBF+Runge,bicubic interp; CPU Sparse Matrix  ,32,0.14,714956,1398.69,8, 0.00502362,,0.00413836,0.00284292,0.00502362,
Non-smooth: Wendland CSRBF+Runge,bicubic interp; CPU Sparse Matrix  ,36,0.212,967013,1034.11,8, 0.00325112,,0.00289506,0.00246843,0.00325112,
Non-smooth: Wendland CSRBF+Runge,bicubic interp; CPU Sparse Matrix  ,40,0.284,1.28389e+06,778.88,8, 0.00392533,,0.00170764,0.00180806,0.00392533,
Non-smooth: Wendland CSRBF+Runge,bicubic interp; CPU Sparse Matrix  ,44,0.279,1.6596e+06,602.554,8, 0.00444584,,0.00159086,0.00203603,0.00444584,
Non-smooth: Wendland CSRBF+Runge,bicubic interp; CPU Sparse Matrix  ,48,0.312,2.08516e+06,479.58,8, 0.00353263,,0.00181294,0.00294293,0.00353263,
Non-smooth: Wendland CSRBF+Runge,bicubic interp; CPU Sparse Matrix  ,52,0.474,2.54596e+06,392.78,8, 0.00386976,,0.00144706,0.00234206,0.00386976,
Non-smooth: Wendland CSRBF+Runge,bicubic interp; CPU Sparse Matrix  ,56,0.756,3.35086e+06,298.431,8, 0.00374501,,0.00134706,0.00365731,0.00374501,
Non-smooth: Wendland CSRBF+Runge,bicubic interp; CPU Sparse Matrix  ,60,0.593,4.0982e+06,244.01,8, 0.00328839,,0.00137622,0.00191389,0.00328839,
Non-smooth: Wendland CSRBF+Runge,bicubic interp; CPU Sparse Matrix  ,64,0.608,4.63952e+06,215.539,8, 0.00447327,,0.00129632,0.00222613,0.00447327,
Non-smooth: Wendland CSRBF+Runge,bicubic interp; CPU Sparse Matrix  ,68,0.734,5.78051e+06,172.995,8, 0.00407706,,0.00110268,0.00223771,0.00407706,
Non-smooth: Wendland CSRBF+Runge,bicubic interp; CPU Sparse Matrix  ,72,0.879,6.66508e+06,150.036,8, 0.00410449,,0.000903729,0.00193374,0.00410449,
Non-smooth: Wendland CSRBF+Runge,bicubic interp; CPU Sparse Matrix  ,76,0.929,8.21952e+06,121.662,8, 0.00362092,,0.000965624,0.00262233,0.00362092,
Non-smooth: Wendland CSRBF+Runge,bicubic interp; CPU Sparse Matrix  ,80,1.204,9.03961e+06,110.624,8, 0.00446672,,0.00105551,0.00227091,0.00446672,
Non-smooth: Wendland CSRBF+Runge,bicubic interp; CPU Sparse Matrix  ,84,1.125,1.2093e+07,82.6921,8, 0.00419252,,0.00105133,0.00297215,0.00419252,
Non-smooth: Wendland CSRBF+Runge,bicubic interp; CPU Sparse Matrix  ,88,1.347,1.17599e+07,85.0347,8, 0.00368616,,0.000980839,0.00231764,0.00368616,
Non-smooth: Wendland CSRBF+Runge,bicubic interp; CPU Sparse Matrix  ,92,1.651,3.49977e+07,28.5733,8, 0.00405557,,0.0008821,0.00229441,0.00405557,
Non-smooth: Wendland CSRBF+Runge,bicubic interp; CPU Sparse Matrix  ,96,1.765,1.53073e+07,65.3282,8, 0.00439283,,0.000821919,0.00215469,0.00439283,
Non-smooth: Wendland CSRBF+Runge,bicubic interp; CPU Sparse Matrix  ,100,1.915,1.69092e+07,59.1393,8, 0.0044149,,0.000835226,0.00257375,0.0044149,
Non-smooth: Wendland CSRBF+Runge,bicubic interp; CPU Sparse Matrix  ,104,1.908,1.92475e+07,51.9547,8, 0.00453839,,0.000763804,0.00271353,0.00453839,
Non-smooth: Wendland CSRBF+Runge,bicubic interp; CPU Sparse Matrix  ,108,2.452,2.3392e+07,42.7497,8, 0.00449295,,0.000740275,0.00221532,0.00449295,
Non-smooth: Wendland CSRBF+Runge,bicubic interp; CPU Sparse Matrix  ,112,2.857,2.35383e+07,42.4839,8, 0.00387861,,0.00117298,0.00232849,0.00387861,
Non-smooth: Wendland CSRBF+Runge,bicubic interp; CPU Sparse Matrix  ,116,2.932,2.57705e+07,38.804,8, 0.00446573,,0.000742597,0.00251491,0.00446573,
Non-smooth: Wendland CSRBF+Runge,bicubic interp; CPU Sparse Matrix  ,120,3.186,3.14887e+07,31.7574,8, 0.00451098,,0.000733009,0.00250623,0.00451098,
Non-smooth: Wendland CSRBF+Runge,bicubic interp; CPU Sparse Matrix  ,124,3.3,3.17982e+07,31.4483,8, 0.0046739,,0.00103979,0.00292914,0.0046739,
Non-smooth: Wendland CSRBF+Runge,bicubic interp; CPU Sparse Matrix  ,128,3.439,3.5371e+07,28.2718,8, 0.00419071,,0.000778314,0.00237743,0.00419071,
Non-smooth: Wendland CSRBF+Runge,bicubic interp; CPU Sparse Matrix  ,132,3.801,4.84185e+07,20.6533,8, 0.00432938,,0.00126648,0.00293715,0.00432938,
Non-smooth: Wendland CSRBF+Runge,bicubic interp; CPU Sparse Matrix  ,136,4.595,4.12067e+07,24.2679,8, 0.00474139,,0.000645291,0.00269392,0.00474139,
Non-smooth: Wendland CSRBF+Runge,bicubic interp; CPU Sparse Matrix  ,140,4.042,1.0387e+08,9.62746,8, 0.00470353,,0.000830302,0.00271092,0.00470353,
Non-smooth: Wendland CSRBF+Runge,bicubic interp; CPU Sparse Matrix  ,144,4.982,4.7711e+07,20.9595,8, 0.00470784,,0.000667914,0.0026077,0.00470784,
Non-smooth: Wendland CSRBF+Runge,bicubic interp; CPU Sparse Matrix  ,148,4.483,5.17708e+07,19.3159,8, 0.00479493,,0.00111032,0.00265047,0.00479493,
Non-smooth: Wendland CSRBF+Runge,bicubic interp; CPU Sparse Matrix  ,152,7.638,8.35203e+07,11.9731,8, 0.00459859,,0.000712516,0.00293166,0.00459859,
Non-smooth: Wendland CSRBF+Runge,bicubic interp; CPU Sparse Matrix  ,156,5.102,5.98662e+07,16.7039,8, 0.00449837,,0.000944657,0.00271882,0.00449837,
Non-smooth: Wendland CSRBF+Runge,bicubic interp; CPU Sparse Matrix  ,160,6.638,1.06593e+08,9.38151,8, 0.00463508,,0.000792675,0.00278814,0.00463508,
Non-smooth: Wendland CSRBF+Runge,bicubic interp; CPU Sparse Matrix  ,164,6.347,6.97566e+07,14.3356,8, 0.00452284,,0.000798714,0.00281447,0.00452284,
Non-smooth: Wendland CSRBF+Runge,bicubic interp; CPU Sparse Matrix  ,168,6.99,7.56326e+07,13.2218,8, 0.00455041,,0.000938068,0.00288418,0.00455041,
Non-smooth: Wendland CSRBF+Runge,bicubic interp; CPU Sparse Matrix  ,172,6.7,8.2498e+07,12.1215,8, 0.00472603,,0.00102549,0.00287646,0.00472603,
Non-smooth: Wendland CSRBF+Runge,bicubic interp; CPU Sparse Matrix  ,176,7.977,9.38318e+07,10.6574,8, 0.00450541,,0.00131476,0.00241755,0.00450541,
Non-smooth: Wendland CSRBF+Runge,bicubic interp; CPU Sparse Matrix  ,180,10.482,9.24288e+07,10.8191,8, 0.0045861,,0.00106502,0.00250868,0.0045861,
Non-smooth: Wendland CSRBF+Runge,bicubic interp; CPU Sparse Matrix  ,184,9.721,1.12632e+08,8.87844,8, 0.00458802,,0.000741616,0.00285599,0.00458802,
Non-smooth: Wendland CSRBF+Runge,bicubic interp; CPU Sparse Matrix  ,188,8.222,1.06892e+08,9.35526,8, 0.00477029,,0.000702796,0.00301621,0.00477029,
Non-smooth: Wendland CSRBF+Runge,bicubic interp; CPU Sparse Matrix  ,192,14.385,1.10479e+08,9.05153,8, 0.00415671,,0.00110859,0.00258012,0.00415671,
Non-smooth: Wendland CSRBF+Runge,bicubic interp; CPU Sparse Matrix  ,196,11.183,1.23937e+08,8.06864,8, 0.00442409,,0.000757291,0.00239576,0.00442409,
Non-smooth: Wendland CSRBF+Runge,bicubic interp; CPU Sparse Matrix  ,200,13.271,1.37806e+08,7.25657,8, 0.00455283,,0.000908086,0.00276968,0.00455283,
Non-smooth: Wendland CSRBF+Runge,bicubic interp; CPU Sparse Matrix  ,204,12.091,1.38825e+08,7.20334,8, 0.00465799,,0.00125578,0.00272055,0.00465799,
Non-smooth: Wendland CSRBF+Runge,bicubic interp; CPU Sparse Matrix  ,208,12.688,1.40237e+08,7.13077,8, 0.00476477,,0.00129588,0.00285935,0.00476477,
Non-smooth: Wendland CSRBF+Runge,bicubic interp; CPU Sparse Matrix  ,212,11.707,1.51698e+08,6.59204,8, 0.00451688,,0.00100877,0.00258727,0.00451688,
Non-smooth: Wendland CSRBF+Runge,bicubic interp; CPU Sparse Matrix  ,216,15.313,1.59013e+08,6.28878,8, 0.00517528,,0.00125265,0.00349678,0.00517528,
Non-smooth: Wendland CSRBF+Runge,bicubic interp; CPU Sparse Matrix  ,220,14.612,1.69072e+08,5.91465,8, 0.00586609,,0.00101608,0.00299896,0.00586609,
Non-smooth: Wendland CSRBF+Runge,bicubic interp; CPU Sparse Matrix  ,224,14.284,1.7569e+08,5.69183,8, 0.00463017,,0.000820753,0.00246579,0.00463017,
Non-smooth: Wendland CSRBF+Runge,bicubic interp; CPU Sparse Matrix  ,228,16.556,1.8539e+08,5.39404,8, 0.00466827,,0.000902932,0.00295809,0.00466827,
Non-smooth: Wendland CSRBF+Runge,bicubic interp; CPU Sparse Matrix  ,232,19.321,1.53937e+08,6.49615,8, 0.00568102,,0.00118076,0.00267058,0.00568102,
Non-smooth: Wendland CSRBF+Runge,bicubic interp; CPU Sparse Matrix  ,236,18.959,2.12875e+08,4.69759,8, 0.00643698,,0.00128821,0.00305425,0.00643698,
Non-smooth: Wendland CSRBF+Runge,bicubic interp; CPU Sparse Matrix  ,240,21.441,2.15804e+08,4.63383,8, 0.00481843,,0.0013504,0.00280451,0.00481843,
Non-smooth: Wendland CSRBF+Runge,bicubic interp; CPU Sparse Matrix  ,244,18.926,1.56203e+08,6.40193,8, 0.00523498,,0.00108039,0.00290341,0.00523498,
Non-smooth: Wendland CSRBF+Runge,bicubic interp; CPU Sparse Matrix  ,248,21.301,1.51756e+08,6.58951,8, 0.00496714,,0.00103919,0.00305227,0.00496714,
Non-smooth: Wendland CSRBF+Runge,bicubic interp; CPU Sparse Matrix  ,252,22.239,2.48305e+08,4.0273,8, 0.00536541,,0.00118929,0.00298099,0.00536541,
Non-smooth: Wendland CSRBF+Runge,bicubic interp; CPU Sparse Matrix  ,256,22.872,1.94729e+08,5.13533,8, 0.0051824,,0.000994444,0.00335994,0.0051824,
Non-smooth: Wendland CSRBF+Runge,bicubic interp; CPU Sparse Matrix  ,260,27.784,3.70987e+08,2.69551,8, 0.00497794,,0.00154825,0.00311535,0.00497794,
Non-smooth: Wendland CSRBF+Runge,bicubic interp; CPU Sparse Matrix  ,264,24.967,2.40319e+08,4.16113,8, 0.00627087,,0.00153038,0.00314348,0.00627087,
Non-smooth: Wendland CSRBF+Runge,bicubic interp; CPU Sparse Matrix  ,268,26.192,3.02433e+08,3.30652,8, 0.00468283,,0.00125938,0.00357599,0.00468283,
Non-smooth: Wendland CSRBF+Runge,bicubic interp; CPU Sparse Matrix  ,272,31.489,2.34549e+08,4.2635,8, 0.00502941,,0.00172653,0.00279862,0.00502941,
Non-smooth: Wendland CSRBF+Runge,bicubic interp; CPU Sparse Matrix  ,276,27.388,3.24822e+08,3.07861,8, 0.00711879,,0.00129422,0.00419225,0.00711879,
Non-smooth: Wendland CSRBF+Runge,bicubic interp; CPU Sparse Matrix  ,280,32.617,3.41743e+08,2.92618,8, 0.00593489,,0.00156806,0.0034301,0.00593489,
Non-smooth: Wendland CSRBF+Runge,bicubic interp; CPU Sparse Matrix  ,284,30.534,3.2438e+08,3.0828,8, 0.00862566,,0.00133962,0.00384203,0.00862566,
Non-smooth: Wendland CSRBF+Runge,bicubic interp; CPU Sparse Matrix  ,288,30.226,3.39804e+08,2.94287,8, 0.00680276,,0.00277659,0.0047822,0.00680276,
Non-smooth: Wendland CSRBF+Runge,bicubic interp; CPU Sparse Matrix  ,292,293.022,5.02461e+08,1.9902,8, 0.00798037,,0.00237948,0.0042264,0.00798037,
Non-smooth: Wendland CSRBF+Runge,bicubic interp; CPU Sparse Matrix  ,296,296.826,6.53036e+08,1.53131,8, 0.00626803,,0.0018922,0.00479531,0.00626803,
Non-smooth: Wendland CSRBF+Runge,bicubic interp; CPU Sparse Matrix  ,300,334.351,1.19926e+09,0.833846,8, 0.00670726,,0.0019756,0.00566866,0.00670726,
Non-smooth: Wendland CSRBF+Runge,bicubic interp; CPU Sparse Matrix  ,304,340,7.36025e+08,1.35865,8, 0.00701979,,0.00266071,0.00440702,0.00701979,
Non-smooth: Wendland CSRBF+Runge,bicubic interp; CPU Sparse Matrix  ,308,323.002,7.03891e+08,1.42067,8, 0.00946498,,0.00216148,0.00557118,0.00946498,
Non-smooth: Wendland CSRBF+Runge,bicubic interp; CPU Sparse Matrix  ,312,324.325,5.11939e+08,1.95336,8, 0.00985752,,0.00189366,0.00482097,0.00985752,
Non-smooth: Wendland CSRBF+Runge,bicubic interp; CPU Sparse Matrix  ,316,332.05,5.14539e+08,1.94349,8, 0.0107938,,0.00285398,0.00532892,0.0107938,
Non-smooth: Wendland CSRBF+Runge,bicubic interp; CPU Sparse Matrix  ,320,356.374,5.81927e+08,1.71843,8, 0.0082337,,0.00286748,0.00550696,0.0082337,
Non-smooth: Wendland CSRBF+Runge,bicubic interp; CPU Sparse Matrix  ,324,384.471,5.6618e+08,1.76622,8, 0.014211,,0.00197143,0.00643126,0.014211,
Non-smooth: Wendland CSRBF+Runge,bicubic interp; CPU Sparse Matrix  ,328,380.196,5.91674e+08,1.69012,8, 0.00936919,,0.00397395,0.00580297,0.00936919,
Non-smooth: Wendland CSRBF+Runge,bicubic interp; CPU Sparse Matrix  ,332,390.86,6.03514e+08,1.65696,8, 0.00942769,,0.00413312,0.00887174,0.00942769,
Non-smooth: Wendland CSRBF+Runge,bicubic interp; CPU Sparse Matrix  ,336,399.716,6.59305e+08,1.51675,8, 0.0099238,,0.00410304,0.00695666,0.0099238,
Non-smooth: Wendland CSRBF+Runge,bicubic interp; CPU Sparse Matrix  ,340,420.439,6.49823e+08,1.53888,8, 0.0148588,,0.00340267,0.00663379,0.0148588,
