calculator chosen: 7
func chosen: 2
cache dir chosen: /scratch/ob749/GA/cache/
FunctionName, Calculator,N,Init time (s), Calc.time(s), Calc.Freq(hz), Bytes, MaxError, FirstBlank, Err1, Err2, Err3, Blank
Non-smooth: Wendland CSRBF+Runge,linear interp; GPU Sparse Matrix   ,8,0.331,565080,1769.66,8, 0.367776,,0.367776,0.146784,0.19847,
Non-smooth: Wendland CSRBF+Runge,linear interp; GPU Sparse Matrix   ,12,0.039,150418,6648.14,8, 0.233767,,0.233767,0.0926245,0.174108,
Non-smooth: Wendland CSRBF+Runge,linear interp; GPU Sparse Matrix   ,16,0.026,165506,6042.08,8, 0.153698,,0.153698,0.0611566,0.0801169,
Non-smooth: Wendland CSRBF+Runge,linear interp; GPU Sparse Matrix   ,20,0.072,164596,6075.48,8, 0.0878289,,0.0878289,0.0449624,0.041853,
Non-smooth: Wendland CSRBF+Runge,linear interp; GPU Sparse Matrix   ,24,0.055,168271,5942.79,8, 0.0531909,,0.0531909,0.0383588,0.0474778,
Non-smooth: Wendland CSRBF+Runge,linear interp; GPU Sparse Matrix   ,28,0.087,170155,5876.99,8, 0.0653063,,0.0245292,0.0342394,0.0653063,
Non-smooth: Wendland CSRBF+Runge,linear interp; GPU Sparse Matrix   ,32,0.076,163788,6105.45,8, 0.0362422,,0.00734902,0.0251618,0.0362422,
Non-smooth: Wendland CSRBF+Runge,linear interp; GPU Sparse Matrix   ,36,0.106,207231,4825.53,8, 0.0378704,,0.0378704,0.0230188,0.0173186,
Non-smooth: Wendland CSRBF+Runge,linear interp; GPU Sparse Matrix   ,40,0.156,228616,4374.15,8, 0.0395793,,0.0395793,0.0205691,0.0207541,
Non-smooth: Wendland CSRBF+Runge,linear interp; GPU Sparse Matrix   ,44,0.174,248055,4031.36,8, 0.0348944,,0.0348944,0.0173623,0.0156635,
Non-smooth: Wendland CSRBF+Runge,linear interp; GPU Sparse Matrix   ,48,0.369,263848,3790.06,8, 0.0264895,,0.0264895,0.0142414,0.0237005,
Non-smooth: Wendland CSRBF+Runge,linear interp; GPU Sparse Matrix   ,52,0.243,290817,3438.59,8, 0.0169558,,0.0169558,0.0100233,0.0111603,
Non-smooth: Wendland CSRBF+Runge,linear interp; GPU Sparse Matrix   ,56,0.342,304245,3286.82,8, 0.0104289,,0.00881761,0.00840488,0.0104289,
Non-smooth: Wendland CSRBF+Runge,linear interp; GPU Sparse Matrix   ,60,0.496,327630,3052.22,8, 0.0116509,,0.0041364,0.0116509,0.0111372,
Non-smooth: Wendland CSRBF+Runge,linear interp; GPU Sparse Matrix   ,64,0.449,353938,2825.35,8, 0.0194974,,0.00785455,0.016656,0.0194974,
Non-smooth: Wendland CSRBF+Runge,linear interp; GPU Sparse Matrix   ,68,0.481,399914,2500.54,8, 0.0131025,,0.0116937,0.0131025,0.00921961,
Non-smooth: Wendland CSRBF+Runge,linear interp; GPU Sparse Matrix   ,72,0.816,491942,2032.76,8, 0.0148625,,0.0148625,0.00954764,0.00505112,
Non-smooth: Wendland CSRBF+Runge,linear interp; GPU Sparse Matrix   ,76,0.757,486208,2056.73,8, 0.0133676,,0.0133676,0.00666954,0.0078117,
Non-smooth: Wendland CSRBF+Runge,linear interp; GPU Sparse Matrix   ,80,0.865,536813,1862.85,8, 0.0103691,,0.0103691,0.0051265,0.00586515,
Non-smooth: Wendland CSRBF+Runge,linear interp; GPU Sparse Matrix   ,84,0.994,580977,1721.24,8, 0.00923542,,0.00700203,0.00366203,0.00923542,
Non-smooth: Wendland CSRBF+Runge,linear interp; GPU Sparse Matrix   ,88,1.084,640840,1560.45,8, 0.00424144,,0.00333835,0.00284541,0.00424144,
Non-smooth: Wendland CSRBF+Runge,linear interp; GPU Sparse Matrix   ,92,1.277,716125,1396.4,8, 0.00526654,,0.00184978,0.00381838,0.00526654,
Non-smooth: Wendland CSRBF+Runge,linear interp; GPU Sparse Matrix   ,96,1.412,780001,1282.05,8, 0.00488871,,0.00458876,0.00361571,0.00488871,
Non-smooth: Wendland CSRBF+Runge,linear interp; GPU Sparse Matrix   ,100,1.41,873663,1144.61,8, 0.00900986,,0.005565,0.00493684,0.00900986,
Non-smooth: Wendland CSRBF+Runge,linear interp; GPU Sparse Matrix   ,104,1.56,971343,1029.5,8, 0.00756401,,0.00756401,0.00471428,0.00502911,
Non-smooth: Wendland CSRBF+Runge,linear interp; GPU Sparse Matrix   ,108,1.882,1.04378e+06,958.06,8, 0.00717073,,0.00717073,0.00481674,0.00456619,
Non-smooth: Wendland CSRBF+Runge,linear interp; GPU Sparse Matrix   ,112,2.113,1.13427e+06,881.624,8, 0.00583998,,0.00583998,0.0050704,0.00492882,
Non-smooth: Wendland CSRBF+Runge,linear interp; GPU Sparse Matrix   ,116,2.368,1.2301e+06,812.943,8, 0.00544453,,0.00403204,0.00500932,0.00544453,
Non-smooth: Wendland CSRBF+Runge,linear interp; GPU Sparse Matrix   ,120,2.49,1.49367e+06,669.492,8, 0.00510245,,0.00164758,0.00499472,0.00510245,
Non-smooth: Wendland CSRBF+Runge,linear interp; GPU Sparse Matrix   ,124,2.824,1.49063e+06,670.857,8, 0.00449075,,0.00225517,0.00438809,0.00449075,
Non-smooth: Wendland CSRBF+Runge,linear interp; GPU Sparse Matrix   ,128,3.026,1.65044e+06,605.901,8, 0.00428042,,0.0033382,0.00394045,0.00428042,
Non-smooth: Wendland CSRBF+Runge,linear interp; GPU Sparse Matrix   ,132,3.6,1.85331e+06,539.574,8, 0.00426298,,0.00330468,0.00407592,0.00426298,
Non-smooth: Wendland CSRBF+Runge,linear interp; GPU Sparse Matrix   ,136,4.29,2.00531e+06,498.677,8, 0.00555811,,0.00477567,0.00359106,0.00555811,
Non-smooth: Wendland CSRBF+Runge,linear interp; GPU Sparse Matrix   ,140,4.571,2.19149e+06,456.31,8, 0.00498763,,0.00462866,0.00472604,0.00498763,
Non-smooth: Wendland CSRBF+Runge,linear interp; GPU Sparse Matrix   ,144,5.194,2.36946e+06,422.037,8, 0.00564013,,0.00382129,0.00564013,0.00465346,
Non-smooth: Wendland CSRBF+Runge,linear interp; GPU Sparse Matrix   ,148,5.638,2.5821e+06,387.281,8, 0.00490553,,0.00246126,0.00445251,0.00490553,
Non-smooth: Wendland CSRBF+Runge,linear interp; GPU Sparse Matrix   ,152,5.9,2.81273e+06,355.526,8, 0.00764394,,0.00135931,0.00387357,0.00764394,
Non-smooth: Wendland CSRBF+Runge,linear interp; GPU Sparse Matrix   ,156,6.505,3.091e+06,323.52,8, 0.00435473,,0.00131555,0.00362243,0.00435473,
Non-smooth: Wendland CSRBF+Runge,linear interp; GPU Sparse Matrix   ,160,6.379,3.34719e+06,298.758,8, 0.00469092,,0.0025281,0.00287584,0.00469092,
Non-smooth: Wendland CSRBF+Runge,linear interp; GPU Sparse Matrix   ,164,7.216,3.55307e+06,281.447,8, 0.00475131,,0.0022172,0.0028841,0.00475131,
Non-smooth: Wendland CSRBF+Runge,linear interp; GPU Sparse Matrix   ,168,8.24,3.82348e+06,261.542,8, 0.00445983,,0.00326623,0.00287091,0.00445983,
Non-smooth: Wendland CSRBF+Runge,linear interp; GPU Sparse Matrix   ,172,8.823,4.51187e+06,221.638,8, 0.00498534,,0.00324722,0.00283659,0.00498534,
Non-smooth: Wendland CSRBF+Runge,linear interp; GPU Sparse Matrix   ,176,9.119,4.74933e+06,210.556,8, 0.00453113,,0.00264962,0.00314106,0.00453113,
Non-smooth: Wendland CSRBF+Runge,linear interp; GPU Sparse Matrix   ,180,9.774,5.18446e+06,192.884,8, 0.00455302,,0.00172865,0.00336783,0.00455302,
Non-smooth: Wendland CSRBF+Runge,linear interp; GPU Sparse Matrix   ,184,10.95,5.57896e+06,179.245,8, 0.00497605,,0.00105175,0.00346239,0.00497605,
Non-smooth: Wendland CSRBF+Runge,linear interp; GPU Sparse Matrix   ,188,11.944,5.8772e+06,170.149,8, 0.00512888,,0.00109418,0.00392326,0.00512888,
Non-smooth: Wendland CSRBF+Runge,linear interp; GPU Sparse Matrix   ,192,12.582,6.23933e+06,160.274,8, 0.00429716,,0.00212284,0.0037284,0.00429716,
Non-smooth: Wendland CSRBF+Runge,linear interp; GPU Sparse Matrix   ,196,11.743,6.73396e+06,148.501,8, 0.00470303,,0.00155021,0.0030215,0.00470303,
Non-smooth: Wendland CSRBF+Runge,linear interp; GPU Sparse Matrix   ,200,13.864,6.86508e+06,145.665,8, 0.00458619,,0.00242113,0.00356998,0.00458619,
Non-smooth: Wendland CSRBF+Runge,linear interp; GPU Sparse Matrix   ,204,16.075,7.54238e+06,132.584,8, 0.00458773,,0.00245416,0.00358968,0.00458773,
Non-smooth: Wendland CSRBF+Runge,linear interp; GPU Sparse Matrix   ,208,14.883,7.87007e+06,127.064,8, 0.00501943,,0.00199641,0.00293882,0.00501943,
Non-smooth: Wendland CSRBF+Runge,linear interp; GPU Sparse Matrix   ,212,16.322,8.39575e+06,119.108,8, 0.00466513,,0.00127899,0.00303185,0.00466513,
Non-smooth: Wendland CSRBF+Runge,linear interp; GPU Sparse Matrix   ,216,17.686,8.82076e+06,113.369,8, 0.00481731,,0.00133576,0.00361431,0.00481731,
Non-smooth: Wendland CSRBF+Runge,linear interp; GPU Sparse Matrix   ,220,18.905,9.37338e+06,106.685,8, 0.00615344,,0.0011016,0.00368552,0.00615344,
Non-smooth: Wendland CSRBF+Runge,linear interp; GPU Sparse Matrix   ,224,19.262,9.808e+06,101.958,8, 0.0048029,,0.00172346,0.00400332,0.0048029,
Non-smooth: Wendland CSRBF+Runge,linear interp; GPU Sparse Matrix   ,228,20.816,1.03435e+07,96.6795,8, 0.00481143,,0.00118883,0.00414858,0.00481143,
Non-smooth: Wendland CSRBF+Runge,linear interp; GPU Sparse Matrix   ,232,21.572,1.07327e+07,93.1731,8, 0.00512931,,0.0019043,0.00346879,0.00512931,
Non-smooth: Wendland CSRBF+Runge,linear interp; GPU Sparse Matrix   ,236,23.458,1.12322e+07,89.0298,8, 0.00594082,,0.00189345,0.00311418,0.00594082,
Non-smooth: Wendland CSRBF+Runge,linear interp; GPU Sparse Matrix   ,240,25.089,1.19284e+07,83.8336,8, 0.00482806,,0.00154117,0.00310456,0.00482806,
Non-smooth: Wendland CSRBF+Runge,linear interp; GPU Sparse Matrix   ,244,26.508,1.2601e+07,79.3587,8, 0.00532604,,0.000994526,0.00274827,0.00532604,
Non-smooth: Wendland CSRBF+Runge,linear interp; GPU Sparse Matrix   ,248,27.915,1.32084e+07,75.7093,8, 0.00486781,,0.000911434,0.00283269,0.00486781,
Non-smooth: Wendland CSRBF+Runge,linear interp; GPU Sparse Matrix   ,252,29.267,1.6724e+07,59.7944,8, 0.00449114,,0.00145864,0.00294392,0.00449114,
Non-smooth: Wendland CSRBF+Runge,linear interp; GPU Sparse Matrix   ,256,27.433,1.4445e+07,69.2279,8, 0.0048225,,0.00145136,0.00278638,0.0048225,
Non-smooth: Wendland CSRBF+Runge,linear interp; GPU Sparse Matrix   ,260,32.621,1.54864e+07,64.573,8, 0.00491696,,0.00127089,0.00291724,0.00491696,
Non-smooth: Wendland CSRBF+Runge,linear interp; GPU Sparse Matrix   ,264,36.29,1.68911e+07,59.2028,8, 0.00500631,,0.00150881,0.00323209,0.00500631,
Non-smooth: Wendland CSRBF+Runge,linear interp; GPU Sparse Matrix   ,268,37.002,1.77686e+07,56.279,8, 0.00483277,,0.00152206,0.00329166,0.00483277,
Non-smooth: Wendland CSRBF+Runge,linear interp; GPU Sparse Matrix   ,272,37.609,1.90857e+07,52.3953,8, 0.00466441,,0.00126138,0.00304878,0.00466441,
Non-smooth: Wendland CSRBF+Runge,linear interp; GPU Sparse Matrix   ,276,39.312,2.00935e+07,49.7673,8, 0.0051968,,0.000806692,0.00392174,0.0051968,
Non-smooth: Wendland CSRBF+Runge,linear interp; GPU Sparse Matrix   ,280,40.288,2.06499e+07,48.4263,8, 0.00456727,,0.00125101,0.00340235,0.00456727,
Non-smooth: Wendland CSRBF+Runge,linear interp; GPU Sparse Matrix   ,284,43.047,2.13226e+07,46.8985,8, 0.00493284,,0.000929058,0.00336734,0.00493284,
Non-smooth: Wendland CSRBF+Runge,linear interp; GPU Sparse Matrix   ,288,44.596,2.26412e+07,44.1672,8, 0.00687842,,0.00173908,0.0031069,0.00687842,
Non-smooth: Wendland CSRBF+Runge,linear interp; GPU Sparse Matrix   ,292,44.098,2.34094e+07,42.7179,8, 0.00802982,,0.000963435,0.00273327,0.00802982,
Non-smooth: Wendland CSRBF+Runge,linear interp; GPU Sparse Matrix   ,296,41.263,2.46013e+07,40.6483,8, 0.0045636,,0.00127037,0.00252932,0.0045636,
Non-smooth: Wendland CSRBF+Runge,linear interp; GPU Sparse Matrix   ,300,42.577,2.5687e+07,38.9302,8, 0.00472208,,0.00157228,0.00320309,0.00472208,
Non-smooth: Wendland CSRBF+Runge,linear interp; GPU Sparse Matrix   ,304,43.54,2.67334e+07,37.4064,8, 0.00486441,,0.00145874,0.0036956,0.00486441,
Non-smooth: Wendland CSRBF+Runge,linear interp; GPU Sparse Matrix   ,308,45.009,2.78013e+07,35.9696,8, 0.00537823,,0.00107058,0.00342417,0.00537823,
Non-smooth: Wendland CSRBF+Runge,linear interp; GPU Sparse Matrix   ,312,46.975,2.94482e+07,33.9579,8, 0.00507703,,0.000849775,0.00249899,0.00507703,
Non-smooth: Wendland CSRBF+Runge,linear interp; GPU Sparse Matrix   ,316,47.682,3.05051e+07,32.7814,8, 0.00475785,,0.00097155,0.00340441,0.00475785,
Non-smooth: Wendland CSRBF+Runge,linear interp; GPU Sparse Matrix   ,320,50.941,3.09468e+07,32.3135,8, 0.00449187,,0.00146189,0.0028458,0.00449187,
Non-smooth: Wendland CSRBF+Runge,linear interp; GPU Sparse Matrix   ,324,50.867,3.32204e+07,30.102,8, 0.00490118,,0.00106544,0.00306392,0.00490118,
Non-smooth: Wendland CSRBF+Runge,linear interp; GPU Sparse Matrix   ,328,52.388,3.41866e+07,29.2512,8, 0.00497704,,0.0011666,0.00276216,0.00497704,
Non-smooth: Wendland CSRBF+Runge,linear interp; GPU Sparse Matrix   ,332,53.274,3.62251e+07,27.6052,8, 0.00511158,,0.00148192,0.00300805,0.00511158,
Non-smooth: Wendland CSRBF+Runge,linear interp; GPU Sparse Matrix   ,336,54.855,3.70213e+07,27.0115,8, 0.00452348,,0.000873734,0.00264539,0.00452348,
Non-smooth: Wendland CSRBF+Runge,linear interp; GPU Sparse Matrix   ,340,56.234,3.81052e+07,26.2432,8, 0.00500276,,0.000760602,0.00304763,0.00500276,
Non-smooth: Wendland CSRBF+Runge,linear interp; GPU Sparse Matrix   ,344,56.765,4.30597e+07,23.2236,8, 0.00481401,,0.00129861,0.00321841,0.00481401,
Non-smooth: Wendland CSRBF+Runge,linear interp; GPU Sparse Matrix   ,348,57.707,4.06973e+07,24.5717,8, 0.00515259,,0.000927369,0.00315495,0.00515259,
Non-smooth: Wendland CSRBF+Runge,linear interp; GPU Sparse Matrix   ,352,57.855,4.2663e+07,23.4395,8, 0.00556028,,0.00096523,0.00320563,0.00556028,
Non-smooth: Wendland CSRBF+Runge,linear interp; GPU Sparse Matrix   ,356,61.435,4.44514e+07,22.4965,8, 0.00469908,,0.00104164,0.00301497,0.00469908,
Non-smooth: Wendland CSRBF+Runge,linear interp; GPU Sparse Matrix   ,360,62.85,4.60141e+07,21.7325,8, 0.00488686,,0.00091962,0.00271014,0.00488686,
Non-smooth: Wendland CSRBF+Runge,linear interp; GPU Sparse Matrix   ,364,66.823,4.79565e+07,20.8522,8, 0.0048473,,0.00091886,0.00297264,0.0048473,
Non-smooth: Wendland CSRBF+Runge,linear interp; GPU Sparse Matrix   ,368,68.044,4.91749e+07,20.3356,8, 0.00482534,,0.000852458,0.00345445,0.00482534,
Non-smooth: Wendland CSRBF+Runge,linear interp; GPU Sparse Matrix   ,372,71.306,5.13994e+07,19.4555,8, 0.00489935,,0.000763704,0.00353274,0.00489935,
Non-smooth: Wendland CSRBF+Runge,linear interp; GPU Sparse Matrix   ,376,72.505,5.32401e+07,18.7828,8, 0.00689901,,0.00075042,0.00329541,0.00689901,
Non-smooth: Wendland CSRBF+Runge,linear interp; GPU Sparse Matrix   ,380,75.418,5.50385e+07,18.1691,8, 0.00468386,,0.00126298,0.00309189,0.00468386,
Non-smooth: Wendland CSRBF+Runge,linear interp; GPU Sparse Matrix   ,384,77.048,5.60444e+07,17.843,8, 0.00490616,,0.0015828,0.00324156,0.00490616,
Non-smooth: Wendland CSRBF+Runge,linear interp; GPU Sparse Matrix   ,388,81.066,5.95645e+07,16.7885,8, 0.00475881,,0.00114408,0.00307477,0.00475881,
Non-smooth: Wendland CSRBF+Runge,linear interp; GPU Sparse Matrix   ,392,97.467,6.14303e+07,16.2786,8, 0.00495191,,0.00115439,0.00309601,0.00495191,
Non-smooth: Wendland CSRBF+Runge,linear interp; GPU Sparse Matrix   ,396,86.48,6.36151e+07,15.7195,8, 0.00463679,,0.000980887,0.003473,0.00463679,
Non-smooth: Wendland CSRBF+Runge,linear interp; GPU Sparse Matrix   ,400,88.702,6.48729e+07,15.4148,8, 0.00589608,,0.00125799,0.00311095,0.00589608,
Non-smooth: Wendland CSRBF+Runge,linear interp; GPU Sparse Matrix   ,404,169.163,6.53143e+07,15.3106,8, 0.00477905,,0.000929823,0.00303216,0.00477905,
Non-smooth: Wendland CSRBF+Runge,linear interp; GPU Sparse Matrix   ,408,128.113,7.17792e+07,13.9316,8, 0.00466757,,0.00111671,0.00287981,0.00466757,
Non-smooth: Wendland CSRBF+Runge,linear interp; GPU Sparse Matrix   ,412,97.354,6.99874e+07,14.2883,8, 0.00469327,,0.00114953,0.00281567,0.00469327,
Non-smooth: Wendland CSRBF+Runge,linear interp; GPU Sparse Matrix   ,416,99.957,7.37404e+07,13.5611,8, 0.00478858,,0.000963831,0.00301868,0.00478858,
Non-smooth: Wendland CSRBF+Runge,linear interp; GPU Sparse Matrix   ,420,102.374,7.63101e+07,13.1044,8, 0.00492264,,0.000763629,0.00292893,0.00492264,
Non-smooth: Wendland CSRBF+Runge,linear interp; GPU Sparse Matrix   ,424,105.134,8.12913e+07,12.3014,8, 0.00488593,,0.00125582,0.00316293,0.00488593,
Non-smooth: Wendland CSRBF+Runge,linear interp; GPU Sparse Matrix   ,428,108.594,8.27605e+07,12.0831,8, 0.00492655,,0.0013667,0.0028902,0.00492655,
Non-smooth: Wendland CSRBF+Runge,linear interp; GPU Sparse Matrix   ,432,111.288,8.77324e+07,11.3983,8, 0.00479263,,0.000969332,0.00312808,0.00479263,
Non-smooth: Wendland CSRBF+Runge,linear interp; GPU Sparse Matrix   ,436,113.62,8.93195e+07,11.1958,8, 0.00485242,,0.00103708,0.00294987,0.00485242,
Non-smooth: Wendland CSRBF+Runge,linear interp; GPU Sparse Matrix   ,440,117.001,9.25525e+07,10.8047,8, 0.00501153,,0.000835735,0.00308606,0.00501153,
Non-smooth: Wendland CSRBF+Runge,linear interp; GPU Sparse Matrix   ,444,124.141,9.91045e+07,10.0904,8, 0.0047964,,0.00100638,0.0030216,0.0047964,
Non-smooth: Wendland CSRBF+Runge,linear interp; GPU Sparse Matrix   ,448,127.147,1.02737e+08,9.73361,8, 0.00484029,,0.00126181,0.00308722,0.00484029,
Non-smooth: Wendland CSRBF+Runge,linear interp; GPU Sparse Matrix   ,452,132.737,1.03023e+08,9.7066,8, 0.00555391,,0.00128646,0.00293816,0.00555391,
Non-smooth: Wendland CSRBF+Runge,linear interp; GPU Sparse Matrix   ,456,141.596,1.0606e+08,9.42859,8, 0.00513433,,0.00135068,0.00307233,0.00513433,
Non-smooth: Wendland CSRBF+Runge,linear interp; GPU Sparse Matrix   ,460,141.987,1.1456e+08,8.72902,8, 0.00483062,,0.00123276,0.0029943,0.00483062,
Non-smooth: Wendland CSRBF+Runge,linear interp; GPU Sparse Matrix   ,464,143.887,1.20691e+08,8.28562,8, 0.00500914,,0.00108448,0.00320439,0.00500914,
Non-smooth: Wendland CSRBF+Runge,linear interp; GPU Sparse Matrix   ,468,149.716,1.26513e+08,7.90433,8, 0.00512521,,0.000703541,0.00291508,0.00512521,
Non-smooth: Wendland CSRBF+Runge,linear interp; GPU Sparse Matrix   ,472,158.543,1.31764e+08,7.5893,8, 0.00499094,,0.000862535,0.00317473,0.00499094,
Non-smooth: Wendland CSRBF+Runge,linear interp; GPU Sparse Matrix   ,476,159.01,1.32376e+08,7.55426,8, 0.00543058,,0.00126502,0.00278198,0.00543058,
Non-smooth: Wendland CSRBF+Runge,linear interp; GPU Sparse Matrix   ,480,161.048,1.36504e+08,7.32578,8, 0.0048004,,0.00112154,0.00324343,0.0048004,
Non-smooth: Wendland CSRBF+Runge,linear interp; GPU Sparse Matrix   ,484,170.908,1.46219e+08,6.83906,8, 0.00502133,,0.00109528,0.00320722,0.00502133,
Non-smooth: Wendland CSRBF+Runge,linear interp; GPU Sparse Matrix   ,488,173.675,1.46963e+08,6.80444,8, 0.00482011,,0.00133569,0.00290674,0.00482011,
Non-smooth: Wendland CSRBF+Runge,linear interp; GPU Sparse Matrix   ,492,181.661,1.5402e+08,6.49268,8, 0.00488074,,0.00105479,0.00305874,0.00488074,
Non-smooth: Wendland CSRBF+Runge,linear interp; GPU Sparse Matrix   ,496,185.989,1.5534e+08,6.43748,8, 0.00506303,,0.000910544,0.003521,0.00506303,
Non-smooth: Wendland CSRBF+Runge,linear interp; GPU Sparse Matrix   ,500,193.365,1.68782e+08,5.9248,8, 0.005028,,0.000931038,0.00302416,0.005028,
Non-smooth: Wendland CSRBF+Runge,linear interp; GPU Sparse Matrix   ,504,199.833,1.92464e+08,5.19579,8, 0.00488846,,0.000744303,0.00312023,0.00488846,
Non-smooth: Wendland CSRBF+Runge,linear interp; GPU Sparse Matrix   ,508,202.494,1.84387e+08,5.42338,8, 0.00477362,,0.00108244,0.00271427,0.00477362,
Non-smooth: Wendland CSRBF+Runge,linear interp; GPU Sparse Matrix   ,512,207.828,1.73789e+08,5.7541,8, 0.00497841,,0.000879821,0.00281923,0.00497841,
Non-smooth: Wendland CSRBF+Runge,linear interp; GPU Sparse Matrix   ,516,219.017,1.92132e+08,5.20476,8, 0.00494402,,0.00114685,0.00394488,0.00494402,
