calculator chosen: 8
func chosen: 2
cache dir chosen: /scratch/ob749/GA/cache/
FunctionName, Calculator,N,Init time (s), Calc.time(s), Calc.Freq(hz), Bytes, MaxError, FirstBlank, Err1, Err2, Err3, Blank
Non-smooth: Wendland CSRBF+Runge,bicubic interp; GPU Sparse Matrix  ,8,0.19,484138,2065.53,8, 0.0612214,,0.0245415,0.0612214,0.0514192,
Non-smooth: Wendland CSRBF+Runge,bicubic interp; GPU Sparse Matrix  ,12,0.062,240281,4161.79,8, 0.0393003,,0.0157934,0.0393003,0.0357274,
Non-smooth: Wendland CSRBF+Runge,bicubic interp; GPU Sparse Matrix  ,16,0.075,314658,3178.05,8, 0.0199803,,0.0152994,0.0152317,0.0199803,
Non-smooth: Wendland CSRBF+Runge,bicubic interp; GPU Sparse Matrix  ,20,0.163,462550,2161.93,8, 0.00970602,,0.00787178,0.00799842,0.00970602,
Non-smooth: Wendland CSRBF+Runge,bicubic interp; GPU Sparse Matrix  ,24,0.225,649323,1540.07,8, 0.00794558,,0.00794558,0.00441169,0.0042759,
Non-smooth: Wendland CSRBF+Runge,bicubic interp; GPU Sparse Matrix  ,28,0.325,773803,1292.32,8, 0.00678508,,0.00678508,0.00339517,0.0051573,
Non-smooth: Wendland CSRBF+Runge,bicubic interp; GPU Sparse Matrix  ,32,0.424,1.13148e+06,883.8,8, 0.00502362,,0.00413836,0.00284292,0.00502362,
Non-smooth: Wendland CSRBF+Runge,bicubic interp; GPU Sparse Matrix  ,36,0.619,1.1331e+06,882.539,8, 0.00325112,,0.00289506,0.00246843,0.00325112,
Non-smooth: Wendland CSRBF+Runge,bicubic interp; GPU Sparse Matrix  ,40,1.104,1.37142e+06,729.171,8, 0.00392533,,0.00170763,0.00180806,0.00392533,
Non-smooth: Wendland CSRBF+Runge,bicubic interp; GPU Sparse Matrix  ,44,1.189,1.78354e+06,560.683,8, 0.00444584,,0.00159087,0.00203603,0.00444584,
Non-smooth: Wendland CSRBF+Runge,bicubic interp; GPU Sparse Matrix  ,48,1.366,1.85443e+06,539.249,8, 0.00353262,,0.00181294,0.00294293,0.00353262,
Non-smooth: Wendland CSRBF+Runge,bicubic interp; GPU Sparse Matrix  ,52,1.863,2.04586e+06,488.791,8, 0.00386977,,0.00144706,0.00234206,0.00386977,
Non-smooth: Wendland CSRBF+Runge,bicubic interp; GPU Sparse Matrix  ,56,2.174,2.37579e+06,420.912,8, 0.00374502,,0.00134706,0.0036573,0.00374502,
Non-smooth: Wendland CSRBF+Runge,bicubic interp; GPU Sparse Matrix  ,60,2.602,2.85308e+06,350.498,8, 0.00328838,,0.00137623,0.00191389,0.00328838,
Non-smooth: Wendland CSRBF+Runge,bicubic interp; GPU Sparse Matrix  ,64,2.971,3.21336e+06,311.201,8, 0.00447327,,0.00129633,0.00222613,0.00447327,
Non-smooth: Wendland CSRBF+Runge,bicubic interp; GPU Sparse Matrix  ,68,3.498,3.60158e+06,277.656,8, 0.00407705,,0.00110268,0.0022377,0.00407705,
Non-smooth: Wendland CSRBF+Runge,bicubic interp; GPU Sparse Matrix  ,72,4.878,4.48092e+06,223.168,8, 0.00410451,,0.000903695,0.00193374,0.00410451,
Non-smooth: Wendland CSRBF+Runge,bicubic interp; GPU Sparse Matrix  ,76,5.281,4.72675e+06,211.562,8, 0.00362092,,0.0009656,0.00262234,0.00362092,
Non-smooth: Wendland CSRBF+Runge,bicubic interp; GPU Sparse Matrix  ,80,6.512,5.37396e+06,186.082,8, 0.00446671,,0.00105551,0.00227091,0.00446671,
Non-smooth: Wendland CSRBF+Runge,bicubic interp; GPU Sparse Matrix  ,84,7.26,5.74587e+06,174.038,8, 0.0041925,,0.00105136,0.00297216,0.0041925,
Non-smooth: Wendland CSRBF+Runge,bicubic interp; GPU Sparse Matrix  ,88,8.399,6.48803e+06,154.13,8, 0.00368615,,0.000980834,0.00231763,0.00368615,
Non-smooth: Wendland CSRBF+Runge,bicubic interp; GPU Sparse Matrix  ,92,9.45,1.22394e+07,81.7032,8, 0.00405555,,0.00088207,0.00229437,0.00405555,
Non-smooth: Wendland CSRBF+Runge,bicubic interp; GPU Sparse Matrix  ,96,10.742,8.0865e+06,123.663,8, 0.00439283,,0.000821888,0.00215468,0.00439283,
Non-smooth: Wendland CSRBF+Runge,bicubic interp; GPU Sparse Matrix  ,100,10.891,9.11645e+06,109.692,8, 0.00441485,,0.000835199,0.00257374,0.00441485,
Non-smooth: Wendland CSRBF+Runge,bicubic interp; GPU Sparse Matrix  ,104,14.044,9.96828e+06,100.318,8, 0.00453839,,0.000763751,0.00271352,0.00453839,
Non-smooth: Wendland CSRBF+Runge,bicubic interp; GPU Sparse Matrix  ,108,15.526,1.10739e+07,90.3025,8, 0.00449293,,0.000740176,0.00221529,0.00449293,
Non-smooth: Wendland CSRBF+Runge,bicubic interp; GPU Sparse Matrix  ,112,17.468,1.18754e+07,84.2075,8, 0.00387855,,0.00117301,0.00232855,0.00387855,
Non-smooth: Wendland CSRBF+Runge,bicubic interp; GPU Sparse Matrix  ,116,18.456,1.29553e+07,77.1885,8, 0.00446566,,0.000742673,0.00251489,0.00446566,
Non-smooth: Wendland CSRBF+Runge,bicubic interp; GPU Sparse Matrix  ,120,22.11,1.44442e+07,69.2319,8, 0.004511,,0.000733161,0.00250622,0.004511,
Non-smooth: Wendland CSRBF+Runge,bicubic interp; GPU Sparse Matrix  ,124,22.109,1.53017e+07,65.3523,8, 0.00467398,,0.00103987,0.00292911,0.00467398,
Non-smooth: Wendland CSRBF+Runge,bicubic interp; GPU Sparse Matrix  ,128,27.227,1.85496e+07,53.9094,8, 0.00419068,,0.000778211,0.00237741,0.00419068,
Non-smooth: Wendland CSRBF+Runge,bicubic interp; GPU Sparse Matrix  ,132,27.986,1.89301e+07,52.826,8, 0.00432922,,0.00126655,0.00293721,0.00432922,
Non-smooth: Wendland CSRBF+Runge,bicubic interp; GPU Sparse Matrix  ,136,30.262,2.06599e+07,48.4028,8, 0.00474118,,0.000645089,0.00269381,0.00474118,
Non-smooth: Wendland CSRBF+Runge,bicubic interp; GPU Sparse Matrix  ,140,33.048,2.2747e+07,43.9619,8, 0.00470331,,0.000829775,0.00271089,0.00470331,
Non-smooth: Wendland CSRBF+Runge,bicubic interp; GPU Sparse Matrix  ,144,36.038,2.47168e+07,40.4584,8, 0.0047078,,0.000669362,0.00260755,0.0047078,
Non-smooth: Wendland CSRBF+Runge,bicubic interp; GPU Sparse Matrix  ,148,39.273,2.6756e+07,37.3748,8, 0.00479487,,0.00111082,0.00265042,0.00479487,
Non-smooth: Wendland CSRBF+Runge,bicubic interp; GPU Sparse Matrix  ,152,43.426,3.11252e+07,32.1283,8, 0.00459882,,0.000712867,0.00293198,0.00459882,
Non-smooth: Wendland CSRBF+Runge,bicubic interp; GPU Sparse Matrix  ,156,44.865,3.31255e+07,30.1882,8, 0.00449876,,0.000944832,0.00271885,0.00449876,
Non-smooth: Wendland CSRBF+Runge,bicubic interp; GPU Sparse Matrix  ,160,50.124,3.36689e+07,29.701,8, 0.00463492,,0.000791505,0.0027885,0.00463492,
Non-smooth: Wendland CSRBF+Runge,bicubic interp; GPU Sparse Matrix  ,164,53.302,3.83299e+07,26.0893,8, 0.00452274,,0.000798761,0.0028144,0.00452274,
Non-smooth: Wendland CSRBF+Runge,bicubic interp; GPU Sparse Matrix  ,168,58.594,4.0943e+07,24.4242,8, 0.00455015,,0.00093719,0.00288412,0.00455015,
Non-smooth: Wendland CSRBF+Runge,bicubic interp; GPU Sparse Matrix  ,172,61.756,4.37502e+07,22.857,8, 0.00472599,,0.00102576,0.0028762,0.00472599,
Non-smooth: Wendland CSRBF+Runge,bicubic interp; GPU Sparse Matrix  ,176,69.603,4.70401e+07,21.2585,8, 0.00450533,,0.00131579,0.00241791,0.00450533,
Non-smooth: Wendland CSRBF+Runge,bicubic interp; GPU Sparse Matrix  ,180,74.926,5.01649e+07,19.9343,8, 0.00458614,,0.00106493,0.00250869,0.00458614,
Non-smooth: Wendland CSRBF+Runge,bicubic interp; GPU Sparse Matrix  ,184,80.897,5.37608e+07,18.6009,8, 0.00458798,,0.00074128,0.0028556,0.00458798,
Non-smooth: Wendland CSRBF+Runge,bicubic interp; GPU Sparse Matrix  ,188,84.6,5.65146e+07,17.6945,8, 0.00477034,,0.000703317,0.00301596,0.00477034,
Non-smooth: Wendland CSRBF+Runge,bicubic interp; GPU Sparse Matrix  ,192,94.952,5.98266e+07,16.715,8, 0.00415733,,0.00111152,0.00257819,0.00415733,
Non-smooth: Wendland CSRBF+Runge,bicubic interp; GPU Sparse Matrix  ,196,100.885,6.35809e+07,15.728,8, 0.00442403,,0.000756823,0.00239719,0.00442403,
Non-smooth: Wendland CSRBF+Runge,bicubic interp; GPU Sparse Matrix  ,200,112.495,6.77849e+07,14.7525,8, 0.00455207,,0.000907969,0.00276987,0.00455207,
Non-smooth: Wendland CSRBF+Runge,bicubic interp; GPU Sparse Matrix  ,204,117.529,7.1331e+07,14.0191,8, 0.00465835,,0.0012473,0.00272114,0.00465835,
Non-smooth: Wendland CSRBF+Runge,bicubic interp; GPU Sparse Matrix  ,208,125.95,7.65013e+07,13.0717,8, 0.00476603,,0.00129982,0.00285966,0.00476603,
Non-smooth: Wendland CSRBF+Runge,bicubic interp; GPU Sparse Matrix  ,212,131.552,7.73888e+07,12.9218,8, 0.00451889,,0.00101105,0.00258712,0.00451889,
Non-smooth: Wendland CSRBF+Runge,bicubic interp; GPU Sparse Matrix  ,216,141.004,8.25021e+07,12.1209,8, 0.00517519,,0.00125288,0.003496,0.00517519,
Non-smooth: Wendland CSRBF+Runge,bicubic interp; GPU Sparse Matrix  ,220,145.796,8.82529e+07,11.3311,8, 0.0058661,,0.00101297,0.00296794,0.0058661,
Non-smooth: Wendland CSRBF+Runge,bicubic interp; GPU Sparse Matrix  ,224,153.094,9.21658e+07,10.85,8, 0.00462955,,0.000818054,0.0024681,0.00462955,
Non-smooth: Wendland CSRBF+Runge,bicubic interp; GPU Sparse Matrix  ,228,183.796,9.84306e+07,10.1594,8, 0.00466885,,0.000907458,0.00295693,0.00466885,
Non-smooth: Wendland CSRBF+Runge,bicubic interp; GPU Sparse Matrix  ,232,177.464,1.03612e+08,9.65136,8, 0.00568138,,0.00116713,0.00267061,0.00568138,
Non-smooth: Wendland CSRBF+Runge,bicubic interp; GPU Sparse Matrix  ,236,183.57,1.08948e+08,9.17871,8, 0.0064388,,0.00127513,0.00306171,0.0064388,
Non-smooth: Wendland CSRBF+Runge,bicubic interp; GPU Sparse Matrix  ,240,212.921,1.14431e+08,8.73886,8, 0.00481839,,0.00135302,0.0028051,0.00481839,
Non-smooth: Wendland CSRBF+Runge,bicubic interp; GPU Sparse Matrix  ,244,230.972,1.20786e+08,8.27911,8, 0.00523408,,0.0010825,0.00287587,0.00523408,
Non-smooth: Wendland CSRBF+Runge,bicubic interp; GPU Sparse Matrix  ,248,235.923,2.79983e+08,3.57164,8, 0.0049777,,0.00102891,0.00305421,0.0049777,
Non-smooth: Wendland CSRBF+Runge,bicubic interp; GPU Sparse Matrix  ,252,340.082,1.39546e+08,7.16611,8, 0.00536713,,0.00118742,0.00298099,0.00536713,
Non-smooth: Wendland CSRBF+Runge,bicubic interp; GPU Sparse Matrix  ,256,273.936,1.42847e+08,7.00049,8, 0.00519564,,0.000991192,0.0033613,0.00519564,
Non-smooth: Wendland CSRBF+Runge,bicubic interp; GPU Sparse Matrix  ,260,265.738,1.4894e+08,6.71409,8, 0.0049756,,0.00154783,0.00303736,0.0049756,
Non-smooth: Wendland CSRBF+Runge,bicubic interp; GPU Sparse Matrix  ,264,333.428,1.61466e+08,6.19327,8, 0.00627954,,0.00155142,0.00314192,0.00627954,
Non-smooth: Wendland CSRBF+Runge,bicubic interp; GPU Sparse Matrix  ,268,356.95,3.38373e+08,2.95532,8, 0.00468157,,0.00128481,0.0035854,0.00468157,
Non-smooth: Wendland CSRBF+Runge,bicubic interp; GPU Sparse Matrix  ,272,323.57,2.72653e+08,3.66766,8, 0.00503318,,0.00172265,0.00279843,0.00503318,
Non-smooth: Wendland CSRBF+Runge,bicubic interp; GPU Sparse Matrix  ,276,310.985,1.76795e+08,5.65626,8, 0.00708353,,0.00128205,0.0041905,0.00708353,
Non-smooth: Wendland CSRBF+Runge,bicubic interp; GPU Sparse Matrix  ,280,430.463,1.91689e+08,5.21678,8, 0.00593338,,0.00156934,0.00342501,0.00593338,
Non-smooth: Wendland CSRBF+Runge,bicubic interp; GPU Sparse Matrix  ,284,417.027,2.03366e+08,4.91724,8, 0.00862076,,0.00129095,0.00384397,0.00862076,
Non-smooth: Wendland CSRBF+Runge,bicubic interp; GPU Sparse Matrix  ,288,417.119,4.09548e+08,2.44171,8, 0.00685114,,0.00276957,0.00476271,0.00685114,
Non-smooth: Wendland CSRBF+Runge,bicubic interp; GPU Sparse Matrix  ,292,643.251,2.09215e+08,4.77976,8, 0.00798037,,0.00238404,0.00421282,0.00798037,
Non-smooth: Wendland CSRBF+Runge,bicubic interp; GPU Sparse Matrix  ,296,513.896,2.43393e+08,4.10858,8, 0.00621998,,0.00183195,0.00481024,0.00621998,
Non-smooth: Wendland CSRBF+Runge,bicubic interp; GPU Sparse Matrix  ,300,640.084,2.39145e+08,4.18157,8, 0.00661439,,0.00199089,0.00566729,0.00661439,
