calculator chosen: 6
func chosen: 2
cache dir chosen: /scratch/ob749/GA/cache/
FunctionName, Calculator,N,Init time (s), Calc.time(s), Calc.Freq(hz), Bytes, MaxError, FirstBlank, Err1, Err2, Err3, Blank
Non-smooth: Wendland CSRBF+Runge,chebyshev interp; CPU Dense Matrix ,8,0.029,43241,23126.2,8, 0.283302,,0.283302,0.208128,0.264473,
Non-smooth: Wendland CSRBF+Runge,chebyshev interp; CPU Dense Matrix ,12,0.044,185039,5404.27,8, 0.234849,,0.234849,0.138459,0.134431,
Non-smooth: Wendland CSRBF+Runge,chebyshev interp; CPU Dense Matrix ,16,0.084,1.41728e+06,705.578,8, 0.201089,,0.201089,0.110255,0.122374,
Non-smooth: Wendland CSRBF+Runge,chebyshev interp; CPU Dense Matrix ,20,0.063,1.68136e+06,594.756,8, 0.173255,,0.173255,0.11321,0.115155,
Non-smooth: Wendland CSRBF+Runge,chebyshev interp; CPU Dense Matrix ,24,0.068,4.77154e+06,209.576,8, 0.137799,,0.137799,0.0915536,0.10398,
Non-smooth: Wendland CSRBF+Runge,chebyshev interp; CPU Dense Matrix ,28,0.106,9.98319e+06,100.168,8, 0.109419,,0.109419,0.0865057,0.0767456,
Non-smooth: Wendland CSRBF+Runge,chebyshev interp; CPU Dense Matrix ,32,0.135,1.85101e+07,54.0247,8, 0.0808645,,0.0794904,0.0802923,0.0808645,
Non-smooth: Wendland CSRBF+Runge,chebyshev interp; CPU Dense Matrix ,36,0.243,2.72388e+07,36.7124,8, 0.0903897,,0.0903897,0.0773037,0.0860478,
Non-smooth: Wendland CSRBF+Runge,chebyshev interp; CPU Dense Matrix ,40,0.32,5.04572e+07,19.8188,8, 0.120706,,0.120706,0.0734666,0.0852875,
Non-smooth: Wendland CSRBF+Runge,chebyshev interp; CPU Dense Matrix ,44,0.347,5.17345e+07,19.3295,8, 0.132452,,0.132452,0.068806,0.0645764,
Non-smooth: Wendland CSRBF+Runge,chebyshev interp; CPU Dense Matrix ,48,0.57,9.58802e+07,10.4297,8, 0.129382,,0.129382,0.0625871,0.0629897,
Non-smooth: Wendland CSRBF+Runge,chebyshev interp; CPU Dense Matrix ,52,0.572,8.12498e+07,12.3077,8, 0.115466,,0.115466,0.0562158,0.0711418,
Non-smooth: Wendland CSRBF+Runge,chebyshev interp; CPU Dense Matrix ,56,1.574,1.68225e+08,5.94441,8, 0.0990248,,0.0990248,0.0432027,0.0723815,
Non-smooth: Wendland CSRBF+Runge,chebyshev interp; CPU Dense Matrix ,60,0.966,1.52482e+08,6.55816,8, 0.0799547,,0.0799547,0.0407776,0.0684854,
Non-smooth: Wendland CSRBF+Runge,chebyshev interp; CPU Dense Matrix ,64,1.134,2.9366e+08,3.4053,8, 0.0608049,,0.0608049,0.0428371,0.0489858,
Non-smooth: Wendland CSRBF+Runge,chebyshev interp; CPU Dense Matrix ,68,1.495,2.60484e+08,3.83901,8, 0.0705457,,0.0705457,0.0414715,0.059563,
Non-smooth: Wendland CSRBF+Runge,chebyshev interp; CPU Dense Matrix ,72,1.78,4.77548e+08,2.09403,8, 0.0897755,,0.0897755,0.045505,0.0654542,
Non-smooth: Wendland CSRBF+Runge,chebyshev interp; CPU Dense Matrix ,76,2.15,4.50921e+08,2.21769,8, 0.0984164,,0.0984164,0.0451671,0.0649275,
Non-smooth: Wendland CSRBF+Runge,chebyshev interp; CPU Dense Matrix ,80,2.359,7.94299e+08,1.25897,8, 0.101781,,0.101781,0.046776,0.0433448,
Non-smooth: Wendland CSRBF+Runge,chebyshev interp; CPU Dense Matrix ,84,2.955,7.25676e+08,1.37803,8, 0.0975307,,0.0975307,0.0456648,0.0515076,
Non-smooth: Wendland CSRBF+Runge,chebyshev interp; CPU Dense Matrix ,88,3.762,1.12268e+09,0.890729,8, 0.0888949,,0.0888949,0.0467873,0.0601303,
Non-smooth: Wendland CSRBF+Runge,chebyshev interp; CPU Dense Matrix ,92,4.136,9.4693e+08,1.05604,8, 0.0787056,,0.0787056,0.0490909,0.0623378,
Non-smooth: Wendland CSRBF+Runge,chebyshev interp; CPU Dense Matrix ,96,4.967,1.58137e+09,0.632363,8, 0.0623166,,0.0623166,0.0507122,0.0581372,
Non-smooth: Wendland CSRBF+Runge,chebyshev interp; CPU Dense Matrix ,100,5.472,1.32419e+09,0.755178,8, 0.0572019,,0.0572019,0.0512163,0.0407325,
Non-smooth: Wendland CSRBF+Runge,chebyshev interp; CPU Dense Matrix ,104,7.011,2.20352e+09,0.453819,8, 0.0744188,,0.0744188,0.0484641,0.0515428,
Non-smooth: Wendland CSRBF+Runge,chebyshev interp; CPU Dense Matrix ,108,7.273,1.80561e+09,0.55383,8, 0.0823225,,0.0823225,0.0466362,0.0565663,
Non-smooth: Wendland CSRBF+Runge,chebyshev interp; CPU Dense Matrix ,112,8.053,2.92781e+09,0.341552,8, 0.0826168,,0.0826168,0.0473017,0.0581321,
Non-smooth: Wendland CSRBF+Runge,chebyshev interp; CPU Dense Matrix ,116,9.763,2.34284e+09,0.426833,8, 0.0808486,,0.0808486,0.0466078,0.0357917,
Non-smooth: Wendland CSRBF+Runge,chebyshev interp; CPU Dense Matrix ,120,10.642,3.80601e+09,0.262742,8, 0.0750044,,0.0750044,0.0462971,0.0449313,
Non-smooth: Wendland CSRBF+Runge,chebyshev interp; CPU Dense Matrix ,124,12.201,3.11916e+09,0.320599,8, 0.0682411,,0.0682411,0.0404079,0.0521415,
Finished a list. std::bad_alloc
