calculator chosen: 2
func chosen: 2
cache dir chosen: /scratch/ob749/GA/cache/
FunctionName, Calculator,N,Init time (s), Calc.time(s), Calc.Freq(hz), Bytes, MaxError, FirstBlank, Err1, Err2, Err3, Blank
Non-smooth: Wendland CSRBF+Runge,bicubic interp; trapezoid rule; CPU,8,0,1.13458e+06,881.381,8, 0.0612214,,0.0245415,0.0612214,0.0507327,
Non-smooth: Wendland CSRBF+Runge,bicubic interp; trapezoid rule; CPU,12,0,2.50856e+06,398.635,8, 0.0402353,,0.0157934,0.0402353,0.0354433,
Non-smooth: Wendland CSRBF+Runge,bicubic interp; trapezoid rule; CPU,16,0,4.06162e+06,246.207,8, 0.0202635,,0.0152994,0.0152318,0.0202635,
Non-smooth: Wendland CSRBF+Runge,bicubic interp; trapezoid rule; CPU,20,0,5.95464e+06,167.936,8, 0.00932007,,0.00787178,0.00790826,0.00932007,
Non-smooth: Wendland CSRBF+Runge,bicubic interp; trapezoid rule; CPU,24,0,7.94299e+06,125.897,8, 0.00794558,,0.00794558,0.00441166,0.00376538,
Non-smooth: Wendland CSRBF+Runge,bicubic interp; trapezoid rule; CPU,28,0,9.80212e+06,102.019,8, 0.00678508,,0.00678508,0.0028766,0.005802,
Non-smooth: Wendland CSRBF+Runge,bicubic interp; trapezoid rule; CPU,32,0,1.18519e+07,84.3748,8, 0.00561435,,0.00413836,0.00230633,0.00561435,
Non-smooth: Wendland CSRBF+Runge,bicubic interp; trapezoid rule; CPU,36,0,1.3684e+07,73.0782,8, 0.00473906,,0.00260959,0.00293252,0.00473906,
Non-smooth: Wendland CSRBF+Runge,bicubic interp; trapezoid rule; CPU,40,0,1.45511e+07,68.7235,8, 0.0046356,,0.0021906,0.00288694,0.0046356,
Non-smooth: Wendland CSRBF+Runge,bicubic interp; trapezoid rule; CPU,44,0,1.76156e+07,56.7678,8, 0.00380703,,0.00209531,0.00208461,0.00380703,
Non-smooth: Wendland CSRBF+Runge,bicubic interp; trapezoid rule; CPU,48,0,2.11636e+07,47.251,8, 0.00506428,,0.0019065,0.00207529,0.00506428,
Non-smooth: Wendland CSRBF+Runge,bicubic interp; trapezoid rule; CPU,52,0,2.53084e+07,39.5126,8, 0.00471698,,0.00183997,0.00208895,0.00471698,
Non-smooth: Wendland CSRBF+Runge,bicubic interp; trapezoid rule; CPU,56,0,2.95885e+07,33.7969,8, 0.00428857,,0.00197221,0.00288876,0.00428857,
Non-smooth: Wendland CSRBF+Runge,bicubic interp; trapezoid rule; CPU,60,0,3.46165e+07,28.888,8, 0.00440851,,0.00200022,0.00290291,0.00440851,
Non-smooth: Wendland CSRBF+Runge,bicubic interp; trapezoid rule; CPU,64,0,3.96397e+07,25.2272,8, 0.00474852,,0.00192469,0.00265156,0.00474852,
Non-smooth: Wendland CSRBF+Runge,bicubic interp; trapezoid rule; CPU,68,0,4.51356e+07,22.1554,8, 0.00465125,,0.00173109,0.002632,0.00465125,
Non-smooth: Wendland CSRBF+Runge,bicubic interp; trapezoid rule; CPU,72,0,5.10949e+07,19.5714,8, 0.00437017,,0.00152515,0.0026064,0.00437017,
Non-smooth: Wendland CSRBF+Runge,bicubic interp; trapezoid rule; CPU,76,0,5.73882e+07,17.4252,8, 0.00414601,,0.00149473,0.00257448,0.00414601,
Non-smooth: Wendland CSRBF+Runge,bicubic interp; trapezoid rule; CPU,80,0,6.4075e+07,15.6067,8, 0.00430706,,0.00159366,0.00334782,0.00430706,
Non-smooth: Wendland CSRBF+Runge,bicubic interp; trapezoid rule; CPU,84,0,6.84061e+07,14.6186,8, 0.0045809,,0.00159726,0.0024963,0.0045809,
Non-smooth: Wendland CSRBF+Runge,bicubic interp; trapezoid rule; CPU,88,0,6.43998e+07,15.528,8, 0.00442636,,0.00153358,0.00245353,0.00442636,
Non-smooth: Wendland CSRBF+Runge,bicubic interp; trapezoid rule; CPU,92,0,7.13802e+07,14.0095,8, 0.00425995,,0.00143662,0.0032247,0.00425995,
Non-smooth: Wendland CSRBF+Runge,bicubic interp; trapezoid rule; CPU,96,0,7.80705e+07,12.8089,8, 0.00410548,,0.00135926,0.00238301,0.00410548,
Non-smooth: Wendland CSRBF+Runge,bicubic interp; trapezoid rule; CPU,100,0,8.60398e+07,11.6225,8, 0.00456518,,0.00133357,0.00316088,0.00456518,
Non-smooth: Wendland CSRBF+Runge,bicubic interp; trapezoid rule; CPU,104,0,9.5221e+07,10.5019,8, 0.00441948,,0.00131425,0.00232889,0.00441948,
Non-smooth: Wendland CSRBF+Runge,bicubic interp; trapezoid rule; CPU,108,0,1.02438e+08,9.76197,8, 0.00435376,,0.00131945,0.00311384,0.00435376,
Non-smooth: Wendland CSRBF+Runge,bicubic interp; trapezoid rule; CPU,112,0,1.12619e+08,8.87953,8, 0.00428327,,0.00134841,0.00309705,0.00428327,
Non-smooth: Wendland CSRBF+Runge,bicubic interp; trapezoid rule; CPU,116,0,1.20829e+08,8.27615,8, 0.00429187,,0.00136114,0.0030799,0.00429187,
Non-smooth: Wendland CSRBF+Runge,bicubic interp; trapezoid rule; CPU,120,0,1.30528e+08,7.66122,8, 0.00448688,,0.0013551,0.00306466,0.00448688,
Non-smooth: Wendland CSRBF+Runge,bicubic interp; trapezoid rule; CPU,124,0,1.39133e+08,7.18734,8, 0.00432003,,0.00133341,0.00224962,0.00432003,
Non-smooth: Wendland CSRBF+Runge,bicubic interp; trapezoid rule; CPU,128,0,1.49782e+08,6.67638,8, 0.00422315,,0.00132253,0.00224215,0.00422315,
Non-smooth: Wendland CSRBF+Runge,bicubic interp; trapezoid rule; CPU,132,0,1.85684e+08,5.3855,8, 0.00428573,,0.00128144,0.003042,0.00428573,
Non-smooth: Wendland CSRBF+Runge,bicubic interp; trapezoid rule; CPU,136,0,1.99174e+08,5.02074,8, 0.00448252,,0.00126659,0.00303965,0.00448252,
Non-smooth: Wendland CSRBF+Runge,bicubic interp; trapezoid rule; CPU,140,0,1.80807e+08,5.53075,8, 0.00441289,,0.00126269,0.00303767,0.00441289,
Non-smooth: Wendland CSRBF+Runge,bicubic interp; trapezoid rule; CPU,144,0,1.9108e+08,5.23341,8, 0.00424678,,0.00126987,0.00239128,0.00424678,
Non-smooth: Wendland CSRBF+Runge,bicubic interp; trapezoid rule; CPU,148,0,2.02533e+08,4.93747,8, 0.00426865,,0.00128342,0.00320349,0.00426865,
Non-smooth: Wendland CSRBF+Runge,bicubic interp; trapezoid rule; CPU,152,0,2.15435e+08,4.64177,8, 0.00414758,,0.00129761,0.00238316,0.00414758,
Non-smooth: Wendland CSRBF+Runge,bicubic interp; trapezoid rule; CPU,156,0,2.29774e+08,4.3521,8, 0.00443076,,0.00130897,0.00318991,0.00443076,
Non-smooth: Wendland CSRBF+Runge,bicubic interp; trapezoid rule; CPU,160,0,2.41672e+08,4.13784,8, 0.00427662,,0.00131193,0.00236596,0.00427662,
Non-smooth: Wendland CSRBF+Runge,bicubic interp; trapezoid rule; CPU,164,0,2.66747e+08,3.74888,8, 0.00428103,,0.00130798,0.00316754,0.00428103,
Non-smooth: Wendland CSRBF+Runge,bicubic interp; trapezoid rule; CPU,168,0,2.92774e+08,3.4156,8, 0.00418765,,0.00129601,0.00234506,0.00418765,
Non-smooth: Wendland CSRBF+Runge,bicubic interp; trapezoid rule; CPU,172,0,3.24334e+08,3.08324,8, 0.00435422,,0.00128261,0.00233364,0.00435422,
Non-smooth: Wendland CSRBF+Runge,bicubic interp; trapezoid rule; CPU,176,0,3.84351e+08,2.60179,8, 0.0043754,,0.00126797,0.00313593,0.0043754,
Non-smooth: Wendland CSRBF+Runge,bicubic interp; trapezoid rule; CPU,180,0,3.4889e+08,2.86623,8, 0.00423073,,0.0012614,0.00231664,0.00423073,
Non-smooth: Wendland CSRBF+Runge,bicubic interp; trapezoid rule; CPU,184,0,3.77959e+08,2.64579,8, 0.00428334,,0.0012768,0.00311716,0.00428334,
Non-smooth: Wendland CSRBF+Runge,bicubic interp; trapezoid rule; CPU,188,0,4.12379e+08,2.42495,8, 0.00442678,,0.00128056,0.00310421,0.00442678,
Non-smooth: Wendland CSRBF+Runge,bicubic interp; trapezoid rule; CPU,192,0,3.88374e+08,2.57484,8, 0.00439877,,0.00127806,0.0030965,0.00439877,
Non-smooth: Wendland CSRBF+Runge,bicubic interp; trapezoid rule; CPU,196,0,4.13884e+08,2.41614,8, 0.00424404,,0.00127535,0.00227766,0.00424404,
Non-smooth: Wendland CSRBF+Runge,bicubic interp; trapezoid rule; CPU,200,0,4.28202e+08,2.33535,8, 0.00428297,,0.00128379,0.00308002,0.00428297,
Non-smooth: Wendland CSRBF+Runge,bicubic interp; trapezoid rule; CPU,204,0,4.39294e+08,2.27638,8, 0.0041749,,0.00128821,0.00226646,0.0041749,
Non-smooth: Wendland CSRBF+Runge,bicubic interp; trapezoid rule; CPU,208,0,4.55361e+08,2.19606,8, 0.00440531,,0.00128657,0.00307047,0.00440531,
Non-smooth: Wendland CSRBF+Runge,bicubic interp; trapezoid rule; CPU,212,0,4.68771e+08,2.13324,8, 0.00426687,,0.00128102,0.00225948,0.00426687,
Non-smooth: Wendland CSRBF+Runge,bicubic interp; trapezoid rule; CPU,216,0,5.67255e+08,1.76287,8, 0.00421455,,0.00127289,0.00225848,0.00421455,
Non-smooth: Wendland CSRBF+Runge,bicubic interp; trapezoid rule; CPU,220,0,5.76809e+08,1.73368,8, 0.00418293,,0.00126776,0.00225748,0.00418293,
Non-smooth: Wendland CSRBF+Runge,bicubic interp; trapezoid rule; CPU,224,0,5.34056e+08,1.87246,8, 0.00440525,,0.00126404,0.00315383,0.00440525,
Non-smooth: Wendland CSRBF+Runge,bicubic interp; trapezoid rule; CPU,228,0,5.2807e+08,1.89369,8, 0.00428383,,0.00125297,0.00234142,0.00428383,
Non-smooth: Wendland CSRBF+Runge,bicubic interp; trapezoid rule; CPU,232,0,5.73651e+08,1.74322,8, 0.00432512,,0.00125346,0.00315076,0.00432512,
Non-smooth: Wendland CSRBF+Runge,bicubic interp; trapezoid rule; CPU,236,0,5.96053e+08,1.6777,8, 0.00429038,,0.00125928,0.00315042,0.00429038,
Non-smooth: Wendland CSRBF+Runge,bicubic interp; trapezoid rule; CPU,240,0,6.14527e+08,1.62727,8, 0.0096648,,0.00126639,0.00314249,0.0096648,
Non-smooth: Wendland CSRBF+Runge,bicubic interp; trapezoid rule; CPU,244,0,6.37871e+08,1.56771,8, 0.00429837,,0.00127437,0.00232473,0.00429837,
Non-smooth: Wendland CSRBF+Runge,bicubic interp; trapezoid rule; CPU,248,0,6.56696e+08,1.52278,8, 0.00458997,,0.00127511,0.00231831,0.00458997,
Non-smooth: Wendland CSRBF+Runge,bicubic interp; trapezoid rule; CPU,252,0,6.84379e+08,1.46118,8, 0.00421609,,0.00127274,0.0023106,0.00421609,
Non-smooth: Wendland CSRBF+Runge,bicubic interp; trapezoid rule; CPU,256,0,7.05581e+08,1.41727,8, 0.00419136,,0.00127228,0.0023038,0.00419136,
Non-smooth: Wendland CSRBF+Runge,bicubic interp; trapezoid rule; CPU,260,0,7.09061e+08,1.41032,8, 0.00429763,,0.00126526,0.00229621,0.00429763,
Non-smooth: Wendland CSRBF+Runge,bicubic interp; trapezoid rule; CPU,264,0,7.49806e+08,1.33368,8, 0.00427619,,0.00126042,0.00229052,0.00427619,
Non-smooth: Wendland CSRBF+Runge,bicubic interp; trapezoid rule; CPU,268,0,7.37825e+08,1.35534,8, 0.00432575,,0.00125539,0.00310376,0.00432575,
Non-smooth: Wendland CSRBF+Runge,bicubic interp; trapezoid rule; CPU,272,0,7.7128e+08,1.29655,8, 0.00429455,,0.00125341,0.00308931,0.00429455,
Non-smooth: Wendland CSRBF+Runge,bicubic interp; trapezoid rule; CPU,276,0,8.2965e+08,1.20533,8, 0.00429867,,0.00125441,0.00309406,0.00429867,
Non-smooth: Wendland CSRBF+Runge,bicubic interp; trapezoid rule; CPU,280,0,9.42862e+08,1.0606,8, 0.0042825,,0.00125685,0.00228236,0.0042825,
Non-smooth: Wendland CSRBF+Runge,bicubic interp; trapezoid rule; CPU,284,0,8.69297e+08,1.15035,8, 0.00433616,,0.0012576,0.0030857,0.00433616,
Non-smooth: Wendland CSRBF+Runge,bicubic interp; trapezoid rule; CPU,288,0,9.31278e+08,1.07379,8, 0.00685609,,0.00126517,0.003083,0.00685609,
Non-smooth: Wendland CSRBF+Runge,bicubic interp; trapezoid rule; CPU,292,0,9.20099e+08,1.08684,8, 0.00851366,,0.0012684,0.00227615,0.00851366,
Non-smooth: Wendland CSRBF+Runge,bicubic interp; trapezoid rule; CPU,296,0,9.5641e+08,1.04558,8, 0.00437749,,0.00127409,0.00307719,0.00437749,
Non-smooth: Wendland CSRBF+Runge,bicubic interp; trapezoid rule; CPU,300,0,9.5392e+08,1.04831,8, 0.00425784,,0.00126825,0.00226945,0.00425784,
Non-smooth: Wendland CSRBF+Runge,bicubic interp; trapezoid rule; CPU,304,0,9.8958e+08,1.01053,8, 0.0042387,,0.00125985,0.00232,0.0042387,
Non-smooth: Wendland CSRBF+Runge,bicubic interp; trapezoid rule; CPU,308,0,1.05993e+09,0.943461,8, 0.00430311,,0.0012546,0.00313501,0.00430311,
Non-smooth: Wendland CSRBF+Runge,bicubic interp; trapezoid rule; CPU,312,0,1.06541e+09,0.938605,8, 0.00430038,,0.00125576,0.00313713,0.00430038,
Non-smooth: Wendland CSRBF+Runge,bicubic interp; trapezoid rule; CPU,316,0,1.07427e+09,0.930863,8, 0.00426771,,0.00126666,0.00232348,0.00426771,
Non-smooth: Wendland CSRBF+Runge,bicubic interp; trapezoid rule; CPU,320,0,1.10402e+09,0.905781,8, 0.00433391,,0.00125197,0.00312863,0.00433391,
Non-smooth: Wendland CSRBF+Runge,bicubic interp; trapezoid rule; CPU,324,0,1.17033e+09,0.854461,8, 0.00683035,,0.00126178,0.00230794,0.00683035,
Non-smooth: Wendland CSRBF+Runge,bicubic interp; trapezoid rule; CPU,328,0,1.17007e+09,0.854653,8, 0.00430542,,0.00125675,0.00312636,0.00430542,
Non-smooth: Wendland CSRBF+Runge,bicubic interp; trapezoid rule; CPU,332,0,1.35882e+09,0.735934,8, 0.00428085,,0.00125281,0.00230508,0.00428085,
Non-smooth: Wendland CSRBF+Runge,bicubic interp; trapezoid rule; CPU,336,0,1.2371e+09,0.808344,8, 0.00424492,,0.00126621,0.00229627,0.00424492,
Non-smooth: Wendland CSRBF+Runge,bicubic interp; trapezoid rule; CPU,340,0,1.25747e+09,0.795245,8, 0.00423241,,0.00126662,0.00228988,0.00423241,
Non-smooth: Wendland CSRBF+Runge,bicubic interp; trapezoid rule; CPU,344,0,1.2796e+09,0.781497,8, 0.00421768,,0.00126284,0.00228743,0.00421768,
Non-smooth: Wendland CSRBF+Runge,bicubic interp; trapezoid rule; CPU,348,0,1.33643e+09,0.748263,8, 0.0042804,,0.0012531,0.0022846,0.0042804,
Non-smooth: Wendland CSRBF+Runge,bicubic interp; trapezoid rule; CPU,352,0,1.41123e+09,0.708604,8, 0.00435402,,0.00125727,0.00308213,0.00435402,
Non-smooth: Wendland CSRBF+Runge,bicubic interp; trapezoid rule; CPU,356,0,1.56021e+09,0.64094,8, 0.00423501,,0.00125794,0.00227935,0.00423501,
Non-smooth: Wendland CSRBF+Runge,bicubic interp; trapezoid rule; CPU,360,0,1.53331e+09,0.652184,8, 0.00431261,,0.00125142,0.00309261,0.00431261,
Non-smooth: Wendland CSRBF+Runge,bicubic interp; trapezoid rule; CPU,364,0,1.54589e+09,0.646875,8, 0.00431419,,0.00125173,0.00309179,0.00431419,
Non-smooth: Wendland CSRBF+Runge,bicubic interp; trapezoid rule; CPU,368,0,1.53393e+09,0.651918,8, 0.00425372,,0.00125389,0.0022841,0.00425372,
Non-smooth: Wendland CSRBF+Runge,bicubic interp; trapezoid rule; CPU,372,0,1.62837e+09,0.614111,8, 0.00427482,,0.00124986,0.00228781,0.00427482,
Non-smooth: Wendland CSRBF+Runge,bicubic interp; trapezoid rule; CPU,376,0,1.67563e+09,0.596789,8, 0.01212,,0.00125138,0.00227183,0.01212,
Non-smooth: Wendland CSRBF+Runge,bicubic interp; trapezoid rule; CPU,380,0,1.62778e+09,0.614333,8, 0.00422362,,0.00129194,0.00228819,0.00422362,
Non-smooth: Wendland CSRBF+Runge,bicubic interp; trapezoid rule; CPU,384,0,1.72435e+09,0.579928,8, 0.00436152,,0.00127334,0.00313684,0.00436152,
Non-smooth: Wendland CSRBF+Runge,bicubic interp; trapezoid rule; CPU,388,0,1.71313e+09,0.583727,8, 0.00435008,,0.0012665,0.00311654,0.00435008,
Non-smooth: Wendland CSRBF+Runge,bicubic interp; trapezoid rule; CPU,392,0,1.9505e+09,0.51269,8, 0.00421779,,0.00125923,0.00228662,0.00421779,
Non-smooth: Wendland CSRBF+Runge,bicubic interp; trapezoid rule; CPU,396,0,1.96941e+09,0.507766,8, 0.00431915,,0.00126275,0.00312121,0.00431915,
Non-smooth: Wendland CSRBF+Runge,bicubic interp; trapezoid rule; CPU,400,0,2.08481e+09,0.47966,8, 0.00420807,,0.00125599,0.0023249,0.00420807,
Non-smooth: Wendland CSRBF+Runge,bicubic interp; trapezoid rule; CPU,404,0,1.9408e+09,0.515251,8, 0.00555501,,0.00126017,0.00312265,0.00555501,
Non-smooth: Wendland CSRBF+Runge,bicubic interp; trapezoid rule; CPU,408,0,2.04438e+09,0.489146,8, 0.004344,,0.00126457,0.00311445,0.004344,
Non-smooth: Wendland CSRBF+Runge,bicubic interp; trapezoid rule; CPU,412,0,2.09745e+09,0.476769,8, 0.00421835,,0.00127101,0.00231244,0.00421835,
Non-smooth: Wendland CSRBF+Runge,bicubic interp; trapezoid rule; CPU,416,0,2.10897e+09,0.474166,8, 0.00431326,,0.00124573,0.00311219,0.00431326,
Non-smooth: Wendland CSRBF+Runge,bicubic interp; trapezoid rule; CPU,420,0,2.22117e+09,0.450213,8, 0.00421701,,0.0012559,0.00227629,0.00421701,
Non-smooth: Wendland CSRBF+Runge,bicubic interp; trapezoid rule; CPU,424,0,2.28815e+09,0.437034,8, 0.00433982,,0.00126159,0.00311699,0.00433982,
Non-smooth: Wendland CSRBF+Runge,bicubic interp; trapezoid rule; CPU,428,0,2.2704e+09,0.440452,8, 0.00432509,,0.00126302,0.0031171,0.00432509,
Non-smooth: Wendland CSRBF+Runge,bicubic interp; trapezoid rule; CPU,432,0,2.26041e+09,0.442399,8, 0.0124253,,0.0012556,0.00310256,0.0124253,
Non-smooth: Wendland CSRBF+Runge,bicubic interp; trapezoid rule; CPU,436,0,2.30162e+09,0.434477,8, 0.00421165,,0.00127198,0.00228086,0.00421165,
Non-smooth: Wendland CSRBF+Runge,bicubic interp; trapezoid rule; CPU,440,0,2.38012e+09,0.420147,8, 0.00430456,,0.00127337,0.00230949,0.00430456,
Non-smooth: Wendland CSRBF+Runge,bicubic interp; trapezoid rule; CPU,444,0,2.4093e+09,0.415058,8, 0.00434266,,0.00128387,0.00307307,0.00434266,
Non-smooth: Wendland CSRBF+Runge,bicubic interp; trapezoid rule; CPU,448,0,2.46498e+09,0.405683,8, 0.00419392,,0.00124376,0.00227606,0.00419392,
Non-smooth: Wendland CSRBF+Runge,bicubic interp; trapezoid rule; CPU,452,0,2.53332e+09,0.394739,8, 0.00421407,,0.00125823,0.00233339,0.00421407,
Non-smooth: Wendland CSRBF+Runge,bicubic interp; trapezoid rule; CPU,456,0,3.11107e+09,0.321433,8, 0.0042352,,0.00126373,0.00227996,0.0042352,
Non-smooth: Wendland CSRBF+Runge,bicubic interp; trapezoid rule; CPU,460,0,3.16505e+09,0.315951,8, 0.00421339,,0.00126324,0.00314954,0.00421339,
Non-smooth: Wendland CSRBF+Runge,bicubic interp; trapezoid rule; CPU,464,0,3.27329e+09,0.305503,8, 0.00687507,,0.00126422,0.00687507,0.00434183,
Non-smooth: Wendland CSRBF+Runge,bicubic interp; trapezoid rule; CPU,468,0,3.35559e+09,0.29801,8, 0.0138022,,0.00126618,0.0138022,0.00432109,
Non-smooth: Wendland CSRBF+Runge,bicubic interp; trapezoid rule; CPU,472,0,2.69929e+09,0.370467,8, 0.00423271,,0.00128176,0.00229657,0.00423271,
Non-smooth: Wendland CSRBF+Runge,bicubic interp; trapezoid rule; CPU,476,0,2.7784e+09,0.35992,8, 0.00424462,,0.00126653,0.00229853,0.00424462,
Non-smooth: Wendland CSRBF+Runge,bicubic interp; trapezoid rule; CPU,480,0,2.86932e+09,0.348515,8, 0.00425498,,0.00131877,0.00233005,0.00425498,
Non-smooth: Wendland CSRBF+Runge,bicubic interp; trapezoid rule; CPU,484,0,2.87964e+09,0.347265,8, 0.00427075,,0.00127947,0.00227583,0.00427075,
Non-smooth: Wendland CSRBF+Runge,bicubic interp; trapezoid rule; CPU,488,0,2.88846e+09,0.346206,8, 0.00424369,,0.00128081,0.00229825,0.00424369,
Non-smooth: Wendland CSRBF+Runge,bicubic interp; trapezoid rule; CPU,492,0,2.95348e+09,0.338583,8, 0.00430229,,0.00127445,0.00230413,0.00430229,
Non-smooth: Wendland CSRBF+Runge,bicubic interp; trapezoid rule; CPU,496,0,3.21111e+09,0.311419,8, 0.00434267,,0.00129367,0.00309206,0.00434267,
Non-smooth: Wendland CSRBF+Runge,bicubic interp; trapezoid rule; CPU,500,0,3.06866e+09,0.325876,8, 0.00434008,,0.00127524,0.00309509,0.00434008,
Non-smooth: Wendland CSRBF+Runge,bicubic interp; trapezoid rule; CPU,504,0,3.22995e+09,0.309602,8, 0.00434149,,0.0012706,0.00312319,0.00434149,
Non-smooth: Wendland CSRBF+Runge,bicubic interp; trapezoid rule; CPU,508,0,3.26389e+09,0.306383,8, 0.00437704,,0.0013141,0.00313869,0.00437704,
Non-smooth: Wendland CSRBF+Runge,bicubic interp; trapezoid rule; CPU,512,0,3.42702e+09,0.291799,8, 0.0042009,,0.00129857,0.00230545,0.0042009,
Non-smooth: Wendland CSRBF+Runge,bicubic interp; trapezoid rule; CPU,516,0,3.37101e+09,0.296647,8, 0.00422378,,0.00129486,0.00403427,0.00422378,
