calculator chosen: 0
func chosen: 2
cache dir chosen: /scratch/ob749/GA/cache/
FunctionName, Calculator,N,Init time (s), Calc.time(s), Calc.Freq(hz), Bytes, MaxError, FirstBlank, Err1, Err2, Err3, Blank
Non-smooth: Wendland CSRBF+Runge,linear interp; trapezoid rule; CPU ,8,0,1.2345e+06,810.044,8, 0.367294,,0.367294,0.149197,0.195182,
Non-smooth: Wendland CSRBF+Runge,linear interp; trapezoid rule; CPU ,12,0,2.28084e+06,438.434,8, 0.233767,,0.233767,0.0900983,0.174079,
Non-smooth: Wendland CSRBF+Runge,linear interp; trapezoid rule; CPU ,16,0,3.74846e+06,266.776,8, 0.153585,,0.153585,0.0613963,0.0821748,
Non-smooth: Wendland CSRBF+Runge,linear interp; trapezoid rule; CPU ,20,0,5.65708e+06,176.77,8, 0.0878729,,0.0878729,0.0454035,0.0416644,
Non-smooth: Wendland CSRBF+Runge,linear interp; trapezoid rule; CPU ,24,0,7.62162e+06,131.206,8, 0.0531433,,0.0531433,0.0374818,0.0454206,
Non-smooth: Wendland CSRBF+Runge,linear interp; trapezoid rule; CPU ,28,0,9.16082e+06,109.161,8, 0.0674403,,0.0245844,0.0334881,0.0674403,
Non-smooth: Wendland CSRBF+Runge,linear interp; trapezoid rule; CPU ,32,0,1.12288e+07,89.0566,8, 0.038152,,0.00761796,0.0267163,0.038152,
Non-smooth: Wendland CSRBF+Runge,linear interp; trapezoid rule; CPU ,36,0,1.25078e+07,79.9502,8, 0.0369925,,0.0369925,0.0235788,0.0164653,
Non-smooth: Wendland CSRBF+Runge,linear interp; trapezoid rule; CPU ,40,0,1.38569e+07,72.166,8, 0.0393615,,0.0393615,0.0231008,0.0185046,
Non-smooth: Wendland CSRBF+Runge,linear interp; trapezoid rule; CPU ,44,0,1.86944e+07,53.4921,8, 0.0346895,,0.0346895,0.0174195,0.0128257,
Non-smooth: Wendland CSRBF+Runge,linear interp; trapezoid rule; CPU ,48,0,2.01672e+07,49.5856,8, 0.027255,,0.0260704,0.0130204,0.027255,
Non-smooth: Wendland CSRBF+Runge,linear interp; trapezoid rule; CPU ,52,0,2.39907e+07,41.6829,8, 0.0167418,,0.0167418,0.010343,0.0118281,
Non-smooth: Wendland CSRBF+Runge,linear interp; trapezoid rule; CPU ,56,0,2.80047e+07,35.7083,8, 0.011527,,0.00885515,0.00905567,0.011527,
Non-smooth: Wendland CSRBF+Runge,linear interp; trapezoid rule; CPU ,60,0,3.27414e+07,30.5424,8, 0.0127955,,0.00413509,0.00998279,0.0127955,
Non-smooth: Wendland CSRBF+Runge,linear interp; trapezoid rule; CPU ,64,0,3.83415e+07,26.0814,8, 0.0212872,,0.0079256,0.0149508,0.0212872,
Non-smooth: Wendland CSRBF+Runge,linear interp; trapezoid rule; CPU ,68,0,4.2922e+07,23.2981,8, 0.0119037,,0.0116977,0.0119037,0.00975261,
Non-smooth: Wendland CSRBF+Runge,linear interp; trapezoid rule; CPU ,72,0,4.81706e+07,20.7595,8, 0.0146339,,0.0146339,0.00843388,0.00630538,
Non-smooth: Wendland CSRBF+Runge,linear interp; trapezoid rule; CPU ,76,0,5.43819e+07,18.3885,8, 0.0133317,,0.0133317,0.0059213,0.00856843,
Non-smooth: Wendland CSRBF+Runge,linear interp; trapezoid rule; CPU ,80,0,5.99125e+07,16.691,8, 0.0108089,,0.0108089,0.00566723,0.00536869,
Non-smooth: Wendland CSRBF+Runge,linear interp; trapezoid rule; CPU ,84,0,6.87482e+07,14.5458,8, 0.00891445,,0.00706216,0.00386435,0.00891445,
Non-smooth: Wendland CSRBF+Runge,linear interp; trapezoid rule; CPU ,88,0,7.67003e+07,13.0378,8, 0.00476836,,0.00328731,0.0035391,0.00476836,
Non-smooth: Wendland CSRBF+Runge,linear interp; trapezoid rule; CPU ,92,0,9.24332e+07,10.8186,8, 0.00769382,,0.00244228,0.00571956,0.00769382,
Non-smooth: Wendland CSRBF+Runge,linear interp; trapezoid rule; CPU ,96,0,1.06548e+08,9.38541,8, 0.00772625,,0.00462636,0.00377473,0.00772625,
Non-smooth: Wendland CSRBF+Runge,linear interp; trapezoid rule; CPU ,100,0,1.27938e+08,7.81631,8, 0.0104204,,0.00577892,0.00595408,0.0104204,
Non-smooth: Wendland CSRBF+Runge,linear interp; trapezoid rule; CPU ,104,0,1.36831e+08,7.30826,8, 0.00781052,,0.00780944,0.00465678,0.00781052,
Non-smooth: Wendland CSRBF+Runge,linear interp; trapezoid rule; CPU ,108,0,1.47741e+08,6.7686,8, 0.00722052,,0.00722052,0.00452758,0.00632284,
Non-smooth: Wendland CSRBF+Runge,linear interp; trapezoid rule; CPU ,112,0,1.71951e+08,5.81562,8, 0.00551799,,0.00551799,0.00413419,0.00530906,
Non-smooth: Wendland CSRBF+Runge,linear interp; trapezoid rule; CPU ,116,0,1.68785e+08,5.92469,8, 0.00582959,,0.00393907,0.00446403,0.00582959,
Non-smooth: Wendland CSRBF+Runge,linear interp; trapezoid rule; CPU ,120,0,1.83786e+08,5.44112,8, 0.00713478,,0.00206669,0.00383752,0.00713478,
Non-smooth: Wendland CSRBF+Runge,linear interp; trapezoid rule; CPU ,124,0,1.90408e+08,5.25189,8, 0.00613716,,0.00227235,0.00357072,0.00613716,
Non-smooth: Wendland CSRBF+Runge,linear interp; trapezoid rule; CPU ,128,0,2.11174e+08,4.73543,8, 0.00420118,,0.0032961,0.00358123,0.00420118,
Non-smooth: Wendland CSRBF+Runge,linear interp; trapezoid rule; CPU ,132,0,2.20261e+08,4.54008,8, 0.00491804,,0.00307227,0.00332331,0.00491804,
Non-smooth: Wendland CSRBF+Runge,linear interp; trapezoid rule; CPU ,136,0,2.32855e+08,4.29451,8, 0.00607364,,0.00474619,0.00404278,0.00607364,
Non-smooth: Wendland CSRBF+Runge,linear interp; trapezoid rule; CPU ,140,0,2.50312e+08,3.99501,8, 0.00578873,,0.00458978,0.00355145,0.00578873,
Non-smooth: Wendland CSRBF+Runge,linear interp; trapezoid rule; CPU ,144,0,2.51378e+08,3.97807,8, 0.00481039,,0.0039476,0.00481039,0.00442673,
Non-smooth: Wendland CSRBF+Runge,linear interp; trapezoid rule; CPU ,148,0,2.64551e+08,3.77999,8, 0.00587081,,0.00252033,0.00430028,0.00587081,
Non-smooth: Wendland CSRBF+Runge,linear interp; trapezoid rule; CPU ,152,0,2.63246e+08,3.79872,8, 0.00483965,,0.00196097,0.00362593,0.00483965,
Non-smooth: Wendland CSRBF+Runge,linear interp; trapezoid rule; CPU ,156,0,2.93874e+08,3.40282,8, 0.00495918,,0.00188937,0.00410894,0.00495918,
Non-smooth: Wendland CSRBF+Runge,linear interp; trapezoid rule; CPU ,160,0,3.05289e+08,3.27559,8, 0.00588638,,0.0024914,0.00273445,0.00588638,
Non-smooth: Wendland CSRBF+Runge,linear interp; trapezoid rule; CPU ,164,0,3.04203e+08,3.28727,8, 0.00425813,,0.00214927,0.00367061,0.00425813,
Non-smooth: Wendland CSRBF+Runge,linear interp; trapezoid rule; CPU ,168,0,3.18349e+08,3.14121,8, 0.00486213,,0.00310834,0.00281812,0.00486213,
Non-smooth: Wendland CSRBF+Runge,linear interp; trapezoid rule; CPU ,172,0,3.14548e+08,3.17917,8, 0.00559436,,0.00337347,0.00358396,0.00559436,
Non-smooth: Wendland CSRBF+Runge,linear interp; trapezoid rule; CPU ,176,0,3.20942e+08,3.11582,8, 0.00519978,,0.00256329,0.00405319,0.00519978,
Non-smooth: Wendland CSRBF+Runge,linear interp; trapezoid rule; CPU ,180,0,3.39574e+08,2.94487,8, 0.00482688,,0.0017009,0.00249349,0.00482688,
Non-smooth: Wendland CSRBF+Runge,linear interp; trapezoid rule; CPU ,184,0,3.51208e+08,2.84731,8, 0.00739554,,0.00163986,0.00398802,0.00739554,
Non-smooth: Wendland CSRBF+Runge,linear interp; trapezoid rule; CPU ,188,0,3.59173e+08,2.78417,8, 0.00881566,,0.00170938,0.00348732,0.00881566,
Non-smooth: Wendland CSRBF+Runge,linear interp; trapezoid rule; CPU ,192,0,3.82658e+08,2.6133,8, 0.00602827,,0.00188001,0.00413755,0.00602827,
Non-smooth: Wendland CSRBF+Runge,linear interp; trapezoid rule; CPU ,196,0,4.05608e+08,2.46544,8, 0.00585028,,0.00160201,0.00293096,0.00585028,
Non-smooth: Wendland CSRBF+Runge,linear interp; trapezoid rule; CPU ,200,0,4.29069e+08,2.33063,8, 0.00389467,,0.00225877,0.00341385,0.00389467,
Non-smooth: Wendland CSRBF+Runge,linear interp; trapezoid rule; CPU ,204,0,4.36107e+08,2.29301,8, 0.00485882,,0.00237765,0.00265119,0.00485882,
Non-smooth: Wendland CSRBF+Runge,linear interp; trapezoid rule; CPU ,208,0,4.45581e+08,2.24426,8, 0.00708435,,0.0021519,0.00359414,0.00708435,
Non-smooth: Wendland CSRBF+Runge,linear interp; trapezoid rule; CPU ,212,0,4.38078e+08,2.2827,8, 0.00586138,,0.00153561,0.00223636,0.00586138,
Non-smooth: Wendland CSRBF+Runge,linear interp; trapezoid rule; CPU ,216,0,4.80698e+08,2.08031,8, 0.00498514,,0.00158749,0.00231944,0.00498514,
Non-smooth: Wendland CSRBF+Runge,linear interp; trapezoid rule; CPU ,220,0,5.01019e+08,1.99593,8, 0.0068842,,0.00167932,0.00274928,0.0068842,
Non-smooth: Wendland CSRBF+Runge,linear interp; trapezoid rule; CPU ,224,0,4.8181e+08,2.07551,8, 0.00712125,,0.002294,0.00366966,0.00712125,
Non-smooth: Wendland CSRBF+Runge,linear interp; trapezoid rule; CPU ,228,0,4.9257e+08,2.03017,8, 0.00411727,,0.00145736,0.00290375,0.00411727,
Non-smooth: Wendland CSRBF+Runge,linear interp; trapezoid rule; CPU ,232,0,5.53488e+08,1.80672,8, 0.00431413,,0.00222781,0.00337512,0.00431413,
Non-smooth: Wendland CSRBF+Runge,linear interp; trapezoid rule; CPU ,236,0,5.33863e+08,1.87314,8, 0.00491608,,0.00204844,0.00279846,0.00491608,
Non-smooth: Wendland CSRBF+Runge,linear interp; trapezoid rule; CPU ,240,0,5.97261e+08,1.67431,8, 0.00435278,,0.00154207,0.00376082,0.00435278,
Non-smooth: Wendland CSRBF+Runge,linear interp; trapezoid rule; CPU ,244,0,6.1279e+08,1.63188,8, 0.00630573,,0.00144627,0.00264998,0.00630573,
Non-smooth: Wendland CSRBF+Runge,linear interp; trapezoid rule; CPU ,248,0,5.9859e+08,1.67059,8, 0.00532539,,0.00150986,0.00213439,0.00532539,
Non-smooth: Wendland CSRBF+Runge,linear interp; trapezoid rule; CPU ,252,0,6.48164e+08,1.54282,8, 0.00377488,,0.00157067,0.00271195,0.00377488,
Non-smooth: Wendland CSRBF+Runge,linear interp; trapezoid rule; CPU ,256,0,6.41832e+08,1.55804,8, 0.00460575,,0.00160806,0.00234853,0.00460575,
Non-smooth: Wendland CSRBF+Runge,linear interp; trapezoid rule; CPU ,260,0,6.97491e+08,1.43371,8, 0.00598175,,0.00137696,0.00267183,0.00598175,
Non-smooth: Wendland CSRBF+Runge,linear interp; trapezoid rule; CPU ,264,0,6.83674e+08,1.46268,8, 0.00418034,,0.00140676,0.0024644,0.00418034,
Non-smooth: Wendland CSRBF+Runge,linear interp; trapezoid rule; CPU ,268,0,7.48513e+08,1.33598,8, 0.0038791,,0.00148979,0.00316471,0.0038791,
Non-smooth: Wendland CSRBF+Runge,linear interp; trapezoid rule; CPU ,272,0,7.67781e+08,1.30246,8, 0.00490478,,0.00142597,0.00377678,0.00490478,
Non-smooth: Wendland CSRBF+Runge,linear interp; trapezoid rule; CPU ,276,0,7.79064e+08,1.28359,8, 0.0051985,,0.00137779,0.00295217,0.0051985,
Non-smooth: Wendland CSRBF+Runge,linear interp; trapezoid rule; CPU ,280,0,8.08284e+08,1.23719,8, 0.00490188,,0.00146677,0.00267047,0.00490188,
Non-smooth: Wendland CSRBF+Runge,linear interp; trapezoid rule; CPU ,284,0,8.30244e+08,1.20447,8, 0.00498054,,0.0015536,0.00302543,0.00498054,
Non-smooth: Wendland CSRBF+Runge,linear interp; trapezoid rule; CPU ,288,0,8.51235e+08,1.17476,8, 0.00717104,,0.00157582,0.00312333,0.00717104,
Non-smooth: Wendland CSRBF+Runge,linear interp; trapezoid rule; CPU ,292,0,8.77088e+08,1.14014,8, 0.0084694,,0.00139711,0.00246122,0.0084694,
Non-smooth: Wendland CSRBF+Runge,linear interp; trapezoid rule; CPU ,296,0,9.05042e+08,1.10492,8, 0.00547539,,0.00141022,0.00337596,0.00547539,
Non-smooth: Wendland CSRBF+Runge,linear interp; trapezoid rule; CPU ,300,0,9.28433e+08,1.07708,8, 0.00410265,,0.00143752,0.00203188,0.00410265,
Non-smooth: Wendland CSRBF+Runge,linear interp; trapezoid rule; CPU ,304,0,9.4774e+08,1.05514,8, 0.00322651,,0.00136492,0.00278495,0.00322651,
Non-smooth: Wendland CSRBF+Runge,linear interp; trapezoid rule; CPU ,308,0,9.84177e+08,1.01608,8, 0.00496552,,0.00142008,0.00310029,0.00496552,
Non-smooth: Wendland CSRBF+Runge,linear interp; trapezoid rule; CPU ,312,0,1.00875e+09,0.991322,8, 0.00428915,,0.00142967,0.00279851,0.00428915,
Non-smooth: Wendland CSRBF+Runge,linear interp; trapezoid rule; CPU ,316,0,9.89397e+08,1.01072,8, 0.00416863,,0.00143763,0.00276105,0.00416863,
Non-smooth: Wendland CSRBF+Runge,linear interp; trapezoid rule; CPU ,320,0,1.05021e+09,0.952193,8, 0.00952632,,0.00147728,0.00952632,0.00467212,
Non-smooth: Wendland CSRBF+Runge,linear interp; trapezoid rule; CPU ,324,0,1.08982e+09,0.917583,8, 0.012953,,0.00137489,0.0023621,0.012953,
Non-smooth: Wendland CSRBF+Runge,linear interp; trapezoid rule; CPU ,328,0,1.1036e+09,0.906123,8, 0.00468329,,0.00136456,0.00346746,0.00468329,
Non-smooth: Wendland CSRBF+Runge,linear interp; trapezoid rule; CPU ,332,0,1.11912e+09,0.893562,8, 0.00477893,,0.00134927,0.00240091,0.00477893,
Non-smooth: Wendland CSRBF+Runge,linear interp; trapezoid rule; CPU ,336,0,1.139e+09,0.877963,8, 0.00496334,,0.00138936,0.00376214,0.00496334,
Non-smooth: Wendland CSRBF+Runge,linear interp; trapezoid rule; CPU ,340,0,1.18645e+09,0.842852,8, 0.00366725,,0.00135755,0.0026728,0.00366725,
Non-smooth: Wendland CSRBF+Runge,linear interp; trapezoid rule; CPU ,344,0,1.19972e+09,0.833528,8, 0.00457188,,0.00181962,0.00296819,0.00457188,
Non-smooth: Wendland CSRBF+Runge,linear interp; trapezoid rule; CPU ,348,0,1.23613e+09,0.808976,8, 0.00412263,,0.00140789,0.00322267,0.00412263,
Non-smooth: Wendland CSRBF+Runge,linear interp; trapezoid rule; CPU ,352,0,1.24413e+09,0.803772,8, 0.00459299,,0.00146586,0.00408996,0.00459299,
Non-smooth: Wendland CSRBF+Runge,linear interp; trapezoid rule; CPU ,356,0,1.27319e+09,0.785431,8, 0.0108402,,0.00136321,0.00312407,0.0108402,
Non-smooth: Wendland CSRBF+Runge,linear interp; trapezoid rule; CPU ,360,0,1.31042e+09,0.763115,8, 0.00398157,,0.00138012,0.0033066,0.00398157,
Non-smooth: Wendland CSRBF+Runge,linear interp; trapezoid rule; CPU ,364,0,1.3051e+09,0.766223,8, 0.00397271,,0.00142006,0.00321375,0.00397271,
Non-smooth: Wendland CSRBF+Runge,linear interp; trapezoid rule; CPU ,368,0,1.36162e+09,0.734419,8, 0.00364977,,0.00134811,0.00310212,0.00364977,
Non-smooth: Wendland CSRBF+Runge,linear interp; trapezoid rule; CPU ,372,0,1.38585e+09,0.721577,8, 0.00696701,,0.00133655,0.00484132,0.00696701,
Non-smooth: Wendland CSRBF+Runge,linear interp; trapezoid rule; CPU ,376,0,1.41705e+09,0.705691,8, 0.00715022,,0.00131463,0.00230149,0.00715022,
Non-smooth: Wendland CSRBF+Runge,linear interp; trapezoid rule; CPU ,380,0,1.42632e+09,0.701106,8, 0.00309896,,0.0013902,0.00260288,0.00309896,
Non-smooth: Wendland CSRBF+Runge,linear interp; trapezoid rule; CPU ,384,0,1.53046e+09,0.653399,8, 0.00479423,,0.00141764,0.00276814,0.00479423,
Non-smooth: Wendland CSRBF+Runge,linear interp; trapezoid rule; CPU ,388,0,1.51334e+09,0.660792,8, 0.00386598,,0.00129494,0.00348383,0.00386598,
Non-smooth: Wendland CSRBF+Runge,linear interp; trapezoid rule; CPU ,392,0,1.53749e+09,0.65041,8, 0.00545943,,0.00135176,0.0020767,0.00545943,
Non-smooth: Wendland CSRBF+Runge,linear interp; trapezoid rule; CPU ,396,0,1.57993e+09,0.63294,8, 0.00438998,,0.00137254,0.00392687,0.00438998,
Non-smooth: Wendland CSRBF+Runge,linear interp; trapezoid rule; CPU ,400,0,1.61184e+09,0.620411,8, 0.00397861,,0.00134608,0.00233337,0.00397861,
Non-smooth: Wendland CSRBF+Runge,linear interp; trapezoid rule; CPU ,404,0,1.66064e+09,0.602178,8, 0.00448939,,0.00132672,0.00326892,0.00448939,
Non-smooth: Wendland CSRBF+Runge,linear interp; trapezoid rule; CPU ,408,0,1.68985e+09,0.59177,8, 0.00508579,,0.00130934,0.00328466,0.00508579,
Non-smooth: Wendland CSRBF+Runge,linear interp; trapezoid rule; CPU ,412,0,1.72754e+09,0.578859,8, 0.00377071,,0.00135987,0.00285667,0.00377071,
Non-smooth: Wendland CSRBF+Runge,linear interp; trapezoid rule; CPU ,416,0,1.73933e+09,0.574935,8, 0.00408813,,0.00139967,0.00287645,0.00408813,
Non-smooth: Wendland CSRBF+Runge,linear interp; trapezoid rule; CPU ,420,0,1.76818e+09,0.565555,8, 0.00417629,,0.0013106,0.00240901,0.00417629,
Non-smooth: Wendland CSRBF+Runge,linear interp; trapezoid rule; CPU ,424,0,1.84299e+09,0.542597,8, 0.00477668,,0.00134355,0.00280383,0.00477668,
Non-smooth: Wendland CSRBF+Runge,linear interp; trapezoid rule; CPU ,428,0,1.87634e+09,0.532953,8, 0.012417,,0.00137614,0.00360336,0.012417,
Non-smooth: Wendland CSRBF+Runge,linear interp; trapezoid rule; CPU ,432,0,1.91572e+09,0.521997,8, 0.00509909,,0.00134606,0.00254468,0.00509909,
Non-smooth: Wendland CSRBF+Runge,linear interp; trapezoid rule; CPU ,436,0,1.94556e+09,0.513991,8, 0.00493542,,0.00131737,0.00233341,0.00493542,
Non-smooth: Wendland CSRBF+Runge,linear interp; trapezoid rule; CPU ,440,0,1.99125e+09,0.502197,8, 0.00501961,,0.00129963,0.00273284,0.00501961,
Non-smooth: Wendland CSRBF+Runge,linear interp; trapezoid rule; CPU ,444,0,2.03801e+09,0.490674,8, 0.00496489,,0.00132521,0.00496489,0.00478211,
Non-smooth: Wendland CSRBF+Runge,linear interp; trapezoid rule; CPU ,448,0,2.08065e+09,0.480619,8, 0.00478588,,0.00135742,0.00262816,0.00478588,
Non-smooth: Wendland CSRBF+Runge,linear interp; trapezoid rule; CPU ,452,0,2.11948e+09,0.471815,8, 0.00412811,,0.00128471,0.00268682,0.00412811,
Non-smooth: Wendland CSRBF+Runge,linear interp; trapezoid rule; CPU ,456,0,2.20501e+09,0.453513,8, 0.00463366,,0.00131587,0.0024087,0.00463366,
Non-smooth: Wendland CSRBF+Runge,linear interp; trapezoid rule; CPU ,460,0,2.16401e+09,0.462106,8, 0.00442835,,0.00171694,0.00269236,0.00442835,
Non-smooth: Wendland CSRBF+Runge,linear interp; trapezoid rule; CPU ,464,0,2.20156e+09,0.454223,8, 0.00478073,,0.00131012,0.00272231,0.00478073,
Non-smooth: Wendland CSRBF+Runge,linear interp; trapezoid rule; CPU ,468,0,2.27923e+09,0.438746,8, 0.00420587,,0.00129346,0.00290111,0.00420587,
Non-smooth: Wendland CSRBF+Runge,linear interp; trapezoid rule; CPU ,472,0,2.28092e+09,0.43842,8, 0.00406566,,0.00132071,0.00248326,0.00406566,
Non-smooth: Wendland CSRBF+Runge,linear interp; trapezoid rule; CPU ,476,0,2.35213e+09,0.425146,8, 0.00461097,,0.00130628,0.00214218,0.00461097,
Non-smooth: Wendland CSRBF+Runge,linear interp; trapezoid rule; CPU ,480,0,2.38365e+09,0.419525,8, 0.00422357,,0.0013432,0.0026482,0.00422357,
Non-smooth: Wendland CSRBF+Runge,linear interp; trapezoid rule; CPU ,484,0,2.41925e+09,0.413352,8, 0.00418747,,0.0013151,0.00230572,0.00418747,
Non-smooth: Wendland CSRBF+Runge,linear interp; trapezoid rule; CPU ,488,0,2.47558e+09,0.403945,8, 0.00425044,,0.00131043,0.00197314,0.00425044,
Non-smooth: Wendland CSRBF+Runge,linear interp; trapezoid rule; CPU ,492,0,2.52424e+09,0.396159,8, 0.00471833,,0.00132949,0.0024152,0.00471833,
Non-smooth: Wendland CSRBF+Runge,linear interp; trapezoid rule; CPU ,496,0,2.62917e+09,0.380348,8, 0.00460223,,0.00130984,0.00338768,0.00460223,
Non-smooth: Wendland CSRBF+Runge,linear interp; trapezoid rule; CPU ,500,0,2.61427e+09,0.382516,8, 0.00461395,,0.00166517,0.00300221,0.00461395,
Non-smooth: Wendland CSRBF+Runge,linear interp; trapezoid rule; CPU ,504,0,2.6715e+09,0.374321,8, 0.00410045,,0.0012821,0.00300615,0.00410045,
Non-smooth: Wendland CSRBF+Runge,linear interp; trapezoid rule; CPU ,508,0,2.69885e+09,0.370528,8, 0.00515146,,0.00131584,0.00515146,0.00483725,
Non-smooth: Wendland CSRBF+Runge,linear interp; trapezoid rule; CPU ,512,0,2.72674e+09,0.366739,8, 0.00395722,,0.0013515,0.00269363,0.00395722,
Non-smooth: Wendland CSRBF+Runge,linear interp; trapezoid rule; CPU ,516,0,2.7551e+09,0.362964,8, 0.0176232,,0.00131196,0.00380138,0.0176232,
