function_name, calculator,N,init_time, calc_time, calc_hz, bytes, max_error, blank_column, err1, err2, err3, Blank
Smooth_exp,linear interp; GPU Sparse Matrix   ,8,0.529,654629,1527.58,8, 0.484378,,0.484378,0.431963,0.429232,
Smooth_exp,linear interp; GPU Sparse Matrix   ,12,0.036,132345,7556.01,8, 0.356146,,0.356146,0.253128,0.345279,
Smooth_exp,linear interp; GPU Sparse Matrix   ,16,0.036,160413,6233.91,8, 0.226154,,0.226154,0.172341,0.177257,
Smooth_exp,linear interp; GPU Sparse Matrix   ,20,0.055,165135,6055.65,8, 0.133817,,0.133817,0.0873799,0.106037,
Smooth_exp,linear interp; GPU Sparse Matrix   ,24,0.051,168835,5922.94,8, 0.151253,,0.0725848,0.0748252,0.151253,
Smooth_exp,linear interp; GPU Sparse Matrix   ,28,0.076,173278,5771.07,8, 0.140176,,0.0326052,0.0632784,0.140176,
Smooth_exp,linear interp; GPU Sparse Matrix   ,32,0.084,181514,5509.22,8, 0.0664518,,0.00859651,0.0582343,0.0664518,
Smooth_exp,linear interp; GPU Sparse Matrix   ,36,0.228,228981,4367.17,8, 0.0567508,,0.0567508,0.0515696,0.0382994,
Smooth_exp,linear interp; GPU Sparse Matrix   ,40,0.147,236641,4225.81,8, 0.0590504,,0.0590504,0.0433342,0.0572677,
Smooth_exp,linear interp; GPU Sparse Matrix   ,44,0.175,257916,3877.23,8, 0.0498321,,0.0498321,0.0397137,0.0363609,
Smooth_exp,linear interp; GPU Sparse Matrix   ,48,0.244,278612,3589.22,8, 0.0479461,,0.0371243,0.0317729,0.0479461,
Smooth_exp,linear interp; GPU Sparse Matrix   ,52,0.292,304872,3280.07,8, 0.0242294,,0.0242294,0.0209756,0.0171082,
Smooth_exp,linear interp; GPU Sparse Matrix   ,56,0.309,324974,3077.17,8, 0.0279435,,0.0126459,0.0157086,0.0279435,
Smooth_exp,linear interp; GPU Sparse Matrix   ,60,0.402,346124,2889.14,8, 0.030447,,0.00322269,0.0237876,0.030447,
Smooth_exp,linear interp; GPU Sparse Matrix   ,64,0.401,386068,2590.22,8, 0.0432505,,0.00682585,0.0335824,0.0432505,
Smooth_exp,linear interp; GPU Sparse Matrix   ,68,0.554,430009,2325.53,8, 0.0265041,,0.0169187,0.0265041,0.0160425,
Smooth_exp,linear interp; GPU Sparse Matrix   ,72,0.64,467970,2136.89,8, 0.0208525,,0.0208525,0.0204293,0.0131264,
Smooth_exp,linear interp; GPU Sparse Matrix   ,76,0.757,509770,1961.67,8, 0.0212107,,0.0186929,0.0148614,0.0212107,
Smooth_exp,linear interp; GPU Sparse Matrix   ,80,0.904,569660,1755.43,8, 0.0146704,,0.0146704,0.0108375,0.00847181,
Smooth_exp,linear interp; GPU Sparse Matrix   ,84,0.975,620170,1612.46,8, 0.0183917,,0.00990249,0.00739809,0.0183917,
Smooth_exp,linear interp; GPU Sparse Matrix   ,88,1.089,688756,1451.89,8, 0.00670949,,0.00485488,0.0052814,0.00670949,
Smooth_exp,linear interp; GPU Sparse Matrix   ,92,1.273,751278,1331.07,8, 0.013736,,0.00157267,0.0053001,0.013736,
Smooth_exp,linear interp; GPU Sparse Matrix   ,96,1.416,823275,1214.66,8, 0.0122446,,0.00539787,0.00531133,0.0122446,
Smooth_exp,linear interp; GPU Sparse Matrix   ,100,1.414,887992,1126.14,8, 0.020388,,0.00800949,0.00632537,0.020388,
Smooth_exp,linear interp; GPU Sparse Matrix   ,104,1.588,1.00096e+06,999.043,8, 0.0106119,,0.0106119,0.00722809,0.00607009,
Smooth_exp,linear interp; GPU Sparse Matrix   ,108,1.976,1.08002e+06,925.908,8, 0.010025,,0.010025,0.00762036,0.00807772,
Smooth_exp,linear interp; GPU Sparse Matrix   ,112,2.579,1.19752e+06,835.061,8, 0.0115419,,0.00813691,0.00795508,0.0115419,
Smooth_exp,linear interp; GPU Sparse Matrix   ,116,2.411,1.28648e+06,777.317,8, 0.008111,,0.0055584,0.008111,0.00591403,
Smooth_exp,linear interp; GPU Sparse Matrix   ,120,2.605,1.4044e+06,712.05,8, 0.00909203,,0.0024263,0.00747252,0.00909203,
Smooth_exp,linear interp; GPU Sparse Matrix   ,124,2.948,1.54539e+06,647.084,8, 0.00662682,,0.00115863,0.00662682,0.00360907,
Smooth_exp,linear interp; GPU Sparse Matrix   ,128,3.086,1.66329e+06,601.218,8, 0.0086747,,0.00416343,0.00556,0.0086747,
Smooth_exp,linear interp; GPU Sparse Matrix   ,132,3.489,1.82112e+06,549.111,8, 0.00620568,,0.00471148,0.00372077,0.00620568,
Smooth_exp,linear interp; GPU Sparse Matrix   ,136,3.859,2.02478e+06,493.882,8, 0.0117794,,0.00662395,0.00270754,0.0117794,
Smooth_exp,linear interp; GPU Sparse Matrix   ,140,4.05,2.22978e+06,448.475,8, 0.00641224,,0.00641224,0.00620466,0.00279317,
Smooth_exp,linear interp; GPU Sparse Matrix   ,144,4.104,2.40458e+06,415.873,8, 0.00967928,,0.00525354,0.00967928,0.00567236,
Smooth_exp,linear interp; GPU Sparse Matrix   ,148,4.778,2.64978e+06,377.391,8, 0.00770758,,0.00346458,0.00770758,0.00708273,
Smooth_exp,linear interp; GPU Sparse Matrix   ,152,4.986,2.86378e+06,349.189,8, 0.00891466,,0.00138536,0.00602933,0.00891466,
Smooth_exp,linear interp; GPU Sparse Matrix   ,156,5.42,3.10921e+06,321.625,8, 0.00520161,,0.000924359,0.00453694,0.00520161,
Smooth_exp,linear interp; GPU Sparse Matrix   ,160,5.936,3.3373e+06,299.643,8, 0.0033109,,0.00322789,0.0033109,0.00297571,
Smooth_exp,linear interp; GPU Sparse Matrix   ,164,6.397,3.63268e+06,275.279,8, 0.00611439,,0.00312657,0.00235004,0.00611439,
Smooth_exp,linear interp; GPU Sparse Matrix   ,168,6.922,3.92566e+06,254.734,8, 0.00454419,,0.00454419,0.00154511,0.00331062,
Smooth_exp,linear interp; GPU Sparse Matrix   ,172,7.345,4.51039e+06,221.71,8, 0.00743838,,0.00448147,0.00147934,0.00743838,
Smooth_exp,linear interp; GPU Sparse Matrix   ,176,7.797,4.81532e+06,207.671,8, 0.00366567,,0.00366567,0.00198125,0.00161243,
Smooth_exp,linear interp; GPU Sparse Matrix   ,180,8.341,5.27035e+06,189.741,8, 0.00444354,,0.00242321,0.00249443,0.00444354,
Smooth_exp,linear interp; GPU Sparse Matrix   ,184,8.887,5.62478e+06,177.785,8, 0.00483353,,0.000907696,0.00297781,0.00483353,
Smooth_exp,linear interp; GPU Sparse Matrix   ,188,9.734,5.91888e+06,168.951,8, 0.0094091,,0.000796642,0.00328797,0.0094091,
Smooth_exp,linear interp; GPU Sparse Matrix   ,192,9.862,6.25719e+06,159.816,8, 0.00339258,,0.00264849,0.00339258,0.00305807,
Smooth_exp,linear interp; GPU Sparse Matrix   ,196,11.056,6.65084e+06,150.357,8, 0.00343183,,0.00220769,0.00343183,0.00253286,
Smooth_exp,linear interp; GPU Sparse Matrix   ,200,11.817,7.15854e+06,139.693,8, 0.00456578,,0.00335848,0.00329582,0.00456578,
Smooth_exp,linear interp; GPU Sparse Matrix   ,204,12.399,7.41537e+06,134.855,8, 0.00335941,,0.00335941,0.00294713,0.00157679,
Smooth_exp,linear interp; GPU Sparse Matrix   ,208,12.893,1.19899e+07,83.4038,8, 0.00495566,,0.00274872,0.00248547,0.00495566,
Smooth_exp,linear interp; GPU Sparse Matrix   ,212,13.911,8.5311e+06,117.218,8, 0.0017909,,0.0017909,0.00168499,0.0010917,
Smooth_exp,linear interp; GPU Sparse Matrix   ,216,14.548,8.83317e+06,113.21,8, 0.0035222,,0.000613014,0.000955071,0.0035222,
