function_name, calculator,N,init_time, calc_time, calc_hz, bytes, max_error, blank_column, err1, err2, err3, Blank
Nonsmooth_runge_abs,linear interp; GPU Sparse Matrix   ,8,0.188,384052,2603.81,8, 0.318407,,0.318407,0.134169,0.258599,
Nonsmooth_runge_abs,linear interp; GPU Sparse Matrix   ,12,0.027,128028,7810.79,8, 0.268269,,0.268269,0.11758,0.134914,
Nonsmooth_runge_abs,linear interp; GPU Sparse Matrix   ,16,0.041,164289,6086.83,8, 0.190483,,0.190483,0.0737996,0.0885204,
Nonsmooth_runge_abs,linear interp; GPU Sparse Matrix   ,20,0.061,150399,6648.98,8, 0.108484,,0.108484,0.0494282,0.0697748,
Nonsmooth_runge_abs,linear interp; GPU Sparse Matrix   ,24,0.057,164385,6083.28,8, 0.0661561,,0.0661561,0.0408554,0.0518316,
Nonsmooth_runge_abs,linear interp; GPU Sparse Matrix   ,28,0.078,171220,5840.44,8, 0.0516765,,0.0293404,0.033807,0.0516765,
Nonsmooth_runge_abs,linear interp; GPU Sparse Matrix   ,32,0.078,184595,5417.26,8, 0.033663,,0.0156181,0.033663,0.028311,
Nonsmooth_runge_abs,linear interp; GPU Sparse Matrix   ,36,0.106,216984,4608.63,8, 0.0476681,,0.0476681,0.0314822,0.0229141,
Nonsmooth_runge_abs,linear interp; GPU Sparse Matrix   ,40,0.134,228532,4375.75,8, 0.0498661,,0.0498661,0.0281789,0.0237604,
Nonsmooth_runge_abs,linear interp; GPU Sparse Matrix   ,44,0.196,235862,4239.77,8, 0.0444479,,0.0444479,0.0252816,0.0183098,
Nonsmooth_runge_abs,linear interp; GPU Sparse Matrix   ,48,0.231,258861,3863.08,8, 0.0331014,,0.0331014,0.0200537,0.01803,
Nonsmooth_runge_abs,linear interp; GPU Sparse Matrix   ,52,0.266,290853,3438.16,8, 0.0212556,,0.0212556,0.0131265,0.0134321,
Nonsmooth_runge_abs,linear interp; GPU Sparse Matrix   ,56,0.347,298856,3346.09,8, 0.0142964,,0.0134316,0.00711227,0.0142964,
Nonsmooth_runge_abs,linear interp; GPU Sparse Matrix   ,60,0.408,324565,3081.05,8, 0.0153984,,0.00956724,0.0105805,0.0153984,
Nonsmooth_runge_abs,linear interp; GPU Sparse Matrix   ,64,0.456,355830,2810.33,8, 0.0183087,,0.00930284,0.0183087,0.014714,
Nonsmooth_runge_abs,linear interp; GPU Sparse Matrix   ,68,0.589,396239,2523.73,8, 0.0147577,,0.0147577,0.0139486,0.0084566,
Nonsmooth_runge_abs,linear interp; GPU Sparse Matrix   ,72,0.671,440156,2271.92,8, 0.0188945,,0.0188945,0.0103714,0.0101325,
Nonsmooth_runge_abs,linear interp; GPU Sparse Matrix   ,76,0.75,487978,2049.27,8, 0.0168753,,0.0168753,0.007287,0.0121156,
Nonsmooth_runge_abs,linear interp; GPU Sparse Matrix   ,80,0.924,538384,1857.41,8, 0.0130472,,0.0130472,0.00697455,0.00559213,
Nonsmooth_runge_abs,linear interp; GPU Sparse Matrix   ,84,0.962,581682,1719.15,8, 0.0107775,,0.0107775,0.00619343,0.00761165,
Nonsmooth_runge_abs,linear interp; GPU Sparse Matrix   ,88,1.099,653989,1529.08,8, 0.00917207,,0.00917207,0.00573199,0.00815213,
Nonsmooth_runge_abs,linear interp; GPU Sparse Matrix   ,92,1.248,708847,1410.74,8, 0.00978932,,0.00699042,0.00567009,0.00978932,
Nonsmooth_runge_abs,linear interp; GPU Sparse Matrix   ,96,1.396,774008,1291.98,8, 0.00746879,,0.00567161,0.00574983,0.00746879,
Nonsmooth_runge_abs,linear interp; GPU Sparse Matrix   ,100,1.59,855526,1168.87,8, 0.00750257,,0.00703857,0.00597347,0.00750257,
Nonsmooth_runge_abs,linear interp; GPU Sparse Matrix   ,104,1.796,950799,1051.75,8, 0.00959512,,0.00959512,0.00627158,0.00658106,
Nonsmooth_runge_abs,linear interp; GPU Sparse Matrix   ,108,1.924,1.06164e+06,941.939,8, 0.00907307,,0.00907307,0.00637107,0.00778378,
Nonsmooth_runge_abs,linear interp; GPU Sparse Matrix   ,112,2.159,1.16733e+06,856.657,8, 0.00871284,,0.00871284,0.00634772,0.00750838,
Nonsmooth_runge_abs,linear interp; GPU Sparse Matrix   ,116,2.351,1.28145e+06,780.365,8, 0.00821532,,0.00821532,0.0062012,0.00312189,
Nonsmooth_runge_abs,linear interp; GPU Sparse Matrix   ,120,2.608,1.39272e+06,718.019,8, 0.00701499,,0.00701499,0.00575126,0.00514567,
Nonsmooth_runge_abs,linear interp; GPU Sparse Matrix   ,124,2.857,1.53309e+06,652.278,8, 0.00624469,,0.00536118,0.00510859,0.00624469,
Nonsmooth_runge_abs,linear interp; GPU Sparse Matrix   ,128,3.368,1.64136e+06,609.252,8, 0.0066518,,0.00432466,0.00424533,0.0066518,
Nonsmooth_runge_abs,linear interp; GPU Sparse Matrix   ,132,3.492,1.80712e+06,553.365,8, 0.00486184,,0.00417446,0.00307148,0.00486184,
Nonsmooth_runge_abs,linear interp; GPU Sparse Matrix   ,136,3.757,2.00695e+06,498.269,8, 0.00609674,,0.00609674,0.00230197,0.00463145,
Nonsmooth_runge_abs,linear interp; GPU Sparse Matrix   ,140,4.066,2.19651e+06,455.268,8, 0.00677788,,0.00677788,0.00334263,0.00539246,
Nonsmooth_runge_abs,linear interp; GPU Sparse Matrix   ,144,4.366,2.39999e+06,416.668,8, 0.00682814,,0.00682814,0.00567795,0.00578549,
Nonsmooth_runge_abs,linear interp; GPU Sparse Matrix   ,148,4.702,2.58575e+06,386.736,8, 0.00642173,,0.00642173,0.0044301,0.00536391,
Nonsmooth_runge_abs,linear interp; GPU Sparse Matrix   ,152,5.064,2.80891e+06,356.01,8, 0.0056544,,0.0056544,0.00350023,0.00339935,
Nonsmooth_runge_abs,linear interp; GPU Sparse Matrix   ,156,5.498,3.12274e+06,320.231,8, 0.00446961,,0.00446264,0.00331284,0.00446961,
Nonsmooth_runge_abs,linear interp; GPU Sparse Matrix   ,160,6.192,3.35975e+06,297.641,8, 0.0051109,,0.00326996,0.00334197,0.0051109,
Nonsmooth_runge_abs,linear interp; GPU Sparse Matrix   ,164,6.46,3.57019e+06,280.097,8, 0.00523113,,0.00333647,0.00334882,0.00523113,
Nonsmooth_runge_abs,linear interp; GPU Sparse Matrix   ,168,6.806,3.8559e+06,259.343,8, 0.00491222,,0.00491222,0.00301934,0.00325361,
Nonsmooth_runge_abs,linear interp; GPU Sparse Matrix   ,172,7.312,4.56717e+06,218.954,8, 0.00554753,,0.00554753,0.00313362,0.00336164,
Nonsmooth_runge_abs,linear interp; GPU Sparse Matrix   ,176,8.067,4.75935e+06,210.113,8, 0.00567731,,0.00567731,0.00321332,0.00459698,
Nonsmooth_runge_abs,linear interp; GPU Sparse Matrix   ,180,8.552,5.23356e+06,191.075,8, 0.0054394,,0.0054394,0.00324479,0.00473818,
Nonsmooth_runge_abs,linear interp; GPU Sparse Matrix   ,184,8.798,5.54133e+06,180.462,8, 0.00482892,,0.00482892,0.00326896,0.00402187,
Nonsmooth_runge_abs,linear interp; GPU Sparse Matrix   ,188,9.536,5.92652e+06,168.733,8, 0.0038049,,0.0038049,0.00336721,0.00344849,
Nonsmooth_runge_abs,linear interp; GPU Sparse Matrix   ,192,10.077,6.29938e+06,158.746,8, 0.00393294,,0.002686,0.00335806,0.00393294,
Nonsmooth_runge_abs,linear interp; GPU Sparse Matrix   ,196,10.789,6.6608e+06,150.132,8, 0.00434529,,0.00276373,0.00328058,0.00434529,
Nonsmooth_runge_abs,linear interp; GPU Sparse Matrix   ,200,11.756,6.93556e+06,144.185,8, 0.00417519,,0.00417519,0.00308058,0.00414205,
Nonsmooth_runge_abs,linear interp; GPU Sparse Matrix   ,204,12.34,7.46678e+06,133.927,8, 0.00478671,,0.00478671,0.0027531,0.00222397,
Nonsmooth_runge_abs,linear interp; GPU Sparse Matrix   ,208,12.948,7.88324e+06,126.851,8, 0.00491782,,0.00491782,0.00238111,0.00314634,
Nonsmooth_runge_abs,linear interp; GPU Sparse Matrix   ,212,13.625,8.42738e+06,118.661,8, 0.00468922,,0.00468922,0.00178867,0.00398421,
Nonsmooth_runge_abs,linear interp; GPU Sparse Matrix   ,216,14.277,8.79796e+06,113.663,8, 0.00417629,,0.00417629,0.00140019,0.00396319,
Nonsmooth_runge_abs,linear interp; GPU Sparse Matrix   ,220,15.215,9.27735e+06,107.789,8, 0.0033576,,0.0033576,0.00172185,0.00313708,
Nonsmooth_runge_abs,linear interp; GPU Sparse Matrix   ,224,15.911,9.83518e+06,101.676,8, 0.00291473,,0.00221801,0.00291473,0.00258426,
Nonsmooth_runge_abs,linear interp; GPU Sparse Matrix   ,228,16.761,1.03083e+07,97.0097,8, 0.0035276,,0.00243797,0.00231795,0.0035276,
Nonsmooth_runge_abs,linear interp; GPU Sparse Matrix   ,232,17.643,1.07483e+07,93.0376,8, 0.00379392,,0.00363985,0.00226106,0.00379392,
Nonsmooth_runge_abs,linear interp; GPU Sparse Matrix   ,236,18.763,1.12152e+07,89.1644,8, 0.00414928,,0.00414928,0.00222819,0.00342544,
Nonsmooth_runge_abs,linear interp; GPU Sparse Matrix   ,240,19.693,1.19141e+07,83.9343,8, 0.0042855,,0.0042855,0.00221257,0.00178705,
Nonsmooth_runge_abs,linear interp; GPU Sparse Matrix   ,244,20.543,1.2624e+07,79.2144,8, 0.00413726,,0.00413726,0.00224664,0.00292495,
Nonsmooth_runge_abs,linear interp; GPU Sparse Matrix   ,248,21.452,1.31978e+07,75.7702,8, 0.00374644,,0.00374644,0.00219031,0.00354711,
Nonsmooth_runge_abs,linear interp; GPU Sparse Matrix   ,252,22.849,1.38757e+07,72.0683,8, 0.00340262,,0.00304203,0.0022578,0.00340262,
Nonsmooth_runge_abs,linear interp; GPU Sparse Matrix   ,256,23.861,1.40742e+07,71.0518,8, 0.00251999,,0.00186707,0.00232262,0.00251999,
Nonsmooth_runge_abs,linear interp; GPU Sparse Matrix   ,260,25.121,1.50885e+07,66.2758,8, 0.00235871,,0.00213838,0.00235871,0.00210769,
Nonsmooth_runge_abs,linear interp; GPU Sparse Matrix   ,264,27.092,1.60139e+07,62.4456,8, 0.00321796,,0.00321796,0.00236104,0.00318831,
Nonsmooth_runge_abs,linear interp; GPU Sparse Matrix   ,268,27.694,1.69956e+07,58.8388,8, 0.00370598,,0.00370598,0.00233829,0.00338551,
Nonsmooth_runge_abs,linear interp; GPU Sparse Matrix   ,272,28.638,1.7706e+07,56.478,8, 0.00385702,,0.00385702,0.0022839,0.00291589,
Nonsmooth_runge_abs,linear interp; GPU Sparse Matrix   ,276,26.563,1.9017e+07,52.5846,8, 0.00372846,,0.00372846,0.00219658,0.00158693,
Nonsmooth_runge_abs,linear interp; GPU Sparse Matrix   ,280,28.996,1.98603e+07,50.3516,8, 0.00336326,,0.00336326,0.00206918,0.00272592,
Nonsmooth_runge_abs,linear interp; GPU Sparse Matrix   ,284,28.981,2.03187e+07,49.2158,8, 0.00321099,,0.00272607,0.00186944,0.00321099,
Nonsmooth_runge_abs,linear interp; GPU Sparse Matrix   ,288,29.189,2.18264e+07,45.8161,8, 0.00299022,,0.00160636,0.00163001,0.00299022,
Nonsmooth_runge_abs,linear interp; GPU Sparse Matrix   ,292,30.428,2.28058e+07,43.8485,8, 0.0020058,,0.00193448,0.00131985,0.0020058,
Nonsmooth_runge_abs,linear interp; GPU Sparse Matrix   ,296,31.761,2.4094e+07,41.504,8, 0.00292921,,0.00292921,0.00104096,0.00209795,
Nonsmooth_runge_abs,linear interp; GPU Sparse Matrix   ,300,33.272,2.50818e+07,39.8695,8, 0.00335772,,0.00335772,0.00120913,0.00293969,
Nonsmooth_runge_abs,linear interp; GPU Sparse Matrix   ,304,34.085,2.60442e+07,38.3962,8, 0.00347797,,0.00347797,0.00188224,0.00301308,
Nonsmooth_runge_abs,linear interp; GPU Sparse Matrix   ,308,35.663,2.6739e+07,37.3985,8, 0.00338136,,0.00338136,0.00152994,0.00251281,
Nonsmooth_runge_abs,linear interp; GPU Sparse Matrix   ,312,37.066,2.86246e+07,34.935,8, 0.00306954,,0.00306954,0.00165668,0.00129154,
Nonsmooth_runge_abs,linear interp; GPU Sparse Matrix   ,316,38.261,2.93973e+07,34.0168,8, 0.00256443,,0.00250687,0.00169794,0.00256443,
Nonsmooth_runge_abs,linear interp; GPU Sparse Matrix   ,320,40.125,3.00008e+07,33.3325,8, 0.0029274,,0.00150371,0.00165864,0.0029274,
Nonsmooth_runge_abs,linear interp; GPU Sparse Matrix   ,324,41.958,3.21185e+07,31.1347,8, 0.00266517,,0.00175271,0.00171215,0.00266517,
Nonsmooth_runge_abs,linear interp; GPU Sparse Matrix   ,328,42.832,5.80236e+07,17.2344,8, 0.0026446,,0.0026446,0.00173969,0.00159886,
Nonsmooth_runge_abs,linear interp; GPU Sparse Matrix   ,332,44.863,3.4698e+07,28.8201,8, 0.00305549,,0.00305549,0.0017946,0.00205321,
Nonsmooth_runge_abs,linear interp; GPU Sparse Matrix   ,336,45.836,3.58313e+07,27.9086,8, 0.00318911,,0.00318911,0.00183693,0.00272988,
Nonsmooth_runge_abs,linear interp; GPU Sparse Matrix   ,340,50.888,3.70834e+07,26.9662,8, 0.00312293,,0.00312293,0.00185864,0.00272743,
Nonsmooth_runge_abs,linear interp; GPU Sparse Matrix   ,344,49.987,3.81004e+07,26.2464,8, 0.00283435,,0.00283435,0.00185619,0.00217801,
Nonsmooth_runge_abs,linear interp; GPU Sparse Matrix   ,348,52.258,3.97739e+07,25.1421,8, 0.00231998,,0.00231998,0.00183511,0.00145409,
Nonsmooth_runge_abs,linear interp; GPU Sparse Matrix   ,352,54.066,4.13546e+07,24.1811,8, 0.00242699,,0.00139283,0.00179262,0.00242699,
Nonsmooth_runge_abs,linear interp; GPU Sparse Matrix   ,356,55.76,4.26163e+07,23.4652,8, 0.0026774,,0.00160959,0.00171249,0.0026774,
Nonsmooth_runge_abs,linear interp; GPU Sparse Matrix   ,360,56.925,4.44218e+07,22.5115,8, 0.00244111,,0.00244111,0.00160942,0.00238917,
Nonsmooth_runge_abs,linear interp; GPU Sparse Matrix   ,364,59.968,4.67444e+07,21.3929,8, 0.00282465,,0.00282465,0.0014743,0.00133372,
Nonsmooth_runge_abs,linear interp; GPU Sparse Matrix   ,368,63.569,4.79185e+07,20.8688,8, 0.0029449,,0.0029449,0.00129428,0.00200828,
Nonsmooth_runge_abs,linear interp; GPU Sparse Matrix   ,372,63.614,4.99056e+07,20.0378,8, 0.00287307,,0.00287307,0.00105419,0.00253893,
Nonsmooth_runge_abs,linear interp; GPU Sparse Matrix   ,376,64.964,5.21757e+07,19.166,8, 0.0026167,,0.0026167,0.000850738,0.00248779,
Nonsmooth_runge_abs,linear interp; GPU Sparse Matrix   ,380,67.207,5.37135e+07,18.6173,8, 0.00216189,,0.00216189,0.000930519,0.00187373,
Nonsmooth_runge_abs,linear interp; GPU Sparse Matrix   ,384,68.478,5.46364e+07,18.3028,8, 0.00138021,,0.0013137,0.00132298,0.00138021,
Nonsmooth_runge_abs,linear interp; GPU Sparse Matrix   ,388,72.634,5.71543e+07,17.4965,8, 0.00230856,,0.00150405,0.00123697,0.00230856,
Nonsmooth_runge_abs,linear interp; GPU Sparse Matrix   ,392,74.385,5.95405e+07,16.7953,8, 0.00247336,,0.00226262,0.00131106,0.00247336,
Nonsmooth_runge_abs,linear interp; GPU Sparse Matrix   ,396,77.304,6.14967e+07,16.261,8, 0.00261015,,0.00261015,0.00137384,0.00214494,
Nonsmooth_runge_abs,linear interp; GPU Sparse Matrix   ,400,79.772,6.3229e+07,15.8155,8, 0.00273553,,0.00273553,0.00135805,0.00122605,
Nonsmooth_runge_abs,linear interp; GPU Sparse Matrix   ,404,81.707,6.32221e+07,15.8173,8, 0.0026777,,0.0026777,0.00138527,0.00196301,
Nonsmooth_runge_abs,linear interp; GPU Sparse Matrix   ,408,83.817,6.6649e+07,15.004,8, 0.00245743,,0.00245743,0.00144394,0.00237072,
Nonsmooth_runge_abs,linear interp; GPU Sparse Matrix   ,412,86.138,6.83487e+07,14.6308,8, 0.00227552,,0.00202575,0.00149138,0.00227552,
Nonsmooth_runge_abs,linear interp; GPU Sparse Matrix   ,416,89.596,7.16026e+07,13.966,8, 0.00159389,,0.001224,0.00152802,0.00159389,
Nonsmooth_runge_abs,linear interp; GPU Sparse Matrix   ,420,92.235,7.68793e+07,13.0074,8, 0.00154934,,0.00138961,0.00154934,0.0014563,
Nonsmooth_runge_abs,linear interp; GPU Sparse Matrix   ,424,94.432,7.83728e+07,12.7595,8, 0.0021856,,0.00210646,0.00155073,0.0021856,
Nonsmooth_runge_abs,linear interp; GPU Sparse Matrix   ,428,98.209,8.08855e+07,12.3632,8, 0.00244253,,0.00244253,0.0015345,0.00229906,
Nonsmooth_runge_abs,linear interp; GPU Sparse Matrix   ,432,100.252,8.39352e+07,11.9139,8, 0.00257047,,0.00257047,0.00149189,0.00192111,
Nonsmooth_runge_abs,linear interp; GPU Sparse Matrix   ,436,102.969,8.55062e+07,11.6951,8, 0.00250897,,0.00250897,0.00143017,0.00111423,
Nonsmooth_runge_abs,linear interp; GPU Sparse Matrix   ,440,106.91,9.14882e+07,10.9304,8, 0.00230049,,0.00230049,0.00134376,0.00190917,
Nonsmooth_runge_abs,linear interp; GPU Sparse Matrix   ,444,109.587,9.41495e+07,10.6214,8, 0.0022272,,0.00189998,0.00123022,0.0022272,
Nonsmooth_runge_abs,linear interp; GPU Sparse Matrix   ,448,111.912,1.0302e+08,9.70681,8, 0.0020866,,0.00116045,0.00108052,0.0020866,
Nonsmooth_runge_abs,linear interp; GPU Sparse Matrix   ,452,115.526,1.02336e+08,9.77174,8, 0.00136111,,0.0013083,0.0008824,0.00136111,
Nonsmooth_runge_abs,linear interp; GPU Sparse Matrix   ,456,122.393,1.09308e+08,9.14843,8, 0.00197938,,0.00197938,0.000728266,0.00149982,
Nonsmooth_runge_abs,linear interp; GPU Sparse Matrix   ,460,121.866,1.0785e+08,9.27211,8, 0.00228992,,0.00228992,0.000755993,0.00207878,
Nonsmooth_runge_abs,linear interp; GPU Sparse Matrix   ,464,124.529,1.13525e+08,8.80864,8, 0.00240374,,0.00240374,0.000998488,0.00213738,
Nonsmooth_runge_abs,linear interp; GPU Sparse Matrix   ,468,128.592,1.18714e+08,8.42358,8, 0.0023588,,0.0023588,0.00104204,0.00172418,
Nonsmooth_runge_abs,linear interp; GPU Sparse Matrix   ,472,133.551,1.23045e+08,8.12708,8, 0.00217184,,0.00217184,0.00108143,0.00094716,
Nonsmooth_runge_abs,linear interp; GPU Sparse Matrix   ,476,133.945,1.25468e+08,7.97014,8, 0.0018479,,0.00180179,0.00114823,0.0018479,
Nonsmooth_runge_abs,linear interp; GPU Sparse Matrix   ,480,137.911,1.28083e+08,7.80746,8, 0.00210112,,0.00111,0.00116586,0.00210112,
Nonsmooth_runge_abs,linear interp; GPU Sparse Matrix   ,484,142.143,1.32362e+08,7.55505,8, 0.00191065,,0.00122836,0.00119746,0.00191065,
Nonsmooth_runge_abs,linear interp; GPU Sparse Matrix   ,488,146.287,1.36333e+08,7.33499,8, 0.00185952,,0.00185952,0.0012471,0.00114915,
Nonsmooth_runge_abs,linear interp; GPU Sparse Matrix   ,492,151.342,1.44716e+08,6.91007,8, 0.00215912,,0.00215912,0.00128879,0.00150997,
Nonsmooth_runge_abs,linear interp; GPU Sparse Matrix   ,496,153.326,1.44154e+08,6.93705,8, 0.00227126,,0.00227126,0.00131735,0.00198603,
Nonsmooth_runge_abs,linear interp; GPU Sparse Matrix   ,500,160.866,1.58746e+08,6.29936,8, 0.00223651,,0.00223651,0.00133234,0.00198821,
Nonsmooth_runge_abs,linear interp; GPU Sparse Matrix   ,504,161.913,1.62399e+08,6.15767,8, 0.002053,,0.002053,0.00133029,0.00154849,
Nonsmooth_runge_abs,linear interp; GPU Sparse Matrix   ,508,165.898,1.64797e+08,6.06809,8, 0.00170178,,0.00170178,0.00131469,0.000939801,
Nonsmooth_runge_abs,linear interp; GPU Sparse Matrix   ,512,170.085,1.60223e+08,6.2413,8, 0.00179418,,0.00105244,0.00127869,0.00179418,
Nonsmooth_runge_abs,linear interp; GPU Sparse Matrix   ,516,176.345,1.86268e+08,5.36862,8, 0.00198093,,0.00116204,0.00122569,0.00198093,
