function_name, calculator,N,init_time, calc_time, calc_hz, bytes, max_error, blank_column, err1, err2, err3, Blank
Smooth_runge,linear interp; GPU Sparse Matrix   ,8,0.15,386628,2586.47,8, 0.432059,,0.432059,0.224373,0.302186,
Smooth_runge,linear interp; GPU Sparse Matrix   ,12,0.031,120601,8291.81,8, 0.285866,,0.285866,0.14927,0.214222,
Smooth_runge,linear interp; GPU Sparse Matrix   ,16,0.022,118258,8456.09,8, 0.205543,,0.205543,0.081655,0.103433,
Smooth_runge,linear interp; GPU Sparse Matrix   ,20,0.058,160632,6225.41,8, 0.119723,,0.119723,0.060917,0.0735326,
Smooth_runge,linear interp; GPU Sparse Matrix   ,24,0.076,164375,6083.65,8, 0.0883812,,0.0692912,0.0476476,0.0883812,
Smooth_runge,linear interp; GPU Sparse Matrix   ,28,0.061,163174,6128.43,8, 0.0773586,,0.030893,0.0399958,0.0773586,
Smooth_runge,linear interp; GPU Sparse Matrix   ,32,0.074,173069,5778.04,8, 0.0366868,,0.00820786,0.0357729,0.0366868,
Smooth_runge,linear interp; GPU Sparse Matrix   ,36,0.099,194787,5133.81,8, 0.050199,,0.050199,0.0322617,0.0271706,
Smooth_runge,linear interp; GPU Sparse Matrix   ,40,0.241,217975,4587.68,8, 0.0534612,,0.0534612,0.0275507,0.0353998,
Smooth_runge,linear interp; GPU Sparse Matrix   ,44,0.168,231064,4327.81,8, 0.0460506,,0.0460506,0.0243438,0.02475,
Smooth_runge,linear interp; GPU Sparse Matrix   ,48,0.309,247296,4043.74,8, 0.0348605,,0.0348605,0.0195733,0.0240218,
Smooth_runge,linear interp; GPU Sparse Matrix   ,52,0.274,293994,3401.43,8, 0.0221158,,0.0221158,0.0133747,0.0115037,
Smooth_runge,linear interp; GPU Sparse Matrix   ,56,0.351,305884,3269.21,8, 0.0175601,,0.01118,0.00868197,0.0175601,
Smooth_runge,linear interp; GPU Sparse Matrix   ,60,0.41,320543,3119.71,8, 0.019834,,0.00363956,0.0133936,0.019834,
Smooth_runge,linear interp; GPU Sparse Matrix   ,64,0.44,345350,2895.61,8, 0.0235329,,0.00753415,0.0189605,0.0235329,
Smooth_runge,linear interp; GPU Sparse Matrix   ,68,0.542,385649,2593.03,8, 0.0153188,,0.0153188,0.0151547,0.00890278,
Smooth_runge,linear interp; GPU Sparse Matrix   ,72,0.643,436048,2293.33,8, 0.019529,,0.019529,0.0115619,0.00864416,
Smooth_runge,linear interp; GPU Sparse Matrix   ,76,0.749,477093,2096.03,8, 0.0173541,,0.0173541,0.00850902,0.0135008,
Smooth_runge,linear interp; GPU Sparse Matrix   ,80,0.882,523741,1909.34,8, 0.0135491,,0.0135491,0.00623866,0.00575216,
Smooth_runge,linear interp; GPU Sparse Matrix   ,84,0.966,584286,1711.49,8, 0.00922544,,0.00898756,0.00422385,0.00922544,
Smooth_runge,linear interp; GPU Sparse Matrix   ,88,1.133,648315,1542.46,8, 0.00440038,,0.00425443,0.00302929,0.00440038,
Smooth_runge,linear interp; GPU Sparse Matrix   ,92,1.234,713649,1401.25,8, 0.00871619,,0.00155323,0.00325617,0.00871619,
Smooth_runge,linear interp; GPU Sparse Matrix   ,96,1.396,774678,1290.86,8, 0.00816514,,0.00577384,0.00348037,0.00816514,
Smooth_runge,linear interp; GPU Sparse Matrix   ,100,1.568,857536,1166.13,8, 0.0113479,,0.00729691,0.00409956,0.0113479,
Smooth_runge,linear interp; GPU Sparse Matrix   ,104,1.801,943255,1060.16,8, 0.00990732,,0.00990732,0.00459606,0.00349419,
Smooth_runge,linear interp; GPU Sparse Matrix   ,108,1.944,1.06298e+06,940.749,8, 0.00939807,,0.00939807,0.00491225,0.00515803,
Smooth_runge,linear interp; GPU Sparse Matrix   ,112,2.176,1.1716e+06,853.534,8, 0.00761146,,0.00761146,0.00508275,0.00750645,
Smooth_runge,linear interp; GPU Sparse Matrix   ,116,2.274,1.26694e+06,789.302,8, 0.00523055,,0.00523055,0.00512616,0.00322273,
Smooth_runge,linear interp; GPU Sparse Matrix   ,120,2.576,1.38256e+06,723.296,8, 0.0048085,,0.0021043,0.0048085,0.00459518,
Smooth_runge,linear interp; GPU Sparse Matrix   ,124,2.81,1.53202e+06,652.735,8, 0.00426617,,0.0011978,0.00426617,0.00245765,
Smooth_runge,linear interp; GPU Sparse Matrix   ,128,3.132,1.65174e+06,605.421,8, 0.00553994,,0.00443754,0.00357543,0.00553994,
Smooth_runge,linear interp; GPU Sparse Matrix   ,132,3.231,1.81587e+06,550.701,8, 0.00433537,,0.00433537,0.00248409,0.00421362,
Smooth_runge,linear interp; GPU Sparse Matrix   ,136,3.47,2.01112e+06,497.237,8, 0.00660217,,0.00626019,0.00149219,0.00660217,
Smooth_runge,linear interp; GPU Sparse Matrix   ,140,3.764,2.18408e+06,457.859,8, 0.00608275,,0.00608275,0.00351641,0.00170884,
Smooth_runge,linear interp; GPU Sparse Matrix   ,144,4.259,2.38444e+06,419.386,8, 0.0056525,,0.00497444,0.0056525,0.00361101,
Smooth_runge,linear interp; GPU Sparse Matrix   ,148,4.689,2.63048e+06,380.159,8, 0.00459012,,0.00320378,0.00440781,0.00459012,
Smooth_runge,linear interp; GPU Sparse Matrix   ,152,4.971,2.80387e+06,356.65,8, 0.00498026,,0.00116562,0.00346674,0.00498026,
Smooth_runge,linear interp; GPU Sparse Matrix   ,156,5.408,3.05676e+06,327.144,8, 0.00264603,,0.00106447,0.00262677,0.00264603,
Smooth_runge,linear interp; GPU Sparse Matrix   ,160,5.8,3.31558e+06,301.606,8, 0.00337101,,0.00337101,0.0019221,0.00191206,
Smooth_runge,linear interp; GPU Sparse Matrix   ,164,6.322,3.54839e+06,281.818,8, 0.00390604,,0.00289886,0.0013356,0.00390604,
Smooth_runge,linear interp; GPU Sparse Matrix   ,168,6.825,3.87944e+06,257.769,8, 0.00428979,,0.00428979,0.000868733,0.00227606,
Smooth_runge,linear interp; GPU Sparse Matrix   ,172,7.329,4.4983e+06,222.306,8, 0.00425912,,0.00425912,0.000909053,0.00415958,
Smooth_runge,linear interp; GPU Sparse Matrix   ,176,7.821,4.7554e+06,210.287,8, 0.003458,,0.003458,0.00126089,0.00105267,
Smooth_runge,linear interp; GPU Sparse Matrix   ,180,8.35,5.19426e+06,192.52,8, 0.00281266,,0.00225295,0.00160294,0.00281266,
Smooth_runge,linear interp; GPU Sparse Matrix   ,184,8.861,5.58515e+06,179.046,8, 0.00313482,,0.000772253,0.0018928,0.00313482,
Smooth_runge,linear interp; GPU Sparse Matrix   ,188,9.625,5.88677e+06,169.872,8, 0.00551628,,0.000911427,0.00209643,0.00551628,
Smooth_runge,linear interp; GPU Sparse Matrix   ,192,9.598,6.13598e+06,162.973,8, 0.0027716,,0.0027716,0.00218443,0.00158556,
Smooth_runge,linear interp; GPU Sparse Matrix   ,196,10.921,6.61604e+06,151.148,8, 0.00219851,,0.00202989,0.00219851,0.00161431,
Smooth_runge,linear interp; GPU Sparse Matrix   ,200,11.617,6.96347e+06,143.607,8, 0.00318144,,0.00318144,0.00211907,0.00291376,
Smooth_runge,linear interp; GPU Sparse Matrix   ,204,12.038,7.42871e+06,134.613,8, 0.00321421,,0.00321421,0.00190291,0.00113044,
Smooth_runge,linear interp; GPU Sparse Matrix   ,208,12.806,7.78807e+06,128.402,8, 0.00276197,,0.00260704,0.00159086,0.00276197,
Smooth_runge,linear interp; GPU Sparse Matrix   ,212,13.63,8.25119e+06,121.195,8, 0.00166349,,0.00166349,0.00108249,0.000709688,
Smooth_runge,linear interp; GPU Sparse Matrix   ,216,14.344,8.81123e+06,113.492,8, 0.00224431,,0.000514808,0.000530875,0.00224431,
Smooth_runge,linear interp; GPU Sparse Matrix   ,220,15.181,9.3735e+06,106.684,8, 0.00220429,,0.000845662,0.00175079,0.00220429,
Smooth_runge,linear interp; GPU Sparse Matrix   ,224,15.62,9.83164e+06,101.712,8, 0.00390018,,0.00228669,0.00294973,0.00390018,
Smooth_runge,linear interp; GPU Sparse Matrix   ,228,16.921,1.01808e+07,98.224,8, 0.00232871,,0.00155642,0.00232871,0.000988197,
Smooth_runge,linear interp; GPU Sparse Matrix   ,232,17.611,1.07615e+07,92.924,8, 0.002497,,0.002497,0.00180997,0.00142729,
Smooth_runge,linear interp; GPU Sparse Matrix   ,236,18.335,1.11784e+07,89.4582,8, 0.00247941,,0.00247941,0.00135309,0.00225144,
Smooth_runge,linear interp; GPU Sparse Matrix   ,240,19.565,1.19738e+07,83.5154,8, 0.00201877,,0.00201877,0.000950235,0.000525646,
Smooth_runge,linear interp; GPU Sparse Matrix   ,244,20.347,1.26029e+07,79.3469,8, 0.00186855,,0.00129426,0.000611704,0.00186855,
Smooth_runge,linear interp; GPU Sparse Matrix   ,248,21.568,1.3246e+07,75.4946,8, 0.000587973,,0.000362308,0.000400942,0.000587973,
Smooth_runge,linear interp; GPU Sparse Matrix   ,252,22.403,1.38504e+07,72.2003,8, 0.00186606,,0.000727602,0.000434176,0.00186606,
Smooth_runge,linear interp; GPU Sparse Matrix   ,256,23.829,1.41065e+07,70.8895,8, 0.00192341,,0.00192341,0.000682973,0.00155752,
Smooth_runge,linear interp; GPU Sparse Matrix   ,260,24.788,1.50927e+07,66.2574,8, 0.00282965,,0.00121057,0.000891147,0.00282965,
Smooth_runge,linear interp; GPU Sparse Matrix   ,264,27.18,1.61879e+07,61.7745,8, 0.0019802,,0.0019802,0.00105739,0.000606856,
Smooth_runge,linear interp; GPU Sparse Matrix   ,268,27.396,1.68075e+07,59.4974,8, 0.00199643,,0.00199643,0.00118549,0.00128018,
Smooth_runge,linear interp; GPU Sparse Matrix   ,272,28.822,1.7831e+07,56.0822,8, 0.00177989,,0.00165053,0.00126205,0.00177989,
Smooth_runge,linear interp; GPU Sparse Matrix   ,276,26.406,1.89384e+07,52.8027,8, 0.00128871,,0.00104961,0.00128871,0.000789079,
Smooth_runge,linear interp; GPU Sparse Matrix   ,280,27.019,1.97155e+07,50.7215,8, 0.00127639,,0.000262634,0.0012492,0.00127639,
Smooth_runge,linear interp; GPU Sparse Matrix   ,284,28.856,2.0324e+07,49.2029,8, 0.00113175,,0.000661296,0.00113175,0.000632443,
Smooth_runge,linear interp; GPU Sparse Matrix   ,288,29.081,2.15051e+07,46.5007,8, 0.00165465,,0.00165465,0.000938423,0.00157297,
Smooth_runge,linear interp; GPU Sparse Matrix   ,292,30.881,2.28746e+07,43.7165,8, 0.00107352,,0.000971859,0.00063374,0.00107352,
Smooth_runge,linear interp; GPU Sparse Matrix   ,296,32.183,2.38232e+07,41.9759,8, 0.00209722,,0.00164777,0.000297894,0.00209722,
Smooth_runge,linear interp; GPU Sparse Matrix   ,300,33.277,2.50528e+07,39.9157,8, 0.00166117,,0.00166117,0.00108982,0.00038285,
Smooth_runge,linear interp; GPU Sparse Matrix   ,304,34.014,2.60219e+07,38.4292,8, 0.00187826,,0.00136507,0.00187826,0.00116132,
Smooth_runge,linear interp; GPU Sparse Matrix   ,308,35.57,2.68952e+07,37.1813,8, 0.00148782,,0.00083893,0.00148782,0.00142314,
Smooth_runge,linear interp; GPU Sparse Matrix   ,312,36.723,2.84911e+07,35.0987,8, 0.00176245,,0.000198898,0.00113118,0.00176245,
Smooth_runge,linear interp; GPU Sparse Matrix   ,316,38.547,2.97137e+07,33.6545,8, 0.000872132,,0.000578172,0.000847444,0.000872132,
Smooth_runge,linear interp; GPU Sparse Matrix   ,320,39.947,2.99724e+07,33.364,8, 0.00143497,,0.00143497,0.000595166,0.00064299,
Smooth_runge,linear interp; GPU Sparse Matrix   ,324,41.941,3.21109e+07,31.1421,8, 0.00134848,,0.000802797,0.000384324,0.00134848,
Smooth_runge,linear interp; GPU Sparse Matrix   ,328,42.817,3.34863e+07,29.863,8, 0.00137287,,0.00137287,0.000249146,0.000686689,
Smooth_runge,linear interp; GPU Sparse Matrix   ,332,44.633,3.46797e+07,28.8353,8, 0.0015647,,0.00139718,0.00027448,0.0015647,
Smooth_runge,linear interp; GPU Sparse Matrix   ,336,46.063,3.61082e+07,27.6945,8, 0.00114398,,0.00114398,0.000444691,0.000263031,
Smooth_runge,linear interp; GPU Sparse Matrix   ,340,48.485,3.70817e+07,26.9675,8, 0.00105653,,0.00070938,0.000592122,0.00105653,
Smooth_runge,linear interp; GPU Sparse Matrix   ,344,50.344,3.79664e+07,26.3391,8, 0.00114941,,0.000155773,0.000705413,0.00114941,
Smooth_runge,linear interp; GPU Sparse Matrix   ,348,52.478,3.96936e+07,25.193,8, 0.00224125,,0.000524642,0.000792946,0.00224125,
Smooth_runge,linear interp; GPU Sparse Matrix   ,352,53.661,4.17677e+07,23.942,8, 0.00127777,,0.00127777,0.000846581,0.000581465,
Smooth_runge,linear interp; GPU Sparse Matrix   ,356,55.994,4.30098e+07,23.2505,8, 0.000860093,,0.000672142,0.000860093,0.000652314,
Smooth_runge,linear interp; GPU Sparse Matrix   ,360,57.592,4.45761e+07,22.4335,8, 0.0011762,,0.0011762,0.00083456,0.00116273,
Smooth_runge,linear interp; GPU Sparse Matrix   ,364,59.728,4.69517e+07,21.2985,8, 0.00120475,,0.00120475,0.000762619,0.00035986,
Smooth_runge,linear interp; GPU Sparse Matrix   ,368,62.229,4.79508e+07,20.8547,8, 0.00117552,,0.000982394,0.000631365,0.00117552,
Smooth_runge,linear interp; GPU Sparse Matrix   ,372,64.26,5.01815e+07,19.9277,8, 0.00060115,,0.00060115,0.000423416,0.000229643,
Smooth_runge,linear interp; GPU Sparse Matrix   ,376,65.491,5.24001e+07,19.0839,8, 0.000959579,,0.000122947,0.000177622,0.000959579,
Smooth_runge,linear interp; GPU Sparse Matrix   ,380,67.865,5.38669e+07,18.5643,8, 0.000909228,,0.000483367,0.000765875,0.000909228,
Smooth_runge,linear interp; GPU Sparse Matrix   ,384,69.418,5.50141e+07,18.1772,8, 0.00176248,,0.00113277,0.00132441,0.00176248,
Smooth_runge,linear interp; GPU Sparse Matrix   ,388,73.636,5.74576e+07,17.4041,8, 0.00105416,,0.000584263,0.00105416,0.000390481,
Smooth_runge,linear interp; GPU Sparse Matrix   ,392,74.07,5.92759e+07,16.8703,8, 0.00102021,,0.00102021,0.000806072,0.000640023,
Smooth_runge,linear interp; GPU Sparse Matrix   ,396,77.527,6.15166e+07,16.2558,8, 0.00104105,,0.00104105,0.000596713,0.00100144,
Smooth_runge,linear interp; GPU Sparse Matrix   ,400,80.321,6.34083e+07,15.7708,8, 0.000849583,,0.000849583,0.000411627,0.000198362,
Smooth_runge,linear interp; GPU Sparse Matrix   ,404,81.518,6.33922e+07,15.7748,8, 0.000878486,,0.000519432,0.000255567,0.000878486,
Smooth_runge,linear interp; GPU Sparse Matrix   ,408,83.198,7.31916e+07,13.6628,8, 0.000267262,,9.90989e-05,0.000161627,0.000267262,
Smooth_runge,linear interp; GPU Sparse Matrix   ,412,85.831,6.90219e+07,14.4882,8, 0.000874908,,0.000435059,0.000190294,0.000874908,
Smooth_runge,linear interp; GPU Sparse Matrix   ,416,89.283,7.17215e+07,13.9428,8, 0.00101565,,0.00101565,0.000313921,0.000704889,
Smooth_runge,linear interp; GPU Sparse Matrix   ,420,92.4,7.47886e+07,13.371,8, 0.00139321,,0.000498701,0.00042323,0.00139321,
Smooth_runge,linear interp; GPU Sparse Matrix   ,424,95.388,7.52681e+07,13.2858,8, 0.00088809,,0.00088809,0.000510654,0.000261951,
Smooth_runge,linear interp; GPU Sparse Matrix   ,428,97.765,7.67624e+07,13.0272,8, 0.0009183,,0.0009183,0.000577482,0.000626945,
Smooth_runge,linear interp; GPU Sparse Matrix   ,432,100.038,8.2039e+07,12.1893,8, 0.000864883,,0.000752764,0.000617063,0.000864883,
Smooth_runge,linear interp; GPU Sparse Matrix   ,436,103.06,8.56192e+07,11.6796,8, 0.000630972,,0.000456851,0.000630972,0.000410511,
Smooth_runge,linear interp; GPU Sparse Matrix   ,440,107.442,8.94457e+07,11.18,8, 0.000647154,,8.21953e-05,0.000613942,0.000647154,
Smooth_runge,linear interp; GPU Sparse Matrix   ,444,110.489,9.26003e+07,10.7991,8, 0.000561218,,0.000401428,0.000561218,0.000312127,
Smooth_runge,linear interp; GPU Sparse Matrix   ,448,112.887,9.77423e+07,10.231,8, 0.000921376,,0.000921376,0.000461486,0.000798831,
Smooth_runge,linear interp; GPU Sparse Matrix   ,452,116.977,9.96243e+07,10.0377,8, 0.000520753,,0.00043686,0.000303895,0.000520753,
Smooth_runge,linear interp; GPU Sparse Matrix   ,456,123.023,1.10661e+08,9.03662,8, 0.00110328,,0.000792861,0.000132413,0.00110328,
Smooth_runge,linear interp; GPU Sparse Matrix   ,460,122.556,1.08397e+08,9.22532,8, 0.000816378,,0.000816378,0.000578661,0.000167583,
Smooth_runge,linear interp; GPU Sparse Matrix   ,464,125.054,1.13962e+08,8.77489,8, 0.00100114,,0.000662725,0.00100114,0.000606548,
Smooth_runge,linear interp; GPU Sparse Matrix   ,468,129.657,1.27188e+08,7.86238,8, 0.00079692,,0.000396445,0.00079692,0.000738251,
Smooth_runge,linear interp; GPU Sparse Matrix   ,472,132.974,1.26936e+08,7.87797,8, 0.000962097,,6.82667e-05,0.000608078,0.000962097,
Smooth_runge,linear interp; GPU Sparse Matrix   ,476,134.197,1.25485e+08,7.96907,8, 0.000469909,,0.000364993,0.0004432,0.000469909,
Smooth_runge,linear interp; GPU Sparse Matrix   ,480,139.073,1.25195e+08,7.98751,8, 0.000837292,,0.000837292,0.00030573,0.000344638,
Smooth_runge,linear interp; GPU Sparse Matrix   ,484,142.953,1.36336e+08,7.33482,8, 0.000724358,,0.000385308,0.000189047,0.000724358,
Smooth_runge,linear interp; GPU Sparse Matrix   ,488,147.672,1.37096e+08,7.29415,8, 0.000706032,,0.000706032,0.000114472,0.000348121,
Smooth_runge,linear interp; GPU Sparse Matrix   ,492,152.442,1.55921e+08,6.41349,8, 0.000871467,,0.000726408,0.00014271,0.000871467,
Smooth_runge,linear interp; GPU Sparse Matrix   ,496,155.126,1.55351e+08,6.43702,8, 0.000592698,,0.000592698,0.000238589,0.000131884,
Smooth_runge,linear interp; GPU Sparse Matrix   ,500,161.202,1.58979e+08,6.29015,8, 0.000585676,,0.000357083,0.000323723,0.000585676,
Smooth_runge,linear interp; GPU Sparse Matrix   ,504,164.637,1.6506e+08,6.0584,8, 0.000626377,,5.69981e-05,0.000390362,0.000626377,
Smooth_runge,linear interp; GPU Sparse Matrix   ,508,169.074,1.73882e+08,5.75103,8, 0.00128015,,0.000340659,0.000442214,0.00128015,
Smooth_runge,linear interp; GPU Sparse Matrix   ,512,172.465,1.71124e+08,5.8437,8, 0.00077083,,0.00077083,0.000473964,0.000328687,
Smooth_runge,linear interp; GPU Sparse Matrix   ,516,178.122,1.88733e+08,5.2985,8, 0.000485066,,0.000344146,0.000485066,0.000367724,
