function_name, calculator,N,init_time, calc_time, calc_hz, bytes, max_error, blank_column, err1, err2, err3, Blank
Smooth_poly,bicubic interp; CPU Sparse Matrix  ,8,0.002,61607,16231.9,8, 0.0517949,,0.0280479,0.0352902,0.0517949,
Smooth_poly,bicubic interp; CPU Sparse Matrix  ,12,0.002,54528,18339.2,8, 0.0437183,,0.0216689,0.015408,0.0437183,
Smooth_poly,bicubic interp; CPU Sparse Matrix  ,16,0.004,72666,13761.6,8, 0.0262735,,0.0164296,0.00836587,0.0262735,
Smooth_poly,bicubic interp; CPU Sparse Matrix  ,20,0.009,102511,9755.05,8, 0.0123608,,0.0120885,0.00498519,0.0123608,
Smooth_poly,bicubic interp; CPU Sparse Matrix  ,24,0.015,134247,7448.96,8, 0.00896191,,0.00879738,0.00310278,0.00896191,
Smooth_poly,bicubic interp; CPU Sparse Matrix  ,28,0.097,205546,4865.09,8, 0.00999162,,0.0075117,0.00213043,0.00999162,
Smooth_poly,bicubic interp; CPU Sparse Matrix  ,32,0.107,303054,3299.74,8, 0.00958357,,0.00539613,0.00181483,0.00958357,
Smooth_poly,bicubic interp; CPU Sparse Matrix  ,36,0.133,433631,2306.11,8, 0.00516104,,0.00354795,0.00159515,0.00516104,
Smooth_poly,bicubic interp; CPU Sparse Matrix  ,40,0.229,582539,1716.62,8, 0.00355607,,0.00266847,0.00143067,0.00355607,
Smooth_poly,bicubic interp; CPU Sparse Matrix  ,44,0.279,9.87646e+07,10.1251,8, 0.00399993,,0.00258053,0.00130667,0.00399993,
Smooth_poly,bicubic interp; CPU Sparse Matrix  ,48,0.24,941577,1062.05,8, 0.00529075,,0.00269175,0.00121418,0.00529075,
Smooth_poly,bicubic interp; CPU Sparse Matrix  ,52,0.366,1.17888e+06,848.266,8, 0.00379606,,0.00248587,0.00114839,0.00379606,
Smooth_poly,bicubic interp; CPU Sparse Matrix  ,56,0.377,1.44644e+06,691.353,8, 0.00229627,,0.00229627,0.00110867,0.00198989,
Smooth_poly,bicubic interp; CPU Sparse Matrix  ,60,0.501,1.76702e+06,565.924,8, 0.00223786,,0.00223786,0.00111172,0.00220195,
Smooth_poly,bicubic interp; CPU Sparse Matrix  ,64,0.486,2.07288e+06,482.422,8, 0.00304022,,0.00177612,0.00117132,0.00304022,
Smooth_poly,bicubic interp; CPU Sparse Matrix  ,68,0.619,2.53503e+06,394.473,8, 0.0029575,,0.00125927,0.00116665,0.0029575,
Smooth_poly,bicubic interp; CPU Sparse Matrix  ,72,0.688,2.94008e+06,340.127,8, 0.00164642,,0.00101343,0.00111399,0.00164642,
Smooth_poly,bicubic interp; CPU Sparse Matrix  ,76,0.911,3.46964e+06,288.215,8, 0.00139975,,0.000884462,0.0010308,0.00139975,
Smooth_poly,bicubic interp; CPU Sparse Matrix  ,80,1.04,4.36084e+06,229.314,8, 0.00169584,,0.00106239,0.000929718,0.00169584,
Smooth_poly,bicubic interp; CPU Sparse Matrix  ,84,1.015,4.59142e+06,217.798,8, 0.00227338,,0.00106161,0.000819858,0.00227338,
Smooth_poly,bicubic interp; CPU Sparse Matrix  ,88,1.187,5.23839e+06,190.898,8, 0.00161433,,0.00114487,0.000707808,0.00161433,
Smooth_poly,bicubic interp; CPU Sparse Matrix  ,92,1.395,5.82411e+06,171.7,8, 0.00115668,,0.00115668,0.000598312,0.000970201,
Smooth_poly,bicubic interp; CPU Sparse Matrix  ,96,1.428,6.58298e+06,151.907,8, 0.001121,,0.000946151,0.000494698,0.001121,
Smooth_poly,bicubic interp; CPU Sparse Matrix  ,100,1.693,7.42274e+06,134.721,8, 0.00162462,,0.000687668,0.000399281,0.00162462,
Smooth_poly,bicubic interp; CPU Sparse Matrix  ,104,1.708,8.94874e+06,111.748,8, 0.00150656,,0.000566676,0.000313567,0.00150656,
Smooth_poly,bicubic interp; CPU Sparse Matrix  ,108,3.179,9.29174e+06,107.622,8, 0.000813968,,0.000485486,0.000286553,0.000813968,
Smooth_poly,bicubic interp; CPU Sparse Matrix  ,112,2.453,1.03832e+07,96.3095,8, 0.000802333,,0.000425207,0.000281723,0.000802333,
Smooth_poly,bicubic interp; CPU Sparse Matrix  ,116,2.601,1.15186e+07,86.8162,8, 0.00101616,,0.000594237,0.0002783,0.00101616,
Smooth_poly,bicubic interp; CPU Sparse Matrix  ,120,3.158,1.2636e+07,79.1387,8, 0.00132104,,0.000713093,0.000276369,0.00132104,
Smooth_poly,bicubic interp; CPU Sparse Matrix  ,124,2.879,1.37882e+07,72.526,8, 0.000903508,,0.000732694,0.000276109,0.000903508,
Smooth_poly,bicubic interp; CPU Sparse Matrix  ,128,3.347,1.53155e+07,65.2934,8, 0.000608159,,0.000608159,0.000277876,0.000604294,
Smooth_poly,bicubic interp; CPU Sparse Matrix  ,132,3.446,1.79634e+07,55.6688,8, 0.000716834,,0.000447519,0.000282296,0.000716834,
Smooth_poly,bicubic interp; CPU Sparse Matrix  ,136,4.17,1.1088e+08,9.01876,8, 0.00105687,,0.000373275,0.000290679,0.00105687,
Smooth_poly,bicubic interp; CPU Sparse Matrix  ,140,4.049,2.10926e+07,47.4099,8, 0.000926672,,0.000323487,0.000306919,0.000926672,
Smooth_poly,bicubic interp; CPU Sparse Matrix  ,144,4.484,2.21428e+07,45.1613,8, 0.000477952,,0.000288246,0.000341294,0.000477952,
Smooth_poly,bicubic interp; CPU Sparse Matrix  ,148,4.628,2.34027e+07,42.7301,8, 0.000541339,,0.00041052,0.000357313,0.000541339,
Smooth_poly,bicubic interp; CPU Sparse Matrix  ,152,6.126,2.5431e+07,39.3221,8, 0.000716653,,0.000497872,0.00035708,0.000716653,
Smooth_poly,bicubic interp; CPU Sparse Matrix  ,156,4.946,2.72292e+07,36.7252,8, 0.000879303,,0.00051658,0.000344742,0.000879303,
Smooth_poly,bicubic interp; CPU Sparse Matrix  ,160,5.732,2.92698e+07,34.1649,8, 0.000574485,,0.00043249,0.000323375,0.000574485,
Smooth_poly,bicubic interp; CPU Sparse Matrix  ,164,5.844,4.08118e+07,24.5027,8, 0.000425491,,0.00032063,0.000295702,0.000425491,
Smooth_poly,bicubic interp; CPU Sparse Matrix  ,168,6.793,3.4452e+07,29.0259,8, 0.000515787,,0.000269404,0.000264113,0.000515787,
Smooth_poly,bicubic interp; CPU Sparse Matrix  ,172,6.944,3.63118e+07,27.5393,8, 0.000758681,,0.000235142,0.000230449,0.000758681,
Smooth_poly,bicubic interp; CPU Sparse Matrix  ,176,8.121,3.92531e+07,25.4757,8, 0.000628533,,0.000212744,0.000196268,0.000628533,
Smooth_poly,bicubic interp; CPU Sparse Matrix  ,180,9.858,4.13447e+07,24.1869,8, 0.000344079,,0.0003052,0.000162946,0.000344079,
Smooth_poly,bicubic interp; CPU Sparse Matrix  ,184,9.249,4.41249e+07,22.6629,8, 0.000400487,,0.000372692,0.000131283,0.000400487,
Smooth_poly,bicubic interp; CPU Sparse Matrix  ,188,8.312,4.69536e+07,21.2976,8, 0.000563019,,0.000389162,0.000125301,0.000563019,
Smooth_poly,bicubic interp; CPU Sparse Matrix  ,192,11.308,5.25286e+07,19.0373,8, 0.000631492,,0.000327684,0.000125847,0.000631492,
Smooth_poly,bicubic interp; CPU Sparse Matrix  ,196,9.53,5.60103e+07,17.8539,8, 0.000392599,,0.000244139,0.000126943,0.000392599,
Smooth_poly,bicubic interp; CPU Sparse Matrix  ,200,12.23,5.71357e+07,17.5022,8, 0.000322688,,0.000206151,0.000128578,0.000322688,
Smooth_poly,bicubic interp; CPU Sparse Matrix  ,204,11.335,6.04536e+07,16.5416,8, 0.000399411,,0.00018079,0.000130898,0.000399411,
Smooth_poly,bicubic interp; CPU Sparse Matrix  ,208,12.105,6.40056e+07,15.6236,8, 0.000577038,,0.000165303,0.000134286,0.000577038,
Smooth_poly,bicubic interp; CPU Sparse Matrix  ,212,11.843,6.71205e+07,14.8986,8, 0.000452084,,0.000238334,0.000138551,0.000452084,
Smooth_poly,bicubic interp; CPU Sparse Matrix  ,216,14.612,7.54239e+07,13.2584,8, 0.000292406,,0.000292406,0.000145114,0.00026659,
Smooth_poly,bicubic interp; CPU Sparse Matrix  ,220,13.797,7.5294e+07,13.2813,8, 0.000314499,,0.000306708,0.0001555,0.000314499,
Smooth_poly,bicubic interp; CPU Sparse Matrix  ,224,15.497,8.83342e+07,11.3206,8, 0.000460553,,0.000259294,0.000175227,0.000460553,
Smooth_poly,bicubic interp; CPU Sparse Matrix  ,228,16.34,8.73186e+07,11.4523,8, 0.000475559,,0.000193846,0.000185984,0.000475559,
Smooth_poly,bicubic interp; CPU Sparse Matrix  ,232,15.697,8.83515e+07,11.3184,8, 0.000280643,,0.000164307,0.000189026,0.000280643,
Smooth_poly,bicubic interp; CPU Sparse Matrix  ,236,16.78,9.25371e+07,10.8065,8, 0.000257216,,0.000144583,0.000184108,0.000257216,
Smooth_poly,bicubic interp; CPU Sparse Matrix  ,240,18.642,1.01694e+08,9.83347,8, 0.00032567,,0.000133201,0.000174964,0.00032567,
Smooth_poly,bicubic interp; CPU Sparse Matrix  ,244,17.699,1.05504e+08,9.47836,8, 0.000455457,,0.00019273,0.000161849,0.000455457,
Smooth_poly,bicubic interp; CPU Sparse Matrix  ,248,17.759,1.06908e+08,9.35384,8, 0.000337821,,0.000237323,0.000146549,0.000337821,
Smooth_poly,bicubic interp; CPU Sparse Matrix  ,252,22.981,1.17023e+08,8.54536,8, 0.00024973,,0.00024973,0.000129043,0.000215427,
Smooth_poly,bicubic interp; CPU Sparse Matrix  ,256,20.424,1.18243e+08,8.45718,8, 0.000257636,,0.000211789,0.000110942,0.000257636,
Smooth_poly,bicubic interp; CPU Sparse Matrix  ,260,22.169,1.23518e+08,8.096,8, 0.000385593,,0.000158726,9.36416e-05,0.000385593,
Smooth_poly,bicubic interp; CPU Sparse Matrix  ,264,22.469,1.29692e+08,7.71059,8, 0.000369831,,0.000134945,7.5969e-05,0.000369831,
Smooth_poly,bicubic interp; CPU Sparse Matrix  ,268,23.397,2.24722e+08,4.44994,8, 0.000206501,,0.000119048,7.35548e-05,0.000206501,
Smooth_poly,bicubic interp; CPU Sparse Matrix  ,272,27.406,2.35372e+08,4.2486,8, 0.000212551,,0.000110301,7.54116e-05,0.000212551,
Smooth_poly,bicubic interp; CPU Sparse Matrix  ,276,24.356,1.52435e+08,6.56018,8, 0.00027642,,0.00016008,7.5772e-05,0.00027642,
Smooth_poly,bicubic interp; CPU Sparse Matrix  ,280,28.595,1.58888e+08,6.29376,8, 0.000368764,,0.000197562,7.77519e-05,0.000368764,
Smooth_poly,bicubic interp; CPU Sparse Matrix  ,284,28.134,1.71486e+08,5.83139,8, 0.000259003,,0.000208436,7.96384e-05,0.000259003,
Smooth_poly,bicubic interp; CPU Sparse Matrix  ,288,27.606,1.78244e+08,5.61029,8, 0.000179825,,0.000177243,8.23205e-05,0.000179825,
Smooth_poly,bicubic interp; CPU Sparse Matrix  ,292,29.119,1.86231e+08,5.36966,8, 0.000217936,,0.000133124,8.5715e-05,0.000217936,
Smooth_poly,bicubic interp; CPU Sparse Matrix  ,296,29.56,1.99827e+08,5.00434,8, 0.000328,,0.000113341,9.02256e-05,0.000328,
Smooth_poly,bicubic interp; CPU Sparse Matrix  ,300,31.132,2.02909e+08,4.92832,8, 0.000293978,,0.000100283,9.77776e-05,0.000293978,
Smooth_poly,bicubic interp; CPU Sparse Matrix  ,304,32.916,2.09409e+08,4.77535,8, 0.000154956,,9.32817e-05,0.000111688,0.000154956,
Smooth_poly,bicubic interp; CPU Sparse Matrix  ,308,35.689,2.18161e+08,4.58377,8, 0.00018048,,0.000135571,0.000119815,0.00018048,
Smooth_poly,bicubic interp; CPU Sparse Matrix  ,312,38.379,2.24724e+08,4.4499,8, 0.00024322,,0.000167805,0.000119645,0.00024322,
Smooth_poly,bicubic interp; CPU Sparse Matrix  ,316,35.948,2.32539e+08,4.30035,8, 0.000303874,,0.000177426,0.000119767,0.000303874,
Smooth_poly,bicubic interp; CPU Sparse Matrix  ,320,42.108,2.50435e+08,3.99305,8, 0.000202223,,0.000151118,0.000113606,0.000202223,
Smooth_poly,bicubic interp; CPU Sparse Matrix  ,324,41.716,2.50886e+08,3.98587,8, 0.000153617,,0.00011365,0.000107241,0.000153617,
Smooth_poly,bicubic interp; CPU Sparse Matrix  ,328,43.475,2.63005e+08,3.80221,8, 0.000189001,,9.70087e-05,9.63772e-05,0.000189001,
Smooth_poly,bicubic interp; CPU Sparse Matrix  ,332,46.342,2.71157e+08,3.6879,8, 0.000282304,,8.59558e-05,8.53317e-05,0.000282304,
Smooth_poly,bicubic interp; CPU Sparse Matrix  ,336,44.301,2.85128e+08,3.5072,8, 0.000237529,,8.02422e-05,7.53367e-05,0.000237529,
Smooth_poly,bicubic interp; CPU Sparse Matrix  ,340,46.539,3.17105e+08,3.15353,8, 0.000133002,,0.000116936,6.25314e-05,0.000133002,
