function_name, calculator,N,init_time, calc_time, calc_hz, bytes, max_error, blank_column, err1, err2, err3, Blank
Nonsmooth_runge_abs,bicubic interp; CPU Sparse Matrix  ,8,0.035,87495,11429.2,8, 0.0978917,,0.0386907,0.0978917,0.0754668,
Nonsmooth_runge_abs,bicubic interp; CPU Sparse Matrix  ,12,0.029,74361,13447.9,8, 0.0541083,,0.0331879,0.0413186,0.0541083,
Nonsmooth_runge_abs,bicubic interp; CPU Sparse Matrix  ,16,0.032,116928,8552.27,8, 0.0287192,,0.0268795,0.0191435,0.0287192,
Nonsmooth_runge_abs,bicubic interp; CPU Sparse Matrix  ,20,0.039,141985,7043,8, 0.0258066,,0.0258066,0.0152181,0.0175225,
Nonsmooth_runge_abs,bicubic interp; CPU Sparse Matrix  ,24,0.054,210218,4756.97,8, 0.0289293,,0.0289293,0.0120287,0.0179354,
Nonsmooth_runge_abs,bicubic interp; CPU Sparse Matrix  ,28,0.078,308069,3246.03,8, 0.0290992,,0.0290992,0.0106665,0.027208,
Nonsmooth_runge_abs,bicubic interp; CPU Sparse Matrix  ,32,0.105,438297,2281.56,8, 0.0253803,,0.0253803,0.00885766,0.0216524,
Nonsmooth_runge_abs,bicubic interp; CPU Sparse Matrix  ,36,0.159,599205,1668.88,8, 0.013721,,0.013721,0.00775892,0.0115235,
Nonsmooth_runge_abs,bicubic interp; CPU Sparse Matrix  ,40,0.193,773688,1292.51,8, 0.0107305,,0.00934697,0.00730371,0.0107305,
Nonsmooth_runge_abs,bicubic interp; CPU Sparse Matrix  ,44,0.24,1.01053e+06,989.579,8, 0.0135677,,0.00800851,0.00702128,0.0135677,
Nonsmooth_runge_abs,bicubic interp; CPU Sparse Matrix  ,48,0.708,1.24994e+06,800.042,8, 0.0177171,,0.00827146,0.00690725,0.0177171,
Nonsmooth_runge_abs,bicubic interp; CPU Sparse Matrix  ,52,0.39,1.57554e+06,634.703,8, 0.0116349,,0.0116349,0.00694943,0.0113867,
Nonsmooth_runge_abs,bicubic interp; CPU Sparse Matrix  ,56,0.23,1.93811e+06,515.967,8, 0.01454,,0.01454,0.00719639,0.00748744,
Nonsmooth_runge_abs,bicubic interp; CPU Sparse Matrix  ,60,0.438,2.60578e+06,383.762,8, 0.0162738,,0.0162738,0.00784968,0.00904628,
Nonsmooth_runge_abs,bicubic interp; CPU Sparse Matrix  ,64,0.456,3.10146e+06,322.429,8, 0.0154843,,0.0154843,0.00878433,0.0143375,
Nonsmooth_runge_abs,bicubic interp; CPU Sparse Matrix  ,68,0.617,3.44303e+06,290.442,8, 0.0113306,,0.00987262,0.00857431,0.0113306,
Nonsmooth_runge_abs,bicubic interp; CPU Sparse Matrix  ,72,0.479,4.12143e+06,242.634,8, 0.00808259,,0.00742959,0.00808259,0.00589382,
Nonsmooth_runge_abs,bicubic interp; CPU Sparse Matrix  ,76,0.807,5.26261e+06,190.02,8, 0.00745345,,0.00573147,0.00745345,0.00668283,
Nonsmooth_runge_abs,bicubic interp; CPU Sparse Matrix  ,80,1.048,5.4297e+06,184.172,8, 0.00885205,,0.00559363,0.00675168,0.00885205,
Nonsmooth_runge_abs,bicubic interp; CPU Sparse Matrix  ,84,0.987,4.11186e+07,24.3199,8, 0.0109836,,0.00761996,0.00603215,0.0109836,
Nonsmooth_runge_abs,bicubic interp; CPU Sparse Matrix  ,88,1.158,4.2781e+07,23.3748,8, 0.00982189,,0.00982189,0.00530851,0.00688701,
Nonsmooth_runge_abs,bicubic interp; CPU Sparse Matrix  ,92,1.423,4.24109e+07,23.5788,8, 0.0113029,,0.0113029,0.00460211,0.00522351,
Nonsmooth_runge_abs,bicubic interp; CPU Sparse Matrix  ,96,1.591,9.42453e+06,106.106,8, 0.0110772,,0.0110772,0.00391974,0.00639836,
Nonsmooth_runge_abs,bicubic interp; CPU Sparse Matrix  ,100,1.615,1.12879e+07,88.5901,8, 0.0100391,,0.00742156,0.00328383,0.0100391,
Nonsmooth_runge_abs,bicubic interp; CPU Sparse Matrix  ,104,1.82,1.24546e+07,80.2915,8, 0.00760461,,0.0059439,0.00276025,0.00760461,
Nonsmooth_runge_abs,bicubic interp; CPU Sparse Matrix  ,108,2.112,1.39561e+07,71.6533,8, 0.00497121,,0.00497121,0.00278179,0.00424127,
Nonsmooth_runge_abs,bicubic interp; CPU Sparse Matrix  ,112,2.303,1.53053e+07,65.3367,8, 0.00500767,,0.00421453,0.00281934,0.00500767,
Nonsmooth_runge_abs,bicubic interp; CPU Sparse Matrix  ,116,2.604,1.69703e+07,58.9264,8, 0.00698063,,0.00577416,0.00286645,0.00698063,
Nonsmooth_runge_abs,bicubic interp; CPU Sparse Matrix  ,120,2.767,1.96771e+07,50.8205,8, 0.00795659,,0.00755224,0.00293444,0.00795659,
Nonsmooth_runge_abs,bicubic interp; CPU Sparse Matrix  ,124,3.046,1.93597e+07,51.6537,8, 0.00879208,,0.00879208,0.00302591,0.00479783,
Nonsmooth_runge_abs,bicubic interp; CPU Sparse Matrix  ,128,3.198,2.11642e+07,47.2496,8, 0.00871032,,0.00871032,0.00316402,0.00409043,
Nonsmooth_runge_abs,bicubic interp; CPU Sparse Matrix  ,132,4.084,2.36216e+07,42.3341,8, 0.00590978,,0.00590978,0.0033054,0.00511884,
Nonsmooth_runge_abs,bicubic interp; CPU Sparse Matrix  ,136,3.886,2.69841e+07,37.0588,8, 0.00778092,,0.00478851,0.00357945,0.00778092,
Nonsmooth_runge_abs,bicubic interp; CPU Sparse Matrix  ,140,3.999,2.83336e+07,35.2938,8, 0.00563339,,0.00412017,0.00403529,0.00563339,
Nonsmooth_runge_abs,bicubic interp; CPU Sparse Matrix  ,144,4.296,3.13889e+07,31.8584,8, 0.00463557,,0.0035867,0.00463557,0.00343813,
Nonsmooth_runge_abs,bicubic interp; CPU Sparse Matrix  ,148,4.576,3.21617e+07,31.0929,8, 0.00465363,,0.00465363,0.00456147,0.00409616,
Nonsmooth_runge_abs,bicubic interp; CPU Sparse Matrix  ,152,5.705,3.51148e+07,28.4781,8, 0.00616251,,0.00616251,0.0044496,0.0061521,
Nonsmooth_runge_abs,bicubic interp; CPU Sparse Matrix  ,156,4.788,3.79856e+07,26.3258,8, 0.00722632,,0.00722632,0.00409083,0.00618567,
Nonsmooth_runge_abs,bicubic interp; CPU Sparse Matrix  ,160,5.925,1.54047e+08,6.49152,8, 0.00723006,,0.00723006,0.00377466,0.0035749,
Nonsmooth_runge_abs,bicubic interp; CPU Sparse Matrix  ,164,5.766,4.5794e+07,21.8369,8, 0.0049374,,0.0049374,0.0034101,0.00340975,
Nonsmooth_runge_abs,bicubic interp; CPU Sparse Matrix  ,168,6.883,4.72972e+07,21.1429,8, 0.00438024,,0.00404291,0.00316666,0.00438024,
Nonsmooth_runge_abs,bicubic interp; CPU Sparse Matrix  ,172,6.596,5.05548e+07,19.7805,8, 0.00633931,,0.00344108,0.00267966,0.00633931,
Nonsmooth_runge_abs,bicubic interp; CPU Sparse Matrix  ,176,7.933,5.47552e+07,18.2631,8, 0.00439017,,0.00307919,0.00227137,0.00439017,
Nonsmooth_runge_abs,bicubic interp; CPU Sparse Matrix  ,180,8.079,5.86376e+07,17.0539,8, 0.00393308,,0.00393308,0.00197579,0.00291575,
Nonsmooth_runge_abs,bicubic interp; CPU Sparse Matrix  ,184,8.674,6.45504e+07,15.4918,8, 0.0052224,,0.0052224,0.00196469,0.00353469,
Nonsmooth_runge_abs,bicubic interp; CPU Sparse Matrix  ,188,8.326,6.85569e+07,14.5864,8, 0.00614831,,0.00614831,0.00193557,0.00576325,
Nonsmooth_runge_abs,bicubic interp; CPU Sparse Matrix  ,192,11.23,6.95876e+07,14.3704,8, 0.00617906,,0.00617906,0.00183876,0.00500274,
Nonsmooth_runge_abs,bicubic interp; CPU Sparse Matrix  ,196,9.788,7.4513e+07,13.4205,8, 0.00425511,,0.00425511,0.00208462,0.00348705,
Nonsmooth_runge_abs,bicubic interp; CPU Sparse Matrix  ,200,11.661,8.39864e+07,11.9067,8, 0.00348535,,0.00348535,0.0020974,0.00296906,
Nonsmooth_runge_abs,bicubic interp; CPU Sparse Matrix  ,204,10.899,8.6614e+07,11.5455,8, 0.00392046,,0.00306116,0.00228085,0.00392046,
Nonsmooth_runge_abs,bicubic interp; CPU Sparse Matrix  ,208,12.776,1.14717e+08,8.71712,8, 0.0053377,,0.00268266,0.00273067,0.0053377,
Nonsmooth_runge_abs,bicubic interp; CPU Sparse Matrix  ,212,12,9.79845e+07,10.2057,8, 0.00371569,,0.00346178,0.00258899,0.00371569,
Nonsmooth_runge_abs,bicubic interp; CPU Sparse Matrix  ,216,14.668,1.31986e+08,7.57657,8, 0.00455274,,0.00455274,0.00323062,0.0025869,
Nonsmooth_runge_abs,bicubic interp; CPU Sparse Matrix  ,220,14.06,1.31094e+08,7.62809,8, 0.0054019,,0.0054019,0.00377785,0.00493786,
Nonsmooth_runge_abs,bicubic interp; CPU Sparse Matrix  ,224,14.131,1.13227e+08,8.83185,8, 0.00557542,,0.00546569,0.00358535,0.00557542,
Nonsmooth_runge_abs,bicubic interp; CPU Sparse Matrix  ,228,16.359,1.20404e+08,8.30537,8, 0.00472945,,0.00373224,0.00438535,0.00472945,
Nonsmooth_runge_abs,bicubic interp; CPU Sparse Matrix  ,232,15.957,1.28671e+08,7.77177,8, 0.00447716,,0.00298608,0.00413721,0.00447716,
Nonsmooth_runge_abs,bicubic interp; CPU Sparse Matrix  ,236,15.941,1.37986e+08,7.24713,8, 0.00399051,,0.00266596,0.00370442,0.00399051,
Nonsmooth_runge_abs,bicubic interp; CPU Sparse Matrix  ,240,17.527,1.4043e+08,7.12101,8, 0.00490446,,0.00231047,0.00362255,0.00490446,
Nonsmooth_runge_abs,bicubic interp; CPU Sparse Matrix  ,244,16.94,1.42179e+08,7.03341,8, 0.0055126,,0.00310414,0.00322962,0.0055126,
Nonsmooth_runge_abs,bicubic interp; CPU Sparse Matrix  ,248,18.04,1.73153e+08,5.77523,8, 0.00513056,,0.00399592,0.00399198,0.00513056,
Nonsmooth_runge_abs,bicubic interp; CPU Sparse Matrix  ,252,19.439,1.75057e+08,5.71242,8, 0.00609368,,0.00479703,0.00364133,0.00609368,
Nonsmooth_runge_abs,bicubic interp; CPU Sparse Matrix  ,256,19.764,1.92496e+08,5.19492,8, 0.00634237,,0.00487648,0.00429247,0.00634237,
Nonsmooth_runge_abs,bicubic interp; CPU Sparse Matrix  ,260,21.98,1.78161e+08,5.61291,8, 0.00781484,,0.0033609,0.00328911,0.00781484,
Nonsmooth_runge_abs,bicubic interp; CPU Sparse Matrix  ,264,22.943,1.88079e+08,5.31691,8, 0.0110355,,0.00278381,0.00447796,0.0110355,
Nonsmooth_runge_abs,bicubic interp; CPU Sparse Matrix  ,268,22.691,1.89829e+08,5.26789,8, 0.00747012,,0.00240601,0.00465331,0.00747012,
Nonsmooth_runge_abs,bicubic interp; CPU Sparse Matrix  ,272,27.867,2.13881e+08,4.67551,8, 0.00713268,,0.00246753,0.00428446,0.00713268,
Nonsmooth_runge_abs,bicubic interp; CPU Sparse Matrix  ,276,24.742,2.0774e+08,4.81372,8, 0.00841429,,0.00306704,0.00390327,0.00841429,
Nonsmooth_runge_abs,bicubic interp; CPU Sparse Matrix  ,280,33.047,2.14003e+08,4.67282,8, 0.00981276,,0.00357323,0.00462683,0.00981276,
Nonsmooth_runge_abs,bicubic interp; CPU Sparse Matrix  ,284,26.499,2.32695e+08,4.29748,8, 0.0113829,,0.00435655,0.00536585,0.0113829,
Nonsmooth_runge_abs,bicubic interp; CPU Sparse Matrix  ,288,28.251,2.43904e+08,4.09998,8, 0.0110347,,0.00493058,0.0103274,0.0110347,
Nonsmooth_runge_abs,bicubic interp; CPU Sparse Matrix  ,292,28.278,2.80846e+08,3.56067,8, 0.0105131,,0.00431985,0.00661009,0.0105131,
Nonsmooth_runge_abs,bicubic interp; CPU Sparse Matrix  ,296,29.813,2.71028e+08,3.68966,8, 0.0158525,,0.00341891,0.00736283,0.0158525,
Nonsmooth_runge_abs,bicubic interp; CPU Sparse Matrix  ,300,32.347,2.78088e+08,3.59598,8, 0.0149057,,0.00311625,0.0103397,0.0149057,
Nonsmooth_runge_abs,bicubic interp; CPU Sparse Matrix  ,304,33.66,2.86111e+08,3.49515,8, 0.0137944,,0.00566586,0.0079918,0.0137944,
Nonsmooth_runge_abs,bicubic interp; CPU Sparse Matrix  ,308,39.264,3.00165e+08,3.3315,8, 0.0145466,,0.00417499,0.00852856,0.0145466,
Nonsmooth_runge_abs,bicubic interp; CPU Sparse Matrix  ,312,37.678,3.11844e+08,3.20673,8, 0.0173714,,0.00479218,0.00908819,0.0173714,
Nonsmooth_runge_abs,bicubic interp; CPU Sparse Matrix  ,316,36.272,3.35322e+08,2.9822,8, 0.0160151,,0.00579913,0.0111036,0.0160151,
Nonsmooth_runge_abs,bicubic interp; CPU Sparse Matrix  ,320,48.447,3.42259e+08,2.92177,8, 0.0141132,,0.00955323,0.0125799,0.0141132,
Nonsmooth_runge_abs,bicubic interp; CPU Sparse Matrix  ,324,43.506,3.44474e+08,2.90298,8, 0.0190023,,0.00496819,0.00914462,0.0190023,
Nonsmooth_runge_abs,bicubic interp; CPU Sparse Matrix  ,328,42.987,3.57144e+08,2.79999,8, 0.0158217,,0.00795203,0.0144724,0.0158217,
Nonsmooth_runge_abs,bicubic interp; CPU Sparse Matrix  ,332,46.254,3.7246e+08,2.68485,8, 0.0285331,,0.00736107,0.0141444,0.0285331,
Nonsmooth_runge_abs,bicubic interp; CPU Sparse Matrix  ,336,44.615,3.93504e+08,2.54127,8, 0.0222061,,0.00793579,0.0149104,0.0222061,
Nonsmooth_runge_abs,bicubic interp; CPU Sparse Matrix  ,340,47.159,3.99994e+08,2.50004,8, 0.0326022,,0.00626688,0.0148506,0.0326022,
