function_name, calculator,N,init_time, calc_time, calc_hz, bytes, max_error, blank_column, err1, err2, err3, Blank
Nonsmooth_abs,chebyshev interp; GPU Dense Matrix ,8,0.18,177577,5631.36,8, 0.308265,,0.264078,0.308265,0.202859,
Nonsmooth_abs,chebyshev interp; GPU Dense Matrix ,12,0.056,162574,6151.05,8, 0.103286,,0.103286,0.0704911,0.078577,
Nonsmooth_abs,chebyshev interp; GPU Dense Matrix ,16,0.078,188730,5298.57,8, 0.0485327,,0.0480596,0.0485327,0.0432774,
Nonsmooth_abs,chebyshev interp; GPU Dense Matrix ,20,0.107,313923,3185.49,8, 0.0400344,,0.0400344,0.0283495,0.0319161,
Nonsmooth_abs,chebyshev interp; GPU Dense Matrix ,24,0.088,325014,3076.79,8, 0.0324602,,0.0324602,0.0216131,0.0213836,
Nonsmooth_abs,chebyshev interp; GPU Dense Matrix ,28,0.138,399539,2502.88,8, 0.0252943,,0.0252943,0.0182947,0.0191588,
Nonsmooth_abs,chebyshev interp; GPU Dense Matrix ,32,0.146,522592,1913.54,8, 0.0190066,,0.0190066,0.0133576,0.0130898,
Nonsmooth_abs,chebyshev interp; GPU Dense Matrix ,36,0.26,558602,1790.18,8, 0.0140152,,0.0140152,0.0112443,0.012894,
Nonsmooth_abs,chebyshev interp; GPU Dense Matrix ,40,0.41,655435,1525.7,8, 0.0100371,,0.00991743,0.0100371,0.00912901,
Nonsmooth_abs,chebyshev interp; GPU Dense Matrix ,44,0.539,962925,1038.5,8, 0.00949172,,0.0067632,0.00765797,0.00949172,
Nonsmooth_abs,chebyshev interp; GPU Dense Matrix ,48,0.661,1.16805e+06,856.127,8, 0.00738808,,0.00622666,0.00738808,0.00676292,
Nonsmooth_abs,chebyshev interp; GPU Dense Matrix ,52,0.891,1.36286e+06,733.751,8, 0.00739539,,0.00555245,0.00672248,0.00739539,
Nonsmooth_abs,chebyshev interp; GPU Dense Matrix ,56,1.147,1.52819e+06,654.368,8, 0.00525505,,0.00491907,0.00510247,0.00525505,
Nonsmooth_abs,chebyshev interp; GPU Dense Matrix ,60,1.435,2.47811e+06,403.533,8, 0.0059186,,0.00493645,0.0053092,0.0059186,
Nonsmooth_abs,chebyshev interp; GPU Dense Matrix ,64,1.824,2.3568e+06,424.304,8, 0.00485685,,0.00471778,0.00485685,0.00440219,
Nonsmooth_abs,chebyshev interp; GPU Dense Matrix ,68,2.424,3.68869e+06,271.099,8, 0.00491179,,0.00433708,0.00368034,0.00491179,
Nonsmooth_abs,chebyshev interp; GPU Dense Matrix ,72,2.908,4.40529e+06,227,8, 0.00404364,,0.00379134,0.00404364,0.00373066,
Nonsmooth_abs,chebyshev interp; GPU Dense Matrix ,76,3.604,4.35935e+06,229.392,8, 0.00413285,,0.00315929,0.00368244,0.00413285,
Nonsmooth_abs,chebyshev interp; GPU Dense Matrix ,80,4.183,6.37885e+06,156.768,8, 0.00326363,,0.00252235,0.00287509,0.00326363,
Nonsmooth_abs,chebyshev interp; GPU Dense Matrix ,84,5.334,7.72737e+06,129.41,8, 0.00354722,,0.00260688,0.00323046,0.00354722,
Nonsmooth_abs,chebyshev interp; GPU Dense Matrix ,88,6.065,7.88884e+06,126.761,8, 0.0029251,,0.00273219,0.0029251,0.00286749,
Nonsmooth_abs,chebyshev interp; GPU Dense Matrix ,92,7.403,8.77605e+06,113.946,8, 0.00308486,,0.00269207,0.00237747,0.00308486,
Nonsmooth_abs,chebyshev interp; GPU Dense Matrix ,96,9.483,1.05043e+07,95.1991,8, 0.00263826,,0.00251075,0.00263826,0.0025615,
Nonsmooth_abs,chebyshev interp; GPU Dense Matrix ,100,10.194,1.16457e+07,85.8686,8, 0.0027082,,0.00222693,0.00239273,0.0027082,
Nonsmooth_abs,chebyshev interp; GPU Dense Matrix ,104,12.209,1.61031e+07,62.0997,8, 0.00230278,,0.00190556,0.0020289,0.00230278,
Nonsmooth_abs,chebyshev interp; GPU Dense Matrix ,108,13.877,1.85191e+07,53.9982,8, 0.00240043,,0.0017436,0.00223689,0.00240043,
Nonsmooth_abs,chebyshev interp; GPU Dense Matrix ,112,16.149,1.87224e+07,53.4121,8, 0.00209431,,0.0017415,0.00200195,0.00209431,
Nonsmooth_abs,chebyshev interp; GPU Dense Matrix ,116,18.815,2.08641e+07,47.9292,8, 0.00214979,,0.00165763,0.00175794,0.00214979,
Nonsmooth_abs,chebyshev interp; GPU Dense Matrix ,120,20.594,2.35979e+07,42.3766,8, 0.00191177,,0.0015097,0.00191177,0.00190703,
Nonsmooth_abs,chebyshev interp; GPU Dense Matrix ,124,24.516,2.74272e+07,36.4602,8, 0.00192581,,0.00131964,0.00167326,0.00192581,
Finished a list. std::bad_alloc
