function_name, calculator,N,init_time, calc_time, calc_hz, bytes, max_error, blank_column, err1, err2, err3, Blank
Smooth_poly,chebyshev interp; GPU Dense Matrix ,8,0.204,120881,8272.6,8, 0.0333623,,0.0312304,0.0254653,0.0333623,
Smooth_poly,chebyshev interp; GPU Dense Matrix ,12,0.044,124005,8064.19,8, 0.0363518,,0.0256702,0.0138486,0.0363518,
Smooth_poly,chebyshev interp; GPU Dense Matrix ,16,0.072,138157,7238.14,8, 0.0279969,,0.0207657,0.00904636,0.0279969,
Smooth_poly,chebyshev interp; GPU Dense Matrix ,20,0.072,249995,4000.08,8, 0.0175308,,0.0163697,0.00638554,0.0175308,
Smooth_poly,chebyshev interp; GPU Dense Matrix ,24,0.102,346363,2887.14,8, 0.0125032,,0.0125032,0.00469581,0.00846126,
Smooth_poly,chebyshev interp; GPU Dense Matrix ,28,0.122,306185,3266,8, 0.00919579,,0.00919579,0.00355742,0.00842206,
Smooth_poly,chebyshev interp; GPU Dense Matrix ,32,0.135,613950,1628.8,8, 0.0088918,,0.00645977,0.00274491,0.0088918,
Smooth_poly,chebyshev interp; GPU Dense Matrix ,36,0.248,570396,1753.17,8, 0.00744475,,0.00428469,0.00213781,0.00744475,
Smooth_poly,chebyshev interp; GPU Dense Matrix ,40,0.41,658952,1517.56,8, 0.00484897,,0.00263773,0.00167429,0.00484897,
Smooth_poly,chebyshev interp; GPU Dense Matrix ,44,0.532,999404,1000.6,8, 0.00348018,,0.00277208,0.001316,0.00348018,
Smooth_poly,chebyshev interp; GPU Dense Matrix ,48,0.687,1.16963e+06,854.969,8, 0.00434859,,0.00291835,0.00103876,0.00434859,
Smooth_poly,chebyshev interp; GPU Dense Matrix ,52,0.859,1.30786e+06,764.605,8, 0.00429098,,0.00282432,0.000914086,0.00429098,
Smooth_poly,chebyshev interp; GPU Dense Matrix ,56,1.104,1.60573e+06,622.768,8, 0.00335169,,0.00254547,0.000909227,0.00335169,
Smooth_poly,chebyshev interp; GPU Dense Matrix ,60,1.43,2.45091e+06,408.012,8, 0.00214961,,0.00214961,0.000898716,0.00199401,
Smooth_poly,chebyshev interp; GPU Dense Matrix ,64,2.102,2.38208e+06,419.801,8, 0.00246667,,0.00170219,0.000883114,0.00246667,
Smooth_poly,chebyshev interp; GPU Dense Matrix ,68,2.392,3.66478e+06,272.867,8, 0.00277017,,0.001259,0.000862759,0.00277017,
Smooth_poly,chebyshev interp; GPU Dense Matrix ,72,2.92,4.41247e+06,226.63,8, 0.0024866,,0.000969352,0.000837703,0.0024866,
Smooth_poly,chebyshev interp; GPU Dense Matrix ,76,3.57,4.33155e+06,230.864,8, 0.00173357,,0.00115954,0.000808285,0.00173357,
Smooth_poly,chebyshev interp; GPU Dense Matrix ,80,4.265,6.47523e+06,154.435,8, 0.00148525,,0.00126313,0.000774859,0.00148525,
Smooth_poly,chebyshev interp; GPU Dense Matrix ,84,5.226,7.622e+06,131.199,8, 0.00187435,,0.00126746,0.000737699,0.00187435,
Smooth_poly,chebyshev interp; GPU Dense Matrix ,88,6.415,7.91497e+06,126.343,8, 0.00189445,,0.00118382,0.000697225,0.00189445,
Smooth_poly,chebyshev interp; GPU Dense Matrix ,92,7.438,8.78138e+06,113.877,8, 0.00151664,,0.00103495,0.000653914,0.00151664,
Smooth_poly,chebyshev interp; GPU Dense Matrix ,96,9.509,1.0466e+07,95.5473,8, 0.000932783,,0.000847883,0.000608234,0.000932783,
Smooth_poly,chebyshev interp; GPU Dense Matrix ,100,9.96,1.17492e+07,85.1118,8, 0.00128924,,0.000649166,0.000560747,0.00128924,
Smooth_poly,chebyshev interp; GPU Dense Matrix ,104,12.074,1.61156e+07,62.0516,8, 0.0014521,,0.00055448,0.000512082,0.0014521,
Smooth_poly,chebyshev interp; GPU Dense Matrix ,108,13.618,1.84602e+07,54.1707,8, 0.00131154,,0.000669353,0.000462891,0.00131154,
Smooth_poly,chebyshev interp; GPU Dense Matrix ,112,14.685,1.87367e+07,53.3713,8, 0.000919374,,0.000739059,0.000413913,0.000919374,
Smooth_poly,chebyshev interp; GPU Dense Matrix ,116,16.311,2.08815e+07,47.8892,8, 0.000885159,,0.000752842,0.000365972,0.000885159,
Smooth_poly,chebyshev interp; GPU Dense Matrix ,120,18.707,2.3565e+07,42.4358,8, 0.00110653,,0.000714165,0.000319974,0.00110653,
Smooth_poly,chebyshev interp; GPU Dense Matrix ,124,23.878,2.7484e+07,36.3848,8, 0.00111427,,0.000634252,0.000276977,0.00111427,
Finished a list. std::bad_alloc
