function_name, calculator,N,init_time, calc_time, calc_hz, bytes, max_error, blank_column, err1, err2, err3, Blank
Smooth_exp,bicubic interp; CPU Sparse Matrix  ,8,0.025,80534,12417.1,8, 0.245828,,0.0392071,0.245828,0.205864,
Smooth_exp,bicubic interp; CPU Sparse Matrix  ,12,0.034,58917,16973,8, 0.0586456,,0.0126693,0.0586456,0.0514305,
Smooth_exp,bicubic interp; CPU Sparse Matrix  ,16,0.04,118912,8409.58,8, 0.0193905,,0.00899919,0.0159025,0.0193905,
Smooth_exp,bicubic interp; CPU Sparse Matrix  ,20,0.057,214310,4666.14,8, 0.00567773,,0.00550951,0.0049656,0.00567773,
Smooth_exp,bicubic interp; CPU Sparse Matrix  ,24,0.061,356589,2804.35,8, 0.002965,,0.002965,0.00178686,0.00105544,
Smooth_exp,bicubic interp; CPU Sparse Matrix  ,28,0.031,535286,1868.16,8, 0.00144903,,0.00144903,0.000714873,0.000637616,
Smooth_exp,bicubic interp; CPU Sparse Matrix  ,32,0.044,798767,1251.93,8, 0.000633744,,0.000633744,0.00031026,0.000526117,
Smooth_exp,bicubic interp; CPU Sparse Matrix  ,36,0.074,1.15706e+06,864.262,8, 0.000302831,,0.000246881,0.000143485,0.000302831,
Smooth_exp,bicubic interp; CPU Sparse Matrix  ,40,0.099,1.51815e+06,658.695,8, 0.000112498,,0.000112498,7.05117e-05,0.000106884,
Smooth_exp,bicubic interp; CPU Sparse Matrix  ,44,0.119,1.95985e+06,510.244,8, 7.63503e-05,,7.63503e-05,4.77616e-05,5.71695e-05,
Smooth_exp,bicubic interp; CPU Sparse Matrix  ,48,0.158,2.48552e+06,402.33,8, 6.65586e-05,,6.65586e-05,3.17894e-05,5.66148e-05,
Smooth_exp,bicubic interp; CPU Sparse Matrix  ,52,0.192,3.10483e+06,322.078,8, 5.88226e-05,,5.88226e-05,2.20331e-05,4.92571e-05,
Smooth_exp,bicubic interp; CPU Sparse Matrix  ,56,0.242,3.88189e+06,257.606,8, 4.80017e-05,,4.80017e-05,1.60513e-05,2.69847e-05,
Smooth_exp,bicubic interp; CPU Sparse Matrix  ,60,0.53,4.83264e+06,206.926,8, 3.52337e-05,,3.52337e-05,1.20685e-05,1.27894e-05,
Smooth_exp,bicubic interp; CPU Sparse Matrix  ,64,0.759,5.56553e+06,179.677,8, 2.2946e-05,,2.2946e-05,1.03376e-05,1.18131e-05,
Smooth_exp,bicubic interp; CPU Sparse Matrix  ,68,0.597,7.19441e+06,138.997,8, 1.36715e-05,,1.36715e-05,8.78288e-06,1.28963e-05,
Smooth_exp,bicubic interp; CPU Sparse Matrix  ,72,0.779,8.39511e+06,119.117,8, 9.70003e-06,,9.19614e-06,7.3662e-06,9.70003e-06,
Smooth_exp,bicubic interp; CPU Sparse Matrix  ,76,0.582,9.78314e+06,102.217,8, 7.66304e-06,,7.66304e-06,6.12559e-06,4.69522e-06,
Smooth_exp,bicubic interp; CPU Sparse Matrix  ,80,1.763,1.12429e+07,88.9451,8, 7.21992e-06,,7.21992e-06,5.05965e-06,3.77809e-06,
Smooth_exp,bicubic interp; CPU Sparse Matrix  ,84,1.038,1.28416e+07,77.8718,8, 6.82136e-06,,6.82136e-06,4.15302e-06,4.39858e-06,
Smooth_exp,bicubic interp; CPU Sparse Matrix  ,88,1.196,1.46573e+07,68.2253,8, 6.067e-06,,6.067e-06,3.38713e-06,4.13897e-06,
Smooth_exp,bicubic interp; CPU Sparse Matrix  ,92,1.409,1.76847e+07,56.5461,8, 4.95465e-06,,4.95465e-06,2.74925e-06,2.59784e-06,
Smooth_exp,bicubic interp; CPU Sparse Matrix  ,96,1.511,1.88872e+07,52.9458,8, 3.68809e-06,,3.68809e-06,2.22687e-06,1.63217e-06,
Smooth_exp,bicubic interp; CPU Sparse Matrix  ,100,1.605,2.1651e+07,46.1872,8, 2.60626e-06,,2.60626e-06,1.78625e-06,1.66191e-06,
Smooth_exp,bicubic interp; CPU Sparse Matrix  ,104,1.671,2.39485e+07,41.7563,8, 2.03652e-06,,2.03652e-06,1.42012e-06,1.92356e-06,
Smooth_exp,bicubic interp; CPU Sparse Matrix  ,108,2.237,2.68862e+07,37.1938,8, 1.83199e-06,,1.83199e-06,1.12034e-06,1.51733e-06,
Smooth_exp,bicubic interp; CPU Sparse Matrix  ,112,2.431,2.95194e+07,33.876,8, 1.77396e-06,,1.77396e-06,8.79363e-07,8.57712e-07,
Smooth_exp,bicubic interp; CPU Sparse Matrix  ,116,2.685,3.91633e+07,25.5341,8, 1.70995e-06,,1.70995e-06,6.97624e-07,7.78918e-07,
Smooth_exp,bicubic interp; CPU Sparse Matrix  ,120,2.623,3.77635e+07,26.4806,8, 1.56724e-06,,1.56724e-06,5.62554e-07,9.44695e-07,
Smooth_exp,bicubic interp; CPU Sparse Matrix  ,124,3.025,4.112e+07,24.319,8, 1.33876e-06,,1.33876e-06,4.92644e-07,9.019e-07,
Smooth_exp,bicubic interp; CPU Sparse Matrix  ,128,3.397,4.9745e+07,20.1025,8, 1.06364e-06,,1.06364e-06,4.34792e-07,5.95038e-07,
Smooth_exp,bicubic interp; CPU Sparse Matrix  ,132,3.767,4.8042e+07,20.8151,8, 8.20552e-07,,8.20552e-07,3.84993e-07,4.33869e-07,
Smooth_exp,bicubic interp; CPU Sparse Matrix  ,136,4.055,5.29008e+07,18.9033,8, 6.90194e-07,,6.90194e-07,3.40637e-07,4.6631e-07,
Smooth_exp,bicubic interp; CPU Sparse Matrix  ,140,3.863,5.77115e+07,17.3276,8, 6.44528e-07,,6.44528e-07,3.03946e-07,5.37246e-07,
Smooth_exp,bicubic interp; CPU Sparse Matrix  ,144,4.172,6.22762e+07,16.0575,8, 6.32844e-07,,6.32844e-07,2.92593e-07,4.25659e-07,
Smooth_exp,bicubic interp; CPU Sparse Matrix  ,148,3.589,6.69183e+07,14.9436,8, 6.16011e-07,,6.16011e-07,2.83386e-07,2.71144e-07,
Smooth_exp,bicubic interp; CPU Sparse Matrix  ,152,5.556,7.19661e+07,13.8954,8, 5.73418e-07,,5.73418e-07,2.72174e-07,2.5662e-07,
Smooth_exp,bicubic interp; CPU Sparse Matrix  ,156,5.273,7.78559e+07,12.8442,8, 5.02377e-07,,5.02377e-07,2.5923e-07,3.16693e-07,
Smooth_exp,bicubic interp; CPU Sparse Matrix  ,160,4.385,9.58537e+07,10.4326,8, 4.14964e-07,,4.14964e-07,2.43728e-07,2.98598e-07,
Smooth_exp,bicubic interp; CPU Sparse Matrix  ,164,4.77,8.97649e+07,11.1402,8, 3.37341e-07,,3.37341e-07,2.26044e-07,2.02161e-07,
Smooth_exp,bicubic interp; CPU Sparse Matrix  ,168,5.02,9.79337e+07,10.211,8, 2.96056e-07,,2.96056e-07,2.06816e-07,1.61999e-07,
Smooth_exp,bicubic interp; CPU Sparse Matrix  ,172,6.671,1.02642e+08,9.74258,8, 2.82483e-07,,2.82483e-07,1.86644e-07,1.8239e-07,
Smooth_exp,bicubic interp; CPU Sparse Matrix  ,176,5.775,1.1202e+08,8.92695,8, 2.79699e-07,,2.79699e-07,1.6637e-07,2.04575e-07,
Smooth_exp,bicubic interp; CPU Sparse Matrix  ,180,6.245,1.1985e+08,8.34375,8, 2.73922e-07,,2.73922e-07,1.46592e-07,1.61162e-07,
Smooth_exp,bicubic interp; CPU Sparse Matrix  ,184,6.626,1.27944e+08,7.81593,8, 2.57511e-07,,2.57511e-07,1.27846e-07,1.1139e-07,
Smooth_exp,bicubic interp; CPU Sparse Matrix  ,188,7.058,1.35836e+08,7.36182,8, 2.29404e-07,,2.29404e-07,1.10605e-07,1.09217e-07,
Smooth_exp,bicubic interp; CPU Sparse Matrix  ,192,7.477,1.44318e+08,6.92912,8, 1.94495e-07,,1.94495e-07,9.51886e-08,1.35266e-07,
Smooth_exp,bicubic interp; CPU Sparse Matrix  ,196,9.246,1.55524e+08,6.42988,8, 1.63662e-07,,1.63662e-07,8.18556e-08,1.25224e-07,
Smooth_exp,bicubic interp; CPU Sparse Matrix  ,200,11.838,1.64876e+08,6.06516,8, 1.47588e-07,,1.47588e-07,7.11429e-08,8.65953e-08,
Smooth_exp,bicubic interp; CPU Sparse Matrix  ,204,10.8,1.75895e+08,5.68521,8, 1.42769e-07,,1.42769e-07,6.39153e-08,7.40019e-08,
Smooth_exp,bicubic interp; CPU Sparse Matrix  ,208,13.73,1.9464e+08,5.13769,8, 1.42151e-07,,1.42151e-07,5.92721e-08,8.62481e-08,
Smooth_exp,bicubic interp; CPU Sparse Matrix  ,212,11.654,2.04983e+08,4.87846,8, 1.39809e-07,,1.39809e-07,5.49775e-08,9.37685e-08,
Smooth_exp,bicubic interp; CPU Sparse Matrix  ,216,14.946,2.18896e+08,4.56838,8, 1.32362e-07,,1.32362e-07,5.11205e-08,7.35069e-08,
Smooth_exp,bicubic interp; CPU Sparse Matrix  ,220,11.234,2.32165e+08,4.30728,8, 1.19346e-07,,1.19346e-07,4.82872e-08,5.40852e-08,
Smooth_exp,bicubic interp; CPU Sparse Matrix  ,224,13.644,2.30503e+08,4.33833,8, 1.03108e-07,,1.03108e-07,4.78442e-08,5.48747e-08,
Smooth_exp,bicubic interp; CPU Sparse Matrix  ,228,15.569,2.45837e+08,4.06774,8, 8.89005e-08,,8.89005e-08,4.75662e-08,6.72392e-08,
Smooth_exp,bicubic interp; CPU Sparse Matrix  ,232,14.983,2.64451e+08,3.78141,8, 8.16801e-08,,8.16801e-08,4.70994e-08,6.10043e-08,
Smooth_exp,bicubic interp; CPU Sparse Matrix  ,236,15.497,2.73575e+08,3.65531,8, 7.97583e-08,,7.97583e-08,4.61885e-08,4.29371e-08,
Smooth_exp,bicubic interp; CPU Sparse Matrix  ,240,18.071,3.04676e+08,3.28218,8, 7.9725e-08,,7.9725e-08,4.47671e-08,3.86377e-08,
Smooth_exp,bicubic interp; CPU Sparse Matrix  ,244,17.107,3.01984e+08,3.31143,8, 7.86618e-08,,7.86618e-08,4.29263e-08,4.61945e-08,
Smooth_exp,bicubic interp; CPU Sparse Matrix  ,248,17.729,3.20354e+08,3.12155,8, 7.48734e-08,,7.48734e-08,4.06923e-08,4.8781e-08,
Smooth_exp,bicubic interp; CPU Sparse Matrix  ,252,19.175,3.51908e+08,2.84165,8, 6.81374e-08,,6.81374e-08,3.79322e-08,3.79135e-08,
Smooth_exp,bicubic interp; CPU Sparse Matrix  ,256,19.84,3.50024e+08,2.85694,8, 5.9714e-08,,5.9714e-08,3.49333e-08,2.93179e-08,
Smooth_exp,bicubic interp; CPU Sparse Matrix  ,260,21.463,3.60068e+08,2.77725,8, 5.24255e-08,,5.24255e-08,3.19013e-08,3.09235e-08,
Smooth_exp,bicubic interp; CPU Sparse Matrix  ,264,22.627,3.86218e+08,2.58921,8, 4.88241e-08,,4.88241e-08,2.89397e-08,3.70444e-08,
Smooth_exp,bicubic interp; CPU Sparse Matrix  ,268,23.23,4.1504e+08,2.40941,8, 4.79973e-08,,4.79973e-08,2.6079e-08,3.30658e-08,
Smooth_exp,bicubic interp; CPU Sparse Matrix  ,272,27.621,4.23148e+08,2.36324,8, 4.81149e-08,,4.81149e-08,2.32374e-08,2.38063e-08,
Smooth_exp,bicubic interp; CPU Sparse Matrix  ,276,24.115,4.40464e+08,2.27033,8, 4.75906e-08,,4.75906e-08,2.06883e-08,2.22241e-08,
Smooth_exp,bicubic interp; CPU Sparse Matrix  ,280,27.64,4.7234e+08,2.11712,8, 4.54939e-08,,4.54939e-08,1.85659e-08,2.69599e-08,
Smooth_exp,bicubic interp; CPU Sparse Matrix  ,284,27.954,4.92719e+08,2.02956,8, 4.17062e-08,,4.17062e-08,1.69403e-08,2.75939e-08,
Smooth_exp,bicubic interp; CPU Sparse Matrix  ,288,27.944,5.11499e+08,1.95504,8, 3.69667e-08,,3.69667e-08,1.58335e-08,2.13129e-08,
Smooth_exp,bicubic interp; CPU Sparse Matrix  ,292,28.585,5.60685e+08,1.78353,8, 3.29089e-08,,3.29089e-08,1.50458e-08,1.74039e-08,
