function_name, calculator,N,init_time, calc_time, calc_hz, bytes, max_error, blank_column, err1, err2, err3, Blank
Nonsmooth_sqrt,linear interp; CPU Sparse Matrix   ,8,0.014,3.41254e+06,293.037,8, 0.140203,,0.140203,0.0284706,0.0244041,
Nonsmooth_sqrt,linear interp; CPU Sparse Matrix   ,12,0.024,3.43194e+06,291.381,8, 0.0870173,,0.0870173,0.0174278,0.0124034,
Nonsmooth_sqrt,linear interp; CPU Sparse Matrix   ,16,0.02,6.0021e+06,166.608,8, 0.0611646,,0.0611646,0.0105458,0.00628547,
Nonsmooth_sqrt,linear interp; CPU Sparse Matrix   ,20,0.035,1.0807e+07,92.5324,8, 0.0424922,,0.0424922,0.00959417,0.00538291,
Nonsmooth_sqrt,linear interp; CPU Sparse Matrix   ,24,0.036,1.42595e+07,70.1288,8, 0.022176,,0.022176,0.00692942,0.00533051,
Nonsmooth_sqrt,linear interp; CPU Sparse Matrix   ,28,0.037,1.43151e+07,69.8565,8, 0.0126838,,0.0126838,0.00617913,0.00421059,
Nonsmooth_sqrt,linear interp; CPU Sparse Matrix   ,32,0.056,1.42381e+07,70.2341,8, 0.00665559,,0.00665559,0.00548959,0.00282994,
Nonsmooth_sqrt,linear interp; CPU Sparse Matrix   ,36,0.009,6.88576e+06,145.227,8, 0.0178522,,0.0178522,0.00473164,0.00248302,
Nonsmooth_sqrt,linear interp; CPU Sparse Matrix   ,40,0.049,172850,5785.36,8, 0.0194846,,0.0194846,0.00428151,0.00252038,
Nonsmooth_sqrt,linear interp; CPU Sparse Matrix   ,44,0.057,210895,4741.7,8, 0.0194069,,0.0194069,0.00387467,0.00203088,
Nonsmooth_sqrt,linear interp; CPU Sparse Matrix   ,48,0.049,263804,3790.69,8, 0.0156433,,0.0156433,0.0032682,0.00173868,
Nonsmooth_sqrt,linear interp; CPU Sparse Matrix   ,52,0.099,348271,2871.33,8, 0.0100522,,0.0100522,0.00247125,0.00126886,
Nonsmooth_sqrt,linear interp; CPU Sparse Matrix   ,56,0.106,436198,2292.54,8, 0.00742297,,0.00742297,0.00210666,0.00143616,
Nonsmooth_sqrt,linear interp; CPU Sparse Matrix   ,60,0.054,499471,2002.12,8, 0.00704867,,0.00704867,0.00200868,0.0015936,
Nonsmooth_sqrt,linear interp; CPU Sparse Matrix   ,64,0.061,559794,1786.37,8, 0.0102224,,0.0102224,0.00210692,0.00129124,
Nonsmooth_sqrt,linear interp; CPU Sparse Matrix   ,68,0.12,663296,1507.62,8, 0.00749387,,0.00749387,0.00174406,0.000860594,
Nonsmooth_sqrt,linear interp; CPU Sparse Matrix   ,72,0.153,788270,1268.6,8, 0.010161,,0.010161,0.00156204,0.000881982,
Nonsmooth_sqrt,linear interp; CPU Sparse Matrix   ,76,0.196,949465,1053.22,8, 0.00835845,,0.00835845,0.00113029,0.00118515,
Nonsmooth_sqrt,linear interp; CPU Sparse Matrix   ,80,0.23,1.06851e+06,935.885,8, 0.00648636,,0.00648636,0.00117944,0.000907988,
Nonsmooth_sqrt,linear interp; CPU Sparse Matrix   ,84,0.368,1.18091e+06,846.804,8, 0.00503846,,0.00503846,0.000871468,0.000661115,
Nonsmooth_sqrt,linear interp; CPU Sparse Matrix   ,88,0.28,1.36336e+06,733.484,8, 0.0041027,,0.0041027,0.000847924,0.000617088,
Nonsmooth_sqrt,linear interp; CPU Sparse Matrix   ,92,0.31,1.46213e+06,683.932,8, 0.00342104,,0.00342104,0.000867834,0.00079395,
Nonsmooth_sqrt,linear interp; CPU Sparse Matrix   ,96,0.295,2.16581e+06,461.721,8, 0.00582528,,0.00582528,0.00103126,0.000881326,
Nonsmooth_sqrt,linear interp; CPU Sparse Matrix   ,100,0.374,1.91679e+06,521.706,8, 0.00452491,,0.00452491,0.000957545,0.000675042,
Nonsmooth_sqrt,linear interp; CPU Sparse Matrix   ,104,0.368,2.09158e+06,478.109,8, 0.00506637,,0.00506637,0.00096685,0.000424604,
Nonsmooth_sqrt,linear interp; CPU Sparse Matrix   ,108,0.413,2.32495e+06,430.116,8, 0.00481268,,0.00481268,0.000933172,0.000586623,
Nonsmooth_sqrt,linear interp; CPU Sparse Matrix   ,112,0.429,2.56266e+06,390.22,8, 0.00436306,,0.00436306,0.000962445,0.000728634,
Nonsmooth_sqrt,linear interp; CPU Sparse Matrix   ,116,0.5,2.82497e+06,353.986,8, 0.00310935,,0.00310935,0.00110137,0.000527364,
Nonsmooth_sqrt,linear interp; CPU Sparse Matrix   ,120,0.449,3.11038e+06,321.504,8, 0.00273086,,0.00273086,0.000987145,0.000442094,
Nonsmooth_sqrt,linear interp; CPU Sparse Matrix   ,124,0.532,3.80305e+06,262.947,8, 0.0024079,,0.0024079,0.000911988,0.000440286,
Nonsmooth_sqrt,linear interp; CPU Sparse Matrix   ,128,0.553,3.6977e+06,270.439,8, 0.00390945,,0.00390945,0.000916982,0.000554338,
Nonsmooth_sqrt,linear interp; CPU Sparse Matrix   ,132,0.646,4.27496e+06,233.921,8, 0.00300387,,0.00300387,0.000785483,0.000561116,
Nonsmooth_sqrt,linear interp; CPU Sparse Matrix   ,136,0.703,4.54645e+06,219.952,8, 0.00361411,,0.00361411,0.000783254,0.000412485,
Nonsmooth_sqrt,linear interp; CPU Sparse Matrix   ,140,0.758,4.93432e+06,202.662,8, 0.00357681,,0.00357681,0.000611658,0.000298456,
Nonsmooth_sqrt,linear interp; CPU Sparse Matrix   ,144,0.801,5.29798e+06,188.751,8, 0.00296192,,0.00296192,0.000729405,0.000427316,
Nonsmooth_sqrt,linear interp; CPU Sparse Matrix   ,148,0.755,5.86592e+06,170.476,8, 0.00256142,,0.00256142,0.00060493,0.000480728,
Nonsmooth_sqrt,linear interp; CPU Sparse Matrix   ,152,0.866,6.63534e+06,150.708,8, 0.00226116,,0.00226116,0.000555845,0.00034676,
Nonsmooth_sqrt,linear interp; CPU Sparse Matrix   ,156,0.892,6.77758e+06,147.545,8, 0.0017484,,0.0017484,0.000425066,0.000263888,
Nonsmooth_sqrt,linear interp; CPU Sparse Matrix   ,160,1.058,7.54175e+06,132.595,8, 0.00274577,,0.00274577,0.000438196,0.000316465,
Nonsmooth_sqrt,linear interp; CPU Sparse Matrix   ,164,0.996,8.16871e+06,122.418,8, 0.00245765,,0.00245765,0.000347885,0.000449649,
Nonsmooth_sqrt,linear interp; CPU Sparse Matrix   ,168,1.117,8.74325e+06,114.374,8, 0.0026067,,0.0026067,0.000346434,0.000429091,
Nonsmooth_sqrt,linear interp; CPU Sparse Matrix   ,172,1.145,9.10098e+06,109.878,8, 0.00265657,,0.00265657,0.000362063,0.000295698,
Nonsmooth_sqrt,linear interp; CPU Sparse Matrix   ,176,1.15,9.65191e+06,103.606,8, 0.0022403,,0.0022403,0.000442915,0.000250589,
Nonsmooth_sqrt,linear interp; CPU Sparse Matrix   ,180,1.393,1.01864e+07,98.1697,8, 0.00180217,,0.00180217,0.000413455,0.000325527,
Nonsmooth_sqrt,linear interp; CPU Sparse Matrix   ,184,1.424,1.13467e+07,88.1314,8, 0.00146402,,0.00146402,0.000452083,0.000397517,
Nonsmooth_sqrt,linear interp; CPU Sparse Matrix   ,188,1.663,1.16731e+07,85.6669,8, 0.00124141,,0.00124141,0.000523402,0.000348398,
Nonsmooth_sqrt,linear interp; CPU Sparse Matrix   ,192,1.63,1.20535e+07,82.9632,8, 0.00218698,,0.00218698,0.000488094,0.000214583,
Nonsmooth_sqrt,linear interp; CPU Sparse Matrix   ,196,1.876,1.7706e+07,56.4779,8, 0.00209548,,0.00209548,0.000515175,0.000264197,
Nonsmooth_sqrt,linear interp; CPU Sparse Matrix   ,200,2.089,1.42982e+07,69.9389,8, 0.00210654,,0.00210654,0.00052828,0.000321031,
Nonsmooth_sqrt,linear interp; CPU Sparse Matrix   ,204,1.914,1.48992e+07,67.1176,8, 0.00212074,,0.00212074,0.000486363,0.000317133,
Nonsmooth_sqrt,linear interp; CPU Sparse Matrix   ,208,1.98,1.59054e+07,62.8717,8, 0.00166129,,0.00166129,0.000512818,0.000201915,
Nonsmooth_sqrt,linear interp; CPU Sparse Matrix   ,212,1.987,2.08104e+07,48.0528,8, 0.0014155,,0.0014155,0.000428247,0.000177781,
Nonsmooth_sqrt,linear interp; CPU Sparse Matrix   ,216,2.099,1.80121e+07,55.5183,8, 0.0011857,,0.0011857,0.000378212,0.000300745,
Nonsmooth_sqrt,linear interp; CPU Sparse Matrix   ,220,2.606,1.89121e+07,52.8761,8, 0.00131854,,0.00131854,0.000338139,0.000312119,
Nonsmooth_sqrt,linear interp; CPU Sparse Matrix   ,224,2.453,1.99931e+07,50.0172,8, 0.00180689,,0.00180689,0.000411159,0.000260261,
Nonsmooth_sqrt,linear interp; CPU Sparse Matrix   ,228,2.499,2.08906e+07,47.8684,8, 0.00153223,,0.00153223,0.000341181,0.000161111,
Nonsmooth_sqrt,linear interp; CPU Sparse Matrix   ,232,2.596,2.21927e+07,45.0598,8, 0.00172422,,0.00172422,0.000315519,0.000218029,
Nonsmooth_sqrt,linear interp; CPU Sparse Matrix   ,236,1.902,2.29455e+07,43.5816,8, 0.0017516,,0.0017516,0.000242268,0.000287634,
Nonsmooth_sqrt,linear interp; CPU Sparse Matrix   ,240,2.836,2.40603e+07,41.5623,8, 0.00141867,,0.00141867,0.000250533,0.000224256,
Nonsmooth_sqrt,linear interp; CPU Sparse Matrix   ,244,2.625,2.53438e+07,39.4574,8, 0.00105458,,0.00105458,0.000195354,0.00016299,
Nonsmooth_sqrt,linear interp; CPU Sparse Matrix   ,248,3.279,2.67561e+07,37.3747,8, 0.0010498,,0.0010498,0.000201947,0.000152072,
Nonsmooth_sqrt,linear interp; CPU Sparse Matrix   ,252,3.157,2.79101e+07,35.8293,8, 0.00100742,,0.00100742,0.000209735,0.000233183,
Nonsmooth_sqrt,linear interp; CPU Sparse Matrix   ,256,3.357,2.85475e+07,35.0294,8, 0.00153232,,0.00153232,0.000263974,0.000281667,
Nonsmooth_sqrt,linear interp; CPU Sparse Matrix   ,260,3.699,2.96935e+07,33.6774,8, 0.00121731,,0.00121731,0.000283305,0.000198092,
Nonsmooth_sqrt,linear interp; CPU Sparse Matrix   ,264,4.663,3.18636e+07,31.3838,8, 0.00156473,,0.00156473,0.000289093,0.000119136,
Nonsmooth_sqrt,linear interp; CPU Sparse Matrix   ,268,3.913,3.30881e+07,30.2224,8, 0.00141006,,0.00141006,0.000313305,0.000187967,
Nonsmooth_sqrt,linear interp; CPU Sparse Matrix   ,272,3.963,3.4756e+07,28.772,8, 0.00114698,,0.00114698,0.000315622,0.000231537,
Nonsmooth_sqrt,linear interp; CPU Sparse Matrix   ,276,2.861,3.60703e+07,27.7236,8, 0.000896157,,0.000896157,0.000333095,0.000183037,
Nonsmooth_sqrt,linear interp; CPU Sparse Matrix   ,280,3.019,4.03036e+07,24.8117,8, 0.000933503,,0.000933503,0.000336496,0.000136386,
Nonsmooth_sqrt,linear interp; CPU Sparse Matrix   ,284,5.122,3.9805e+07,25.1225,8, 0.000799716,,0.000799716,0.000325558,0.00015822,
Nonsmooth_sqrt,linear interp; CPU Sparse Matrix   ,288,4.609,4.16135e+07,24.0307,8, 0.00125562,,0.00125562,0.000314158,0.000197405,
Nonsmooth_sqrt,linear interp; CPU Sparse Matrix   ,292,4.792,4.26707e+07,23.4353,8, 0.00100588,,0.00100588,0.000315517,0.000206139,
Nonsmooth_sqrt,linear interp; CPU Sparse Matrix   ,296,5.258,5.34277e+07,18.7169,8, 0.00147731,,0.00147731,0.000289847,0.00015327,
Nonsmooth_sqrt,linear interp; CPU Sparse Matrix   ,300,4.978,4.56235e+07,21.9185,8, 0.00115848,,0.00115848,0.000222027,0.000106681,
Nonsmooth_sqrt,linear interp; CPU Sparse Matrix   ,304,5.493,4.70569e+07,21.2509,8, 0.00107181,,0.00107181,0.000276626,0.000180813,
Nonsmooth_sqrt,linear interp; CPU Sparse Matrix   ,308,5.562,4.95289e+07,20.1902,8, 0.000944712,,0.000944712,0.000229776,0.000210666,
Nonsmooth_sqrt,linear interp; CPU Sparse Matrix   ,312,5.702,5.15135e+07,19.4124,8, 0.000811113,,0.000811113,0.000210852,0.000136306,
Nonsmooth_sqrt,linear interp; CPU Sparse Matrix   ,316,5.869,5.21619e+07,19.1711,8, 0.000666969,,0.000666969,0.000163105,0.000102189,
Nonsmooth_sqrt,linear interp; CPU Sparse Matrix   ,320,6.275,5.56771e+07,17.9607,8, 0.00111105,,0.00111105,0.000169339,0.000128689,
Nonsmooth_sqrt,linear interp; CPU Sparse Matrix   ,324,6.123,5.62431e+07,17.78,8, 0.000902776,,0.000902776,0.000133808,0.000184065,
Nonsmooth_sqrt,linear interp; CPU Sparse Matrix   ,328,6.562,5.84443e+07,17.1103,8, 0.00118508,,0.00118508,0.000145425,0.000173625,
Nonsmooth_sqrt,linear interp; CPU Sparse Matrix   ,332,6.696,6.07989e+07,16.4477,8, 0.00102645,,0.00102645,0.000152398,0.000124959,
Nonsmooth_sqrt,linear interp; CPU Sparse Matrix   ,336,6.344,6.35827e+07,15.7275,8, 0.000977759,,0.000977759,0.000177885,0.000116763,
Nonsmooth_sqrt,linear interp; CPU Sparse Matrix   ,340,7.282,6.47925e+07,15.4339,8, 0.000705168,,0.000705168,0.000200739,0.00014728,
Nonsmooth_sqrt,linear interp; CPU Sparse Matrix   ,344,7.531,6.654e+07,15.0285,8, 0.000627231,,0.000627231,0.00021056,0.000187169,
Nonsmooth_sqrt,linear interp; CPU Sparse Matrix   ,348,8.549,7.09643e+07,14.0916,8, 0.000606924,,0.000606924,0.000223637,0.000159006,
Nonsmooth_sqrt,linear interp; CPU Sparse Matrix   ,352,8.084,7.1066e+07,14.0714,8, 0.000981776,,0.000981776,0.000226452,9.49374e-05,
Nonsmooth_sqrt,linear interp; CPU Sparse Matrix   ,356,7.99,9.93192e+07,10.0685,8, 0.000864957,,0.000864957,0.000249933,0.000139832,
Nonsmooth_sqrt,linear interp; CPU Sparse Matrix   ,360,8.366,1.0023e+08,9.97708,8, 0.000987443,,0.000987443,0.000237047,0.000161852,
Nonsmooth_sqrt,linear interp; CPU Sparse Matrix   ,364,8.293,1.09231e+08,9.15489,8, 0.000943814,,0.000943814,0.00025724,0.000156748,
Nonsmooth_sqrt,linear interp; CPU Sparse Matrix   ,368,9.072,9.19039e+07,10.8809,8, 0.000808189,,0.000808189,0.000231276,9.57638e-05,
Nonsmooth_sqrt,linear interp; CPU Sparse Matrix   ,372,9.434,8.50652e+07,11.7557,8, 0.000628816,,0.000628816,0.000214028,9.00427e-05,
Nonsmooth_sqrt,linear interp; CPU Sparse Matrix   ,376,8.947,8.82786e+07,11.3278,8, 0.000585669,,0.000585669,0.000197798,0.000143604,
Nonsmooth_sqrt,linear interp; CPU Sparse Matrix   ,380,9.418,9.17673e+07,10.8971,8, 0.000612103,,0.000612103,0.00016148,0.000155156,
Nonsmooth_sqrt,linear interp; CPU Sparse Matrix   ,384,10.138,9.69925e+07,10.3101,8, 0.000874914,,0.000874914,0.000204217,0.000130294,
Nonsmooth_sqrt,linear interp; CPU Sparse Matrix   ,388,10.895,9.98492e+07,10.0151,8, 0.000708176,,0.000708176,0.000169133,7.33018e-05,
Nonsmooth_sqrt,linear interp; CPU Sparse Matrix   ,392,9.729,1.03737e+08,9.63978,8, 0.00084564,,0.00084564,0.000155526,0.000113491,
Nonsmooth_sqrt,linear interp; CPU Sparse Matrix   ,396,11.473,1.06341e+08,9.40372,8, 0.000933007,,0.000933007,0.000121059,0.000160194,
Nonsmooth_sqrt,linear interp; CPU Sparse Matrix   ,400,12.586,1.14135e+08,8.76155,8, 0.000691199,,0.000691199,0.000123745,0.000120837,
Nonsmooth_sqrt,linear interp; CPU Sparse Matrix   ,404,11.355,1.09727e+08,9.11352,8, 0.000516438,,0.000516438,9.87818e-05,8.3682e-05,
Nonsmooth_sqrt,linear interp; CPU Sparse Matrix   ,408,10.695,1.09435e+08,9.13782,8, 0.000528382,,0.000528382,0.000105665,9.09081e-05,
Nonsmooth_sqrt,linear interp; CPU Sparse Matrix   ,412,11.003,1.1406e+08,8.76732,8, 0.000516954,,0.000516954,0.000120572,0.000124368,
Nonsmooth_sqrt,linear interp; CPU Sparse Matrix   ,416,11.902,1.19272e+08,8.38418,8, 0.000802743,,0.000802743,0.000138302,0.000141781,
Nonsmooth_sqrt,linear interp; CPU Sparse Matrix   ,420,11.685,1.33334e+08,7.49994,8, 0.000645985,,0.000645985,0.000152692,0.000107246,
Nonsmooth_sqrt,linear interp; CPU Sparse Matrix   ,424,12.09,1.27549e+08,7.84012,8, 0.000767999,,0.000767999,0.000160803,6.24701e-05,
Nonsmooth_sqrt,linear interp; CPU Sparse Matrix   ,428,12.572,1.31062e+08,7.63,8, 0.000838096,,0.000838096,0.000176904,0.000103439,
Nonsmooth_sqrt,linear interp; CPU Sparse Matrix   ,432,12.383,1.32384e+08,7.55377,8, 0.000600392,,0.000600392,0.000173844,0.00013182,
Nonsmooth_sqrt,linear interp; CPU Sparse Matrix   ,436,13.691,1.3847e+08,7.22176,8, 0.000548916,,0.000548916,0.000206352,9.96734e-05,
Nonsmooth_sqrt,linear interp; CPU Sparse Matrix   ,440,15.116,1.48549e+08,6.73178,8, 0.00052288,,0.00052288,0.000180824,7.51046e-05,
Nonsmooth_sqrt,linear interp; CPU Sparse Matrix   ,444,14.863,1.55012e+08,6.45111,8, 0.000451892,,0.000451892,0.000188176,8.95566e-05,
Nonsmooth_sqrt,linear interp; CPU Sparse Matrix   ,448,14.298,1.49766e+08,6.6771,8, 0.000713899,,0.000713899,0.000187277,0.00012149,
Nonsmooth_sqrt,linear interp; CPU Sparse Matrix   ,452,14.6,1.5482e+08,6.4591,8, 0.000598226,,0.000598226,0.000178382,0.000122169,
Nonsmooth_sqrt,linear interp; CPU Sparse Matrix   ,456,18.654,1.53981e+08,6.49429,8, 0.000731757,,0.000731757,0.000156372,8.86804e-05,
Nonsmooth_sqrt,linear interp; CPU Sparse Matrix   ,460,15.524,1.62298e+08,6.1615,8, 0.000705153,,0.000705153,0.000124744,6.03441e-05,
Nonsmooth_sqrt,linear interp; CPU Sparse Matrix   ,464,15.556,1.63039e+08,6.13351,8, 0.000565555,,0.000565555,0.000160342,0.00010146,
Nonsmooth_sqrt,linear interp; CPU Sparse Matrix   ,468,16.082,1.71317e+08,5.83714,8, 0.000513077,,0.000513077,0.000132833,0.000121743,
Nonsmooth_sqrt,linear interp; CPU Sparse Matrix   ,472,17.655,1.72859e+08,5.78506,8, 0.000443807,,0.000443807,0.00012075,7.94244e-05,
Nonsmooth_sqrt,linear interp; CPU Sparse Matrix   ,476,15.828,1.7573e+08,5.69056,8, 0.000387104,,0.000387104,9.41732e-05,5.93558e-05,
Nonsmooth_sqrt,linear interp; CPU Sparse Matrix   ,480,17.764,1.82142e+08,5.49023,8, 0.000656205,,0.000656205,9.55031e-05,7.83919e-05,
Nonsmooth_sqrt,linear interp; CPU Sparse Matrix   ,484,16.604,1.8437e+08,5.42387,8, 0.00056433,,0.00056433,7.68585e-05,0.000115078,
Nonsmooth_sqrt,linear interp; CPU Sparse Matrix   ,488,21.494,1.93348e+08,5.17202,8, 0.000635389,,0.000635389,8.26788e-05,0.00011016,
Nonsmooth_sqrt,linear interp; CPU Sparse Matrix   ,492,21.143,1.93383e+08,5.1711,8, 0.000614627,,0.000614627,9.83807e-05,7.52094e-05,
Nonsmooth_sqrt,linear interp; CPU Sparse Matrix   ,496,17.611,2.00776e+08,4.98068,8, 0.000568784,,0.000568784,0.000110806,7.20477e-05,
Nonsmooth_sqrt,linear interp; CPU Sparse Matrix   ,500,20.289,2.08074e+08,4.80598,8, 0.000403696,,0.000403696,0.000125447,9.45633e-05,
Nonsmooth_sqrt,linear interp; CPU Sparse Matrix   ,504,21.099,2.10234e+08,4.75661,8, 0.000369034,,0.000369034,0.000126834,0.000109026,
Nonsmooth_sqrt,linear interp; CPU Sparse Matrix   ,508,19.313,2.21652e+08,4.51158,8, 0.000374859,,0.000374859,0.000146349,9.87761e-05,
Nonsmooth_sqrt,linear interp; CPU Sparse Matrix   ,512,20.358,2.31554e+08,4.31864,8, 0.00060184,,0.00060184,0.00014162,5.77166e-05,
Nonsmooth_sqrt,linear interp; CPU Sparse Matrix   ,516,20.825,2.23858e+08,4.46712,8, 0.000563863,,0.000563863,0.000157449,8.02481e-05,
