function_name, calculator,N,init_time, calc_time, calc_hz, bytes, max_error, blank_column, err1, err2, err3, Blank
Nonsmooth_abs,bicubic interp; GPU Sparse Matrix  ,8,0.184,644836,1550.78,8, 0.132369,,0.0538025,0.132369,0.0763922,
Nonsmooth_abs,bicubic interp; GPU Sparse Matrix  ,12,0.063,230016,4347.52,8, 0.0331385,,0.0331385,0.0325387,0.0271062,
Nonsmooth_abs,bicubic interp; GPU Sparse Matrix  ,16,0.09,334128,2992.87,8, 0.020831,,0.020831,0.0192344,0.0126159,
Nonsmooth_abs,bicubic interp; GPU Sparse Matrix  ,20,0.151,465383,2148.77,8, 0.0122648,,0.0122648,0.0107376,0.0119339,
Nonsmooth_abs,bicubic interp; GPU Sparse Matrix  ,24,0.231,625033,1599.92,8, 0.00852634,,0.00659426,0.00852634,0.00664951,
Nonsmooth_abs,bicubic interp; GPU Sparse Matrix  ,28,0.371,6.17878e+06,161.844,8, 0.00726477,,0.00519068,0.00631828,0.00726477,
Nonsmooth_abs,bicubic interp; GPU Sparse Matrix  ,32,0.522,5.14742e+06,194.272,8, 0.00553948,,0.00553948,0.00393233,0.00465574,
Nonsmooth_abs,bicubic interp; GPU Sparse Matrix  ,36,0.651,1.07214e+07,93.2714,8, 0.00494077,,0.00491499,0.00464869,0.00494077,
Nonsmooth_abs,bicubic interp; GPU Sparse Matrix  ,40,0.9,1.36104e+06,734.732,8, 0.00372005,,0.00372005,0.00355795,0.00349065,
Nonsmooth_abs,bicubic interp; GPU Sparse Matrix  ,44,1.133,7.17668e+06,139.34,8, 0.00360731,,0.00304694,0.00264101,0.00360731,
Nonsmooth_abs,bicubic interp; GPU Sparse Matrix  ,48,1.448,7.21178e+06,138.662,8, 0.00304045,,0.00302502,0.00304045,0.00274259,
Nonsmooth_abs,bicubic interp; GPU Sparse Matrix  ,52,1.86,2.02759e+06,493.197,8, 0.0027855,,0.0026226,0.00235021,0.0027855,
Nonsmooth_abs,bicubic interp; GPU Sparse Matrix  ,56,2.3,2.36608e+06,422.639,8, 0.00224383,,0.00199251,0.00191674,0.00224383,
Nonsmooth_abs,bicubic interp; GPU Sparse Matrix  ,60,2.785,2.63424e+06,379.615,8, 0.00221458,,0.0020996,0.00215732,0.00221458,
Nonsmooth_abs,bicubic interp; GPU Sparse Matrix  ,64,3.228,2.96699e+06,337.042,8, 0.0019123,,0.0019123,0.00165888,0.00188748,
Nonsmooth_abs,bicubic interp; GPU Sparse Matrix  ,68,3.832,3.42734e+06,291.771,8, 0.00181372,,0.0015262,0.00150475,0.00181372,
Nonsmooth_abs,bicubic interp; GPU Sparse Matrix  ,72,4.745,4.30428e+06,232.327,8, 0.00164249,,0.00133684,0.00164249,0.00161446,
Nonsmooth_abs,bicubic interp; GPU Sparse Matrix  ,76,5.622,4.7981e+06,208.416,8, 0.00151554,,0.00119394,0.00125559,0.00151554,
Nonsmooth_abs,bicubic interp; GPU Sparse Matrix  ,80,6.296,5.42022e+06,184.494,8, 0.00141151,,0.00109875,0.00121874,0.00141151,
Nonsmooth_abs,bicubic interp; GPU Sparse Matrix  ,84,7.558,5.88508e+06,169.921,8, 0.0012905,,0.00120094,0.0012905,0.00128682,
Nonsmooth_abs,bicubic interp; GPU Sparse Matrix  ,88,8.831,6.57817e+06,152.018,8, 0.00124468,,0.00115326,0.000973339,0.00124468,
Nonsmooth_abs,bicubic interp; GPU Sparse Matrix  ,92,10.274,7.43878e+06,134.431,8, 0.00110767,,0.00100336,0.00102116,0.00110767,
Nonsmooth_abs,bicubic interp; GPU Sparse Matrix  ,96,11.57,8.23776e+06,121.392,8, 0.00110604,,0.000895723,0.00104874,0.00110604,
Nonsmooth_abs,bicubic interp; GPU Sparse Matrix  ,100,12.942,9.08478e+06,110.074,8, 0.000963656,,0.000697398,0.000782025,0.000963656,
Nonsmooth_abs,bicubic interp; GPU Sparse Matrix  ,104,14.45,1.00443e+07,99.5589,8, 0.00100503,,0.000734892,0.000870821,0.00100503,
Nonsmooth_abs,bicubic interp; GPU Sparse Matrix  ,108,16.749,1.09881e+07,91.0073,8, 0.000867139,,0.000792416,0.000867139,0.000848689,
Nonsmooth_abs,bicubic interp; GPU Sparse Matrix  ,112,18.959,1.21469e+07,82.3255,8, 0.000907643,,0.000758826,0.0006381,0.000907643,
Nonsmooth_abs,bicubic interp; GPU Sparse Matrix  ,116,19.807,1.3168e+07,75.9416,8, 0.000756175,,0.0006677,0.000756175,0.000747277,
Nonsmooth_abs,bicubic interp; GPU Sparse Matrix  ,120,22.666,1.44011e+07,69.4391,8, 0.000834278,,0.00055337,0.000731358,0.000834278,
Nonsmooth_abs,bicubic interp; GPU Sparse Matrix  ,124,23.832,1.56131e+07,64.0487,8, 0.000664032,,0.000474982,0.000531766,0.000664032,
Nonsmooth_abs,bicubic interp; GPU Sparse Matrix  ,128,28.254,1.91134e+07,52.3194,8, 0.000782985,,0.000554956,0.000663894,0.000782985,
Nonsmooth_abs,bicubic interp; GPU Sparse Matrix  ,132,32.07,1.89251e+07,52.84,8, 0.000623626,,0.000569244,0.000623626,0.000622749,
Nonsmooth_abs,bicubic interp; GPU Sparse Matrix  ,136,34.549,2.5677e+07,38.9454,8, 0.000704459,,0.000534338,0.000447531,0.000704459,
Nonsmooth_abs,bicubic interp; GPU Sparse Matrix  ,140,32.852,2.27357e+07,43.9837,8, 0.000589185,,0.000465976,0.000589185,0.000547428,
Nonsmooth_abs,bicubic interp; GPU Sparse Matrix  ,144,34.867,2.46603e+07,40.5509,8, 0.00070699,,0.000386547,0.00053784,0.00070699,
Nonsmooth_abs,bicubic interp; GPU Sparse Matrix  ,148,38.029,2.69906e+07,37.0499,8, 0.000525474,,0.000404807,0.000381953,0.000525474,
Nonsmooth_abs,bicubic interp; GPU Sparse Matrix  ,152,42.408,3.10652e+07,32.1904,8, 0.000608772,,0.000449744,0.000526586,0.000608772,
Nonsmooth_abs,bicubic interp; GPU Sparse Matrix  ,156,44.467,3.31161e+07,30.1968,8, 0.000474455,,0.000442757,0.000468529,0.000474455,
Nonsmooth_abs,bicubic interp; GPU Sparse Matrix  ,160,48.701,3.34157e+07,29.926,8, 0.000652563,,0.000399332,0.000355799,0.000652563,
Nonsmooth_abs,bicubic interp; GPU Sparse Matrix  ,164,53.285,3.85585e+07,25.9346,8, 0.000562506,,0.000339226,0.000472401,0.000562506,
Nonsmooth_abs,bicubic interp; GPU Sparse Matrix  ,168,58.747,4.12107e+07,24.2655,8, 0.00062534,,0.00027989,0.000410008,0.00062534,
Nonsmooth_abs,bicubic interp; GPU Sparse Matrix  ,172,61.811,4.36806e+07,22.8934,8, 0.000479509,,0.000345567,0.000338531,0.000479509,
Nonsmooth_abs,bicubic interp; GPU Sparse Matrix  ,176,67.767,4.7336e+07,21.1256,8, 0.000583646,,0.00037122,0.00042695,0.000583646,
Nonsmooth_abs,bicubic interp; GPU Sparse Matrix  ,180,73.465,5.47685e+07,18.2587,8, 0.000596628,,0.000355421,0.000361692,0.000596628,
Nonsmooth_abs,bicubic interp; GPU Sparse Matrix  ,184,78.849,5.3836e+07,18.5749,8, 0.000697893,,0.000313283,0.000322343,0.000697893,
Nonsmooth_abs,bicubic interp; GPU Sparse Matrix  ,188,82.803,5.66412e+07,17.655,8, 0.00062143,,0.000261371,0.000387589,0.00062143,
Nonsmooth_abs,bicubic interp; GPU Sparse Matrix  ,192,91.092,5.99361e+07,16.6844,8, 0.000820426,,0.000249944,0.000336533,0.000820426,
Nonsmooth_abs,bicubic interp; GPU Sparse Matrix  ,196,97.888,6.36781e+07,15.704,8, 0.000959658,,0.000295969,0.0003048,0.000959658,
Nonsmooth_abs,bicubic interp; GPU Sparse Matrix  ,200,104.241,6.76529e+07,14.7813,8, 0.000903709,,0.00030665,0.000356522,0.000903709,
Nonsmooth_abs,bicubic interp; GPU Sparse Matrix  ,204,110.24,7.15764e+07,13.9711,8, 0.00104553,,0.000288137,0.000359466,0.00104553,
Nonsmooth_abs,bicubic interp; GPU Sparse Matrix  ,208,117.378,7.62145e+07,13.1209,8, 0.00122086,,0.000250667,0.000369341,0.00122086,
Nonsmooth_abs,bicubic interp; GPU Sparse Matrix  ,212,124.266,8.54018e+07,11.7093,8, 0.0010093,,0.000206778,0.000489252,0.0010093,
Nonsmooth_abs,bicubic interp; GPU Sparse Matrix  ,216,134.57,8.28949e+07,12.0635,8, 0.00175101,,0.000229066,0.000467528,0.00175101,
Nonsmooth_abs,bicubic interp; GPU Sparse Matrix  ,220,142.538,8.85202e+07,11.2969,8, 0.0013938,,0.000257732,0.000510369,0.0013938,
Nonsmooth_abs,bicubic interp; GPU Sparse Matrix  ,224,149.297,9.18518e+07,10.8871,8, 0.00194409,,0.000256541,0.000531928,0.00194409,
Nonsmooth_abs,bicubic interp; GPU Sparse Matrix  ,228,160.269,1.08488e+08,9.21758,8, 0.0021601,,0.000234057,0.000665536,0.0021601,
Nonsmooth_abs,bicubic interp; GPU Sparse Matrix  ,232,168.945,1.03391e+08,9.67204,8, 0.00198453,,0.000201022,0.000744938,0.00198453,
Nonsmooth_abs,bicubic interp; GPU Sparse Matrix  ,236,178.952,1.27543e+08,7.84051,8, 0.00205288,,0.000166068,0.000877035,0.00205288,
Nonsmooth_abs,bicubic interp; GPU Sparse Matrix  ,240,190.026,1.15035e+08,8.69299,8, 0.00253182,,0.000208072,0.000881638,0.00253182,
Nonsmooth_abs,bicubic interp; GPU Sparse Matrix  ,244,197.967,1.24384e+08,8.03963,8, 0.0028721,,0.000225336,0.000687064,0.0028721,
Nonsmooth_abs,bicubic interp; GPU Sparse Matrix  ,248,211.219,1.30698e+08,7.65121,8, 0.00215736,,0.000217785,0.00095919,0.00215736,
Nonsmooth_abs,bicubic interp; GPU Sparse Matrix  ,252,223.644,1.34095e+08,7.45738,8, 0.00349893,,0.000193484,0.00124608,0.00349893,
Nonsmooth_abs,bicubic interp; GPU Sparse Matrix  ,256,237.248,1.50167e+08,6.65926,8, 0.00285328,,0.000162623,0.00113025,0.00285328,
Nonsmooth_abs,bicubic interp; GPU Sparse Matrix  ,260,254.2,1.47432e+08,6.78279,8, 0.00337923,,0.000160168,0.00122987,0.00337923,
Nonsmooth_abs,bicubic interp; GPU Sparse Matrix  ,264,267.515,1.53871e+08,6.49894,8, 0.00463431,,0.000189285,0.00144327,0.00463431,
Nonsmooth_abs,bicubic interp; GPU Sparse Matrix  ,268,284.54,1.61634e+08,6.1868,8, 0.00483814,,0.000195974,0.00165215,0.00483814,
Nonsmooth_abs,bicubic interp; GPU Sparse Matrix  ,272,303.302,1.67959e+08,5.95384,8, 0.00548925,,0.000184691,0.0014591,0.00548925,
Nonsmooth_abs,bicubic interp; GPU Sparse Matrix  ,276,319.62,1.75476e+08,5.69877,8, 0.00529161,,0.000198224,0.00183586,0.00529161,
Nonsmooth_abs,bicubic interp; GPU Sparse Matrix  ,280,336.428,1.88845e+08,5.29536,8, 0.00630367,,0.000188267,0.00149995,0.00630367,
Nonsmooth_abs,bicubic interp; GPU Sparse Matrix  ,284,358.879,1.91254e+08,5.22864,8, 0.00630268,,0.000219667,0.00204884,0.00630268,
Nonsmooth_abs,bicubic interp; GPU Sparse Matrix  ,288,379.22,2.03043e+08,4.92507,8, 0.00749603,,0.000232265,0.00243978,0.00749603,
Nonsmooth_abs,bicubic interp; GPU Sparse Matrix  ,292,403.795,2.08137e+08,4.80454,8, 0.00634397,,0.000331354,0.00214501,0.00634397,
Nonsmooth_abs,bicubic interp; GPU Sparse Matrix  ,296,426.92,2.24866e+08,4.44709,8, 0.00851508,,0.000245536,0.0022319,0.00851508,
