function_name, calculator,N,init_time, calc_time, calc_hz, bytes, max_error, blank_column, err1, err2, err3, Blank
Smooth_poly,chebyshev interp; CPU Dense Matrix ,8,0.005,43243,23125.1,8, 0.0333623,,0.0312304,0.0254653,0.0333623,
Smooth_poly,chebyshev interp; CPU Dense Matrix ,12,0.006,166669,5999.92,8, 0.0363518,,0.0256702,0.0138486,0.0363518,
Smooth_poly,chebyshev interp; CPU Dense Matrix ,16,0.02,738020,1354.98,8, 0.0279969,,0.0207657,0.00904636,0.0279969,
Smooth_poly,chebyshev interp; CPU Dense Matrix ,20,0.013,1.25671e+06,795.73,8, 0.0175308,,0.0163697,0.00638554,0.0175308,
Smooth_poly,chebyshev interp; CPU Dense Matrix ,24,0.02,3.40982e+06,293.27,8, 0.0125032,,0.0125032,0.00469581,0.00846126,
Smooth_poly,chebyshev interp; CPU Dense Matrix ,28,0.043,5.1024e+06,195.986,8, 0.00919579,,0.00919579,0.00355742,0.00842206,
Smooth_poly,chebyshev interp; CPU Dense Matrix ,32,0.057,1.49556e+07,66.8644,8, 0.0088918,,0.00645977,0.00274491,0.0088918,
Smooth_poly,chebyshev interp; CPU Dense Matrix ,36,0.201,2.74958e+07,36.3692,8, 0.00744475,,0.00428469,0.00213781,0.00744475,
Smooth_poly,chebyshev interp; CPU Dense Matrix ,40,0.308,4.83212e+07,20.6949,8, 0.00484897,,0.00263773,0.00167429,0.00484897,
Smooth_poly,chebyshev interp; CPU Dense Matrix ,44,0.315,5.38596e+07,18.5668,8, 0.00348018,,0.00277208,0.001316,0.00348018,
Smooth_poly,chebyshev interp; CPU Dense Matrix ,48,0.358,9.25054e+07,10.8102,8, 0.00434859,,0.00291835,0.00103876,0.00434859,
Smooth_poly,chebyshev interp; CPU Dense Matrix ,52,0.425,8.30613e+07,12.0393,8, 0.00429098,,0.00282432,0.000914086,0.00429098,
Smooth_poly,chebyshev interp; CPU Dense Matrix ,56,0.589,1.7286e+08,5.78503,8, 0.00335169,,0.00254547,0.000909227,0.00335169,
Smooth_poly,chebyshev interp; CPU Dense Matrix ,60,0.734,1.55686e+08,6.4232,8, 0.00214961,,0.00214961,0.000898716,0.00199401,
Smooth_poly,chebyshev interp; CPU Dense Matrix ,64,0.97,3.13233e+08,3.19251,8, 0.00246667,,0.00170219,0.000883114,0.00246667,
Smooth_poly,chebyshev interp; CPU Dense Matrix ,68,1.629,2.58599e+08,3.86699,8, 0.00277017,,0.001259,0.000862759,0.00277017,
Smooth_poly,chebyshev interp; CPU Dense Matrix ,72,1.912,4.76434e+08,2.09893,8, 0.0024866,,0.000969352,0.000837703,0.0024866,
Smooth_poly,chebyshev interp; CPU Dense Matrix ,76,2.431,4.67209e+08,2.14037,8, 0.00173357,,0.00115954,0.000808285,0.00173357,
Smooth_poly,chebyshev interp; CPU Dense Matrix ,80,2.92,7.69678e+08,1.29924,8, 0.00148525,,0.00126313,0.000774859,0.00148525,
Smooth_poly,chebyshev interp; CPU Dense Matrix ,84,3.496,7.15222e+08,1.39817,8, 0.00187435,,0.00126746,0.000737699,0.00187435,
Smooth_poly,chebyshev interp; CPU Dense Matrix ,88,3.725,1.14863e+09,0.870605,8, 0.00189445,,0.00118382,0.000697225,0.00189445,
Smooth_poly,chebyshev interp; CPU Dense Matrix ,92,4.39,9.82414e+08,1.0179,8, 0.00151664,,0.00103495,0.000653914,0.00151664,
Smooth_poly,chebyshev interp; CPU Dense Matrix ,96,5.042,1.56552e+09,0.638765,8, 0.000932783,,0.000847883,0.000608234,0.000932783,
Smooth_poly,chebyshev interp; CPU Dense Matrix ,100,5.492,1.31494e+09,0.760494,8, 0.00128924,,0.000649166,0.000560747,0.00128924,
Smooth_poly,chebyshev interp; CPU Dense Matrix ,104,6.738,2.18034e+09,0.458644,8, 0.0014521,,0.00055448,0.000512082,0.0014521,
Smooth_poly,chebyshev interp; CPU Dense Matrix ,108,7.372,1.85665e+09,0.538605,8, 0.00131154,,0.000669353,0.000462891,0.00131154,
Smooth_poly,chebyshev interp; CPU Dense Matrix ,112,8.549,2.92777e+09,0.341557,8, 0.000919374,,0.000739059,0.000413913,0.000919374,
Smooth_poly,chebyshev interp; CPU Dense Matrix ,116,9.78,2.41748e+09,0.413654,8, 0.000885159,,0.000752842,0.000365972,0.000885159,
Smooth_poly,chebyshev interp; CPU Dense Matrix ,120,10.919,3.77383e+09,0.264983,8, 0.00110653,,0.000714165,0.000319974,0.00110653,
Smooth_poly,chebyshev interp; CPU Dense Matrix ,124,12.802,3.37854e+09,0.295986,8, 0.00111427,,0.000634252,0.000276977,0.00111427,
Finished a list. std::bad_alloc
