function_name, calculator,N,init-time, calc-time, calc-hz, bytes, max-error, blank-column, err1, err2, err3, Blank
Nonsmooth_runge_abs,CPU-linear-sparse,8,0.001,106073,9427.47,4, 0.318407,,0.318407,0.14501,0.261666,
Nonsmooth_runge_abs,CPU-linear-sparse,12,0.001,15273,65475,4, 0.268269,,0.268269,0.121192,0.141008,
Nonsmooth_runge_abs,CPU-linear-sparse,16,0.005,19938,50155.5,4, 0.190483,,0.190483,0.0787764,0.0878467,
Nonsmooth_runge_abs,CPU-linear-sparse,20,0.001,98646,10137.3,4, 0.108485,,0.108485,0.0546759,0.0731623,
Nonsmooth_runge_abs,CPU-linear-sparse,24,0.001,46153,21667.1,4, 0.0661564,,0.0661564,0.0524752,0.0492486,
Nonsmooth_runge_abs,CPU-linear-sparse,28,0.001,83693,11948.4,4, 0.0457687,,0.0293397,0.0457687,0.0406905,
Nonsmooth_runge_abs,CPU-linear-sparse,32,0.002,89394,11186.4,4, 0.0411049,,0.0156181,0.0411049,0.0275532,
Nonsmooth_runge_abs,CPU-linear-sparse,36,0.003,73140,13672.4,4, 0.0476687,,0.0476687,0.0333868,0.0283103,
Nonsmooth_runge_abs,CPU-linear-sparse,40,0.004,70578,14168.7,4, 0.0498648,,0.0498648,0.0235713,0.0199387,
Nonsmooth_runge_abs,CPU-linear-sparse,44,0.006,105120,9512.94,4, 0.044449,,0.044449,0.0127506,0.0190111,
Nonsmooth_runge_abs,CPU-linear-sparse,48,0.007,126476,7906.64,4, 0.0331013,,0.0331013,0.0135711,0.0142323,
Nonsmooth_runge_abs,CPU-linear-sparse,52,0.009,128489,7782.77,4, 0.0225426,,0.0212576,0.0225426,0.0167241,
Nonsmooth_runge_abs,CPU-linear-sparse,56,0.011,165387,6046.42,4, 0.0163627,,0.0134342,0.0163627,0.0111282,
Nonsmooth_runge_abs,CPU-linear-sparse,60,0.013,186777,5353.98,4, 0.0117058,,0.00956896,0.0107352,0.0117058,
Nonsmooth_runge_abs,CPU-linear-sparse,64,0.016,223811,4468.06,4, 0.0110172,,0.00930303,0.00817849,0.0110172,
Nonsmooth_runge_abs,CPU-linear-sparse,68,0.02,256238,3902.62,4, 0.0147615,,0.0147615,0.00747215,0.0125946,
Nonsmooth_runge_abs,CPU-linear-sparse,72,0.023,279713,3575.09,4, 0.0188989,,0.0188989,0.00720021,0.00698583,
Nonsmooth_runge_abs,CPU-linear-sparse,76,0.027,341759,2926.04,4, 0.0168741,,0.0168741,0.00676546,0.00831305,
Nonsmooth_runge_abs,CPU-linear-sparse,80,0.033,388197,2576.01,4, 0.0130497,,0.0130497,0.00754998,0.00929409,
Nonsmooth_runge_abs,CPU-linear-sparse,84,0.038,444143,2251.53,4, 0.0107759,,0.0107759,0.00850744,0.0102275,
Nonsmooth_runge_abs,CPU-linear-sparse,88,0.043,498352,2006.61,4, 0.00917108,,0.00917108,0.00894747,0.00493448,
Nonsmooth_runge_abs,CPU-linear-sparse,92,0.052,561826,1779.91,4, 0.00844379,,0.00700021,0.00844379,0.00611827,
Nonsmooth_runge_abs,CPU-linear-sparse,96,0.054,572169,1747.74,4, 0.0078645,,0.0056675,0.00775085,0.0078645,
Nonsmooth_runge_abs,CPU-linear-sparse,100,0.064,650211,1537.96,4, 0.00897185,,0.00704332,0.00677711,0.00897185,
Nonsmooth_runge_abs,CPU-linear-sparse,104,0.07,680362,1469.81,4, 0.00959482,,0.00959482,0.00508919,0.00385581,
Nonsmooth_runge_abs,CPU-linear-sparse,108,0.078,738486,1354.12,4, 0.00906708,,0.00906708,0.00322613,0.00560565,
Nonsmooth_runge_abs,CPU-linear-sparse,112,0.087,776730,1287.45,4, 0.00871313,,0.00871313,0.00392085,0.00665665,
Nonsmooth_runge_abs,CPU-linear-sparse,116,0.095,858586,1164.71,4, 0.00833938,,0.00833938,0.00739978,0.00775268,
Nonsmooth_runge_abs,CPU-linear-sparse,120,0.15,915461,1092.35,4, 0.00701615,,0.00701615,0.00538346,0.00331871,
Nonsmooth_runge_abs,CPU-linear-sparse,124,0.141,1.06969e+06,934.849,4, 0.00535333,,0.00535333,0.00428987,0.00476992,
Nonsmooth_runge_abs,CPU-linear-sparse,128,0.133,1.18361e+06,844.871,4, 0.00603619,,0.00432466,0.00397648,0.00603619,
Nonsmooth_runge_abs,CPU-linear-sparse,132,0.148,1.34279e+06,744.718,4, 0.00677738,,0.00417762,0.00402347,0.00677738,
Nonsmooth_runge_abs,CPU-linear-sparse,136,0.177,1.44453e+06,692.265,4, 0.00610181,,0.00610181,0.00385283,0.00280745,
Nonsmooth_runge_abs,CPU-linear-sparse,140,0.246,1.57767e+06,633.845,4, 0.00686304,,0.00686304,0.00392104,0.0046533,
Nonsmooth_runge_abs,CPU-linear-sparse,144,0.2,1.66456e+06,600.761,4, 0.00682534,,0.00682534,0.0040252,0.00547411,
Nonsmooth_runge_abs,CPU-linear-sparse,148,0.252,1.82434e+06,548.142,4, 0.00641703,,0.00641703,0.0042678,0.00559065,
Nonsmooth_runge_abs,CPU-linear-sparse,152,0.239,2.03091e+06,492.389,4, 0.00588912,,0.00588912,0.00439355,0.00270847,
Nonsmooth_runge_abs,CPU-linear-sparse,156,0.321,2.15444e+06,464.159,4, 0.00444291,,0.00444291,0.00437487,0.00409266,
Nonsmooth_runge_abs,CPU-linear-sparse,160,0.276,2.2795e+06,438.692,4, 0.00499592,,0.00326826,0.00404917,0.00499592,
Nonsmooth_runge_abs,CPU-linear-sparse,164,0.406,2.47234e+06,404.475,4, 0.00506272,,0.00333816,0.00360345,0.00506272,
Nonsmooth_runge_abs,CPU-linear-sparse,168,0.37,2.72326e+06,367.206,4, 0.00500635,,0.00500635,0.00275934,0.00247951,
Nonsmooth_runge_abs,CPU-linear-sparse,172,0.524,2.85846e+06,349.838,4, 0.00568718,,0.00568718,0.00185385,0.00402794,
Nonsmooth_runge_abs,CPU-linear-sparse,176,0.453,3.01555e+06,331.615,4, 0.00584358,,0.00584358,0.00211918,0.00486061,
Nonsmooth_runge_abs,CPU-linear-sparse,180,0.535,3.23404e+06,309.211,4, 0.00553444,,0.00553444,0.00389411,0.0047425,
Nonsmooth_runge_abs,CPU-linear-sparse,184,0.469,3.39112e+06,294.887,4, 0.00511917,,0.00511917,0.00287465,0.00228228,
Nonsmooth_runge_abs,CPU-linear-sparse,188,0.592,3.5963e+06,278.064,4, 0.00380114,,0.00380114,0.00266512,0.00350196,
Nonsmooth_runge_abs,CPU-linear-sparse,192,0.534,3.90684e+06,255.961,4, 0.00450247,,0.00270344,0.00270822,0.00450247,
Nonsmooth_runge_abs,CPU-linear-sparse,196,0.553,4.11066e+06,243.27,4, 0.00421395,,0.00277635,0.00274729,0.00421395,
Nonsmooth_runge_abs,CPU-linear-sparse,200,0.601,4.31488e+06,231.756,4, 0.00416721,,0.00416721,0.00262278,0.00193576,
Nonsmooth_runge_abs,CPU-linear-sparse,204,0.623,4.46538e+06,223.945,4, 0.00492298,,0.00492298,0.00284437,0.00355159,
Nonsmooth_runge_abs,CPU-linear-sparse,208,0.661,4.81086e+06,207.863,4, 0.00505299,,0.00505299,0.00288902,0.00420252,
Nonsmooth_runge_abs,CPU-linear-sparse,212,0.686,5.17491e+06,193.24,4, 0.00492576,,0.00492576,0.00291991,0.00407771,
Nonsmooth_runge_abs,CPU-linear-sparse,216,0.714,5.41148e+06,184.792,4, 0.00416467,,0.00416467,0.00289767,0.00185854,
Nonsmooth_runge_abs,CPU-linear-sparse,220,0.76,5.67306e+06,176.272,4, 0.00371016,,0.00371016,0.00287149,0.00337049,
Nonsmooth_runge_abs,CPU-linear-sparse,224,0.786,5.8002e+06,172.408,4, 0.00381186,,0.00222643,0.00270403,0.00381186,
Nonsmooth_runge_abs,CPU-linear-sparse,228,0.858,6.33894e+06,157.755,4, 0.00377611,,0.0025813,0.00239389,0.00377611,
Nonsmooth_runge_abs,CPU-linear-sparse,232,0.896,6.55567e+06,152.54,4, 0.00367218,,0.00367218,0.00193315,0.00175101,
Nonsmooth_runge_abs,CPU-linear-sparse,236,0.933,6.96929e+06,143.487,4, 0.0042746,,0.0042746,0.00135264,0.00315534,
Nonsmooth_runge_abs,CPU-linear-sparse,240,0.966,7.16806e+06,139.508,4, 0.00427251,,0.00427251,0.00141415,0.00363937,
Nonsmooth_runge_abs,CPU-linear-sparse,244,1.018,7.62976e+06,131.066,4, 0.00412754,,0.00412754,0.00244813,0.00339122,
Nonsmooth_runge_abs,CPU-linear-sparse,248,1.031,7.87301e+06,127.016,4, 0.00391835,,0.00391835,0.00199373,0.00180595,
Nonsmooth_runge_abs,CPU-linear-sparse,252,1.105,8.37538e+06,119.398,4, 0.00303434,,0.00303434,0.00201242,0.00292832,
Nonsmooth_runge_abs,CPU-linear-sparse,256,1.132,8.63308e+06,115.834,4, 0.00345909,,0.00187766,0.00210451,0.00345909,
Nonsmooth_runge_abs,CPU-linear-sparse,260,1.178,9.08179e+06,110.11,4, 0.00335055,,0.00236436,0.00209663,0.00335055,
Nonsmooth_runge_abs,CPU-linear-sparse,264,1.205,9.70514e+06,103.038,4, 0.00320837,,0.00320837,0.00211938,0.00156615,
Nonsmooth_runge_abs,CPU-linear-sparse,268,1.398,9.93839e+06,100.62,4, 0.00373115,,0.00373115,0.00222083,0.00272381,
Nonsmooth_runge_abs,CPU-linear-sparse,272,1.369,1.03261e+07,96.8423,4, 0.00386298,,0.00386298,0.00225783,0.00326608,
Nonsmooth_runge_abs,CPU-linear-sparse,276,1.358,1.10656e+07,90.3698,4, 0.00373813,,0.00373813,0.00225628,0.00302062,
Nonsmooth_runge_abs,CPU-linear-sparse,280,1.49,1.13518e+07,88.0918,4, 0.00360374,,0.00360374,0.00226362,0.00171974,
Nonsmooth_runge_abs,CPU-linear-sparse,284,1.506,1.16699e+07,85.6906,4, 0.00298152,,0.00298152,0.00215583,0.00272664,
Nonsmooth_runge_abs,CPU-linear-sparse,288,1.551,1.24298e+07,80.4519,4, 0.003095,,0.00164218,0.00203013,0.003095,
Nonsmooth_runge_abs,CPU-linear-sparse,292,1.696,1.28142e+07,78.0385,4, 0.00288522,,0.00194884,0.00180363,0.00288522,
Nonsmooth_runge_abs,CPU-linear-sparse,296,1.679,1.33384e+07,74.9715,4, 0.00300286,,0.00300286,0.00148016,0.00162808,
Nonsmooth_runge_abs,CPU-linear-sparse,300,1.739,1.41242e+07,70.8005,4, 0.00333881,,0.00333881,0.00102364,0.00244831,
Nonsmooth_runge_abs,CPU-linear-sparse,304,1.794,1.43893e+07,69.4962,4, 0.0036512,,0.0036512,0.00113068,0.00313379,
Nonsmooth_runge_abs,CPU-linear-sparse,308,1.867,1.49353e+07,66.9554,4, 0.00357411,,0.00357411,0.00176742,0.0028966,
Nonsmooth_runge_abs,CPU-linear-sparse,312,1.979,1.58205e+07,63.2093,4, 0.00307648,,0.00307648,0.00152942,0.00142175,
Nonsmooth_runge_abs,CPU-linear-sparse,316,1.995,1.60337e+07,62.3686,4, 0.00252194,,0.00252194,0.00162002,0.00245069,
Nonsmooth_runge_abs,CPU-linear-sparse,320,2.064,1.66559e+07,60.0388,4, 0.00283624,,0.00153435,0.00169366,0.00283624,
Nonsmooth_runge_abs,CPU-linear-sparse,324,2.164,1.76487e+07,56.6614,4, 0.00280085,,0.00195878,0.00179731,0.00280085,
Nonsmooth_runge_abs,CPU-linear-sparse,328,2.246,1.83735e+07,54.4263,4, 0.00270172,,0.00270172,0.00182661,0.00147548,
Nonsmooth_runge_abs,CPU-linear-sparse,332,2.296,1.87978e+07,53.1976,4, 0.00317069,,0.00317069,0.00189377,0.00244023,
Nonsmooth_runge_abs,CPU-linear-sparse,336,2.413,1.94401e+07,51.4401,4, 0.00319191,,0.00319191,0.00186621,0.00267657,
Nonsmooth_runge_abs,CPU-linear-sparse,340,2.498,2.03494e+07,49.1414,4, 0.00336028,,0.00336028,0.00193555,0.00266567,
Nonsmooth_runge_abs,CPU-linear-sparse,344,2.475,2.07309e+07,48.2371,4, 0.00284442,,0.00284442,0.00184264,0.00129824,
Nonsmooth_runge_abs,CPU-linear-sparse,348,2.714,2.18215e+07,45.8263,4, 0.00262623,,0.00262623,0.00180747,0.002371,
Nonsmooth_runge_abs,CPU-linear-sparse,352,2.757,2.22912e+07,44.8608,4, 0.0027978,,0.0017108,0.0016826,0.0027978,
Nonsmooth_runge_abs,CPU-linear-sparse,356,2.857,2.35403e+07,42.4803,4, 0.00260654,,0.00185963,0.00152436,0.00260654,
Nonsmooth_runge_abs,CPU-linear-sparse,360,2.908,2.4011e+07,41.6476,4, 0.00243214,,0.00243214,0.00123218,0.00123455,
Nonsmooth_runge_abs,CPU-linear-sparse,364,3.048,2.49186e+07,40.1306,4, 0.00279563,,0.00279563,0.000868267,0.00205747,
Nonsmooth_runge_abs,CPU-linear-sparse,368,3.149,2.58196e+07,38.7303,4, 0.00299532,,0.00299532,0.000972793,0.00265289,
Nonsmooth_runge_abs,CPU-linear-sparse,372,3.218,2.65611e+07,37.649,4, 0.00282952,,0.00282952,0.00134315,0.00231244,
Nonsmooth_runge_abs,CPU-linear-sparse,376,3.333,2.7335e+07,36.5831,4, 0.00261721,,0.00261721,0.00126967,0.00119188,
Nonsmooth_runge_abs,CPU-linear-sparse,380,3.458,2.77471e+07,36.0398,4, 0.00218599,,0.00218599,0.00140969,0.00204509,
Nonsmooth_runge_abs,CPU-linear-sparse,384,3.476,2.86101e+07,34.9527,4, 0.00242414,,0.00132474,0.00140948,0.00242414,
Nonsmooth_runge_abs,CPU-linear-sparse,388,3.636,3.00203e+07,33.3108,4, 0.00230292,,0.0016423,0.00150871,0.00230292,
Nonsmooth_runge_abs,CPU-linear-sparse,392,3.737,3.13901e+07,31.8572,4, 0.00235401,,0.00235401,0.00159235,0.00129146,
Nonsmooth_runge_abs,CPU-linear-sparse,396,3.827,3.14791e+07,31.7671,4, 0.00268178,,0.00268178,0.0016715,0.00208426,
Nonsmooth_runge_abs,CPU-linear-sparse,400,3.99,3.31353e+07,30.1793,4, 0.00273918,,0.00273918,0.00163819,0.00237453,
Nonsmooth_runge_abs,CPU-linear-sparse,404,4.085,3.35533e+07,29.8033,4, 0.00290083,,0.00290083,0.00168604,0.00231049,
Nonsmooth_runge_abs,CPU-linear-sparse,408,4.202,3.5398e+07,28.2502,4, 0.0024442,,0.0024442,0.00157682,0.00112804,
Nonsmooth_runge_abs,CPU-linear-sparse,412,4.291,3.53479e+07,28.2902,4, 0.00218394,,0.00218394,0.00155735,0.00206027,
Nonsmooth_runge_abs,CPU-linear-sparse,416,4.441,3.714e+07,26.9252,4, 0.00233497,,0.00118101,0.00141755,0.00233497,
Nonsmooth_runge_abs,CPU-linear-sparse,420,4.572,3.85447e+07,25.9439,4, 0.00210014,,0.00139664,0.00129227,0.00210014,
Nonsmooth_runge_abs,CPU-linear-sparse,424,4.707,3.95387e+07,25.2917,4, 0.00221552,,0.00221552,0.00109375,0.00122204,
Nonsmooth_runge_abs,CPU-linear-sparse,428,4.824,4.06309e+07,24.6118,4, 0.00256467,,0.00256467,0.000895721,0.002019,
Nonsmooth_runge_abs,CPU-linear-sparse,432,4.967,4.18853e+07,23.8747,4, 0.00278375,,0.00278375,0.000808105,0.00238496,
Nonsmooth_runge_abs,CPU-linear-sparse,436,5.084,4.32917e+07,23.0991,4, 0.00276583,,0.00276583,0.00108097,0.00215618,
Nonsmooth_runge_abs,CPU-linear-sparse,440,5.196,4.46651e+07,22.3889,4, 0.00260122,,0.00260122,0.00114577,0.00125005,
Nonsmooth_runge_abs,CPU-linear-sparse,444,5.36,4.60193e+07,21.73,4, 0.00221088,,0.00221088,0.0012268,0.00197265,
Nonsmooth_runge_abs,CPU-linear-sparse,448,5.481,4.6325e+07,21.5866,4, 0.00228398,,0.00146382,0.00133017,0.00228398,
Nonsmooth_runge_abs,CPU-linear-sparse,452,5.636,4.90251e+07,20.3977,4, 0.00193902,,0.00127569,0.00130361,0.00193902,
Nonsmooth_runge_abs,CPU-linear-sparse,456,5.813,5.13196e+07,19.4858,4, 0.00197805,,0.00197805,0.00136347,0.00105645,
Nonsmooth_runge_abs,CPU-linear-sparse,460,5.986,5.16437e+07,19.3634,4, 0.00230149,,0.00230149,0.00142267,0.00173552,
Nonsmooth_runge_abs,CPU-linear-sparse,464,6.116,5.21107e+07,19.1899,4, 0.00264108,,0.00264108,0.00152285,0.00222726,
Nonsmooth_runge_abs,CPU-linear-sparse,468,6.238,5.52341e+07,18.1047,4, 0.00234163,,0.00234163,0.0014292,0.00190992,
Nonsmooth_runge_abs,CPU-linear-sparse,472,6.376,5.67077e+07,17.6343,4, 0.00244619,,0.00244619,0.0014727,0.00114403,
Nonsmooth_runge_abs,CPU-linear-sparse,476,6.542,5.77494e+07,17.3162,4, 0.0020494,,0.0020494,0.00138754,0.00187862,
Nonsmooth_runge_abs,CPU-linear-sparse,480,6.709,5.82484e+07,17.1678,4, 0.0020847,,0.00109659,0.00126486,0.0020847,
Nonsmooth_runge_abs,CPU-linear-sparse,484,6.899,6.18993e+07,16.1553,4, 0.00196575,,0.00145775,0.00118,0.00196575,
Nonsmooth_runge_abs,CPU-linear-sparse,488,7.098,6.26417e+07,15.9638,4, 0.00185385,,0.00185385,0.0010005,0.000977547,
Nonsmooth_runge_abs,CPU-linear-sparse,492,7.07,6.48261e+07,15.4259,4, 0.0022553,,0.0022553,0.000776029,0.00174203,
Nonsmooth_runge_abs,CPU-linear-sparse,496,7.427,6.50544e+07,15.3717,4, 0.00241731,,0.00241731,0.00068786,0.00210715,
Nonsmooth_runge_abs,CPU-linear-sparse,500,7.522,6.80626e+07,14.6924,4, 0.00229055,,0.00229055,0.00090789,0.00179421,
Nonsmooth_runge_abs,CPU-linear-sparse,504,7.725,6.98521e+07,14.316,4, 0.00234305,,0.00234305,0.00101623,0.00114431,
Nonsmooth_runge_abs,CPU-linear-sparse,508,7.84,7.01379e+07,14.2576,4, 0.00177174,,0.00177174,0.0010393,0.00158433,
Nonsmooth_runge_abs,CPU-linear-sparse,512,8.088,7.06192e+07,14.1604,4, 0.00193977,,0.00103961,0.00110541,0.00193977,
Nonsmooth_runge_abs,CPU-linear-sparse,516,8.292,7.50818e+07,13.3188,4, 0.00175713,,0.00117728,0.00116768,0.00175713,
