functionName, calculator,N,initTime, calcTime, calcHz, bytes, maxError, blankColumn, err1, err2, err3, Blank
NonsmoothAbs,GPULinearSparse,8,0.119,355802,2810.55,4, 0.485522,,0.485522,0.23264,0.305254,
NonsmoothAbs,GPULinearSparse,12,0.035,65952,15162.5,4, 0.342779,,0.342779,0.176704,0.29159,
NonsmoothAbs,GPULinearSparse,16,0.023,67154,14891.1,4, 0.21116,,0.21116,0.0805151,0.125246,
NonsmoothAbs,GPULinearSparse,20,0.015,73680,13572.2,4, 0.119104,,0.119104,0.0595231,0.0693694,
NonsmoothAbs,GPULinearSparse,24,0.024,75441,13255.4,4, 0.0631556,,0.0556338,0.0559293,0.0631556,
NonsmoothAbs,GPULinearSparse,28,0.028,81041,12339.4,4, 0.0883108,,0.0104521,0.0520027,0.0883108,
NonsmoothAbs,GPULinearSparse,32,0.047,94006,10637.6,4, 0.0452634,,0.0229866,0.0452634,0.0294115,
NonsmoothAbs,GPULinearSparse,36,0.07,102372,9768.3,4, 0.0539657,,0.0539657,0.0346536,0.0238865,
NonsmoothAbs,GPULinearSparse,40,0.081,113187,8834.94,4, 0.0650082,,0.0650082,0.0230573,0.0227254,
NonsmoothAbs,GPULinearSparse,44,0.103,131871,7583.17,4, 0.0610851,,0.0610851,0.0170241,0.0365516,
NonsmoothAbs,GPULinearSparse,48,0.121,150196,6657.97,4, 0.0441458,,0.0441458,0.0413427,0.0126585,
NonsmoothAbs,GPULinearSparse,52,0.137,171796,5820.86,4, 0.0496495,,0.0213317,0.0496495,0.0132127,
NonsmoothAbs,GPULinearSparse,56,0.187,193959,5155.73,4, 0.0345746,,0.0105062,0.0345746,0.0153299,
NonsmoothAbs,GPULinearSparse,60,0.239,208582,4794.28,4, 0.0274477,,0.0140029,0.0274477,0.0215146,
NonsmoothAbs,GPULinearSparse,64,0.293,239274,4179.31,4, 0.0277108,,0.0277108,0.0181045,0.0108065,
NonsmoothAbs,GPULinearSparse,68,0.348,246333,4059.55,4, 0.0185351,,0.0185351,0.0120793,0.0091774,
NonsmoothAbs,GPULinearSparse,72,0.412,264770,3776.86,4, 0.0294547,,0.0294547,0.00927467,0.0108641,
NonsmoothAbs,GPULinearSparse,76,0.475,273795,3652.37,4, 0.0242027,,0.0242027,0.00658587,0.0138464,
NonsmoothAbs,GPULinearSparse,80,0.511,297984,3355.88,4, 0.0167337,,0.0167337,0.00559825,0.00805622,
NonsmoothAbs,GPULinearSparse,84,0.639,329343,3036.35,4, 0.00951422,,0.00951422,0.00758137,0.00710103,
NonsmoothAbs,GPULinearSparse,88,0.691,353465,2829.13,4, 0.00885181,,0.00485822,0.00885181,0.00822483,
NonsmoothAbs,GPULinearSparse,92,0.791,387721,2579.17,4, 0.00957921,,0.00621834,0.00828011,0.00957921,
NonsmoothAbs,GPULinearSparse,96,0.855,406763,2458.43,4, 0.0163944,,0.0163944,0.00773602,0.00619148,
NonsmoothAbs,GPULinearSparse,100,0.976,449459,2224.9,4, 0.0090487,,0.0090487,0.00771277,0.00553579,
NonsmoothAbs,GPULinearSparse,104,1.101,479519,2085.42,4, 0.0135289,,0.0135289,0.00578755,0.0068586,
NonsmoothAbs,GPULinearSparse,108,1.354,506360,1974.88,4, 0.0124285,,0.0124285,0.0045889,0.00716768,
NonsmoothAbs,GPULinearSparse,112,1.497,540156,1851.32,4, 0.0104173,,0.0104173,0.0100169,0.00484316,
NonsmoothAbs,GPULinearSparse,116,1.594,577658,1731.13,4, 0.0127127,,0.00728619,0.0127127,0.00438738,
NonsmoothAbs,GPULinearSparse,120,1.843,682981,1464.17,4, 0.0109571,,0.00323403,0.0109571,0.00544765,
NonsmoothAbs,GPULinearSparse,124,1.995,652336,1532.95,4, 0.0087073,,0.00560673,0.0087073,0.00556791,
NonsmoothAbs,GPULinearSparse,128,2.281,701261,1426,4, 0.0114146,,0.0114146,0.00593811,0.00388926,
NonsmoothAbs,GPULinearSparse,132,2.521,760387,1315.12,4, 0.00594485,,0.00594485,0.00483874,0.00387526,
NonsmoothAbs,GPULinearSparse,136,2.75,932192,1072.74,4, 0.00897789,,0.00897789,0.00342603,0.00416837,
NonsmoothAbs,GPULinearSparse,140,2.995,847142,1180.44,4, 0.00875367,,0.00875367,0.00198737,0.00490578,
NonsmoothAbs,GPULinearSparse,144,3.252,929322,1076.05,4, 0.0072292,,0.0072292,0.00279155,0.00312061,
NonsmoothAbs,GPULinearSparse,148,3.544,970501,1030.4,4, 0.00357675,,0.00357675,0.00316737,0.00302991,
NonsmoothAbs,GPULinearSparse,152,3.843,1.03229e+06,968.72,4, 0.00355394,,0.00270096,0.00355394,0.00340337,
NonsmoothAbs,GPULinearSparse,156,3.726,1.13138e+06,883.878,4, 0.00458431,,0.00397639,0.00383343,0.00458431,
NonsmoothAbs,GPULinearSparse,160,4.058,1.17654e+06,849.953,4, 0.00774871,,0.00774871,0.00355629,0.00244872,
NonsmoothAbs,GPULinearSparse,164,4.435,1.26266e+06,791.977,4, 0.00432706,,0.00432706,0.00347458,0.00262981,
NonsmoothAbs,GPULinearSparse,168,4.924,1.33313e+06,750.114,4, 0.0059006,,0.0059006,0.00274224,0.00278738,
NonsmoothAbs,GPULinearSparse,172,5.217,1.4374e+06,695.698,4, 0.00623973,,0.00623973,0.00223754,0.00393328,
NonsmoothAbs,GPULinearSparse,176,5.583,1.55696e+06,642.278,4, 0.00470888,,0.00470888,0.00464452,0.00188124,
NonsmoothAbs,GPULinearSparse,180,5.925,1.60272e+06,623.94,4, 0.00681983,,0.00273428,0.00681983,0.00240044,
NonsmoothAbs,GPULinearSparse,184,6.496,1.69448e+06,590.152,4, 0.00582846,,0.00158721,0.00582846,0.00226214,
NonsmoothAbs,GPULinearSparse,188,6.858,1.77879e+06,562.179,4, 0.0041434,,0.00312174,0.0041434,0.00360514,
NonsmoothAbs,GPULinearSparse,192,7.309,1.86437e+06,536.374,4, 0.00651987,,0.00651987,0.00325051,0.00157029,
NonsmoothAbs,GPULinearSparse,196,7.959,2.06102e+06,485.196,4, 0.00310159,,0.00310159,0.00263705,0.00201215,
NonsmoothAbs,GPULinearSparse,200,8.44,2.09216e+06,477.975,4, 0.00452927,,0.00452927,0.00152175,0.00196056,
NonsmoothAbs,GPULinearSparse,204,9.019,2.18795e+06,457.049,4, 0.0048771,,0.0048771,0.00103939,0.00320056,
NonsmoothAbs,GPULinearSparse,208,9.512,2.32135e+06,430.783,4, 0.00383168,,0.00383168,0.00164932,0.00140895,
NonsmoothAbs,GPULinearSparse,212,10.172,2.84482e+06,351.516,4, 0.0020233,,0.0020233,0.0018626,0.00179183,
NonsmoothAbs,GPULinearSparse,216,10.888,3.02433e+06,330.652,4, 0.00205961,,0.00122981,0.00205961,0.00179292,
NonsmoothAbs,GPULinearSparse,220,11.26,3.10017e+06,322.563,4, 0.0027795,,0.00259729,0.00220857,0.0027795,
NonsmoothAbs,GPULinearSparse,224,12.037,3.24493e+06,308.173,4, 0.00508775,,0.00508775,0.00212601,0.00140838,
NonsmoothAbs,GPULinearSparse,228,12.668,3.43921e+06,290.764,4, 0.00233064,,0.00233064,0.0019732,0.00168591,
NonsmoothAbs,GPULinearSparse,232,13.582,3.57685e+06,279.575,4, 0.00374018,,0.00374018,0.00175875,0.00176791,
NonsmoothAbs,GPULinearSparse,236,14.244,3.69508e+06,270.63,4, 0.00361353,,0.00361353,0.00129116,0.00237272,
NonsmoothAbs,GPULinearSparse,240,14.946,3.84538e+06,260.052,4, 0.00284782,,0.00277108,0.00284782,0.00155406,
NonsmoothAbs,GPULinearSparse,244,15.652,4.04772e+06,247.053,4, 0.004448,,0.00174699,0.004448,0.00151796,
NonsmoothAbs,GPULinearSparse,248,16.353,4.16673e+06,239.996,4, 0.00358255,,0.00107369,0.00358255,0.00178182,
NonsmoothAbs,GPULinearSparse,252,17.181,4.34327e+06,230.241,4, 0.00264824,,0.00207362,0.00264824,0.00221652,
NonsmoothAbs,GPULinearSparse,256,18.006,4.43998e+06,225.226,4, 0.00422534,,0.00422534,0.00226453,0.00145335,
NonsmoothAbs,GPULinearSparse,260,19.383,4.67579e+06,213.868,4, 0.00181269,,0.00181269,0.0016546,0.00138152,
NonsmoothAbs,GPULinearSparse,264,19.943,4.82314e+06,207.334,4, 0.00304089,,0.00304089,0.00092509,0.00180488,
NonsmoothAbs,GPULinearSparse,268,20.943,5.11445e+06,195.525,4, 0.0028939,,0.0028939,0.000770428,0.00187097,
NonsmoothAbs,GPULinearSparse,272,22.25,5.25425e+06,190.322,4, 0.0024527,,0.0024527,0.00108516,0.00128133,
NonsmoothAbs,GPULinearSparse,276,22.935,5.52467e+06,181.006,4, 0.00142363,,0.00142363,0.0012327,0.00128074,
NonsmoothAbs,GPULinearSparse,280,24.247,5.67202e+06,176.304,4, 0.00165846,,0.000941102,0.00141366,0.00165846,
NonsmoothAbs,GPULinearSparse,284,25.202,5.92153e+06,168.875,4, 0.00186217,,0.00186217,0.00144896,0.00176318,
NonsmoothAbs,GPULinearSparse,288,26.146,6.13698e+06,162.947,4, 0.0036102,,0.0036102,0.00151204,0.00130064,
NonsmoothAbs,GPULinearSparse,292,27.762,6.42403e+06,155.665,4, 0.00145934,,0.00145934,0.00133941,0.00117958,
NonsmoothAbs,GPULinearSparse,296,26.046,7.25057e+06,137.92,4, 0.00261293,,0.00261293,0.00112931,0.00143442,
NonsmoothAbs,GPULinearSparse,300,26.713,7.45721e+06,134.098,4, 0.00250515,,0.00250515,0.000855584,0.00183071,
NonsmoothAbs,GPULinearSparse,304,27.614,7.99755e+06,125.038,4, 0.00214025,,0.00206236,0.00214025,0.00115507,
NonsmoothAbs,GPULinearSparse,308,29.079,8.17605e+06,122.308,4, 0.00313859,,0.00112794,0.00313859,0.00108748,
NonsmoothAbs,GPULinearSparse,312,30.159,8.83951e+06,113.128,4, 0.00236699,,0.000859387,0.00236699,0.00130469,
NonsmoothAbs,GPULinearSparse,316,31.289,8.73541e+06,114.477,4, 0.0020287,,0.00153246,0.0020287,0.00180544,
NonsmoothAbs,GPULinearSparse,320,32.307,9.2872e+06,107.675,4, 0.00300292,,0.00300292,0.00163222,0.00110138,
NonsmoothAbs,GPULinearSparse,324,34.69,9.8501e+06,101.522,4, 0.00120742,,0.00120742,0.00104974,0.00103069,
NonsmoothAbs,GPULinearSparse,328,34.987,9.97824e+06,100.218,4, 0.00214746,,0.00214746,0.000807248,0.0012582,
NonsmoothAbs,GPULinearSparse,332,37.078,1.11357e+07,89.8009,4, 0.00209892,,0.00209892,0.000606253,0.00185275,
NonsmoothAbs,GPULinearSparse,336,37.769,1.06948e+07,93.5031,4, 0.00172205,,0.00172205,0.00080802,0.000942381,
NonsmoothAbs,GPULinearSparse,340,40.306,1.15781e+07,86.3703,4, 0.000988891,,0.000988891,0.000900274,0.000974253,
NonsmoothAbs,GPULinearSparse,344,40.422,1.14837e+07,87.0797,4, 0.00121488,,0.000498101,0.00105433,0.00121488,
NonsmoothAbs,GPULinearSparse,348,42.698,1.19626e+07,83.594,4, 0.00171202,,0.00137381,0.00105567,0.00171202,
NonsmoothAbs,GPULinearSparse,352,43.75,1.31441e+07,76.0797,4, 0.00273118,,0.00273118,0.00105568,0.000912768,
NonsmoothAbs,GPULinearSparse,356,45.718,1.28928e+07,77.5624,4, 0.00103527,,0.00102047,0.00102043,0.00103527,
NonsmoothAbs,GPULinearSparse,360,48.04,1.33468e+07,74.9244,4, 0.00181128,,0.00181128,0.000879306,0.0010975,
NonsmoothAbs,GPULinearSparse,364,48.838,1.48767e+07,67.2192,4, 0.00189045,,0.00189045,0.000631321,0.00161996,
NonsmoothAbs,GPULinearSparse,368,50.104,1.60023e+07,62.4912,4, 0.00166172,,0.00145467,0.00166172,0.000902457,
NonsmoothAbs,GPULinearSparse,372,52.574,1.52469e+07,65.5872,4, 0.00230939,,0.000776612,0.00230939,0.000918293,
NonsmoothAbs,GPULinearSparse,376,54.738,1.57733e+07,63.3984,4, 0.00186965,,0.000523641,0.00186965,0.00113191,
NonsmoothAbs,GPULinearSparse,380,56.744,1.62036e+07,61.7147,4, 0.0017289,,0.00121876,0.00162386,0.0017289,
NonsmoothAbs,GPULinearSparse,384,57.875,1.67752e+07,59.6119,4, 0.00236481,,0.00236481,0.00118639,0.00089481,
NonsmoothAbs,GPULinearSparse,388,59.91,1.84219e+07,54.2831,4, 0.000972702,,0.000898275,0.000860116,0.000972702,
NonsmoothAbs,GPULinearSparse,392,61.47,1.9529e+07,51.206,4, 0.0015635,,0.0015635,0.000726095,0.00127895,
NonsmoothAbs,GPULinearSparse,396,63.954,2.02862e+07,49.2945,4, 0.00167821,,0.00163207,0.000442056,0.00167821,
NonsmoothAbs,GPULinearSparse,400,66.741,2.12981e+07,46.9526,4, 0.0012479,,0.0012479,0.000605242,0.00120513,
NonsmoothAbs,GPULinearSparse,404,68.68,2.21928e+07,45.0596,4, 0.000922275,,0.000711434,0.000709378,0.000922275,
NonsmoothAbs,GPULinearSparse,408,71.339,2.32876e+07,42.9412,4, 0.00147118,,0.000460159,0.000784799,0.00147118,
NonsmoothAbs,GPULinearSparse,412,72.935,2.39546e+07,41.7457,4, 0.00124903,,0.00106371,0.000853551,0.00124903,
NonsmoothAbs,GPULinearSparse,416,75.733,2.49905e+07,40.0152,4, 0.00213271,,0.00213271,0.000830647,0.00128214,
NonsmoothAbs,GPULinearSparse,420,78.275,2.60787e+07,38.3455,4, 0.00079611,,0.00079611,0.000789858,0.000795122,
NonsmoothAbs,GPULinearSparse,424,80.397,2.64112e+07,37.8627,4, 0.00135048,,0.00135048,0.000686808,0.0012547,
NonsmoothAbs,GPULinearSparse,428,82.929,2.73775e+07,36.5263,4, 0.00147533,,0.00147533,0.000612743,0.00135889,
NonsmoothAbs,GPULinearSparse,432,85.549,2.82192e+07,35.4369,4, 0.0013139,,0.00118018,0.0013139,0.00101688,
NonsmoothAbs,GPULinearSparse,436,88.033,2.77057e+07,36.0937,4, 0.00185529,,0.000674234,0.00185529,0.000856134,
NonsmoothAbs,GPULinearSparse,440,90.463,3.16788e+07,31.5669,4, 0.00159852,,0.000462595,0.00159852,0.00110748,
NonsmoothAbs,GPULinearSparse,444,92.941,3.23306e+07,30.9305,4, 0.00127557,,0.000990367,0.00127557,0.0011991,
NonsmoothAbs,GPULinearSparse,448,95.142,3.02457e+07,33.0625,4, 0.00190941,,0.00190941,0.000910114,0.0010578,
NonsmoothAbs,GPULinearSparse,452,99.514,3.57276e+07,27.9896,4, 0.000852168,,0.000718851,0.000757425,0.000852168,
NonsmoothAbs,GPULinearSparse,456,102.235,3.24777e+07,30.7904,4, 0.00124683,,0.00124683,0.000580312,0.00116301,
NonsmoothAbs,GPULinearSparse,460,104.195,3.75889e+07,26.6036,4, 0.00146408,,0.00128393,0.00038429,0.00146408,
NonsmoothAbs,GPULinearSparse,464,108.243,3.49369e+07,28.623,4, 0.00129492,,0.000989731,0.000513934,0.00129492,
NonsmoothAbs,GPULinearSparse,468,111.549,4.09541e+07,24.4176,4, 0.00107395,,0.000574826,0.000606162,0.00107395,
NonsmoothAbs,GPULinearSparse,472,114.425,4.17154e+07,23.9719,4, 0.00112402,,0.000385125,0.000644254,0.00112402,
NonsmoothAbs,GPULinearSparse,476,118.015,4.39025e+07,22.7778,4, 0.00139325,,0.000869339,0.000696947,0.00139325,
NonsmoothAbs,GPULinearSparse,480,121.146,4.53891e+07,22.0317,4, 0.00169968,,0.00169968,0.000680481,0.00104664,
NonsmoothAbs,GPULinearSparse,484,126.066,4.79662e+07,20.848,4, 0.000996606,,0.000651871,0.000654291,0.000996606,
NonsmoothAbs,GPULinearSparse,488,128.93,4.96946e+07,20.1229,4, 0.0013558,,0.00109709,0.000562405,0.0013558,
NonsmoothAbs,GPULinearSparse,492,131.039,5.0249e+07,19.9009,4, 0.00150146,,0.00112888,0.000533431,0.00150146,
NonsmoothAbs,GPULinearSparse,496,134.78,5.10096e+07,19.6041,4, 0.0013855,,0.00090198,0.00105403,0.0013855,
NonsmoothAbs,GPULinearSparse,500,138.123,5.29977e+07,18.8688,4, 0.00155536,,0.000532752,0.00155536,0.00119089,
