function_name, calculator,N,init_time, calc_time, calc_hz, bytes, max_error, blank_column, err1, err2, err3, Blank
Smooth_poly,DCT+Bessel+IDCT; on padded grid    ,8,0.009,55644,17971.4,8, 0.0333623,,0.0312304,0.0254653,0.0333623,
Smooth_poly,DCT+Bessel+IDCT; on padded grid    ,12,0.032,98128,10190.8,8, 0.0363518,,0.0256702,0.0138486,0.0363518,
Smooth_poly,DCT+Bessel+IDCT; on padded grid    ,16,0.014,120437,8303.1,8, 0.0279969,,0.0207657,0.00904636,0.0279969,
Smooth_poly,DCT+Bessel+IDCT; on padded grid    ,20,0.053,223869,4466.9,8, 0.0175308,,0.0163697,0.00638554,0.0175308,
Smooth_poly,DCT+Bessel+IDCT; on padded grid    ,24,0.049,306343,3264.31,8, 0.0125032,,0.0125032,0.00469581,0.00846126,
Smooth_poly,DCT+Bessel+IDCT; on padded grid    ,28,0.029,424557,2355.4,8, 0.00919579,,0.00919579,0.00355742,0.00842206,
Smooth_poly,DCT+Bessel+IDCT; on padded grid    ,32,0.029,398650,2508.47,8, 0.0088918,,0.00645977,0.00274491,0.0088918,
Smooth_poly,DCT+Bessel+IDCT; on padded grid    ,36,0.079,666785,1499.73,8, 0.00744475,,0.00428469,0.00213781,0.00744475,
Smooth_poly,DCT+Bessel+IDCT; on padded grid    ,40,0.085,768021,1302.05,8, 0.00484897,,0.00263773,0.00167429,0.00484897,
Smooth_poly,DCT+Bessel+IDCT; on padded grid    ,44,0.033,1.48125e+06,675.105,8, 0.00348018,,0.00277208,0.001316,0.00348018,
Smooth_poly,DCT+Bessel+IDCT; on padded grid    ,48,0.093,1.12304e+06,890.443,8, 0.00434859,,0.00291835,0.00103876,0.00434859,
Smooth_poly,DCT+Bessel+IDCT; on padded grid    ,52,0.04,2.21285e+06,451.906,8, 0.00429098,,0.00282432,0.000914086,0.00429098,
Smooth_poly,DCT+Bessel+IDCT; on padded grid    ,56,0.062,2.0709e+06,482.883,8, 0.00335169,,0.00254547,0.000909227,0.00335169,
Smooth_poly,DCT+Bessel+IDCT; on padded grid    ,60,0.169,1.64666e+06,607.291,8, 0.00214961,,0.00214961,0.000898716,0.00199401,
Smooth_poly,DCT+Bessel+IDCT; on padded grid    ,64,0.036,2.46095e+06,406.347,8, 0.00246667,,0.00170219,0.000883114,0.00246667,
Smooth_poly,DCT+Bessel+IDCT; on padded grid    ,68,0.104,3.42928e+06,291.606,8, 0.00277017,,0.001259,0.000862759,0.00277017,
Smooth_poly,DCT+Bessel+IDCT; on padded grid    ,72,0.145,2.36813e+06,422.274,8, 0.0024866,,0.000969352,0.000837703,0.0024866,
Smooth_poly,DCT+Bessel+IDCT; on padded grid    ,76,0.112,4.70769e+06,212.418,8, 0.00173357,,0.00115954,0.000808285,0.00173357,
Smooth_poly,DCT+Bessel+IDCT; on padded grid    ,80,0.096,3.18108e+06,314.358,8, 0.00148525,,0.00126313,0.000774859,0.00148525,
Smooth_poly,DCT+Bessel+IDCT; on padded grid    ,84,0.132,3.22961e+06,309.635,8, 0.00187435,,0.00126746,0.000737699,0.00187435,
Smooth_poly,DCT+Bessel+IDCT; on padded grid    ,88,0.105,4.12592e+06,242.37,8, 0.00189445,,0.00118382,0.000697225,0.00189445,
Smooth_poly,DCT+Bessel+IDCT; on padded grid    ,92,0.12,6.72184e+06,148.769,8, 0.00151664,,0.00103495,0.000653914,0.00151664,
Smooth_poly,DCT+Bessel+IDCT; on padded grid    ,96,0.114,1.30694e+07,76.5144,8, 0.000932783,,0.000847883,0.000608234,0.000932783,
Smooth_poly,DCT+Bessel+IDCT; on padded grid    ,100,0.168,4.69186e+06,213.135,8, 0.00128924,,0.000649166,0.000560747,0.00128924,
Smooth_poly,DCT+Bessel+IDCT; on padded grid    ,104,0.07,5.36117e+06,186.526,8, 0.0014521,,0.00055448,0.000512082,0.0014521,
Smooth_poly,DCT+Bessel+IDCT; on padded grid    ,108,0.165,5.56344e+06,179.745,8, 0.00131154,,0.000669353,0.000462891,0.00131154,
Smooth_poly,DCT+Bessel+IDCT; on padded grid    ,112,0.102,8.42116e+06,118.748,8, 0.000919374,,0.000739059,0.000413913,0.000919374,
Smooth_poly,DCT+Bessel+IDCT; on padded grid    ,116,0.118,9.90933e+06,100.915,8, 0.000885159,,0.000752842,0.000365972,0.000885159,
Smooth_poly,DCT+Bessel+IDCT; on padded grid    ,120,0.184,7.07222e+06,141.398,8, 0.00110653,,0.000714165,0.000319974,0.00110653,
Smooth_poly,DCT+Bessel+IDCT; on padded grid    ,124,0.13,1.22519e+07,81.6197,8, 0.00111427,,0.000634252,0.000276977,0.00111427,
Smooth_poly,DCT+Bessel+IDCT; on padded grid    ,128,0.139,8.49439e+06,117.725,8, 0.000887693,,0.000528026,0.000238269,0.000887693,
Smooth_poly,DCT+Bessel+IDCT; on padded grid    ,132,0.161,9.17086e+06,109.041,8, 0.000599329,,0.00041118,0.000233446,0.000599329,
Smooth_poly,DCT+Bessel+IDCT; on padded grid    ,136,0.194,1.50521e+07,66.4361,8, 0.000831626,,0.000369245,0.000245722,0.000831626,
Smooth_poly,DCT+Bessel+IDCT; on padded grid    ,140,0.243,8.90921e+06,112.243,8, 0.000927233,,0.000447916,0.000256149,0.000927233,
Smooth_poly,DCT+Bessel+IDCT; on padded grid    ,144,0.165,1.05586e+07,94.7091,8, 0.000829389,,0.000498165,0.000264496,0.000829389,
Smooth_poly,DCT+Bessel+IDCT; on padded grid    ,148,0.18,1.86408e+07,53.6459,8, 0.000575041,,0.000511663,0.000270582,0.000575041,
Smooth_poly,DCT+Bessel+IDCT; on padded grid    ,152,0.222,1.7614e+07,56.7729,8, 0.00061255,,0.000489617,0.000274275,0.00061255,
Smooth_poly,DCT+Bessel+IDCT; on padded grid    ,156,0.172,1.56143e+07,64.0437,8, 0.000754121,,0.000438753,0.000275484,0.000754121,
Smooth_poly,DCT+Bessel+IDCT; on padded grid    ,160,0.184,1.68514e+07,59.3424,8, 0.000749774,,0.000368702,0.000274166,0.000749774,
Smooth_poly,DCT+Bessel+IDCT; on padded grid    ,164,0.214,2.89295e+07,34.5668,8, 0.000588306,,0.000290014,0.000270332,0.000588306,
Smooth_poly,DCT+Bessel+IDCT; on padded grid    ,168,0.254,1.97366e+07,50.6673,8, 0.000439706,,0.000268202,0.000264038,0.000439706,
Smooth_poly,DCT+Bessel+IDCT; on padded grid    ,172,0.217,3.16186e+07,31.6269,8, 0.00059802,,0.000326331,0.000255387,0.00059802,
Smooth_poly,DCT+Bessel+IDCT; on padded grid    ,176,0.217,1.59403e+07,62.734,8, 0.00065668,,0.000364591,0.000244538,0.00065668,
Smooth_poly,DCT+Bessel+IDCT; on padded grid    ,180,0.267,1.6434e+07,60.8493,8, 0.00057788,,0.000376429,0.000231696,0.00057788,
Smooth_poly,DCT+Bessel+IDCT; on padded grid    ,184,0.246,2.45844e+07,40.6763,8, 0.000393848,,0.000362218,0.000217116,0.000393848,
Smooth_poly,DCT+Bessel+IDCT; on padded grid    ,188,0.244,3.1945e+07,31.3038,8, 0.000461188,,0.000326481,0.00020111,0.000461188,
Smooth_poly,DCT+Bessel+IDCT; on padded grid    ,192,0.227,2.23473e+07,44.7482,8, 0.000557745,,0.000276041,0.000184043,0.000557745,
Smooth_poly,DCT+Bessel+IDCT; on padded grid    ,196,0.17,2.43995e+07,40.9845,8, 0.000545195,,0.000218579,0.000166343,0.000545195,
Smooth_poly,DCT+Bessel+IDCT; on padded grid    ,200,0.235,2.52722e+07,39.5692,8, 0.00041928,,0.000206078,0.000148514,0.00041928,
Smooth_poly,DCT+Bessel+IDCT; on padded grid    ,204,0.436,3.32708e+07,30.0564,8, 0.000344776,,0.000251263,0.000131154,0.000344776,
Smooth_poly,DCT+Bessel+IDCT; on padded grid    ,208,0.216,2.59407e+07,38.5495,8, 0.000459318,,0.000281596,0.000115002,0.000459318,
Smooth_poly,DCT+Bessel+IDCT; on padded grid    ,212,0.313,4.4442e+07,22.5012,8, 0.000495457,,0.000291787,0.000115508,0.000495457,
Smooth_poly,DCT+Bessel+IDCT; on padded grid    ,216,0.23,2.58186e+07,38.7317,8, 0.000427424,,0.000281859,0.000123413,0.000427424,
Smooth_poly,DCT+Bessel+IDCT; on padded grid    ,220,0.284,2.66012e+07,37.5922,8, 0.000285747,,0.000255086,0.000130533,0.000285747,
Smooth_poly,DCT+Bessel+IDCT; on padded grid    ,224,0.215,2.63447e+07,37.9583,8, 0.000366391,,0.000216611,0.000136702,0.000366391,
Smooth_poly,DCT+Bessel+IDCT; on padded grid    ,228,0.433,3.94103e+07,25.374,8, 0.000434694,,0.000172333,0.000141773,0.000434694,
Smooth_poly,DCT+Bessel+IDCT; on padded grid    ,232,0.335,3.9852e+07,25.0929,8, 0.000416746,,0.000164707,0.000145619,0.000416746,
Smooth_poly,DCT+Bessel+IDCT; on padded grid    ,236,0.362,5.78672e+07,17.2809,8, 0.000313263,,0.000201124,0.00014814,0.000313263,
Smooth_poly,DCT+Bessel+IDCT; on padded grid    ,240,0.32,3.955e+07,25.2845,8, 0.000282547,,0.000225914,0.000149262,0.000282547,
Smooth_poly,DCT+Bessel+IDCT; on padded grid    ,244,0.401,8.38541e+07,11.9255,8, 0.000368596,,0.000234707,0.000148937,0.000368596,
Smooth_poly,DCT+Bessel+IDCT; on padded grid    ,248,0.352,6.26948e+07,15.9503,8, 0.000389958,,0.000227366,0.000147151,0.000389958,
Smooth_poly,DCT+Bessel+IDCT; on padded grid    ,252,0.369,3.56841e+07,28.0237,8, 0.000329043,,0.000206389,0.000143919,0.000329043,
Smooth_poly,DCT+Bessel+IDCT; on padded grid    ,256,0.277,3.67838e+07,27.1859,8, 0.000215861,,0.000175823,0.000139292,0.000215861,
Smooth_poly,DCT+Bessel+IDCT; on padded grid    ,260,0.341,5.01979e+07,19.9212,8, 0.00030203,,0.000140379,0.000133352,0.00030203,
Smooth_poly,DCT+Bessel+IDCT; on padded grid    ,264,0.409,5.51314e+07,18.1385,8, 0.000351244,,0.000135534,0.000126221,0.000351244,
Smooth_poly,DCT+Bessel+IDCT; on padded grid    ,268,0.531,1.08354e+08,9.22899,8, 0.000329723,,0.000165691,0.000118057,0.000329723,
Smooth_poly,DCT+Bessel+IDCT; on padded grid    ,272,0.443,7.13198e+07,14.0214,8, 0.000241872,,0.000186435,0.000109059,0.000241872,
Smooth_poly,DCT+Bessel+IDCT; on padded grid    ,276,0.538,7.83875e+07,12.7571,8, 0.000238884,,0.000194081,9.94754e-05,0.000238884,
Smooth_poly,DCT+Bessel+IDCT; on padded grid    ,280,0.523,5.6975e+07,17.5516,8, 0.000305102,,0.00018842,8.9605e-05,0.000305102,
Smooth_poly,DCT+Bessel+IDCT; on padded grid    ,284,0.587,1.23581e+08,8.09187,8, 0.000316236,,0.000171432,7.98175e-05,0.000316236,
Smooth_poly,DCT+Bessel+IDCT; on padded grid    ,288,0.377,6.53443e+07,15.3036,8, 0.000260574,,0.000146406,7.05794e-05,0.000260574,
Smooth_poly,DCT+Bessel+IDCT; on padded grid    ,292,0.59,1.39453e+08,7.17089,8, 0.000182018,,0.000117213,7.16785e-05,0.000182018,
Smooth_poly,DCT+Bessel+IDCT; on padded grid    ,296,0.442,1.02757e+08,9.73167,8, 0.000255708,,0.000114058,7.71119e-05,0.000255708,
Smooth_poly,DCT+Bessel+IDCT; on padded grid    ,300,0.546,6.95385e+07,14.3805,8, 0.000291318,,0.000139563,8.21158e-05,0.000291318,
Smooth_poly,DCT+Bessel+IDCT; on padded grid    ,304,0.484,9.10985e+07,10.9771,8, 0.000267436,,0.000157248,8.65722e-05,0.000267436,
Smooth_poly,DCT+Bessel+IDCT; on padded grid    ,308,0.345,8.07293e+07,12.3871,8, 0.000191301,,0.000163956,9.03729e-05,0.000191301,
Smooth_poly,DCT+Bessel+IDCT; on padded grid    ,312,0.423,8.22237e+07,12.1619,8, 0.00020666,,0.000159448,9.34219e-05,0.00020666,
Smooth_poly,DCT+Bessel+IDCT; on padded grid    ,316,0.703,1.63116e+08,6.1306,8, 0.000258376,,0.000145339,9.56375e-05,0.000258376,
Smooth_poly,DCT+Bessel+IDCT; on padded grid    ,320,0.507,8.29564e+07,12.0545,8, 0.000262153,,0.000124368,9.69543e-05,0.000262153,
Smooth_poly,DCT+Bessel+IDCT; on padded grid    ,324,0.412,8.84431e+07,11.3067,8, 0.000210682,,9.97878e-05,9.73252e-05,0.000210682,
Smooth_poly,DCT+Bessel+IDCT; on padded grid    ,328,0.572,1.30711e+08,7.65048,8, 0.000160813,,9.77094e-05,9.67227e-05,0.000160813,
Smooth_poly,DCT+Bessel+IDCT; on padded grid    ,332,0.809,1.84652e+08,5.4156,8, 0.00022086,,0.000119645,9.51412e-05,0.00022086,
Smooth_poly,DCT+Bessel+IDCT; on padded grid    ,336,0.613,9.06322e+07,11.0336,8, 0.000246379,,0.000134954,9.25979e-05,0.000246379,
Smooth_poly,DCT+Bessel+IDCT; on padded grid    ,340,0.646,8.87755e+07,11.2644,8, 0.000220962,,0.000140891,8.91346e-05,0.000220962,
Smooth_poly,DCT+Bessel+IDCT; on padded grid    ,344,0.632,1.45682e+08,6.86428,8, 0.000154126,,0.000137208,8.48192e-05,0.000154126,
Smooth_poly,DCT+Bessel+IDCT; on padded grid    ,348,0.714,1.06125e+08,9.42285,8, 0.000181927,,0.000125254,7.97479e-05,0.000181927,
Smooth_poly,DCT+Bessel+IDCT; on padded grid    ,352,0.584,1.07376e+08,9.31307,8, 0.000222631,,0.000107354,7.40474e-05,0.000222631,
Smooth_poly,DCT+Bessel+IDCT; on padded grid    ,356,0.937,2.16577e+08,4.61729,8, 0.00022096,,8.62907e-05,6.78789e-05,0.00022096,
Smooth_poly,DCT+Bessel+IDCT; on padded grid    ,360,0.81,1.24795e+08,8.01312,8, 0.000173033,,8.49239e-05,6.14444e-05,0.000173033,
Smooth_poly,DCT+Bessel+IDCT; on padded grid    ,364,0.472,1.16077e+08,8.61495,8, 0.000144246,,0.000104052,5.49972e-05,0.000144246,
Smooth_poly,DCT+Bessel+IDCT; on padded grid    ,368,0.632,1.40363e+08,7.12439,8, 0.000193713,,0.000117471,4.88626e-05,0.000193713,
Smooth_poly,DCT+Bessel+IDCT; on padded grid    ,372,0.879,1.75235e+08,5.70662,8, 0.000211509,,0.000122768,4.99349e-05,0.000211509,
Smooth_poly,DCT+Bessel+IDCT; on padded grid    ,376,0.727,1.81002e+08,5.52481,8, 0.000185145,,0.000119698,5.39327e-05,0.000185145,
Smooth_poly,DCT+Bessel+IDCT; on padded grid    ,380,0.772,1.4866e+08,6.72677,8, 0.000126042,,0.000109404,5.76583e-05,0.000126042,
Smooth_poly,DCT+Bessel+IDCT; on padded grid    ,384,0.535,1.14438e+08,8.73836,8, 0.000162339,,9.38941e-05,6.10241e-05,0.000162339,
Smooth_poly,DCT+Bessel+IDCT; on padded grid    ,388,1.137,2.69613e+08,3.70901,8, 0.000194427,,7.55845e-05,6.39483e-05,0.000194427,
Smooth_poly,DCT+Bessel+IDCT; on padded grid    ,392,0.436,1.24766e+08,8.01502,8, 0.000188636,,7.4702e-05,6.63565e-05,0.000188636,
Smooth_poly,DCT+Bessel+IDCT; on padded grid    ,396,0.665,1.31036e+08,7.63146,8, 0.000143839,,9.15735e-05,6.81841e-05,0.000143839,
Smooth_poly,DCT+Bessel+IDCT; on padded grid    ,400,0.541,1.28073e+08,7.80805,8, 0.00013093,,0.000103461,6.93771e-05,0.00013093,
Smooth_poly,DCT+Bessel+IDCT; on padded grid    ,404,1.198,2.94076e+08,3.40048,8, 0.000171958,,0.000108223,6.98943e-05,0.000171958,
Smooth_poly,DCT+Bessel+IDCT; on padded grid    ,408,0.999,1.58624e+08,6.30423,8, 0.000183701,,0.000105619,6.97086e-05,0.000183701,
Smooth_poly,DCT+Bessel+IDCT; on padded grid    ,412,1.265,3.0572e+08,3.27097,8, 0.000156823,,9.66366e-05,6.88083e-05,0.000156823,
Smooth_poly,DCT+Bessel+IDCT; on padded grid    ,416,0.679,1.42217e+08,7.03149,8, 0.000104408,,8.30301e-05,6.71988e-05,0.000104408,
Smooth_poly,DCT+Bessel+IDCT; on padded grid    ,420,1.105,1.40932e+08,7.09564,8, 0.000146418,,6.69232e-05,6.49037e-05,0.000146418,
Smooth_poly,DCT+Bessel+IDCT; on padded grid    ,424,0.957,2.0535e+08,4.86972,8, 0.0001716,,6.63777e-05,6.19663e-05,0.0001716,
Smooth_poly,DCT+Bessel+IDCT; on padded grid    ,428,1.452,3.25585e+08,3.07139,8, 0.00016265,,8.1404e-05,5.84514e-05,0.00016265,
Smooth_poly,DCT+Bessel+IDCT; on padded grid    ,432,0.644,1.51939e+08,6.58157,8, 0.000120717,,9.20305e-05,5.44474e-05,0.000120717,
Smooth_poly,DCT+Bessel+IDCT; on padded grid    ,436,1.501,3.61804e+08,2.76392,8, 0.000119969,,9.63391e-05,5.00695e-05,0.000119969,
Smooth_poly,DCT+Bessel+IDCT; on padded grid    ,440,0.83,1.41041e+08,7.09013,8, 0.00015411,,9.40982e-05,4.54645e-05,0.00015411,
Smooth_poly,DCT+Bessel+IDCT; on padded grid    ,444,0.993,2.22106e+08,4.50235,8, 0.000161018,,8.61726e-05,4.08193e-05,0.000161018,
Smooth_poly,DCT+Bessel+IDCT; on padded grid    ,448,0.656,1.63304e+08,6.12356,8, 0.000133956,,7.41109e-05,3.63764e-05,0.000133956,
Smooth_poly,DCT+Bessel+IDCT; on padded grid    ,452,1.585,3.90361e+08,2.56173,8, 9.44674e-05,,5.97987e-05,3.73246e-05,9.44674e-05,
Smooth_poly,DCT+Bessel+IDCT; on padded grid    ,456,1.141,2.06904e+08,4.83316,8, 0.000133193,,5.94921e-05,4.04163e-05,0.000133193,
Smooth_poly,DCT+Bessel+IDCT; on padded grid    ,460,1.006,2.08187e+08,4.80338,8, 0.000152731,,7.29866e-05,4.33189e-05,0.000152731,
Smooth_poly,DCT+Bessel+IDCT; on padded grid    ,464,0.989,2.27762e+08,4.39054,8, 0.000141339,,8.25599e-05,4.59644e-05,0.000141339,
Smooth_poly,DCT+Bessel+IDCT; on padded grid    ,468,0.838,1.86303e+08,5.36759,8, 0.0001021,,8.64813e-05,4.82886e-05,0.0001021,
Smooth_poly,DCT+Bessel+IDCT; on padded grid    ,472,1.382,3.01724e+08,3.31429,8, 0.000110761,,8.453e-05,5.02326e-05,0.000110761,
Smooth_poly,DCT+Bessel+IDCT; on padded grid    ,476,0.915,2.15482e+08,4.64077,8, 0.000139175,,7.74697e-05,5.17438e-05,0.000139175,
Smooth_poly,DCT+Bessel+IDCT; on padded grid    ,480,0.894,1.88e+08,5.31914,8, 0.000142163,,6.66818e-05,5.2778e-05,0.000142163,
Smooth_poly,DCT+Bessel+IDCT; on padded grid    ,484,0.923,1.7973e+08,5.5639,8, 0.000115178,,5.38545e-05,5.32998e-05,0.000115178,
Smooth_poly,DCT+Bessel+IDCT; on padded grid    ,488,1.275,3.20619e+08,3.11897,8, 8.85311e-05,,5.37197e-05,5.32849e-05,8.85311e-05,
Smooth_poly,DCT+Bessel+IDCT; on padded grid    ,492,1.246,2.76882e+08,3.61164,8, 0.000121998,,6.59259e-05,5.27204e-05,0.000121998,
Smooth_poly,DCT+Bessel+IDCT; on padded grid    ,496,1.126,2.47749e+08,4.03635,8, 0.000136853,,7.46089e-05,5.16067e-05,0.000136853,
Smooth_poly,DCT+Bessel+IDCT; on padded grid    ,500,0.81,2.01267e+08,4.96852,8, 0.000123572,,7.81969e-05,4.99581e-05,0.000123572,
Smooth_poly,DCT+Bessel+IDCT; on padded grid    ,504,0.898,1.99721e+08,5.00699,8, 8.69244e-05,,7.64801e-05,4.78048e-05,8.69244e-05,
Smooth_poly,DCT+Bessel+IDCT; on padded grid    ,508,1.627,5.26474e+08,1.89943,8, 0.000102888,,7.01391e-05,4.51937e-05,0.000102888,
Smooth_poly,DCT+Bessel+IDCT; on padded grid    ,512,0.954,2.19805e+08,4.54948,8, 0.000126463,,6.0416e-05,4.21905e-05,0.000126463,
Smooth_poly,DCT+Bessel+IDCT; on padded grid    ,516,1.388,2.93833e+08,3.40329,8, 0.000126239,,4.88339e-05,3.88825e-05,0.000126239,
