function_name, calculator,N,init_time, calc_time, calc_hz, bytes, max_error, blank_column, err1, err2, err3, Blank
Nonsmooth_abs,chebyshev interp; CPU Dense Matrix ,8,0.004,73986,13516.1,8, 0.308265,,0.264078,0.308265,0.202859,
Nonsmooth_abs,chebyshev interp; CPU Dense Matrix ,12,0.007,260547,3838.08,8, 0.103286,,0.103286,0.0704911,0.078577,
Nonsmooth_abs,chebyshev interp; CPU Dense Matrix ,16,0.022,926217,1079.66,8, 0.0485327,,0.0480596,0.0485327,0.0432774,
Nonsmooth_abs,chebyshev interp; CPU Dense Matrix ,20,0.018,2.47694e+06,403.725,8, 0.0400344,,0.0400344,0.0283495,0.0319161,
Nonsmooth_abs,chebyshev interp; CPU Dense Matrix ,24,0.022,4.66454e+06,214.384,8, 0.0324602,,0.0324602,0.0216131,0.0213836,
Nonsmooth_abs,chebyshev interp; CPU Dense Matrix ,28,0.049,6.92298e+06,144.446,8, 0.0252943,,0.0252943,0.0182947,0.0191588,
Nonsmooth_abs,chebyshev interp; CPU Dense Matrix ,32,0.076,2.00046e+07,49.9884,8, 0.0190066,,0.0190066,0.0133576,0.0130898,
Nonsmooth_abs,chebyshev interp; CPU Dense Matrix ,36,0.224,2.81948e+07,35.4676,8, 0.0140152,,0.0140152,0.0112443,0.012894,
Nonsmooth_abs,chebyshev interp; CPU Dense Matrix ,40,0.217,4.78725e+07,20.8888,8, 0.0100371,,0.00991743,0.0100371,0.00912901,
Nonsmooth_abs,chebyshev interp; CPU Dense Matrix ,44,0.232,4.30622e+07,23.2222,8, 0.00949172,,0.0067632,0.00765797,0.00949172,
Nonsmooth_abs,chebyshev interp; CPU Dense Matrix ,48,0.32,9.27837e+07,10.7778,8, 0.00738808,,0.00622666,0.00738808,0.00676292,
Nonsmooth_abs,chebyshev interp; CPU Dense Matrix ,52,0.599,1.0062e+08,9.93836,8, 0.00739539,,0.00555245,0.00672248,0.00739539,
Nonsmooth_abs,chebyshev interp; CPU Dense Matrix ,56,0.78,1.70463e+08,5.86637,8, 0.00525505,,0.00491907,0.00510247,0.00525505,
Nonsmooth_abs,chebyshev interp; CPU Dense Matrix ,60,0.9,1.56306e+08,6.3977,8, 0.0059186,,0.00493645,0.0053092,0.0059186,
Nonsmooth_abs,chebyshev interp; CPU Dense Matrix ,64,1.098,3.12928e+08,3.19563,8, 0.00485685,,0.00471778,0.00485685,0.00440219,
Nonsmooth_abs,chebyshev interp; CPU Dense Matrix ,68,1.12,2.5937e+08,3.85549,8, 0.00491179,,0.00433708,0.00368034,0.00491179,
Nonsmooth_abs,chebyshev interp; CPU Dense Matrix ,72,1.39,4.9741e+08,2.01041,8, 0.00404364,,0.00379134,0.00404364,0.00373066,
Nonsmooth_abs,chebyshev interp; CPU Dense Matrix ,76,1.693,5.50268e+08,1.8173,8, 0.00413285,,0.00315929,0.00368244,0.00413285,
Nonsmooth_abs,chebyshev interp; CPU Dense Matrix ,80,2.171,7.82611e+08,1.27777,8, 0.00326363,,0.00252235,0.00287509,0.00326363,
Nonsmooth_abs,chebyshev interp; CPU Dense Matrix ,84,2.626,7.20147e+08,1.38861,8, 0.00354722,,0.00260688,0.00323046,0.00354722,
Nonsmooth_abs,chebyshev interp; CPU Dense Matrix ,88,3.417,1.12699e+09,0.88732,8, 0.0029251,,0.00273219,0.0029251,0.00286749,
Nonsmooth_abs,chebyshev interp; CPU Dense Matrix ,92,3.475,9.53212e+08,1.04908,8, 0.00308486,,0.00269207,0.00237747,0.00308486,
Nonsmooth_abs,chebyshev interp; CPU Dense Matrix ,96,3.935,1.58996e+09,0.628947,8, 0.00263826,,0.00251075,0.00263826,0.0025615,
Nonsmooth_abs,chebyshev interp; CPU Dense Matrix ,100,4.333,1.31268e+09,0.761799,8, 0.0027082,,0.00222693,0.00239273,0.0027082,
Nonsmooth_abs,chebyshev interp; CPU Dense Matrix ,104,5.129,2.16543e+09,0.461801,8, 0.00230278,,0.00190556,0.0020289,0.00230278,
Nonsmooth_abs,chebyshev interp; CPU Dense Matrix ,108,5.863,1.78386e+09,0.560583,8, 0.00240043,,0.0017436,0.00223689,0.00240043,
Nonsmooth_abs,chebyshev interp; CPU Dense Matrix ,112,6.887,2.91205e+09,0.3434,8, 0.00209431,,0.0017415,0.00200195,0.00209431,
Nonsmooth_abs,chebyshev interp; CPU Dense Matrix ,116,7.484,2.40068e+09,0.416548,8, 0.00214979,,0.00165763,0.00175794,0.00214979,
Nonsmooth_abs,chebyshev interp; CPU Dense Matrix ,120,8.609,3.76846e+09,0.26536,8, 0.00191177,,0.0015097,0.00191177,0.00190703,
Nonsmooth_abs,chebyshev interp; CPU Dense Matrix ,124,10.219,3.3751e+09,0.296288,8, 0.00192581,,0.00131964,0.00167326,0.00192581,
Finished a list. std::bad_alloc
