function_name, calculator,N,init-time, calc-time, calc-hz, bytes, max-error, blank-column, err1, err2, err3, Blank
Nonsmooth_sqrt,GPU-bicubic-sparse,8,2.435,9.49773e+07,10.5288,4, 0.0117388,,0.0117388,0.00783485,0.00515224,
Nonsmooth_sqrt,GPU-bicubic-sparse,12,0.009,354051,2824.45,4, 0.0107602,,0.0107602,0.00572884,0.00450423,
Nonsmooth_sqrt,GPU-bicubic-sparse,16,0.022,726380,1376.69,4, 0.0635522,,0.00894271,0.00514208,0.0635522,
Nonsmooth_sqrt,GPU-bicubic-sparse,20,0.053,1.24342e+06,804.235,4, 0.0385437,,0.0109748,0.0097321,0.0385437,
Nonsmooth_sqrt,GPU-bicubic-sparse,24,0.101,1.99139e+06,502.162,4, 0.315533,,0.0108146,0.0826021,0.315533,
Nonsmooth_sqrt,GPU-bicubic-sparse,28,0.157,2.81794e+06,354.869,4, 0.836313,,0.0160515,0.0826475,0.836313,
Nonsmooth_sqrt,GPU-bicubic-sparse,32,0.258,3.88598e+06,257.335,4, 1.40788,,0.0353478,0.114605,1.40788,
Nonsmooth_sqrt,GPU-bicubic-sparse,36,0.374,5.31532e+06,188.135,4, 5.31171,,0.088029,0.62019,5.31171,
Nonsmooth_sqrt,GPU-bicubic-sparse,40,0.565,7.02452e+06,142.358,4, 2.52851,,0.172402,0.250381,2.52851,
Nonsmooth_sqrt,GPU-bicubic-sparse,44,0.652,8.89469e+06,112.427,4, 9.20911,,0.284046,1.70334,9.20911,
Nonsmooth_sqrt,GPU-bicubic-sparse,48,0.862,1.12698e+07,88.7331,4, 30.0705,,0.366337,1.88969,30.0705,
Nonsmooth_sqrt,GPU-bicubic-sparse,52,1.09,1.62348e+07,61.5963,4, 15.8967,,0.471452,3.10691,15.8967,
Nonsmooth_sqrt,GPU-bicubic-sparse,56,1.465,2.00861e+07,49.7858,4, 75.8494,,1.0323,6.286,75.8494,
Nonsmooth_sqrt,GPU-bicubic-sparse,60,1.804,2.34948e+07,42.5626,4, 52.0492,,0.797865,2.63868,52.0492,
Nonsmooth_sqrt,GPU-bicubic-sparse,64,2.201,2.81206e+07,35.5611,4, 138.056,,0.97002,14.8472,138.056,
Nonsmooth_sqrt,GPU-bicubic-sparse,68,2.737,3.49592e+07,28.6048,4, 146.071,,2.13348,21.7323,146.071,
Nonsmooth_sqrt,GPU-bicubic-sparse,72,3.324,4.07394e+07,24.5463,4, 166.429,,2.09069,14.5527,166.429,
Nonsmooth_sqrt,GPU-bicubic-sparse,76,3.82,4.70688e+07,21.2455,4, 299.018,,2.52259,46.9582,299.018,
Nonsmooth_sqrt,GPU-bicubic-sparse,80,4.596,5.44381e+07,18.3695,4, 215.072,,3.00813,21.0244,215.072,
Nonsmooth_sqrt,GPU-bicubic-sparse,84,5.384,6.55395e+07,15.258,4, 424.349,,6.37175,59.9946,424.349,
Nonsmooth_sqrt,GPU-bicubic-sparse,88,6.229,7.33629e+07,13.6309,4, 700.747,,6.35322,80.8094,700.747,
Nonsmooth_sqrt,GPU-bicubic-sparse,92,6.954,8.25527e+07,12.1135,4, 424.685,,8.01407,59.908,424.685,
Nonsmooth_sqrt,GPU-bicubic-sparse,96,8.004,9.33399e+07,10.7135,4, 2401.1,,9.40541,176.335,2401.1,
Nonsmooth_sqrt,GPU-bicubic-sparse,100,9.115,1.05867e+08,9.44582,4, 521.26,,227.921,54.1459,521.26,
Nonsmooth_sqrt,GPU-bicubic-sparse,104,10.394,1.19391e+08,8.37586,4, 1388.09,,59.8678,194.607,1388.09,
Nonsmooth_sqrt,GPU-bicubic-sparse,108,11.486,1.3078e+08,7.64645,4, 2067.58,,109.14,241.138,2067.58,
Nonsmooth_sqrt,GPU-bicubic-sparse,112,13.007,1.50592e+08,6.64046,4, 1804.21,,83.1054,138.384,1804.21,
Nonsmooth_sqrt,GPU-bicubic-sparse,116,13.915,1.67859e+08,5.9574,4, 4691.68,,53.2405,302.203,4691.68,
Nonsmooth_sqrt,GPU-bicubic-sparse,120,15.73,1.87214e+08,5.34147,4, 2065.61,,292.743,266.848,2065.61,
Nonsmooth_sqrt,GPU-bicubic-sparse,124,17.098,1.94415e+08,5.14362,4, 6174.64,,157.903,549.196,6174.64,
Nonsmooth_sqrt,GPU-bicubic-sparse,128,18.816,2.10889e+08,4.74183,4, 7685.21,,222.581,558.364,7685.21,
Nonsmooth_sqrt,GPU-bicubic-sparse,132,21.011,2.35323e+08,4.24947,4, 3803.42,,345.681,342.557,3803.42,
Nonsmooth_sqrt,GPU-bicubic-sparse,136,23.358,2.61559e+08,3.82323,4, 9281.02,,174.504,1335.6,9281.02,
Nonsmooth_sqrt,GPU-bicubic-sparse,140,25.356,2.92123e+08,3.42322,4, 3715.9,,940.934,808.184,3715.9,
Nonsmooth_sqrt,GPU-bicubic-sparse,144,27.841,3.02989e+08,3.30045,4, 2471.97,,668.9,940.754,2471.97,
Nonsmooth_sqrt,GPU-bicubic-sparse,148,30.05,3.30162e+08,3.02881,4, 3666.74,,1044.54,638.396,3666.74,
Nonsmooth_sqrt,GPU-bicubic-sparse,152,32.083,3.5798e+08,2.79345,4, 7994.91,,1628.05,1260.15,7994.91,
Nonsmooth_sqrt,GPU-bicubic-sparse,156,32.39,3.83642e+08,2.60659,4, 4963.26,,589.25,793.72,4963.26,
Nonsmooth_sqrt,GPU-bicubic-sparse,160,33.762,4.12866e+08,2.4221,4, 9988.32,,269.905,1010.77,9988.32,
Nonsmooth_sqrt,GPU-bicubic-sparse,164,38.834,4.5087e+08,2.21793,4, 19500,,1100.18,2324.65,19500,
Nonsmooth_sqrt,GPU-bicubic-sparse,168,40.398,4.86323e+08,2.05625,4, 32657.2,,671.194,2797.35,32657.2,
Nonsmooth_sqrt,GPU-bicubic-sparse,172,44.18,5.16565e+08,1.93586,4, 13956,,242.545,1587.79,13956,
Nonsmooth_sqrt,GPU-bicubic-sparse,176,47.55,5.55367e+08,1.80061,4, 57506.7,,415.95,5279.93,57506.7,
Nonsmooth_sqrt,GPU-bicubic-sparse,180,48.98,1.1177e+09,0.894696,4, 38236.7,,453.215,1856.62,38236.7,
Nonsmooth_sqrt,GPU-bicubic-sparse,184,53.861,6.2702e+08,1.59485,4, 51233.1,,545.87,5591.97,51233.1,
Nonsmooth_sqrt,GPU-bicubic-sparse,188,57.936,6.64724e+08,1.50438,4, 45212.5,,710.191,4394.45,45212.5,
Nonsmooth_sqrt,GPU-bicubic-sparse,192,62.189,7.17153e+08,1.3944,4, 25591.9,,2381.84,3456.46,25591.9,
Nonsmooth_sqrt,GPU-bicubic-sparse,196,67.017,1.45359e+09,0.68795,4, 82691,,693.344,8739.14,82691,
Nonsmooth_sqrt,GPU-bicubic-sparse,200,70.206,1.54723e+09,0.646317,4, 40992.3,,1060.97,4616.05,40992.3,
Nonsmooth_sqrt,GPU-bicubic-sparse,204,75.446,1.63097e+09,0.613133,4, 101688,,921.427,10448.8,101688,
Nonsmooth_sqrt,GPU-bicubic-sparse,208,80.26,9.08691e+08,1.10048,4, 104290,,1222.83,6841.58,104290,
Nonsmooth_sqrt,GPU-bicubic-sparse,212,85.27,9.65005e+08,1.03626,4, 9508.97,,692.263,1493.54,9508.97,
Nonsmooth_sqrt,GPU-bicubic-sparse,216,90.843,1.55023e+09,0.645067,4, 189387,,1910.68,18445.1,189387,
Nonsmooth_sqrt,GPU-bicubic-sparse,220,96.253,1.07269e+09,0.932237,4, 67960.6,,522.311,7121.2,67960.6,
Nonsmooth_sqrt,GPU-bicubic-sparse,224,101.799,2.16064e+09,0.462826,4, 116183,,1058.45,17967.8,116183,
Nonsmooth_sqrt,GPU-bicubic-sparse,228,112.316,1.22607e+09,0.815612,4, 35833.6,,750.99,10128.4,35833.6,
Nonsmooth_sqrt,GPU-bicubic-sparse,232,117.117,1.29011e+09,0.775129,4, 78659.6,,1151.2,12151.6,78659.6,
